-----------start-----------
[start_pgdemote_kswapd]:[3066926]
[start_pgdemote_direct]:[0]
[start_pgdemote_file]:[155492]
[start_pgdemote_anon]:[2911434]
[start_pgpromote_candidate]:[121]
[start_pgpromote_candidate_demoted]:[121]
[start_pgpromote_candidate_anon]:[53]
[start_pgpromote_candidate_file]:[68]
[start_pgpromote_tried]:[0]
[start_pgpromote_file]:[0]
[start_pgpromote_anon]:[0]
[start_pgmigrate_success]:[3066926]
[start_pgmigrate_fail]:[31]
[start_pgmigrate_fail_dst_node_full]:[0]
[start_pgmigrate_fail_numa_isolate]:[0]
[start_pgmigrate_fail_nomem]:[0]
[start_pgmigrate_fail_refcount]:[50]
[start_success_nr]:[43]
[start_retry_nr]:[50]
[start_retreated_page_nr]:[5]
[start_try_to_promote_nr]:[48]
[start_task_num]:[0]
[start_write_protect_break_num]:[21]
[start_shadow_link_num]:[43]
[start_shadow_demote_num]:[0]
[start_batch_free_num]:[0]
[start_transactional_migration_success_num]:[43]
[start_transactional_migration_fail_num]:[50]
[start_shadow_page_pair]:[11]
[end_pgdemote_kswapd]:[3625173]
[end_pgdemote_direct]:[0]
[end_pgdemote_file]:[155492]
[end_pgdemote_anon]:[3469681]
[end_pgpromote_candidate]:[1183]
[end_pgpromote_candidate_demoted]:[1183]
[end_pgpromote_candidate_anon]:[1114]
[end_pgpromote_candidate_file]:[69]
[end_pgpromote_tried]:[0]
[end_pgpromote_file]:[0]
[end_pgpromote_anon]:[0]
[end_pgmigrate_success]:[3625173]
[end_pgmigrate_fail]:[31]
[end_pgmigrate_fail_dst_node_full]:[0]
[end_pgmigrate_fail_numa_isolate]:[0]
[end_pgmigrate_fail_nomem]:[0]
[end_pgmigrate_fail_refcount]:[80]
[end_success_nr]:[1098]
[end_retry_nr]:[81]
[end_retreated_page_nr]:[8]
[end_try_to_promote_nr]:[1106]
[end_task_num]:[0]
[end_write_protect_break_num]:[302]
[end_shadow_link_num]:[1098]
[end_shadow_demote_num]:[0]
[end_batch_free_num]:[0]
[end_transactional_migration_success_num]:[1099]
[end_transactional_migration_fail_num]:[80]
[end_shadow_page_pair]:[744]
[note]:[0]
[milliseconds]:[13639]
[total tick]:[35463735140]
[work type]:[0]
[Bandwidth(MB/s)]:[8592.088863]
---------------------------
-----------start-----------
[start_pgdemote_kswapd]:[3625173]
[start_pgdemote_direct]:[0]
[start_pgdemote_file]:[155492]
[start_pgdemote_anon]:[3469681]
[start_pgpromote_candidate]:[1183]
[start_pgpromote_candidate_demoted]:[1183]
[start_pgpromote_candidate_anon]:[1114]
[start_pgpromote_candidate_file]:[69]
[start_pgpromote_tried]:[0]
[start_pgpromote_file]:[0]
[start_pgpromote_anon]:[0]
[start_pgmigrate_success]:[3625173]
[start_pgmigrate_fail]:[31]
[start_pgmigrate_fail_dst_node_full]:[0]
[start_pgmigrate_fail_numa_isolate]:[0]
[start_pgmigrate_fail_nomem]:[0]
[start_pgmigrate_fail_refcount]:[80]
[start_success_nr]:[1098]
[start_retry_nr]:[81]
[start_retreated_page_nr]:[8]
[start_try_to_promote_nr]:[1106]
[start_task_num]:[0]
[start_write_protect_break_num]:[304]
[start_shadow_link_num]:[1098]
[start_shadow_demote_num]:[0]
[start_batch_free_num]:[0]
[start_transactional_migration_success_num]:[1099]
[start_transactional_migration_fail_num]:[80]
[start_shadow_page_pair]:[742]
[end_pgdemote_kswapd]:[4818650]
[end_pgdemote_direct]:[0]
[end_pgdemote_file]:[168447]
[end_pgdemote_anon]:[4650203]
[end_pgpromote_candidate]:[972611]
[end_pgpromote_candidate_demoted]:[116836]
[end_pgpromote_candidate_anon]:[972385]
[end_pgpromote_candidate_file]:[226]
[end_pgpromote_tried]:[0]
[end_pgpromote_file]:[0]
[end_pgpromote_anon]:[0]
[end_pgmigrate_success]:[4849370]
[end_pgmigrate_fail]:[33]
[end_pgmigrate_fail_dst_node_full]:[0]
[end_pgmigrate_fail_numa_isolate]:[0]
[end_pgmigrate_fail_nomem]:[0]
[end_pgmigrate_fail_refcount]:[1725]
[end_success_nr]:[971872]
[end_retry_nr]:[4731]
[end_retreated_page_nr]:[229]
[end_try_to_promote_nr]:[972101]
[end_task_num]:[0]
[end_write_protect_break_num]:[704291]
[end_shadow_link_num]:[971872]
[end_shadow_demote_num]:[7180]
[end_batch_free_num]:[0]
[end_transactional_migration_success_num]:[971873]
[end_transactional_migration_fail_num]:[1725]
[end_shadow_page_pair]:[260276]
[note]:[1]
[milliseconds]:[34535]
[total tick]:[89784710496]
[work type]:[0]
[Bandwidth(MB/s)]:[3393.296656]
---------------------------
-----------start-----------
[start_pgdemote_kswapd]:[4818650]
[start_pgdemote_direct]:[0]
[start_pgdemote_file]:[168447]
[start_pgdemote_anon]:[4650203]
[start_pgpromote_candidate]:[972671]
[start_pgpromote_candidate_demoted]:[116894]
[start_pgpromote_candidate_anon]:[972430]
[start_pgpromote_candidate_file]:[241]
[start_pgpromote_tried]:[0]
[start_pgpromote_file]:[0]
[start_pgpromote_anon]:[0]
[start_pgmigrate_success]:[4849370]
[start_pgmigrate_fail]:[33]
[start_pgmigrate_fail_dst_node_full]:[0]
[start_pgmigrate_fail_numa_isolate]:[0]
[start_pgmigrate_fail_nomem]:[0]
[start_pgmigrate_fail_refcount]:[1785]
[start_success_nr]:[971911]
[start_retry_nr]:[4791]
[start_retreated_page_nr]:[235]
[start_try_to_promote_nr]:[972146]
[start_task_num]:[0]
[start_write_protect_break_num]:[704316]
[start_shadow_link_num]:[971909]
[start_shadow_demote_num]:[7180]
[start_batch_free_num]:[0]
[start_transactional_migration_success_num]:[971910]
[start_transactional_migration_fail_num]:[1775]
[start_shadow_page_pair]:[260282]
[end_pgdemote_kswapd]:[6060645]
[end_pgdemote_direct]:[0]
[end_pgdemote_file]:[174092]
[end_pgdemote_anon]:[5886553]
[end_pgpromote_candidate]:[2116485]
[end_pgpromote_candidate_demoted]:[1121466]
[end_pgpromote_candidate_anon]:[2116089]
[end_pgpromote_candidate_file]:[396]
[end_pgpromote_tried]:[0]
[end_pgpromote_file]:[0]
[end_pgpromote_anon]:[0]
[end_pgmigrate_success]:[6860475]
[end_pgmigrate_fail]:[13920]
[end_pgmigrate_fail_dst_node_full]:[13824]
[end_pgmigrate_fail_numa_isolate]:[13824]
[end_pgmigrate_fail_nomem]:[24]
[end_pgmigrate_fail_refcount]:[3947]
[end_success_nr]:[2113587]
[end_retry_nr]:[11187]
[end_retreated_page_nr]:[566]
[end_try_to_promote_nr]:[2114279]
[end_task_num]:[0]
[end_write_protect_break_num]:[1626759]
[end_shadow_link_num]:[2113585]
[end_shadow_demote_num]:[155925]
[end_batch_free_num]:[0]
[end_transactional_migration_success_num]:[2113588]
[end_transactional_migration_fail_num]:[3937]
[end_shadow_page_pair]:[330543]
[note]:[2]
[milliseconds]:[39867]
[total tick]:[103651179746]
[work type]:[0]
[Bandwidth(MB/s)]:[2939.461209]
---------------------------
-----------start-----------
[start_pgdemote_kswapd]:[6404326]
[start_pgdemote_direct]:[0]
[start_pgdemote_file]:[174092]
[start_pgdemote_anon]:[6230234]
[start_pgpromote_candidate]:[2116566]
[start_pgpromote_candidate_demoted]:[1121544]
[start_pgpromote_candidate_anon]:[2116128]
[start_pgpromote_candidate_file]:[438]
[start_pgpromote_tried]:[0]
[start_pgpromote_file]:[0]
[start_pgpromote_anon]:[0]
[start_pgmigrate_success]:[7204156]
[start_pgmigrate_fail]:[13920]
[start_pgmigrate_fail_dst_node_full]:[13824]
[start_pgmigrate_fail_numa_isolate]:[13824]
[start_pgmigrate_fail_nomem]:[24]
[start_pgmigrate_fail_refcount]:[3987]
[start_success_nr]:[2113618]
[start_retry_nr]:[11227]
[start_retreated_page_nr]:[570]
[start_try_to_promote_nr]:[2114314]
[start_task_num]:[0]
[start_write_protect_break_num]:[1626765]
[start_shadow_link_num]:[2113615]
[start_shadow_demote_num]:[163509]
[start_batch_free_num]:[0]
[start_transactional_migration_success_num]:[2113618]
[start_transactional_migration_fail_num]:[3967]
[start_shadow_page_pair]:[322968]
[end_pgdemote_kswapd]:[8088081]
[end_pgdemote_direct]:[0]
[end_pgdemote_file]:[174092]
[end_pgdemote_anon]:[7913989]
[end_pgpromote_candidate]:[3269631]
[end_pgpromote_candidate_demoted]:[2269658]
[end_pgpromote_candidate_anon]:[3269140]
[end_pgpromote_candidate_file]:[491]
[end_pgpromote_tried]:[0]
[end_pgpromote_file]:[0]
[end_pgpromote_anon]:[0]
[end_pgmigrate_success]:[9524839]
[end_pgmigrate_fail]:[13920]
[end_pgmigrate_fail_dst_node_full]:[13824]
[end_pgmigrate_fail_numa_isolate]:[13824]
[end_pgmigrate_fail_nomem]:[24]
[end_pgmigrate_fail_refcount]:[5950]
[end_success_nr]:[3265090]
[end_retry_nr]:[17015]
[end_retreated_page_nr]:[865]
[end_try_to_promote_nr]:[3266081]
[end_task_num]:[0]
[end_write_protect_break_num]:[2517328]
[end_shadow_link_num]:[3265087]
[end_shadow_demote_num]:[412229]
[end_batch_free_num]:[0]
[end_transactional_migration_success_num]:[3265090]
[end_transactional_migration_fail_num]:[5930]
[end_shadow_page_pair]:[335061]
[note]:[3]
[milliseconds]:[40795]
[total tick]:[106064712604]
[work type]:[0]
[Bandwidth(MB/s)]:[2872.594681]
---------------------------
-----------start-----------
[start_pgdemote_kswapd]:[8088249]
[start_pgdemote_direct]:[0]
[start_pgdemote_file]:[174092]
[start_pgdemote_anon]:[7914157]
[start_pgpromote_candidate]:[3269906]
[start_pgpromote_candidate_demoted]:[2269900]
[start_pgpromote_candidate_anon]:[3269263]
[start_pgpromote_candidate_file]:[643]
[start_pgpromote_tried]:[0]
[start_pgpromote_file]:[0]
[start_pgpromote_anon]:[0]
[start_pgmigrate_success]:[9525007]
[start_pgmigrate_fail]:[13920]
[start_pgmigrate_fail_dst_node_full]:[13824]
[start_pgmigrate_fail_numa_isolate]:[13824]
[start_pgmigrate_fail_nomem]:[24]
[start_pgmigrate_fail_refcount]:[6040]
[start_success_nr]:[3265201]
[start_retry_nr]:[17106]
[start_retreated_page_nr]:[874]
[start_try_to_promote_nr]:[3266201]
[start_task_num]:[0]
[start_write_protect_break_num]:[2517345]
[start_shadow_link_num]:[3265198]
[start_shadow_demote_num]:[412253]
[start_batch_free_num]:[0]
[start_transactional_migration_success_num]:[3265202]
[start_transactional_migration_fail_num]:[6010]
[start_shadow_page_pair]:[335092]
[end_pgdemote_kswapd]:[9901826]
[end_pgdemote_direct]:[0]
[end_pgdemote_file]:[174093]
[end_pgdemote_anon]:[9727733]
[end_pgpromote_candidate]:[4363427]
[end_pgpromote_candidate_demoted]:[3363143]
[end_pgpromote_candidate_anon]:[4362764]
[end_pgpromote_candidate_file]:[663]
[end_pgpromote_tried]:[0]
[end_pgpromote_file]:[0]
[end_pgpromote_anon]:[0]
[end_pgmigrate_success]:[12077912]
[end_pgmigrate_fail]:[78944]
[end_pgmigrate_fail_dst_node_full]:[13824]
[end_pgmigrate_fail_numa_isolate]:[13824]
[end_pgmigrate_fail_nomem]:[65048]
[end_pgmigrate_fail_refcount]:[7000]
[end_success_nr]:[4356928]
[end_retry_nr]:[21148]
[end_retreated_page_nr]:[1081]
[end_try_to_promote_nr]:[4358135]
[end_task_num]:[0]
[end_write_protect_break_num]:[3480935]
[end_shadow_link_num]:[4356925]
[end_shadow_demote_num]:[584279]
[end_batch_free_num]:[0]
[end_transactional_migration_success_num]:[4356929]
[end_transactional_migration_fail_num]:[6970]
[end_shadow_page_pair]:[291131]
[note]:[4]
[milliseconds]:[43462]
[total tick]:[113003766760]
[work type]:[0]
[Bandwidth(MB/s)]:[2696.320924]
---------------------------
