-----------start-----------
[start_pgdemote_kswapd]:[3013768]
[start_pgdemote_direct]:[0]
[start_pgdemote_file]:[141438]
[start_pgdemote_anon]:[2872330]
[start_pgpromote_candidate]:[144]
[start_pgpromote_candidate_demoted]:[144]
[start_pgpromote_candidate_anon]:[91]
[start_pgpromote_candidate_file]:[53]
[start_pgpromote_tried]:[0]
[start_pgpromote_file]:[0]
[start_pgpromote_anon]:[0]
[start_pgmigrate_success]:[3013768]
[start_pgmigrate_fail]:[31]
[start_pgmigrate_fail_dst_node_full]:[0]
[start_pgmigrate_fail_numa_isolate]:[0]
[start_pgmigrate_fail_nomem]:[0]
[start_pgmigrate_fail_refcount]:[86]
[start_success_nr]:[72]
[start_retry_nr]:[86]
[start_retreated_page_nr]:[5]
[start_try_to_promote_nr]:[77]
[start_task_num]:[0]
[start_write_protect_break_num]:[13]
[start_shadow_link_num]:[72]
[start_shadow_demote_num]:[0]
[start_batch_free_num]:[0]
[start_transactional_migration_success_num]:[72]
[start_transactional_migration_fail_num]:[86]
[start_shadow_page_pair]:[56]
[end_pgdemote_kswapd]:[6459777]
[end_pgdemote_direct]:[0]
[end_pgdemote_file]:[163341]
[end_pgdemote_anon]:[6296436]
[end_pgpromote_candidate]:[7025]
[end_pgpromote_candidate_demoted]:[7021]
[end_pgpromote_candidate_anon]:[6932]
[end_pgpromote_candidate_file]:[93]
[end_pgpromote_tried]:[0]
[end_pgpromote_file]:[0]
[end_pgpromote_anon]:[0]
[end_pgmigrate_success]:[9636225]
[end_pgmigrate_fail]:[18528]
[end_pgmigrate_fail_dst_node_full]:[18432]
[end_pgmigrate_fail_numa_isolate]:[18432]
[end_pgmigrate_fail_nomem]:[0]
[end_pgmigrate_fail_refcount]:[217]
[end_success_nr]:[667]
[end_retry_nr]:[218]
[end_retreated_page_nr]:[18]
[end_try_to_promote_nr]:[685]
[end_task_num]:[0]
[end_write_protect_break_num]:[188]
[end_shadow_link_num]:[652]
[end_shadow_demote_num]:[210]
[end_batch_free_num]:[0]
[end_transactional_migration_success_num]:[653]
[end_transactional_migration_fail_num]:[217]
[end_shadow_page_pair]:[196]
[note]:[0]
[milliseconds]:[17715]
[total tick]:[45777341309]
[work type]:[0]
[Bandwidth(MB/s)]:[6615.156647]
---------------------------
-----------start-----------
[start_pgdemote_kswapd]:[6689667]
[start_pgdemote_direct]:[0]
[start_pgdemote_file]:[163341]
[start_pgdemote_anon]:[6526326]
[start_pgpromote_candidate]:[7309]
[start_pgpromote_candidate_demoted]:[7298]
[start_pgpromote_candidate_anon]:[7128]
[start_pgpromote_candidate_file]:[181]
[start_pgpromote_tried]:[0]
[start_pgpromote_file]:[0]
[start_pgpromote_anon]:[0]
[start_pgmigrate_success]:[9866115]
[start_pgmigrate_fail]:[18528]
[start_pgmigrate_fail_dst_node_full]:[18432]
[start_pgmigrate_fail_numa_isolate]:[18432]
[start_pgmigrate_fail_nomem]:[0]
[start_pgmigrate_fail_refcount]:[488]
[start_success_nr]:[838]
[start_retry_nr]:[490]
[start_retreated_page_nr]:[43]
[start_try_to_promote_nr]:[881]
[start_task_num]:[0]
[start_write_protect_break_num]:[225]
[start_shadow_link_num]:[821]
[start_shadow_demote_num]:[210]
[start_batch_free_num]:[0]
[start_transactional_migration_success_num]:[823]
[start_transactional_migration_fail_num]:[478]
[start_shadow_page_pair]:[304]
[end_pgdemote_kswapd]:[11391755]
[end_pgdemote_direct]:[0]
[end_pgdemote_file]:[163374]
[end_pgdemote_anon]:[11228381]
[end_pgpromote_candidate]:[1954040]
[end_pgpromote_candidate_demoted]:[1104455]
[end_pgpromote_candidate_anon]:[1953721]
[end_pgpromote_candidate_file]:[319]
[end_pgpromote_tried]:[0]
[end_pgpromote_file]:[0]
[end_pgpromote_anon]:[0]
[end_pgmigrate_success]:[16848139]
[end_pgmigrate_fail]:[18534]
[end_pgmigrate_fail_dst_node_full]:[18432]
[end_pgmigrate_fail_numa_isolate]:[18432]
[end_pgmigrate_fail_nomem]:[0]
[end_pgmigrate_fail_refcount]:[1320]
[end_success_nr]:[1942308]
[end_retry_nr]:[10314]
[end_retreated_page_nr]:[351]
[end_try_to_promote_nr]:[1942659]
[end_task_num]:[0]
[end_write_protect_break_num]:[631411]
[end_shadow_link_num]:[1942291]
[end_shadow_demote_num]:[1101514]
[end_batch_free_num]:[0]
[end_transactional_migration_success_num]:[1942294]
[end_transactional_migration_fail_num]:[1246]
[end_shadow_page_pair]:[209155]
[note]:[1]
[milliseconds]:[54843]
[total tick]:[142551909198]
[work type]:[0]
[Bandwidth(MB/s)]:[2136.781358]
---------------------------
-----------start-----------
[start_pgdemote_kswapd]:[11392521]
[start_pgdemote_direct]:[0]
[start_pgdemote_file]:[163374]
[start_pgdemote_anon]:[11229147]
[start_pgpromote_candidate]:[1954228]
[start_pgpromote_candidate_demoted]:[1104618]
[start_pgpromote_candidate_anon]:[1953850]
[start_pgpromote_candidate_file]:[378]
[start_pgpromote_tried]:[0]
[start_pgpromote_file]:[0]
[start_pgpromote_anon]:[0]
[start_pgmigrate_success]:[16848905]
[start_pgmigrate_fail]:[18534]
[start_pgmigrate_fail_dst_node_full]:[18432]
[start_pgmigrate_fail_numa_isolate]:[18432]
[start_pgmigrate_fail_nomem]:[0]
[start_pgmigrate_fail_refcount]:[1416]
[start_success_nr]:[1942426]
[start_retry_nr]:[10411]
[start_retreated_page_nr]:[360]
[start_try_to_promote_nr]:[1942786]
[start_task_num]:[0]
[start_write_protect_break_num]:[631427]
[start_shadow_link_num]:[1942406]
[start_shadow_demote_num]:[1101661]
[start_batch_free_num]:[0]
[start_transactional_migration_success_num]:[1942410]
[start_transactional_migration_fail_num]:[1342]
[start_shadow_page_pair]:[209093]
[end_pgdemote_kswapd]:[14543910]
[end_pgdemote_direct]:[0]
[end_pgdemote_file]:[163375]
[end_pgdemote_anon]:[14380535]
[end_pgpromote_candidate]:[4343619]
[end_pgpromote_candidate_demoted]:[3314869]
[end_pgpromote_candidate_anon]:[4343172]
[end_pgpromote_candidate_file]:[447]
[end_pgpromote_tried]:[0]
[end_pgpromote_file]:[0]
[end_pgpromote_anon]:[0]
[end_pgmigrate_success]:[21144614]
[end_pgmigrate_fail]:[18538]
[end_pgmigrate_fail_dst_node_full]:[18432]
[end_pgmigrate_fail_numa_isolate]:[18432]
[end_pgmigrate_fail_nomem]:[0]
[end_pgmigrate_fail_refcount]:[2587]
[end_success_nr]:[4329175]
[end_retry_nr]:[19909]
[end_retreated_page_nr]:[697]
[end_try_to_promote_nr]:[4329872]
[end_task_num]:[0]
[end_write_protect_break_num]:[1960273]
[end_shadow_link_num]:[4329155]
[end_shadow_demote_num]:[2039490]
[end_batch_free_num]:[0]
[end_transactional_migration_success_num]:[4329159]
[end_transactional_migration_fail_num]:[2462]
[end_shadow_page_pair]:[329068]
[note]:[2]
[milliseconds]:[62113]
[total tick]:[161493950484]
[work type]:[0]
[Bandwidth(MB/s)]:[1886.682337]
---------------------------
-----------start-----------
[start_pgdemote_kswapd]:[14544353]
[start_pgdemote_direct]:[0]
[start_pgdemote_file]:[163375]
[start_pgdemote_anon]:[14380978]
[start_pgpromote_candidate]:[4343638]
[start_pgpromote_candidate_demoted]:[3314887]
[start_pgpromote_candidate_anon]:[4343191]
[start_pgpromote_candidate_file]:[447]
[start_pgpromote_tried]:[0]
[start_pgpromote_file]:[0]
[start_pgpromote_anon]:[0]
[start_pgmigrate_success]:[21145057]
[start_pgmigrate_fail]:[18538]
[start_pgmigrate_fail_dst_node_full]:[18432]
[start_pgmigrate_fail_numa_isolate]:[18432]
[start_pgmigrate_fail_nomem]:[0]
[start_pgmigrate_fail_refcount]:[2637]
[start_success_nr]:[4329187]
[start_retry_nr]:[19959]
[start_retreated_page_nr]:[702]
[start_try_to_promote_nr]:[4329889]
[start_task_num]:[0]
[start_write_protect_break_num]:[1960288]
[start_shadow_link_num]:[4329167]
[start_shadow_demote_num]:[2039697]
[start_batch_free_num]:[0]
[start_transactional_migration_success_num]:[4329171]
[start_transactional_migration_fail_num]:[2512]
[start_shadow_page_pair]:[328856]
[end_pgdemote_kswapd]:[17936196]
[end_pgdemote_direct]:[0]
[end_pgdemote_file]:[163375]
[end_pgdemote_anon]:[17772821]
[end_pgpromote_candidate]:[6530619]
[end_pgpromote_candidate_demoted]:[5501537]
[end_pgpromote_candidate_anon]:[6530172]
[end_pgpromote_candidate_file]:[447]
[end_pgpromote_tried]:[0]
[end_pgpromote_file]:[0]
[end_pgpromote_anon]:[0]
[end_pgmigrate_success]:[25752388]
[end_pgmigrate_fail]:[18543]
[end_pgmigrate_fail_dst_node_full]:[18432]
[end_pgmigrate_fail_numa_isolate]:[18432]
[end_pgmigrate_fail_nomem]:[0]
[end_pgmigrate_fail_refcount]:[3818]
[end_success_nr]:[6513441]
[end_retry_nr]:[28850]
[end_retreated_page_nr]:[1057]
[end_try_to_promote_nr]:[6514498]
[end_task_num]:[0]
[end_write_protect_break_num]:[3299394]
[end_shadow_link_num]:[6513419]
[end_shadow_demote_num]:[2875434]
[end_batch_free_num]:[0]
[end_transactional_migration_success_num]:[6513423]
[end_transactional_migration_fail_num]:[3643]
[end_shadow_page_pair]:[338177]
[note]:[3]
[milliseconds]:[56824]
[total tick]:[147735589224]
[work type]:[0]
[Bandwidth(MB/s)]:[2062.288822]
---------------------------
-----------start-----------
[start_pgdemote_kswapd]:[17936196]
[start_pgdemote_direct]:[0]
[start_pgdemote_file]:[163375]
[start_pgdemote_anon]:[17772821]
[start_pgpromote_candidate]:[6530639]
[start_pgpromote_candidate_demoted]:[5501552]
[start_pgpromote_candidate_anon]:[6530191]
[start_pgpromote_candidate_file]:[448]
[start_pgpromote_tried]:[0]
[start_pgpromote_file]:[0]
[start_pgpromote_anon]:[0]
[start_pgmigrate_success]:[25752388]
[start_pgmigrate_fail]:[18543]
[start_pgmigrate_fail_dst_node_full]:[18432]
[start_pgmigrate_fail_numa_isolate]:[18432]
[start_pgmigrate_fail_nomem]:[0]
[start_pgmigrate_fail_refcount]:[3828]
[start_success_nr]:[6513459]
[start_retry_nr]:[28861]
[start_retreated_page_nr]:[1058]
[start_try_to_promote_nr]:[6514517]
[start_task_num]:[0]
[start_write_protect_break_num]:[3299402]
[start_shadow_link_num]:[6513435]
[start_shadow_demote_num]:[2875434]
[start_batch_free_num]:[0]
[start_transactional_migration_success_num]:[6513440]
[start_transactional_migration_fail_num]:[3653]
[start_shadow_page_pair]:[338183]
[end_pgdemote_kswapd]:[20755493]
[end_pgdemote_direct]:[0]
[end_pgdemote_file]:[163402]
[end_pgdemote_anon]:[20592091]
[end_pgpromote_candidate]:[8494566]
[end_pgpromote_candidate_demoted]:[7464997]
[end_pgpromote_candidate_anon]:[8494095]
[end_pgpromote_candidate_file]:[471]
[end_pgpromote_tried]:[0]
[end_pgpromote_file]:[0]
[end_pgpromote_anon]:[0]
[end_pgmigrate_success]:[29449253]
[end_pgmigrate_fail]:[18546]
[end_pgmigrate_fail_dst_node_full]:[18432]
[end_pgmigrate_fail_numa_isolate]:[18432]
[end_pgmigrate_fail_nomem]:[0]
[end_pgmigrate_fail_refcount]:[4572]
[end_success_nr]:[8475044]
[end_retry_nr]:[35736]
[end_retreated_page_nr]:[1318]
[end_try_to_promote_nr]:[8476364]
[end_task_num]:[0]
[end_write_protect_break_num]:[4628626]
[end_shadow_link_num]:[8475021]
[end_shadow_demote_num]:[3508094]
[end_batch_free_num]:[0]
[end_transactional_migration_success_num]:[8475026]
[end_transactional_migration_fail_num]:[4367]
[end_shadow_page_pair]:[337772]
[note]:[4]
[milliseconds]:[49697]
[total tick]:[129224269056]
[work type]:[0]
[Bandwidth(MB/s)]:[2358.039721]
---------------------------
