-----------start-----------
[start_pgdemote_kswapd]:[3190625]
[start_pgdemote_direct]:[0]
[start_pgdemote_file]:[133219]
[start_pgdemote_anon]:[3057406]
[start_pgpromote_candidate]:[150]
[start_pgpromote_candidate_demoted]:[150]
[start_pgpromote_candidate_anon]:[150]
[start_pgpromote_candidate_file]:[0]
[start_pgpromote_tried]:[0]
[start_pgpromote_file]:[0]
[start_pgpromote_anon]:[0]
[start_pgmigrate_success]:[3190625]
[start_pgmigrate_fail]:[1]
[start_pgmigrate_fail_dst_node_full]:[0]
[start_pgmigrate_fail_numa_isolate]:[0]
[start_pgmigrate_fail_nomem]:[0]
[start_pgmigrate_fail_refcount]:[161]
[start_success_nr]:[126]
[start_retry_nr]:[163]
[start_retreated_page_nr]:[16]
[start_try_to_promote_nr]:[142]
[start_task_num]:[0]
[start_write_protect_break_num]:[22]
[start_shadow_link_num]:[111]
[start_shadow_demote_num]:[0]
[start_batch_free_num]:[0]
[start_transactional_migration_success_num]:[113]
[start_transactional_migration_fail_num]:[141]
[start_shadow_page_pair]:[66]
[end_pgdemote_kswapd]:[3813989]
[end_pgdemote_direct]:[0]
[end_pgdemote_file]:[136538]
[end_pgdemote_anon]:[3677451]
[end_pgpromote_candidate]:[1531]
[end_pgpromote_candidate_demoted]:[1531]
[end_pgpromote_candidate_anon]:[1523]
[end_pgpromote_candidate_file]:[8]
[end_pgpromote_tried]:[0]
[end_pgpromote_file]:[0]
[end_pgpromote_anon]:[0]
[end_pgmigrate_success]:[3813989]
[end_pgmigrate_fail]:[17]
[end_pgmigrate_fail_dst_node_full]:[0]
[end_pgmigrate_fail_numa_isolate]:[0]
[end_pgmigrate_fail_nomem]:[0]
[end_pgmigrate_fail_refcount]:[540]
[end_success_nr]:[1462]
[end_retry_nr]:[546]
[end_retreated_page_nr]:[52]
[end_try_to_promote_nr]:[1514]
[end_task_num]:[0]
[end_write_protect_break_num]:[461]
[end_shadow_link_num]:[1447]
[end_shadow_demote_num]:[3]
[end_batch_free_num]:[0]
[end_transactional_migration_success_num]:[1452]
[end_transactional_migration_fail_num]:[510]
[end_shadow_page_pair]:[903]
[note]:[0]
[milliseconds]:[13752]
[total tick]:[35755802987]
[work type]:[0]
[Bandwidth(MB/s)]:[8521.487784]
---------------------------
-----------start-----------
[start_pgdemote_kswapd]:[3813989]
[start_pgdemote_direct]:[0]
[start_pgdemote_file]:[136538]
[start_pgdemote_anon]:[3677451]
[start_pgpromote_candidate]:[1531]
[start_pgpromote_candidate_demoted]:[1531]
[start_pgpromote_candidate_anon]:[1523]
[start_pgpromote_candidate_file]:[8]
[start_pgpromote_tried]:[0]
[start_pgpromote_file]:[0]
[start_pgpromote_anon]:[0]
[start_pgmigrate_success]:[3813989]
[start_pgmigrate_fail]:[17]
[start_pgmigrate_fail_dst_node_full]:[0]
[start_pgmigrate_fail_numa_isolate]:[0]
[start_pgmigrate_fail_nomem]:[0]
[start_pgmigrate_fail_refcount]:[540]
[start_success_nr]:[1462]
[start_retry_nr]:[546]
[start_retreated_page_nr]:[52]
[start_try_to_promote_nr]:[1514]
[start_task_num]:[0]
[start_write_protect_break_num]:[466]
[start_shadow_link_num]:[1447]
[start_shadow_demote_num]:[3]
[start_batch_free_num]:[0]
[start_transactional_migration_success_num]:[1452]
[start_transactional_migration_fail_num]:[510]
[start_shadow_page_pair]:[898]
[end_pgdemote_kswapd]:[4616179]
[end_pgdemote_direct]:[0]
[end_pgdemote_file]:[147036]
[end_pgdemote_anon]:[4469143]
[end_pgpromote_candidate]:[715696]
[end_pgpromote_candidate_demoted]:[47653]
[end_pgpromote_candidate_anon]:[715677]
[end_pgpromote_candidate_file]:[19]
[end_pgpromote_tried]:[0]
[end_pgpromote_file]:[0]
[end_pgpromote_anon]:[0]
[end_pgmigrate_success]:[4632563]
[end_pgmigrate_fail]:[30]
[end_pgmigrate_fail_dst_node_full]:[0]
[end_pgmigrate_fail_numa_isolate]:[0]
[end_pgmigrate_fail_nomem]:[0]
[end_pgmigrate_fail_refcount]:[1450]
[end_success_nr]:[715433]
[end_retry_nr]:[4079]
[end_retreated_page_nr]:[202]
[end_try_to_promote_nr]:[715635]
[end_task_num]:[0]
[end_write_protect_break_num]:[590050]
[end_shadow_link_num]:[715418]
[end_shadow_demote_num]:[407]
[end_batch_free_num]:[0]
[end_transactional_migration_success_num]:[715424]
[end_transactional_migration_fail_num]:[1410]
[end_shadow_page_pair]:[124784]
[note]:[1]
[milliseconds]:[32921]
[total tick]:[85594789762]
[work type]:[0]
[Bandwidth(MB/s)]:[3559.657969]
---------------------------
-----------start-----------
[start_pgdemote_kswapd]:[4617715]
[start_pgdemote_direct]:[0]
[start_pgdemote_file]:[147036]
[start_pgdemote_anon]:[4470679]
[start_pgpromote_candidate]:[716423]
[start_pgpromote_candidate_demoted]:[48377]
[start_pgpromote_candidate_anon]:[716264]
[start_pgpromote_candidate_file]:[159]
[start_pgpromote_tried]:[0]
[start_pgpromote_file]:[0]
[start_pgpromote_anon]:[0]
[start_pgmigrate_success]:[4634099]
[start_pgmigrate_fail]:[30]
[start_pgmigrate_fail_dst_node_full]:[0]
[start_pgmigrate_fail_numa_isolate]:[0]
[start_pgmigrate_fail_nomem]:[0]
[start_pgmigrate_fail_refcount]:[1860]
[start_success_nr]:[715983]
[start_retry_nr]:[4493]
[start_retreated_page_nr]:[241]
[start_try_to_promote_nr]:[716224]
[start_task_num]:[0]
[start_write_protect_break_num]:[590322]
[start_shadow_link_num]:[715968]
[start_shadow_demote_num]:[407]
[start_batch_free_num]:[0]
[start_transactional_migration_success_num]:[715976]
[start_transactional_migration_fail_num]:[1790]
[start_shadow_page_pair]:[124653]
[end_pgdemote_kswapd]:[5115959]
[end_pgdemote_direct]:[0]
[end_pgdemote_file]:[158736]
[end_pgdemote_anon]:[4957223]
[end_pgpromote_candidate]:[1004693]
[end_pgpromote_candidate_demoted]:[258872]
[end_pgpromote_candidate_anon]:[1004482]
[end_pgpromote_candidate_file]:[211]
[end_pgpromote_tried]:[0]
[end_pgpromote_file]:[0]
[end_pgpromote_anon]:[0]
[end_pgmigrate_success]:[5348407]
[end_pgmigrate_fail]:[59]
[end_pgmigrate_fail_dst_node_full]:[0]
[end_pgmigrate_fail_numa_isolate]:[0]
[end_pgmigrate_fail_nomem]:[0]
[end_pgmigrate_fail_refcount]:[2979]
[end_success_nr]:[1003663]
[end_retry_nr]:[5889]
[end_retreated_page_nr]:[360]
[end_try_to_promote_nr]:[1004023]
[end_task_num]:[0]
[end_write_protect_break_num]:[883421]
[end_shadow_link_num]:[1003648]
[end_shadow_demote_num]:[866]
[end_batch_free_num]:[0]
[end_transactional_migration_success_num]:[1003656]
[end_transactional_migration_fail_num]:[2909]
[end_shadow_page_pair]:[118710]
[note]:[2]
[milliseconds]:[27386]
[total tick]:[71202795330]
[work type]:[0]
[Bandwidth(MB/s)]:[4279.102461]
---------------------------
-----------start-----------
[start_pgdemote_kswapd]:[5133584]
[start_pgdemote_direct]:[0]
[start_pgdemote_file]:[158736]
[start_pgdemote_anon]:[4974848]
[start_pgpromote_candidate]:[1004883]
[start_pgpromote_candidate_demoted]:[259062]
[start_pgpromote_candidate_anon]:[1004559]
[start_pgpromote_candidate_file]:[324]
[start_pgpromote_tried]:[0]
[start_pgpromote_file]:[0]
[start_pgpromote_anon]:[0]
[start_pgmigrate_success]:[5366032]
[start_pgmigrate_fail]:[59]
[start_pgmigrate_fail_dst_node_full]:[0]
[start_pgmigrate_fail_numa_isolate]:[0]
[start_pgmigrate_fail_nomem]:[0]
[start_pgmigrate_fail_refcount]:[3049]
[start_success_nr]:[1003730]
[start_retry_nr]:[5959]
[start_retreated_page_nr]:[367]
[start_try_to_promote_nr]:[1004097]
[start_task_num]:[0]
[start_write_protect_break_num]:[883429]
[start_shadow_link_num]:[1003714]
[start_shadow_demote_num]:[866]
[start_batch_free_num]:[0]
[start_transactional_migration_success_num]:[1003722]
[start_transactional_migration_fail_num]:[2979]
[start_shadow_page_pair]:[118763]
[end_pgdemote_kswapd]:[6788157]
[end_pgdemote_direct]:[0]
[end_pgdemote_file]:[158736]
[end_pgdemote_anon]:[6629421]
[end_pgpromote_candidate]:[2171758]
[end_pgpromote_candidate_demoted]:[1314594]
[end_pgpromote_candidate_anon]:[2171405]
[end_pgpromote_candidate_file]:[353]
[end_pgpromote_tried]:[0]
[end_pgpromote_file]:[0]
[end_pgpromote_anon]:[0]
[end_pgmigrate_success]:[7851069]
[end_pgmigrate_fail]:[59]
[end_pgmigrate_fail_dst_node_full]:[0]
[end_pgmigrate_fail_numa_isolate]:[0]
[end_pgmigrate_fail_nomem]:[0]
[end_pgmigrate_fail_refcount]:[3883]
[end_success_nr]:[2168764]
[end_retry_nr]:[11044]
[end_retreated_page_nr]:[558]
[end_try_to_promote_nr]:[2169322]
[end_task_num]:[0]
[end_write_protect_break_num]:[1794115]
[end_shadow_link_num]:[2168748]
[end_shadow_demote_num]:[115501]
[end_batch_free_num]:[0]
[end_transactional_migration_success_num]:[2168757]
[end_transactional_migration_fail_num]:[3812]
[end_shadow_page_pair]:[258400]
[note]:[3]
[milliseconds]:[43310]
[total tick]:[112605809574]
[work type]:[0]
[Bandwidth(MB/s)]:[2705.783884]
---------------------------
-----------start-----------
[start_pgdemote_kswapd]:[6788267]
[start_pgdemote_direct]:[0]
[start_pgdemote_file]:[158736]
[start_pgdemote_anon]:[6629531]
[start_pgpromote_candidate]:[2171873]
[start_pgpromote_candidate_demoted]:[1314686]
[start_pgpromote_candidate_anon]:[2171497]
[start_pgpromote_candidate_file]:[376]
[start_pgpromote_tried]:[0]
[start_pgpromote_file]:[0]
[start_pgpromote_anon]:[0]
[start_pgmigrate_success]:[7851179]
[start_pgmigrate_fail]:[59]
[start_pgmigrate_fail_dst_node_full]:[0]
[start_pgmigrate_fail_numa_isolate]:[0]
[start_pgmigrate_fail_nomem]:[0]
[start_pgmigrate_fail_refcount]:[4023]
[start_success_nr]:[2168837]
[start_retry_nr]:[11184]
[start_retreated_page_nr]:[572]
[start_try_to_promote_nr]:[2169409]
[start_task_num]:[0]
[start_write_protect_break_num]:[1794133]
[start_shadow_link_num]:[2168821]
[start_shadow_demote_num]:[115525]
[start_batch_free_num]:[0]
[start_transactional_migration_success_num]:[2168830]
[start_transactional_migration_fail_num]:[3952]
[start_shadow_page_pair]:[258416]
[end_pgdemote_kswapd]:[9154555]
[end_pgdemote_direct]:[0]
[end_pgdemote_file]:[158736]
[end_pgdemote_anon]:[8995819]
[end_pgpromote_candidate]:[3689419]
[end_pgpromote_candidate_demoted]:[2831964]
[end_pgpromote_candidate_anon]:[3688983]
[end_pgpromote_candidate_file]:[436]
[end_pgpromote_tried]:[0]
[end_pgpromote_file]:[0]
[end_pgpromote_anon]:[0]
[end_pgmigrate_success]:[11288059]
[end_pgmigrate_fail]:[59]
[end_pgmigrate_fail_dst_node_full]:[0]
[end_pgmigrate_fail_numa_isolate]:[0]
[end_pgmigrate_fail_nomem]:[0]
[end_pgmigrate_fail_refcount]:[5707]
[end_success_nr]:[3683907]
[end_retry_nr]:[18432]
[end_retreated_page_nr]:[891]
[end_try_to_promote_nr]:[3684798]
[end_task_num]:[0]
[end_write_protect_break_num]:[2953765]
[end_shadow_link_num]:[3683890]
[end_shadow_demote_num]:[435727]
[end_batch_free_num]:[0]
[end_transactional_migration_success_num]:[3683899]
[end_transactional_migration_fail_num]:[5636]
[end_shadow_page_pair]:[293543]
[note]:[4]
[milliseconds]:[47071]
[total tick]:[122384403209]
[work type]:[0]
[Bandwidth(MB/s)]:[2489.590194]
---------------------------
