-----------start-----------
[start_pgdemote_kswapd]:[2949861]
[start_pgdemote_direct]:[0]
[start_pgdemote_file]:[143504]
[start_pgdemote_anon]:[2806357]
[start_pgpromote_candidate]:[127]
[start_pgpromote_candidate_demoted]:[127]
[start_pgpromote_candidate_anon]:[127]
[start_pgpromote_candidate_file]:[0]
[start_pgpromote_tried]:[0]
[start_pgpromote_file]:[0]
[start_pgpromote_anon]:[0]
[start_pgmigrate_success]:[2949861]
[start_pgmigrate_fail]:[33]
[start_pgmigrate_fail_dst_node_full]:[0]
[start_pgmigrate_fail_numa_isolate]:[0]
[start_pgmigrate_fail_nomem]:[0]
[start_pgmigrate_fail_refcount]:[130]
[start_success_nr]:[110]
[start_retry_nr]:[130]
[start_retreated_page_nr]:[13]
[start_try_to_promote_nr]:[123]
[start_task_num]:[0]
[start_write_protect_break_num]:[28]
[start_shadow_link_num]:[102]
[start_shadow_demote_num]:[0]
[start_batch_free_num]:[0]
[start_transactional_migration_success_num]:[102]
[start_transactional_migration_fail_num]:[120]
[start_shadow_page_pair]:[53]
[end_pgdemote_kswapd]:[5636603]
[end_pgdemote_direct]:[0]
[end_pgdemote_file]:[154515]
[end_pgdemote_anon]:[5482088]
[end_pgpromote_candidate]:[4832]
[end_pgpromote_candidate_demoted]:[4832]
[end_pgpromote_candidate_anon]:[4676]
[end_pgpromote_candidate_file]:[156]
[end_pgpromote_tried]:[0]
[end_pgpromote_file]:[0]
[end_pgpromote_anon]:[0]
[end_pgmigrate_success]:[7657979]
[end_pgmigrate_fail]:[50]
[end_pgmigrate_fail_dst_node_full]:[0]
[end_pgmigrate_fail_numa_isolate]:[0]
[end_pgmigrate_fail_nomem]:[0]
[end_pgmigrate_fail_refcount]:[300]
[end_success_nr]:[693]
[end_retry_nr]:[300]
[end_retreated_page_nr]:[30]
[end_try_to_promote_nr]:[723]
[end_task_num]:[0]
[end_write_protect_break_num]:[251]
[end_shadow_link_num]:[685]
[end_shadow_demote_num]:[0]
[end_batch_free_num]:[0]
[end_transactional_migration_success_num]:[685]
[end_transactional_migration_fail_num]:[290]
[end_shadow_page_pair]:[376]
[note]:[0]
[milliseconds]:[15884]
[total tick]:[41303067039]
[work type]:[0]
[Bandwidth(MB/s)]:[7377.707127]
---------------------------
-----------start-----------
[start_pgdemote_kswapd]:[5640266]
[start_pgdemote_direct]:[0]
[start_pgdemote_file]:[154515]
[start_pgdemote_anon]:[5485751]
[start_pgpromote_candidate]:[4877]
[start_pgpromote_candidate_demoted]:[4877]
[start_pgpromote_candidate_anon]:[4706]
[start_pgpromote_candidate_file]:[171]
[start_pgpromote_tried]:[0]
[start_pgpromote_file]:[0]
[start_pgpromote_anon]:[0]
[start_pgmigrate_success]:[7661642]
[start_pgmigrate_fail]:[50]
[start_pgmigrate_fail_dst_node_full]:[0]
[start_pgmigrate_fail_numa_isolate]:[0]
[start_pgmigrate_fail_nomem]:[0]
[start_pgmigrate_fail_refcount]:[350]
[start_success_nr]:[719]
[start_retry_nr]:[350]
[start_retreated_page_nr]:[35]
[start_try_to_promote_nr]:[754]
[start_task_num]:[0]
[start_write_protect_break_num]:[256]
[start_shadow_link_num]:[711]
[start_shadow_demote_num]:[0]
[start_batch_free_num]:[0]
[start_transactional_migration_success_num]:[711]
[start_transactional_migration_fail_num]:[340]
[start_shadow_page_pair]:[391]
[end_pgdemote_kswapd]:[6564147]
[end_pgdemote_direct]:[0]
[end_pgdemote_file]:[155476]
[end_pgdemote_anon]:[6408671]
[end_pgpromote_candidate]:[149386]
[end_pgpromote_candidate_demoted]:[103251]
[end_pgpromote_candidate_anon]:[149215]
[end_pgpromote_candidate_file]:[171]
[end_pgpromote_tried]:[0]
[end_pgpromote_file]:[0]
[end_pgpromote_anon]:[0]
[end_pgmigrate_success]:[9132851]
[end_pgmigrate_fail]:[60]
[end_pgmigrate_fail_dst_node_full]:[0]
[end_pgmigrate_fail_numa_isolate]:[0]
[end_pgmigrate_fail_nomem]:[0]
[end_pgmigrate_fail_refcount]:[480]
[end_success_nr]:[144133]
[end_retry_nr]:[633]
[end_retreated_page_nr]:[56]
[end_try_to_promote_nr]:[144189]
[end_task_num]:[0]
[end_write_protect_break_num]:[108472]
[end_shadow_link_num]:[144125]
[end_shadow_demote_num]:[0]
[end_batch_free_num]:[0]
[end_transactional_migration_success_num]:[144125]
[end_transactional_migration_fail_num]:[470]
[end_shadow_page_pair]:[35475]
[note]:[1]
[milliseconds]:[19029]
[total tick]:[49478858190]
[work type]:[0]
[Bandwidth(MB/s)]:[6158.363550]
---------------------------
-----------start-----------
[start_pgdemote_kswapd]:[6564147]
[start_pgdemote_direct]:[0]
[start_pgdemote_file]:[155476]
[start_pgdemote_anon]:[6408671]
[start_pgpromote_candidate]:[149400]
[start_pgpromote_candidate_demoted]:[103265]
[start_pgpromote_candidate_anon]:[149229]
[start_pgpromote_candidate_file]:[171]
[start_pgpromote_tried]:[0]
[start_pgpromote_file]:[0]
[start_pgpromote_anon]:[0]
[start_pgmigrate_success]:[9132851]
[start_pgmigrate_fail]:[60]
[start_pgmigrate_fail_dst_node_full]:[0]
[start_pgmigrate_fail_numa_isolate]:[0]
[start_pgmigrate_fail_nomem]:[0]
[start_pgmigrate_fail_refcount]:[480]
[start_success_nr]:[144147]
[start_retry_nr]:[633]
[start_retreated_page_nr]:[56]
[start_try_to_promote_nr]:[144203]
[start_task_num]:[0]
[start_write_protect_break_num]:[108481]
[start_shadow_link_num]:[144139]
[start_shadow_demote_num]:[0]
[start_batch_free_num]:[0]
[start_transactional_migration_success_num]:[144139]
[start_transactional_migration_fail_num]:[470]
[start_shadow_page_pair]:[35255]
[end_pgdemote_kswapd]:[8922290]
[end_pgdemote_direct]:[0]
[end_pgdemote_file]:[165134]
[end_pgdemote_anon]:[8757156]
[end_pgpromote_candidate]:[1616619]
[end_pgpromote_candidate_demoted]:[633985]
[end_pgpromote_candidate_anon]:[1616235]
[end_pgpromote_candidate_file]:[384]
[end_pgpromote_tried]:[0]
[end_pgpromote_file]:[0]
[end_pgpromote_anon]:[0]
[end_pgmigrate_success]:[13170354]
[end_pgmigrate_fail]:[91]
[end_pgmigrate_fail_dst_node_full]:[0]
[end_pgmigrate_fail_numa_isolate]:[0]
[end_pgmigrate_fail_nomem]:[0]
[end_pgmigrate_fail_refcount]:[2702]
[end_success_nr]:[1607240]
[end_retry_nr]:[8291]
[end_retreated_page_nr]:[415]
[end_try_to_promote_nr]:[1607656]
[end_task_num]:[0]
[end_write_protect_break_num]:[1176122]
[end_shadow_link_num]:[1607231]
[end_shadow_demote_num]:[122052]
[end_batch_free_num]:[0]
[end_transactional_migration_success_num]:[1607234]
[end_transactional_migration_fail_num]:[2682]
[end_shadow_page_pair]:[308523]
[note]:[2]
[milliseconds]:[42218]
[total tick]:[109763484018]
[work type]:[0]
[Bandwidth(MB/s)]:[2775.770998]
---------------------------
-----------start-----------
[start_pgdemote_kswapd]:[8922306]
[start_pgdemote_direct]:[0]
[start_pgdemote_file]:[165134]
[start_pgdemote_anon]:[8757172]
[start_pgpromote_candidate]:[1616680]
[start_pgpromote_candidate_demoted]:[634044]
[start_pgpromote_candidate_anon]:[1616279]
[start_pgpromote_candidate_file]:[401]
[start_pgpromote_tried]:[0]
[start_pgpromote_file]:[0]
[start_pgpromote_anon]:[0]
[start_pgmigrate_success]:[13170370]
[start_pgmigrate_fail]:[91]
[start_pgmigrate_fail_dst_node_full]:[0]
[start_pgmigrate_fail_numa_isolate]:[0]
[start_pgmigrate_fail_nomem]:[0]
[start_pgmigrate_fail_refcount]:[2752]
[start_success_nr]:[1607277]
[start_retry_nr]:[8342]
[start_retreated_page_nr]:[420]
[start_try_to_promote_nr]:[1607698]
[start_task_num]:[0]
[start_write_protect_break_num]:[1176132]
[start_shadow_link_num]:[1607266]
[start_shadow_demote_num]:[122059]
[start_batch_free_num]:[0]
[start_transactional_migration_success_num]:[1607270]
[start_transactional_migration_fail_num]:[2722]
[start_shadow_page_pair]:[308530]
[end_pgdemote_kswapd]:[8922306]
[end_pgdemote_direct]:[0]
[end_pgdemote_file]:[165134]
[end_pgdemote_anon]:[8757172]
[end_pgpromote_candidate]:[1763591]
[end_pgpromote_candidate_demoted]:[659372]
[end_pgpromote_candidate_anon]:[1763189]
[end_pgpromote_candidate_file]:[402]
[end_pgpromote_tried]:[0]
[end_pgpromote_file]:[0]
[end_pgpromote_anon]:[0]
[end_pgmigrate_success]:[13221090]
[end_pgmigrate_fail]:[132699]
[end_pgmigrate_fail_dst_node_full]:[4608]
[end_pgmigrate_fail_numa_isolate]:[4608]
[end_pgmigrate_fail_nomem]:[144646]
[end_pgmigrate_fail_refcount]:[2792]
[end_success_nr]:[1680454]
[end_retry_nr]:[8524]
[end_retreated_page_nr]:[429]
[end_try_to_promote_nr]:[1754255]
[end_task_num]:[0]
[end_write_protect_break_num]:[1537277]
[end_shadow_link_num]:[1680443]
[end_shadow_demote_num]:[122059]
[end_batch_free_num]:[0]
[end_transactional_migration_success_num]:[1680447]
[end_transactional_migration_fail_num]:[2762]
[end_shadow_page_pair]:[20537]
[note]:[3]
[milliseconds]:[17529]
[total tick]:[45575714704]
[work type]:[0]
[Bandwidth(MB/s)]:[6685.349991]
---------------------------
-----------start-----------
[start_pgdemote_kswapd]:[8922470]
[start_pgdemote_direct]:[0]
[start_pgdemote_file]:[165238]
[start_pgdemote_anon]:[8757232]
[start_pgpromote_candidate]:[1763593]
[start_pgpromote_candidate_demoted]:[659374]
[start_pgpromote_candidate_anon]:[1763191]
[start_pgpromote_candidate_file]:[402]
[start_pgpromote_tried]:[0]
[start_pgpromote_file]:[0]
[start_pgpromote_anon]:[0]
[start_pgmigrate_success]:[13221254]
[start_pgmigrate_fail]:[132699]
[start_pgmigrate_fail_dst_node_full]:[4608]
[start_pgmigrate_fail_numa_isolate]:[4608]
[start_pgmigrate_fail_nomem]:[144646]
[start_pgmigrate_fail_refcount]:[2792]
[start_success_nr]:[1680455]
[start_retry_nr]:[8524]
[start_retreated_page_nr]:[429]
[start_try_to_promote_nr]:[1754256]
[start_task_num]:[0]
[start_write_protect_break_num]:[1537279]
[start_shadow_link_num]:[1680444]
[start_shadow_demote_num]:[122105]
[start_batch_free_num]:[0]
[start_transactional_migration_success_num]:[1680448]
[start_transactional_migration_fail_num]:[2762]
[start_shadow_page_pair]:[20490]
[end_pgdemote_kswapd]:[8922470]
[end_pgdemote_direct]:[0]
[end_pgdemote_file]:[165238]
[end_pgdemote_anon]:[8757232]
[end_pgpromote_candidate]:[1773823]
[end_pgpromote_candidate_demoted]:[659527]
[end_pgpromote_candidate_anon]:[1773419]
[end_pgpromote_candidate_file]:[404]
[end_pgpromote_tried]:[0]
[end_pgpromote_file]:[0]
[end_pgpromote_anon]:[0]
[end_pgmigrate_success]:[13221522]
[end_pgmigrate_fail]:[210525]
[end_pgmigrate_fail_dst_node_full]:[4608]
[end_pgmigrate_fail_numa_isolate]:[4608]
[end_pgmigrate_fail_nomem]:[222472]
[end_pgmigrate_fail_refcount]:[2792]
[end_success_nr]:[1690530]
[end_retry_nr]:[8557]
[end_retreated_page_nr]:[431]
[end_try_to_promote_nr]:[1764333]
[end_task_num]:[0]
[end_write_protect_break_num]:[1566031]
[end_shadow_link_num]:[1690519]
[end_shadow_demote_num]:[122105]
[end_batch_free_num]:[0]
[end_transactional_migration_success_num]:[1690523]
[end_transactional_migration_fail_num]:[2762]
[end_shadow_page_pair]:[1761]
[note]:[4]
[milliseconds]:[14882]
[total tick]:[38693233488]
[work type]:[0]
[Bandwidth(MB/s)]:[7874.445639]
---------------------------
