-----------start-----------
[start_pgdemote_kswapd]:[3472455]
[start_pgdemote_direct]:[0]
[start_pgdemote_file]:[147708]
[start_pgdemote_anon]:[3324747]
[start_pgpromote_candidate]:[220]
[start_pgpromote_candidate_demoted]:[220]
[start_pgpromote_candidate_anon]:[130]
[start_pgpromote_candidate_file]:[90]
[start_pgpromote_tried]:[0]
[start_pgpromote_file]:[0]
[start_pgpromote_anon]:[0]
[start_pgmigrate_success]:[3472455]
[start_pgmigrate_fail]:[45]
[start_pgmigrate_fail_dst_node_full]:[0]
[start_pgmigrate_fail_numa_isolate]:[0]
[start_pgmigrate_fail_nomem]:[0]
[start_pgmigrate_fail_refcount]:[100]
[start_success_nr]:[118]
[start_retry_nr]:[101]
[start_retreated_page_nr]:[10]
[start_try_to_promote_nr]:[128]
[start_task_num]:[0]
[start_write_protect_break_num]:[30]
[start_shadow_link_num]:[118]
[start_shadow_demote_num]:[0]
[start_batch_free_num]:[0]
[start_transactional_migration_success_num]:[119]
[start_transactional_migration_fail_num]:[100]
[start_shadow_page_pair]:[71]
[end_pgdemote_kswapd]:[6877648]
[end_pgdemote_direct]:[0]
[end_pgdemote_file]:[165984]
[end_pgdemote_anon]:[6711664]
[end_pgpromote_candidate]:[5714]
[end_pgpromote_candidate_demoted]:[5711]
[end_pgpromote_candidate_anon]:[5571]
[end_pgpromote_candidate_file]:[143]
[end_pgpromote_tried]:[0]
[end_pgpromote_file]:[0]
[end_pgpromote_anon]:[0]
[end_pgmigrate_success]:[9360848]
[end_pgmigrate_fail]:[84]
[end_pgmigrate_fail_dst_node_full]:[0]
[end_pgmigrate_fail_numa_isolate]:[0]
[end_pgmigrate_fail_nomem]:[0]
[end_pgmigrate_fail_refcount]:[364]
[end_success_nr]:[684]
[end_retry_nr]:[367]
[end_retreated_page_nr]:[36]
[end_try_to_promote_nr]:[720]
[end_task_num]:[0]
[end_write_protect_break_num]:[168]
[end_shadow_link_num]:[671]
[end_shadow_demote_num]:[144]
[end_batch_free_num]:[0]
[end_transactional_migration_success_num]:[674]
[end_transactional_migration_fail_num]:[354]
[end_shadow_page_pair]:[297]
[note]:[0]
[milliseconds]:[19058]
[total tick]:[49553248060]
[work type]:[0]
[Bandwidth(MB/s)]:[6148.992549]
---------------------------
-----------start-----------
[start_pgdemote_kswapd]:[6900179]
[start_pgdemote_direct]:[0]
[start_pgdemote_file]:[165987]
[start_pgdemote_anon]:[6734192]
[start_pgpromote_candidate]:[5803]
[start_pgpromote_candidate_demoted]:[5800]
[start_pgpromote_candidate_anon]:[5613]
[start_pgpromote_candidate_file]:[190]
[start_pgpromote_tried]:[0]
[start_pgpromote_file]:[0]
[start_pgpromote_anon]:[0]
[start_pgmigrate_success]:[9383379]
[start_pgmigrate_fail]:[84]
[start_pgmigrate_fail_dst_node_full]:[0]
[start_pgmigrate_fail_numa_isolate]:[0]
[start_pgmigrate_fail_nomem]:[0]
[start_pgmigrate_fail_refcount]:[364]
[start_success_nr]:[724]
[start_retry_nr]:[368]
[start_retreated_page_nr]:[36]
[start_try_to_promote_nr]:[760]
[start_task_num]:[0]
[start_write_protect_break_num]:[174]
[start_shadow_link_num]:[708]
[start_shadow_demote_num]:[144]
[start_batch_free_num]:[0]
[start_transactional_migration_success_num]:[712]
[start_transactional_migration_fail_num]:[354]
[start_shadow_page_pair]:[325]
[end_pgdemote_kswapd]:[8484495]
[end_pgdemote_direct]:[0]
[end_pgdemote_file]:[165987]
[end_pgdemote_anon]:[8318508]
[end_pgpromote_candidate]:[131134]
[end_pgpromote_candidate_demoted]:[98885]
[end_pgpromote_candidate_anon]:[130725]
[end_pgpromote_candidate_file]:[409]
[end_pgpromote_tried]:[0]
[end_pgpromote_file]:[0]
[end_pgpromote_anon]:[0]
[end_pgmigrate_success]:[12395663]
[end_pgmigrate_fail]:[84]
[end_pgmigrate_fail_dst_node_full]:[0]
[end_pgmigrate_fail_numa_isolate]:[0]
[end_pgmigrate_fail_nomem]:[0]
[end_pgmigrate_fail_refcount]:[1157]
[end_success_nr]:[122965]
[end_retry_nr]:[1270]
[end_retreated_page_nr]:[118]
[end_try_to_promote_nr]:[123083]
[end_task_num]:[0]
[end_write_protect_break_num]:[95369]
[end_shadow_link_num]:[122949]
[end_shadow_demote_num]:[144]
[end_batch_free_num]:[0]
[end_transactional_migration_success_num]:[122953]
[end_transactional_migration_fail_num]:[1147]
[end_shadow_page_pair]:[27262]
[note]:[1]
[milliseconds]:[22195]
[total tick]:[57712041524]
[work type]:[0]
[Bandwidth(MB/s)]:[5279.905384]
---------------------------
-----------start-----------
[start_pgdemote_kswapd]:[8485007]
[start_pgdemote_direct]:[0]
[start_pgdemote_file]:[165987]
[start_pgdemote_anon]:[8319020]
[start_pgpromote_candidate]:[131137]
[start_pgpromote_candidate_demoted]:[98888]
[start_pgpromote_candidate_anon]:[130727]
[start_pgpromote_candidate_file]:[410]
[start_pgpromote_tried]:[0]
[start_pgpromote_file]:[0]
[start_pgpromote_anon]:[0]
[start_pgmigrate_success]:[12396175]
[start_pgmigrate_fail]:[84]
[start_pgmigrate_fail_dst_node_full]:[0]
[start_pgmigrate_fail_numa_isolate]:[0]
[start_pgmigrate_fail_nomem]:[0]
[start_pgmigrate_fail_refcount]:[1157]
[start_success_nr]:[122968]
[start_retry_nr]:[1270]
[start_retreated_page_nr]:[118]
[start_try_to_promote_nr]:[123086]
[start_task_num]:[0]
[start_write_protect_break_num]:[95370]
[start_shadow_link_num]:[122952]
[start_shadow_demote_num]:[144]
[start_batch_free_num]:[0]
[start_transactional_migration_success_num]:[122956]
[start_transactional_migration_fail_num]:[1147]
[start_shadow_page_pair]:[27030]
[end_pgdemote_kswapd]:[11260673]
[end_pgdemote_direct]:[0]
[end_pgdemote_file]:[165988]
[end_pgdemote_anon]:[11094685]
[end_pgpromote_candidate]:[1526933]
[end_pgpromote_candidate_demoted]:[988152]
[end_pgpromote_candidate_anon]:[1526456]
[end_pgpromote_candidate_file]:[477]
[end_pgpromote_tried]:[0]
[end_pgpromote_file]:[0]
[end_pgpromote_anon]:[0]
[end_pgmigrate_success]:[16539393]
[end_pgmigrate_fail]:[84]
[end_pgmigrate_fail_dst_node_full]:[0]
[end_pgmigrate_fail_numa_isolate]:[0]
[end_pgmigrate_fail_nomem]:[0]
[end_pgmigrate_fail_refcount]:[1652]
[end_success_nr]:[1515828]
[end_retry_nr]:[6911]
[end_retreated_page_nr]:[312]
[end_try_to_promote_nr]:[1516140]
[end_task_num]:[0]
[end_write_protect_break_num]:[389781]
[end_shadow_link_num]:[1515811]
[end_shadow_demote_num]:[1034655]
[end_batch_free_num]:[0]
[end_transactional_migration_success_num]:[1515816]
[end_transactional_migration_fail_num]:[1632]
[end_shadow_page_pair]:[90897]
[note]:[2]
[milliseconds]:[39649]
[total tick]:[103099967498]
[work type]:[0]
[Bandwidth(MB/s)]:[2955.623093]
---------------------------
-----------start-----------
[start_pgdemote_kswapd]:[11260673]
[start_pgdemote_direct]:[0]
[start_pgdemote_file]:[165988]
[start_pgdemote_anon]:[11094685]
[start_pgpromote_candidate]:[1526959]
[start_pgpromote_candidate_demoted]:[988175]
[start_pgpromote_candidate_anon]:[1526482]
[start_pgpromote_candidate_file]:[477]
[start_pgpromote_tried]:[0]
[start_pgpromote_file]:[0]
[start_pgpromote_anon]:[0]
[start_pgmigrate_success]:[16539393]
[start_pgmigrate_fail]:[84]
[start_pgmigrate_fail_dst_node_full]:[0]
[start_pgmigrate_fail_numa_isolate]:[0]
[start_pgmigrate_fail_nomem]:[0]
[start_pgmigrate_fail_refcount]:[1682]
[start_success_nr]:[1515849]
[start_retry_nr]:[6941]
[start_retreated_page_nr]:[315]
[start_try_to_promote_nr]:[1516164]
[start_task_num]:[0]
[start_write_protect_break_num]:[389794]
[start_shadow_link_num]:[1515830]
[start_shadow_demote_num]:[1034655]
[start_batch_free_num]:[0]
[start_transactional_migration_success_num]:[1515835]
[start_transactional_migration_fail_num]:[1652]
[start_shadow_page_pair]:[90899]
[end_pgdemote_kswapd]:[13792238]
[end_pgdemote_direct]:[0]
[end_pgdemote_file]:[165988]
[end_pgdemote_anon]:[13626250]
[end_pgpromote_candidate]:[3018371]
[end_pgpromote_candidate_demoted]:[2425587]
[end_pgpromote_candidate_anon]:[3017874]
[end_pgpromote_candidate_file]:[497]
[end_pgpromote_tried]:[0]
[end_pgpromote_file]:[0]
[end_pgpromote_anon]:[0]
[end_pgmigrate_success]:[20584942]
[end_pgmigrate_fail]:[84]
[end_pgmigrate_fail_dst_node_full]:[0]
[end_pgmigrate_fail_numa_isolate]:[0]
[end_pgmigrate_fail_nomem]:[0]
[end_pgmigrate_fail_refcount]:[2022]
[end_success_nr]:[3003550]
[end_retry_nr]:[11312]
[end_retreated_page_nr]:[463]
[end_try_to_promote_nr]:[3004013]
[end_task_num]:[0]
[end_write_protect_break_num]:[939815]
[end_shadow_link_num]:[3003531]
[end_shadow_demote_num]:[1907127]
[end_batch_free_num]:[0]
[end_transactional_migration_success_num]:[3003536]
[end_transactional_migration_fail_num]:[1992]
[end_shadow_page_pair]:[156023]
[note]:[3]
[milliseconds]:[40314]
[total tick]:[104823139038]
[work type]:[0]
[Bandwidth(MB/s)]:[2906.868582]
---------------------------
-----------start-----------
[start_pgdemote_kswapd]:[13792238]
[start_pgdemote_direct]:[0]
[start_pgdemote_file]:[165988]
[start_pgdemote_anon]:[13626250]
[start_pgpromote_candidate]:[3018450]
[start_pgpromote_candidate_demoted]:[2425664]
[start_pgpromote_candidate_anon]:[3017953]
[start_pgpromote_candidate_file]:[497]
[start_pgpromote_tried]:[0]
[start_pgpromote_file]:[0]
[start_pgpromote_anon]:[0]
[start_pgmigrate_success]:[20584942]
[start_pgmigrate_fail]:[84]
[start_pgmigrate_fail_dst_node_full]:[0]
[start_pgmigrate_fail_numa_isolate]:[0]
[start_pgmigrate_fail_nomem]:[0]
[start_pgmigrate_fail_refcount]:[2072]
[start_success_nr]:[3003624]
[start_retry_nr]:[11362]
[start_retreated_page_nr]:[468]
[start_try_to_promote_nr]:[3004092]
[start_task_num]:[0]
[start_write_protect_break_num]:[939948]
[start_shadow_link_num]:[3003603]
[start_shadow_demote_num]:[1907127]
[start_batch_free_num]:[0]
[start_transactional_migration_success_num]:[3003608]
[start_transactional_migration_fail_num]:[2042]
[start_shadow_page_pair]:[155951]
[end_pgdemote_kswapd]:[16072225]
[end_pgdemote_direct]:[0]
[end_pgdemote_file]:[165989]
[end_pgdemote_anon]:[15906236]
[end_pgpromote_candidate]:[4228972]
[end_pgpromote_candidate_demoted]:[3635873]
[end_pgpromote_candidate_anon]:[4228457]
[end_pgpromote_candidate_file]:[515]
[end_pgpromote_tried]:[0]
[end_pgpromote_file]:[0]
[end_pgpromote_anon]:[0]
[end_pgmigrate_success]:[23939617]
[end_pgmigrate_fail]:[84]
[end_pgmigrate_fail_dst_node_full]:[0]
[end_pgmigrate_fail_numa_isolate]:[0]
[end_pgmigrate_fail_nomem]:[0]
[end_pgmigrate_fail_refcount]:[2985]
[end_success_nr]:[4211821]
[end_retry_nr]:[15725]
[end_retreated_page_nr]:[671]
[end_try_to_promote_nr]:[4212494]
[end_task_num]:[0]
[end_write_protect_break_num]:[1592704]
[end_shadow_link_num]:[4211800]
[end_shadow_demote_num]:[2432026]
[end_batch_free_num]:[0]
[end_transactional_migration_success_num]:[4211805]
[end_transactional_migration_fail_num]:[2955]
[end_shadow_page_pair]:[186413]
[note]:[4]
[milliseconds]:[42830]
[total tick]:[111362861724]
[work type]:[0]
[Bandwidth(MB/s)]:[2736.107868]
---------------------------
