-----------start-----------
[start_pgdemote_kswapd]:[2681907]
[start_pgdemote_direct]:[0]
[start_pgdemote_file]:[100032]
[start_pgdemote_anon]:[2581875]
[start_pgpromote_candidate]:[308]
[start_pgpromote_candidate_demoted]:[308]
[start_pgpromote_candidate_anon]:[267]
[start_pgpromote_candidate_file]:[41]
[start_pgpromote_tried]:[0]
[start_pgpromote_file]:[0]
[start_pgpromote_anon]:[0]
[start_pgmigrate_success]:[2681907]
[start_pgmigrate_fail]:[31]
[start_pgmigrate_fail_dst_node_full]:[0]
[start_pgmigrate_fail_numa_isolate]:[0]
[start_pgmigrate_fail_nomem]:[0]
[start_pgmigrate_fail_refcount]:[240]
[start_success_nr]:[233]
[start_retry_nr]:[240]
[start_retreated_page_nr]:[24]
[start_try_to_promote_nr]:[257]
[start_task_num]:[0]
[start_write_protect_break_num]:[35]
[start_shadow_link_num]:[232]
[start_shadow_demote_num]:[40]
[start_batch_free_num]:[0]
[start_transactional_migration_success_num]:[232]
[start_transactional_migration_fail_num]:[220]
[start_shadow_page_pair]:[124]
[end_pgdemote_kswapd]:[4688286]
[end_pgdemote_direct]:[0]
[end_pgdemote_file]:[120152]
[end_pgdemote_anon]:[4568134]
[end_pgpromote_candidate]:[56605]
[end_pgpromote_candidate_demoted]:[56605]
[end_pgpromote_candidate_anon]:[56518]
[end_pgpromote_candidate_file]:[87]
[end_pgpromote_tried]:[0]
[end_pgpromote_file]:[0]
[end_pgpromote_anon]:[0]
[end_pgmigrate_success]:[6568350]
[end_pgmigrate_fail]:[589491]
[end_pgmigrate_fail_dst_node_full]:[34304]
[end_pgmigrate_fail_numa_isolate]:[34304]
[end_pgmigrate_fail_nomem]:[553984]
[end_pgmigrate_fail_refcount]:[11342]
[end_success_nr]:[51616]
[end_retry_nr]:[862]
[end_retreated_page_nr]:[76]
[end_try_to_promote_nr]:[51692]
[end_task_num]:[0]
[end_write_protect_break_num]:[657]
[end_shadow_link_num]:[51615]
[end_shadow_demote_num]:[19799]
[end_batch_free_num]:[0]
[end_transactional_migration_success_num]:[51621]
[end_transactional_migration_fail_num]:[752]
[end_shadow_page_pair]:[31064]
[note]:[0]
[milliseconds]:[15018]
[total tick]:[39046723942]
[work type]:[0]
[Bandwidth(MB/s)]:[4681.881742]
---------------------------
-----------start-----------
[start_pgdemote_kswapd]:[5484024]
[start_pgdemote_direct]:[0]
[start_pgdemote_file]:[120165]
[start_pgdemote_anon]:[5363859]
[start_pgpromote_candidate]:[57005]
[start_pgpromote_candidate_demoted]:[56932]
[start_pgpromote_candidate_anon]:[56700]
[start_pgpromote_candidate_file]:[305]
[start_pgpromote_tried]:[0]
[start_pgpromote_file]:[0]
[start_pgpromote_anon]:[0]
[start_pgmigrate_success]:[7364088]
[start_pgmigrate_fail]:[589492]
[start_pgmigrate_fail_dst_node_full]:[34304]
[start_pgmigrate_fail_numa_isolate]:[34304]
[start_pgmigrate_fail_nomem]:[553984]
[start_pgmigrate_fail_refcount]:[11392]
[start_success_nr]:[51789]
[start_retry_nr]:[912]
[start_retreated_page_nr]:[81]
[start_try_to_promote_nr]:[51870]
[start_task_num]:[0]
[start_write_protect_break_num]:[689]
[start_shadow_link_num]:[51766]
[start_shadow_demote_num]:[19874]
[start_batch_free_num]:[0]
[start_transactional_migration_success_num]:[51772]
[start_transactional_migration_fail_num]:[792]
[start_shadow_page_pair]:[31089]
[end_pgdemote_kswapd]:[9078605]
[end_pgdemote_direct]:[0]
[end_pgdemote_file]:[120168]
[end_pgdemote_anon]:[8958437]
[end_pgpromote_candidate]:[2526647]
[end_pgpromote_candidate_demoted]:[1822532]
[end_pgpromote_candidate_anon]:[2526259]
[end_pgpromote_candidate_file]:[388]
[end_pgpromote_tried]:[0]
[end_pgpromote_file]:[0]
[end_pgpromote_anon]:[0]
[end_pgmigrate_success]:[12687693]
[end_pgmigrate_fail]:[589492]
[end_pgmigrate_fail_dst_node_full]:[34304]
[end_pgmigrate_fail_numa_isolate]:[34304]
[end_pgmigrate_fail_nomem]:[553984]
[end_pgmigrate_fail_refcount]:[12569]
[end_success_nr]:[2510350]
[end_retry_nr]:[14290]
[end_retreated_page_nr]:[453]
[end_try_to_promote_nr]:[2510803]
[end_task_num]:[0]
[end_write_protect_break_num]:[793994]
[end_shadow_link_num]:[2510325]
[end_shadow_demote_num]:[1554335]
[end_batch_free_num]:[0]
[end_transactional_migration_success_num]:[2510332]
[end_transactional_migration_fail_num]:[1944]
[end_shadow_page_pair]:[161664]
[note]:[1]
[milliseconds]:[47255]
[total tick]:[122861422306]
[work type]:[0]
[Bandwidth(MB/s)]:[1487.937784]
---------------------------
-----------start-----------
[start_pgdemote_kswapd]:[9078872]
[start_pgdemote_direct]:[0]
[start_pgdemote_file]:[120169]
[start_pgdemote_anon]:[8958703]
[start_pgpromote_candidate]:[2526670]
[start_pgpromote_candidate_demoted]:[1822552]
[start_pgpromote_candidate_anon]:[2526282]
[start_pgpromote_candidate_file]:[388]
[start_pgpromote_tried]:[0]
[start_pgpromote_file]:[0]
[start_pgpromote_anon]:[0]
[start_pgmigrate_success]:[12687960]
[start_pgmigrate_fail]:[589492]
[start_pgmigrate_fail_dst_node_full]:[34304]
[start_pgmigrate_fail_numa_isolate]:[34304]
[start_pgmigrate_fail_nomem]:[553984]
[start_pgmigrate_fail_refcount]:[12629]
[start_success_nr]:[2510365]
[start_retry_nr]:[14352]
[start_retreated_page_nr]:[459]
[start_try_to_promote_nr]:[2510824]
[start_task_num]:[0]
[start_write_protect_break_num]:[794003]
[start_shadow_link_num]:[2510339]
[start_shadow_demote_num]:[1554517]
[start_batch_free_num]:[0]
[start_transactional_migration_success_num]:[2510347]
[start_transactional_migration_fail_num]:[1994]
[start_shadow_page_pair]:[161482]
[end_pgdemote_kswapd]:[12404050]
[end_pgdemote_direct]:[0]
[end_pgdemote_file]:[120169]
[end_pgdemote_anon]:[12283881]
[end_pgpromote_candidate]:[4819293]
[end_pgpromote_candidate_demoted]:[4092334]
[end_pgpromote_candidate_anon]:[4818635]
[end_pgpromote_candidate_file]:[658]
[end_pgpromote_tried]:[0]
[end_pgpromote_file]:[0]
[end_pgpromote_anon]:[0]
[end_pgmigrate_success]:[17093458]
[end_pgmigrate_fail]:[589492]
[end_pgmigrate_fail_dst_node_full]:[34304]
[end_pgmigrate_fail_numa_isolate]:[34304]
[end_pgmigrate_fail_nomem]:[553984]
[end_pgmigrate_fail_refcount]:[14458]
[end_success_nr]:[4799762]
[end_retry_nr]:[27019]
[end_retreated_page_nr]:[905]
[end_try_to_promote_nr]:[4800668]
[end_task_num]:[0]
[end_write_protect_break_num]:[1677532]
[end_shadow_link_num]:[4799734]
[end_shadow_demote_num]:[2935553]
[end_batch_free_num]:[0]
[end_transactional_migration_success_num]:[4799742]
[end_transactional_migration_fail_num]:[3811]
[end_shadow_page_pair]:[186117]
[note]:[2]
[milliseconds]:[46702]
[total tick]:[121424080240]
[work type]:[0]
[Bandwidth(MB/s)]:[1505.556507]
---------------------------
-----------start-----------
[start_pgdemote_kswapd]:[12404308]
[start_pgdemote_direct]:[0]
[start_pgdemote_file]:[120169]
[start_pgdemote_anon]:[12284139]
[start_pgpromote_candidate]:[4819310]
[start_pgpromote_candidate_demoted]:[4092350]
[start_pgpromote_candidate_anon]:[4818652]
[start_pgpromote_candidate_file]:[658]
[start_pgpromote_tried]:[0]
[start_pgpromote_file]:[0]
[start_pgpromote_anon]:[0]
[start_pgmigrate_success]:[17093716]
[start_pgmigrate_fail]:[589492]
[start_pgmigrate_fail_dst_node_full]:[34304]
[start_pgmigrate_fail_numa_isolate]:[34304]
[start_pgmigrate_fail_nomem]:[553984]
[start_pgmigrate_fail_refcount]:[14468]
[start_success_nr]:[4799776]
[start_retry_nr]:[27029]
[start_retreated_page_nr]:[906]
[start_try_to_promote_nr]:[4800683]
[start_task_num]:[0]
[start_write_protect_break_num]:[1677539]
[start_shadow_link_num]:[4799748]
[start_shadow_demote_num]:[2935713]
[start_batch_free_num]:[0]
[start_transactional_migration_success_num]:[4799756]
[start_transactional_migration_fail_num]:[3821]
[start_shadow_page_pair]:[185959]
[end_pgdemote_kswapd]:[15750957]
[end_pgdemote_direct]:[0]
[end_pgdemote_file]:[120169]
[end_pgdemote_anon]:[15630788]
[end_pgpromote_candidate]:[7095291]
[end_pgpromote_candidate_demoted]:[6367407]
[end_pgpromote_candidate_anon]:[7094615]
[end_pgpromote_candidate_file]:[676]
[end_pgpromote_tried]:[0]
[end_pgpromote_file]:[0]
[end_pgpromote_anon]:[0]
[end_pgmigrate_success]:[21514541]
[end_pgmigrate_fail]:[589503]
[end_pgmigrate_fail_dst_node_full]:[34304]
[end_pgmigrate_fail_numa_isolate]:[34304]
[end_pgmigrate_fail_nomem]:[553984]
[end_pgmigrate_fail_refcount]:[15911]
[end_success_nr]:[7072609]
[end_retry_nr]:[38471]
[end_retreated_page_nr]:[1300]
[end_try_to_promote_nr]:[7073910]
[end_task_num]:[0]
[end_write_protect_break_num]:[2568109]
[end_shadow_link_num]:[7072580]
[end_shadow_demote_num]:[4317989]
[end_batch_free_num]:[0]
[end_transactional_migration_success_num]:[7072595]
[end_transactional_migration_fail_num]:[5153]
[end_shadow_page_pair]:[185781]
[note]:[3]
[milliseconds]:[43791]
[total tick]:[113855519724]
[work type]:[0]
[Bandwidth(MB/s)]:[1605.638145]
---------------------------
-----------start-----------
[start_pgdemote_kswapd]:[15751291]
[start_pgdemote_direct]:[0]
[start_pgdemote_file]:[120169]
[start_pgdemote_anon]:[15631122]
[start_pgpromote_candidate]:[7095378]
[start_pgpromote_candidate_demoted]:[6367493]
[start_pgpromote_candidate_anon]:[7094702]
[start_pgpromote_candidate_file]:[676]
[start_pgpromote_tried]:[0]
[start_pgpromote_file]:[0]
[start_pgpromote_anon]:[0]
[start_pgmigrate_success]:[21514875]
[start_pgmigrate_fail]:[589503]
[start_pgmigrate_fail_dst_node_full]:[34304]
[start_pgmigrate_fail_numa_isolate]:[34304]
[start_pgmigrate_fail_nomem]:[553984]
[start_pgmigrate_fail_refcount]:[16051]
[start_success_nr]:[7072686]
[start_retry_nr]:[38613]
[start_retreated_page_nr]:[1314]
[start_try_to_promote_nr]:[7074001]
[start_task_num]:[0]
[start_write_protect_break_num]:[2568133]
[start_shadow_link_num]:[7072642]
[start_shadow_demote_num]:[4318167]
[start_batch_free_num]:[0]
[start_transactional_migration_success_num]:[7072658]
[start_transactional_migration_fail_num]:[5283]
[start_shadow_page_pair]:[185628]
[end_pgdemote_kswapd]:[19127435]
[end_pgdemote_direct]:[0]
[end_pgdemote_file]:[120170]
[end_pgdemote_anon]:[19007265]
[end_pgpromote_candidate]:[9388824]
[end_pgpromote_candidate_demoted]:[8660137]
[end_pgpromote_candidate_anon]:[9388147]
[end_pgpromote_candidate_file]:[677]
[end_pgpromote_tried]:[0]
[end_pgpromote_file]:[0]
[end_pgpromote_anon]:[0]
[end_pgmigrate_success]:[25967755]
[end_pgmigrate_fail]:[589529]
[end_pgmigrate_fail_dst_node_full]:[34304]
[end_pgmigrate_fail_numa_isolate]:[34304]
[end_pgmigrate_fail_nomem]:[553984]
[end_pgmigrate_fail_refcount]:[17472]
[end_success_nr]:[9363377]
[end_retry_nr]:[50978]
[end_retreated_page_nr]:[1699]
[end_try_to_promote_nr]:[9365077]
[end_task_num]:[0]
[end_write_protect_break_num]:[3454438]
[end_shadow_link_num]:[9363332]
[end_shadow_demote_num]:[5737133]
[end_batch_free_num]:[0]
[end_transactional_migration_success_num]:[9363348]
[end_transactional_migration_fail_num]:[6443]
[end_shadow_page_pair]:[170865]
[note]:[4]
[milliseconds]:[44443]
[total tick]:[115549853334]
[work type]:[0]
[Bandwidth(MB/s)]:[1582.082668]
---------------------------
