-----------start-----------
[start_pgdemote_kswapd]:[3037468]
[start_pgdemote_direct]:[0]
[start_pgdemote_file]:[114117]
[start_pgdemote_anon]:[2923351]
[start_pgpromote_candidate]:[259]
[start_pgpromote_candidate_demoted]:[254]
[start_pgpromote_candidate_anon]:[91]
[start_pgpromote_candidate_file]:[168]
[start_pgpromote_tried]:[0]
[start_pgpromote_file]:[0]
[start_pgpromote_anon]:[0]
[start_pgmigrate_success]:[3037468]
[start_pgmigrate_fail]:[67]
[start_pgmigrate_fail_dst_node_full]:[0]
[start_pgmigrate_fail_numa_isolate]:[0]
[start_pgmigrate_fail_nomem]:[0]
[start_pgmigrate_fail_refcount]:[120]
[start_success_nr]:[77]
[start_retry_nr]:[84]
[start_retreated_page_nr]:[8]
[start_try_to_promote_nr]:[85]
[start_task_num]:[0]
[start_write_protect_break_num]:[10]
[start_shadow_link_num]:[77]
[start_shadow_demote_num]:[31]
[start_batch_free_num]:[0]
[start_transactional_migration_success_num]:[81]
[start_transactional_migration_fail_num]:[80]
[start_shadow_page_pair]:[22]
[end_pgdemote_kswapd]:[5359443]
[end_pgdemote_direct]:[0]
[end_pgdemote_file]:[127019]
[end_pgdemote_anon]:[5232424]
[end_pgpromote_candidate]:[6881]
[end_pgpromote_candidate_demoted]:[6506]
[end_pgpromote_candidate_anon]:[6586]
[end_pgpromote_candidate_file]:[295]
[end_pgpromote_tried]:[0]
[end_pgpromote_file]:[0]
[end_pgpromote_anon]:[0]
[end_pgmigrate_success]:[7578451]
[end_pgmigrate_fail]:[866529]
[end_pgmigrate_fail_dst_node_full]:[49152]
[end_pgmigrate_fail_numa_isolate]:[49152]
[end_pgmigrate_fail_nomem]:[789504]
[end_pgmigrate_fail_refcount]:[277710]
[end_success_nr]:[574]
[end_retry_nr]:[334]
[end_retreated_page_nr]:[33]
[end_try_to_promote_nr]:[607]
[end_task_num]:[0]
[end_write_protect_break_num]:[41]
[end_shadow_link_num]:[574]
[end_shadow_demote_num]:[311]
[end_batch_free_num]:[0]
[end_transactional_migration_success_num]:[578]
[end_transactional_migration_fail_num]:[330]
[end_shadow_page_pair]:[172]
[note]:[0]
[milliseconds]:[12536]
[total tick]:[32593338875]
[work type]:[0]
[Bandwidth(MB/s)]:[5608.846522]
---------------------------
-----------start-----------
[start_pgdemote_kswapd]:[5536259]
[start_pgdemote_direct]:[0]
[start_pgdemote_file]:[127019]
[start_pgdemote_anon]:[5409240]
[start_pgpromote_candidate]:[6937]
[start_pgpromote_candidate_demoted]:[6559]
[start_pgpromote_candidate_anon]:[6637]
[start_pgpromote_candidate_file]:[300]
[start_pgpromote_tried]:[0]
[start_pgpromote_file]:[0]
[start_pgpromote_anon]:[0]
[start_pgmigrate_success]:[7755267]
[start_pgmigrate_fail]:[866529]
[start_pgmigrate_fail_dst_node_full]:[49152]
[start_pgmigrate_fail_numa_isolate]:[49152]
[start_pgmigrate_fail_nomem]:[789504]
[start_pgmigrate_fail_refcount]:[277750]
[start_success_nr]:[622]
[start_retry_nr]:[375]
[start_retreated_page_nr]:[37]
[start_try_to_promote_nr]:[659]
[start_task_num]:[0]
[start_write_protect_break_num]:[54]
[start_shadow_link_num]:[619]
[start_shadow_demote_num]:[311]
[start_batch_free_num]:[0]
[start_transactional_migration_success_num]:[624]
[start_transactional_migration_fail_num]:[370]
[start_shadow_page_pair]:[200]
[end_pgdemote_kswapd]:[6503982]
[end_pgdemote_direct]:[0]
[end_pgdemote_file]:[127024]
[end_pgdemote_anon]:[6376958]
[end_pgpromote_candidate]:[725695]
[end_pgpromote_candidate_demoted]:[346333]
[end_pgpromote_candidate_anon]:[725388]
[end_pgpromote_candidate_file]:[307]
[end_pgpromote_tried]:[0]
[end_pgpromote_file]:[0]
[end_pgpromote_anon]:[0]
[end_pgmigrate_success]:[9523246]
[end_pgmigrate_fail]:[1964257]
[end_pgmigrate_fail_dst_node_full]:[49664]
[end_pgmigrate_fail_numa_isolate]:[49664]
[end_pgmigrate_fail_nomem]:[1982183]
[end_pgmigrate_fail_refcount]:[278013]
[end_success_nr]:[264563]
[end_retry_nr]:[974]
[end_retreated_page_nr]:[70]
[end_try_to_promote_nr]:[709175]
[end_task_num]:[0]
[end_write_protect_break_num]:[203027]
[end_shadow_link_num]:[264555]
[end_shadow_demote_num]:[318]
[end_batch_free_num]:[0]
[end_transactional_migration_success_num]:[264560]
[end_transactional_migration_fail_num]:[603]
[end_shadow_page_pair]:[61103]
[note]:[1]
[milliseconds]:[17965]
[total tick]:[46709083762]
[work type]:[0]
[Bandwidth(MB/s)]:[3913.860284]
---------------------------
-----------start-----------
[start_pgdemote_kswapd]:[6503982]
[start_pgdemote_direct]:[0]
[start_pgdemote_file]:[127024]
[start_pgdemote_anon]:[6376958]
[start_pgpromote_candidate]:[725758]
[start_pgpromote_candidate_demoted]:[346392]
[start_pgpromote_candidate_anon]:[725435]
[start_pgpromote_candidate_file]:[323]
[start_pgpromote_tried]:[0]
[start_pgpromote_file]:[0]
[start_pgpromote_anon]:[0]
[start_pgmigrate_success]:[9523246]
[start_pgmigrate_fail]:[1964257]
[start_pgmigrate_fail_dst_node_full]:[49664]
[start_pgmigrate_fail_numa_isolate]:[49664]
[start_pgmigrate_fail_nomem]:[1982183]
[start_pgmigrate_fail_refcount]:[278083]
[start_success_nr]:[264601]
[start_retry_nr]:[1044]
[start_retreated_page_nr]:[77]
[start_try_to_promote_nr]:[709220]
[start_task_num]:[0]
[start_write_protect_break_num]:[203036]
[start_shadow_link_num]:[264593]
[start_shadow_demote_num]:[318]
[start_batch_free_num]:[0]
[start_transactional_migration_success_num]:[264598]
[start_transactional_migration_fail_num]:[673]
[start_shadow_page_pair]:[61046]
[end_pgdemote_kswapd]:[6699239]
[end_pgdemote_direct]:[0]
[end_pgdemote_file]:[127025]
[end_pgdemote_anon]:[6572214]
[end_pgpromote_candidate]:[886678]
[end_pgpromote_candidate_demoted]:[346464]
[end_pgpromote_candidate_anon]:[886342]
[end_pgpromote_candidate_file]:[336]
[end_pgpromote_tried]:[0]
[end_pgpromote_file]:[0]
[end_pgpromote_anon]:[0]
[end_pgmigrate_success]:[10058983]
[end_pgmigrate_fail]:[2256609]
[end_pgmigrate_fail_dst_node_full]:[49664]
[end_pgmigrate_fail_numa_isolate]:[49664]
[end_pgmigrate_fail_nomem]:[2374784]
[end_pgmigrate_fail_refcount]:[278223]
[end_success_nr]:[298257]
[end_retry_nr]:[1292]
[end_retreated_page_nr]:[98]
[end_try_to_promote_nr]:[868892]
[end_task_num]:[0]
[end_write_protect_break_num]:[292740]
[end_shadow_link_num]:[298248]
[end_shadow_demote_num]:[320]
[end_batch_free_num]:[0]
[end_transactional_migration_success_num]:[298253]
[end_transactional_migration_fail_num]:[783]
[end_shadow_page_pair]:[4963]
[note]:[2]
[milliseconds]:[11537]
[total tick]:[29996645770]
[work type]:[0]
[Bandwidth(MB/s)]:[6094.521973]
---------------------------
-----------start-----------
[start_pgdemote_kswapd]:[6980420]
[start_pgdemote_direct]:[0]
[start_pgdemote_file]:[127025]
[start_pgdemote_anon]:[6853395]
[start_pgpromote_candidate]:[886680]
[start_pgpromote_candidate_demoted]:[346466]
[start_pgpromote_candidate_anon]:[886344]
[start_pgpromote_candidate_file]:[336]
[start_pgpromote_tried]:[0]
[start_pgpromote_file]:[0]
[start_pgpromote_anon]:[0]
[start_pgmigrate_success]:[10340164]
[start_pgmigrate_fail]:[2256609]
[start_pgmigrate_fail_dst_node_full]:[49664]
[start_pgmigrate_fail_numa_isolate]:[49664]
[start_pgmigrate_fail_nomem]:[2374784]
[start_pgmigrate_fail_refcount]:[278223]
[start_success_nr]:[298257]
[start_retry_nr]:[1292]
[start_retreated_page_nr]:[98]
[start_try_to_promote_nr]:[868892]
[start_task_num]:[0]
[start_write_protect_break_num]:[292741]
[start_shadow_link_num]:[298248]
[start_shadow_demote_num]:[321]
[start_batch_free_num]:[0]
[start_transactional_migration_success_num]:[298253]
[start_transactional_migration_fail_num]:[783]
[start_shadow_page_pair]:[4961]
[end_pgdemote_kswapd]:[7818003]
[end_pgdemote_direct]:[0]
[end_pgdemote_file]:[127025]
[end_pgdemote_anon]:[7690978]
[end_pgpromote_candidate]:[1158585]
[end_pgpromote_candidate_demoted]:[388887]
[end_pgpromote_candidate_anon]:[1158242]
[end_pgpromote_candidate_file]:[343]
[end_pgpromote_tried]:[0]
[end_pgpromote_file]:[0]
[end_pgpromote_anon]:[0]
[end_pgmigrate_success]:[11721491]
[end_pgmigrate_fail]:[2256609]
[end_pgmigrate_fail_dst_node_full]:[49664]
[end_pgmigrate_fail_numa_isolate]:[49664]
[end_pgmigrate_fail_nomem]:[2374784]
[end_pgmigrate_fail_refcount]:[278295]
[end_success_nr]:[569042]
[end_retry_nr]:[3321]
[end_retreated_page_nr]:[146]
[end_try_to_promote_nr]:[1139725]
[end_task_num]:[0]
[end_write_protect_break_num]:[484437]
[end_shadow_link_num]:[569036]
[end_shadow_demote_num]:[415]
[end_batch_free_num]:[0]
[end_transactional_migration_success_num]:[569038]
[end_transactional_migration_fail_num]:[855]
[end_shadow_page_pair]:[83912]
[note]:[3]
[milliseconds]:[15986]
[total tick]:[41562828970]
[work type]:[0]
[Bandwidth(MB/s)]:[4398.379832]
---------------------------
-----------start-----------
[start_pgdemote_kswapd]:[7818604]
[start_pgdemote_direct]:[0]
[start_pgdemote_file]:[127025]
[start_pgdemote_anon]:[7691579]
[start_pgpromote_candidate]:[1158596]
[start_pgpromote_candidate_demoted]:[388897]
[start_pgpromote_candidate_anon]:[1158253]
[start_pgpromote_candidate_file]:[343]
[start_pgpromote_tried]:[0]
[start_pgpromote_file]:[0]
[start_pgpromote_anon]:[0]
[start_pgmigrate_success]:[11722092]
[start_pgmigrate_fail]:[2256609]
[start_pgmigrate_fail_dst_node_full]:[49664]
[start_pgmigrate_fail_numa_isolate]:[49664]
[start_pgmigrate_fail_nomem]:[2374784]
[start_pgmigrate_fail_refcount]:[278325]
[start_success_nr]:[569052]
[start_retry_nr]:[3351]
[start_retreated_page_nr]:[149]
[start_try_to_promote_nr]:[1139738]
[start_task_num]:[0]
[start_write_protect_break_num]:[484439]
[start_shadow_link_num]:[569041]
[start_shadow_demote_num]:[415]
[start_batch_free_num]:[0]
[start_transactional_migration_success_num]:[569046]
[start_transactional_migration_fail_num]:[885]
[start_shadow_page_pair]:[83914]
[end_pgdemote_kswapd]:[8189348]
[end_pgdemote_direct]:[0]
[end_pgdemote_file]:[127026]
[end_pgdemote_anon]:[8062322]
[end_pgpromote_candidate]:[1406274]
[end_pgpromote_candidate_demoted]:[578743]
[end_pgpromote_candidate_anon]:[1405803]
[end_pgpromote_candidate_file]:[471]
[end_pgpromote_tried]:[0]
[end_pgpromote_file]:[0]
[end_pgpromote_anon]:[0]
[end_pgmigrate_success]:[12200868]
[end_pgmigrate_fail]:[2256609]
[end_pgmigrate_fail_dst_node_full]:[49664]
[end_pgmigrate_fail_numa_isolate]:[49664]
[end_pgmigrate_fail_nomem]:[2374784]
[end_pgmigrate_fail_refcount]:[278885]
[end_success_nr]:[816307]
[end_retry_nr]:[4794]
[end_retreated_page_nr]:[232]
[end_try_to_promote_nr]:[1387076]
[end_task_num]:[0]
[end_write_protect_break_num]:[704424]
[end_shadow_link_num]:[816294]
[end_shadow_demote_num]:[680]
[end_batch_free_num]:[0]
[end_transactional_migration_success_num]:[816299]
[end_transactional_migration_fail_num]:[1445]
[end_shadow_page_pair]:[110867]
[note]:[4]
[milliseconds]:[13700]
[total tick]:[35619218142]
[work type]:[0]
[Bandwidth(MB/s)]:[5132.299270]
---------------------------
