-----------start-----------
[start_pgdemote_kswapd]:[3184275]
[start_pgdemote_direct]:[0]
[start_pgdemote_file]:[150341]
[start_pgdemote_anon]:[3033934]
[start_pgpromote_candidate]:[60]
[start_pgpromote_candidate_demoted]:[60]
[start_pgpromote_candidate_anon]:[60]
[start_pgpromote_candidate_file]:[0]
[start_pgpromote_tried]:[0]
[start_pgpromote_file]:[0]
[start_pgpromote_anon]:[0]
[start_pgmigrate_success]:[3184275]
[start_pgmigrate_fail]:[29]
[start_pgmigrate_fail_dst_node_full]:[0]
[start_pgmigrate_fail_numa_isolate]:[0]
[start_pgmigrate_fail_nomem]:[0]
[start_pgmigrate_fail_refcount]:[60]
[start_success_nr]:[46]
[start_retry_nr]:[61]
[start_retreated_page_nr]:[6]
[start_try_to_promote_nr]:[52]
[start_task_num]:[0]
[start_write_protect_break_num]:[17]
[start_shadow_link_num]:[46]
[start_shadow_demote_num]:[0]
[start_batch_free_num]:[0]
[start_transactional_migration_success_num]:[47]
[start_transactional_migration_fail_num]:[60]
[start_shadow_page_pair]:[15]
[end_pgdemote_kswapd]:[6292408]
[end_pgdemote_direct]:[0]
[end_pgdemote_file]:[166262]
[end_pgdemote_anon]:[6126146]
[end_pgpromote_candidate]:[941412]
[end_pgpromote_candidate_demoted]:[9861]
[end_pgpromote_candidate_anon]:[940962]
[end_pgpromote_candidate_file]:[450]
[end_pgpromote_tried]:[0]
[end_pgpromote_file]:[0]
[end_pgpromote_anon]:[0]
[end_pgmigrate_success]:[7781817]
[end_pgmigrate_fail]:[318118]
[end_pgmigrate_fail_dst_node_full]:[28672]
[end_pgmigrate_fail_numa_isolate]:[28672]
[end_pgmigrate_fail_nomem]:[303107]
[end_pgmigrate_fail_refcount]:[1452]
[end_success_nr]:[917048]
[end_retry_nr]:[12340]
[end_retreated_page_nr]:[355]
[end_try_to_promote_nr]:[937159]
[end_task_num]:[0]
[end_write_protect_break_num]:[442661]
[end_shadow_link_num]:[917011]
[end_shadow_demote_num]:[550]
[end_batch_free_num]:[451170]
[end_transactional_migration_success_num]:[917015]
[end_transactional_migration_fail_num]:[1416]
[end_shadow_page_pair]:[21829]
[note]:[0]
[milliseconds]:[41239]
[total tick]:[107219513311]
[work type]:[0]
[Bandwidth(MB/s)]:[2841.666869]
---------------------------
-----------start-----------
[start_pgdemote_kswapd]:[6406023]
[start_pgdemote_direct]:[0]
[start_pgdemote_file]:[166283]
[start_pgdemote_anon]:[6239740]
[start_pgpromote_candidate]:[941564]
[start_pgpromote_candidate_demoted]:[10012]
[start_pgpromote_candidate_anon]:[941049]
[start_pgpromote_candidate_file]:[515]
[start_pgpromote_tried]:[0]
[start_pgpromote_file]:[0]
[start_pgpromote_anon]:[0]
[start_pgmigrate_success]:[7895897]
[start_pgmigrate_fail]:[318120]
[start_pgmigrate_fail_dst_node_full]:[28672]
[start_pgmigrate_fail_numa_isolate]:[28672]
[start_pgmigrate_fail_nomem]:[303109]
[start_pgmigrate_fail_refcount]:[1462]
[start_success_nr]:[917129]
[start_retry_nr]:[12350]
[start_retreated_page_nr]:[356]
[start_try_to_promote_nr]:[937241]
[start_task_num]:[0]
[start_write_protect_break_num]:[442669]
[start_shadow_link_num]:[917086]
[start_shadow_demote_num]:[552]
[start_batch_free_num]:[451700]
[start_transactional_migration_success_num]:[917090]
[start_transactional_migration_fail_num]:[1416]
[start_shadow_page_pair]:[21362]
[end_pgdemote_kswapd]:[11899032]
[end_pgdemote_direct]:[0]
[end_pgdemote_file]:[167654]
[end_pgdemote_anon]:[11731378]
[end_pgpromote_candidate]:[6572936]
[end_pgpromote_candidate_demoted]:[4810884]
[end_pgpromote_candidate_anon]:[6572320]
[end_pgpromote_candidate_file]:[616]
[end_pgpromote_tried]:[0]
[end_pgpromote_file]:[0]
[end_pgpromote_anon]:[0]
[end_pgmigrate_success]:[13491242]
[end_pgmigrate_fail]:[1152101]
[end_pgmigrate_fail_dst_node_full]:[28672]
[end_pgmigrate_fail_numa_isolate]:[28672]
[end_pgmigrate_fail_nomem]:[1137086]
[end_pgmigrate_fail_refcount]:[3416]
[end_success_nr]:[6320261]
[end_retry_nr]:[55125]
[end_retreated_page_nr]:[821]
[end_try_to_promote_nr]:[6340839]
[end_task_num]:[0]
[end_write_protect_break_num]:[481151]
[end_shadow_link_num]:[6320183]
[end_shadow_demote_num]:[2258]
[end_batch_free_num]:[5835921]
[end_transactional_migration_success_num]:[6320189]
[end_transactional_migration_fail_num]:[3349]
[end_shadow_page_pair]:[0]
[note]:[1]
[milliseconds]:[90018]
[total tick]:[234038325038]
[work type]:[0]
[Bandwidth(MB/s)]:[1301.822969]
---------------------------
-----------start-----------
[start_pgdemote_kswapd]:[11954555]
[start_pgdemote_direct]:[0]
[start_pgdemote_file]:[168114]
[start_pgdemote_anon]:[11786441]
[start_pgpromote_candidate]:[6573650]
[start_pgpromote_candidate_demoted]:[4811595]
[start_pgpromote_candidate_anon]:[6572963]
[start_pgpromote_candidate_file]:[687]
[start_pgpromote_tried]:[0]
[start_pgpromote_file]:[0]
[start_pgpromote_anon]:[0]
[start_pgmigrate_success]:[13546765]
[start_pgmigrate_fail]:[1153009]
[start_pgmigrate_fail_dst_node_full]:[28672]
[start_pgmigrate_fail_numa_isolate]:[28672]
[start_pgmigrate_fail_nomem]:[1137956]
[start_pgmigrate_fail_refcount]:[3878]
[start_success_nr]:[6320875]
[start_retry_nr]:[55456]
[start_retreated_page_nr]:[853]
[start_try_to_promote_nr]:[6341485]
[start_task_num]:[0]
[start_write_protect_break_num]:[481390]
[start_shadow_link_num]:[6320776]
[start_shadow_demote_num]:[2258]
[start_batch_free_num]:[5835952]
[start_transactional_migration_success_num]:[6320783]
[start_transactional_migration_fail_num]:[3631]
[start_shadow_page_pair]:[297]
[end_pgdemote_kswapd]:[15035792]
[end_pgdemote_direct]:[0]
[end_pgdemote_file]:[168939]
[end_pgdemote_anon]:[14866853]
[end_pgpromote_candidate]:[9655514]
[end_pgpromote_candidate_demoted]:[7883667]
[end_pgpromote_candidate_anon]:[9654753]
[end_pgpromote_candidate_file]:[761]
[end_pgpromote_tried]:[0]
[end_pgpromote_file]:[0]
[end_pgpromote_anon]:[0]
[end_pgmigrate_success]:[16628002]
[end_pgmigrate_fail]:[1754030]
[end_pgmigrate_fail_dst_node_full]:[28672]
[end_pgmigrate_fail_numa_isolate]:[28672]
[end_pgmigrate_fail_nomem]:[1738977]
[end_pgmigrate_fail_refcount]:[5877]
[end_success_nr]:[9402042]
[end_retry_nr]:[70331]
[end_retreated_page_nr]:[1157]
[end_try_to_promote_nr]:[9422956]
[end_task_num]:[0]
[end_write_protect_break_num]:[678515]
[end_shadow_link_num]:[9401929]
[end_shadow_demote_num]:[2268]
[end_batch_free_num]:[8720191]
[end_transactional_migration_success_num]:[9401937]
[end_transactional_migration_fail_num]:[5630]
[end_shadow_page_pair]:[0]
[note]:[2]
[milliseconds]:[70322]
[total tick]:[182832601308]
[work type]:[0]
[Bandwidth(MB/s)]:[1666.441512]
---------------------------
-----------start-----------
[start_pgdemote_kswapd]:[15035792]
[start_pgdemote_direct]:[0]
[start_pgdemote_file]:[168939]
[start_pgdemote_anon]:[14866853]
[start_pgpromote_candidate]:[9655627]
[start_pgpromote_candidate_demoted]:[7883778]
[start_pgpromote_candidate_anon]:[9654862]
[start_pgpromote_candidate_file]:[765]
[start_pgpromote_tried]:[0]
[start_pgpromote_file]:[0]
[start_pgpromote_anon]:[0]
[start_pgmigrate_success]:[16628002]
[start_pgmigrate_fail]:[1757346]
[start_pgmigrate_fail_dst_node_full]:[28672]
[start_pgmigrate_fail_numa_isolate]:[28672]
[start_pgmigrate_fail_nomem]:[1742293]
[start_pgmigrate_fail_refcount]:[5908]
[start_success_nr]:[9402141]
[start_retry_nr]:[70362]
[start_retreated_page_nr]:[1160]
[start_try_to_promote_nr]:[9423058]
[start_task_num]:[0]
[start_write_protect_break_num]:[678523]
[start_shadow_link_num]:[9402013]
[start_shadow_demote_num]:[2268]
[start_batch_free_num]:[8720210]
[start_transactional_migration_success_num]:[9402021]
[start_transactional_migration_fail_num]:[5651]
[start_shadow_page_pair]:[49]
[end_pgdemote_kswapd]:[17811742]
[end_pgdemote_direct]:[0]
[end_pgdemote_file]:[168969]
[end_pgdemote_anon]:[17642773]
[end_pgpromote_candidate]:[12431989]
[end_pgpromote_candidate_demoted]:[10659534]
[end_pgpromote_candidate_anon]:[12431151]
[end_pgpromote_candidate_file]:[838]
[end_pgpromote_tried]:[0]
[end_pgpromote_file]:[0]
[end_pgpromote_anon]:[0]
[end_pgmigrate_success]:[19403952]
[end_pgmigrate_fail]:[2414956]
[end_pgmigrate_fail_dst_node_full]:[28672]
[end_pgmigrate_fail_numa_isolate]:[28672]
[end_pgmigrate_fail_nomem]:[2399903]
[end_pgmigrate_fail_refcount]:[7878]
[end_success_nr]:[12177674]
[end_retry_nr]:[82978]
[end_retreated_page_nr]:[1350]
[end_try_to_promote_nr]:[12198781]
[end_task_num]:[0]
[end_write_protect_break_num]:[681400]
[end_shadow_link_num]:[12177535]
[end_shadow_demote_num]:[2281]
[end_batch_free_num]:[11492800]
[end_transactional_migration_success_num]:[12177545]
[end_transactional_migration_fail_num]:[7591]
[end_shadow_page_pair]:[49]
[note]:[3]
[milliseconds]:[62115]
[total tick]:[161495823706]
[work type]:[0]
[Bandwidth(MB/s)]:[1886.621589]
---------------------------
-----------start-----------
[start_pgdemote_kswapd]:[17811926]
[start_pgdemote_direct]:[0]
[start_pgdemote_file]:[168969]
[start_pgdemote_anon]:[17642957]
[start_pgpromote_candidate]:[12432093]
[start_pgpromote_candidate_demoted]:[10659638]
[start_pgpromote_candidate_anon]:[12431255]
[start_pgpromote_candidate_file]:[838]
[start_pgpromote_tried]:[0]
[start_pgpromote_file]:[0]
[start_pgpromote_anon]:[0]
[start_pgmigrate_success]:[19404136]
[start_pgmigrate_fail]:[2417429]
[start_pgmigrate_fail_dst_node_full]:[28672]
[start_pgmigrate_fail_numa_isolate]:[28672]
[start_pgmigrate_fail_nomem]:[2402376]
[start_pgmigrate_fail_refcount]:[8078]
[start_success_nr]:[12177756]
[start_retry_nr]:[83178]
[start_retreated_page_nr]:[1370]
[start_try_to_promote_nr]:[12198883]
[start_task_num]:[0]
[start_write_protect_break_num]:[681404]
[start_shadow_link_num]:[12177604]
[start_shadow_demote_num]:[2281]
[start_batch_free_num]:[11492867]
[start_transactional_migration_success_num]:[12177614]
[start_transactional_migration_fail_num]:[7741]
[start_shadow_page_pair]:[36]
[end_pgdemote_kswapd]:[20480386]
[end_pgdemote_direct]:[0]
[end_pgdemote_file]:[170306]
[end_pgdemote_anon]:[20310080]
[end_pgpromote_candidate]:[15097996]
[end_pgpromote_candidate_demoted]:[13325073]
[end_pgpromote_candidate_anon]:[15097157]
[end_pgpromote_candidate_file]:[839]
[end_pgpromote_tried]:[0]
[end_pgpromote_file]:[0]
[end_pgpromote_anon]:[0]
[end_pgmigrate_success]:[22072596]
[end_pgmigrate_fail]:[2989535]
[end_pgmigrate_fail_dst_node_full]:[28672]
[end_pgmigrate_fail_numa_isolate]:[28672]
[end_pgmigrate_fail_nomem]:[2974473]
[end_pgmigrate_fail_refcount]:[8911]
[end_success_nr]:[14842771]
[end_retry_nr]:[95310]
[end_retreated_page_nr]:[1513]
[end_try_to_promote_nr]:[14864042]
[end_task_num]:[0]
[end_write_protect_break_num]:[687109]
[end_shadow_link_num]:[14842615]
[end_shadow_demote_num]:[2281]
[end_batch_free_num]:[14152104]
[end_transactional_migration_success_num]:[14842626]
[end_transactional_migration_fail_num]:[8564]
[end_shadow_page_pair]:[59]
[note]:[4]
[milliseconds]:[60370]
[total tick]:[156965033148]
[work type]:[0]
[Bandwidth(MB/s)]:[1941.154547]
---------------------------
