-----------start-----------
[start_pgdemote_kswapd]:[2751679]
[start_pgdemote_direct]:[0]
[start_pgdemote_file]:[147318]
[start_pgdemote_anon]:[2604361]
[start_pgpromote_candidate]:[63]
[start_pgpromote_candidate_demoted]:[63]
[start_pgpromote_candidate_anon]:[54]
[start_pgpromote_candidate_file]:[9]
[start_pgpromote_tried]:[0]
[start_pgpromote_file]:[0]
[start_pgpromote_anon]:[0]
[start_pgmigrate_success]:[2751679]
[start_pgmigrate_fail]:[7]
[start_pgmigrate_fail_dst_node_full]:[0]
[start_pgmigrate_fail_numa_isolate]:[0]
[start_pgmigrate_fail_nomem]:[0]
[start_pgmigrate_fail_refcount]:[80]
[start_success_nr]:[44]
[start_retry_nr]:[81]
[start_retreated_page_nr]:[8]
[start_try_to_promote_nr]:[52]
[start_task_num]:[0]
[start_write_protect_break_num]:[19]
[start_shadow_link_num]:[44]
[start_shadow_demote_num]:[0]
[start_batch_free_num]:[0]
[start_transactional_migration_success_num]:[45]
[start_transactional_migration_fail_num]:[80]
[start_shadow_page_pair]:[11]
[end_pgdemote_kswapd]:[3720188]
[end_pgdemote_direct]:[0]
[end_pgdemote_file]:[147318]
[end_pgdemote_anon]:[3572870]
[end_pgpromote_candidate]:[4057]
[end_pgpromote_candidate_demoted]:[4057]
[end_pgpromote_candidate_anon]:[3995]
[end_pgpromote_candidate_file]:[62]
[end_pgpromote_tried]:[0]
[end_pgpromote_file]:[0]
[end_pgpromote_anon]:[0]
[end_pgmigrate_success]:[3721528]
[end_pgmigrate_fail]:[11590]
[end_pgmigrate_fail_dst_node_full]:[0]
[end_pgmigrate_fail_numa_isolate]:[0]
[end_pgmigrate_fail_nomem]:[11583]
[end_pgmigrate_fail_refcount]:[110]
[end_success_nr]:[3983]
[end_retry_nr]:[118]
[end_retreated_page_nr]:[11]
[end_try_to_promote_nr]:[3994]
[end_task_num]:[0]
[end_write_protect_break_num]:[1296]
[end_shadow_link_num]:[3983]
[end_shadow_demote_num]:[0]
[end_batch_free_num]:[1793]
[end_transactional_migration_success_num]:[3985]
[end_transactional_migration_fail_num]:[110]
[end_shadow_page_pair]:[836]
[note]:[0]
[milliseconds]:[14453]
[total tick]:[37577432455]
[work type]:[0]
[Bandwidth(MB/s)]:[8108.178233]
---------------------------
-----------start-----------
[start_pgdemote_kswapd]:[3722035]
[start_pgdemote_direct]:[0]
[start_pgdemote_file]:[147987]
[start_pgdemote_anon]:[3574048]
[start_pgpromote_candidate]:[4057]
[start_pgpromote_candidate_demoted]:[4057]
[start_pgpromote_candidate_anon]:[3995]
[start_pgpromote_candidate_file]:[62]
[start_pgpromote_tried]:[0]
[start_pgpromote_file]:[0]
[start_pgpromote_anon]:[0]
[start_pgmigrate_success]:[3723375]
[start_pgmigrate_fail]:[15433]
[start_pgmigrate_fail_dst_node_full]:[0]
[start_pgmigrate_fail_numa_isolate]:[0]
[start_pgmigrate_fail_nomem]:[15422]
[start_pgmigrate_fail_refcount]:[110]
[start_success_nr]:[3983]
[start_retry_nr]:[118]
[start_retreated_page_nr]:[11]
[start_try_to_promote_nr]:[3994]
[start_task_num]:[0]
[start_write_protect_break_num]:[1296]
[start_shadow_link_num]:[3983]
[start_shadow_demote_num]:[0]
[start_batch_free_num]:[2629]
[start_transactional_migration_success_num]:[3985]
[start_transactional_migration_fail_num]:[110]
[start_shadow_page_pair]:[0]
[end_pgdemote_kswapd]:[5723824]
[end_pgdemote_direct]:[0]
[end_pgdemote_file]:[150071]
[end_pgdemote_anon]:[5573753]
[end_pgpromote_candidate]:[2007087]
[end_pgpromote_candidate_demoted]:[1367137]
[end_pgpromote_candidate_anon]:[2006826]
[end_pgpromote_candidate_file]:[261]
[end_pgpromote_tried]:[0]
[end_pgpromote_file]:[0]
[end_pgpromote_anon]:[0]
[end_pgmigrate_success]:[6021317]
[end_pgmigrate_fail]:[819517]
[end_pgmigrate_fail_dst_node_full]:[0]
[end_pgmigrate_fail_numa_isolate]:[0]
[end_pgmigrate_fail_nomem]:[819384]
[end_pgmigrate_fail_refcount]:[4252]
[end_success_nr]:[2005888]
[end_retry_nr]:[12975]
[end_retreated_page_nr]:[513]
[end_try_to_promote_nr]:[2006401]
[end_task_num]:[0]
[end_write_protect_break_num]:[90948]
[end_shadow_link_num]:[2005856]
[end_shadow_demote_num]:[780]
[end_batch_free_num]:[1914000]
[end_transactional_migration_success_num]:[2005858]
[end_transactional_migration_fail_num]:[4135]
[end_shadow_page_pair]:[0]
[note]:[1]
[milliseconds]:[61264]
[total tick]:[159284459334]
[work type]:[0]
[Bandwidth(MB/s)]:[1912.828088]
---------------------------
-----------start-----------
[start_pgdemote_kswapd]:[5782187]
[start_pgdemote_direct]:[0]
[start_pgdemote_file]:[150071]
[start_pgdemote_anon]:[5632116]
[start_pgpromote_candidate]:[2007251]
[start_pgpromote_candidate_demoted]:[1367298]
[start_pgpromote_candidate_anon]:[2006928]
[start_pgpromote_candidate_file]:[323]
[start_pgpromote_tried]:[0]
[start_pgpromote_file]:[0]
[start_pgpromote_anon]:[0]
[start_pgmigrate_success]:[6079680]
[start_pgmigrate_fail]:[1143448]
[start_pgmigrate_fail_dst_node_full]:[0]
[start_pgmigrate_fail_numa_isolate]:[0]
[start_pgmigrate_fail_nomem]:[1143315]
[start_pgmigrate_fail_refcount]:[4272]
[start_success_nr]:[2005986]
[start_retry_nr]:[12996]
[start_retreated_page_nr]:[515]
[start_try_to_promote_nr]:[2006501]
[start_task_num]:[0]
[start_write_protect_break_num]:[90955]
[start_shadow_link_num]:[2005945]
[start_shadow_demote_num]:[780]
[start_batch_free_num]:[1914078]
[start_transactional_migration_success_num]:[2005948]
[start_transactional_migration_fail_num]:[4155]
[start_shadow_page_pair]:[0]
[end_pgdemote_kswapd]:[8256616]
[end_pgdemote_direct]:[0]
[end_pgdemote_file]:[150327]
[end_pgdemote_anon]:[8106289]
[end_pgpromote_candidate]:[4481898]
[end_pgpromote_candidate_demoted]:[3796665]
[end_pgpromote_candidate_anon]:[4481551]
[end_pgpromote_candidate_file]:[347]
[end_pgpromote_tried]:[0]
[end_pgpromote_file]:[0]
[end_pgpromote_anon]:[0]
[end_pgmigrate_success]:[8554109]
[end_pgmigrate_fail]:[1877654]
[end_pgmigrate_fail_dst_node_full]:[0]
[end_pgmigrate_fail_numa_isolate]:[0]
[end_pgmigrate_fail_nomem]:[1877376]
[end_pgmigrate_fail_refcount]:[6651]
[end_success_nr]:[4480322]
[end_retry_nr]:[26117]
[end_retreated_page_nr]:[799]
[end_try_to_promote_nr]:[4481122]
[end_task_num]:[0]
[end_write_protect_break_num]:[258808]
[end_shadow_link_num]:[4480273]
[end_shadow_demote_num]:[790]
[end_batch_free_num]:[4220496]
[end_transactional_migration_success_num]:[4480277]
[end_transactional_migration_fail_num]:[6483]
[end_shadow_page_pair]:[0]
[note]:[2]
[milliseconds]:[61606]
[total tick]:[160173693716]
[work type]:[0]
[Bandwidth(MB/s)]:[1902.209200]
---------------------------
-----------start-----------
[start_pgdemote_kswapd]:[8258499]
[start_pgdemote_direct]:[0]
[start_pgdemote_file]:[150327]
[start_pgdemote_anon]:[8108172]
[start_pgpromote_candidate]:[4483456]
[start_pgpromote_candidate_demoted]:[3798223]
[start_pgpromote_candidate_anon]:[4482998]
[start_pgpromote_candidate_file]:[458]
[start_pgpromote_tried]:[0]
[start_pgpromote_file]:[0]
[start_pgpromote_anon]:[0]
[start_pgmigrate_success]:[8555992]
[start_pgmigrate_fail]:[2176084]
[start_pgmigrate_fail_dst_node_full]:[0]
[start_pgmigrate_fail_numa_isolate]:[0]
[start_pgmigrate_fail_nomem]:[2175806]
[start_pgmigrate_fail_refcount]:[7466]
[start_success_nr]:[4481692]
[start_retry_nr]:[26934]
[start_retreated_page_nr]:[873]
[start_try_to_promote_nr]:[4482567]
[start_task_num]:[0]
[start_write_protect_break_num]:[258815]
[start_shadow_link_num]:[4481638]
[start_shadow_demote_num]:[790]
[start_batch_free_num]:[4221848]
[start_transactional_migration_success_num]:[4481642]
[start_transactional_migration_fail_num]:[7288]
[start_shadow_page_pair]:[0]
[end_pgdemote_kswapd]:[10562370]
[end_pgdemote_direct]:[0]
[end_pgdemote_file]:[150754]
[end_pgdemote_anon]:[10411616]
[end_pgpromote_candidate]:[6788338]
[end_pgpromote_candidate_demoted]:[6093970]
[end_pgpromote_candidate_anon]:[6787783]
[end_pgpromote_candidate_file]:[555]
[end_pgpromote_tried]:[0]
[end_pgpromote_file]:[0]
[end_pgpromote_anon]:[0]
[end_pgmigrate_success]:[18737239]
[end_pgmigrate_fail]:[2811233]
[end_pgmigrate_fail_dst_node_full]:[0]
[end_pgmigrate_fail_numa_isolate]:[0]
[end_pgmigrate_fail_nomem]:[2810853]
[end_pgmigrate_fail_refcount]:[10475]
[end_success_nr]:[6786142]
[end_retry_nr]:[39562]
[end_retreated_page_nr]:[1206]
[end_try_to_promote_nr]:[6787350]
[end_task_num]:[0]
[end_write_protect_break_num]:[438515]
[end_shadow_link_num]:[6786084]
[end_shadow_demote_num]:[840]
[end_batch_free_num]:[6346485]
[end_transactional_migration_success_num]:[6786088]
[end_transactional_migration_fail_num]:[10287]
[end_shadow_page_pair]:[0]
[note]:[3]
[milliseconds]:[57088]
[total tick]:[148429608660]
[work type]:[0]
[Bandwidth(MB/s)]:[2052.751892]
---------------------------
-----------start-----------
[start_pgdemote_kswapd]:[10562370]
[start_pgdemote_direct]:[0]
[start_pgdemote_file]:[150754]
[start_pgdemote_anon]:[10411616]
[start_pgpromote_candidate]:[6788423]
[start_pgpromote_candidate_demoted]:[6094055]
[start_pgpromote_candidate_anon]:[6787851]
[start_pgpromote_candidate_file]:[572]
[start_pgpromote_tried]:[0]
[start_pgpromote_file]:[0]
[start_pgpromote_anon]:[0]
[start_pgmigrate_success]:[18737239]
[start_pgmigrate_fail]:[2905136]
[start_pgmigrate_fail_dst_node_full]:[0]
[start_pgmigrate_fail_numa_isolate]:[0]
[start_pgmigrate_fail_nomem]:[2904756]
[start_pgmigrate_fail_refcount]:[10535]
[start_success_nr]:[6786199]
[start_retry_nr]:[39622]
[start_retreated_page_nr]:[1212]
[start_try_to_promote_nr]:[6787413]
[start_task_num]:[0]
[start_write_protect_break_num]:[438527]
[start_shadow_link_num]:[6786137]
[start_shadow_demote_num]:[840]
[start_batch_free_num]:[6346501]
[start_transactional_migration_success_num]:[6786141]
[start_transactional_migration_fail_num]:[10337]
[start_shadow_page_pair]:[19]
[end_pgdemote_kswapd]:[13091603]
[end_pgdemote_direct]:[0]
[end_pgdemote_file]:[150807]
[end_pgdemote_anon]:[12940796]
[end_pgpromote_candidate]:[9319844]
[end_pgpromote_candidate_demoted]:[8599762]
[end_pgpromote_candidate_anon]:[9319241]
[end_pgpromote_candidate_file]:[603]
[end_pgpromote_tried]:[0]
[end_pgpromote_file]:[0]
[end_pgpromote_anon]:[0]
[end_pgmigrate_success]:[21266472]
[end_pgmigrate_fail]:[3588991]
[end_pgmigrate_fail_dst_node_full]:[0]
[end_pgmigrate_fail_numa_isolate]:[0]
[end_pgmigrate_fail_nomem]:[3588477]
[end_pgmigrate_fail_refcount]:[12194]
[end_success_nr]:[9315099]
[end_retry_nr]:[51046]
[end_retreated_page_nr]:[1414]
[end_try_to_promote_nr]:[9316515]
[end_task_num]:[0]
[end_write_protect_break_num]:[476519]
[end_shadow_link_num]:[9315035]
[end_shadow_demote_num]:[853]
[end_batch_free_num]:[8837380]
[end_transactional_migration_success_num]:[9315042]
[end_transactional_migration_fail_num]:[11986]
[end_shadow_page_pair]:[0]
[note]:[4]
[milliseconds]:[57871]
[total tick]:[150463670378]
[work type]:[0]
[Bandwidth(MB/s)]:[2024.977968]
---------------------------
