-----------start-----------
[start_pgdemote_kswapd]:[2729196]
[start_pgdemote_direct]:[0]
[start_pgdemote_file]:[147012]
[start_pgdemote_anon]:[2582184]
[start_pgpromote_candidate]:[57]
[start_pgpromote_candidate_demoted]:[57]
[start_pgpromote_candidate_anon]:[50]
[start_pgpromote_candidate_file]:[7]
[start_pgpromote_tried]:[0]
[start_pgpromote_file]:[0]
[start_pgpromote_anon]:[0]
[start_pgmigrate_success]:[2729196]
[start_pgmigrate_fail]:[0]
[start_pgmigrate_fail_dst_node_full]:[0]
[start_pgmigrate_fail_numa_isolate]:[0]
[start_pgmigrate_fail_nomem]:[0]
[start_pgmigrate_fail_refcount]:[40]
[start_success_nr]:[42]
[start_retry_nr]:[41]
[start_retreated_page_nr]:[4]
[start_try_to_promote_nr]:[46]
[start_task_num]:[0]
[start_write_protect_break_num]:[13]
[start_shadow_link_num]:[42]
[start_shadow_demote_num]:[0]
[start_batch_free_num]:[0]
[start_transactional_migration_success_num]:[43]
[start_transactional_migration_fail_num]:[40]
[start_shadow_page_pair]:[12]
[end_pgdemote_kswapd]:[7597803]
[end_pgdemote_direct]:[0]
[end_pgdemote_file]:[154297]
[end_pgdemote_anon]:[7443506]
[end_pgpromote_candidate]:[2154143]
[end_pgpromote_candidate_demoted]:[751308]
[end_pgpromote_candidate_anon]:[2153857]
[end_pgpromote_candidate_file]:[286]
[end_pgpromote_tried]:[0]
[end_pgpromote_file]:[0]
[end_pgpromote_anon]:[0]
[end_pgmigrate_success]:[9360208]
[end_pgmigrate_fail]:[370080]
[end_pgmigrate_fail_dst_node_full]:[0]
[end_pgmigrate_fail_numa_isolate]:[0]
[end_pgmigrate_fail_nomem]:[369921]
[end_pgmigrate_fail_refcount]:[3888]
[end_success_nr]:[2147208]
[end_retry_nr]:[20189]
[end_retreated_page_nr]:[507]
[end_try_to_promote_nr]:[2147715]
[end_task_num]:[0]
[end_write_protect_break_num]:[47845]
[end_shadow_link_num]:[2147174]
[end_shadow_demote_num]:[2408]
[end_batch_free_num]:[2096759]
[end_transactional_migration_success_num]:[2147176]
[end_transactional_migration_fail_num]:[2318]
[end_shadow_page_pair]:[0]
[note]:[0]
[milliseconds]:[57686]
[total tick]:[149968469580]
[work type]:[0]
[Bandwidth(MB/s)]:[2031.472108]
---------------------------
-----------start-----------
[start_pgdemote_kswapd]:[7597803]
[start_pgdemote_direct]:[0]
[start_pgdemote_file]:[154297]
[start_pgdemote_anon]:[7443506]
[start_pgpromote_candidate]:[2154272]
[start_pgpromote_candidate_demoted]:[751434]
[start_pgpromote_candidate_anon]:[2153949]
[start_pgpromote_candidate_file]:[323]
[start_pgpromote_tried]:[0]
[start_pgpromote_file]:[0]
[start_pgpromote_anon]:[0]
[start_pgmigrate_success]:[9360208]
[start_pgmigrate_fail]:[376671]
[start_pgmigrate_fail_dst_node_full]:[0]
[start_pgmigrate_fail_numa_isolate]:[0]
[start_pgmigrate_fail_nomem]:[376512]
[start_pgmigrate_fail_refcount]:[3948]
[start_success_nr]:[2147290]
[start_retry_nr]:[20250]
[start_retreated_page_nr]:[513]
[start_try_to_promote_nr]:[2147803]
[start_task_num]:[0]
[start_write_protect_break_num]:[47856]
[start_shadow_link_num]:[2147247]
[start_shadow_demote_num]:[2408]
[start_batch_free_num]:[2096779]
[start_transactional_migration_success_num]:[2147249]
[start_transactional_migration_fail_num]:[2368]
[start_shadow_page_pair]:[31]
[end_pgdemote_kswapd]:[13249264]
[end_pgdemote_direct]:[0]
[end_pgdemote_file]:[154812]
[end_pgdemote_anon]:[13094452]
[end_pgpromote_candidate]:[8185175]
[end_pgpromote_candidate_demoted]:[5259925]
[end_pgpromote_candidate_anon]:[8184706]
[end_pgpromote_candidate_file]:[469]
[end_pgpromote_tried]:[0]
[end_pgpromote_file]:[0]
[end_pgpromote_anon]:[0]
[end_pgmigrate_success]:[15017301]
[end_pgmigrate_fail]:[1074429]
[end_pgmigrate_fail_dst_node_full]:[0]
[end_pgmigrate_fail_numa_isolate]:[0]
[end_pgmigrate_fail_nomem]:[1074254]
[end_pgmigrate_fail_refcount]:[5647]
[end_success_nr]:[7794824]
[end_retry_nr]:[58001]
[end_retreated_page_nr]:[1054]
[end_try_to_promote_nr]:[7795878]
[end_task_num]:[0]
[end_write_protect_break_num]:[257296]
[end_shadow_link_num]:[7794749]
[end_shadow_demote_num]:[56006]
[end_batch_free_num]:[7479160]
[end_transactional_migration_success_num]:[7794756]
[end_transactional_migration_fail_num]:[4023]
[end_shadow_page_pair]:[2014]
[note]:[1]
[milliseconds]:[89081]
[total tick]:[231597961876]
[work type]:[0]
[Bandwidth(MB/s)]:[1315.516216]
---------------------------
-----------start-----------
[start_pgdemote_kswapd]:[13309607]
[start_pgdemote_direct]:[0]
[start_pgdemote_file]:[154989]
[start_pgdemote_anon]:[13154618]
[start_pgpromote_candidate]:[8186699]
[start_pgpromote_candidate_demoted]:[5261449]
[start_pgpromote_candidate_anon]:[8186199]
[start_pgpromote_candidate_file]:[500]
[start_pgpromote_tried]:[0]
[start_pgpromote_file]:[0]
[start_pgpromote_anon]:[0]
[start_pgmigrate_success]:[15077644]
[start_pgmigrate_fail]:[1076821]
[start_pgmigrate_fail_dst_node_full]:[0]
[start_pgmigrate_fail_numa_isolate]:[0]
[start_pgmigrate_fail_nomem]:[1076639]
[start_pgmigrate_fail_refcount]:[6502]
[start_success_nr]:[7796234]
[start_retry_nr]:[58876]
[start_retreated_page_nr]:[1137]
[start_try_to_promote_nr]:[7797371]
[start_task_num]:[0]
[start_write_protect_break_num]:[257573]
[start_shadow_link_num]:[7796149]
[start_shadow_demote_num]:[56006]
[start_batch_free_num]:[7481184]
[start_transactional_migration_success_num]:[7796157]
[start_transactional_migration_fail_num]:[4877]
[start_shadow_page_pair]:[1086]
[end_pgdemote_kswapd]:[16611777]
[end_pgdemote_direct]:[0]
[end_pgdemote_file]:[155592]
[end_pgdemote_anon]:[16456185]
[end_pgpromote_candidate]:[11489407]
[end_pgpromote_candidate_demoted]:[8525570]
[end_pgpromote_candidate_anon]:[11488878]
[end_pgpromote_candidate_file]:[529]
[end_pgpromote_tried]:[0]
[end_pgpromote_file]:[0]
[end_pgpromote_anon]:[0]
[end_pgmigrate_success]:[18379814]
[end_pgmigrate_fail]:[1621473]
[end_pgmigrate_fail_dst_node_full]:[0]
[end_pgmigrate_fail_numa_isolate]:[0]
[end_pgmigrate_fail_nomem]:[1621290]
[end_pgmigrate_fail_refcount]:[8876]
[end_success_nr]:[11098642]
[end_retry_nr]:[74176]
[end_retreated_page_nr]:[1400]
[end_try_to_promote_nr]:[11100042]
[end_task_num]:[0]
[end_write_protect_break_num]:[268436]
[end_shadow_link_num]:[11098551]
[end_shadow_demote_num]:[56330]
[end_batch_free_num]:[10771920]
[end_transactional_migration_success_num]:[11098561]
[end_transactional_migration_fail_num]:[7221]
[end_shadow_page_pair]:[1486]
[note]:[2]
[milliseconds]:[62403]
[total tick]:[162241952032]
[work type]:[0]
[Bandwidth(MB/s)]:[1877.914523]
---------------------------
-----------start-----------
[start_pgdemote_kswapd]:[16613297]
[start_pgdemote_direct]:[0]
[start_pgdemote_file]:[155592]
[start_pgdemote_anon]:[16457705]
[start_pgpromote_candidate]:[11489505]
[start_pgpromote_candidate_demoted]:[8525667]
[start_pgpromote_candidate_anon]:[11488976]
[start_pgpromote_candidate_file]:[529]
[start_pgpromote_tried]:[0]
[start_pgpromote_file]:[0]
[start_pgpromote_anon]:[0]
[start_pgmigrate_success]:[18381334]
[start_pgmigrate_fail]:[1621955]
[start_pgmigrate_fail_dst_node_full]:[0]
[start_pgmigrate_fail_numa_isolate]:[0]
[start_pgmigrate_fail_nomem]:[1621772]
[start_pgmigrate_fail_refcount]:[9036]
[start_success_nr]:[11098726]
[start_retry_nr]:[74336]
[start_retreated_page_nr]:[1416]
[start_try_to_promote_nr]:[11100142]
[start_task_num]:[0]
[start_write_protect_break_num]:[268450]
[start_shadow_link_num]:[11098628]
[start_shadow_demote_num]:[56330]
[start_batch_free_num]:[10773420]
[start_transactional_migration_success_num]:[11098638]
[start_transactional_migration_fail_num]:[7371]
[start_shadow_page_pair]:[35]
[end_pgdemote_kswapd]:[19407060]
[end_pgdemote_direct]:[0]
[end_pgdemote_file]:[158034]
[end_pgdemote_anon]:[19249026]
[end_pgpromote_candidate]:[14275474]
[end_pgpromote_candidate_demoted]:[11311408]
[end_pgpromote_candidate_anon]:[14274869]
[end_pgpromote_candidate_file]:[605]
[end_pgpromote_tried]:[0]
[end_pgpromote_file]:[0]
[end_pgpromote_anon]:[0]
[end_pgmigrate_success]:[21175097]
[end_pgmigrate_fail]:[2135717]
[end_pgmigrate_fail_dst_node_full]:[0]
[end_pgmigrate_fail_numa_isolate]:[0]
[end_pgmigrate_fail_nomem]:[2135485]
[end_pgmigrate_fail_refcount]:[10973]
[end_success_nr]:[13884101]
[end_retry_nr]:[93620]
[end_retreated_page_nr]:[1792]
[end_try_to_promote_nr]:[13885897]
[end_task_num]:[0]
[end_write_protect_break_num]:[270501]
[end_shadow_link_num]:[13884001]
[end_shadow_demote_num]:[56330]
[end_batch_free_num]:[13556477]
[end_transactional_migration_success_num]:[13884011]
[end_transactional_migration_fail_num]:[9308]
[end_shadow_page_pair]:[259]
[note]:[3]
[milliseconds]:[59505]
[total tick]:[154704064366]
[work type]:[0]
[Bandwidth(MB/s)]:[1969.372322]
---------------------------
-----------start-----------
[start_pgdemote_kswapd]:[19407844]
[start_pgdemote_direct]:[0]
[start_pgdemote_file]:[158117]
[start_pgdemote_anon]:[19249727]
[start_pgpromote_candidate]:[14275643]
[start_pgpromote_candidate_demoted]:[11311569]
[start_pgpromote_candidate_anon]:[14274978]
[start_pgpromote_candidate_file]:[665]
[start_pgpromote_tried]:[0]
[start_pgpromote_file]:[0]
[start_pgpromote_anon]:[0]
[start_pgmigrate_success]:[21175881]
[start_pgmigrate_fail]:[2151561]
[start_pgmigrate_fail_dst_node_full]:[0]
[start_pgmigrate_fail_numa_isolate]:[0]
[start_pgmigrate_fail_nomem]:[2151329]
[start_pgmigrate_fail_refcount]:[11113]
[start_success_nr]:[13884197]
[start_retry_nr]:[93760]
[start_retreated_page_nr]:[1806]
[start_try_to_promote_nr]:[13886007]
[start_task_num]:[0]
[start_write_protect_break_num]:[270512]
[start_shadow_link_num]:[13884092]
[start_shadow_demote_num]:[56330]
[start_batch_free_num]:[13556755]
[start_transactional_migration_success_num]:[13884102]
[start_transactional_migration_fail_num]:[9428]
[start_shadow_page_pair]:[46]
[end_pgdemote_kswapd]:[22046564]
[end_pgdemote_direct]:[0]
[end_pgdemote_file]:[159749]
[end_pgdemote_anon]:[21886815]
[end_pgpromote_candidate]:[16914228]
[end_pgpromote_candidate_demoted]:[13949723]
[end_pgpromote_candidate_anon]:[16913406]
[end_pgpromote_candidate_file]:[822]
[end_pgpromote_tried]:[0]
[end_pgpromote_file]:[0]
[end_pgpromote_anon]:[0]
[end_pgmigrate_success]:[23814601]
[end_pgmigrate_fail]:[2697330]
[end_pgmigrate_fail_dst_node_full]:[0]
[end_pgmigrate_fail_numa_isolate]:[0]
[end_pgmigrate_fail_nomem]:[2697066]
[end_pgmigrate_fail_refcount]:[12472]
[end_success_nr]:[16522324]
[end_retry_nr]:[103229]
[end_retreated_page_nr]:[1952]
[end_try_to_promote_nr]:[16524281]
[end_task_num]:[0]
[end_write_protect_break_num]:[276684]
[end_shadow_link_num]:[16522216]
[end_shadow_demote_num]:[56334]
[end_batch_free_num]:[16188712]
[end_transactional_migration_success_num]:[16522227]
[end_transactional_migration_fail_num]:[10785]
[end_shadow_page_pair]:[0]
[note]:[4]
[milliseconds]:[56278]
[total tick]:[146316879620]
[work type]:[0]
[Bandwidth(MB/s)]:[2082.296812]
---------------------------
