-----------start-----------
[start_pgdemote_kswapd]:[1495501]
[start_pgdemote_direct]:[0]
[start_pgdemote_file]:[88432]
[start_pgdemote_anon]:[1407069]
[start_pgpromote_candidate]:[42]
[start_pgpromote_candidate_demoted]:[42]
[start_pgpromote_candidate_anon]:[39]
[start_pgpromote_candidate_file]:[3]
[start_pgpromote_tried]:[0]
[start_pgpromote_file]:[0]
[start_pgpromote_anon]:[0]
[start_pgmigrate_success]:[1495501]
[start_pgmigrate_fail]:[3]
[start_pgmigrate_fail_dst_node_full]:[0]
[start_pgmigrate_fail_numa_isolate]:[0]
[start_pgmigrate_fail_nomem]:[0]
[start_pgmigrate_fail_refcount]:[24]
[start_success_nr]:[40]
[start_retry_nr]:[101]
[start_retreated_page_nr]:[10]
[start_try_to_promote_nr]:[50]
[start_task_num]:[0]
[start_write_protect_break_num]:[5]
[start_shadow_link_num]:[42]
[start_shadow_demote_num]:[0]
[start_batch_free_num]:[0]
[start_transactional_migration_success_num]:[41]
[start_transactional_migration_fail_num]:[100]
[start_shadow_page_pair]:[30]
[end_pgdemote_kswapd]:[3781699]
[end_pgdemote_direct]:[0]
[end_pgdemote_file]:[88432]
[end_pgdemote_anon]:[3693267]
[end_pgpromote_candidate]:[2653]
[end_pgpromote_candidate_demoted]:[2653]
[end_pgpromote_candidate_anon]:[2650]
[end_pgpromote_candidate_file]:[3]
[end_pgpromote_tried]:[0]
[end_pgpromote_file]:[0]
[end_pgpromote_anon]:[0]
[end_pgmigrate_success]:[4602435]
[end_pgmigrate_fail]:[3]
[end_pgmigrate_fail_dst_node_full]:[0]
[end_pgmigrate_fail_numa_isolate]:[0]
[end_pgmigrate_fail_nomem]:[0]
[end_pgmigrate_fail_refcount]:[140]
[end_success_nr]:[1030]
[end_retry_nr]:[141]
[end_retreated_page_nr]:[14]
[end_try_to_promote_nr]:[1044]
[end_task_num]:[0]
[end_write_protect_break_num]:[103]
[end_shadow_link_num]:[1030]
[end_shadow_demote_num]:[0]
[end_batch_free_num]:[0]
[end_transactional_migration_success_num]:[1031]
[end_transactional_migration_fail_num]:[140]
[end_shadow_page_pair]:[885]
[note]:[0]
[milliseconds]:[9130]
[total tick]:[23749460344]
[work type]:[0]
[Bandwidth(MB/s)]:[7701.259584]
---------------------------
-----------start-----------
[start_pgdemote_kswapd]:[3781699]
[start_pgdemote_direct]:[0]
[start_pgdemote_file]:[88432]
[start_pgdemote_anon]:[3693267]
[start_pgpromote_candidate]:[2653]
[start_pgpromote_candidate_demoted]:[2653]
[start_pgpromote_candidate_anon]:[2650]
[start_pgpromote_candidate_file]:[3]
[start_pgpromote_tried]:[0]
[start_pgpromote_file]:[0]
[start_pgpromote_anon]:[0]
[start_pgmigrate_success]:[4602435]
[start_pgmigrate_fail]:[3]
[start_pgmigrate_fail_dst_node_full]:[0]
[start_pgmigrate_fail_numa_isolate]:[0]
[start_pgmigrate_fail_nomem]:[0]
[start_pgmigrate_fail_refcount]:[140]
[start_success_nr]:[1030]
[start_retry_nr]:[141]
[start_retreated_page_nr]:[14]
[start_try_to_promote_nr]:[1044]
[start_task_num]:[0]
[start_write_protect_break_num]:[115]
[start_shadow_link_num]:[1030]
[start_shadow_demote_num]:[0]
[start_batch_free_num]:[0]
[start_transactional_migration_success_num]:[1031]
[start_transactional_migration_fail_num]:[140]
[start_shadow_page_pair]:[873]
[end_pgdemote_kswapd]:[3781699]
[end_pgdemote_direct]:[0]
[end_pgdemote_file]:[88432]
[end_pgdemote_anon]:[3693267]
[end_pgpromote_candidate]:[3062]
[end_pgpromote_candidate_demoted]:[3062]
[end_pgpromote_candidate_anon]:[3059]
[end_pgpromote_candidate_file]:[3]
[end_pgpromote_tried]:[0]
[end_pgpromote_file]:[0]
[end_pgpromote_anon]:[0]
[end_pgmigrate_success]:[4637251]
[end_pgmigrate_fail]:[3]
[end_pgmigrate_fail_dst_node_full]:[0]
[end_pgmigrate_fail_numa_isolate]:[0]
[end_pgmigrate_fail_nomem]:[0]
[end_pgmigrate_fail_refcount]:[140]
[end_success_nr]:[1369]
[end_retry_nr]:[141]
[end_retreated_page_nr]:[14]
[end_try_to_promote_nr]:[1383]
[end_task_num]:[0]
[end_write_protect_break_num]:[115]
[end_shadow_link_num]:[1369]
[end_shadow_demote_num]:[0]
[end_batch_free_num]:[0]
[end_transactional_migration_success_num]:[1370]
[end_transactional_migration_fail_num]:[140]
[end_shadow_page_pair]:[1212]
[note]:[1]
[milliseconds]:[8125]
[total tick]:[21128847492]
[work type]:[0]
[Bandwidth(MB/s)]:[8653.846154]
---------------------------
-----------start-----------
[start_pgdemote_kswapd]:[3781699]
[start_pgdemote_direct]:[0]
[start_pgdemote_file]:[88432]
[start_pgdemote_anon]:[3693267]
[start_pgpromote_candidate]:[3063]
[start_pgpromote_candidate_demoted]:[3063]
[start_pgpromote_candidate_anon]:[3060]
[start_pgpromote_candidate_file]:[3]
[start_pgpromote_tried]:[0]
[start_pgpromote_file]:[0]
[start_pgpromote_anon]:[0]
[start_pgmigrate_success]:[4637251]
[start_pgmigrate_fail]:[3]
[start_pgmigrate_fail_dst_node_full]:[0]
[start_pgmigrate_fail_numa_isolate]:[0]
[start_pgmigrate_fail_nomem]:[0]
[start_pgmigrate_fail_refcount]:[140]
[start_success_nr]:[1372]
[start_retry_nr]:[141]
[start_retreated_page_nr]:[14]
[start_try_to_promote_nr]:[1386]
[start_task_num]:[0]
[start_write_protect_break_num]:[115]
[start_shadow_link_num]:[1372]
[start_shadow_demote_num]:[0]
[start_batch_free_num]:[0]
[start_transactional_migration_success_num]:[1373]
[start_transactional_migration_fail_num]:[140]
[start_shadow_page_pair]:[362]
[end_pgdemote_kswapd]:[3781699]
[end_pgdemote_direct]:[0]
[end_pgdemote_file]:[88432]
[end_pgdemote_anon]:[3693267]
[end_pgpromote_candidate]:[3069]
[end_pgpromote_candidate_demoted]:[3069]
[end_pgpromote_candidate_anon]:[3065]
[end_pgpromote_candidate_file]:[4]
[end_pgpromote_tried]:[0]
[end_pgpromote_file]:[0]
[end_pgpromote_anon]:[0]
[end_pgmigrate_success]:[4637251]
[end_pgmigrate_fail]:[3]
[end_pgmigrate_fail_dst_node_full]:[0]
[end_pgmigrate_fail_numa_isolate]:[0]
[end_pgmigrate_fail_nomem]:[0]
[end_pgmigrate_fail_refcount]:[140]
[end_success_nr]:[1373]
[end_retry_nr]:[141]
[end_retreated_page_nr]:[14]
[end_try_to_promote_nr]:[1387]
[end_task_num]:[0]
[end_write_protect_break_num]:[115]
[end_shadow_link_num]:[1373]
[end_shadow_demote_num]:[0]
[end_batch_free_num]:[0]
[end_transactional_migration_success_num]:[1374]
[end_transactional_migration_fail_num]:[140]
[end_shadow_page_pair]:[363]
[note]:[2]
[milliseconds]:[8260]
[total tick]:[21477767938]
[work type]:[0]
[Bandwidth(MB/s)]:[8512.409201]
---------------------------
-----------start-----------
[start_pgdemote_kswapd]:[3781699]
[start_pgdemote_direct]:[0]
[start_pgdemote_file]:[88432]
[start_pgdemote_anon]:[3693267]
[start_pgpromote_candidate]:[3069]
[start_pgpromote_candidate_demoted]:[3069]
[start_pgpromote_candidate_anon]:[3065]
[start_pgpromote_candidate_file]:[4]
[start_pgpromote_tried]:[0]
[start_pgpromote_file]:[0]
[start_pgpromote_anon]:[0]
[start_pgmigrate_success]:[4637251]
[start_pgmigrate_fail]:[3]
[start_pgmigrate_fail_dst_node_full]:[0]
[start_pgmigrate_fail_numa_isolate]:[0]
[start_pgmigrate_fail_nomem]:[0]
[start_pgmigrate_fail_refcount]:[140]
[start_success_nr]:[1373]
[start_retry_nr]:[141]
[start_retreated_page_nr]:[14]
[start_try_to_promote_nr]:[1387]
[start_task_num]:[0]
[start_write_protect_break_num]:[115]
[start_shadow_link_num]:[1373]
[start_shadow_demote_num]:[0]
[start_batch_free_num]:[0]
[start_transactional_migration_success_num]:[1374]
[start_transactional_migration_fail_num]:[140]
[start_shadow_page_pair]:[363]
[end_pgdemote_kswapd]:[3781699]
[end_pgdemote_direct]:[0]
[end_pgdemote_file]:[88432]
[end_pgdemote_anon]:[3693267]
[end_pgpromote_candidate]:[3939]
[end_pgpromote_candidate_demoted]:[3939]
[end_pgpromote_candidate_anon]:[3935]
[end_pgpromote_candidate_file]:[4]
[end_pgpromote_tried]:[0]
[end_pgpromote_file]:[0]
[end_pgpromote_anon]:[0]
[end_pgmigrate_success]:[5080643]
[end_pgmigrate_fail]:[3]
[end_pgmigrate_fail_dst_node_full]:[0]
[end_pgmigrate_fail_numa_isolate]:[0]
[end_pgmigrate_fail_nomem]:[0]
[end_pgmigrate_fail_refcount]:[140]
[end_success_nr]:[1379]
[end_retry_nr]:[141]
[end_retreated_page_nr]:[14]
[end_try_to_promote_nr]:[1393]
[end_task_num]:[0]
[end_write_protect_break_num]:[115]
[end_shadow_link_num]:[1379]
[end_shadow_demote_num]:[0]
[end_batch_free_num]:[0]
[end_transactional_migration_success_num]:[1380]
[end_transactional_migration_fail_num]:[140]
[end_shadow_page_pair]:[369]
[note]:[3]
[milliseconds]:[8907]
[total tick]:[23160728736]
[work type]:[0]
[Bandwidth(MB/s)]:[7894.072078]
---------------------------
-----------start-----------
[start_pgdemote_kswapd]:[3781699]
[start_pgdemote_direct]:[0]
[start_pgdemote_file]:[88432]
[start_pgdemote_anon]:[3693267]
[start_pgpromote_candidate]:[4331]
[start_pgpromote_candidate_demoted]:[4331]
[start_pgpromote_candidate_anon]:[4325]
[start_pgpromote_candidate_file]:[6]
[start_pgpromote_tried]:[0]
[start_pgpromote_file]:[0]
[start_pgpromote_anon]:[0]
[start_pgmigrate_success]:[5080643]
[start_pgmigrate_fail]:[3]
[start_pgmigrate_fail_dst_node_full]:[0]
[start_pgmigrate_fail_numa_isolate]:[0]
[start_pgmigrate_fail_nomem]:[0]
[start_pgmigrate_fail_refcount]:[612]
[start_success_nr]:[1725]
[start_retry_nr]:[613]
[start_retreated_page_nr]:[60]
[start_try_to_promote_nr]:[1785]
[start_task_num]:[0]
[start_write_protect_break_num]:[238]
[start_shadow_link_num]:[1725]
[start_shadow_demote_num]:[0]
[start_batch_free_num]:[0]
[start_transactional_migration_success_num]:[1726]
[start_transactional_migration_fail_num]:[612]
[start_shadow_page_pair]:[583]
[end_pgdemote_kswapd]:[4527085]
[end_pgdemote_direct]:[0]
[end_pgdemote_file]:[88432]
[end_pgdemote_anon]:[4438653]
[end_pgpromote_candidate]:[5915]
[end_pgpromote_candidate_demoted]:[5915]
[end_pgpromote_candidate_anon]:[5909]
[end_pgpromote_candidate_file]:[6]
[end_pgpromote_tried]:[0]
[end_pgpromote_file]:[0]
[end_pgpromote_anon]:[0]
[end_pgmigrate_success]:[6612461]
[end_pgmigrate_fail]:[3]
[end_pgmigrate_fail_dst_node_full]:[0]
[end_pgmigrate_fail_numa_isolate]:[0]
[end_pgmigrate_fail_nomem]:[0]
[end_pgmigrate_fail_refcount]:[742]
[end_success_nr]:[1760]
[end_retry_nr]:[743]
[end_retreated_page_nr]:[73]
[end_try_to_promote_nr]:[1833]
[end_task_num]:[0]
[end_write_protect_break_num]:[244]
[end_shadow_link_num]:[1760]
[end_shadow_demote_num]:[175]
[end_batch_free_num]:[0]
[end_transactional_migration_success_num]:[1761]
[end_transactional_migration_fail_num]:[742]
[end_shadow_page_pair]:[433]
[note]:[4]
[milliseconds]:[9434]
[total tick]:[24525283070]
[work type]:[0]
[Bandwidth(MB/s)]:[7453.095188]
---------------------------
