-----------start-----------
[start_pgdemote_kswapd]:[1416135]
[start_pgdemote_direct]:[0]
[start_pgdemote_file]:[88131]
[start_pgdemote_anon]:[1328004]
[start_pgpromote_candidate]:[53]
[start_pgpromote_candidate_demoted]:[52]
[start_pgpromote_candidate_anon]:[53]
[start_pgpromote_candidate_file]:[0]
[start_pgpromote_tried]:[0]
[start_pgpromote_file]:[0]
[start_pgpromote_anon]:[0]
[start_pgmigrate_success]:[1416135]
[start_pgmigrate_fail]:[2]
[start_pgmigrate_fail_dst_node_full]:[0]
[start_pgmigrate_fail_numa_isolate]:[0]
[start_pgmigrate_fail_nomem]:[0]
[start_pgmigrate_fail_refcount]:[80]
[start_success_nr]:[37]
[start_retry_nr]:[81]
[start_retreated_page_nr]:[8]
[start_try_to_promote_nr]:[45]
[start_task_num]:[0]
[start_write_protect_break_num]:[19]
[start_shadow_link_num]:[37]
[start_shadow_demote_num]:[0]
[start_batch_free_num]:[0]
[start_transactional_migration_success_num]:[38]
[start_transactional_migration_fail_num]:[80]
[start_shadow_page_pair]:[9]
[end_pgdemote_kswapd]:[3252753]
[end_pgdemote_direct]:[0]
[end_pgdemote_file]:[88131]
[end_pgdemote_anon]:[3164622]
[end_pgpromote_candidate]:[2807]
[end_pgpromote_candidate_demoted]:[2806]
[end_pgpromote_candidate_anon]:[2805]
[end_pgpromote_candidate_file]:[2]
[end_pgpromote_tried]:[0]
[end_pgpromote_file]:[0]
[end_pgpromote_anon]:[0]
[end_pgmigrate_success]:[4139025]
[end_pgmigrate_fail]:[2]
[end_pgmigrate_fail_dst_node_full]:[0]
[end_pgmigrate_fail_numa_isolate]:[0]
[end_pgmigrate_fail_nomem]:[0]
[end_pgmigrate_fail_refcount]:[180]
[end_success_nr]:[1049]
[end_retry_nr]:[181]
[end_retreated_page_nr]:[18]
[end_try_to_promote_nr]:[1067]
[end_task_num]:[0]
[end_write_protect_break_num]:[158]
[end_shadow_link_num]:[1049]
[end_shadow_demote_num]:[0]
[end_batch_free_num]:[0]
[end_transactional_migration_success_num]:[1050]
[end_transactional_migration_fail_num]:[180]
[end_shadow_page_pair]:[854]
[note]:[0]
[milliseconds]:[9340]
[total tick]:[24285027683]
[work type]:[0]
[Bandwidth(MB/s)]:[7528.104925]
---------------------------
-----------start-----------
[start_pgdemote_kswapd]:[3252753]
[start_pgdemote_direct]:[0]
[start_pgdemote_file]:[88131]
[start_pgdemote_anon]:[3164622]
[start_pgpromote_candidate]:[2807]
[start_pgpromote_candidate_demoted]:[2806]
[start_pgpromote_candidate_anon]:[2805]
[start_pgpromote_candidate_file]:[2]
[start_pgpromote_tried]:[0]
[start_pgpromote_file]:[0]
[start_pgpromote_anon]:[0]
[start_pgmigrate_success]:[4139025]
[start_pgmigrate_fail]:[2]
[start_pgmigrate_fail_dst_node_full]:[0]
[start_pgmigrate_fail_numa_isolate]:[0]
[start_pgmigrate_fail_nomem]:[0]
[start_pgmigrate_fail_refcount]:[180]
[start_success_nr]:[1049]
[start_retry_nr]:[181]
[start_retreated_page_nr]:[18]
[start_try_to_promote_nr]:[1067]
[start_task_num]:[0]
[start_write_protect_break_num]:[159]
[start_shadow_link_num]:[1049]
[start_shadow_demote_num]:[0]
[start_batch_free_num]:[0]
[start_transactional_migration_success_num]:[1050]
[start_transactional_migration_fail_num]:[180]
[start_shadow_page_pair]:[853]
[end_pgdemote_kswapd]:[3289112]
[end_pgdemote_direct]:[0]
[end_pgdemote_file]:[88131]
[end_pgdemote_anon]:[3200981]
[end_pgpromote_candidate]:[3218]
[end_pgpromote_candidate_demoted]:[3217]
[end_pgpromote_candidate_anon]:[3214]
[end_pgpromote_candidate_file]:[4]
[end_pgpromote_tried]:[0]
[end_pgpromote_file]:[0]
[end_pgpromote_anon]:[0]
[end_pgmigrate_success]:[4210200]
[end_pgmigrate_fail]:[2]
[end_pgmigrate_fail_dst_node_full]:[0]
[end_pgmigrate_fail_numa_isolate]:[0]
[end_pgmigrate_fail_nomem]:[0]
[end_pgmigrate_fail_refcount]:[200]
[end_success_nr]:[1389]
[end_retry_nr]:[201]
[end_retreated_page_nr]:[20]
[end_try_to_promote_nr]:[1409]
[end_task_num]:[0]
[end_write_protect_break_num]:[159]
[end_shadow_link_num]:[1389]
[end_shadow_demote_num]:[0]
[end_batch_free_num]:[0]
[end_transactional_migration_success_num]:[1390]
[end_transactional_migration_fail_num]:[200]
[end_shadow_page_pair]:[1193]
[note]:[1]
[milliseconds]:[8543]
[total tick]:[22213705822]
[work type]:[0]
[Bandwidth(MB/s)]:[8230.422568]
---------------------------
-----------start-----------
[start_pgdemote_kswapd]:[3289112]
[start_pgdemote_direct]:[0]
[start_pgdemote_file]:[88131]
[start_pgdemote_anon]:[3200981]
[start_pgpromote_candidate]:[3218]
[start_pgpromote_candidate_demoted]:[3217]
[start_pgpromote_candidate_anon]:[3214]
[start_pgpromote_candidate_file]:[4]
[start_pgpromote_tried]:[0]
[start_pgpromote_file]:[0]
[start_pgpromote_anon]:[0]
[start_pgmigrate_success]:[4210200]
[start_pgmigrate_fail]:[2]
[start_pgmigrate_fail_dst_node_full]:[0]
[start_pgmigrate_fail_numa_isolate]:[0]
[start_pgmigrate_fail_nomem]:[0]
[start_pgmigrate_fail_refcount]:[200]
[start_success_nr]:[1389]
[start_retry_nr]:[201]
[start_retreated_page_nr]:[20]
[start_try_to_promote_nr]:[1409]
[start_task_num]:[0]
[start_write_protect_break_num]:[159]
[start_shadow_link_num]:[1389]
[start_shadow_demote_num]:[0]
[start_batch_free_num]:[0]
[start_transactional_migration_success_num]:[1390]
[start_transactional_migration_fail_num]:[200]
[start_shadow_page_pair]:[345]
[end_pgdemote_kswapd]:[3289112]
[end_pgdemote_direct]:[0]
[end_pgdemote_file]:[88131]
[end_pgdemote_anon]:[3200981]
[end_pgpromote_candidate]:[3218]
[end_pgpromote_candidate_demoted]:[3217]
[end_pgpromote_candidate_anon]:[3214]
[end_pgpromote_candidate_file]:[4]
[end_pgpromote_tried]:[0]
[end_pgpromote_file]:[0]
[end_pgpromote_anon]:[0]
[end_pgmigrate_success]:[4210200]
[end_pgmigrate_fail]:[2]
[end_pgmigrate_fail_dst_node_full]:[0]
[end_pgmigrate_fail_numa_isolate]:[0]
[end_pgmigrate_fail_nomem]:[0]
[end_pgmigrate_fail_refcount]:[200]
[end_success_nr]:[1389]
[end_retry_nr]:[201]
[end_retreated_page_nr]:[20]
[end_try_to_promote_nr]:[1409]
[end_task_num]:[0]
[end_write_protect_break_num]:[159]
[end_shadow_link_num]:[1389]
[end_shadow_demote_num]:[0]
[end_batch_free_num]:[0]
[end_transactional_migration_success_num]:[1390]
[end_transactional_migration_fail_num]:[200]
[end_shadow_page_pair]:[345]
[note]:[2]
[milliseconds]:[8592]
[total tick]:[22341067094]
[work type]:[0]
[Bandwidth(MB/s)]:[8183.484637]
---------------------------
-----------start-----------
[start_pgdemote_kswapd]:[3289112]
[start_pgdemote_direct]:[0]
[start_pgdemote_file]:[88131]
[start_pgdemote_anon]:[3200981]
[start_pgpromote_candidate]:[3218]
[start_pgpromote_candidate_demoted]:[3217]
[start_pgpromote_candidate_anon]:[3214]
[start_pgpromote_candidate_file]:[4]
[start_pgpromote_tried]:[0]
[start_pgpromote_file]:[0]
[start_pgpromote_anon]:[0]
[start_pgmigrate_success]:[4210200]
[start_pgmigrate_fail]:[2]
[start_pgmigrate_fail_dst_node_full]:[0]
[start_pgmigrate_fail_numa_isolate]:[0]
[start_pgmigrate_fail_nomem]:[0]
[start_pgmigrate_fail_refcount]:[200]
[start_success_nr]:[1389]
[start_retry_nr]:[201]
[start_retreated_page_nr]:[20]
[start_try_to_promote_nr]:[1409]
[start_task_num]:[0]
[start_write_protect_break_num]:[159]
[start_shadow_link_num]:[1389]
[start_shadow_demote_num]:[0]
[start_batch_free_num]:[0]
[start_transactional_migration_success_num]:[1390]
[start_transactional_migration_fail_num]:[200]
[start_shadow_page_pair]:[345]
[end_pgdemote_kswapd]:[4026128]
[end_pgdemote_direct]:[0]
[end_pgdemote_file]:[88131]
[end_pgdemote_anon]:[3937997]
[end_pgpromote_candidate]:[4469]
[end_pgpromote_candidate_demoted]:[4468]
[end_pgpromote_candidate_anon]:[4464]
[end_pgpromote_candidate_file]:[5]
[end_pgpromote_tried]:[0]
[end_pgpromote_file]:[0]
[end_pgpromote_anon]:[0]
[end_pgmigrate_success]:[5587216]
[end_pgmigrate_fail]:[2]
[end_pgmigrate_fail_dst_node_full]:[0]
[end_pgmigrate_fail_numa_isolate]:[0]
[end_pgmigrate_fail_nomem]:[0]
[end_pgmigrate_fail_refcount]:[200]
[end_success_nr]:[1392]
[end_retry_nr]:[201]
[end_retreated_page_nr]:[20]
[end_try_to_promote_nr]:[1412]
[end_task_num]:[0]
[end_write_protect_break_num]:[159]
[end_shadow_link_num]:[1392]
[end_shadow_demote_num]:[0]
[end_batch_free_num]:[0]
[end_transactional_migration_success_num]:[1393]
[end_transactional_migration_fail_num]:[200]
[end_shadow_page_pair]:[348]
[note]:[3]
[milliseconds]:[9667]
[total tick]:[25135119778]
[work type]:[0]
[Bandwidth(MB/s)]:[7273.456088]
---------------------------
-----------start-----------
[start_pgdemote_kswapd]:[4026128]
[start_pgdemote_direct]:[0]
[start_pgdemote_file]:[88131]
[start_pgdemote_anon]:[3937997]
[start_pgpromote_candidate]:[4476]
[start_pgpromote_candidate_demoted]:[4475]
[start_pgpromote_candidate_anon]:[4471]
[start_pgpromote_candidate_file]:[5]
[start_pgpromote_tried]:[0]
[start_pgpromote_file]:[0]
[start_pgpromote_anon]:[0]
[start_pgmigrate_success]:[5587216]
[start_pgmigrate_fail]:[2]
[start_pgmigrate_fail_dst_node_full]:[0]
[start_pgmigrate_fail_numa_isolate]:[0]
[start_pgmigrate_fail_nomem]:[0]
[start_pgmigrate_fail_refcount]:[200]
[start_success_nr]:[1392]
[start_retry_nr]:[201]
[start_retreated_page_nr]:[20]
[start_try_to_promote_nr]:[1412]
[start_task_num]:[0]
[start_write_protect_break_num]:[159]
[start_shadow_link_num]:[1392]
[start_shadow_demote_num]:[0]
[start_batch_free_num]:[0]
[start_transactional_migration_success_num]:[1393]
[start_transactional_migration_fail_num]:[200]
[start_shadow_page_pair]:[348]
[end_pgdemote_kswapd]:[4036334]
[end_pgdemote_direct]:[0]
[end_pgdemote_file]:[88131]
[end_pgdemote_anon]:[3948203]
[end_pgpromote_candidate]:[4776]
[end_pgpromote_candidate_demoted]:[4773]
[end_pgpromote_candidate_anon]:[4771]
[end_pgpromote_candidate_file]:[5]
[end_pgpromote_tried]:[0]
[end_pgpromote_file]:[0]
[end_pgpromote_anon]:[0]
[end_pgmigrate_success]:[5748462]
[end_pgmigrate_fail]:[2]
[end_pgmigrate_fail_dst_node_full]:[0]
[end_pgmigrate_fail_numa_isolate]:[0]
[end_pgmigrate_fail_nomem]:[0]
[end_pgmigrate_fail_refcount]:[200]
[end_success_nr]:[1399]
[end_retry_nr]:[201]
[end_retreated_page_nr]:[20]
[end_try_to_promote_nr]:[1419]
[end_task_num]:[0]
[end_write_protect_break_num]:[159]
[end_shadow_link_num]:[1399]
[end_shadow_demote_num]:[2]
[end_batch_free_num]:[0]
[end_transactional_migration_success_num]:[1400]
[end_transactional_migration_fail_num]:[200]
[end_shadow_page_pair]:[353]
[note]:[4]
[milliseconds]:[8695]
[total tick]:[22607999848]
[work type]:[0]
[Bandwidth(MB/s)]:[8086.543991]
---------------------------
