-----------start-----------
[start_pgdemote_kswapd]:[1492756]
[start_pgdemote_direct]:[0]
[start_pgdemote_file]:[104055]
[start_pgdemote_anon]:[1388701]
[start_pgpromote_candidate]:[59]
[start_pgpromote_candidate_demoted]:[58]
[start_pgpromote_candidate_anon]:[59]
[start_pgpromote_candidate_file]:[0]
[start_pgpromote_tried]:[0]
[start_pgpromote_file]:[0]
[start_pgpromote_anon]:[0]
[start_pgmigrate_success]:[1492756]
[start_pgmigrate_fail]:[0]
[start_pgmigrate_fail_dst_node_full]:[0]
[start_pgmigrate_fail_numa_isolate]:[0]
[start_pgmigrate_fail_nomem]:[0]
[start_pgmigrate_fail_refcount]:[20]
[start_success_nr]:[49]
[start_retry_nr]:[21]
[start_retreated_page_nr]:[2]
[start_try_to_promote_nr]:[51]
[start_task_num]:[0]
[start_write_protect_break_num]:[10]
[start_shadow_link_num]:[49]
[start_shadow_demote_num]:[0]
[start_batch_free_num]:[0]
[start_transactional_migration_success_num]:[49]
[start_transactional_migration_fail_num]:[20]
[start_shadow_page_pair]:[15]
[end_pgdemote_kswapd]:[3797732]
[end_pgdemote_direct]:[0]
[end_pgdemote_file]:[104055]
[end_pgdemote_anon]:[3693677]
[end_pgpromote_candidate]:[2434]
[end_pgpromote_candidate_demoted]:[2433]
[end_pgpromote_candidate_anon]:[2432]
[end_pgpromote_candidate_file]:[2]
[end_pgpromote_tried]:[0]
[end_pgpromote_file]:[0]
[end_pgpromote_anon]:[0]
[end_pgmigrate_success]:[4618980]
[end_pgmigrate_fail]:[0]
[end_pgmigrate_fail_dst_node_full]:[0]
[end_pgmigrate_fail_numa_isolate]:[0]
[end_pgmigrate_fail_nomem]:[0]
[end_pgmigrate_fail_refcount]:[80]
[end_success_nr]:[816]
[end_retry_nr]:[81]
[end_retreated_page_nr]:[8]
[end_try_to_promote_nr]:[824]
[end_task_num]:[0]
[end_write_protect_break_num]:[345]
[end_shadow_link_num]:[816]
[end_shadow_demote_num]:[0]
[end_batch_free_num]:[0]
[end_transactional_migration_success_num]:[816]
[end_transactional_migration_fail_num]:[80]
[end_shadow_page_pair]:[406]
[note]:[0]
[milliseconds]:[9133]
[total tick]:[23742574288]
[work type]:[0]
[Bandwidth(MB/s)]:[7698.729881]
---------------------------
-----------start-----------
[start_pgdemote_kswapd]:[3797732]
[start_pgdemote_direct]:[0]
[start_pgdemote_file]:[104055]
[start_pgdemote_anon]:[3693677]
[start_pgpromote_candidate]:[2447]
[start_pgpromote_candidate_demoted]:[2446]
[start_pgpromote_candidate_anon]:[2445]
[start_pgpromote_candidate_file]:[2]
[start_pgpromote_tried]:[0]
[start_pgpromote_file]:[0]
[start_pgpromote_anon]:[0]
[start_pgmigrate_success]:[4618980]
[start_pgmigrate_fail]:[0]
[start_pgmigrate_fail_dst_node_full]:[0]
[start_pgmigrate_fail_numa_isolate]:[0]
[start_pgmigrate_fail_nomem]:[0]
[start_pgmigrate_fail_refcount]:[90]
[start_success_nr]:[827]
[start_retry_nr]:[91]
[start_retreated_page_nr]:[9]
[start_try_to_promote_nr]:[836]
[start_task_num]:[0]
[start_write_protect_break_num]:[352]
[start_shadow_link_num]:[827]
[start_shadow_demote_num]:[0]
[start_batch_free_num]:[0]
[start_transactional_migration_success_num]:[827]
[start_transactional_migration_fail_num]:[90]
[start_shadow_page_pair]:[410]
[end_pgdemote_kswapd]:[3797732]
[end_pgdemote_direct]:[0]
[end_pgdemote_file]:[104055]
[end_pgdemote_anon]:[3693677]
[end_pgpromote_candidate]:[3368]
[end_pgpromote_candidate_demoted]:[3367]
[end_pgpromote_candidate_anon]:[3366]
[end_pgpromote_candidate_file]:[2]
[end_pgpromote_tried]:[0]
[end_pgpromote_file]:[0]
[end_pgpromote_anon]:[0]
[end_pgmigrate_success]:[4653284]
[end_pgmigrate_fail]:[0]
[end_pgmigrate_fail_dst_node_full]:[0]
[end_pgmigrate_fail_numa_isolate]:[0]
[end_pgmigrate_fail_nomem]:[0]
[end_pgmigrate_fail_refcount]:[110]
[end_success_nr]:[1678]
[end_retry_nr]:[111]
[end_retreated_page_nr]:[11]
[end_try_to_promote_nr]:[1689]
[end_task_num]:[0]
[end_write_protect_break_num]:[355]
[end_shadow_link_num]:[1678]
[end_shadow_demote_num]:[0]
[end_batch_free_num]:[0]
[end_transactional_migration_success_num]:[1678]
[end_transactional_migration_fail_num]:[110]
[end_shadow_page_pair]:[1258]
[note]:[1]
[milliseconds]:[8351]
[total tick]:[21711613704]
[work type]:[0]
[Bandwidth(MB/s)]:[8419.650341]
---------------------------
-----------start-----------
[start_pgdemote_kswapd]:[3797732]
[start_pgdemote_direct]:[0]
[start_pgdemote_file]:[104055]
[start_pgdemote_anon]:[3693677]
[start_pgpromote_candidate]:[3369]
[start_pgpromote_candidate_demoted]:[3368]
[start_pgpromote_candidate_anon]:[3367]
[start_pgpromote_candidate_file]:[2]
[start_pgpromote_tried]:[0]
[start_pgpromote_file]:[0]
[start_pgpromote_anon]:[0]
[start_pgmigrate_success]:[4653284]
[start_pgmigrate_fail]:[0]
[start_pgmigrate_fail_dst_node_full]:[0]
[start_pgmigrate_fail_numa_isolate]:[0]
[start_pgmigrate_fail_nomem]:[0]
[start_pgmigrate_fail_refcount]:[110]
[start_success_nr]:[1681]
[start_retry_nr]:[111]
[start_retreated_page_nr]:[11]
[start_try_to_promote_nr]:[1692]
[start_task_num]:[0]
[start_write_protect_break_num]:[357]
[start_shadow_link_num]:[1681]
[start_shadow_demote_num]:[0]
[start_batch_free_num]:[0]
[start_transactional_migration_success_num]:[1681]
[start_transactional_migration_fail_num]:[110]
[start_shadow_page_pair]:[921]
[end_pgdemote_kswapd]:[3797732]
[end_pgdemote_direct]:[0]
[end_pgdemote_file]:[104055]
[end_pgdemote_anon]:[3693677]
[end_pgpromote_candidate]:[3373]
[end_pgpromote_candidate_demoted]:[3372]
[end_pgpromote_candidate_anon]:[3370]
[end_pgpromote_candidate_file]:[3]
[end_pgpromote_tried]:[0]
[end_pgpromote_file]:[0]
[end_pgpromote_anon]:[0]
[end_pgmigrate_success]:[4653284]
[end_pgmigrate_fail]:[0]
[end_pgmigrate_fail_dst_node_full]:[0]
[end_pgmigrate_fail_numa_isolate]:[0]
[end_pgmigrate_fail_nomem]:[0]
[end_pgmigrate_fail_refcount]:[110]
[end_success_nr]:[1682]
[end_retry_nr]:[111]
[end_retreated_page_nr]:[11]
[end_try_to_promote_nr]:[1693]
[end_task_num]:[0]
[end_write_protect_break_num]:[361]
[end_shadow_link_num]:[1682]
[end_shadow_demote_num]:[0]
[end_batch_free_num]:[0]
[end_transactional_migration_success_num]:[1682]
[end_transactional_migration_fail_num]:[110]
[end_shadow_page_pair]:[918]
[note]:[2]
[milliseconds]:[8184]
[total tick]:[21277691526]
[work type]:[0]
[Bandwidth(MB/s)]:[8591.458944]
---------------------------
-----------start-----------
[start_pgdemote_kswapd]:[3797732]
[start_pgdemote_direct]:[0]
[start_pgdemote_file]:[104055]
[start_pgdemote_anon]:[3693677]
[start_pgpromote_candidate]:[3373]
[start_pgpromote_candidate_demoted]:[3372]
[start_pgpromote_candidate_anon]:[3370]
[start_pgpromote_candidate_file]:[3]
[start_pgpromote_tried]:[0]
[start_pgpromote_file]:[0]
[start_pgpromote_anon]:[0]
[start_pgmigrate_success]:[4653284]
[start_pgmigrate_fail]:[0]
[start_pgmigrate_fail_dst_node_full]:[0]
[start_pgmigrate_fail_numa_isolate]:[0]
[start_pgmigrate_fail_nomem]:[0]
[start_pgmigrate_fail_refcount]:[110]
[start_success_nr]:[1682]
[start_retry_nr]:[111]
[start_retreated_page_nr]:[11]
[start_try_to_promote_nr]:[1693]
[start_task_num]:[0]
[start_write_protect_break_num]:[361]
[start_shadow_link_num]:[1682]
[start_shadow_demote_num]:[0]
[start_batch_free_num]:[0]
[start_transactional_migration_success_num]:[1682]
[start_transactional_migration_fail_num]:[110]
[start_shadow_page_pair]:[918]
[end_pgdemote_kswapd]:[3797732]
[end_pgdemote_direct]:[0]
[end_pgdemote_file]:[104055]
[end_pgdemote_anon]:[3693677]
[end_pgpromote_candidate]:[4118]
[end_pgpromote_candidate_demoted]:[4117]
[end_pgpromote_candidate_anon]:[4115]
[end_pgpromote_candidate_file]:[3]
[end_pgpromote_tried]:[0]
[end_pgpromote_file]:[0]
[end_pgpromote_anon]:[0]
[end_pgmigrate_success]:[5031140]
[end_pgmigrate_fail]:[0]
[end_pgmigrate_fail_dst_node_full]:[0]
[end_pgmigrate_fail_numa_isolate]:[0]
[end_pgmigrate_fail_nomem]:[0]
[end_pgmigrate_fail_refcount]:[110]
[end_success_nr]:[1687]
[end_retry_nr]:[111]
[end_retreated_page_nr]:[11]
[end_try_to_promote_nr]:[1698]
[end_task_num]:[0]
[end_write_protect_break_num]:[361]
[end_shadow_link_num]:[1687]
[end_shadow_demote_num]:[0]
[end_batch_free_num]:[0]
[end_transactional_migration_success_num]:[1687]
[end_transactional_migration_fail_num]:[110]
[end_shadow_page_pair]:[923]
[note]:[3]
[milliseconds]:[8905]
[total tick]:[23152886086]
[work type]:[0]
[Bandwidth(MB/s)]:[7895.845031]
---------------------------
-----------start-----------
[start_pgdemote_kswapd]:[3797732]
[start_pgdemote_direct]:[0]
[start_pgdemote_file]:[104055]
[start_pgdemote_anon]:[3693677]
[start_pgpromote_candidate]:[4312]
[start_pgpromote_candidate_demoted]:[4311]
[start_pgpromote_candidate_anon]:[4307]
[start_pgpromote_candidate_file]:[5]
[start_pgpromote_tried]:[0]
[start_pgpromote_file]:[0]
[start_pgpromote_anon]:[0]
[start_pgmigrate_success]:[5031140]
[start_pgmigrate_fail]:[0]
[start_pgmigrate_fail_dst_node_full]:[0]
[start_pgmigrate_fail_numa_isolate]:[0]
[start_pgmigrate_fail_nomem]:[0]
[start_pgmigrate_fail_refcount]:[375]
[start_success_nr]:[1857]
[start_retry_nr]:[376]
[start_retreated_page_nr]:[37]
[start_try_to_promote_nr]:[1894]
[start_task_num]:[0]
[start_write_protect_break_num]:[434]
[start_shadow_link_num]:[1857]
[start_shadow_demote_num]:[0]
[start_batch_free_num]:[0]
[start_transactional_migration_success_num]:[1857]
[start_transactional_migration_fail_num]:[375]
[start_shadow_page_pair]:[1020]
[end_pgdemote_kswapd]:[4456607]
[end_pgdemote_direct]:[0]
[end_pgdemote_file]:[104055]
[end_pgdemote_anon]:[4352552]
[end_pgpromote_candidate]:[5849]
[end_pgpromote_candidate_demoted]:[5848]
[end_pgpromote_candidate_anon]:[5844]
[end_pgpromote_candidate_file]:[5]
[end_pgpromote_tried]:[0]
[end_pgpromote_file]:[0]
[end_pgpromote_anon]:[0]
[end_pgmigrate_success]:[6476447]
[end_pgmigrate_fail]:[0]
[end_pgmigrate_fail_dst_node_full]:[0]
[end_pgmigrate_fail_numa_isolate]:[0]
[end_pgmigrate_fail_nomem]:[0]
[end_pgmigrate_fail_refcount]:[375]
[end_success_nr]:[1858]
[end_retry_nr]:[376]
[end_retreated_page_nr]:[37]
[end_try_to_promote_nr]:[1895]
[end_task_num]:[0]
[end_write_protect_break_num]:[434]
[end_shadow_link_num]:[1858]
[end_shadow_demote_num]:[0]
[end_batch_free_num]:[0]
[end_transactional_migration_success_num]:[1858]
[end_transactional_migration_fail_num]:[375]
[end_shadow_page_pair]:[1021]
[note]:[4]
[milliseconds]:[9185]
[total tick]:[23880965656]
[work type]:[0]
[Bandwidth(MB/s)]:[7655.144257]
---------------------------
