-----------start-----------
[start_pgdemote_kswapd]:[1365851]
[start_pgdemote_direct]:[0]
[start_pgdemote_file]:[77850]
[start_pgdemote_anon]:[1288001]
[start_pgpromote_candidate]:[28]
[start_pgpromote_candidate_demoted]:[28]
[start_pgpromote_candidate_anon]:[28]
[start_pgpromote_candidate_file]:[0]
[start_pgpromote_tried]:[0]
[start_pgpromote_file]:[0]
[start_pgpromote_anon]:[0]
[start_pgmigrate_success]:[1365851]
[start_pgmigrate_fail]:[21]
[start_pgmigrate_fail_dst_node_full]:[0]
[start_pgmigrate_fail_numa_isolate]:[0]
[start_pgmigrate_fail_nomem]:[0]
[start_pgmigrate_fail_refcount]:[60]
[start_success_nr]:[18]
[start_retry_nr]:[60]
[start_retreated_page_nr]:[6]
[start_try_to_promote_nr]:[24]
[start_task_num]:[0]
[start_write_protect_break_num]:[3]
[start_shadow_link_num]:[18]
[start_shadow_demote_num]:[0]
[start_batch_free_num]:[0]
[start_transactional_migration_success_num]:[18]
[start_transactional_migration_fail_num]:[60]
[start_shadow_page_pair]:[4]
[end_pgdemote_kswapd]:[3228069]
[end_pgdemote_direct]:[0]
[end_pgdemote_file]:[77850]
[end_pgdemote_anon]:[3150219]
[end_pgpromote_candidate]:[2448]
[end_pgpromote_candidate_demoted]:[2448]
[end_pgpromote_candidate_anon]:[2448]
[end_pgpromote_candidate_file]:[0]
[end_pgpromote_tried]:[0]
[end_pgpromote_file]:[0]
[end_pgpromote_anon]:[0]
[end_pgmigrate_success]:[4049317]
[end_pgmigrate_fail]:[21]
[end_pgmigrate_fail_dst_node_full]:[0]
[end_pgmigrate_fail_numa_isolate]:[0]
[end_pgmigrate_fail_nomem]:[0]
[end_pgmigrate_fail_refcount]:[80]
[end_success_nr]:[833]
[end_retry_nr]:[81]
[end_retreated_page_nr]:[8]
[end_try_to_promote_nr]:[841]
[end_task_num]:[0]
[end_write_protect_break_num]:[432]
[end_shadow_link_num]:[833]
[end_shadow_demote_num]:[0]
[end_batch_free_num]:[0]
[end_transactional_migration_success_num]:[833]
[end_transactional_migration_fail_num]:[80]
[end_shadow_page_pair]:[345]
[note]:[0]
[milliseconds]:[9128]
[total tick]:[23734019635]
[work type]:[0]
[Bandwidth(MB/s)]:[7702.946976]
---------------------------
-----------start-----------
[start_pgdemote_kswapd]:[3228069]
[start_pgdemote_direct]:[0]
[start_pgdemote_file]:[77850]
[start_pgdemote_anon]:[3150219]
[start_pgpromote_candidate]:[2448]
[start_pgpromote_candidate_demoted]:[2448]
[start_pgpromote_candidate_anon]:[2448]
[start_pgpromote_candidate_file]:[0]
[start_pgpromote_tried]:[0]
[start_pgpromote_file]:[0]
[start_pgpromote_anon]:[0]
[start_pgmigrate_success]:[4049317]
[start_pgmigrate_fail]:[21]
[start_pgmigrate_fail_dst_node_full]:[0]
[start_pgmigrate_fail_numa_isolate]:[0]
[start_pgmigrate_fail_nomem]:[0]
[start_pgmigrate_fail_refcount]:[80]
[start_success_nr]:[833]
[start_retry_nr]:[81]
[start_retreated_page_nr]:[8]
[start_try_to_promote_nr]:[841]
[start_task_num]:[0]
[start_write_protect_break_num]:[432]
[start_shadow_link_num]:[833]
[start_shadow_demote_num]:[0]
[start_batch_free_num]:[0]
[start_transactional_migration_success_num]:[833]
[start_transactional_migration_fail_num]:[80]
[start_shadow_page_pair]:[345]
[end_pgdemote_kswapd]:[3228069]
[end_pgdemote_direct]:[0]
[end_pgdemote_file]:[77850]
[end_pgdemote_anon]:[3150219]
[end_pgpromote_candidate]:[2857]
[end_pgpromote_candidate_demoted]:[2857]
[end_pgpromote_candidate_anon]:[2857]
[end_pgpromote_candidate_file]:[0]
[end_pgpromote_tried]:[0]
[end_pgpromote_file]:[0]
[end_pgpromote_anon]:[0]
[end_pgmigrate_success]:[4084133]
[end_pgmigrate_fail]:[21]
[end_pgmigrate_fail_dst_node_full]:[0]
[end_pgmigrate_fail_numa_isolate]:[0]
[end_pgmigrate_fail_nomem]:[0]
[end_pgmigrate_fail_refcount]:[80]
[end_success_nr]:[1170]
[end_retry_nr]:[81]
[end_retreated_page_nr]:[8]
[end_try_to_promote_nr]:[1178]
[end_task_num]:[0]
[end_write_protect_break_num]:[432]
[end_shadow_link_num]:[1170]
[end_shadow_demote_num]:[0]
[end_batch_free_num]:[0]
[end_transactional_migration_success_num]:[1170]
[end_transactional_migration_fail_num]:[80]
[end_shadow_page_pair]:[682]
[note]:[1]
[milliseconds]:[8585]
[total tick]:[22323339652]
[work type]:[0]
[Bandwidth(MB/s)]:[8190.157251]
---------------------------
-----------start-----------
[start_pgdemote_kswapd]:[3228069]
[start_pgdemote_direct]:[0]
[start_pgdemote_file]:[77850]
[start_pgdemote_anon]:[3150219]
[start_pgpromote_candidate]:[2870]
[start_pgpromote_candidate_demoted]:[2870]
[start_pgpromote_candidate_anon]:[2870]
[start_pgpromote_candidate_file]:[0]
[start_pgpromote_tried]:[0]
[start_pgpromote_file]:[0]
[start_pgpromote_anon]:[0]
[start_pgmigrate_success]:[4084133]
[start_pgmigrate_fail]:[21]
[start_pgmigrate_fail_dst_node_full]:[0]
[start_pgmigrate_fail_numa_isolate]:[0]
[start_pgmigrate_fail_nomem]:[0]
[start_pgmigrate_fail_refcount]:[120]
[start_success_nr]:[1178]
[start_retry_nr]:[121]
[start_retreated_page_nr]:[12]
[start_try_to_promote_nr]:[1190]
[start_task_num]:[0]
[start_write_protect_break_num]:[432]
[start_shadow_link_num]:[1178]
[start_shadow_demote_num]:[0]
[start_batch_free_num]:[0]
[start_transactional_migration_success_num]:[1178]
[start_transactional_migration_fail_num]:[120]
[start_shadow_page_pair]:[349]
[end_pgdemote_kswapd]:[3228069]
[end_pgdemote_direct]:[0]
[end_pgdemote_file]:[77850]
[end_pgdemote_anon]:[3150219]
[end_pgpromote_candidate]:[2881]
[end_pgpromote_candidate_demoted]:[2875]
[end_pgpromote_candidate_anon]:[2871]
[end_pgpromote_candidate_file]:[10]
[end_pgpromote_tried]:[0]
[end_pgpromote_file]:[0]
[end_pgpromote_anon]:[0]
[end_pgmigrate_success]:[4084133]
[end_pgmigrate_fail]:[21]
[end_pgmigrate_fail_dst_node_full]:[0]
[end_pgmigrate_fail_numa_isolate]:[0]
[end_pgmigrate_fail_nomem]:[0]
[end_pgmigrate_fail_refcount]:[120]
[end_success_nr]:[1186]
[end_retry_nr]:[121]
[end_retreated_page_nr]:[12]
[end_try_to_promote_nr]:[1198]
[end_task_num]:[0]
[end_write_protect_break_num]:[432]
[end_shadow_link_num]:[1186]
[end_shadow_demote_num]:[0]
[end_batch_free_num]:[0]
[end_transactional_migration_success_num]:[1186]
[end_transactional_migration_fail_num]:[120]
[end_shadow_page_pair]:[357]
[note]:[2]
[milliseconds]:[8055]
[total tick]:[20944410319]
[work type]:[0]
[Bandwidth(MB/s)]:[8729.050279]
---------------------------
-----------start-----------
[start_pgdemote_kswapd]:[3228069]
[start_pgdemote_direct]:[0]
[start_pgdemote_file]:[77850]
[start_pgdemote_anon]:[3150219]
[start_pgpromote_candidate]:[2881]
[start_pgpromote_candidate_demoted]:[2875]
[start_pgpromote_candidate_anon]:[2871]
[start_pgpromote_candidate_file]:[10]
[start_pgpromote_tried]:[0]
[start_pgpromote_file]:[0]
[start_pgpromote_anon]:[0]
[start_pgmigrate_success]:[4084133]
[start_pgmigrate_fail]:[21]
[start_pgmigrate_fail_dst_node_full]:[0]
[start_pgmigrate_fail_numa_isolate]:[0]
[start_pgmigrate_fail_nomem]:[0]
[start_pgmigrate_fail_refcount]:[120]
[start_success_nr]:[1186]
[start_retry_nr]:[121]
[start_retreated_page_nr]:[12]
[start_try_to_promote_nr]:[1198]
[start_task_num]:[0]
[start_write_protect_break_num]:[432]
[start_shadow_link_num]:[1186]
[start_shadow_demote_num]:[0]
[start_batch_free_num]:[0]
[start_transactional_migration_success_num]:[1186]
[start_transactional_migration_fail_num]:[120]
[start_shadow_page_pair]:[357]
[end_pgdemote_kswapd]:[3674050]
[end_pgdemote_direct]:[0]
[end_pgdemote_file]:[77850]
[end_pgdemote_anon]:[3596200]
[end_pgpromote_candidate]:[4002]
[end_pgpromote_candidate_demoted]:[3996]
[end_pgpromote_candidate_anon]:[3992]
[end_pgpromote_candidate_file]:[10]
[end_pgpromote_tried]:[0]
[end_pgpromote_file]:[0]
[end_pgpromote_anon]:[0]
[end_pgmigrate_success]:[5104066]
[end_pgmigrate_fail]:[21]
[end_pgmigrate_fail_dst_node_full]:[0]
[end_pgmigrate_fail_numa_isolate]:[0]
[end_pgmigrate_fail_nomem]:[0]
[end_pgmigrate_fail_refcount]:[120]
[end_success_nr]:[1186]
[end_retry_nr]:[121]
[end_retreated_page_nr]:[12]
[end_try_to_promote_nr]:[1198]
[end_task_num]:[0]
[end_write_protect_break_num]:[432]
[end_shadow_link_num]:[1186]
[end_shadow_demote_num]:[0]
[end_batch_free_num]:[0]
[end_transactional_migration_success_num]:[1186]
[end_transactional_migration_fail_num]:[120]
[end_shadow_page_pair]:[357]
[note]:[3]
[milliseconds]:[8986]
[total tick]:[23365914542]
[work type]:[0]
[Bandwidth(MB/s)]:[7824.671712]
---------------------------
-----------start-----------
[start_pgdemote_kswapd]:[3674050]
[start_pgdemote_direct]:[0]
[start_pgdemote_file]:[77850]
[start_pgdemote_anon]:[3596200]
[start_pgpromote_candidate]:[4011]
[start_pgpromote_candidate_demoted]:[4005]
[start_pgpromote_candidate_anon]:[4001]
[start_pgpromote_candidate_file]:[10]
[start_pgpromote_tried]:[0]
[start_pgpromote_file]:[0]
[start_pgpromote_anon]:[0]
[start_pgmigrate_success]:[5104066]
[start_pgmigrate_fail]:[21]
[start_pgmigrate_fail_dst_node_full]:[0]
[start_pgmigrate_fail_numa_isolate]:[0]
[start_pgmigrate_fail_nomem]:[0]
[start_pgmigrate_fail_refcount]:[120]
[start_success_nr]:[1189]
[start_retry_nr]:[121]
[start_retreated_page_nr]:[12]
[start_try_to_promote_nr]:[1201]
[start_task_num]:[0]
[start_write_protect_break_num]:[432]
[start_shadow_link_num]:[1189]
[start_shadow_demote_num]:[0]
[start_batch_free_num]:[0]
[start_transactional_migration_success_num]:[1189]
[start_transactional_migration_fail_num]:[120]
[start_shadow_page_pair]:[360]
[end_pgdemote_kswapd]:[3710179]
[end_pgdemote_direct]:[0]
[end_pgdemote_file]:[86000]
[end_pgdemote_anon]:[3624179]
[end_pgpromote_candidate]:[4611]
[end_pgpromote_candidate_demoted]:[4603]
[end_pgpromote_candidate_anon]:[4601]
[end_pgpromote_candidate_file]:[10]
[end_pgpromote_tried]:[0]
[end_pgpromote_file]:[0]
[end_pgpromote_anon]:[0]
[end_pgmigrate_success]:[5444835]
[end_pgmigrate_fail]:[21]
[end_pgmigrate_fail_dst_node_full]:[0]
[end_pgmigrate_fail_numa_isolate]:[0]
[end_pgmigrate_fail_nomem]:[0]
[end_pgmigrate_fail_refcount]:[120]
[end_success_nr]:[1196]
[end_retry_nr]:[121]
[end_retreated_page_nr]:[12]
[end_try_to_promote_nr]:[1208]
[end_task_num]:[0]
[end_write_protect_break_num]:[433]
[end_shadow_link_num]:[1196]
[end_shadow_demote_num]:[4]
[end_batch_free_num]:[0]
[end_transactional_migration_success_num]:[1196]
[end_transactional_migration_fail_num]:[120]
[end_shadow_page_pair]:[362]
[note]:[4]
[milliseconds]:[8636]
[total tick]:[22455554146]
[work type]:[0]
[Bandwidth(MB/s)]:[8141.790181]
---------------------------
