-----------start-----------
[start_pgdemote_kswapd]:[1313222]
[start_pgdemote_direct]:[0]
[start_pgdemote_file]:[82393]
[start_pgdemote_anon]:[1230829]
[start_pgpromote_candidate]:[53]
[start_pgpromote_candidate_demoted]:[52]
[start_pgpromote_candidate_anon]:[53]
[start_pgpromote_candidate_file]:[0]
[start_pgpromote_tried]:[0]
[start_pgpromote_file]:[0]
[start_pgpromote_anon]:[0]
[start_pgmigrate_success]:[1313222]
[start_pgmigrate_fail]:[0]
[start_pgmigrate_fail_dst_node_full]:[0]
[start_pgmigrate_fail_numa_isolate]:[0]
[start_pgmigrate_fail_nomem]:[0]
[start_pgmigrate_fail_refcount]:[80]
[start_success_nr]:[37]
[start_retry_nr]:[82]
[start_retreated_page_nr]:[8]
[start_try_to_promote_nr]:[45]
[start_task_num]:[0]
[start_write_protect_break_num]:[13]
[start_shadow_link_num]:[37]
[start_shadow_demote_num]:[0]
[start_batch_free_num]:[0]
[start_transactional_migration_success_num]:[39]
[start_transactional_migration_fail_num]:[80]
[start_shadow_page_pair]:[11]
[end_pgdemote_kswapd]:[2771202]
[end_pgdemote_direct]:[0]
[end_pgdemote_file]:[82393]
[end_pgdemote_anon]:[2688809]
[end_pgpromote_candidate]:[2342]
[end_pgpromote_candidate_demoted]:[2341]
[end_pgpromote_candidate_anon]:[2342]
[end_pgpromote_candidate_file]:[0]
[end_pgpromote_tried]:[0]
[end_pgpromote_file]:[0]
[end_pgpromote_anon]:[0]
[end_pgmigrate_success]:[3592450]
[end_pgmigrate_fail]:[0]
[end_pgmigrate_fail_dst_node_full]:[0]
[end_pgmigrate_fail_numa_isolate]:[0]
[end_pgmigrate_fail_nomem]:[0]
[end_pgmigrate_fail_refcount]:[140]
[end_success_nr]:[720]
[end_retry_nr]:[142]
[end_retreated_page_nr]:[14]
[end_try_to_promote_nr]:[734]
[end_task_num]:[0]
[end_write_protect_break_num]:[301]
[end_shadow_link_num]:[720]
[end_shadow_demote_num]:[0]
[end_batch_free_num]:[0]
[end_transactional_migration_success_num]:[722]
[end_transactional_migration_fail_num]:[140]
[end_shadow_page_pair]:[352]
[note]:[0]
[milliseconds]:[9105]
[total tick]:[23672370801]
[work type]:[0]
[Bandwidth(MB/s)]:[7722.405272]
---------------------------
-----------start-----------
[start_pgdemote_kswapd]:[2771202]
[start_pgdemote_direct]:[0]
[start_pgdemote_file]:[82393]
[start_pgdemote_anon]:[2688809]
[start_pgpromote_candidate]:[2346]
[start_pgpromote_candidate_demoted]:[2343]
[start_pgpromote_candidate_anon]:[2342]
[start_pgpromote_candidate_file]:[4]
[start_pgpromote_tried]:[0]
[start_pgpromote_file]:[0]
[start_pgpromote_anon]:[0]
[start_pgmigrate_success]:[3592450]
[start_pgmigrate_fail]:[0]
[start_pgmigrate_fail_dst_node_full]:[0]
[start_pgmigrate_fail_numa_isolate]:[0]
[start_pgmigrate_fail_nomem]:[0]
[start_pgmigrate_fail_refcount]:[140]
[start_success_nr]:[720]
[start_retry_nr]:[142]
[start_retreated_page_nr]:[14]
[start_try_to_promote_nr]:[734]
[start_task_num]:[0]
[start_write_protect_break_num]:[303]
[start_shadow_link_num]:[720]
[start_shadow_demote_num]:[0]
[start_batch_free_num]:[0]
[start_transactional_migration_success_num]:[722]
[start_transactional_migration_fail_num]:[140]
[start_shadow_page_pair]:[350]
[end_pgdemote_kswapd]:[2811539]
[end_pgdemote_direct]:[0]
[end_pgdemote_file]:[82393]
[end_pgdemote_anon]:[2729146]
[end_pgpromote_candidate]:[4290]
[end_pgpromote_candidate_demoted]:[4287]
[end_pgpromote_candidate_anon]:[4286]
[end_pgpromote_candidate_file]:[4]
[end_pgpromote_tried]:[0]
[end_pgpromote_file]:[0]
[end_pgpromote_anon]:[0]
[end_pgmigrate_success]:[3667091]
[end_pgmigrate_fail]:[0]
[end_pgmigrate_fail_dst_node_full]:[0]
[end_pgmigrate_fail_numa_isolate]:[0]
[end_pgmigrate_fail_nomem]:[0]
[end_pgmigrate_fail_refcount]:[140]
[end_success_nr]:[2593]
[end_retry_nr]:[142]
[end_retreated_page_nr]:[14]
[end_try_to_promote_nr]:[2607]
[end_task_num]:[0]
[end_write_protect_break_num]:[303]
[end_shadow_link_num]:[2593]
[end_shadow_demote_num]:[0]
[end_batch_free_num]:[0]
[end_transactional_migration_success_num]:[2595]
[end_transactional_migration_fail_num]:[140]
[end_shadow_page_pair]:[2223]
[note]:[1]
[milliseconds]:[8380]
[total tick]:[21787087724]
[work type]:[0]
[Bandwidth(MB/s)]:[8390.513126]
---------------------------
-----------start-----------
[start_pgdemote_kswapd]:[2811539]
[start_pgdemote_direct]:[0]
[start_pgdemote_file]:[82393]
[start_pgdemote_anon]:[2729146]
[start_pgpromote_candidate]:[4290]
[start_pgpromote_candidate_demoted]:[4287]
[start_pgpromote_candidate_anon]:[4286]
[start_pgpromote_candidate_file]:[4]
[start_pgpromote_tried]:[0]
[start_pgpromote_file]:[0]
[start_pgpromote_anon]:[0]
[start_pgmigrate_success]:[3667091]
[start_pgmigrate_fail]:[0]
[start_pgmigrate_fail_dst_node_full]:[0]
[start_pgmigrate_fail_numa_isolate]:[0]
[start_pgmigrate_fail_nomem]:[0]
[start_pgmigrate_fail_refcount]:[140]
[start_success_nr]:[2593]
[start_retry_nr]:[142]
[start_retreated_page_nr]:[14]
[start_try_to_promote_nr]:[2607]
[start_task_num]:[0]
[start_write_protect_break_num]:[303]
[start_shadow_link_num]:[2593]
[start_shadow_demote_num]:[0]
[start_batch_free_num]:[0]
[start_transactional_migration_success_num]:[2595]
[start_transactional_migration_fail_num]:[140]
[start_shadow_page_pair]:[1883]
[end_pgdemote_kswapd]:[2811539]
[end_pgdemote_direct]:[0]
[end_pgdemote_file]:[82393]
[end_pgdemote_anon]:[2729146]
[end_pgpromote_candidate]:[4290]
[end_pgpromote_candidate_demoted]:[4287]
[end_pgpromote_candidate_anon]:[4286]
[end_pgpromote_candidate_file]:[4]
[end_pgpromote_tried]:[0]
[end_pgpromote_file]:[0]
[end_pgpromote_anon]:[0]
[end_pgmigrate_success]:[3667091]
[end_pgmigrate_fail]:[0]
[end_pgmigrate_fail_dst_node_full]:[0]
[end_pgmigrate_fail_numa_isolate]:[0]
[end_pgmigrate_fail_nomem]:[0]
[end_pgmigrate_fail_refcount]:[140]
[end_success_nr]:[2593]
[end_retry_nr]:[142]
[end_retreated_page_nr]:[14]
[end_try_to_promote_nr]:[2607]
[end_task_num]:[0]
[end_write_protect_break_num]:[1324]
[end_shadow_link_num]:[2593]
[end_shadow_demote_num]:[0]
[end_batch_free_num]:[0]
[end_transactional_migration_success_num]:[2595]
[end_transactional_migration_fail_num]:[140]
[end_shadow_page_pair]:[862]
[note]:[2]
[milliseconds]:[8209]
[total tick]:[21343005604]
[work type]:[0]
[Bandwidth(MB/s)]:[8565.294189]
---------------------------
-----------start-----------
[start_pgdemote_kswapd]:[2811539]
[start_pgdemote_direct]:[0]
[start_pgdemote_file]:[82393]
[start_pgdemote_anon]:[2729146]
[start_pgpromote_candidate]:[4290]
[start_pgpromote_candidate_demoted]:[4287]
[start_pgpromote_candidate_anon]:[4286]
[start_pgpromote_candidate_file]:[4]
[start_pgpromote_tried]:[0]
[start_pgpromote_file]:[0]
[start_pgpromote_anon]:[0]
[start_pgmigrate_success]:[3667091]
[start_pgmigrate_fail]:[0]
[start_pgmigrate_fail_dst_node_full]:[0]
[start_pgmigrate_fail_numa_isolate]:[0]
[start_pgmigrate_fail_nomem]:[0]
[start_pgmigrate_fail_refcount]:[140]
[start_success_nr]:[2593]
[start_retry_nr]:[142]
[start_retreated_page_nr]:[14]
[start_try_to_promote_nr]:[2607]
[start_task_num]:[0]
[start_write_protect_break_num]:[1324]
[start_shadow_link_num]:[2593]
[start_shadow_demote_num]:[0]
[start_batch_free_num]:[0]
[start_transactional_migration_success_num]:[2595]
[start_transactional_migration_fail_num]:[140]
[start_shadow_page_pair]:[862]
[end_pgdemote_kswapd]:[3172957]
[end_pgdemote_direct]:[0]
[end_pgdemote_file]:[82393]
[end_pgdemote_anon]:[3090564]
[end_pgpromote_candidate]:[5081]
[end_pgpromote_candidate_demoted]:[5078]
[end_pgpromote_candidate_anon]:[5077]
[end_pgpromote_candidate_file]:[4]
[end_pgpromote_tried]:[0]
[end_pgpromote_file]:[0]
[end_pgpromote_anon]:[0]
[end_pgmigrate_success]:[4398173]
[end_pgmigrate_fail]:[0]
[end_pgmigrate_fail_dst_node_full]:[0]
[end_pgmigrate_fail_numa_isolate]:[0]
[end_pgmigrate_fail_nomem]:[0]
[end_pgmigrate_fail_refcount]:[309]
[end_success_nr]:[2646]
[end_retry_nr]:[311]
[end_retreated_page_nr]:[29]
[end_try_to_promote_nr]:[2675]
[end_task_num]:[0]
[end_write_protect_break_num]:[1327]
[end_shadow_link_num]:[2646]
[end_shadow_demote_num]:[0]
[end_batch_free_num]:[0]
[end_transactional_migration_success_num]:[2648]
[end_transactional_migration_fail_num]:[309]
[end_shadow_page_pair]:[912]
[note]:[3]
[milliseconds]:[8890]
[total tick]:[23113086162]
[work type]:[0]
[Bandwidth(MB/s)]:[7909.167604]
---------------------------
-----------start-----------
[start_pgdemote_kswapd]:[3172957]
[start_pgdemote_direct]:[0]
[start_pgdemote_file]:[82393]
[start_pgdemote_anon]:[3090564]
[start_pgpromote_candidate]:[5091]
[start_pgpromote_candidate_demoted]:[5082]
[start_pgpromote_candidate_anon]:[5081]
[start_pgpromote_candidate_file]:[10]
[start_pgpromote_tried]:[0]
[start_pgpromote_file]:[0]
[start_pgpromote_anon]:[0]
[start_pgmigrate_success]:[4398173]
[start_pgmigrate_fail]:[0]
[start_pgmigrate_fail_dst_node_full]:[0]
[start_pgmigrate_fail_numa_isolate]:[0]
[start_pgmigrate_fail_nomem]:[0]
[start_pgmigrate_fail_refcount]:[309]
[start_success_nr]:[2652]
[start_retry_nr]:[311]
[start_retreated_page_nr]:[29]
[start_try_to_promote_nr]:[2681]
[start_task_num]:[0]
[start_write_protect_break_num]:[1327]
[start_shadow_link_num]:[2652]
[start_shadow_demote_num]:[0]
[start_batch_free_num]:[0]
[start_transactional_migration_success_num]:[2654]
[start_transactional_migration_fail_num]:[309]
[start_shadow_page_pair]:[918]
[end_pgdemote_kswapd]:[3179101]
[end_pgdemote_direct]:[0]
[end_pgdemote_file]:[82393]
[end_pgdemote_anon]:[3096708]
[end_pgpromote_candidate]:[14471]
[end_pgpromote_candidate_demoted]:[5123]
[end_pgpromote_candidate_anon]:[14459]
[end_pgpromote_candidate_file]:[12]
[end_pgpromote_tried]:[0]
[end_pgpromote_file]:[0]
[end_pgpromote_anon]:[0]
[end_pgmigrate_success]:[4424285]
[end_pgmigrate_fail]:[0]
[end_pgmigrate_fail_dst_node_full]:[0]
[end_pgmigrate_fail_numa_isolate]:[0]
[end_pgmigrate_fail_nomem]:[0]
[end_pgmigrate_fail_refcount]:[329]
[end_success_nr]:[11991]
[end_retry_nr]:[333]
[end_retreated_page_nr]:[31]
[end_try_to_promote_nr]:[12022]
[end_task_num]:[0]
[end_write_protect_break_num]:[1327]
[end_shadow_link_num]:[11991]
[end_shadow_demote_num]:[0]
[end_batch_free_num]:[0]
[end_transactional_migration_success_num]:[11993]
[end_transactional_migration_fail_num]:[329]
[end_shadow_page_pair]:[10257]
[note]:[4]
[milliseconds]:[8374]
[total tick]:[21770682676]
[work type]:[0]
[Bandwidth(MB/s)]:[8396.524958]
---------------------------
