-----------start-----------
[start_pgdemote_kswapd]:[2880552]
[start_pgdemote_direct]:[0]
[start_pgdemote_file]:[124491]
[start_pgdemote_anon]:[2756061]
[start_pgpromote_candidate]:[63]
[start_pgpromote_candidate_demoted]:[63]
[start_pgpromote_candidate_anon]:[16]
[start_pgpromote_candidate_file]:[47]
[start_pgpromote_tried]:[0]
[start_pgpromote_file]:[0]
[start_pgpromote_anon]:[0]
[start_pgmigrate_success]:[2880552]
[start_pgmigrate_fail]:[0]
[start_pgmigrate_fail_dst_node_full]:[0]
[start_pgmigrate_fail_numa_isolate]:[0]
[start_pgmigrate_fail_nomem]:[0]
[start_pgmigrate_fail_refcount]:[0]
[start_success_nr]:[12]
[start_retry_nr]:[0]
[start_retreated_page_nr]:[0]
[start_try_to_promote_nr]:[12]
[start_task_num]:[0]
[start_write_protect_break_num]:[0]
[start_shadow_link_num]:[12]
[start_shadow_demote_num]:[0]
[start_batch_free_num]:[0]
[start_transactional_migration_success_num]:[12]
[start_transactional_migration_fail_num]:[0]
[start_shadow_page_pair]:[5]
[end_pgdemote_kswapd]:[6527936]
[end_pgdemote_direct]:[0]
[end_pgdemote_file]:[152355]
[end_pgdemote_anon]:[6375581]
[end_pgpromote_candidate]:[1774406]
[end_pgpromote_candidate_demoted]:[315550]
[end_pgpromote_candidate_anon]:[1774322]
[end_pgpromote_candidate_file]:[84]
[end_pgpromote_tried]:[0]
[end_pgpromote_file]:[0]
[end_pgpromote_anon]:[0]
[end_pgmigrate_success]:[7493568]
[end_pgmigrate_fail]:[683571]
[end_pgmigrate_fail_dst_node_full]:[414208]
[end_pgmigrate_fail_numa_isolate]:[414208]
[end_pgmigrate_fail_nomem]:[268969]
[end_pgmigrate_fail_refcount]:[2575]
[end_success_nr]:[1769975]
[end_retry_nr]:[21712]
[end_retreated_page_nr]:[395]
[end_try_to_promote_nr]:[1770374]
[end_task_num]:[0]
[end_write_protect_break_num]:[3807]
[end_shadow_link_num]:[1769959]
[end_shadow_demote_num]:[0]
[end_batch_free_num]:[1766060]
[end_transactional_migration_success_num]:[1769961]
[end_transactional_migration_fail_num]:[2483]
[end_shadow_page_pair]:[0]
[note]:[0]
[milliseconds]:[44899]
[total tick]:[116741149990]
[work type]:[5]
[Bandwidth(MB/s)]:[2610.024722]
---------------------------
-----------start-----------
[start_pgdemote_kswapd]:[6528491]
[start_pgdemote_direct]:[0]
[start_pgdemote_file]:[152394]
[start_pgdemote_anon]:[6376097]
[start_pgpromote_candidate]:[1774817]
[start_pgpromote_candidate_demoted]:[315961]
[start_pgpromote_candidate_anon]:[1774733]
[start_pgpromote_candidate_file]:[84]
[start_pgpromote_tried]:[0]
[start_pgpromote_file]:[0]
[start_pgpromote_anon]:[0]
[start_pgmigrate_success]:[7494123]
[start_pgmigrate_fail]:[918677]
[start_pgmigrate_fail_dst_node_full]:[414208]
[start_pgmigrate_fail_numa_isolate]:[414208]
[start_pgmigrate_fail_nomem]:[504074]
[start_pgmigrate_fail_refcount]:[2635]
[start_success_nr]:[1770378]
[start_retry_nr]:[21772]
[start_retreated_page_nr]:[401]
[start_try_to_promote_nr]:[1770783]
[start_task_num]:[0]
[start_write_protect_break_num]:[3807]
[start_shadow_link_num]:[1770359]
[start_shadow_demote_num]:[0]
[start_batch_free_num]:[1766458]
[start_transactional_migration_success_num]:[1770361]
[start_transactional_migration_fail_num]:[2543]
[start_shadow_page_pair]:[0]
[end_pgdemote_kswapd]:[12025686]
[end_pgdemote_direct]:[0]
[end_pgdemote_file]:[154602]
[end_pgdemote_anon]:[11871084]
[end_pgpromote_candidate]:[7366211]
[end_pgpromote_candidate_demoted]:[4880566]
[end_pgpromote_candidate_anon]:[7365861]
[end_pgpromote_candidate_file]:[350]
[end_pgpromote_tried]:[0]
[end_pgpromote_file]:[0]
[end_pgpromote_anon]:[0]
[end_pgmigrate_success]:[12991318]
[end_pgmigrate_fail]:[1970671]
[end_pgmigrate_fail_dst_node_full]:[414208]
[end_pgmigrate_fail_numa_isolate]:[414208]
[end_pgmigrate_fail_nomem]:[1555800]
[end_pgmigrate_fail_refcount]:[6878]
[end_success_nr]:[7268084]
[end_retry_nr]:[60128]
[end_retreated_page_nr]:[1273]
[end_try_to_promote_nr]:[7269361]
[end_task_num]:[0]
[end_write_protect_break_num]:[206498]
[end_shadow_link_num]:[7268042]
[end_shadow_demote_num]:[81322]
[end_batch_free_num]:[6980087]
[end_transactional_migration_success_num]:[7268050]
[end_transactional_migration_fail_num]:[6734]
[end_shadow_page_pair]:[1]
[note]:[1]
[milliseconds]:[94224]
[total tick]:[244991530028]
[work type]:[5]
[Bandwidth(MB/s)]:[1243.711793]
---------------------------
-----------start-----------
[start_pgdemote_kswapd]:[12084519]
[start_pgdemote_direct]:[0]
[start_pgdemote_file]:[154604]
[start_pgdemote_anon]:[11929915]
[start_pgpromote_candidate]:[7366263]
[start_pgpromote_candidate_demoted]:[4880615]
[start_pgpromote_candidate_anon]:[7365877]
[start_pgpromote_candidate_file]:[386]
[start_pgpromote_tried]:[0]
[start_pgpromote_file]:[0]
[start_pgpromote_anon]:[0]
[start_pgmigrate_success]:[13050151]
[start_pgmigrate_fail]:[2080982]
[start_pgmigrate_fail_dst_node_full]:[414208]
[start_pgmigrate_fail_numa_isolate]:[414208]
[start_pgmigrate_fail_nomem]:[1666110]
[start_pgmigrate_fail_refcount]:[6878]
[start_success_nr]:[7268094]
[start_retry_nr]:[60128]
[start_retreated_page_nr]:[1273]
[start_try_to_promote_nr]:[7269371]
[start_task_num]:[0]
[start_write_protect_break_num]:[206498]
[start_shadow_link_num]:[7268049]
[start_shadow_demote_num]:[81322]
[start_batch_free_num]:[6980090]
[start_transactional_migration_success_num]:[7268057]
[start_transactional_migration_fail_num]:[6734]
[start_shadow_page_pair]:[0]
[end_pgdemote_kswapd]:[15313518]
[end_pgdemote_direct]:[0]
[end_pgdemote_file]:[154985]
[end_pgdemote_anon]:[15158533]
[end_pgpromote_candidate]:[10595173]
[end_pgpromote_candidate_demoted]:[8099844]
[end_pgpromote_candidate_anon]:[10594722]
[end_pgpromote_candidate_file]:[451]
[end_pgpromote_tried]:[0]
[end_pgpromote_file]:[0]
[end_pgpromote_anon]:[0]
[end_pgmigrate_success]:[16279150]
[end_pgmigrate_fail]:[2798756]
[end_pgmigrate_fail_dst_node_full]:[414208]
[end_pgmigrate_fail_numa_isolate]:[414208]
[end_pgmigrate_fail_nomem]:[2383731]
[end_pgmigrate_fail_refcount]:[9338]
[end_success_nr]:[10496215]
[end_retry_nr]:[72216]
[end_retreated_page_nr]:[1547]
[end_try_to_promote_nr]:[10497768]
[end_task_num]:[0]
[end_write_protect_break_num]:[247099]
[end_shadow_link_num]:[10496156]
[end_shadow_demote_num]:[81324]
[end_batch_free_num]:[10167542]
[end_transactional_migration_success_num]:[10496166]
[end_transactional_migration_fail_num]:[9184]
[end_shadow_page_pair]:[1]
[note]:[2]
[milliseconds]:[64156]
[total tick]:[166808685570]
[work type]:[5]
[Bandwidth(MB/s)]:[1826.602344]
---------------------------
-----------start-----------
[start_pgdemote_kswapd]:[15313777]
[start_pgdemote_direct]:[0]
[start_pgdemote_file]:[154985]
[start_pgdemote_anon]:[15158792]
[start_pgpromote_candidate]:[10595315]
[start_pgpromote_candidate_demoted]:[8099975]
[start_pgpromote_candidate_anon]:[10594823]
[start_pgpromote_candidate_file]:[492]
[start_pgpromote_tried]:[0]
[start_pgpromote_file]:[0]
[start_pgpromote_anon]:[0]
[start_pgmigrate_success]:[16279409]
[start_pgmigrate_fail]:[2995672]
[start_pgmigrate_fail_dst_node_full]:[414208]
[start_pgmigrate_fail_numa_isolate]:[414208]
[start_pgmigrate_fail_nomem]:[2580647]
[start_pgmigrate_fail_refcount]:[9528]
[start_success_nr]:[10496288]
[start_retry_nr]:[72406]
[start_retreated_page_nr]:[1566]
[start_try_to_promote_nr]:[10497860]
[start_task_num]:[0]
[start_write_protect_break_num]:[247106]
[start_shadow_link_num]:[10496224]
[start_shadow_demote_num]:[81324]
[start_batch_free_num]:[10167585]
[start_transactional_migration_success_num]:[10496234]
[start_transactional_migration_fail_num]:[9364]
[start_shadow_page_pair]:[16]
[end_pgdemote_kswapd]:[17953148]
[end_pgdemote_direct]:[0]
[end_pgdemote_file]:[155149]
[end_pgdemote_anon]:[17797999]
[end_pgpromote_candidate]:[13234577]
[end_pgpromote_candidate_demoted]:[10738800]
[end_pgpromote_candidate_anon]:[13234069]
[end_pgpromote_candidate_file]:[508]
[end_pgpromote_tried]:[0]
[end_pgpromote_file]:[0]
[end_pgpromote_anon]:[0]
[end_pgmigrate_success]:[18918780]
[end_pgmigrate_fail]:[3569801]
[end_pgmigrate_fail_dst_node_full]:[414208]
[end_pgmigrate_fail_numa_isolate]:[414208]
[end_pgmigrate_fail_nomem]:[3154621]
[end_pgmigrate_fail_refcount]:[11114]
[end_success_nr]:[13135339]
[end_retry_nr]:[83791]
[end_retreated_page_nr]:[1763]
[end_try_to_promote_nr]:[13137108]
[end_task_num]:[0]
[end_write_protect_break_num]:[311035]
[end_shadow_link_num]:[13135269]
[end_shadow_demote_num]:[81342]
[end_batch_free_num]:[12742621]
[end_transactional_migration_success_num]:[13135280]
[end_transactional_migration_fail_num]:[10950]
[end_shadow_page_pair]:[65]
[note]:[3]
[milliseconds]:[56709]
[total tick]:[147446755298]
[work type]:[5]
[Bandwidth(MB/s)]:[2066.470931]
---------------------------
-----------start-----------
[start_pgdemote_kswapd]:[17953511]
[start_pgdemote_direct]:[0]
[start_pgdemote_file]:[155149]
[start_pgdemote_anon]:[17798362]
[start_pgpromote_candidate]:[13234594]
[start_pgpromote_candidate_demoted]:[10738817]
[start_pgpromote_candidate_anon]:[13234084]
[start_pgpromote_candidate_file]:[510]
[start_pgpromote_tried]:[0]
[start_pgpromote_file]:[0]
[start_pgpromote_anon]:[0]
[start_pgmigrate_success]:[18919143]
[start_pgmigrate_fail]:[3662253]
[start_pgmigrate_fail_dst_node_full]:[414208]
[start_pgmigrate_fail_numa_isolate]:[414208]
[start_pgmigrate_fail_nomem]:[3247073]
[start_pgmigrate_fail_refcount]:[11174]
[start_success_nr]:[13135348]
[start_retry_nr]:[83851]
[start_retreated_page_nr]:[1769]
[start_try_to_promote_nr]:[13137123]
[start_task_num]:[0]
[start_write_protect_break_num]:[311037]
[start_shadow_link_num]:[13135278]
[start_shadow_demote_num]:[81342]
[start_batch_free_num]:[12742690]
[start_transactional_migration_success_num]:[13135289]
[start_transactional_migration_fail_num]:[11010]
[start_shadow_page_pair]:[0]
[end_pgdemote_kswapd]:[20427527]
[end_pgdemote_direct]:[0]
[end_pgdemote_file]:[155254]
[end_pgdemote_anon]:[20272273]
[end_pgpromote_candidate]:[15708790]
[end_pgpromote_candidate_demoted]:[13212870]
[end_pgpromote_candidate_anon]:[15708259]
[end_pgpromote_candidate_file]:[531]
[end_pgpromote_tried]:[0]
[end_pgpromote_file]:[0]
[end_pgpromote_anon]:[0]
[end_pgmigrate_success]:[21393159]
[end_pgmigrate_fail]:[4236306]
[end_pgmigrate_fail_dst_node_full]:[414208]
[end_pgmigrate_fail_numa_isolate]:[414208]
[end_pgmigrate_fail_nomem]:[3821003]
[end_pgmigrate_fail_refcount]:[12468]
[end_success_nr]:[15609378]
[end_retry_nr]:[92746]
[end_retreated_page_nr]:[1912]
[end_try_to_promote_nr]:[15611296]
[end_task_num]:[0]
[end_write_protect_break_num]:[346299]
[end_shadow_link_num]:[15609300]
[end_shadow_demote_num]:[81348]
[end_batch_free_num]:[15181433]
[end_transactional_migration_success_num]:[15609311]
[end_transactional_migration_fail_num]:[12294]
[end_shadow_page_pair]:[0]
[note]:[4]
[milliseconds]:[54798]
[total tick]:[142475990462]
[work type]:[5]
[Bandwidth(MB/s)]:[2138.536078]
---------------------------
