-----------start-----------
[start_pgdemote_kswapd]:[3439272]
[start_pgdemote_direct]:[0]
[start_pgdemote_file]:[140326]
[start_pgdemote_anon]:[3298946]
[start_pgpromote_candidate]:[293]
[start_pgpromote_candidate_demoted]:[293]
[start_pgpromote_candidate_anon]:[110]
[start_pgpromote_candidate_file]:[183]
[start_pgpromote_tried]:[0]
[start_pgpromote_file]:[0]
[start_pgpromote_anon]:[0]
[start_pgmigrate_success]:[3439272]
[start_pgmigrate_fail]:[5]
[start_pgmigrate_fail_dst_node_full]:[0]
[start_pgmigrate_fail_numa_isolate]:[0]
[start_pgmigrate_fail_nomem]:[0]
[start_pgmigrate_fail_refcount]:[160]
[start_success_nr]:[84]
[start_retry_nr]:[160]
[start_retreated_page_nr]:[16]
[start_try_to_promote_nr]:[100]
[start_task_num]:[0]
[start_write_protect_break_num]:[13]
[start_shadow_link_num]:[84]
[start_shadow_demote_num]:[0]
[start_batch_free_num]:[0]
[start_transactional_migration_success_num]:[84]
[start_transactional_migration_fail_num]:[160]
[start_shadow_page_pair]:[58]
[end_pgdemote_kswapd]:[7364689]
[end_pgdemote_direct]:[0]
[end_pgdemote_file]:[144058]
[end_pgdemote_anon]:[7220631]
[end_pgpromote_candidate]:[1885552]
[end_pgpromote_candidate_demoted]:[237038]
[end_pgpromote_candidate_anon]:[1885237]
[end_pgpromote_candidate_file]:[315]
[end_pgpromote_tried]:[0]
[end_pgpromote_file]:[0]
[end_pgpromote_anon]:[0]
[end_pgmigrate_success]:[8662129]
[end_pgmigrate_fail]:[776453]
[end_pgmigrate_fail_dst_node_full]:[472064]
[end_pgmigrate_fail_numa_isolate]:[472064]
[end_pgmigrate_fail_nomem]:[304354]
[end_pgmigrate_fail_refcount]:[1472]
[end_success_nr]:[1878121]
[end_retry_nr]:[18229]
[end_retreated_page_nr]:[610]
[end_try_to_promote_nr]:[1878731]
[end_task_num]:[0]
[end_write_protect_break_num]:[284670]
[end_shadow_link_num]:[1878104]
[end_shadow_demote_num]:[44809]
[end_batch_free_num]:[1487591]
[end_transactional_migration_success_num]:[1878106]
[end_transactional_migration_fail_num]:[1441]
[end_shadow_page_pair]:[60921]
[note]:[0]
[milliseconds]:[54880]
[total tick]:[141766549091]
[work type]:[5]
[Bandwidth(MB/s)]:[2135.340743]
---------------------------
-----------start-----------
[start_pgdemote_kswapd]:[7466958]
[start_pgdemote_direct]:[0]
[start_pgdemote_file]:[144106]
[start_pgdemote_anon]:[7322852]
[start_pgpromote_candidate]:[1944225]
[start_pgpromote_candidate_demoted]:[237966]
[start_pgpromote_candidate_anon]:[1943900]
[start_pgpromote_candidate_file]:[325]
[start_pgpromote_tried]:[0]
[start_pgpromote_file]:[0]
[start_pgpromote_anon]:[0]
[start_pgmigrate_success]:[8764398]
[start_pgmigrate_fail]:[791165]
[start_pgmigrate_fail_dst_node_full]:[472064]
[start_pgmigrate_fail_numa_isolate]:[472064]
[start_pgmigrate_fail_nomem]:[319066]
[start_pgmigrate_fail_refcount]:[1492]
[start_success_nr]:[1919797]
[start_retry_nr]:[18249]
[start_retreated_page_nr]:[612]
[start_try_to_promote_nr]:[1920409]
[start_task_num]:[0]
[start_write_protect_break_num]:[284678]
[start_shadow_link_num]:[1919777]
[start_shadow_demote_num]:[45581]
[start_batch_free_num]:[1589356]
[start_transactional_migration_success_num]:[1919779]
[start_transactional_migration_fail_num]:[1461]
[start_shadow_page_pair]:[44]
[end_pgdemote_kswapd]:[13104701]
[end_pgdemote_direct]:[0]
[end_pgdemote_file]:[144893]
[end_pgdemote_anon]:[12959808]
[end_pgpromote_candidate]:[7614603]
[end_pgpromote_candidate_demoted]:[4823519]
[end_pgpromote_candidate_anon]:[7614140]
[end_pgpromote_candidate_file]:[463]
[end_pgpromote_tried]:[0]
[end_pgpromote_file]:[0]
[end_pgpromote_anon]:[0]
[end_pgmigrate_success]:[14518365]
[end_pgmigrate_fail]:[1475630]
[end_pgmigrate_fail_dst_node_full]:[472064]
[end_pgmigrate_fail_numa_isolate]:[472064]
[end_pgmigrate_fail_nomem]:[1003531]
[end_pgmigrate_fail_refcount]:[4197]
[end_success_nr]:[7442438]
[end_retry_nr]:[62317]
[end_retreated_page_nr]:[1220]
[end_try_to_promote_nr]:[7443659]
[end_task_num]:[0]
[end_write_protect_break_num]:[434728]
[end_shadow_link_num]:[7442375]
[end_shadow_demote_num]:[167077]
[end_batch_free_num]:[6839145]
[end_transactional_migration_success_num]:[7442380]
[end_transactional_migration_fail_num]:[4102]
[end_shadow_page_pair]:[1255]
[note]:[1]
[milliseconds]:[87114]
[total tick]:[226488844726]
[work type]:[5]
[Bandwidth(MB/s)]:[1345.220056]
---------------------------
-----------start-----------
[start_pgdemote_kswapd]:[13162795]
[start_pgdemote_direct]:[0]
[start_pgdemote_file]:[144934]
[start_pgdemote_anon]:[13017861]
[start_pgpromote_candidate]:[7614642]
[start_pgpromote_candidate_demoted]:[4823558]
[start_pgpromote_candidate_anon]:[7614171]
[start_pgpromote_candidate_file]:[471]
[start_pgpromote_tried]:[0]
[start_pgpromote_file]:[0]
[start_pgpromote_anon]:[0]
[start_pgmigrate_success]:[14576459]
[start_pgmigrate_fail]:[1476854]
[start_pgmigrate_fail_dst_node_full]:[472064]
[start_pgmigrate_fail_numa_isolate]:[472064]
[start_pgmigrate_fail_nomem]:[1004754]
[start_pgmigrate_fail_refcount]:[4237]
[start_success_nr]:[7442462]
[start_retry_nr]:[62347]
[start_retreated_page_nr]:[1223]
[start_try_to_promote_nr]:[7443686]
[start_task_num]:[0]
[start_write_protect_break_num]:[434729]
[start_shadow_link_num]:[7442396]
[start_shadow_demote_num]:[167077]
[start_batch_free_num]:[6840402]
[start_transactional_migration_success_num]:[7442401]
[start_transactional_migration_fail_num]:[4132]
[start_shadow_page_pair]:[16]
[end_pgdemote_kswapd]:[16298189]
[end_pgdemote_direct]:[0]
[end_pgdemote_file]:[145004]
[end_pgdemote_anon]:[16153185]
[end_pgpromote_candidate]:[10745072]
[end_pgpromote_candidate_demoted]:[7946940]
[end_pgpromote_candidate_anon]:[10744590]
[end_pgpromote_candidate_file]:[482]
[end_pgpromote_tried]:[0]
[end_pgpromote_file]:[0]
[end_pgpromote_anon]:[0]
[end_pgmigrate_success]:[17712365]
[end_pgmigrate_fail]:[2287032]
[end_pgmigrate_fail_dst_node_full]:[472064]
[end_pgmigrate_fail_numa_isolate]:[472064]
[end_pgmigrate_fail_nomem]:[1814932]
[end_pgmigrate_fail_refcount]:[5814]
[end_success_nr]:[10572109]
[end_retry_nr]:[77627]
[end_retreated_page_nr]:[1474]
[end_try_to_promote_nr]:[10573584]
[end_task_num]:[0]
[end_write_protect_break_num]:[501529]
[end_shadow_link_num]:[10572034]
[end_shadow_demote_num]:[167081]
[end_batch_free_num]:[9903113]
[end_transactional_migration_success_num]:[10572040]
[end_transactional_migration_fail_num]:[5699]
[end_shadow_page_pair]:[25]
[note]:[2]
[milliseconds]:[84079]
[total tick]:[218600811588]
[work type]:[5]
[Bandwidth(MB/s)]:[1393.778470]
---------------------------
-----------start-----------
[start_pgdemote_kswapd]:[16298542]
[start_pgdemote_direct]:[0]
[start_pgdemote_file]:[145032]
[start_pgdemote_anon]:[16153510]
[start_pgpromote_candidate]:[10745152]
[start_pgpromote_candidate_demoted]:[7947017]
[start_pgpromote_candidate_anon]:[10744670]
[start_pgpromote_candidate_file]:[482]
[start_pgpromote_tried]:[0]
[start_pgpromote_file]:[0]
[start_pgpromote_anon]:[0]
[start_pgmigrate_success]:[17712718]
[start_pgmigrate_fail]:[2287482]
[start_pgmigrate_fail_dst_node_full]:[472064]
[start_pgmigrate_fail_numa_isolate]:[472064]
[start_pgmigrate_fail_nomem]:[1815382]
[start_pgmigrate_fail_refcount]:[5914]
[start_success_nr]:[10572174]
[start_retry_nr]:[77729]
[start_retreated_page_nr]:[1484]
[start_try_to_promote_nr]:[10573659]
[start_task_num]:[0]
[start_write_protect_break_num]:[501533]
[start_shadow_link_num]:[10572089]
[start_shadow_demote_num]:[167081]
[start_batch_free_num]:[9903141]
[start_transactional_migration_success_num]:[10572096]
[start_transactional_migration_fail_num]:[5789]
[start_shadow_page_pair]:[37]
[end_pgdemote_kswapd]:[18760549]
[end_pgdemote_direct]:[0]
[end_pgdemote_file]:[145162]
[end_pgdemote_anon]:[18615387]
[end_pgpromote_candidate]:[13206587]
[end_pgpromote_candidate_demoted]:[10408053]
[end_pgpromote_candidate_anon]:[13206104]
[end_pgpromote_candidate_file]:[483]
[end_pgpromote_tried]:[0]
[end_pgpromote_file]:[0]
[end_pgpromote_anon]:[0]
[end_pgmigrate_success]:[20174725]
[end_pgmigrate_fail]:[2781060]
[end_pgmigrate_fail_dst_node_full]:[472064]
[end_pgmigrate_fail_numa_isolate]:[472064]
[end_pgmigrate_fail_nomem]:[2308960]
[end_pgmigrate_fail_refcount]:[6931]
[end_success_nr]:[13033411]
[end_retry_nr]:[88162]
[end_retreated_page_nr]:[1679]
[end_try_to_promote_nr]:[13035092]
[end_task_num]:[0]
[end_write_protect_break_num]:[623101]
[end_shadow_link_num]:[13033321]
[end_shadow_demote_num]:[167084]
[end_batch_free_num]:[12242810]
[end_transactional_migration_success_num]:[13033328]
[end_transactional_migration_fail_num]:[6796]
[end_shadow_page_pair]:[0]
[note]:[3]
[milliseconds]:[60274]
[total tick]:[156715391490]
[work type]:[5]
[Bandwidth(MB/s)]:[1944.246275]
---------------------------
-----------start-----------
[start_pgdemote_kswapd]:[18760549]
[start_pgdemote_direct]:[0]
[start_pgdemote_file]:[145162]
[start_pgdemote_anon]:[18615387]
[start_pgpromote_candidate]:[13206620]
[start_pgpromote_candidate_demoted]:[10408086]
[start_pgpromote_candidate_anon]:[13206137]
[start_pgpromote_candidate_file]:[483]
[start_pgpromote_tried]:[0]
[start_pgpromote_file]:[0]
[start_pgpromote_anon]:[0]
[start_pgmigrate_success]:[20174725]
[start_pgmigrate_fail]:[2785813]
[start_pgmigrate_fail_dst_node_full]:[472064]
[start_pgmigrate_fail_numa_isolate]:[472064]
[start_pgmigrate_fail_nomem]:[2313713]
[start_pgmigrate_fail_refcount]:[6971]
[start_success_nr]:[13033441]
[start_retry_nr]:[88202]
[start_retreated_page_nr]:[1683]
[start_try_to_promote_nr]:[13035126]
[start_task_num]:[0]
[start_write_protect_break_num]:[623101]
[start_shadow_link_num]:[13033348]
[start_shadow_demote_num]:[167084]
[start_batch_free_num]:[12242817]
[start_transactional_migration_success_num]:[13033355]
[start_transactional_migration_fail_num]:[6836]
[start_shadow_page_pair]:[12]
[end_pgdemote_kswapd]:[21038653]
[end_pgdemote_direct]:[0]
[end_pgdemote_file]:[145687]
[end_pgdemote_anon]:[20892966]
[end_pgpromote_candidate]:[15485193]
[end_pgpromote_candidate_demoted]:[12686441]
[end_pgpromote_candidate_anon]:[15484704]
[end_pgpromote_candidate_file]:[489]
[end_pgpromote_tried]:[0]
[end_pgpromote_file]:[0]
[end_pgpromote_anon]:[0]
[end_pgmigrate_success]:[22452829]
[end_pgmigrate_fail]:[3289979]
[end_pgmigrate_fail_dst_node_full]:[472064]
[end_pgmigrate_fail_numa_isolate]:[472064]
[end_pgmigrate_fail_nomem]:[2817859]
[end_pgmigrate_fail_refcount]:[8802]
[end_success_nr]:[15311772]
[end_retry_nr]:[97918]
[end_retreated_page_nr]:[1909]
[end_try_to_promote_nr]:[15313684]
[end_task_num]:[0]
[end_write_protect_break_num]:[731247]
[end_shadow_link_num]:[15311672]
[end_shadow_demote_num]:[167085]
[end_batch_free_num]:[14412960]
[end_transactional_migration_success_num]:[15311679]
[end_transactional_migration_fail_num]:[8664]
[end_shadow_page_pair]:[27]
[note]:[4]
[milliseconds]:[60346]
[total tick]:[156893633810]
[work type]:[5]
[Bandwidth(MB/s)]:[1941.926557]
---------------------------
