-----------start-----------
[start_pgdemote_kswapd]:[2883395]
[start_pgdemote_direct]:[0]
[start_pgdemote_file]:[140758]
[start_pgdemote_anon]:[2742637]
[start_pgpromote_candidate]:[297]
[start_pgpromote_candidate_demoted]:[297]
[start_pgpromote_candidate_anon]:[54]
[start_pgpromote_candidate_file]:[243]
[start_pgpromote_tried]:[0]
[start_pgpromote_file]:[0]
[start_pgpromote_anon]:[0]
[start_pgmigrate_success]:[2883395]
[start_pgmigrate_fail]:[7]
[start_pgmigrate_fail_dst_node_full]:[0]
[start_pgmigrate_fail_numa_isolate]:[0]
[start_pgmigrate_fail_nomem]:[0]
[start_pgmigrate_fail_refcount]:[90]
[start_success_nr]:[38]
[start_retry_nr]:[93]
[start_retreated_page_nr]:[9]
[start_try_to_promote_nr]:[47]
[start_task_num]:[0]
[start_write_protect_break_num]:[3]
[start_shadow_link_num]:[38]
[start_shadow_demote_num]:[0]
[start_batch_free_num]:[0]
[start_transactional_migration_success_num]:[41]
[start_transactional_migration_fail_num]:[90]
[start_shadow_page_pair]:[20]
[end_pgdemote_kswapd]:[7344553]
[end_pgdemote_direct]:[0]
[end_pgdemote_file]:[145050]
[end_pgdemote_anon]:[7199503]
[end_pgpromote_candidate]:[2474181]
[end_pgpromote_candidate_demoted]:[656324]
[end_pgpromote_candidate_anon]:[2473799]
[end_pgpromote_candidate_file]:[382]
[end_pgpromote_tried]:[0]
[end_pgpromote_file]:[0]
[end_pgpromote_anon]:[0]
[end_pgmigrate_success]:[8806213]
[end_pgmigrate_fail]:[302377]
[end_pgmigrate_fail_dst_node_full]:[70144]
[end_pgmigrate_fail_numa_isolate]:[70144]
[end_pgmigrate_fail_nomem]:[230974]
[end_pgmigrate_fail_refcount]:[14600]
[end_success_nr]:[2418814]
[end_retry_nr]:[30566]
[end_retreated_page_nr]:[938]
[end_try_to_promote_nr]:[2419759]
[end_task_num]:[0]
[end_write_protect_break_num]:[529743]
[end_shadow_link_num]:[2418780]
[end_shadow_demote_num]:[62243]
[end_batch_free_num]:[1590741]
[end_transactional_migration_success_num]:[2418784]
[end_transactional_migration_fail_num]:[2339]
[end_shadow_page_pair]:[235781]
[note]:[0]
[milliseconds]:[68299]
[total tick]:[177581665504]
[work type]:[5]
[Bandwidth(MB/s)]:[1715.801110]
---------------------------
-----------start-----------
[start_pgdemote_kswapd]:[7615119]
[start_pgdemote_direct]:[0]
[start_pgdemote_file]:[145379]
[start_pgdemote_anon]:[7469740]
[start_pgpromote_candidate]:[2532853]
[start_pgpromote_candidate_demoted]:[657250]
[start_pgpromote_candidate_anon]:[2532425]
[start_pgpromote_candidate_file]:[428]
[start_pgpromote_tried]:[0]
[start_pgpromote_file]:[0]
[start_pgpromote_anon]:[0]
[start_pgmigrate_success]:[9076779]
[start_pgmigrate_fail]:[327324]
[start_pgmigrate_fail_dst_node_full]:[70144]
[start_pgmigrate_fail_numa_isolate]:[70144]
[start_pgmigrate_fail_nomem]:[255919]
[start_pgmigrate_fail_refcount]:[14650]
[start_success_nr]:[2453523]
[start_retry_nr]:[30606]
[start_retreated_page_nr]:[942]
[start_try_to_promote_nr]:[2454472]
[start_task_num]:[0]
[start_write_protect_break_num]:[529748]
[start_shadow_link_num]:[2453487]
[start_shadow_demote_num]:[63858]
[start_batch_free_num]:[1859591]
[start_transactional_migration_success_num]:[2453491]
[start_transactional_migration_fail_num]:[2369]
[start_shadow_page_pair]:[14]
[end_pgdemote_kswapd]:[13429372]
[end_pgdemote_direct]:[0]
[end_pgdemote_file]:[146454]
[end_pgdemote_anon]:[13282918]
[end_pgpromote_candidate]:[8354805]
[end_pgpromote_candidate_demoted]:[5543897]
[end_pgpromote_candidate_anon]:[8354288]
[end_pgpromote_candidate_file]:[517]
[end_pgpromote_tried]:[0]
[end_pgpromote_file]:[0]
[end_pgpromote_anon]:[0]
[end_pgmigrate_success]:[14972440]
[end_pgmigrate_fail]:[1186601]
[end_pgmigrate_fail_dst_node_full]:[70144]
[end_pgmigrate_fail_numa_isolate]:[70144]
[end_pgmigrate_fail_nomem]:[1115180]
[end_pgmigrate_fail_refcount]:[17318]
[end_success_nr]:[8187064]
[end_retry_nr]:[90062]
[end_retreated_page_nr]:[1662]
[end_try_to_promote_nr]:[8188734]
[end_task_num]:[0]
[end_write_protect_break_num]:[656972]
[end_shadow_link_num]:[8187014]
[end_shadow_demote_num]:[160655]
[end_batch_free_num]:[7368138]
[end_transactional_migration_success_num]:[8187019]
[end_transactional_migration_fail_num]:[5033]
[end_shadow_page_pair]:[930]
[note]:[1]
[milliseconds]:[94076]
[total tick]:[244592590480]
[work type]:[5]
[Bandwidth(MB/s)]:[1245.668396]
---------------------------
-----------start-----------
[start_pgdemote_kswapd]:[13487812]
[start_pgdemote_direct]:[0]
[start_pgdemote_file]:[146514]
[start_pgdemote_anon]:[13341298]
[start_pgpromote_candidate]:[8355004]
[start_pgpromote_candidate_demoted]:[5544082]
[start_pgpromote_candidate_anon]:[8354452]
[start_pgpromote_candidate_file]:[552]
[start_pgpromote_tried]:[0]
[start_pgpromote_file]:[0]
[start_pgpromote_anon]:[0]
[start_pgmigrate_success]:[15030880]
[start_pgmigrate_fail]:[1190294]
[start_pgmigrate_fail_dst_node_full]:[70144]
[start_pgmigrate_fail_numa_isolate]:[70144]
[start_pgmigrate_fail_nomem]:[1118873]
[start_pgmigrate_fail_refcount]:[17599]
[start_success_nr]:[8187196]
[start_retry_nr]:[90343]
[start_retreated_page_nr]:[1688]
[start_try_to_promote_nr]:[8188892]
[start_task_num]:[0]
[start_write_protect_break_num]:[656996]
[start_shadow_link_num]:[8187134]
[start_shadow_demote_num]:[160655]
[start_batch_free_num]:[7369066]
[start_transactional_migration_success_num]:[8187139]
[start_transactional_migration_fail_num]:[5314]
[start_shadow_page_pair]:[83]
[end_pgdemote_kswapd]:[16748904]
[end_pgdemote_direct]:[0]
[end_pgdemote_file]:[148358]
[end_pgdemote_anon]:[16600546]
[end_pgpromote_candidate]:[11605737]
[end_pgpromote_candidate_demoted]:[8782820]
[end_pgpromote_candidate_anon]:[11605023]
[end_pgpromote_candidate_file]:[714]
[end_pgpromote_tried]:[0]
[end_pgpromote_file]:[0]
[end_pgpromote_anon]:[0]
[end_pgmigrate_success]:[18296068]
[end_pgmigrate_fail]:[1833927]
[end_pgmigrate_fail_dst_node_full]:[70144]
[end_pgmigrate_fail_numa_isolate]:[70144]
[end_pgmigrate_fail_nomem]:[1762462]
[end_pgmigrate_fail_refcount]:[20169]
[end_success_nr]:[11437338]
[end_retry_nr]:[113952]
[end_retreated_page_nr]:[2051]
[end_try_to_promote_nr]:[11439397]
[end_task_num]:[0]
[end_write_protect_break_num]:[663300]
[end_shadow_link_num]:[11437261]
[end_shadow_demote_num]:[160666]
[end_batch_free_num]:[10612930]
[end_transactional_migration_success_num]:[11437268]
[end_transactional_migration_fail_num]:[7864]
[end_shadow_page_pair]:[0]
[note]:[2]
[milliseconds]:[65656]
[total tick]:[170704280309]
[work type]:[5]
[Bandwidth(MB/s)]:[1784.871147]
---------------------------
-----------start-----------
[start_pgdemote_kswapd]:[16749301]
[start_pgdemote_direct]:[0]
[start_pgdemote_file]:[148358]
[start_pgdemote_anon]:[16600943]
[start_pgpromote_candidate]:[11605761]
[start_pgpromote_candidate_demoted]:[8782843]
[start_pgpromote_candidate_anon]:[11605030]
[start_pgpromote_candidate_file]:[731]
[start_pgpromote_tried]:[0]
[start_pgpromote_file]:[0]
[start_pgpromote_anon]:[0]
[start_pgmigrate_success]:[18296465]
[start_pgmigrate_fail]:[1842270]
[start_pgmigrate_fail_dst_node_full]:[70144]
[start_pgmigrate_fail_numa_isolate]:[70144]
[start_pgmigrate_fail_nomem]:[1770805]
[start_pgmigrate_fail_refcount]:[20189]
[start_success_nr]:[11437347]
[start_retry_nr]:[113972]
[start_retreated_page_nr]:[2053]
[start_try_to_promote_nr]:[11439408]
[start_task_num]:[0]
[start_write_protect_break_num]:[663302]
[start_shadow_link_num]:[11437270]
[start_shadow_demote_num]:[160666]
[start_batch_free_num]:[10612936]
[start_transactional_migration_success_num]:[11437277]
[start_transactional_migration_fail_num]:[7884]
[start_shadow_page_pair]:[1]
[end_pgdemote_kswapd]:[19517377]
[end_pgdemote_direct]:[0]
[end_pgdemote_file]:[148996]
[end_pgdemote_anon]:[19368381]
[end_pgpromote_candidate]:[14374086]
[end_pgpromote_candidate_demoted]:[11550671]
[end_pgpromote_candidate_anon]:[14373295]
[end_pgpromote_candidate_file]:[791]
[end_pgpromote_tried]:[0]
[end_pgpromote_file]:[0]
[end_pgpromote_anon]:[0]
[end_pgmigrate_success]:[21064541]
[end_pgmigrate_fail]:[2388573]
[end_pgmigrate_fail_dst_node_full]:[70144]
[end_pgmigrate_fail_numa_isolate]:[70144]
[end_pgmigrate_fail_nomem]:[2317100]
[end_pgmigrate_fail_refcount]:[21780]
[end_success_nr]:[14205448]
[end_retry_nr]:[123838]
[end_retreated_page_nr]:[2218]
[end_try_to_promote_nr]:[14207674]
[end_task_num]:[0]
[end_write_protect_break_num]:[666310]
[end_shadow_link_num]:[14205366]
[end_shadow_demote_num]:[160666]
[end_batch_free_num]:[13377986]
[end_transactional_migration_success_num]:[14205375]
[end_transactional_migration_fail_num]:[9465]
[end_shadow_page_pair]:[8]
[note]:[3]
[milliseconds]:[56446]
[total tick]:[146760707486]
[work type]:[5]
[Bandwidth(MB/s)]:[2076.099281]
---------------------------
-----------start-----------
[start_pgdemote_kswapd]:[19517757]
[start_pgdemote_direct]:[0]
[start_pgdemote_file]:[149005]
[start_pgdemote_anon]:[19368752]
[start_pgpromote_candidate]:[14374496]
[start_pgpromote_candidate_demoted]:[11551080]
[start_pgpromote_candidate_anon]:[14373628]
[start_pgpromote_candidate_file]:[868]
[start_pgpromote_tried]:[0]
[start_pgpromote_file]:[0]
[start_pgpromote_anon]:[0]
[start_pgmigrate_success]:[21064921]
[start_pgmigrate_fail]:[2393111]
[start_pgmigrate_fail_dst_node_full]:[70144]
[start_pgmigrate_fail_numa_isolate]:[70144]
[start_pgmigrate_fail_nomem]:[2321638]
[start_pgmigrate_fail_refcount]:[22010]
[start_success_nr]:[14205756]
[start_retry_nr]:[124071]
[start_retreated_page_nr]:[2241]
[start_try_to_promote_nr]:[14208005]
[start_task_num]:[0]
[start_write_protect_break_num]:[666393]
[start_shadow_link_num]:[14205673]
[start_shadow_demote_num]:[160666]
[start_batch_free_num]:[13377992]
[start_transactional_migration_success_num]:[14205685]
[start_transactional_migration_fail_num]:[9685]
[start_shadow_page_pair]:[216]
[end_pgdemote_kswapd]:[21605733]
[end_pgdemote_direct]:[0]
[end_pgdemote_file]:[149291]
[end_pgdemote_anon]:[21456442]
[end_pgpromote_candidate]:[16765287]
[end_pgpromote_candidate_demoted]:[13941776]
[end_pgpromote_candidate_anon]:[16764414]
[end_pgpromote_candidate_file]:[873]
[end_pgpromote_tried]:[0]
[end_pgpromote_file]:[0]
[end_pgpromote_anon]:[0]
[end_pgmigrate_success]:[23152897]
[end_pgmigrate_fail]:[2768277]
[end_pgmigrate_fail_dst_node_full]:[70144]
[end_pgmigrate_fail_numa_isolate]:[70144]
[end_pgmigrate_fail_nomem]:[2696794]
[end_pgmigrate_fail_refcount]:[22589]
[end_success_nr]:[16596446]
[end_retry_nr]:[131411]
[end_retreated_page_nr]:[2334]
[end_try_to_promote_nr]:[16598788]
[end_task_num]:[0]
[end_write_protect_break_num]:[745457]
[end_shadow_link_num]:[16596356]
[end_shadow_demote_num]:[160758]
[end_batch_free_num]:[15387581]
[end_transactional_migration_success_num]:[16596368]
[end_transactional_migration_fail_num]:[10244]
[end_shadow_page_pair]:[302128]
[note]:[4]
[milliseconds]:[51550]
[total tick]:[134030329540]
[work type]:[5]
[Bandwidth(MB/s)]:[2273.278371]
---------------------------
