-----------start-----------
[start_pgdemote_kswapd]:[3189559]
[start_pgdemote_direct]:[0]
[start_pgdemote_file]:[145509]
[start_pgdemote_anon]:[3044050]
[start_pgpromote_candidate]:[97]
[start_pgpromote_candidate_demoted]:[97]
[start_pgpromote_candidate_anon]:[48]
[start_pgpromote_candidate_file]:[49]
[start_pgpromote_tried]:[0]
[start_pgpromote_file]:[0]
[start_pgpromote_anon]:[0]
[start_pgmigrate_success]:[3189559]
[start_pgmigrate_fail]:[29]
[start_pgmigrate_fail_dst_node_full]:[0]
[start_pgmigrate_fail_numa_isolate]:[0]
[start_pgmigrate_fail_nomem]:[0]
[start_pgmigrate_fail_refcount]:[100]
[start_success_nr]:[23]
[start_retry_nr]:[100]
[start_retreated_page_nr]:[10]
[start_try_to_promote_nr]:[33]
[start_task_num]:[0]
[start_write_protect_break_num]:[2]
[start_shadow_link_num]:[26]
[start_shadow_demote_num]:[0]
[start_batch_free_num]:[0]
[start_transactional_migration_success_num]:[23]
[start_transactional_migration_fail_num]:[100]
[start_shadow_page_pair]:[11]
[end_pgdemote_kswapd]:[8168738]
[end_pgdemote_direct]:[0]
[end_pgdemote_file]:[150271]
[end_pgdemote_anon]:[8018467]
[end_pgpromote_candidate]:[2907255]
[end_pgpromote_candidate_demoted]:[839437]
[end_pgpromote_candidate_anon]:[2907154]
[end_pgpromote_candidate_file]:[101]
[end_pgpromote_tried]:[0]
[end_pgpromote_file]:[0]
[end_pgpromote_anon]:[0]
[end_pgmigrate_success]:[9351458]
[end_pgmigrate_fail]:[915770]
[end_pgmigrate_fail_dst_node_full]:[347136]
[end_pgmigrate_fail_numa_isolate]:[347136]
[end_pgmigrate_fail_nomem]:[568595]
[end_pgmigrate_fail_refcount]:[1936]
[end_success_nr]:[2899711]
[end_retry_nr]:[27668]
[end_retreated_page_nr]:[535]
[end_try_to_promote_nr]:[2900247]
[end_task_num]:[0]
[end_write_protect_break_num]:[12728]
[end_shadow_link_num]:[2899693]
[end_shadow_demote_num]:[0]
[end_batch_free_num]:[2886452]
[end_transactional_migration_success_num]:[2899693]
[end_transactional_migration_fail_num]:[1884]
[end_shadow_page_pair]:[411]
[note]:[0]
[milliseconds]:[67256]
[total tick]:[174844579599]
[work type]:[5]
[Bandwidth(MB/s)]:[1742.409599]
---------------------------
-----------start-----------
[start_pgdemote_kswapd]:[8215234]
[start_pgdemote_direct]:[0]
[start_pgdemote_file]:[150538]
[start_pgdemote_anon]:[8064696]
[start_pgpromote_candidate]:[2966650]
[start_pgpromote_candidate_demoted]:[840576]
[start_pgpromote_candidate_anon]:[2966478]
[start_pgpromote_candidate_file]:[172]
[start_pgpromote_tried]:[0]
[start_pgpromote_file]:[0]
[start_pgpromote_anon]:[0]
[start_pgmigrate_success]:[9397954]
[start_pgmigrate_fail]:[924364]
[start_pgmigrate_fail_dst_node_full]:[347136]
[start_pgmigrate_fail_numa_isolate]:[347136]
[start_pgmigrate_fail_nomem]:[577189]
[start_pgmigrate_fail_refcount]:[2604]
[start_success_nr]:[2946320]
[start_retry_nr]:[28358]
[start_retreated_page_nr]:[602]
[start_try_to_promote_nr]:[2946923]
[start_task_num]:[0]
[start_write_protect_break_num]:[12997]
[start_shadow_link_num]:[2946288]
[start_shadow_demote_num]:[0]
[start_batch_free_num]:[2932821]
[start_transactional_migration_success_num]:[2946288]
[start_transactional_migration_fail_num]:[2532]
[start_shadow_page_pair]:[347]
[end_pgdemote_kswapd]:[13939770]
[end_pgdemote_direct]:[0]
[end_pgdemote_file]:[151056]
[end_pgdemote_anon]:[13788714]
[end_pgpromote_candidate]:[8771151]
[end_pgpromote_candidate_demoted]:[5768425]
[end_pgpromote_candidate_anon]:[8770947]
[end_pgpromote_candidate_file]:[204]
[end_pgpromote_tried]:[0]
[end_pgpromote_file]:[0]
[end_pgpromote_anon]:[0]
[end_pgmigrate_success]:[15239226]
[end_pgmigrate_fail]:[1720118]
[end_pgmigrate_fail_dst_node_full]:[347136]
[end_pgmigrate_fail_numa_isolate]:[347136]
[end_pgmigrate_fail_nomem]:[1372943]
[end_pgmigrate_fail_refcount]:[4345]
[end_success_nr]:[8553968]
[end_retry_nr]:[71680]
[end_retreated_page_nr]:[1113]
[end_try_to_promote_nr]:[8555082]
[end_task_num]:[0]
[end_write_protect_break_num]:[129810]
[end_shadow_link_num]:[8553913]
[end_shadow_demote_num]:[97672]
[end_batch_free_num]:[8325970]
[end_transactional_migration_success_num]:[8553915]
[end_transactional_migration_fail_num]:[4219]
[end_shadow_page_pair]:[304]
[note]:[1]
[milliseconds]:[94763]
[total tick]:[246380993402]
[work type]:[5]
[Bandwidth(MB/s)]:[1236.637717]
---------------------------
-----------start-----------
[start_pgdemote_kswapd]:[13997228]
[start_pgdemote_direct]:[0]
[start_pgdemote_file]:[151057]
[start_pgdemote_anon]:[13846171]
[start_pgpromote_candidate]:[8771164]
[start_pgpromote_candidate_demoted]:[5768438]
[start_pgpromote_candidate_anon]:[8770960]
[start_pgpromote_candidate_file]:[204]
[start_pgpromote_tried]:[0]
[start_pgpromote_file]:[0]
[start_pgpromote_anon]:[0]
[start_pgmigrate_success]:[15296684]
[start_pgmigrate_fail]:[1720423]
[start_pgmigrate_fail_dst_node_full]:[347136]
[start_pgmigrate_fail_numa_isolate]:[347136]
[start_pgmigrate_fail_nomem]:[1373248]
[start_pgmigrate_fail_refcount]:[4345]
[start_success_nr]:[8553981]
[start_retry_nr]:[71680]
[start_retreated_page_nr]:[1113]
[start_try_to_promote_nr]:[8555095]
[start_task_num]:[0]
[start_write_protect_break_num]:[129810]
[start_shadow_link_num]:[8553926]
[start_shadow_demote_num]:[97672]
[start_batch_free_num]:[8326280]
[start_transactional_migration_success_num]:[8553928]
[start_transactional_migration_fail_num]:[4219]
[start_shadow_page_pair]:[1]
[end_pgdemote_kswapd]:[17248052]
[end_pgdemote_direct]:[0]
[end_pgdemote_file]:[151708]
[end_pgdemote_anon]:[17096344]
[end_pgpromote_candidate]:[12017926]
[end_pgpromote_candidate_demoted]:[9005120]
[end_pgpromote_candidate_anon]:[12017641]
[end_pgpromote_candidate_file]:[285]
[end_pgpromote_tried]:[0]
[end_pgpromote_file]:[0]
[end_pgpromote_anon]:[0]
[end_pgmigrate_success]:[18547508]
[end_pgmigrate_fail]:[2500167]
[end_pgmigrate_fail_dst_node_full]:[347136]
[end_pgmigrate_fail_numa_isolate]:[347136]
[end_pgmigrate_fail_nomem]:[2152973]
[end_pgmigrate_fail_refcount]:[7248]
[end_success_nr]:[11799041]
[end_retry_nr]:[91312]
[end_retreated_page_nr]:[1607]
[end_try_to_promote_nr]:[11800649]
[end_task_num]:[0]
[end_write_protect_break_num]:[131154]
[end_shadow_link_num]:[11798966]
[end_shadow_demote_num]:[97672]
[end_batch_free_num]:[11569940]
[end_transactional_migration_success_num]:[11798970]
[end_transactional_migration_fail_num]:[7112]
[end_shadow_page_pair]:[0]
[note]:[2]
[milliseconds]:[73821]
[total tick]:[191935125554]
[work type]:[5]
[Bandwidth(MB/s)]:[1587.454789]
---------------------------
-----------start-----------
[start_pgdemote_kswapd]:[17248052]
[start_pgdemote_direct]:[0]
[start_pgdemote_file]:[151708]
[start_pgdemote_anon]:[17096344]
[start_pgpromote_candidate]:[12017931]
[start_pgpromote_candidate_demoted]:[9005125]
[start_pgpromote_candidate_anon]:[12017645]
[start_pgpromote_candidate_file]:[286]
[start_pgpromote_tried]:[0]
[start_pgpromote_file]:[0]
[start_pgpromote_anon]:[0]
[start_pgmigrate_success]:[18547508]
[start_pgmigrate_fail]:[2500591]
[start_pgmigrate_fail_dst_node_full]:[347136]
[start_pgmigrate_fail_numa_isolate]:[347136]
[start_pgmigrate_fail_nomem]:[2153397]
[start_pgmigrate_fail_refcount]:[7248]
[start_success_nr]:[11799047]
[start_retry_nr]:[91312]
[start_retreated_page_nr]:[1607]
[start_try_to_promote_nr]:[11800655]
[start_task_num]:[0]
[start_write_protect_break_num]:[131154]
[start_shadow_link_num]:[11798972]
[start_shadow_demote_num]:[97672]
[start_batch_free_num]:[11569946]
[start_transactional_migration_success_num]:[11798976]
[start_transactional_migration_fail_num]:[7112]
[start_shadow_page_pair]:[0]
[end_pgdemote_kswapd]:[20003708]
[end_pgdemote_direct]:[0]
[end_pgdemote_file]:[151855]
[end_pgdemote_anon]:[19851853]
[end_pgpromote_candidate]:[14772949]
[end_pgpromote_candidate_demoted]:[11759715]
[end_pgpromote_candidate_anon]:[14772630]
[end_pgpromote_candidate_file]:[319]
[end_pgpromote_tried]:[0]
[end_pgpromote_file]:[0]
[end_pgpromote_anon]:[0]
[end_pgmigrate_success]:[21303676]
[end_pgmigrate_fail]:[3195317]
[end_pgmigrate_fail_dst_node_full]:[347136]
[end_pgmigrate_fail_numa_isolate]:[347136]
[end_pgmigrate_fail_nomem]:[2848123]
[end_pgmigrate_fail_refcount]:[8432]
[end_success_nr]:[14553896]
[end_retry_nr]:[102130]
[end_retreated_page_nr]:[1737]
[end_try_to_promote_nr]:[14555634]
[end_task_num]:[0]
[end_write_protect_break_num]:[131579]
[end_shadow_link_num]:[14553812]
[end_shadow_demote_num]:[97672]
[end_batch_free_num]:[14324339]
[end_transactional_migration_success_num]:[14553817]
[end_transactional_migration_fail_num]:[8286]
[end_shadow_page_pair]:[0]
[note]:[3]
[milliseconds]:[64772]
[total tick]:[168408201438]
[work type]:[5]
[Bandwidth(MB/s)]:[1809.230840]
---------------------------
-----------start-----------
[start_pgdemote_kswapd]:[20003708]
[start_pgdemote_direct]:[0]
[start_pgdemote_file]:[151855]
[start_pgdemote_anon]:[19851853]
[start_pgpromote_candidate]:[14772956]
[start_pgpromote_candidate_demoted]:[11759722]
[start_pgpromote_candidate_anon]:[14772637]
[start_pgpromote_candidate_file]:[319]
[start_pgpromote_tried]:[0]
[start_pgpromote_file]:[0]
[start_pgpromote_anon]:[0]
[start_pgmigrate_success]:[21303676]
[start_pgmigrate_fail]:[3197561]
[start_pgmigrate_fail_dst_node_full]:[347136]
[start_pgmigrate_fail_numa_isolate]:[347136]
[start_pgmigrate_fail_nomem]:[2850367]
[start_pgmigrate_fail_refcount]:[8432]
[start_success_nr]:[14553903]
[start_retry_nr]:[102130]
[start_retreated_page_nr]:[1737]
[start_try_to_promote_nr]:[14555641]
[start_task_num]:[0]
[start_write_protect_break_num]:[131579]
[start_shadow_link_num]:[14553819]
[start_shadow_demote_num]:[97672]
[start_batch_free_num]:[14324346]
[start_transactional_migration_success_num]:[14553824]
[start_transactional_migration_fail_num]:[8286]
[start_shadow_page_pair]:[0]
[end_pgdemote_kswapd]:[22193254]
[end_pgdemote_direct]:[0]
[end_pgdemote_file]:[151881]
[end_pgdemote_anon]:[22041373]
[end_pgpromote_candidate]:[17172305]
[end_pgpromote_candidate_demoted]:[14158967]
[end_pgpromote_candidate_anon]:[17171984]
[end_pgpromote_candidate_file]:[321]
[end_pgpromote_tried]:[0]
[end_pgpromote_file]:[0]
[end_pgpromote_anon]:[0]
[end_pgmigrate_success]:[23493222]
[end_pgmigrate_fail]:[3733502]
[end_pgmigrate_fail_dst_node_full]:[347136]
[end_pgmigrate_fail_numa_isolate]:[347136]
[end_pgmigrate_fail_nomem]:[3386308]
[end_pgmigrate_fail_refcount]:[9330]
[end_success_nr]:[16953131]
[end_retry_nr]:[109909]
[end_retreated_page_nr]:[1857]
[end_try_to_promote_nr]:[16954989]
[end_task_num]:[0]
[end_write_protect_break_num]:[216997]
[end_shadow_link_num]:[16953039]
[end_shadow_demote_num]:[97672]
[end_batch_free_num]:[16427963]
[end_transactional_migration_success_num]:[16953045]
[end_transactional_migration_fail_num]:[9183]
[end_shadow_page_pair]:[0]
[note]:[4]
[milliseconds]:[60055]
[total tick]:[156142710150]
[work type]:[5]
[Bandwidth(MB/s)]:[1951.336275]
---------------------------
