-----------start-----------
[start_pgdemote_kswapd]:[2857253]
[start_pgdemote_direct]:[0]
[start_pgdemote_file]:[140383]
[start_pgdemote_anon]:[2716870]
[start_pgpromote_candidate]:[82]
[start_pgpromote_candidate_demoted]:[82]
[start_pgpromote_candidate_anon]:[68]
[start_pgpromote_candidate_file]:[14]
[start_pgpromote_tried]:[0]
[start_pgpromote_file]:[0]
[start_pgpromote_anon]:[0]
[start_pgmigrate_success]:[2857253]
[start_pgmigrate_fail]:[0]
[start_pgmigrate_fail_dst_node_full]:[0]
[start_pgmigrate_fail_numa_isolate]:[0]
[start_pgmigrate_fail_nomem]:[0]
[start_pgmigrate_fail_refcount]:[140]
[start_success_nr]:[50]
[start_retry_nr]:[140]
[start_retreated_page_nr]:[14]
[start_try_to_promote_nr]:[64]
[start_task_num]:[0]
[start_write_protect_break_num]:[7]
[start_shadow_link_num]:[50]
[start_shadow_demote_num]:[0]
[start_batch_free_num]:[0]
[start_transactional_migration_success_num]:[50]
[start_transactional_migration_fail_num]:[140]
[start_shadow_page_pair]:[25]
[end_pgdemote_kswapd]:[7788744]
[end_pgdemote_direct]:[0]
[end_pgdemote_file]:[145593]
[end_pgdemote_anon]:[7643151]
[end_pgpromote_candidate]:[2690263]
[end_pgpromote_candidate_demoted]:[832696]
[end_pgpromote_candidate_anon]:[2690104]
[end_pgpromote_candidate_file]:[159]
[end_pgpromote_tried]:[0]
[end_pgpromote_file]:[0]
[end_pgpromote_anon]:[0]
[end_pgmigrate_success]:[9155272]
[end_pgmigrate_fail]:[866548]
[end_pgmigrate_fail_dst_node_full]:[293888]
[end_pgmigrate_fail_numa_isolate]:[293888]
[end_pgmigrate_fail_nomem]:[572631]
[end_pgmigrate_fail_refcount]:[2253]
[end_success_nr]:[2682561]
[end_retry_nr]:[20799]
[end_retreated_page_nr]:[429]
[end_try_to_promote_nr]:[2682990]
[end_task_num]:[0]
[end_write_protect_break_num]:[20130]
[end_shadow_link_num]:[2682553]
[end_shadow_demote_num]:[0]
[end_batch_free_num]:[2662319]
[end_transactional_migration_success_num]:[2682555]
[end_transactional_migration_fail_num]:[2196]
[end_shadow_page_pair]:[0]
[note]:[0]
[milliseconds]:[64657]
[total tick]:[168113123033]
[work type]:[5]
[Bandwidth(MB/s)]:[1812.448768]
---------------------------
-----------start-----------
[start_pgdemote_kswapd]:[7842052]
[start_pgdemote_direct]:[0]
[start_pgdemote_file]:[145776]
[start_pgdemote_anon]:[7696276]
[start_pgpromote_candidate]:[2749180]
[start_pgpromote_candidate_demoted]:[833815]
[start_pgpromote_candidate_anon]:[2748915]
[start_pgpromote_candidate_file]:[265]
[start_pgpromote_tried]:[0]
[start_pgpromote_file]:[0]
[start_pgpromote_anon]:[0]
[start_pgmigrate_success]:[9208580]
[start_pgmigrate_fail]:[882320]
[start_pgmigrate_fail_dst_node_full]:[293888]
[start_pgmigrate_fail_numa_isolate]:[293888]
[start_pgmigrate_fail_nomem]:[588403]
[start_pgmigrate_fail_refcount]:[2756]
[start_success_nr]:[2735749]
[start_retry_nr]:[21330]
[start_retreated_page_nr]:[476]
[start_try_to_promote_nr]:[2736225]
[start_task_num]:[0]
[start_write_protect_break_num]:[20155]
[start_shadow_link_num]:[2735722]
[start_shadow_demote_num]:[0]
[start_batch_free_num]:[2715348]
[start_transactional_migration_success_num]:[2735724]
[start_transactional_migration_fail_num]:[2659]
[start_shadow_page_pair]:[93]
[end_pgdemote_kswapd]:[13751283]
[end_pgdemote_direct]:[0]
[end_pgdemote_file]:[146479]
[end_pgdemote_anon]:[13604804]
[end_pgpromote_candidate]:[8706801]
[end_pgpromote_candidate_demoted]:[5903869]
[end_pgpromote_candidate_anon]:[8706472]
[end_pgpromote_candidate_file]:[329]
[end_pgpromote_tried]:[0]
[end_pgpromote_file]:[0]
[end_pgpromote_anon]:[0]
[end_pgmigrate_success]:[15151603]
[end_pgmigrate_fail]:[2095205]
[end_pgmigrate_fail_dst_node_full]:[293888]
[end_pgmigrate_fail_numa_isolate]:[293888]
[end_pgmigrate_fail_nomem]:[1801285]
[end_pgmigrate_fail_refcount]:[6115]
[end_success_nr]:[8610991]
[end_retry_nr]:[62849]
[end_retreated_page_nr]:[1098]
[end_try_to_promote_nr]:[8612091]
[end_task_num]:[0]
[end_write_protect_break_num]:[100768]
[end_shadow_link_num]:[8610944]
[end_shadow_demote_num]:[67461]
[end_batch_free_num]:[8442554]
[end_transactional_migration_success_num]:[8610947]
[end_transactional_migration_fail_num]:[5963]
[end_shadow_page_pair]:[0]
[note]:[1]
[milliseconds]:[106739]
[total tick]:[277519090462]
[work type]:[5]
[Bandwidth(MB/s)]:[1097.888307]
---------------------------
-----------start-----------
[start_pgdemote_kswapd]:[13809111]
[start_pgdemote_direct]:[0]
[start_pgdemote_file]:[146523]
[start_pgdemote_anon]:[13662588]
[start_pgpromote_candidate]:[8706942]
[start_pgpromote_candidate_demoted]:[5904010]
[start_pgpromote_candidate_anon]:[8706601]
[start_pgpromote_candidate_file]:[341]
[start_pgpromote_tried]:[0]
[start_pgpromote_file]:[0]
[start_pgpromote_anon]:[0]
[start_pgmigrate_success]:[15209431]
[start_pgmigrate_fail]:[2098243]
[start_pgmigrate_fail_dst_node_full]:[293888]
[start_pgmigrate_fail_numa_isolate]:[293888]
[start_pgmigrate_fail_nomem]:[1804323]
[start_pgmigrate_fail_refcount]:[6365]
[start_success_nr]:[8611094]
[start_retry_nr]:[63099]
[start_retreated_page_nr]:[1123]
[start_try_to_promote_nr]:[8612219]
[start_task_num]:[0]
[start_write_protect_break_num]:[100773]
[start_shadow_link_num]:[8611032]
[start_shadow_demote_num]:[67461]
[start_batch_free_num]:[8442564]
[start_transactional_migration_success_num]:[8611035]
[start_transactional_migration_fail_num]:[6183]
[start_shadow_page_pair]:[71]
[end_pgdemote_kswapd]:[17095135]
[end_pgdemote_direct]:[0]
[end_pgdemote_file]:[146602]
[end_pgdemote_anon]:[16948533]
[end_pgpromote_candidate]:[11991518]
[end_pgpromote_candidate_demoted]:[9184341]
[end_pgpromote_candidate_anon]:[11991175]
[end_pgpromote_candidate_file]:[343]
[end_pgpromote_tried]:[0]
[end_pgpromote_file]:[0]
[end_pgpromote_anon]:[0]
[end_pgmigrate_success]:[18495455]
[end_pgmigrate_fail]:[3062833]
[end_pgmigrate_fail_dst_node_full]:[293888]
[end_pgmigrate_fail_numa_isolate]:[293888]
[end_pgmigrate_fail_nomem]:[2768913]
[end_pgmigrate_fail_refcount]:[7687]
[end_success_nr]:[11895517]
[end_retry_nr]:[78665]
[end_retreated_page_nr]:[1269]
[end_try_to_promote_nr]:[11896788]
[end_task_num]:[0]
[end_write_protect_break_num]:[101002]
[end_shadow_link_num]:[11895446]
[end_shadow_demote_num]:[67461]
[end_batch_free_num]:[11726807]
[end_transactional_migration_success_num]:[11895452]
[end_transactional_migration_fail_num]:[7495]
[end_shadow_page_pair]:[0]
[note]:[2]
[milliseconds]:[77669]
[total tick]:[201941706290]
[work type]:[5]
[Bandwidth(MB/s)]:[1508.806602]
---------------------------
-----------start-----------
[start_pgdemote_kswapd]:[17095135]
[start_pgdemote_direct]:[0]
[start_pgdemote_file]:[146602]
[start_pgdemote_anon]:[16948533]
[start_pgpromote_candidate]:[11991522]
[start_pgpromote_candidate_demoted]:[9184345]
[start_pgpromote_candidate_anon]:[11991179]
[start_pgpromote_candidate_file]:[343]
[start_pgpromote_tried]:[0]
[start_pgpromote_file]:[0]
[start_pgpromote_anon]:[0]
[start_pgmigrate_success]:[18495455]
[start_pgmigrate_fail]:[3066103]
[start_pgmigrate_fail_dst_node_full]:[293888]
[start_pgmigrate_fail_numa_isolate]:[293888]
[start_pgmigrate_fail_nomem]:[2772183]
[start_pgmigrate_fail_refcount]:[7687]
[start_success_nr]:[11895522]
[start_retry_nr]:[78665]
[start_retreated_page_nr]:[1269]
[start_try_to_promote_nr]:[11896793]
[start_task_num]:[0]
[start_write_protect_break_num]:[101002]
[start_shadow_link_num]:[11895451]
[start_shadow_demote_num]:[67461]
[start_batch_free_num]:[11726812]
[start_transactional_migration_success_num]:[11895457]
[start_transactional_migration_fail_num]:[7495]
[start_shadow_page_pair]:[0]
[end_pgdemote_kswapd]:[19858264]
[end_pgdemote_direct]:[0]
[end_pgdemote_file]:[146718]
[end_pgdemote_anon]:[19711546]
[end_pgpromote_candidate]:[14754594]
[end_pgpromote_candidate_demoted]:[11947263]
[end_pgpromote_candidate_anon]:[14754210]
[end_pgpromote_candidate_file]:[384]
[end_pgpromote_tried]:[0]
[end_pgpromote_file]:[0]
[end_pgpromote_anon]:[0]
[end_pgmigrate_success]:[21258584]
[end_pgmigrate_fail]:[3919843]
[end_pgmigrate_fail_dst_node_full]:[293888]
[end_pgmigrate_fail_numa_isolate]:[293888]
[end_pgmigrate_fail_nomem]:[3625921]
[end_pgmigrate_fail_refcount]:[10039]
[end_success_nr]:[14658313]
[end_retry_nr]:[92632]
[end_retreated_page_nr]:[1499]
[end_try_to_promote_nr]:[14659815]
[end_task_num]:[0]
[end_write_protect_break_num]:[101260]
[end_shadow_link_num]:[14658226]
[end_shadow_demote_num]:[67461]
[end_batch_free_num]:[14489231]
[end_transactional_migration_success_num]:[14658232]
[end_transactional_migration_fail_num]:[9797]
[end_shadow_page_pair]:[77]
[note]:[3]
[milliseconds]:[65670]
[total tick]:[170742496806]
[work type]:[5]
[Bandwidth(MB/s)]:[1784.490635]
---------------------------
-----------start-----------
[start_pgdemote_kswapd]:[19858305]
[start_pgdemote_direct]:[0]
[start_pgdemote_file]:[146718]
[start_pgdemote_anon]:[19711587]
[start_pgpromote_candidate]:[14754604]
[start_pgpromote_candidate_demoted]:[11947273]
[start_pgpromote_candidate_anon]:[14754220]
[start_pgpromote_candidate_file]:[384]
[start_pgpromote_tried]:[0]
[start_pgpromote_file]:[0]
[start_pgpromote_anon]:[0]
[start_pgmigrate_success]:[21258625]
[start_pgmigrate_fail]:[3921026]
[start_pgmigrate_fail_dst_node_full]:[293888]
[start_pgmigrate_fail_numa_isolate]:[293888]
[start_pgmigrate_fail_nomem]:[3627104]
[start_pgmigrate_fail_refcount]:[10039]
[start_success_nr]:[14658327]
[start_retry_nr]:[92632]
[start_retreated_page_nr]:[1499]
[start_try_to_promote_nr]:[14659829]
[start_task_num]:[0]
[start_write_protect_break_num]:[101260]
[start_shadow_link_num]:[14658240]
[start_shadow_demote_num]:[67461]
[start_batch_free_num]:[14489321]
[start_transactional_migration_success_num]:[14658246]
[start_transactional_migration_fail_num]:[9797]
[start_shadow_page_pair]:[0]
[end_pgdemote_kswapd]:[22449633]
[end_pgdemote_direct]:[0]
[end_pgdemote_file]:[146743]
[end_pgdemote_anon]:[22302890]
[end_pgpromote_candidate]:[17345986]
[end_pgpromote_candidate_demoted]:[14538508]
[end_pgpromote_candidate_anon]:[17345593]
[end_pgpromote_candidate_file]:[393]
[end_pgpromote_tried]:[0]
[end_pgpromote_file]:[0]
[end_pgpromote_anon]:[0]
[end_pgmigrate_success]:[23849953]
[end_pgmigrate_fail]:[4699801]
[end_pgmigrate_fail_dst_node_full]:[293888]
[end_pgmigrate_fail_numa_isolate]:[293888]
[end_pgmigrate_fail_nomem]:[4405879]
[end_pgmigrate_fail_refcount]:[11393]
[end_success_nr]:[17249533]
[end_retry_nr]:[105244]
[end_retreated_page_nr]:[1656]
[end_try_to_promote_nr]:[17251193]
[end_task_num]:[0]
[end_write_protect_break_num]:[101489]
[end_shadow_link_num]:[17249443]
[end_shadow_demote_num]:[67461]
[end_batch_free_num]:[17080276]
[end_transactional_migration_success_num]:[17249445]
[end_transactional_migration_fail_num]:[11131]
[end_shadow_page_pair]:[0]
[note]:[4]
[milliseconds]:[63653]
[total tick]:[165495844380]
[work type]:[5]
[Bandwidth(MB/s)]:[1841.036558]
---------------------------
