-----------start-----------
[start_pgdemote_kswapd]:[2862251]
[start_pgdemote_direct]:[0]
[start_pgdemote_file]:[139582]
[start_pgdemote_anon]:[2722669]
[start_pgpromote_candidate]:[63]
[start_pgpromote_candidate_demoted]:[63]
[start_pgpromote_candidate_anon]:[51]
[start_pgpromote_candidate_file]:[12]
[start_pgpromote_tried]:[0]
[start_pgpromote_file]:[0]
[start_pgpromote_anon]:[0]
[start_pgmigrate_success]:[2862251]
[start_pgmigrate_fail]:[0]
[start_pgmigrate_fail_dst_node_full]:[0]
[start_pgmigrate_fail_numa_isolate]:[0]
[start_pgmigrate_fail_nomem]:[0]
[start_pgmigrate_fail_refcount]:[100]
[start_success_nr]:[34]
[start_retry_nr]:[101]
[start_retreated_page_nr]:[10]
[start_try_to_promote_nr]:[44]
[start_task_num]:[0]
[start_write_protect_break_num]:[0]
[start_shadow_link_num]:[34]
[start_shadow_demote_num]:[0]
[start_batch_free_num]:[0]
[start_transactional_migration_success_num]:[35]
[start_transactional_migration_fail_num]:[100]
[start_shadow_page_pair]:[14]
[end_pgdemote_kswapd]:[7274047]
[end_pgdemote_direct]:[0]
[end_pgdemote_file]:[149566]
[end_pgdemote_anon]:[7124481]
[end_pgpromote_candidate]:[2242168]
[end_pgpromote_candidate_demoted]:[521226]
[end_pgpromote_candidate_anon]:[2241927]
[end_pgpromote_candidate_file]:[241]
[end_pgpromote_tried]:[0]
[end_pgpromote_file]:[0]
[end_pgpromote_anon]:[0]
[end_pgmigrate_success]:[8558143]
[end_pgmigrate_fail]:[605603]
[end_pgmigrate_fail_dst_node_full]:[269824]
[end_pgmigrate_fail_numa_isolate]:[269824]
[end_pgmigrate_fail_nomem]:[335746]
[end_pgmigrate_fail_refcount]:[1967]
[end_success_nr]:[2234777]
[end_retry_nr]:[19502]
[end_retreated_page_nr]:[617]
[end_try_to_promote_nr]:[2235396]
[end_task_num]:[0]
[end_write_protect_break_num]:[300368]
[end_shadow_link_num]:[2234759]
[end_shadow_demote_num]:[35691]
[end_batch_free_num]:[1896478]
[end_transactional_migration_success_num]:[2234763]
[end_transactional_migration_fail_num]:[1874]
[end_shadow_page_pair]:[2096]
[note]:[0]
[milliseconds]:[62102]
[total tick]:[161406913371]
[work type]:[5]
[Bandwidth(MB/s)]:[1887.016521]
---------------------------
-----------start-----------
[start_pgdemote_kswapd]:[7322601]
[start_pgdemote_direct]:[0]
[start_pgdemote_file]:[149838]
[start_pgdemote_anon]:[7172763]
[start_pgpromote_candidate]:[2301529]
[start_pgpromote_candidate_demoted]:[522840]
[start_pgpromote_candidate_anon]:[2301185]
[start_pgpromote_candidate_file]:[344]
[start_pgpromote_tried]:[0]
[start_pgpromote_file]:[0]
[start_pgpromote_anon]:[0]
[start_pgmigrate_success]:[8606697]
[start_pgmigrate_fail]:[612313]
[start_pgmigrate_fail_dst_node_full]:[269824]
[start_pgmigrate_fail_numa_isolate]:[269824]
[start_pgmigrate_fail_nomem]:[342445]
[start_pgmigrate_fail_refcount]:[2237]
[start_success_nr]:[2281853]
[start_retry_nr]:[19785]
[start_retreated_page_nr]:[641]
[start_try_to_promote_nr]:[2282496]
[start_task_num]:[0]
[start_write_protect_break_num]:[300626]
[start_shadow_link_num]:[2281835]
[start_shadow_demote_num]:[35691]
[start_batch_free_num]:[1945014]
[start_transactional_migration_success_num]:[2281840]
[start_transactional_migration_fail_num]:[2144]
[start_shadow_page_pair]:[360]
[end_pgdemote_kswapd]:[12992206]
[end_pgdemote_direct]:[0]
[end_pgdemote_file]:[150441]
[end_pgdemote_anon]:[12841765]
[end_pgpromote_candidate]:[8003078]
[end_pgpromote_candidate_demoted]:[5342173]
[end_pgpromote_candidate_anon]:[8002631]
[end_pgpromote_candidate_file]:[447]
[end_pgpromote_tried]:[0]
[end_pgpromote_file]:[0]
[end_pgpromote_anon]:[0]
[end_pgmigrate_success]:[14371534]
[end_pgmigrate_fail]:[1380501]
[end_pgmigrate_fail_dst_node_full]:[269824]
[end_pgmigrate_fail_numa_isolate]:[269824]
[end_pgmigrate_fail_nomem]:[1110626]
[end_pgmigrate_fail_refcount]:[4101]
[end_success_nr]:[7858205]
[end_retry_nr]:[73890]
[end_retreated_page_nr]:[1227]
[end_try_to_promote_nr]:[7859434]
[end_task_num]:[0]
[end_write_protect_break_num]:[385098]
[end_shadow_link_num]:[7858175]
[end_shadow_demote_num]:[103201]
[end_batch_free_num]:[7367117]
[end_transactional_migration_success_num]:[7858181]
[end_transactional_migration_fail_num]:[4003]
[end_shadow_page_pair]:[2576]
[note]:[1]
[milliseconds]:[89095]
[total tick]:[231651860236]
[work type]:[5]
[Bandwidth(MB/s)]:[1315.309501]
---------------------------
-----------start-----------
[start_pgdemote_kswapd]:[13052707]
[start_pgdemote_direct]:[0]
[start_pgdemote_file]:[150455]
[start_pgdemote_anon]:[12902252]
[start_pgpromote_candidate]:[8003396]
[start_pgpromote_candidate_demoted]:[5342400]
[start_pgpromote_candidate_anon]:[8002819]
[start_pgpromote_candidate_file]:[577]
[start_pgpromote_tried]:[0]
[start_pgpromote_file]:[0]
[start_pgpromote_anon]:[0]
[start_pgmigrate_success]:[14432035]
[start_pgmigrate_fail]:[1383479]
[start_pgmigrate_fail_dst_node_full]:[269824]
[start_pgmigrate_fail_numa_isolate]:[269824]
[start_pgmigrate_fail_nomem]:[1113604]
[start_pgmigrate_fail_refcount]:[4513]
[start_success_nr]:[7858355]
[start_retry_nr]:[74303]
[start_retreated_page_nr]:[1266]
[start_try_to_promote_nr]:[7859623]
[start_task_num]:[0]
[start_write_protect_break_num]:[385130]
[start_shadow_link_num]:[7858318]
[start_shadow_demote_num]:[103201]
[start_batch_free_num]:[7369697]
[start_transactional_migration_success_num]:[7858325]
[start_transactional_migration_fail_num]:[4385]
[start_shadow_page_pair]:[85]
[end_pgdemote_kswapd]:[15656832]
[end_pgdemote_direct]:[0]
[end_pgdemote_file]:[150744]
[end_pgdemote_anon]:[15506088]
[end_pgpromote_candidate]:[10715914]
[end_pgpromote_candidate_demoted]:[8045107]
[end_pgpromote_candidate_anon]:[10715292]
[end_pgpromote_candidate_file]:[622]
[end_pgpromote_tried]:[0]
[end_pgpromote_file]:[0]
[end_pgpromote_anon]:[0]
[end_pgmigrate_success]:[17039325]
[end_pgmigrate_fail]:[1850022]
[end_pgmigrate_fail_dst_node_full]:[269824]
[end_pgmigrate_fail_numa_isolate]:[269824]
[end_pgmigrate_fail_nomem]:[1580147]
[end_pgmigrate_fail_refcount]:[6061]
[end_success_nr]:[10569274]
[end_retry_nr]:[88121]
[end_retreated_page_nr]:[1563]
[end_try_to_promote_nr]:[10570839]
[end_task_num]:[0]
[end_write_protect_break_num]:[592041]
[end_shadow_link_num]:[10569228]
[end_shadow_demote_num]:[103523]
[end_batch_free_num]:[9765616]
[end_transactional_migration_success_num]:[10569237]
[end_transactional_migration_fail_num]:[5933]
[end_shadow_page_pair]:[107426]
[note]:[2]
[milliseconds]:[73951]
[total tick]:[192269870806]
[work type]:[5]
[Bandwidth(MB/s)]:[1584.664170]
---------------------------
-----------start-----------
[start_pgdemote_kswapd]:[15765019]
[start_pgdemote_direct]:[0]
[start_pgdemote_file]:[150744]
[start_pgdemote_anon]:[15614275]
[start_pgpromote_candidate]:[10715957]
[start_pgpromote_candidate_demoted]:[8045150]
[start_pgpromote_candidate_anon]:[10715335]
[start_pgpromote_candidate_file]:[622]
[start_pgpromote_tried]:[0]
[start_pgpromote_file]:[0]
[start_pgpromote_anon]:[0]
[start_pgmigrate_success]:[17147512]
[start_pgmigrate_fail]:[1861586]
[start_pgmigrate_fail_dst_node_full]:[269824]
[start_pgmigrate_fail_numa_isolate]:[269824]
[start_pgmigrate_fail_nomem]:[1591711]
[start_pgmigrate_fail_refcount]:[6101]
[start_success_nr]:[10569309]
[start_retry_nr]:[88161]
[start_retreated_page_nr]:[1567]
[start_try_to_promote_nr]:[10570878]
[start_task_num]:[0]
[start_write_protect_break_num]:[592042]
[start_shadow_link_num]:[10569263]
[start_shadow_demote_num]:[103523]
[start_batch_free_num]:[9873070]
[start_transactional_migration_success_num]:[10569272]
[start_transactional_migration_fail_num]:[5973]
[start_shadow_page_pair]:[1]
[end_pgdemote_kswapd]:[18497312]
[end_pgdemote_direct]:[0]
[end_pgdemote_file]:[150756]
[end_pgdemote_anon]:[18346556]
[end_pgpromote_candidate]:[13448321]
[end_pgpromote_candidate_demoted]:[10777086]
[end_pgpromote_candidate_anon]:[13447677]
[end_pgpromote_candidate_file]:[644]
[end_pgpromote_tried]:[0]
[end_pgpromote_file]:[0]
[end_pgpromote_anon]:[0]
[end_pgmigrate_success]:[19880317]
[end_pgmigrate_fail]:[2505885]
[end_pgmigrate_fail_dst_node_full]:[269824]
[end_pgmigrate_fail_numa_isolate]:[269824]
[end_pgmigrate_fail_nomem]:[2236010]
[end_pgmigrate_fail_refcount]:[6968]
[end_success_nr]:[13301293]
[end_retry_nr]:[99916]
[end_retreated_page_nr]:[1678]
[end_try_to_promote_nr]:[13302973]
[end_task_num]:[0]
[end_write_protect_break_num]:[605770]
[end_shadow_link_num]:[13301245]
[end_shadow_demote_num]:[103524]
[end_batch_free_num]:[12591298]
[end_transactional_migration_success_num]:[13301256]
[end_transactional_migration_fail_num]:[6809]
[end_shadow_page_pair]:[1]
[note]:[3]
[milliseconds]:[61916]
[total tick]:[160978568372]
[work type]:[5]
[Bandwidth(MB/s)]:[1892.685251]
---------------------------
-----------start-----------
[start_pgdemote_kswapd]:[18497312]
[start_pgdemote_direct]:[0]
[start_pgdemote_file]:[150756]
[start_pgdemote_anon]:[18346556]
[start_pgpromote_candidate]:[13448328]
[start_pgpromote_candidate_demoted]:[10777090]
[start_pgpromote_candidate_anon]:[13447684]
[start_pgpromote_candidate_file]:[644]
[start_pgpromote_tried]:[0]
[start_pgpromote_file]:[0]
[start_pgpromote_anon]:[0]
[start_pgmigrate_success]:[19880317]
[start_pgmigrate_fail]:[2506612]
[start_pgmigrate_fail_dst_node_full]:[269824]
[start_pgmigrate_fail_numa_isolate]:[269824]
[start_pgmigrate_fail_nomem]:[2236737]
[start_pgmigrate_fail_refcount]:[6968]
[start_success_nr]:[13301302]
[start_retry_nr]:[99916]
[start_retreated_page_nr]:[1678]
[start_try_to_promote_nr]:[13302982]
[start_task_num]:[0]
[start_write_protect_break_num]:[605770]
[start_shadow_link_num]:[13301254]
[start_shadow_demote_num]:[103524]
[start_batch_free_num]:[12591306]
[start_transactional_migration_success_num]:[13301265]
[start_transactional_migration_fail_num]:[6809]
[start_shadow_page_pair]:[0]
[end_pgdemote_kswapd]:[21090352]
[end_pgdemote_direct]:[0]
[end_pgdemote_file]:[150758]
[end_pgdemote_anon]:[20939594]
[end_pgpromote_candidate]:[16042689]
[end_pgpromote_candidate_demoted]:[13371183]
[end_pgpromote_candidate_anon]:[16042038]
[end_pgpromote_candidate_file]:[651]
[end_pgpromote_tried]:[0]
[end_pgpromote_file]:[0]
[end_pgpromote_anon]:[0]
[end_pgmigrate_success]:[22473357]
[end_pgmigrate_fail]:[3139371]
[end_pgmigrate_fail_dst_node_full]:[269824]
[end_pgmigrate_fail_numa_isolate]:[269824]
[end_pgmigrate_fail_nomem]:[2869496]
[end_pgmigrate_fail_refcount]:[8052]
[end_success_nr]:[15895535]
[end_retry_nr]:[112125]
[end_retreated_page_nr]:[1793]
[end_try_to_promote_nr]:[15897330]
[end_task_num]:[0]
[end_write_protect_break_num]:[606920]
[end_shadow_link_num]:[15895485]
[end_shadow_demote_num]:[103524]
[end_batch_free_num]:[15182894]
[end_transactional_migration_success_num]:[15895499]
[end_transactional_migration_fail_num]:[7893]
[end_shadow_page_pair]:[1467]
[note]:[4]
[milliseconds]:[61345]
[total tick]:[159492588690]
[work type]:[5]
[Bandwidth(MB/s)]:[1910.302388]
---------------------------
