-----------start-----------
[start_pgdemote_kswapd]:[3342448]
[start_pgdemote_direct]:[0]
[start_pgdemote_file]:[145814]
[start_pgdemote_anon]:[3196634]
[start_pgpromote_candidate]:[102]
[start_pgpromote_candidate_demoted]:[101]
[start_pgpromote_candidate_anon]:[52]
[start_pgpromote_candidate_file]:[50]
[start_pgpromote_tried]:[0]
[start_pgpromote_file]:[0]
[start_pgpromote_anon]:[0]
[start_pgmigrate_success]:[3342448]
[start_pgmigrate_fail]:[24]
[start_pgmigrate_fail_dst_node_full]:[0]
[start_pgmigrate_fail_numa_isolate]:[0]
[start_pgmigrate_fail_nomem]:[0]
[start_pgmigrate_fail_refcount]:[100]
[start_success_nr]:[38]
[start_retry_nr]:[100]
[start_retreated_page_nr]:[10]
[start_try_to_promote_nr]:[48]
[start_task_num]:[0]
[start_write_protect_break_num]:[5]
[start_shadow_link_num]:[38]
[start_shadow_demote_num]:[0]
[start_batch_free_num]:[0]
[start_transactional_migration_success_num]:[38]
[start_transactional_migration_fail_num]:[100]
[start_shadow_page_pair]:[20]
[end_pgdemote_kswapd]:[8382721]
[end_pgdemote_direct]:[0]
[end_pgdemote_file]:[148722]
[end_pgdemote_anon]:[8233999]
[end_pgpromote_candidate]:[2807809]
[end_pgpromote_candidate_demoted]:[857059]
[end_pgpromote_candidate_anon]:[2807607]
[end_pgpromote_candidate_file]:[202]
[end_pgpromote_tried]:[0]
[end_pgpromote_file]:[0]
[end_pgpromote_anon]:[0]
[end_pgmigrate_success]:[9730817]
[end_pgmigrate_fail]:[866200]
[end_pgmigrate_fail_dst_node_full]:[282112]
[end_pgmigrate_fail_numa_isolate]:[282112]
[end_pgmigrate_fail_nomem]:[584031]
[end_pgmigrate_fail_refcount]:[1186]
[end_success_nr]:[2795918]
[end_retry_nr]:[27856]
[end_retreated_page_nr]:[405]
[end_try_to_promote_nr]:[2796323]
[end_task_num]:[0]
[end_write_protect_break_num]:[18416]
[end_shadow_link_num]:[2795899]
[end_shadow_demote_num]:[1]
[end_batch_free_num]:[2777394]
[end_transactional_migration_success_num]:[2795900]
[end_transactional_migration_fail_num]:[1145]
[end_shadow_page_pair]:[0]
[note]:[0]
[milliseconds]:[65689]
[total tick]:[170783902576]
[work type]:[5]
[Bandwidth(MB/s)]:[1783.974486]
---------------------------
-----------start-----------
[start_pgdemote_kswapd]:[8433352]
[start_pgdemote_direct]:[0]
[start_pgdemote_file]:[148811]
[start_pgdemote_anon]:[8284541]
[start_pgpromote_candidate]:[2867292]
[start_pgpromote_candidate_demoted]:[858285]
[start_pgpromote_candidate_anon]:[2867019]
[start_pgpromote_candidate_file]:[273]
[start_pgpromote_tried]:[0]
[start_pgpromote_file]:[0]
[start_pgpromote_anon]:[0]
[start_pgmigrate_success]:[9781448]
[start_pgmigrate_fail]:[881758]
[start_pgmigrate_fail_dst_node_full]:[282112]
[start_pgmigrate_fail_numa_isolate]:[282112]
[start_pgmigrate_fail_nomem]:[599589]
[start_pgmigrate_fail_refcount]:[1356]
[start_success_nr]:[2847028]
[start_retry_nr]:[28027]
[start_retreated_page_nr]:[422]
[start_try_to_promote_nr]:[2847451]
[start_task_num]:[0]
[start_write_protect_break_num]:[18497]
[start_shadow_link_num]:[2847001]
[start_shadow_demote_num]:[1]
[start_batch_free_num]:[2828327]
[start_transactional_migration_success_num]:[2847003]
[start_transactional_migration_fail_num]:[1295]
[start_shadow_page_pair]:[69]
[end_pgdemote_kswapd]:[14180100]
[end_pgdemote_direct]:[0]
[end_pgdemote_file]:[149763]
[end_pgdemote_anon]:[14030337]
[end_pgpromote_candidate]:[8856278]
[end_pgpromote_candidate_demoted]:[5717554]
[end_pgpromote_candidate_anon]:[8855905]
[end_pgpromote_candidate_file]:[373]
[end_pgpromote_tried]:[0]
[end_pgpromote_file]:[0]
[end_pgpromote_anon]:[0]
[end_pgmigrate_success]:[15528196]
[end_pgmigrate_fail]:[1810973]
[end_pgmigrate_fail_dst_node_full]:[282112]
[end_pgmigrate_fail_numa_isolate]:[282112]
[end_pgmigrate_fail_nomem]:[1528782]
[end_pgmigrate_fail_refcount]:[3191]
[end_success_nr]:[8593101]
[end_retry_nr]:[81293]
[end_retreated_page_nr]:[949]
[end_try_to_promote_nr]:[8594051]
[end_task_num]:[0]
[end_write_protect_break_num]:[108289]
[end_shadow_link_num]:[8593062]
[end_shadow_demote_num]:[66494]
[end_batch_free_num]:[8418141]
[end_transactional_migration_success_num]:[8593064]
[end_transactional_migration_fail_num]:[3100]
[end_shadow_page_pair]:[0]
[note]:[1]
[milliseconds]:[94321]
[total tick]:[245234249722]
[work type]:[5]
[Bandwidth(MB/s)]:[1242.432756]
---------------------------
-----------start-----------
[start_pgdemote_kswapd]:[14237032]
[start_pgdemote_direct]:[0]
[start_pgdemote_file]:[149809]
[start_pgdemote_anon]:[14087223]
[start_pgpromote_candidate]:[8856499]
[start_pgpromote_candidate_demoted]:[5717771]
[start_pgpromote_candidate_anon]:[8856087]
[start_pgpromote_candidate_file]:[412]
[start_pgpromote_tried]:[0]
[start_pgpromote_file]:[0]
[start_pgpromote_anon]:[0]
[start_pgmigrate_success]:[15585128]
[start_pgmigrate_fail]:[1824511]
[start_pgmigrate_fail_dst_node_full]:[282112]
[start_pgmigrate_fail_numa_isolate]:[282112]
[start_pgmigrate_fail_nomem]:[1542320]
[start_pgmigrate_fail_refcount]:[3471]
[start_success_nr]:[8593249]
[start_retry_nr]:[81573]
[start_retreated_page_nr]:[977]
[start_try_to_promote_nr]:[8594227]
[start_task_num]:[0]
[start_write_protect_break_num]:[108300]
[start_shadow_link_num]:[8593202]
[start_shadow_demote_num]:[66494]
[start_batch_free_num]:[8418145]
[start_transactional_migration_success_num]:[8593204]
[start_transactional_migration_fail_num]:[3360]
[start_shadow_page_pair]:[110]
[end_pgdemote_kswapd]:[17528316]
[end_pgdemote_direct]:[0]
[end_pgdemote_file]:[151330]
[end_pgdemote_anon]:[17376986]
[end_pgpromote_candidate]:[12145544]
[end_pgpromote_candidate_demoted]:[8989478]
[end_pgpromote_candidate_anon]:[12145002]
[end_pgpromote_candidate_file]:[542]
[end_pgpromote_tried]:[0]
[end_pgpromote_file]:[0]
[end_pgpromote_anon]:[0]
[end_pgmigrate_success]:[18876412]
[end_pgmigrate_fail]:[2652623]
[end_pgmigrate_fail_dst_node_full]:[282112]
[end_pgmigrate_fail_numa_isolate]:[282112]
[end_pgmigrate_fail_nomem]:[2370240]
[end_pgmigrate_fail_refcount]:[7144]
[end_success_nr]:[11881548]
[end_retry_nr]:[102320]
[end_retreated_page_nr]:[1390]
[end_try_to_promote_nr]:[11882942]
[end_task_num]:[0]
[end_write_protect_break_num]:[111857]
[end_shadow_link_num]:[11881490]
[end_shadow_demote_num]:[66538]
[end_batch_free_num]:[11702909]
[end_transactional_migration_success_num]:[11881493]
[end_transactional_migration_fail_num]:[7033]
[end_shadow_page_pair]:[0]
[note]:[2]
[milliseconds]:[69212]
[total tick]:[179951041696]
[work type]:[5]
[Bandwidth(MB/s)]:[1693.167370]
---------------------------
-----------start-----------
[start_pgdemote_kswapd]:[17528695]
[start_pgdemote_direct]:[0]
[start_pgdemote_file]:[151330]
[start_pgdemote_anon]:[17377365]
[start_pgpromote_candidate]:[12145579]
[start_pgpromote_candidate_demoted]:[8989513]
[start_pgpromote_candidate_anon]:[12145018]
[start_pgpromote_candidate_file]:[561]
[start_pgpromote_tried]:[0]
[start_pgpromote_file]:[0]
[start_pgpromote_anon]:[0]
[start_pgmigrate_success]:[18876791]
[start_pgmigrate_fail]:[2753644]
[start_pgmigrate_fail_dst_node_full]:[282112]
[start_pgmigrate_fail_numa_isolate]:[282112]
[start_pgmigrate_fail_nomem]:[2471261]
[start_pgmigrate_fail_refcount]:[7154]
[start_success_nr]:[11881568]
[start_retry_nr]:[102333]
[start_retreated_page_nr]:[1391]
[start_try_to_promote_nr]:[11882963]
[start_task_num]:[0]
[start_write_protect_break_num]:[111858]
[start_shadow_link_num]:[11881510]
[start_shadow_demote_num]:[66538]
[start_batch_free_num]:[11702922]
[start_transactional_migration_success_num]:[11881516]
[start_transactional_migration_fail_num]:[7043]
[start_shadow_page_pair]:[3]
[end_pgdemote_kswapd]:[20253213]
[end_pgdemote_direct]:[0]
[end_pgdemote_file]:[152906]
[end_pgdemote_anon]:[20100307]
[end_pgpromote_candidate]:[14868885]
[end_pgpromote_candidate_demoted]:[11712330]
[end_pgpromote_candidate_anon]:[14868276]
[end_pgpromote_candidate_file]:[609]
[end_pgpromote_tried]:[0]
[end_pgpromote_file]:[0]
[end_pgpromote_anon]:[0]
[end_pgmigrate_success]:[21601821]
[end_pgmigrate_fail]:[3683052]
[end_pgmigrate_fail_dst_node_full]:[282112]
[end_pgmigrate_fail_numa_isolate]:[282112]
[end_pgmigrate_fail_nomem]:[3400532]
[end_pgmigrate_fail_refcount]:[9139]
[end_success_nr]:[14604352]
[end_retry_nr]:[117534]
[end_retreated_page_nr]:[1817]
[end_try_to_promote_nr]:[14606175]
[end_task_num]:[0]
[end_write_protect_break_num]:[143806]
[end_shadow_link_num]:[14604289]
[end_shadow_demote_num]:[66542]
[end_batch_free_num]:[14393726]
[end_transactional_migration_success_num]:[14604295]
[end_transactional_migration_fail_num]:[8988]
[end_shadow_page_pair]:[0]
[note]:[3]
[milliseconds]:[74524]
[total tick]:[193761768168]
[work type]:[5]
[Bandwidth(MB/s)]:[1572.480006]
---------------------------
-----------start-----------
[start_pgdemote_kswapd]:[20253654]
[start_pgdemote_direct]:[0]
[start_pgdemote_file]:[152906]
[start_pgdemote_anon]:[20100748]
[start_pgpromote_candidate]:[14868947]
[start_pgpromote_candidate_demoted]:[11712392]
[start_pgpromote_candidate_anon]:[14868319]
[start_pgpromote_candidate_file]:[628]
[start_pgpromote_tried]:[0]
[start_pgpromote_file]:[0]
[start_pgpromote_anon]:[0]
[start_pgmigrate_success]:[21602262]
[start_pgmigrate_fail]:[3792509]
[start_pgmigrate_fail_dst_node_full]:[282112]
[start_pgmigrate_fail_numa_isolate]:[282112]
[start_pgmigrate_fail_nomem]:[3509989]
[start_pgmigrate_fail_refcount]:[9149]
[start_success_nr]:[14604390]
[start_retry_nr]:[117544]
[start_retreated_page_nr]:[1818]
[start_try_to_promote_nr]:[14606214]
[start_task_num]:[0]
[start_write_protect_break_num]:[143808]
[start_shadow_link_num]:[14604323]
[start_shadow_demote_num]:[66542]
[start_batch_free_num]:[14393738]
[start_transactional_migration_success_num]:[14604329]
[start_transactional_migration_fail_num]:[8998]
[start_shadow_page_pair]:[15]
[end_pgdemote_kswapd]:[22803399]
[end_pgdemote_direct]:[0]
[end_pgdemote_file]:[154067]
[end_pgdemote_anon]:[22649332]
[end_pgpromote_candidate]:[17419068]
[end_pgpromote_candidate_demoted]:[14262266]
[end_pgpromote_candidate_anon]:[17418370]
[end_pgpromote_candidate_file]:[698]
[end_pgpromote_tried]:[0]
[end_pgpromote_file]:[0]
[end_pgpromote_anon]:[0]
[end_pgmigrate_success]:[24152007]
[end_pgmigrate_fail]:[4637533]
[end_pgmigrate_fail_dst_node_full]:[282112]
[end_pgmigrate_fail_numa_isolate]:[282112]
[end_pgmigrate_fail_nomem]:[4354871]
[end_pgmigrate_fail_refcount]:[10335]
[end_success_nr]:[17154297]
[end_retry_nr]:[127950]
[end_retreated_page_nr]:[1961]
[end_try_to_promote_nr]:[17156264]
[end_task_num]:[0]
[end_write_protect_break_num]:[166166]
[end_shadow_link_num]:[17154230]
[end_shadow_demote_num]:[66557]
[end_batch_free_num]:[16921279]
[end_transactional_migration_success_num]:[17154238]
[end_transactional_migration_fail_num]:[10184]
[end_shadow_page_pair]:[0]
[note]:[4]
[milliseconds]:[66712]
[total tick]:[173451930134]
[work type]:[5]
[Bandwidth(MB/s)]:[1756.618000]
---------------------------
