-----------start-----------
[start_pgdemote_kswapd]:[3324009]
[start_pgdemote_direct]:[0]
[start_pgdemote_file]:[140183]
[start_pgdemote_anon]:[3183826]
[start_pgpromote_candidate]:[54]
[start_pgpromote_candidate_demoted]:[53]
[start_pgpromote_candidate_anon]:[53]
[start_pgpromote_candidate_file]:[1]
[start_pgpromote_tried]:[0]
[start_pgpromote_file]:[0]
[start_pgpromote_anon]:[0]
[start_pgmigrate_success]:[3324009]
[start_pgmigrate_fail]:[4]
[start_pgmigrate_fail_dst_node_full]:[0]
[start_pgmigrate_fail_numa_isolate]:[0]
[start_pgmigrate_fail_nomem]:[0]
[start_pgmigrate_fail_refcount]:[210]
[start_success_nr]:[24]
[start_retry_nr]:[210]
[start_retreated_page_nr]:[21]
[start_try_to_promote_nr]:[45]
[start_task_num]:[0]
[start_write_protect_break_num]:[4]
[start_shadow_link_num]:[24]
[start_shadow_demote_num]:[0]
[start_batch_free_num]:[0]
[start_transactional_migration_success_num]:[24]
[start_transactional_migration_fail_num]:[210]
[start_shadow_page_pair]:[11]
[end_pgdemote_kswapd]:[8244831]
[end_pgdemote_direct]:[0]
[end_pgdemote_file]:[142275]
[end_pgdemote_anon]:[8102556]
[end_pgpromote_candidate]:[2666101]
[end_pgpromote_candidate_demoted]:[738548]
[end_pgpromote_candidate_anon]:[2666023]
[end_pgpromote_candidate_file]:[78]
[end_pgpromote_tried]:[0]
[end_pgpromote_file]:[0]
[end_pgpromote_anon]:[0]
[end_pgmigrate_success]:[9920183]
[end_pgmigrate_fail]:[640984]
[end_pgmigrate_fail_dst_node_full]:[304128]
[end_pgmigrate_fail_numa_isolate]:[304128]
[end_pgmigrate_fail_nomem]:[336824]
[end_pgmigrate_fail_refcount]:[2215]
[end_success_nr]:[2660841]
[end_retry_nr]:[30883]
[end_retreated_page_nr]:[677]
[end_try_to_promote_nr]:[2661522]
[end_task_num]:[0]
[end_write_protect_break_num]:[322578]
[end_shadow_link_num]:[2660829]
[end_shadow_demote_num]:[57528]
[end_batch_free_num]:[2278087]
[end_transactional_migration_success_num]:[2660832]
[end_transactional_migration_fail_num]:[2195]
[end_shadow_page_pair]:[2480]
[note]:[0]
[milliseconds]:[67558]
[total tick]:[175644801219]
[work type]:[5]
[Bandwidth(MB/s)]:[1734.620622]
---------------------------
-----------start-----------
[start_pgdemote_kswapd]:[8293428]
[start_pgdemote_direct]:[0]
[start_pgdemote_file]:[142655]
[start_pgdemote_anon]:[8150773]
[start_pgpromote_candidate]:[2725985]
[start_pgpromote_candidate_demoted]:[740686]
[start_pgpromote_candidate_anon]:[2725867]
[start_pgpromote_candidate_file]:[118]
[start_pgpromote_tried]:[0]
[start_pgpromote_file]:[0]
[start_pgpromote_anon]:[0]
[start_pgmigrate_success]:[9968780]
[start_pgmigrate_fail]:[647169]
[start_pgmigrate_fail_dst_node_full]:[304128]
[start_pgmigrate_fail_numa_isolate]:[304128]
[start_pgmigrate_fail_nomem]:[343009]
[start_pgmigrate_fail_refcount]:[3333]
[start_success_nr]:[2707664]
[start_retry_nr]:[32009]
[start_retreated_page_nr]:[777]
[start_try_to_promote_nr]:[2708445]
[start_task_num]:[0]
[start_write_protect_break_num]:[322751]
[start_shadow_link_num]:[2707637]
[start_shadow_demote_num]:[57528]
[start_batch_free_num]:[2326246]
[start_transactional_migration_success_num]:[2707641]
[start_transactional_migration_fail_num]:[3241]
[start_shadow_page_pair]:[920]
[end_pgdemote_kswapd]:[14102117]
[end_pgdemote_direct]:[0]
[end_pgdemote_file]:[143658]
[end_pgdemote_anon]:[13958459]
[end_pgpromote_candidate]:[8572047]
[end_pgpromote_candidate_demoted]:[5651014]
[end_pgpromote_candidate_anon]:[8571870]
[end_pgpromote_candidate_file]:[177]
[end_pgpromote_tried]:[0]
[end_pgpromote_file]:[0]
[end_pgpromote_anon]:[0]
[end_pgmigrate_success]:[15908541]
[end_pgmigrate_fail]:[1493694]
[end_pgmigrate_fail_dst_node_full]:[304128]
[end_pgmigrate_fail_numa_isolate]:[304128]
[end_pgmigrate_fail_nomem]:[1189534]
[end_pgmigrate_fail_refcount]:[5421]
[end_success_nr]:[8385785]
[end_retry_nr]:[60221]
[end_retreated_page_nr]:[1246]
[end_try_to_promote_nr]:[8387035]
[end_task_num]:[0]
[end_write_protect_break_num]:[442396]
[end_shadow_link_num]:[8385740]
[end_shadow_demote_num]:[163260]
[end_batch_free_num]:[7778389]
[end_transactional_migration_success_num]:[8385747]
[end_transactional_migration_fail_num]:[5327]
[end_shadow_page_pair]:[1418]
[note]:[1]
[milliseconds]:[104526]
[total tick]:[271767633190]
[work type]:[5]
[Bandwidth(MB/s)]:[1121.132541]
---------------------------
-----------start-----------
[start_pgdemote_kswapd]:[14160335]
[start_pgdemote_direct]:[0]
[start_pgdemote_file]:[143658]
[start_pgdemote_anon]:[14016677]
[start_pgpromote_candidate]:[8573143]
[start_pgpromote_candidate_demoted]:[5652110]
[start_pgpromote_candidate_anon]:[8572909]
[start_pgpromote_candidate_file]:[234]
[start_pgpromote_tried]:[0]
[start_pgpromote_file]:[0]
[start_pgpromote_anon]:[0]
[start_pgmigrate_success]:[15966759]
[start_pgmigrate_fail]:[1495626]
[start_pgmigrate_fail_dst_node_full]:[304128]
[start_pgmigrate_fail_numa_isolate]:[304128]
[start_pgmigrate_fail_nomem]:[1191466]
[start_pgmigrate_fail_refcount]:[5835]
[start_success_nr]:[8386790]
[start_retry_nr]:[60637]
[start_retreated_page_nr]:[1280]
[start_try_to_promote_nr]:[8388074]
[start_task_num]:[0]
[start_write_protect_break_num]:[442540]
[start_shadow_link_num]:[8386745]
[start_shadow_demote_num]:[163260]
[start_batch_free_num]:[7779810]
[start_transactional_migration_success_num]:[8386754]
[start_transactional_migration_fail_num]:[5741]
[start_shadow_page_pair]:[846]
[end_pgdemote_kswapd]:[17114522]
[end_pgdemote_direct]:[0]
[end_pgdemote_file]:[143861]
[end_pgdemote_anon]:[16970661]
[end_pgpromote_candidate]:[11525632]
[end_pgpromote_candidate_demoted]:[8593241]
[end_pgpromote_candidate_anon]:[11525381]
[end_pgpromote_candidate_file]:[251]
[end_pgpromote_tried]:[0]
[end_pgpromote_file]:[0]
[end_pgpromote_anon]:[0]
[end_pgmigrate_success]:[18920946]
[end_pgmigrate_fail]:[2005655]
[end_pgmigrate_fail_dst_node_full]:[304128]
[end_pgmigrate_fail_numa_isolate]:[304128]
[end_pgmigrate_fail_nomem]:[1701495]
[end_pgmigrate_fail_refcount]:[7614]
[end_success_nr]:[11339003]
[end_retry_nr]:[74195]
[end_retreated_page_nr]:[1529]
[end_try_to_promote_nr]:[11340538]
[end_task_num]:[0]
[end_write_protect_break_num]:[581700]
[end_shadow_link_num]:[11338929]
[end_shadow_demote_num]:[164202]
[end_batch_free_num]:[10592690]
[end_transactional_migration_success_num]:[11338939]
[end_transactional_migration_fail_num]:[7509]
[end_shadow_page_pair]:[0]
[note]:[2]
[milliseconds]:[69905]
[total tick]:[181765196334]
[work type]:[5]
[Bandwidth(MB/s)]:[1676.382233]
---------------------------
-----------start-----------
[start_pgdemote_kswapd]:[17114522]
[start_pgdemote_direct]:[0]
[start_pgdemote_file]:[143861]
[start_pgdemote_anon]:[16970661]
[start_pgpromote_candidate]:[11525645]
[start_pgpromote_candidate_demoted]:[8593253]
[start_pgpromote_candidate_anon]:[11525394]
[start_pgpromote_candidate_file]:[251]
[start_pgpromote_tried]:[0]
[start_pgpromote_file]:[0]
[start_pgpromote_anon]:[0]
[start_pgmigrate_success]:[18920946]
[start_pgmigrate_fail]:[2006102]
[start_pgmigrate_fail_dst_node_full]:[304128]
[start_pgmigrate_fail_numa_isolate]:[304128]
[start_pgmigrate_fail_nomem]:[1701942]
[start_pgmigrate_fail_refcount]:[7614]
[start_success_nr]:[11339010]
[start_retry_nr]:[74195]
[start_retreated_page_nr]:[1529]
[start_try_to_promote_nr]:[11340545]
[start_task_num]:[0]
[start_write_protect_break_num]:[581700]
[start_shadow_link_num]:[11338936]
[start_shadow_demote_num]:[164202]
[start_batch_free_num]:[10592697]
[start_transactional_migration_success_num]:[11338946]
[start_transactional_migration_fail_num]:[7509]
[start_shadow_page_pair]:[0]
[end_pgdemote_kswapd]:[19580242]
[end_pgdemote_direct]:[0]
[end_pgdemote_file]:[143861]
[end_pgdemote_anon]:[19436381]
[end_pgpromote_candidate]:[13991941]
[end_pgpromote_candidate_demoted]:[11059305]
[end_pgpromote_candidate_anon]:[13991681]
[end_pgpromote_candidate_file]:[260]
[end_pgpromote_tried]:[0]
[end_pgpromote_file]:[0]
[end_pgpromote_anon]:[0]
[end_pgmigrate_success]:[21386666]
[end_pgmigrate_fail]:[2454705]
[end_pgmigrate_fail_dst_node_full]:[304128]
[end_pgmigrate_fail_numa_isolate]:[304128]
[end_pgmigrate_fail_nomem]:[2150545]
[end_pgmigrate_fail_refcount]:[8321]
[end_success_nr]:[13804795]
[end_retry_nr]:[83103]
[end_retreated_page_nr]:[1669]
[end_try_to_promote_nr]:[13806470]
[end_task_num]:[0]
[end_write_protect_break_num]:[707378]
[end_shadow_link_num]:[13804720]
[end_shadow_demote_num]:[164257]
[end_batch_free_num]:[12932713]
[end_transactional_migration_success_num]:[13804734]
[end_transactional_migration_fail_num]:[8216]
[end_shadow_page_pair]:[0]
[note]:[3]
[milliseconds]:[61285]
[total tick]:[159346748600]
[work type]:[5]
[Bandwidth(MB/s)]:[1912.172636]
---------------------------
-----------start-----------
[start_pgdemote_kswapd]:[19580757]
[start_pgdemote_direct]:[0]
[start_pgdemote_file]:[143861]
[start_pgdemote_anon]:[19436896]
[start_pgpromote_candidate]:[13992085]
[start_pgpromote_candidate_demoted]:[11059448]
[start_pgpromote_candidate_anon]:[13991815]
[start_pgpromote_candidate_file]:[270]
[start_pgpromote_tried]:[0]
[start_pgpromote_file]:[0]
[start_pgpromote_anon]:[0]
[start_pgmigrate_success]:[21387181]
[start_pgmigrate_fail]:[2458685]
[start_pgmigrate_fail_dst_node_full]:[304128]
[start_pgmigrate_fail_numa_isolate]:[304128]
[start_pgmigrate_fail_nomem]:[2154525]
[start_pgmigrate_fail_refcount]:[8753]
[start_success_nr]:[13804890]
[start_retry_nr]:[83535]
[start_retreated_page_nr]:[1712]
[start_try_to_promote_nr]:[13806608]
[start_task_num]:[0]
[start_write_protect_break_num]:[707398]
[start_shadow_link_num]:[13804806]
[start_shadow_demote_num]:[164257]
[start_batch_free_num]:[12932717]
[start_transactional_migration_success_num]:[13804820]
[start_transactional_migration_fail_num]:[8618]
[start_shadow_page_pair]:[49]
[end_pgdemote_kswapd]:[21816364]
[end_pgdemote_direct]:[0]
[end_pgdemote_file]:[143917]
[end_pgdemote_anon]:[21672447]
[end_pgpromote_candidate]:[16228310]
[end_pgpromote_candidate_demoted]:[13295514]
[end_pgpromote_candidate_anon]:[16228040]
[end_pgpromote_candidate_file]:[270]
[end_pgpromote_tried]:[0]
[end_pgpromote_file]:[0]
[end_pgpromote_anon]:[0]
[end_pgmigrate_success]:[23622788]
[end_pgmigrate_fail]:[2844457]
[end_pgmigrate_fail_dst_node_full]:[304128]
[end_pgmigrate_fail_numa_isolate]:[304128]
[end_pgmigrate_fail_nomem]:[2540297]
[end_pgmigrate_fail_refcount]:[9576]
[end_success_nr]:[16040997]
[end_retry_nr]:[90576]
[end_retreated_page_nr]:[1830]
[end_try_to_promote_nr]:[16042833]
[end_task_num]:[0]
[end_write_protect_break_num]:[841266]
[end_shadow_link_num]:[16040913]
[end_shadow_demote_num]:[164365]
[end_batch_free_num]:[15034862]
[end_transactional_migration_success_num]:[16040928]
[end_transactional_migration_fail_num]:[9441]
[end_shadow_page_pair]:[0]
[note]:[4]
[milliseconds]:[56594]
[total tick]:[147148388198]
[work type]:[5]
[Bandwidth(MB/s)]:[2070.670036]
---------------------------
