-----------start-----------
[start_pgdemote_kswapd]:[2832394]
[start_pgdemote_direct]:[0]
[start_pgdemote_file]:[140027]
[start_pgdemote_anon]:[2692367]
[start_pgpromote_candidate]:[131]
[start_pgpromote_candidate_demoted]:[131]
[start_pgpromote_candidate_anon]:[121]
[start_pgpromote_candidate_file]:[10]
[start_pgpromote_tried]:[0]
[start_pgpromote_file]:[0]
[start_pgpromote_anon]:[0]
[start_pgmigrate_success]:[2832394]
[start_pgmigrate_fail]:[8]
[start_pgmigrate_fail_dst_node_full]:[0]
[start_pgmigrate_fail_numa_isolate]:[0]
[start_pgmigrate_fail_nomem]:[0]
[start_pgmigrate_fail_refcount]:[180]
[start_success_nr]:[100]
[start_retry_nr]:[180]
[start_retreated_page_nr]:[18]
[start_try_to_promote_nr]:[118]
[start_task_num]:[0]
[start_write_protect_break_num]:[11]
[start_shadow_link_num]:[98]
[start_shadow_demote_num]:[0]
[start_batch_free_num]:[0]
[start_transactional_migration_success_num]:[100]
[start_transactional_migration_fail_num]:[180]
[start_shadow_page_pair]:[68]
[end_pgdemote_kswapd]:[7767537]
[end_pgdemote_direct]:[0]
[end_pgdemote_file]:[157462]
[end_pgdemote_anon]:[7610075]
[end_pgpromote_candidate]:[2641642]
[end_pgpromote_candidate_demoted]:[749049]
[end_pgpromote_candidate_anon]:[2641394]
[end_pgpromote_candidate_file]:[248]
[end_pgpromote_tried]:[0]
[end_pgpromote_file]:[0]
[end_pgpromote_anon]:[0]
[end_pgmigrate_success]:[9177073]
[end_pgmigrate_fail]:[931459]
[end_pgmigrate_fail_dst_node_full]:[549888]
[end_pgmigrate_fail_numa_isolate]:[549888]
[end_pgmigrate_fail_nomem]:[366491]
[end_pgmigrate_fail_refcount]:[152415]
[end_success_nr]:[2629608]
[end_retry_nr]:[35972]
[end_retreated_page_nr]:[775]
[end_try_to_promote_nr]:[2630384]
[end_task_num]:[0]
[end_write_protect_break_num]:[194576]
[end_shadow_link_num]:[2253105]
[end_shadow_demote_num]:[4167]
[end_batch_free_num]:[2053638]
[end_transactional_migration_success_num]:[2629589]
[end_transactional_migration_fail_num]:[2131]
[end_shadow_page_pair]:[596]
[note]:[0]
[milliseconds]:[69989]
[total tick]:[181980021567]
[work type]:[5]
[Bandwidth(MB/s)]:[1674.370258]
---------------------------
-----------start-----------
[start_pgdemote_kswapd]:[7812097]
[start_pgdemote_direct]:[0]
[start_pgdemote_file]:[157464]
[start_pgdemote_anon]:[7654633]
[start_pgpromote_candidate]:[2700357]
[start_pgpromote_candidate_demoted]:[750016]
[start_pgpromote_candidate_anon]:[2700055]
[start_pgpromote_candidate_file]:[302]
[start_pgpromote_tried]:[0]
[start_pgpromote_file]:[0]
[start_pgpromote_anon]:[0]
[start_pgmigrate_success]:[9221633]
[start_pgmigrate_fail]:[939109]
[start_pgmigrate_fail_dst_node_full]:[549888]
[start_pgmigrate_fail_numa_isolate]:[549888]
[start_pgmigrate_fail_nomem]:[374141]
[start_pgmigrate_fail_refcount]:[152450]
[start_success_nr]:[2673775]
[start_retry_nr]:[36008]
[start_retreated_page_nr]:[778]
[start_try_to_promote_nr]:[2674554]
[start_task_num]:[0]
[start_write_protect_break_num]:[194579]
[start_shadow_link_num]:[2297251]
[start_shadow_demote_num]:[4167]
[start_batch_free_num]:[2098336]
[start_transactional_migration_success_num]:[2673751]
[start_transactional_migration_fail_num]:[2155]
[start_shadow_page_pair]:[35]
[end_pgdemote_kswapd]:[13558632]
[end_pgdemote_direct]:[0]
[end_pgdemote_file]:[158961]
[end_pgdemote_anon]:[13399671]
[end_pgpromote_candidate]:[8498880]
[end_pgpromote_candidate_demoted]:[5473655]
[end_pgpromote_candidate_anon]:[8498536]
[end_pgpromote_candidate_file]:[344]
[end_pgpromote_tried]:[0]
[end_pgpromote_file]:[0]
[end_pgpromote_anon]:[0]
[end_pgmigrate_success]:[15023976]
[end_pgmigrate_fail]:[1630791]
[end_pgmigrate_fail_dst_node_full]:[549888]
[end_pgmigrate_fail_numa_isolate]:[549888]
[end_pgmigrate_fail_nomem]:[1065823]
[end_pgmigrate_fail_refcount]:[154712]
[end_success_nr]:[8345858]
[end_retry_nr]:[94707]
[end_retreated_page_nr]:[1494]
[end_try_to_promote_nr]:[8347357]
[end_task_num]:[0]
[end_write_protect_break_num]:[252608]
[end_shadow_link_num]:[7289814]
[end_shadow_demote_num]:[46367]
[end_batch_free_num]:[6989620]
[end_transactional_migration_success_num]:[8345803]
[end_transactional_migration_fail_num]:[4403]
[end_shadow_page_pair]:[1039]
[note]:[1]
[milliseconds]:[98293]
[total tick]:[255578351296]
[work type]:[5]
[Bandwidth(MB/s)]:[1192.226303]
---------------------------
-----------start-----------
[start_pgdemote_kswapd]:[13616673]
[start_pgdemote_direct]:[0]
[start_pgdemote_file]:[159067]
[start_pgdemote_anon]:[13457606]
[start_pgpromote_candidate]:[8499356]
[start_pgpromote_candidate_demoted]:[5474131]
[start_pgpromote_candidate_anon]:[8499011]
[start_pgpromote_candidate_file]:[345]
[start_pgpromote_tried]:[0]
[start_pgpromote_file]:[0]
[start_pgpromote_anon]:[0]
[start_pgmigrate_success]:[15082017]
[start_pgmigrate_fail]:[1631206]
[start_pgmigrate_fail_dst_node_full]:[549888]
[start_pgmigrate_fail_numa_isolate]:[549888]
[start_pgmigrate_fail_nomem]:[1066238]
[start_pgmigrate_fail_refcount]:[155003]
[start_success_nr]:[8346302]
[start_retry_nr]:[95002]
[start_retreated_page_nr]:[1523]
[start_try_to_promote_nr]:[8347833]
[start_task_num]:[0]
[start_write_protect_break_num]:[252719]
[start_shadow_link_num]:[7290084]
[start_shadow_demote_num]:[46367]
[start_batch_free_num]:[6990661]
[start_transactional_migration_success_num]:[8346247]
[start_transactional_migration_fail_num]:[4694]
[start_shadow_page_pair]:[137]
[end_pgdemote_kswapd]:[16834991]
[end_pgdemote_direct]:[0]
[end_pgdemote_file]:[160457]
[end_pgdemote_anon]:[16674534]
[end_pgpromote_candidate]:[11717481]
[end_pgpromote_candidate_demoted]:[8682226]
[end_pgpromote_candidate_anon]:[11717105]
[end_pgpromote_candidate_file]:[376]
[end_pgpromote_tried]:[0]
[end_pgpromote_file]:[0]
[end_pgpromote_anon]:[0]
[end_pgmigrate_success]:[18300335]
[end_pgmigrate_fail]:[2312615]
[end_pgmigrate_fail_dst_node_full]:[549888]
[end_pgmigrate_fail_numa_isolate]:[549888]
[end_pgmigrate_fail_nomem]:[1747648]
[end_pgmigrate_fail_refcount]:[157061]
[end_success_nr]:[11564049]
[end_retry_nr]:[113188]
[end_retreated_page_nr]:[1869]
[end_try_to_promote_nr]:[11565926]
[end_task_num]:[0]
[end_write_protect_break_num]:[253009]
[end_shadow_link_num]:[9340604]
[end_shadow_demote_num]:[46368]
[end_batch_free_num]:[9041017]
[end_transactional_migration_success_num]:[11563977]
[end_transactional_migration_fail_num]:[6731]
[end_shadow_page_pair]:[0]
[note]:[2]
[milliseconds]:[64956]
[total tick]:[168891542258]
[work type]:[5]
[Bandwidth(MB/s)]:[1804.105856]
---------------------------
-----------start-----------
[start_pgdemote_kswapd]:[16834991]
[start_pgdemote_direct]:[0]
[start_pgdemote_file]:[160457]
[start_pgdemote_anon]:[16674534]
[start_pgpromote_candidate]:[11717493]
[start_pgpromote_candidate_demoted]:[8682238]
[start_pgpromote_candidate_anon]:[11717115]
[start_pgpromote_candidate_file]:[378]
[start_pgpromote_tried]:[0]
[start_pgpromote_file]:[0]
[start_pgpromote_anon]:[0]
[start_pgmigrate_success]:[18300335]
[start_pgmigrate_fail]:[2315396]
[start_pgmigrate_fail_dst_node_full]:[549888]
[start_pgmigrate_fail_numa_isolate]:[549888]
[start_pgmigrate_fail_nomem]:[1750428]
[start_pgmigrate_fail_refcount]:[157061]
[start_success_nr]:[11564059]
[start_retry_nr]:[113188]
[start_retreated_page_nr]:[1869]
[start_try_to_promote_nr]:[11565936]
[start_task_num]:[0]
[start_write_protect_break_num]:[253010]
[start_shadow_link_num]:[9340609]
[start_shadow_demote_num]:[46368]
[start_batch_free_num]:[9041019]
[start_transactional_migration_success_num]:[11563985]
[start_transactional_migration_fail_num]:[6731]
[start_shadow_page_pair]:[2]
[end_pgdemote_kswapd]:[19406392]
[end_pgdemote_direct]:[0]
[end_pgdemote_file]:[160479]
[end_pgdemote_anon]:[19245913]
[end_pgpromote_candidate]:[14289534]
[end_pgpromote_candidate_demoted]:[11254069]
[end_pgpromote_candidate_anon]:[14289089]
[end_pgpromote_candidate_file]:[445]
[end_pgpromote_tried]:[0]
[end_pgpromote_file]:[0]
[end_pgpromote_anon]:[0]
[end_pgmigrate_success]:[20871736]
[end_pgmigrate_fail]:[2774409]
[end_pgmigrate_fail_dst_node_full]:[549888]
[end_pgmigrate_fail_numa_isolate]:[549888]
[end_pgmigrate_fail_nomem]:[2209441]
[end_pgmigrate_fail_refcount]:[158436]
[end_success_nr]:[14135840]
[end_retry_nr]:[123875]
[end_retreated_page_nr]:[2055]
[end_try_to_promote_nr]:[14137906]
[end_task_num]:[0]
[end_write_protect_break_num]:[264531]
[end_shadow_link_num]:[10860728]
[end_shadow_demote_num]:[46371]
[end_batch_free_num]:[10549494]
[end_transactional_migration_success_num]:[14135759]
[end_transactional_migration_fail_num]:[8105]
[end_shadow_page_pair]:[118]
[note]:[3]
[milliseconds]:[61181]
[total tick]:[159074902162]
[work type]:[5]
[Bandwidth(MB/s)]:[1915.423089]
---------------------------
-----------start-----------
[start_pgdemote_kswapd]:[19406392]
[start_pgdemote_direct]:[0]
[start_pgdemote_file]:[160479]
[start_pgdemote_anon]:[19245913]
[start_pgpromote_candidate]:[14289568]
[start_pgpromote_candidate_demoted]:[11254103]
[start_pgpromote_candidate_anon]:[14289121]
[start_pgpromote_candidate_file]:[447]
[start_pgpromote_tried]:[0]
[start_pgpromote_file]:[0]
[start_pgpromote_anon]:[0]
[start_pgmigrate_success]:[20871736]
[start_pgmigrate_fail]:[2778880]
[start_pgmigrate_fail_dst_node_full]:[549888]
[start_pgmigrate_fail_numa_isolate]:[549888]
[start_pgmigrate_fail_nomem]:[2213912]
[start_pgmigrate_fail_refcount]:[158476]
[start_success_nr]:[14135871]
[start_retry_nr]:[123915]
[start_retreated_page_nr]:[2059]
[start_try_to_promote_nr]:[14137941]
[start_task_num]:[0]
[start_write_protect_break_num]:[264531]
[start_shadow_link_num]:[10860743]
[start_shadow_demote_num]:[46371]
[start_batch_free_num]:[10549615]
[start_transactional_migration_success_num]:[14135782]
[start_transactional_migration_fail_num]:[8145]
[start_shadow_page_pair]:[12]
[end_pgdemote_kswapd]:[22047729]
[end_pgdemote_direct]:[0]
[end_pgdemote_file]:[160705]
[end_pgdemote_anon]:[21887024]
[end_pgpromote_candidate]:[16930927]
[end_pgpromote_candidate_demoted]:[13895333]
[end_pgpromote_candidate_anon]:[16930471]
[end_pgpromote_candidate_file]:[456]
[end_pgpromote_tried]:[0]
[end_pgpromote_file]:[0]
[end_pgpromote_anon]:[0]
[end_pgmigrate_success]:[23513073]
[end_pgmigrate_fail]:[3401432]
[end_pgmigrate_fail_dst_node_full]:[549888]
[end_pgmigrate_fail_numa_isolate]:[549888]
[end_pgmigrate_fail_nomem]:[2836464]
[end_pgmigrate_fail_refcount]:[159856]
[end_success_nr]:[16777077]
[end_retry_nr]:[136715]
[end_retreated_page_nr]:[2198]
[end_try_to_promote_nr]:[16779286]
[end_task_num]:[0]
[end_write_protect_break_num]:[264782]
[end_shadow_link_num]:[12410102]
[end_shadow_demote_num]:[46373]
[end_batch_free_num]:[12098571]
[end_transactional_migration_success_num]:[16776976]
[end_transactional_migration_fail_num]:[9494]
[end_shadow_page_pair]:[156]
[note]:[4]
[milliseconds]:[57355]
[total tick]:[149128146864]
[work type]:[5]
[Bandwidth(MB/s)]:[2043.195885]
---------------------------
