-----------start-----------
[start_pgdemote_kswapd]:[2933602]
[start_pgdemote_direct]:[0]
[start_pgdemote_file]:[140265]
[start_pgdemote_anon]:[2793337]
[start_pgpromote_candidate]:[67]
[start_pgpromote_candidate_demoted]:[66]
[start_pgpromote_candidate_anon]:[56]
[start_pgpromote_candidate_file]:[11]
[start_pgpromote_tried]:[0]
[start_pgpromote_file]:[0]
[start_pgpromote_anon]:[0]
[start_pgmigrate_success]:[2933602]
[start_pgmigrate_fail]:[0]
[start_pgmigrate_fail_dst_node_full]:[0]
[start_pgmigrate_fail_numa_isolate]:[0]
[start_pgmigrate_fail_nomem]:[0]
[start_pgmigrate_fail_refcount]:[100]
[start_success_nr]:[42]
[start_retry_nr]:[100]
[start_retreated_page_nr]:[10]
[start_try_to_promote_nr]:[52]
[start_task_num]:[0]
[start_write_protect_break_num]:[10]
[start_shadow_link_num]:[41]
[start_shadow_demote_num]:[0]
[start_batch_free_num]:[0]
[start_transactional_migration_success_num]:[42]
[start_transactional_migration_fail_num]:[100]
[start_shadow_page_pair]:[16]
[end_pgdemote_kswapd]:[7426431]
[end_pgdemote_direct]:[0]
[end_pgdemote_file]:[155340]
[end_pgdemote_anon]:[7271091]
[end_pgpromote_candidate]:[2282727]
[end_pgpromote_candidate_demoted]:[563917]
[end_pgpromote_candidate_anon]:[2282302]
[end_pgpromote_candidate_file]:[425]
[end_pgpromote_tried]:[0]
[end_pgpromote_file]:[0]
[end_pgpromote_anon]:[0]
[end_pgmigrate_success]:[8770463]
[end_pgmigrate_fail]:[619294]
[end_pgmigrate_fail_dst_node_full]:[297472]
[end_pgmigrate_fail_numa_isolate]:[297472]
[end_pgmigrate_fail_nomem]:[316606]
[end_pgmigrate_fail_refcount]:[53275]
[end_success_nr]:[2262226]
[end_retry_nr]:[27747]
[end_retreated_page_nr]:[548]
[end_try_to_promote_nr]:[2262775]
[end_task_num]:[0]
[end_write_protect_break_num]:[66059]
[end_shadow_link_num]:[1954226]
[end_shadow_demote_num]:[13]
[end_batch_free_num]:[1885133]
[end_transactional_migration_success_num]:[2262198]
[end_transactional_migration_fail_num]:[1501]
[end_shadow_page_pair]:[2914]
[note]:[0]
[milliseconds]:[50711]
[total tick]:[131850958346]
[work type]:[5]
[Bandwidth(MB/s)]:[2310.889156]
---------------------------
-----------start-----------
[start_pgdemote_kswapd]:[7476344]
[start_pgdemote_direct]:[0]
[start_pgdemote_file]:[155344]
[start_pgdemote_anon]:[7321000]
[start_pgpromote_candidate]:[2341384]
[start_pgpromote_candidate_demoted]:[564828]
[start_pgpromote_candidate_anon]:[2340912]
[start_pgpromote_candidate_file]:[472]
[start_pgpromote_tried]:[0]
[start_pgpromote_file]:[0]
[start_pgpromote_anon]:[0]
[start_pgmigrate_success]:[8820376]
[start_pgmigrate_fail]:[626525]
[start_pgmigrate_fail_dst_node_full]:[297472]
[start_pgmigrate_fail_numa_isolate]:[297472]
[start_pgmigrate_fail_nomem]:[323837]
[start_pgmigrate_fail_refcount]:[53305]
[start_success_nr]:[2309428]
[start_retry_nr]:[27778]
[start_retreated_page_nr]:[551]
[start_try_to_promote_nr]:[2309980]
[start_task_num]:[0]
[start_write_protect_break_num]:[66059]
[start_shadow_link_num]:[2001423]
[start_shadow_demote_num]:[13]
[start_batch_free_num]:[1935241]
[start_transactional_migration_success_num]:[2309398]
[start_transactional_migration_fail_num]:[1531]
[start_shadow_page_pair]:[1]
[end_pgdemote_kswapd]:[13122401]
[end_pgdemote_direct]:[0]
[end_pgdemote_file]:[155710]
[end_pgdemote_anon]:[12966691]
[end_pgpromote_candidate]:[8036250]
[end_pgpromote_candidate_demoted]:[5334137]
[end_pgpromote_candidate_anon]:[8035582]
[end_pgpromote_candidate_file]:[668]
[end_pgpromote_tried]:[0]
[end_pgpromote_file]:[0]
[end_pgpromote_anon]:[0]
[end_pgmigrate_success]:[14562177]
[end_pgmigrate_fail]:[1347693]
[end_pgmigrate_fail_dst_node_full]:[297472]
[end_pgmigrate_fail_numa_isolate]:[297472]
[end_pgmigrate_fail_nomem]:[1045005]
[end_pgmigrate_fail_refcount]:[55904]
[end_success_nr]:[7859555]
[end_retry_nr]:[78841]
[end_retreated_page_nr]:[1187]
[end_try_to_promote_nr]:[7860743]
[end_task_num]:[0]
[end_write_protect_break_num]:[157830]
[end_shadow_link_num]:[6883463]
[end_shadow_demote_num]:[63246]
[end_batch_free_num]:[6662249]
[end_transactional_migration_success_num]:[7859492]
[end_transactional_migration_fail_num]:[4094]
[end_shadow_page_pair]:[0]
[note]:[1]
[milliseconds]:[88714]
[total tick]:[230666081516]
[work type]:[5]
[Bandwidth(MB/s)]:[1320.958361]
---------------------------
-----------start-----------
[start_pgdemote_kswapd]:[13180486]
[start_pgdemote_direct]:[0]
[start_pgdemote_file]:[155711]
[start_pgdemote_anon]:[13024775]
[start_pgpromote_candidate]:[8036321]
[start_pgpromote_candidate_demoted]:[5334208]
[start_pgpromote_candidate_anon]:[8035653]
[start_pgpromote_candidate_file]:[668]
[start_pgpromote_tried]:[0]
[start_pgpromote_file]:[0]
[start_pgpromote_anon]:[0]
[start_pgmigrate_success]:[14620262]
[start_pgmigrate_fail]:[1347935]
[start_pgmigrate_fail_dst_node_full]:[297472]
[start_pgmigrate_fail_numa_isolate]:[297472]
[start_pgmigrate_fail_nomem]:[1045247]
[start_pgmigrate_fail_refcount]:[55964]
[start_success_nr]:[7859617]
[start_retry_nr]:[78901]
[start_retreated_page_nr]:[1193]
[start_try_to_promote_nr]:[7860811]
[start_task_num]:[0]
[start_write_protect_break_num]:[157832]
[start_shadow_link_num]:[6883505]
[start_shadow_demote_num]:[63246]
[start_batch_free_num]:[6662252]
[start_transactional_migration_success_num]:[7859544]
[start_transactional_migration_fail_num]:[4154]
[start_shadow_page_pair]:[36]
[end_pgdemote_kswapd]:[15733783]
[end_pgdemote_direct]:[0]
[end_pgdemote_file]:[156221]
[end_pgdemote_anon]:[15577562]
[end_pgpromote_candidate]:[10927938]
[end_pgpromote_candidate_demoted]:[8212816]
[end_pgpromote_candidate_anon]:[10927227]
[end_pgpromote_candidate_file]:[711]
[end_pgpromote_tried]:[0]
[end_pgpromote_file]:[0]
[end_pgpromote_anon]:[0]
[end_pgmigrate_success]:[17173559]
[end_pgmigrate_fail]:[1780176]
[end_pgmigrate_fail_dst_node_full]:[297472]
[end_pgmigrate_fail_numa_isolate]:[297472]
[end_pgmigrate_fail_nomem]:[1477481]
[end_pgmigrate_fail_refcount]:[57782]
[end_success_nr]:[10750929]
[end_retry_nr]:[92944]
[end_retreated_page_nr]:[1456]
[end_try_to_promote_nr]:[10752386]
[end_task_num]:[0]
[end_write_protect_break_num]:[184021]
[end_shadow_link_num]:[8724731]
[end_shadow_demote_num]:[63394]
[end_batch_free_num]:[8264127]
[end_transactional_migration_success_num]:[10750836]
[end_transactional_migration_fail_num]:[5961]
[end_shadow_page_pair]:[212465]
[note]:[2]
[milliseconds]:[66330]
[total tick]:[172458848976]
[work type]:[5]
[Bandwidth(MB/s)]:[1766.734509]
---------------------------
-----------start-----------
[start_pgdemote_kswapd]:[16088350]
[start_pgdemote_direct]:[0]
[start_pgdemote_file]:[158350]
[start_pgdemote_anon]:[15930000]
[start_pgpromote_candidate]:[10928157]
[start_pgpromote_candidate_demoted]:[8213032]
[start_pgpromote_candidate_anon]:[10927250]
[start_pgpromote_candidate_file]:[907]
[start_pgpromote_tried]:[0]
[start_pgpromote_file]:[0]
[start_pgpromote_anon]:[0]
[start_pgmigrate_success]:[17528126]
[start_pgmigrate_fail]:[1802775]
[start_pgmigrate_fail_dst_node_full]:[297472]
[start_pgmigrate_fail_numa_isolate]:[297472]
[start_pgmigrate_fail_nomem]:[1499932]
[start_pgmigrate_fail_refcount]:[59004]
[start_success_nr]:[10750947]
[start_retry_nr]:[92994]
[start_retreated_page_nr]:[1461]
[start_try_to_promote_nr]:[10752409]
[start_task_num]:[0]
[start_write_protect_break_num]:[184021]
[start_shadow_link_num]:[8724743]
[start_shadow_demote_num]:[63406]
[start_batch_free_num]:[8476581]
[start_transactional_migration_success_num]:[10750854]
[start_transactional_migration_fail_num]:[6011]
[start_shadow_page_pair]:[5]
[end_pgdemote_kswapd]:[18818896]
[end_pgdemote_direct]:[0]
[end_pgdemote_file]:[158631]
[end_pgdemote_anon]:[18660265]
[end_pgpromote_candidate]:[13677987]
[end_pgpromote_candidate_demoted]:[10962353]
[end_pgpromote_candidate_anon]:[13677010]
[end_pgpromote_candidate_file]:[977]
[end_pgpromote_tried]:[0]
[end_pgpromote_file]:[0]
[end_pgpromote_anon]:[0]
[end_pgmigrate_success]:[20260208]
[end_pgmigrate_fail]:[2499574]
[end_pgmigrate_fail_dst_node_full]:[297472]
[end_pgmigrate_fail_numa_isolate]:[297472]
[end_pgmigrate_fail_nomem]:[2196726]
[end_pgmigrate_fail_refcount]:[60712]
[end_success_nr]:[13500490]
[end_retry_nr]:[104666]
[end_retreated_page_nr]:[1661]
[end_try_to_promote_nr]:[13502152]
[end_task_num]:[0]
[end_write_protect_break_num]:[185247]
[end_shadow_link_num]:[10361647]
[end_shadow_demote_num]:[63411]
[end_batch_free_num]:[10100161]
[end_transactional_migration_success_num]:[13500379]
[end_transactional_migration_fail_num]:[7706]
[end_shadow_page_pair]:[12094]
[note]:[3]
[milliseconds]:[63026]
[total tick]:[163867196506]
[work type]:[5]
[Bandwidth(MB/s)]:[1859.351696]
---------------------------
-----------start-----------
[start_pgdemote_kswapd]:[18827615]
[start_pgdemote_direct]:[0]
[start_pgdemote_file]:[158632]
[start_pgdemote_anon]:[18668983]
[start_pgpromote_candidate]:[13678006]
[start_pgpromote_candidate_demoted]:[10962372]
[start_pgpromote_candidate_anon]:[13677022]
[start_pgpromote_candidate_file]:[984]
[start_pgpromote_tried]:[0]
[start_pgpromote_file]:[0]
[start_pgpromote_anon]:[0]
[start_pgmigrate_success]:[20268927]
[start_pgmigrate_fail]:[2499574]
[start_pgmigrate_fail_dst_node_full]:[297472]
[start_pgmigrate_fail_numa_isolate]:[297472]
[start_pgmigrate_fail_nomem]:[2196726]
[start_pgmigrate_fail_refcount]:[60712]
[start_success_nr]:[13500502]
[start_retry_nr]:[104666]
[start_retreated_page_nr]:[1661]
[start_try_to_promote_nr]:[13502164]
[start_task_num]:[0]
[start_write_protect_break_num]:[185247]
[start_shadow_link_num]:[10361656]
[start_shadow_demote_num]:[63411]
[start_batch_free_num]:[10100161]
[start_transactional_migration_success_num]:[13500390]
[start_transactional_migration_fail_num]:[7706]
[start_shadow_page_pair]:[12102]
[end_pgdemote_kswapd]:[21086268]
[end_pgdemote_direct]:[0]
[end_pgdemote_file]:[159136]
[end_pgdemote_anon]:[20927132]
[end_pgpromote_candidate]:[15925084]
[end_pgpromote_candidate_demoted]:[13209310]
[end_pgpromote_candidate_anon]:[15924032]
[end_pgpromote_candidate_file]:[1052]
[end_pgpromote_tried]:[0]
[end_pgpromote_file]:[0]
[end_pgpromote_anon]:[0]
[end_pgmigrate_success]:[22527580]
[end_pgmigrate_fail]:[2863706]
[end_pgmigrate_fail_dst_node_full]:[297472]
[end_pgmigrate_fail_numa_isolate]:[297472]
[end_pgmigrate_fail_nomem]:[2560849]
[end_pgmigrate_fail_refcount]:[62328]
[end_success_nr]:[15747340]
[end_retry_nr]:[112092]
[end_retreated_page_nr]:[1828]
[end_try_to_promote_nr]:[15749169]
[end_task_num]:[0]
[end_write_protect_break_num]:[199639]
[end_shadow_link_num]:[11647944]
[end_shadow_demote_num]:[63525]
[end_batch_free_num]:[11384027]
[end_transactional_migration_success_num]:[15747221]
[end_transactional_migration_fail_num]:[9271]
[end_shadow_page_pair]:[11]
[note]:[4]
[milliseconds]:[51283]
[total tick]:[133337812572]
[work type]:[5]
[Bandwidth(MB/s)]:[2285.113975]
---------------------------
