-----------start-----------
[start_pgdemote_kswapd]:[3405730]
[start_pgdemote_direct]:[0]
[start_pgdemote_file]:[140683]
[start_pgdemote_anon]:[3265047]
[start_pgpromote_candidate]:[35]
[start_pgpromote_candidate_demoted]:[34]
[start_pgpromote_candidate_anon]:[35]
[start_pgpromote_candidate_file]:[0]
[start_pgpromote_tried]:[0]
[start_pgpromote_file]:[0]
[start_pgpromote_anon]:[0]
[start_pgmigrate_success]:[3405730]
[start_pgmigrate_fail]:[4]
[start_pgmigrate_fail_dst_node_full]:[0]
[start_pgmigrate_fail_numa_isolate]:[0]
[start_pgmigrate_fail_nomem]:[0]
[start_pgmigrate_fail_refcount]:[100]
[start_success_nr]:[21]
[start_retry_nr]:[101]
[start_retreated_page_nr]:[10]
[start_try_to_promote_nr]:[31]
[start_task_num]:[0]
[start_write_protect_break_num]:[9]
[start_shadow_link_num]:[20]
[start_shadow_demote_num]:[0]
[start_batch_free_num]:[0]
[start_transactional_migration_success_num]:[22]
[start_transactional_migration_fail_num]:[100]
[start_shadow_page_pair]:[6]
[end_pgdemote_kswapd]:[8516084]
[end_pgdemote_direct]:[0]
[end_pgdemote_file]:[151264]
[end_pgdemote_anon]:[8364820]
[end_pgpromote_candidate]:[2840237]
[end_pgpromote_candidate_demoted]:[964620]
[end_pgpromote_candidate_anon]:[2839971]
[end_pgpromote_candidate_file]:[266]
[end_pgpromote_tried]:[0]
[end_pgpromote_file]:[0]
[end_pgpromote_anon]:[0]
[end_pgmigrate_success]:[9948276]
[end_pgmigrate_fail]:[518790]
[end_pgmigrate_fail_dst_node_full]:[137728]
[end_pgmigrate_fail_numa_isolate]:[137728]
[end_pgmigrate_fail_nomem]:[381017]
[end_pgmigrate_fail_refcount]:[2102]
[end_success_nr]:[2833757]
[end_retry_nr]:[29329]
[end_retreated_page_nr]:[750]
[end_try_to_promote_nr]:[2834508]
[end_task_num]:[0]
[end_write_protect_break_num]:[172372]
[end_shadow_link_num]:[2320766]
[end_shadow_demote_num]:[642]
[end_batch_free_num]:[2110637]
[end_transactional_migration_success_num]:[2833730]
[end_transactional_migration_fail_num]:[2088]
[end_shadow_page_pair]:[0]
[note]:[0]
[milliseconds]:[74250]
[total tick]:[193037994501]
[work type]:[5]
[Bandwidth(MB/s)]:[1578.282828]
---------------------------
-----------start-----------
[start_pgdemote_kswapd]:[8558860]
[start_pgdemote_direct]:[0]
[start_pgdemote_file]:[151275]
[start_pgdemote_anon]:[8407585]
[start_pgpromote_candidate]:[2900459]
[start_pgpromote_candidate_demoted]:[967078]
[start_pgpromote_candidate_anon]:[2900077]
[start_pgpromote_candidate_file]:[382]
[start_pgpromote_tried]:[0]
[start_pgpromote_file]:[0]
[start_pgpromote_anon]:[0]
[start_pgmigrate_success]:[9991052]
[start_pgmigrate_fail]:[528012]
[start_pgmigrate_fail_dst_node_full]:[137728]
[start_pgmigrate_fail_numa_isolate]:[137728]
[start_pgmigrate_fail_nomem]:[390239]
[start_pgmigrate_fail_refcount]:[2937]
[start_success_nr]:[2878170]
[start_retry_nr]:[30169]
[start_retreated_page_nr]:[829]
[start_try_to_promote_nr]:[2879000]
[start_task_num]:[0]
[start_write_protect_break_num]:[172600]
[start_shadow_link_num]:[2365139]
[start_shadow_demote_num]:[40642]
[start_batch_free_num]:[2150627]
[start_transactional_migration_success_num]:[2878126]
[start_transactional_migration_fail_num]:[2923]
[start_shadow_page_pair]:[1136]
[end_pgdemote_kswapd]:[14460896]
[end_pgdemote_direct]:[0]
[end_pgdemote_file]:[152000]
[end_pgdemote_anon]:[14308896]
[end_pgpromote_candidate]:[8852738]
[end_pgpromote_candidate_demoted]:[6001130]
[end_pgpromote_candidate_anon]:[8852239]
[end_pgpromote_candidate_file]:[499]
[end_pgpromote_tried]:[0]
[end_pgpromote_file]:[0]
[end_pgpromote_anon]:[0]
[end_pgmigrate_success]:[15982176]
[end_pgmigrate_fail]:[1676691]
[end_pgmigrate_fail_dst_node_full]:[137728]
[end_pgmigrate_fail_numa_isolate]:[137728]
[end_pgmigrate_fail_nomem]:[1538918]
[end_pgmigrate_fail_refcount]:[5373]
[end_success_nr]:[8688580]
[end_retry_nr]:[77760]
[end_retreated_page_nr]:[1568]
[end_try_to_promote_nr]:[8690150]
[end_task_num]:[0]
[end_write_protect_break_num]:[218141]
[end_shadow_link_num]:[7481295]
[end_shadow_demote_num]:[73207]
[end_batch_free_num]:[7189774]
[end_transactional_migration_success_num]:[8688521]
[end_transactional_migration_fail_num]:[5346]
[end_shadow_page_pair]:[0]
[note]:[1]
[milliseconds]:[111055]
[total tick]:[288753313298]
[work type]:[5]
[Bandwidth(MB/s)]:[1055.220386]
---------------------------
-----------start-----------
[start_pgdemote_kswapd]:[14518012]
[start_pgdemote_direct]:[0]
[start_pgdemote_file]:[152001]
[start_pgdemote_anon]:[14366011]
[start_pgpromote_candidate]:[8854013]
[start_pgpromote_candidate_demoted]:[6002405]
[start_pgpromote_candidate_anon]:[8853480]
[start_pgpromote_candidate_file]:[533]
[start_pgpromote_tried]:[0]
[start_pgpromote_file]:[0]
[start_pgpromote_anon]:[0]
[start_pgmigrate_success]:[16039292]
[start_pgmigrate_fail]:[1677165]
[start_pgmigrate_fail_dst_node_full]:[137728]
[start_pgmigrate_fail_numa_isolate]:[137728]
[start_pgmigrate_fail_nomem]:[1539392]
[start_pgmigrate_fail_refcount]:[5828]
[start_success_nr]:[8689781]
[start_retry_nr]:[78217]
[start_retreated_page_nr]:[1605]
[start_try_to_promote_nr]:[8691388]
[start_task_num]:[0]
[start_write_protect_break_num]:[218173]
[start_shadow_link_num]:[7482325]
[start_shadow_demote_num]:[73207]
[start_batch_free_num]:[7189778]
[start_transactional_migration_success_num]:[8689720]
[start_transactional_migration_fail_num]:[5801]
[start_shadow_page_pair]:[991]
[end_pgdemote_kswapd]:[17794140]
[end_pgdemote_direct]:[0]
[end_pgdemote_file]:[152047]
[end_pgdemote_anon]:[17642093]
[end_pgpromote_candidate]:[12129012]
[end_pgpromote_candidate_demoted]:[9268654]
[end_pgpromote_candidate_anon]:[12128472]
[end_pgpromote_candidate_file]:[540]
[end_pgpromote_tried]:[0]
[end_pgpromote_file]:[0]
[end_pgpromote_anon]:[0]
[end_pgmigrate_success]:[19315420]
[end_pgmigrate_fail]:[2441945]
[end_pgmigrate_fail_dst_node_full]:[137728]
[end_pgmigrate_fail_numa_isolate]:[137728]
[end_pgmigrate_fail_nomem]:[2304172]
[end_pgmigrate_fail_refcount]:[7884]
[end_success_nr]:[11964564]
[end_retry_nr]:[96037]
[end_retreated_page_nr]:[1800]
[end_try_to_promote_nr]:[11966366]
[end_task_num]:[0]
[end_write_protect_break_num]:[218297]
[end_shadow_link_num]:[9572868]
[end_shadow_demote_num]:[73388]
[end_batch_free_num]:[9280975]
[end_transactional_migration_success_num]:[11964465]
[end_transactional_migration_fail_num]:[7842]
[end_shadow_page_pair]:[7]
[note]:[2]
[milliseconds]:[71542]
[total tick]:[186021200400]
[work type]:[5]
[Bandwidth(MB/s)]:[1638.023818]
---------------------------
-----------start-----------
[start_pgdemote_kswapd]:[17794140]
[start_pgdemote_direct]:[0]
[start_pgdemote_file]:[152047]
[start_pgdemote_anon]:[17642093]
[start_pgpromote_candidate]:[12129047]
[start_pgpromote_candidate_demoted]:[9268689]
[start_pgpromote_candidate_anon]:[12128507]
[start_pgpromote_candidate_file]:[540]
[start_pgpromote_tried]:[0]
[start_pgpromote_file]:[0]
[start_pgpromote_anon]:[0]
[start_pgmigrate_success]:[19315420]
[start_pgmigrate_fail]:[2442477]
[start_pgmigrate_fail_dst_node_full]:[137728]
[start_pgmigrate_fail_numa_isolate]:[137728]
[start_pgmigrate_fail_nomem]:[2304704]
[start_pgmigrate_fail_refcount]:[7914]
[start_success_nr]:[11964594]
[start_retry_nr]:[96068]
[start_retreated_page_nr]:[1803]
[start_try_to_promote_nr]:[11966399]
[start_task_num]:[0]
[start_write_protect_break_num]:[218297]
[start_shadow_link_num]:[9572880]
[start_shadow_demote_num]:[73388]
[start_batch_free_num]:[9280983]
[start_transactional_migration_success_num]:[11964493]
[start_transactional_migration_fail_num]:[7872]
[start_shadow_page_pair]:[10]
[end_pgdemote_kswapd]:[20224236]
[end_pgdemote_direct]:[0]
[end_pgdemote_file]:[152065]
[end_pgdemote_anon]:[20072171]
[end_pgpromote_candidate]:[14559596]
[end_pgpromote_candidate_demoted]:[11699072]
[end_pgpromote_candidate_anon]:[14559050]
[end_pgpromote_candidate_file]:[546]
[end_pgpromote_tried]:[0]
[end_pgpromote_file]:[0]
[end_pgpromote_anon]:[0]
[end_pgmigrate_success]:[21745516]
[end_pgmigrate_fail]:[2931016]
[end_pgmigrate_fail_dst_node_full]:[137728]
[end_pgmigrate_fail_numa_isolate]:[137728]
[end_pgmigrate_fail_nomem]:[2793243]
[end_pgmigrate_fail_refcount]:[8969]
[end_success_nr]:[14394610]
[end_retry_nr]:[109015]
[end_retreated_page_nr]:[1937]
[end_try_to_promote_nr]:[14396549]
[end_task_num]:[0]
[end_write_protect_break_num]:[234822]
[end_shadow_link_num]:[11019200]
[end_shadow_demote_num]:[73990]
[end_batch_free_num]:[10710182]
[end_transactional_migration_success_num]:[14394497]
[end_transactional_migration_fail_num]:[8917]
[end_shadow_page_pair]:[0]
[note]:[3]
[milliseconds]:[59341]
[total tick]:[154294753336]
[work type]:[5]
[Bandwidth(MB/s)]:[1974.815052]
---------------------------
-----------start-----------
[start_pgdemote_kswapd]:[20224236]
[start_pgdemote_direct]:[0]
[start_pgdemote_file]:[152065]
[start_pgdemote_anon]:[20072171]
[start_pgpromote_candidate]:[14559618]
[start_pgpromote_candidate_demoted]:[11699091]
[start_pgpromote_candidate_anon]:[14559072]
[start_pgpromote_candidate_file]:[546]
[start_pgpromote_tried]:[0]
[start_pgpromote_file]:[0]
[start_pgpromote_anon]:[0]
[start_pgmigrate_success]:[21745516]
[start_pgmigrate_fail]:[2931859]
[start_pgmigrate_fail_dst_node_full]:[137728]
[start_pgmigrate_fail_numa_isolate]:[137728]
[start_pgmigrate_fail_nomem]:[2794086]
[start_pgmigrate_fail_refcount]:[8979]
[start_success_nr]:[14394633]
[start_retry_nr]:[109026]
[start_retreated_page_nr]:[1938]
[start_try_to_promote_nr]:[14396573]
[start_task_num]:[0]
[start_write_protect_break_num]:[234822]
[start_shadow_link_num]:[11019214]
[start_shadow_demote_num]:[73990]
[start_batch_free_num]:[10710189]
[start_transactional_migration_success_num]:[14394520]
[start_transactional_migration_fail_num]:[8917]
[start_shadow_page_pair]:[6]
[end_pgdemote_kswapd]:[21843639]
[end_pgdemote_direct]:[0]
[end_pgdemote_file]:[152066]
[end_pgdemote_anon]:[21691573]
[end_pgpromote_candidate]:[16564259]
[end_pgpromote_candidate_demoted]:[13703551]
[end_pgpromote_candidate_anon]:[16563712]
[end_pgpromote_candidate_file]:[547]
[end_pgpromote_tried]:[0]
[end_pgpromote_file]:[0]
[end_pgpromote_anon]:[0]
[end_pgmigrate_success]:[23364919]
[end_pgmigrate_fail]:[3174735]
[end_pgmigrate_fail_dst_node_full]:[137728]
[end_pgmigrate_fail_numa_isolate]:[137728]
[end_pgmigrate_fail_nomem]:[3036962]
[end_pgmigrate_fail_refcount]:[9617]
[end_success_nr]:[16399183]
[end_retry_nr]:[118807]
[end_retreated_page_nr]:[2027]
[end_try_to_promote_nr]:[16401212]
[end_task_num]:[0]
[end_write_protect_break_num]:[249449]
[end_shadow_link_num]:[12162741]
[end_shadow_demote_num]:[73997]
[end_batch_free_num]:[11623694]
[end_transactional_migration_success_num]:[16399060]
[end_transactional_migration_fail_num]:[9555]
[end_shadow_page_pair]:[215388]
[note]:[4]
[milliseconds]:[51229]
[total tick]:[133200746500]
[work type]:[5]
[Bandwidth(MB/s)]:[2287.522692]
---------------------------
