-----------start-----------
[start_pgdemote_kswapd]:[2869345]
[start_pgdemote_direct]:[0]
[start_pgdemote_file]:[138958]
[start_pgdemote_anon]:[2730387]
[start_pgpromote_candidate]:[56]
[start_pgpromote_candidate_demoted]:[56]
[start_pgpromote_candidate_anon]:[54]
[start_pgpromote_candidate_file]:[2]
[start_pgpromote_tried]:[0]
[start_pgpromote_file]:[0]
[start_pgpromote_anon]:[0]
[start_pgmigrate_success]:[2869345]
[start_pgmigrate_fail]:[0]
[start_pgmigrate_fail_dst_node_full]:[0]
[start_pgmigrate_fail_numa_isolate]:[0]
[start_pgmigrate_fail_nomem]:[0]
[start_pgmigrate_fail_refcount]:[110]
[start_success_nr]:[39]
[start_retry_nr]:[110]
[start_retreated_page_nr]:[11]
[start_try_to_promote_nr]:[50]
[start_task_num]:[0]
[start_write_protect_break_num]:[7]
[start_shadow_link_num]:[38]
[start_shadow_demote_num]:[0]
[start_batch_free_num]:[0]
[start_transactional_migration_success_num]:[39]
[start_transactional_migration_fail_num]:[110]
[start_shadow_page_pair]:[23]
[end_pgdemote_kswapd]:[7071942]
[end_pgdemote_direct]:[0]
[end_pgdemote_file]:[148473]
[end_pgdemote_anon]:[6923469]
[end_pgpromote_candidate]:[2138828]
[end_pgpromote_candidate_demoted]:[568985]
[end_pgpromote_candidate_anon]:[2138727]
[end_pgpromote_candidate_file]:[101]
[end_pgpromote_tried]:[0]
[end_pgpromote_file]:[0]
[end_pgpromote_anon]:[0]
[end_pgmigrate_success]:[8274580]
[end_pgmigrate_fail]:[618723]
[end_pgmigrate_fail_dst_node_full]:[275456]
[end_pgmigrate_fail_numa_isolate]:[275456]
[end_pgmigrate_fail_nomem]:[343220]
[end_pgmigrate_fail_refcount]:[2321]
[end_success_nr]:[2132058]
[end_retry_nr]:[32267]
[end_retreated_page_nr]:[513]
[end_try_to_promote_nr]:[2132572]
[end_task_num]:[0]
[end_write_protect_break_num]:[30999]
[end_shadow_link_num]:[1813164]
[end_shadow_demote_num]:[1]
[end_batch_free_num]:[1777965]
[end_transactional_migration_success_num]:[2132043]
[end_transactional_migration_fail_num]:[2261]
[end_shadow_page_pair]:[4105]
[note]:[0]
[milliseconds]:[48872]
[total tick]:[127067905194]
[work type]:[5]
[Bandwidth(MB/s)]:[2397.845392]
---------------------------
-----------start-----------
[start_pgdemote_kswapd]:[7132662]
[start_pgdemote_direct]:[0]
[start_pgdemote_file]:[148555]
[start_pgdemote_anon]:[6984107]
[start_pgpromote_candidate]:[2197483]
[start_pgpromote_candidate_demoted]:[569894]
[start_pgpromote_candidate_anon]:[2197359]
[start_pgpromote_candidate_file]:[124]
[start_pgpromote_tried]:[0]
[start_pgpromote_file]:[0]
[start_pgpromote_anon]:[0]
[start_pgmigrate_success]:[8335300]
[start_pgmigrate_fail]:[624524]
[start_pgmigrate_fail_dst_node_full]:[275456]
[start_pgmigrate_fail_numa_isolate]:[275456]
[start_pgmigrate_fail_nomem]:[349021]
[start_pgmigrate_fail_refcount]:[2441]
[start_success_nr]:[2165446]
[start_retry_nr]:[32387]
[start_retreated_page_nr]:[525]
[start_try_to_promote_nr]:[2165972]
[start_task_num]:[0]
[start_write_protect_break_num]:[31000]
[start_shadow_link_num]:[1846544]
[start_shadow_demote_num]:[1]
[start_batch_free_num]:[1815440]
[start_transactional_migration_success_num]:[2165431]
[start_transactional_migration_fail_num]:[2351]
[start_shadow_page_pair]:[4]
[end_pgdemote_kswapd]:[12760098]
[end_pgdemote_direct]:[0]
[end_pgdemote_file]:[149752]
[end_pgdemote_anon]:[12610346]
[end_pgpromote_candidate]:[7937997]
[end_pgpromote_candidate_demoted]:[5334142]
[end_pgpromote_candidate_anon]:[7937752]
[end_pgpromote_candidate_file]:[245]
[end_pgpromote_tried]:[0]
[end_pgpromote_file]:[0]
[end_pgpromote_anon]:[0]
[end_pgmigrate_success]:[14022640]
[end_pgmigrate_fail]:[1428411]
[end_pgmigrate_fail_dst_node_full]:[275456]
[end_pgmigrate_fail_numa_isolate]:[275456]
[end_pgmigrate_fail_nomem]:[1152894]
[end_pgmigrate_fail_refcount]:[4792]
[end_success_nr]:[7720708]
[end_retry_nr]:[90745]
[end_retreated_page_nr]:[1129]
[end_try_to_promote_nr]:[7721839]
[end_task_num]:[0]
[end_write_protect_break_num]:[151588]
[end_shadow_link_num]:[6742770]
[end_shadow_demote_num]:[111163]
[end_batch_free_num]:[6479681]
[end_transactional_migration_success_num]:[7720648]
[end_transactional_migration_fail_num]:[4668]
[end_shadow_page_pair]:[0]
[note]:[1]
[milliseconds]:[91230]
[total tick]:[237196486072]
[work type]:[5]
[Bandwidth(MB/s)]:[1284.528116]
---------------------------
-----------start-----------
[start_pgdemote_kswapd]:[12818349]
[start_pgdemote_direct]:[0]
[start_pgdemote_file]:[149755]
[start_pgdemote_anon]:[12668594]
[start_pgpromote_candidate]:[7938010]
[start_pgpromote_candidate_demoted]:[5334155]
[start_pgpromote_candidate_anon]:[7937765]
[start_pgpromote_candidate_file]:[245]
[start_pgpromote_tried]:[0]
[start_pgpromote_file]:[0]
[start_pgpromote_anon]:[0]
[start_pgmigrate_success]:[14080891]
[start_pgmigrate_fail]:[1432782]
[start_pgmigrate_fail_dst_node_full]:[275456]
[start_pgmigrate_fail_numa_isolate]:[275456]
[start_pgmigrate_fail_nomem]:[1157265]
[start_pgmigrate_fail_refcount]:[4792]
[start_success_nr]:[7720719]
[start_retry_nr]:[90745]
[start_retreated_page_nr]:[1129]
[start_try_to_promote_nr]:[7721850]
[start_task_num]:[0]
[start_write_protect_break_num]:[151588]
[start_shadow_link_num]:[6742778]
[start_shadow_demote_num]:[111163]
[start_batch_free_num]:[6479686]
[start_transactional_migration_success_num]:[7720659]
[start_transactional_migration_fail_num]:[4668]
[start_shadow_page_pair]:[1]
[end_pgdemote_kswapd]:[15960050]
[end_pgdemote_direct]:[0]
[end_pgdemote_file]:[150716]
[end_pgdemote_anon]:[15809334]
[end_pgpromote_candidate]:[11080494]
[end_pgpromote_candidate_demoted]:[8445547]
[end_pgpromote_candidate_anon]:[11080219]
[end_pgpromote_candidate_file]:[275]
[end_pgpromote_tried]:[0]
[end_pgpromote_file]:[0]
[end_pgpromote_anon]:[0]
[end_pgmigrate_success]:[17222592]
[end_pgmigrate_fail]:[1986687]
[end_pgmigrate_fail_dst_node_full]:[275456]
[end_pgmigrate_fail_numa_isolate]:[275456]
[end_pgmigrate_fail_nomem]:[1711162]
[end_pgmigrate_fail_refcount]:[7639]
[end_success_nr]:[10862780]
[end_retry_nr]:[109910]
[end_retreated_page_nr]:[1494]
[end_try_to_promote_nr]:[10864276]
[end_task_num]:[0]
[end_write_protect_break_num]:[168579]
[end_shadow_link_num]:[8751120]
[end_shadow_demote_num]:[111167]
[end_batch_free_num]:[8471021]
[end_transactional_migration_success_num]:[10862698]
[end_transactional_migration_fail_num]:[7465]
[end_shadow_page_pair]:[0]
[note]:[2]
[milliseconds]:[70788]
[total tick]:[184049516912]
[work type]:[5]
[Bandwidth(MB/s)]:[1655.471266]
---------------------------
-----------start-----------
[start_pgdemote_kswapd]:[15960050]
[start_pgdemote_direct]:[0]
[start_pgdemote_file]:[150716]
[start_pgdemote_anon]:[15809334]
[start_pgpromote_candidate]:[11080499]
[start_pgpromote_candidate_demoted]:[8445552]
[start_pgpromote_candidate_anon]:[11080222]
[start_pgpromote_candidate_file]:[277]
[start_pgpromote_tried]:[0]
[start_pgpromote_file]:[0]
[start_pgpromote_anon]:[0]
[start_pgmigrate_success]:[17222592]
[start_pgmigrate_fail]:[1991375]
[start_pgmigrate_fail_dst_node_full]:[275456]
[start_pgmigrate_fail_numa_isolate]:[275456]
[start_pgmigrate_fail_nomem]:[1715850]
[start_pgmigrate_fail_refcount]:[7639]
[start_success_nr]:[10862780]
[start_retry_nr]:[109910]
[start_retreated_page_nr]:[1494]
[start_try_to_promote_nr]:[10864276]
[start_task_num]:[0]
[start_write_protect_break_num]:[168579]
[start_shadow_link_num]:[8751120]
[start_shadow_demote_num]:[111167]
[start_batch_free_num]:[8471021]
[start_transactional_migration_success_num]:[10862698]
[start_transactional_migration_fail_num]:[7465]
[start_shadow_page_pair]:[0]
[end_pgdemote_kswapd]:[18753349]
[end_pgdemote_direct]:[0]
[end_pgdemote_file]:[150793]
[end_pgdemote_anon]:[18602556]
[end_pgpromote_candidate]:[13874056]
[end_pgpromote_candidate_demoted]:[11238882]
[end_pgpromote_candidate_anon]:[13873772]
[end_pgpromote_candidate_file]:[284]
[end_pgpromote_tried]:[0]
[end_pgpromote_file]:[0]
[end_pgpromote_anon]:[0]
[end_pgmigrate_success]:[20015891]
[end_pgmigrate_fail]:[2592634]
[end_pgmigrate_fail_dst_node_full]:[275456]
[end_pgmigrate_fail_numa_isolate]:[275456]
[end_pgmigrate_fail_nomem]:[2317109]
[end_pgmigrate_fail_refcount]:[9190]
[end_success_nr]:[13656179]
[end_retry_nr]:[119889]
[end_retreated_page_nr]:[1641]
[end_try_to_promote_nr]:[13657823]
[end_task_num]:[0]
[end_write_protect_break_num]:[168788]
[end_shadow_link_num]:[10426645]
[end_shadow_demote_num]:[111167]
[end_batch_free_num]:[10146329]
[end_transactional_migration_success_num]:[13656077]
[end_transactional_migration_fail_num]:[8984]
[end_shadow_page_pair]:[0]
[note]:[3]
[milliseconds]:[58834]
[total tick]:[152969522198]
[work type]:[5]
[Bandwidth(MB/s)]:[1991.832954]
---------------------------
-----------start-----------
[start_pgdemote_kswapd]:[18753349]
[start_pgdemote_direct]:[0]
[start_pgdemote_file]:[150793]
[start_pgdemote_anon]:[18602556]
[start_pgpromote_candidate]:[13874109]
[start_pgpromote_candidate_demoted]:[11238935]
[start_pgpromote_candidate_anon]:[13873824]
[start_pgpromote_candidate_file]:[285]
[start_pgpromote_tried]:[0]
[start_pgpromote_file]:[0]
[start_pgpromote_anon]:[0]
[start_pgmigrate_success]:[20015891]
[start_pgmigrate_fail]:[2597474]
[start_pgmigrate_fail_dst_node_full]:[275456]
[start_pgmigrate_fail_numa_isolate]:[275456]
[start_pgmigrate_fail_nomem]:[2321949]
[start_pgmigrate_fail_refcount]:[9272]
[start_success_nr]:[13656227]
[start_retry_nr]:[119971]
[start_retreated_page_nr]:[1649]
[start_try_to_promote_nr]:[13657879]
[start_task_num]:[0]
[start_write_protect_break_num]:[168790]
[start_shadow_link_num]:[10426676]
[start_shadow_demote_num]:[111167]
[start_batch_free_num]:[10146334]
[start_transactional_migration_success_num]:[13656120]
[start_transactional_migration_fail_num]:[9046]
[start_shadow_page_pair]:[23]
[end_pgdemote_kswapd]:[20897580]
[end_pgdemote_direct]:[0]
[end_pgdemote_file]:[151178]
[end_pgdemote_anon]:[20746402]
[end_pgpromote_candidate]:[16018399]
[end_pgpromote_candidate_demoted]:[13383121]
[end_pgpromote_candidate_anon]:[16018102]
[end_pgpromote_candidate_file]:[297]
[end_pgpromote_tried]:[0]
[end_pgpromote_file]:[0]
[end_pgpromote_anon]:[0]
[end_pgmigrate_success]:[22160122]
[end_pgmigrate_fail]:[2865813]
[end_pgmigrate_fail_dst_node_full]:[275456]
[end_pgmigrate_fail_numa_isolate]:[275456]
[end_pgmigrate_fail_nomem]:[2590288]
[end_pgmigrate_fail_refcount]:[10367]
[end_success_nr]:[15800382]
[end_retry_nr]:[127907]
[end_retreated_page_nr]:[1765]
[end_try_to_promote_nr]:[15802151]
[end_task_num]:[0]
[end_write_protect_break_num]:[185417]
[end_shadow_link_num]:[11658838]
[end_shadow_demote_num]:[111334]
[end_batch_free_num]:[11361287]
[end_transactional_migration_success_num]:[15800273]
[end_transactional_migration_fail_num]:[10131]
[end_shadow_page_pair]:[427]
[note]:[4]
[milliseconds]:[58808]
[total tick]:[152901041756]
[work type]:[5]
[Bandwidth(MB/s)]:[1992.713576]
---------------------------
