-----------start-----------
[start_pgdemote_kswapd]:[2816558]
[start_pgdemote_direct]:[0]
[start_pgdemote_file]:[139740]
[start_pgdemote_anon]:[2676818]
[start_pgpromote_candidate]:[127]
[start_pgpromote_candidate_demoted]:[126]
[start_pgpromote_candidate_anon]:[113]
[start_pgpromote_candidate_file]:[14]
[start_pgpromote_tried]:[0]
[start_pgpromote_file]:[0]
[start_pgpromote_anon]:[0]
[start_pgmigrate_success]:[2816558]
[start_pgmigrate_fail]:[0]
[start_pgmigrate_fail_dst_node_full]:[0]
[start_pgmigrate_fail_numa_isolate]:[0]
[start_pgmigrate_fail_nomem]:[0]
[start_pgmigrate_fail_refcount]:[220]
[start_success_nr]:[80]
[start_retry_nr]:[220]
[start_retreated_page_nr]:[22]
[start_try_to_promote_nr]:[102]
[start_task_num]:[0]
[start_write_protect_break_num]:[12]
[start_shadow_link_num]:[83]
[start_shadow_demote_num]:[0]
[start_batch_free_num]:[0]
[start_transactional_migration_success_num]:[80]
[start_transactional_migration_fail_num]:[220]
[start_shadow_page_pair]:[63]
[end_pgdemote_kswapd]:[6930317]
[end_pgdemote_direct]:[0]
[end_pgdemote_file]:[155625]
[end_pgdemote_anon]:[6774692]
[end_pgpromote_candidate]:[2066193]
[end_pgpromote_candidate_demoted]:[546757]
[end_pgpromote_candidate_anon]:[2065931]
[end_pgpromote_candidate_file]:[262]
[end_pgpromote_tried]:[0]
[end_pgpromote_file]:[0]
[end_pgpromote_anon]:[0]
[end_pgmigrate_success]:[8077709]
[end_pgmigrate_fail]:[658884]
[end_pgmigrate_fail_dst_node_full]:[216576]
[end_pgmigrate_fail_numa_isolate]:[216576]
[end_pgmigrate_fail_nomem]:[442019]
[end_pgmigrate_fail_refcount]:[2718]
[end_success_nr]:[2057750]
[end_retry_nr]:[21608]
[end_retreated_page_nr]:[520]
[end_try_to_promote_nr]:[2058270]
[end_task_num]:[0]
[end_write_protect_break_num]:[15017]
[end_shadow_link_num]:[1746197]
[end_shadow_demote_num]:[0]
[end_batch_free_num]:[1731072]
[end_transactional_migration_success_num]:[2057733]
[end_transactional_migration_fail_num]:[2668]
[end_shadow_page_pair]:[0]
[note]:[0]
[milliseconds]:[47648]
[total tick]:[123867882653]
[work type]:[5]
[Bandwidth(MB/s)]:[2459.442159]
---------------------------
-----------start-----------
[start_pgdemote_kswapd]:[6931034]
[start_pgdemote_direct]:[0]
[start_pgdemote_file]:[155625]
[start_pgdemote_anon]:[6775409]
[start_pgpromote_candidate]:[2066814]
[start_pgpromote_candidate_demoted]:[547350]
[start_pgpromote_candidate_anon]:[2066465]
[start_pgpromote_candidate_file]:[349]
[start_pgpromote_tried]:[0]
[start_pgpromote_file]:[0]
[start_pgpromote_anon]:[0]
[start_pgmigrate_success]:[8078426]
[start_pgmigrate_fail]:[833524]
[start_pgmigrate_fail_dst_node_full]:[216576]
[start_pgmigrate_fail_numa_isolate]:[216576]
[start_pgmigrate_fail_nomem]:[616659]
[start_pgmigrate_fail_refcount]:[2988]
[start_success_nr]:[2058254]
[start_retry_nr]:[21878]
[start_retreated_page_nr]:[547]
[start_try_to_promote_nr]:[2058801]
[start_task_num]:[0]
[start_write_protect_break_num]:[15038]
[start_shadow_link_num]:[1746663]
[start_shadow_demote_num]:[0]
[start_batch_free_num]:[1731416]
[start_transactional_migration_success_num]:[2058220]
[start_transactional_migration_fail_num]:[2918]
[start_shadow_page_pair]:[93]
[end_pgdemote_kswapd]:[12657570]
[end_pgdemote_direct]:[0]
[end_pgdemote_file]:[156951]
[end_pgdemote_anon]:[12500619]
[end_pgpromote_candidate]:[7863395]
[end_pgpromote_candidate_demoted]:[5428915]
[end_pgpromote_candidate_anon]:[7862830]
[end_pgpromote_candidate_file]:[565]
[end_pgpromote_tried]:[0]
[end_pgpromote_file]:[0]
[end_pgpromote_anon]:[0]
[end_pgmigrate_success]:[13804962]
[end_pgmigrate_fail]:[2158118]
[end_pgmigrate_fail_dst_node_full]:[216576]
[end_pgmigrate_fail_numa_isolate]:[216576]
[end_pgmigrate_fail_nomem]:[1940942]
[end_pgmigrate_fail_refcount]:[6195]
[end_success_nr]:[7785132]
[end_retry_nr]:[67913]
[end_retreated_page_nr]:[1297]
[end_try_to_promote_nr]:[7786430]
[end_task_num]:[0]
[end_write_protect_break_num]:[171557]
[end_shadow_link_num]:[6805426]
[end_shadow_demote_num]:[73975]
[end_batch_free_num]:[6559732]
[end_transactional_migration_success_num]:[7785083]
[end_transactional_migration_fail_num]:[6095]
[end_shadow_page_pair]:[1]
[note]:[1]
[milliseconds]:[108472]
[total tick]:[282023461934]
[work type]:[5]
[Bandwidth(MB/s)]:[1080.347924]
---------------------------
-----------start-----------
[start_pgdemote_kswapd]:[12716715]
[start_pgdemote_direct]:[0]
[start_pgdemote_file]:[156951]
[start_pgdemote_anon]:[12559764]
[start_pgpromote_candidate]:[7863436]
[start_pgpromote_candidate_demoted]:[5428953]
[start_pgpromote_candidate_anon]:[7862843]
[start_pgpromote_candidate_file]:[593]
[start_pgpromote_tried]:[0]
[start_pgpromote_file]:[0]
[start_pgpromote_anon]:[0]
[start_pgmigrate_success]:[13864107]
[start_pgmigrate_fail]:[2324824]
[start_pgmigrate_fail_dst_node_full]:[216576]
[start_pgmigrate_fail_numa_isolate]:[216576]
[start_pgmigrate_fail_nomem]:[2107644]
[start_pgmigrate_fail_refcount]:[6205]
[start_success_nr]:[7785140]
[start_retry_nr]:[67923]
[start_retreated_page_nr]:[1298]
[start_try_to_promote_nr]:[7786439]
[start_task_num]:[0]
[start_write_protect_break_num]:[171557]
[start_shadow_link_num]:[6805432]
[start_shadow_demote_num]:[73975]
[start_batch_free_num]:[6559735]
[start_transactional_migration_success_num]:[7785091]
[start_transactional_migration_fail_num]:[6105]
[start_shadow_page_pair]:[0]
[end_pgdemote_kswapd]:[15938356]
[end_pgdemote_direct]:[0]
[end_pgdemote_file]:[158220]
[end_pgdemote_anon]:[15780136]
[end_pgpromote_candidate]:[11080936]
[end_pgpromote_candidate_demoted]:[8631470]
[end_pgpromote_candidate_anon]:[11080249]
[end_pgpromote_candidate_file]:[687]
[end_pgpromote_tried]:[0]
[end_pgpromote_file]:[0]
[end_pgpromote_anon]:[0]
[end_pgmigrate_success]:[17087284]
[end_pgmigrate_fail]:[3346405]
[end_pgmigrate_fail_dst_node_full]:[216576]
[end_pgmigrate_fail_numa_isolate]:[216576]
[end_pgmigrate_fail_nomem]:[3128999]
[end_pgmigrate_fail_refcount]:[8979]
[end_success_nr]:[11001985]
[end_retry_nr]:[86185]
[end_retreated_page_nr]:[1782]
[end_try_to_promote_nr]:[11003769]
[end_task_num]:[0]
[end_write_protect_break_num]:[184135]
[end_shadow_link_num]:[8879968]
[end_shadow_demote_num]:[74041]
[end_batch_free_num]:[8621590]
[end_transactional_migration_success_num]:[11001910]
[end_transactional_migration_fail_num]:[8819]
[end_shadow_page_pair]:[0]
[note]:[2]
[milliseconds]:[81402]
[total tick]:[211645587068]
[work type]:[5]
[Bandwidth(MB/s)]:[1439.614506]
---------------------------
-----------start-----------
[start_pgdemote_kswapd]:[15938571]
[start_pgdemote_direct]:[0]
[start_pgdemote_file]:[158220]
[start_pgdemote_anon]:[15780351]
[start_pgpromote_candidate]:[11080999]
[start_pgpromote_candidate_demoted]:[8631532]
[start_pgpromote_candidate_anon]:[11080265]
[start_pgpromote_candidate_file]:[734]
[start_pgpromote_tried]:[0]
[start_pgpromote_file]:[0]
[start_pgpromote_anon]:[0]
[start_pgmigrate_success]:[17087499]
[start_pgmigrate_fail]:[3481091]
[start_pgmigrate_fail_dst_node_full]:[216576]
[start_pgmigrate_fail_numa_isolate]:[216576]
[start_pgmigrate_fail_nomem]:[3263682]
[start_pgmigrate_fail_refcount]:[9009]
[start_success_nr]:[11001996]
[start_retry_nr]:[86215]
[start_retreated_page_nr]:[1785]
[start_try_to_promote_nr]:[11003783]
[start_task_num]:[0]
[start_write_protect_break_num]:[184135]
[start_shadow_link_num]:[8879977]
[start_shadow_demote_num]:[74041]
[start_batch_free_num]:[8621599]
[start_transactional_migration_success_num]:[11001921]
[start_transactional_migration_fail_num]:[8849]
[start_shadow_page_pair]:[0]
[end_pgdemote_kswapd]:[18650091]
[end_pgdemote_direct]:[0]
[end_pgdemote_file]:[159323]
[end_pgdemote_anon]:[18490768]
[end_pgpromote_candidate]:[13793346]
[end_pgpromote_candidate_demoted]:[11343455]
[end_pgpromote_candidate_anon]:[13792495]
[end_pgpromote_candidate_file]:[851]
[end_pgpromote_tried]:[0]
[end_pgpromote_file]:[0]
[end_pgpromote_anon]:[0]
[end_pgmigrate_success]:[19799019]
[end_pgmigrate_fail]:[4363720]
[end_pgmigrate_fail_dst_node_full]:[216576]
[end_pgmigrate_fail_numa_isolate]:[216576]
[end_pgmigrate_fail_nomem]:[4146156]
[end_pgmigrate_fail_refcount]:[12307]
[end_success_nr]:[13713891]
[end_retry_nr]:[100870]
[end_retreated_page_nr]:[2119]
[end_try_to_promote_nr]:[13716012]
[end_task_num]:[0]
[end_write_protect_break_num]:[188673]
[end_shadow_link_num]:[10521595]
[end_shadow_demote_num]:[74041]
[end_batch_free_num]:[10258671]
[end_transactional_migration_success_num]:[13713804]
[end_transactional_migration_fail_num]:[12116]
[end_shadow_page_pair]:[0]
[note]:[3]
[milliseconds]:[66253]
[total tick]:[172257221552]
[work type]:[5]
[Bandwidth(MB/s)]:[1768.787828]
---------------------------
-----------start-----------
[start_pgdemote_kswapd]:[18650407]
[start_pgdemote_direct]:[0]
[start_pgdemote_file]:[159323]
[start_pgdemote_anon]:[18491084]
[start_pgpromote_candidate]:[13793375]
[start_pgpromote_candidate_demoted]:[11343482]
[start_pgpromote_candidate_anon]:[13792505]
[start_pgpromote_candidate_file]:[870]
[start_pgpromote_tried]:[0]
[start_pgpromote_file]:[0]
[start_pgpromote_anon]:[0]
[start_pgmigrate_success]:[19799335]
[start_pgmigrate_fail]:[4647066]
[start_pgmigrate_fail_dst_node_full]:[216576]
[start_pgmigrate_fail_numa_isolate]:[216576]
[start_pgmigrate_fail_nomem]:[4429502]
[start_pgmigrate_fail_refcount]:[12317]
[start_success_nr]:[13713901]
[start_retry_nr]:[100880]
[start_retreated_page_nr]:[2120]
[start_try_to_promote_nr]:[13716023]
[start_task_num]:[0]
[start_write_protect_break_num]:[188673]
[start_shadow_link_num]:[10521602]
[start_shadow_demote_num]:[74041]
[start_batch_free_num]:[10258676]
[start_transactional_migration_success_num]:[13713813]
[start_transactional_migration_fail_num]:[12126]
[start_shadow_page_pair]:[0]
[end_pgdemote_kswapd]:[21238079]
[end_pgdemote_direct]:[0]
[end_pgdemote_file]:[159430]
[end_pgdemote_anon]:[21078649]
[end_pgpromote_candidate]:[16381626]
[end_pgpromote_candidate_demoted]:[13931568]
[end_pgpromote_candidate_anon]:[16380745]
[end_pgpromote_candidate_file]:[881]
[end_pgpromote_tried]:[0]
[end_pgpromote_file]:[0]
[end_pgpromote_anon]:[0]
[end_pgmigrate_success]:[22387007]
[end_pgmigrate_fail]:[5391076]
[end_pgmigrate_fail_dst_node_full]:[216576]
[end_pgmigrate_fail_numa_isolate]:[216576]
[end_pgmigrate_fail_nomem]:[5173341]
[end_pgmigrate_fail_refcount]:[13410]
[end_success_nr]:[16302029]
[end_retry_nr]:[108933]
[end_retreated_page_nr]:[2228]
[end_try_to_promote_nr]:[16304259]
[end_task_num]:[0]
[end_write_protect_break_num]:[188679]
[end_shadow_link_num]:[12049758]
[end_shadow_demote_num]:[74041]
[end_batch_free_num]:[11786824]
[end_transactional_migration_success_num]:[16301937]
[end_transactional_migration_fail_num]:[13219]
[end_shadow_page_pair]:[0]
[note]:[4]
[milliseconds]:[57482]
[total tick]:[149454350334]
[work type]:[5]
[Bandwidth(MB/s)]:[2038.681674]
---------------------------
