-----------start-----------
[start_pgdemote_kswapd]:[2884673]
[start_pgdemote_direct]:[0]
[start_pgdemote_file]:[139491]
[start_pgdemote_anon]:[2745182]
[start_pgpromote_candidate]:[35]
[start_pgpromote_candidate_demoted]:[34]
[start_pgpromote_candidate_anon]:[35]
[start_pgpromote_candidate_file]:[0]
[start_pgpromote_tried]:[0]
[start_pgpromote_file]:[0]
[start_pgpromote_anon]:[0]
[start_pgmigrate_success]:[2884673]
[start_pgmigrate_fail]:[5]
[start_pgmigrate_fail_dst_node_full]:[0]
[start_pgmigrate_fail_numa_isolate]:[0]
[start_pgmigrate_fail_nomem]:[0]
[start_pgmigrate_fail_refcount]:[80]
[start_success_nr]:[23]
[start_retry_nr]:[80]
[start_retreated_page_nr]:[8]
[start_try_to_promote_nr]:[31]
[start_task_num]:[0]
[start_write_protect_break_num]:[3]
[start_shadow_link_num]:[21]
[start_shadow_demote_num]:[0]
[start_batch_free_num]:[0]
[start_transactional_migration_success_num]:[23]
[start_transactional_migration_fail_num]:[80]
[start_shadow_page_pair]:[9]
[end_pgdemote_kswapd]:[7949224]
[end_pgdemote_direct]:[0]
[end_pgdemote_file]:[149407]
[end_pgdemote_anon]:[7799817]
[end_pgpromote_candidate]:[2908180]
[end_pgpromote_candidate_demoted]:[935767]
[end_pgpromote_candidate_anon]:[2908042]
[end_pgpromote_candidate_file]:[138]
[end_pgpromote_tried]:[0]
[end_pgpromote_file]:[0]
[end_pgpromote_anon]:[0]
[end_pgmigrate_success]:[9305512]
[end_pgmigrate_fail]:[773898]
[end_pgmigrate_fail_dst_node_full]:[300544]
[end_pgmigrate_fail_numa_isolate]:[300544]
[end_pgmigrate_fail_nomem]:[473034]
[end_pgmigrate_fail_refcount]:[4414]
[end_success_nr]:[2901919]
[end_retry_nr]:[37957]
[end_retreated_page_nr]:[718]
[end_try_to_promote_nr]:[2902637]
[end_task_num]:[0]
[end_write_protect_break_num]:[131286]
[end_shadow_link_num]:[2487827]
[end_shadow_demote_num]:[29]
[end_batch_free_num]:[2268666]
[end_transactional_migration_success_num]:[2901894]
[end_transactional_migration_fail_num]:[1512]
[end_shadow_page_pair]:[87708]
[note]:[0]
[milliseconds]:[80223]
[total tick]:[208596823585]
[work type]:[5]
[Bandwidth(MB/s)]:[1460.771848]
---------------------------
-----------start-----------
[start_pgdemote_kswapd]:[8077047]
[start_pgdemote_direct]:[0]
[start_pgdemote_file]:[149580]
[start_pgdemote_anon]:[7927467]
[start_pgpromote_candidate]:[2972847]
[start_pgpromote_candidate_demoted]:[942174]
[start_pgpromote_candidate_anon]:[2972603]
[start_pgpromote_candidate_file]:[244]
[start_pgpromote_tried]:[0]
[start_pgpromote_file]:[0]
[start_pgpromote_anon]:[0]
[start_pgmigrate_success]:[9433335]
[start_pgmigrate_fail]:[786419]
[start_pgmigrate_fail_dst_node_full]:[300544]
[start_pgmigrate_fail_numa_isolate]:[300544]
[start_pgmigrate_fail_nomem]:[485555]
[start_pgmigrate_fail_refcount]:[5263]
[start_success_nr]:[2943166]
[start_retry_nr]:[38812]
[start_retreated_page_nr]:[787]
[start_try_to_promote_nr]:[2943953]
[start_task_num]:[0]
[start_write_protect_break_num]:[131423]
[start_shadow_link_num]:[2529025]
[start_shadow_demote_num]:[29]
[start_batch_free_num]:[2396065]
[start_transactional_migration_success_num]:[2943126]
[start_transactional_migration_fail_num]:[2331]
[start_shadow_page_pair]:[1191]
[end_pgdemote_kswapd]:[13917181]
[end_pgdemote_direct]:[0]
[end_pgdemote_file]:[150296]
[end_pgdemote_anon]:[13766885]
[end_pgpromote_candidate]:[8940641]
[end_pgpromote_candidate_demoted]:[5960920]
[end_pgpromote_candidate_anon]:[8940347]
[end_pgpromote_candidate_file]:[294]
[end_pgpromote_tried]:[0]
[end_pgpromote_file]:[0]
[end_pgpromote_anon]:[0]
[end_pgmigrate_success]:[15280125]
[end_pgmigrate_fail]:[1644619]
[end_pgmigrate_fail_dst_node_full]:[300544]
[end_pgmigrate_fail_numa_isolate]:[300544]
[end_pgmigrate_fail_nomem]:[1343755]
[end_pgmigrate_fail_refcount]:[7481]
[end_success_nr]:[8775378]
[end_retry_nr]:[75047]
[end_retreated_page_nr]:[1289]
[end_try_to_promote_nr]:[8776668]
[end_task_num]:[0]
[end_write_protect_break_num]:[230197]
[end_shadow_link_num]:[7664164]
[end_shadow_demote_num]:[82112]
[end_batch_free_num]:[7351493]
[end_transactional_migration_success_num]:[8775329]
[end_transactional_migration_fail_num]:[4527]
[end_shadow_page_pair]:[0]
[note]:[1]
[milliseconds]:[98108]
[total tick]:[255059412988]
[work type]:[5]
[Bandwidth(MB/s)]:[1194.474457]
---------------------------
-----------start-----------
[start_pgdemote_kswapd]:[13974338]
[start_pgdemote_direct]:[0]
[start_pgdemote_file]:[150296]
[start_pgdemote_anon]:[13824042]
[start_pgpromote_candidate]:[8940681]
[start_pgpromote_candidate_demoted]:[5960960]
[start_pgpromote_candidate_anon]:[8940385]
[start_pgpromote_candidate_file]:[296]
[start_pgpromote_tried]:[0]
[start_pgpromote_file]:[0]
[start_pgpromote_anon]:[0]
[start_pgmigrate_success]:[15337282]
[start_pgmigrate_fail]:[1646394]
[start_pgmigrate_fail_dst_node_full]:[300544]
[start_pgmigrate_fail_numa_isolate]:[300544]
[start_pgmigrate_fail_nomem]:[1345530]
[start_pgmigrate_fail_refcount]:[7501]
[start_success_nr]:[8775409]
[start_retry_nr]:[75067]
[start_retreated_page_nr]:[1291]
[start_try_to_promote_nr]:[8776701]
[start_task_num]:[0]
[start_write_protect_break_num]:[230203]
[start_shadow_link_num]:[7664188]
[start_shadow_demote_num]:[82112]
[start_batch_free_num]:[7351495]
[start_transactional_migration_success_num]:[8775357]
[start_transactional_migration_fail_num]:[4547]
[start_shadow_page_pair]:[9]
[end_pgdemote_kswapd]:[17279242]
[end_pgdemote_direct]:[0]
[end_pgdemote_file]:[151378]
[end_pgdemote_anon]:[17127864]
[end_pgpromote_candidate]:[12234494]
[end_pgpromote_candidate_demoted]:[9240123]
[end_pgpromote_candidate_anon]:[12234103]
[end_pgpromote_candidate_file]:[391]
[end_pgpromote_tried]:[0]
[end_pgpromote_file]:[0]
[end_pgpromote_anon]:[0]
[end_pgmigrate_success]:[18643210]
[end_pgmigrate_fail]:[2474822]
[end_pgmigrate_fail_dst_node_full]:[300544]
[end_pgmigrate_fail_numa_isolate]:[300544]
[end_pgmigrate_fail_nomem]:[2173941]
[end_pgmigrate_fail_refcount]:[11682]
[end_success_nr]:[12067967]
[end_retry_nr]:[100077]
[end_retreated_page_nr]:[1893]
[end_try_to_promote_nr]:[12069861]
[end_task_num]:[0]
[end_write_protect_break_num]:[230416]
[end_shadow_link_num]:[9759706]
[end_shadow_demote_num]:[82112]
[end_batch_free_num]:[9446783]
[end_transactional_migration_success_num]:[12067873]
[end_transactional_migration_fail_num]:[8726]
[end_shadow_page_pair]:[0]
[note]:[2]
[milliseconds]:[74290]
[total tick]:[193154099786]
[work type]:[5]
[Bandwidth(MB/s)]:[1577.433033]
---------------------------
-----------start-----------
[start_pgdemote_kswapd]:[17279242]
[start_pgdemote_direct]:[0]
[start_pgdemote_file]:[151378]
[start_pgdemote_anon]:[17127864]
[start_pgpromote_candidate]:[12234516]
[start_pgpromote_candidate_demoted]:[9240143]
[start_pgpromote_candidate_anon]:[12234123]
[start_pgpromote_candidate_file]:[393]
[start_pgpromote_tried]:[0]
[start_pgpromote_file]:[0]
[start_pgpromote_anon]:[0]
[start_pgmigrate_success]:[18643210]
[start_pgmigrate_fail]:[2483331]
[start_pgmigrate_fail_dst_node_full]:[300544]
[start_pgmigrate_fail_numa_isolate]:[300544]
[start_pgmigrate_fail_nomem]:[2182450]
[start_pgmigrate_fail_refcount]:[11692]
[start_success_nr]:[12067983]
[start_retry_nr]:[100087]
[start_retreated_page_nr]:[1894]
[start_try_to_promote_nr]:[12069878]
[start_task_num]:[0]
[start_write_protect_break_num]:[230416]
[start_shadow_link_num]:[9759717]
[start_shadow_demote_num]:[82112]
[start_batch_free_num]:[9446792]
[start_transactional_migration_success_num]:[12067888]
[start_transactional_migration_fail_num]:[8736]
[start_shadow_page_pair]:[2]
[end_pgdemote_kswapd]:[19744342]
[end_pgdemote_direct]:[0]
[end_pgdemote_file]:[152675]
[end_pgdemote_anon]:[19591667]
[end_pgpromote_candidate]:[14700551]
[end_pgpromote_candidate_demoted]:[11705554]
[end_pgpromote_candidate_anon]:[14700017]
[end_pgpromote_candidate_file]:[534]
[end_pgpromote_tried]:[0]
[end_pgpromote_file]:[0]
[end_pgpromote_anon]:[0]
[end_pgmigrate_success]:[21108310]
[end_pgmigrate_fail]:[2974018]
[end_pgmigrate_fail_dst_node_full]:[300544]
[end_pgmigrate_fail_numa_isolate]:[300544]
[end_pgmigrate_fail_nomem]:[2673131]
[end_pgmigrate_fail_refcount]:[13324]
[end_success_nr]:[14533594]
[end_retry_nr]:[112476]
[end_retreated_page_nr]:[2085]
[end_try_to_promote_nr]:[14535680]
[end_task_num]:[0]
[end_write_protect_break_num]:[243969]
[end_shadow_link_num]:[11238847]
[end_shadow_demote_num]:[82819]
[end_batch_free_num]:[10911648]
[end_transactional_migration_success_num]:[14533491]
[end_transactional_migration_fail_num]:[10347]
[end_shadow_page_pair]:[0]
[note]:[3]
[milliseconds]:[61133]
[total tick]:[158944629496]
[work type]:[5]
[Bandwidth(MB/s)]:[1916.927028]
---------------------------
-----------start-----------
[start_pgdemote_kswapd]:[19744342]
[start_pgdemote_direct]:[0]
[start_pgdemote_file]:[152675]
[start_pgdemote_anon]:[19591667]
[start_pgpromote_candidate]:[14700567]
[start_pgpromote_candidate_demoted]:[11705569]
[start_pgpromote_candidate_anon]:[14700030]
[start_pgpromote_candidate_file]:[537]
[start_pgpromote_tried]:[0]
[start_pgpromote_file]:[0]
[start_pgpromote_anon]:[0]
[start_pgmigrate_success]:[21108310]
[start_pgmigrate_fail]:[2974420]
[start_pgmigrate_fail_dst_node_full]:[300544]
[start_pgmigrate_fail_numa_isolate]:[300544]
[start_pgmigrate_fail_nomem]:[2673533]
[start_pgmigrate_fail_refcount]:[13344]
[start_success_nr]:[14533607]
[start_retry_nr]:[112496]
[start_retreated_page_nr]:[2087]
[start_try_to_promote_nr]:[14535695]
[start_task_num]:[0]
[start_write_protect_break_num]:[243969]
[start_shadow_link_num]:[11238852]
[start_shadow_demote_num]:[82819]
[start_batch_free_num]:[10911653]
[start_transactional_migration_success_num]:[14533502]
[start_transactional_migration_fail_num]:[10367]
[start_shadow_page_pair]:[0]
[end_pgdemote_kswapd]:[22038079]
[end_pgdemote_direct]:[0]
[end_pgdemote_file]:[152701]
[end_pgdemote_anon]:[21885378]
[end_pgpromote_candidate]:[16994444]
[end_pgpromote_candidate_demoted]:[13999272]
[end_pgpromote_candidate_anon]:[16993888]
[end_pgpromote_candidate_file]:[556]
[end_pgpromote_tried]:[0]
[end_pgpromote_file]:[0]
[end_pgpromote_anon]:[0]
[end_pgmigrate_success]:[23402047]
[end_pgmigrate_fail]:[3428365]
[end_pgmigrate_fail_dst_node_full]:[300544]
[end_pgmigrate_fail_numa_isolate]:[300544]
[end_pgmigrate_fail_nomem]:[3127478]
[end_pgmigrate_fail_refcount]:[14350]
[end_success_nr]:[16827340]
[end_retry_nr]:[123286]
[end_retreated_page_nr]:[2212]
[end_try_to_promote_nr]:[16829554]
[end_task_num]:[0]
[end_write_protect_break_num]:[253432]
[end_shadow_link_num]:[12548560]
[end_shadow_demote_num]:[92829]
[end_batch_free_num]:[12201882]
[end_transactional_migration_success_num]:[16827229]
[end_transactional_migration_fail_num]:[11333]
[end_shadow_page_pair]:[0]
[note]:[4]
[milliseconds]:[60507]
[total tick]:[157315782922]
[work type]:[5]
[Bandwidth(MB/s)]:[1936.759383]
---------------------------
