-----------start-----------
[start_pgdemote_kswapd]:[2881925]
[start_pgdemote_direct]:[0]
[start_pgdemote_file]:[140973]
[start_pgdemote_anon]:[2740952]
[start_pgpromote_candidate]:[142]
[start_pgpromote_candidate_demoted]:[142]
[start_pgpromote_candidate_anon]:[128]
[start_pgpromote_candidate_file]:[14]
[start_pgpromote_tried]:[0]
[start_pgpromote_file]:[0]
[start_pgpromote_anon]:[0]
[start_pgmigrate_success]:[2881925]
[start_pgmigrate_fail]:[8]
[start_pgmigrate_fail_dst_node_full]:[0]
[start_pgmigrate_fail_numa_isolate]:[0]
[start_pgmigrate_fail_nomem]:[0]
[start_pgmigrate_fail_refcount]:[270]
[start_success_nr]:[93]
[start_retry_nr]:[271]
[start_retreated_page_nr]:[27]
[start_try_to_promote_nr]:[120]
[start_task_num]:[0]
[start_write_protect_break_num]:[17]
[start_shadow_link_num]:[93]
[start_shadow_demote_num]:[0]
[start_batch_free_num]:[0]
[start_transactional_migration_success_num]:[94]
[start_transactional_migration_fail_num]:[270]
[start_shadow_page_pair]:[63]
[end_pgdemote_kswapd]:[8208312]
[end_pgdemote_direct]:[0]
[end_pgdemote_file]:[152398]
[end_pgdemote_anon]:[8055914]
[end_pgpromote_candidate]:[3081387]
[end_pgpromote_candidate_demoted]:[1184484]
[end_pgpromote_candidate_anon]:[3080973]
[end_pgpromote_candidate_file]:[414]
[end_pgpromote_tried]:[0]
[end_pgpromote_file]:[0]
[end_pgpromote_anon]:[0]
[end_pgmigrate_success]:[9888239]
[end_pgmigrate_fail]:[719101]
[end_pgmigrate_fail_dst_node_full]:[69632]
[end_pgmigrate_fail_numa_isolate]:[69632]
[end_pgmigrate_fail_nomem]:[649312]
[end_pgmigrate_fail_refcount]:[5049]
[end_success_nr]:[3053480]
[end_retry_nr]:[40589]
[end_retreated_page_nr]:[1161]
[end_try_to_promote_nr]:[3054643]
[end_task_num]:[0]
[end_write_protect_break_num]:[39524]
[end_shadow_link_num]:[2502694]
[end_shadow_demote_num]:[787]
[end_batch_free_num]:[2462248]
[end_transactional_migration_success_num]:[3053441]
[end_transactional_migration_fail_num]:[4998]
[end_shadow_page_pair]:[0]
[note]:[0]
[milliseconds]:[75444]
[total tick]:[196161410014]
[work type]:[5]
[Bandwidth(MB/s)]:[1553.304438]
---------------------------
-----------start-----------
[start_pgdemote_kswapd]:[8248407]
[start_pgdemote_direct]:[0]
[start_pgdemote_file]:[152583]
[start_pgdemote_anon]:[8095824]
[start_pgpromote_candidate]:[3140156]
[start_pgpromote_candidate_demoted]:[1184984]
[start_pgpromote_candidate_anon]:[3139667]
[start_pgpromote_candidate_file]:[489]
[start_pgpromote_tried]:[0]
[start_pgpromote_file]:[0]
[start_pgpromote_anon]:[0]
[start_pgmigrate_success]:[9928334]
[start_pgmigrate_fail]:[946197]
[start_pgmigrate_fail_dst_node_full]:[69632]
[start_pgmigrate_fail_numa_isolate]:[69632]
[start_pgmigrate_fail_nomem]:[876395]
[start_pgmigrate_fail_refcount]:[5161]
[start_success_nr]:[3093149]
[start_retry_nr]:[40704]
[start_retreated_page_nr]:[1172]
[start_try_to_promote_nr]:[3094323]
[start_task_num]:[0]
[start_write_protect_break_num]:[39524]
[start_shadow_link_num]:[2542339]
[start_shadow_demote_num]:[787]
[start_batch_free_num]:[2501892]
[start_transactional_migration_success_num]:[3093101]
[start_transactional_migration_fail_num]:[5090]
[start_shadow_page_pair]:[0]
[end_pgdemote_kswapd]:[14193384]
[end_pgdemote_direct]:[0]
[end_pgdemote_file]:[155200]
[end_pgdemote_anon]:[14038184]
[end_pgpromote_candidate]:[9105707]
[end_pgpromote_candidate_demoted]:[6052206]
[end_pgpromote_candidate_anon]:[9105185]
[end_pgpromote_candidate_file]:[522]
[end_pgpromote_tried]:[0]
[end_pgpromote_file]:[0]
[end_pgpromote_anon]:[0]
[end_pgmigrate_success]:[15930143]
[end_pgmigrate_fail]:[1920562]
[end_pgmigrate_fail_dst_node_full]:[75776]
[end_pgmigrate_fail_numa_isolate]:[75776]
[end_pgmigrate_fail_nomem]:[1844320]
[end_pgmigrate_fail_refcount]:[8205]
[end_success_nr]:[8966247]
[end_retry_nr]:[118344]
[end_retreated_page_nr]:[2590]
[end_try_to_promote_nr]:[8968845]
[end_task_num]:[0]
[end_write_protect_break_num]:[222166]
[end_shadow_link_num]:[7713558]
[end_shadow_demote_num]:[116344]
[end_batch_free_num]:[7374841]
[end_transactional_migration_success_num]:[8966178]
[end_transactional_migration_fail_num]:[8094]
[end_shadow_page_pair]:[0]
[note]:[1]
[milliseconds]:[109762]
[total tick]:[285364785708]
[work type]:[5]
[Bandwidth(MB/s)]:[1067.650917]
---------------------------
-----------start-----------
[start_pgdemote_kswapd]:[14250728]
[start_pgdemote_direct]:[0]
[start_pgdemote_file]:[155366]
[start_pgdemote_anon]:[14095362]
[start_pgpromote_candidate]:[9105817]
[start_pgpromote_candidate_demoted]:[6052315]
[start_pgpromote_candidate_anon]:[9105289]
[start_pgpromote_candidate_file]:[528]
[start_pgpromote_tried]:[0]
[start_pgpromote_file]:[0]
[start_pgpromote_anon]:[0]
[start_pgmigrate_success]:[15987487]
[start_pgmigrate_fail]:[2145743]
[start_pgmigrate_fail_dst_node_full]:[75776]
[start_pgmigrate_fail_numa_isolate]:[75776]
[start_pgmigrate_fail_nomem]:[2069496]
[start_pgmigrate_fail_refcount]:[8417]
[start_success_nr]:[8966322]
[start_retry_nr]:[118556]
[start_retreated_page_nr]:[2611]
[start_try_to_promote_nr]:[8968941]
[start_task_num]:[0]
[start_write_protect_break_num]:[222166]
[start_shadow_link_num]:[7713619]
[start_shadow_demote_num]:[116344]
[start_batch_free_num]:[7374901]
[start_transactional_migration_success_num]:[8966251]
[start_transactional_migration_fail_num]:[8286]
[start_shadow_page_pair]:[0]
[end_pgdemote_kswapd]:[17360598]
[end_pgdemote_direct]:[0]
[end_pgdemote_file]:[157108]
[end_pgdemote_anon]:[17203490]
[end_pgpromote_candidate]:[12215975]
[end_pgpromote_candidate_demoted]:[9155291]
[end_pgpromote_candidate_anon]:[12215309]
[end_pgpromote_candidate_file]:[666]
[end_pgpromote_tried]:[0]
[end_pgpromote_file]:[0]
[end_pgpromote_anon]:[0]
[end_pgmigrate_success]:[19097869]
[end_pgmigrate_fail]:[3158289]
[end_pgmigrate_fail_dst_node_full]:[75776]
[end_pgmigrate_fail_numa_isolate]:[75776]
[end_pgmigrate_fail_nomem]:[3081860]
[end_pgmigrate_fail_refcount]:[11359]
[end_success_nr]:[12075877]
[end_retry_nr]:[137703]
[end_retreated_page_nr]:[3083]
[end_try_to_promote_nr]:[12078968]
[end_task_num]:[0]
[end_write_protect_break_num]:[243630]
[end_shadow_link_num]:[9697017]
[end_shadow_demote_num]:[116351]
[end_batch_free_num]:[9336824]
[end_transactional_migration_success_num]:[12075803]
[end_transactional_migration_fail_num]:[11218]
[end_shadow_page_pair]:[0]
[note]:[2]
[milliseconds]:[76817]
[total tick]:[199719331144]
[work type]:[5]
[Bandwidth(MB/s)]:[1525.541221]
---------------------------
-----------start-----------
[start_pgdemote_kswapd]:[17360598]
[start_pgdemote_direct]:[0]
[start_pgdemote_file]:[157108]
[start_pgdemote_anon]:[17203490]
[start_pgpromote_candidate]:[12216014]
[start_pgpromote_candidate_demoted]:[9155330]
[start_pgpromote_candidate_anon]:[12215321]
[start_pgpromote_candidate_file]:[693]
[start_pgpromote_tried]:[0]
[start_pgpromote_file]:[0]
[start_pgpromote_anon]:[0]
[start_pgmigrate_success]:[19097869]
[start_pgmigrate_fail]:[3274961]
[start_pgmigrate_fail_dst_node_full]:[75776]
[start_pgmigrate_fail_numa_isolate]:[75776]
[start_pgmigrate_fail_nomem]:[3198532]
[start_pgmigrate_fail_refcount]:[11359]
[start_success_nr]:[12075886]
[start_retry_nr]:[137703]
[start_retreated_page_nr]:[3083]
[start_try_to_promote_nr]:[12078977]
[start_task_num]:[0]
[start_write_protect_break_num]:[243630]
[start_shadow_link_num]:[9697024]
[start_shadow_demote_num]:[116351]
[start_batch_free_num]:[9336830]
[start_transactional_migration_success_num]:[12075812]
[start_transactional_migration_fail_num]:[11218]
[start_shadow_page_pair]:[0]
[end_pgdemote_kswapd]:[20078269]
[end_pgdemote_direct]:[0]
[end_pgdemote_file]:[157502]
[end_pgdemote_anon]:[19920767]
[end_pgpromote_candidate]:[14934323]
[end_pgpromote_candidate_demoted]:[11873345]
[end_pgpromote_candidate_anon]:[14933513]
[end_pgpromote_candidate_file]:[810]
[end_pgpromote_tried]:[0]
[end_pgpromote_file]:[0]
[end_pgpromote_anon]:[0]
[end_pgmigrate_success]:[21815540]
[end_pgmigrate_fail]:[4010691]
[end_pgmigrate_fail_dst_node_full]:[75776]
[end_pgmigrate_fail_numa_isolate]:[75776]
[end_pgmigrate_fail_nomem]:[3934117]
[end_pgmigrate_fail_refcount]:[13850]
[end_success_nr]:[14793833]
[end_retry_nr]:[147986]
[end_retreated_page_nr]:[3327]
[end_try_to_promote_nr]:[14797168]
[end_task_num]:[0]
[end_write_protect_break_num]:[246425]
[end_shadow_link_num]:[11333641]
[end_shadow_demote_num]:[116351]
[end_batch_free_num]:[10970647]
[end_transactional_migration_success_num]:[14793754]
[end_transactional_migration_fail_num]:[13689]
[end_shadow_page_pair]:[1]
[note]:[3]
[milliseconds]:[60825]
[total tick]:[158142674748]
[work type]:[5]
[Bandwidth(MB/s)]:[1926.633785]
---------------------------
-----------start-----------
[start_pgdemote_kswapd]:[20078613]
[start_pgdemote_direct]:[0]
[start_pgdemote_file]:[157502]
[start_pgdemote_anon]:[19921111]
[start_pgpromote_candidate]:[14934340]
[start_pgpromote_candidate_demoted]:[11873362]
[start_pgpromote_candidate_anon]:[14933518]
[start_pgpromote_candidate_file]:[822]
[start_pgpromote_tried]:[0]
[start_pgpromote_file]:[0]
[start_pgpromote_anon]:[0]
[start_pgmigrate_success]:[21815884]
[start_pgmigrate_fail]:[4160166]
[start_pgmigrate_fail_dst_node_full]:[75776]
[start_pgmigrate_fail_numa_isolate]:[75776]
[start_pgmigrate_fail_nomem]:[4083592]
[start_pgmigrate_fail_refcount]:[13850]
[start_success_nr]:[14793837]
[start_retry_nr]:[147986]
[start_retreated_page_nr]:[3327]
[start_try_to_promote_nr]:[14797172]
[start_task_num]:[0]
[start_write_protect_break_num]:[246425]
[start_shadow_link_num]:[11333644]
[start_shadow_demote_num]:[116351]
[start_batch_free_num]:[10970651]
[start_transactional_migration_success_num]:[14793758]
[start_transactional_migration_fail_num]:[13689]
[start_shadow_page_pair]:[0]
[end_pgdemote_kswapd]:[22597146]
[end_pgdemote_direct]:[0]
[end_pgdemote_file]:[157647]
[end_pgdemote_anon]:[22439499]
[end_pgpromote_candidate]:[17453307]
[end_pgpromote_candidate_demoted]:[14392202]
[end_pgpromote_candidate_anon]:[17452434]
[end_pgpromote_candidate_file]:[873]
[end_pgpromote_tried]:[0]
[end_pgpromote_file]:[0]
[end_pgpromote_anon]:[0]
[end_pgmigrate_success]:[24334417]
[end_pgmigrate_fail]:[5031986]
[end_pgmigrate_fail_dst_node_full]:[75776]
[end_pgmigrate_fail_numa_isolate]:[75776]
[end_pgmigrate_fail_nomem]:[4955281]
[end_pgmigrate_fail_refcount]:[15504]
[end_success_nr]:[17312568]
[end_retry_nr]:[158385]
[end_retreated_page_nr]:[3512]
[end_try_to_promote_nr]:[17316088]
[end_task_num]:[0]
[end_write_protect_break_num]:[251204]
[end_shadow_link_num]:[12818280]
[end_shadow_demote_num]:[116352]
[end_batch_free_num]:[12450501]
[end_transactional_migration_success_num]:[17312484]
[end_transactional_migration_fail_num]:[15331]
[end_shadow_page_pair]:[1]
[note]:[4]
[milliseconds]:[69303]
[total tick]:[180184341944]
[work type]:[5]
[Bandwidth(MB/s)]:[1690.944115]
---------------------------
