-----------start-----------
[start_pgdemote_kswapd]:[2881441]
[start_pgdemote_direct]:[0]
[start_pgdemote_file]:[139169]
[start_pgdemote_anon]:[2742272]
[start_pgpromote_candidate]:[147]
[start_pgpromote_candidate_demoted]:[147]
[start_pgpromote_candidate_anon]:[132]
[start_pgpromote_candidate_file]:[15]
[start_pgpromote_tried]:[0]
[start_pgpromote_file]:[0]
[start_pgpromote_anon]:[0]
[start_pgmigrate_success]:[2881441]
[start_pgmigrate_fail]:[19]
[start_pgmigrate_fail_dst_node_full]:[0]
[start_pgmigrate_fail_numa_isolate]:[0]
[start_pgmigrate_fail_nomem]:[0]
[start_pgmigrate_fail_refcount]:[170]
[start_success_nr]:[110]
[start_retry_nr]:[170]
[start_retreated_page_nr]:[17]
[start_try_to_promote_nr]:[127]
[start_task_num]:[0]
[start_write_protect_break_num]:[12]
[start_shadow_link_num]:[109]
[start_shadow_demote_num]:[0]
[start_batch_free_num]:[0]
[start_transactional_migration_success_num]:[110]
[start_transactional_migration_fail_num]:[170]
[start_shadow_page_pair]:[71]
[end_pgdemote_kswapd]:[7085246]
[end_pgdemote_direct]:[0]
[end_pgdemote_file]:[147940]
[end_pgdemote_anon]:[6937306]
[end_pgpromote_candidate]:[2193343]
[end_pgpromote_candidate_demoted]:[592534]
[end_pgpromote_candidate_anon]:[2193167]
[end_pgpromote_candidate_file]:[176]
[end_pgpromote_tried]:[0]
[end_pgpromote_file]:[0]
[end_pgpromote_anon]:[0]
[end_pgmigrate_success]:[8251582]
[end_pgmigrate_fail]:[669328]
[end_pgmigrate_fail_dst_node_full]:[271360]
[end_pgmigrate_fail_numa_isolate]:[271360]
[end_pgmigrate_fail_nomem]:[397437]
[end_pgmigrate_fail_refcount]:[6454]
[end_success_nr]:[2186109]
[end_retry_nr]:[28274]
[end_retreated_page_nr]:[417]
[end_try_to_promote_nr]:[2186528]
[end_task_num]:[0]
[end_write_protect_break_num]:[17422]
[end_shadow_link_num]:[1860350]
[end_shadow_demote_num]:[7]
[end_batch_free_num]:[1839708]
[end_transactional_migration_success_num]:[2186095]
[end_transactional_migration_fail_num]:[1721]
[end_shadow_page_pair]:[3107]
[note]:[0]
[milliseconds]:[49061]
[total tick]:[127557211590]
[work type]:[5]
[Bandwidth(MB/s)]:[2388.608059]
---------------------------
-----------start-----------
[start_pgdemote_kswapd]:[7169444]
[start_pgdemote_direct]:[0]
[start_pgdemote_file]:[147963]
[start_pgdemote_anon]:[7021481]
[start_pgpromote_candidate]:[2251981]
[start_pgpromote_candidate_demoted]:[593424]
[start_pgpromote_candidate_anon]:[2251787]
[start_pgpromote_candidate_file]:[194]
[start_pgpromote_tried]:[0]
[start_pgpromote_file]:[0]
[start_pgpromote_anon]:[0]
[start_pgmigrate_success]:[8335780]
[start_pgmigrate_fail]:[680677]
[start_pgmigrate_fail_dst_node_full]:[271360]
[start_pgmigrate_fail_numa_isolate]:[271360]
[start_pgmigrate_fail_nomem]:[408786]
[start_pgmigrate_fail_refcount]:[6494]
[start_success_nr]:[2230095]
[start_retry_nr]:[28314]
[start_retreated_page_nr]:[421]
[start_try_to_promote_nr]:[2230518]
[start_task_num]:[0]
[start_write_protect_break_num]:[17424]
[start_shadow_link_num]:[1904331]
[start_shadow_demote_num]:[7]
[start_batch_free_num]:[1886788]
[start_transactional_migration_success_num]:[2230080]
[start_transactional_migration_fail_num]:[1741]
[start_shadow_page_pair]:[4]
[end_pgdemote_kswapd]:[12792105]
[end_pgdemote_direct]:[0]
[end_pgdemote_file]:[148280]
[end_pgdemote_anon]:[12643825]
[end_pgpromote_candidate]:[7976501]
[end_pgpromote_candidate_demoted]:[5371273]
[end_pgpromote_candidate_anon]:[7976169]
[end_pgpromote_candidate_file]:[332]
[end_pgpromote_tried]:[0]
[end_pgpromote_file]:[0]
[end_pgpromote_anon]:[0]
[end_pgmigrate_success]:[13995305]
[end_pgmigrate_fail]:[1438193]
[end_pgmigrate_fail_dst_node_full]:[271360]
[end_pgmigrate_fail_numa_isolate]:[271360]
[end_pgmigrate_fail_nomem]:[1166302]
[end_pgmigrate_fail_refcount]:[9237]
[end_success_nr]:[7816139]
[end_retry_nr]:[80688]
[end_retreated_page_nr]:[1095]
[end_try_to_promote_nr]:[7817236]
[end_task_num]:[0]
[end_write_protect_break_num]:[138698]
[end_shadow_link_num]:[6833523]
[end_shadow_demote_num]:[101787]
[end_batch_free_num]:[6592837]
[end_transactional_migration_success_num]:[7816093]
[end_transactional_migration_fail_num]:[4460]
[end_shadow_page_pair]:[59]
[note]:[1]
[milliseconds]:[88470]
[total tick]:[230050856696]
[work type]:[5]
[Bandwidth(MB/s)]:[1324.601560]
---------------------------
-----------start-----------
[start_pgdemote_kswapd]:[12850832]
[start_pgdemote_direct]:[0]
[start_pgdemote_file]:[148281]
[start_pgdemote_anon]:[12702551]
[start_pgpromote_candidate]:[7976521]
[start_pgpromote_candidate_demoted]:[5371293]
[start_pgpromote_candidate_anon]:[7976188]
[start_pgpromote_candidate_file]:[333]
[start_pgpromote_tried]:[0]
[start_pgpromote_file]:[0]
[start_pgpromote_anon]:[0]
[start_pgmigrate_success]:[14054032]
[start_pgmigrate_fail]:[1438545]
[start_pgmigrate_fail_dst_node_full]:[271360]
[start_pgmigrate_fail_numa_isolate]:[271360]
[start_pgmigrate_fail_nomem]:[1166654]
[start_pgmigrate_fail_refcount]:[9237]
[start_success_nr]:[7816149]
[start_retry_nr]:[80688]
[start_retreated_page_nr]:[1095]
[start_try_to_promote_nr]:[7817246]
[start_task_num]:[0]
[start_write_protect_break_num]:[138701]
[start_shadow_link_num]:[6833532]
[start_shadow_demote_num]:[101787]
[start_batch_free_num]:[6592901]
[start_transactional_migration_success_num]:[7816103]
[start_transactional_migration_fail_num]:[4460]
[start_shadow_page_pair]:[0]
[end_pgdemote_kswapd]:[16108898]
[end_pgdemote_direct]:[0]
[end_pgdemote_file]:[148364]
[end_pgdemote_anon]:[15960534]
[end_pgpromote_candidate]:[11234238]
[end_pgpromote_candidate_demoted]:[8609704]
[end_pgpromote_candidate_anon]:[11233894]
[end_pgpromote_candidate_file]:[344]
[end_pgpromote_tried]:[0]
[end_pgpromote_file]:[0]
[end_pgpromote_anon]:[0]
[end_pgmigrate_success]:[17312098]
[end_pgmigrate_fail]:[2158228]
[end_pgmigrate_fail_dst_node_full]:[271360]
[end_pgmigrate_fail_numa_isolate]:[271360]
[end_pgmigrate_fail_nomem]:[1886337]
[end_pgmigrate_fail_refcount]:[10736]
[end_success_nr]:[11073324]
[end_retry_nr]:[92096]
[end_retreated_page_nr]:[1251]
[end_try_to_promote_nr]:[11074578]
[end_task_num]:[0]
[end_write_protect_break_num]:[139118]
[end_shadow_link_num]:[8914302]
[end_shadow_demote_num]:[101787]
[end_batch_free_num]:[8673241]
[end_transactional_migration_success_num]:[11073257]
[end_transactional_migration_fail_num]:[5958]
[end_shadow_page_pair]:[0]
[note]:[2]
[milliseconds]:[65033]
[total tick]:[169095198090]
[work type]:[5]
[Bandwidth(MB/s)]:[1801.969769]
---------------------------
-----------start-----------
[start_pgdemote_kswapd]:[16108898]
[start_pgdemote_direct]:[0]
[start_pgdemote_file]:[148364]
[start_pgdemote_anon]:[15960534]
[start_pgpromote_candidate]:[11234260]
[start_pgpromote_candidate_demoted]:[8609726]
[start_pgpromote_candidate_anon]:[11233916]
[start_pgpromote_candidate_file]:[344]
[start_pgpromote_tried]:[0]
[start_pgpromote_file]:[0]
[start_pgpromote_anon]:[0]
[start_pgmigrate_success]:[17312098]
[start_pgmigrate_fail]:[2159023]
[start_pgmigrate_fail_dst_node_full]:[271360]
[start_pgmigrate_fail_numa_isolate]:[271360]
[start_pgmigrate_fail_nomem]:[1887132]
[start_pgmigrate_fail_refcount]:[10786]
[start_success_nr]:[11073341]
[start_retry_nr]:[92146]
[start_retreated_page_nr]:[1256]
[start_try_to_promote_nr]:[11074600]
[start_task_num]:[0]
[start_write_protect_break_num]:[139119]
[start_shadow_link_num]:[8914309]
[start_shadow_demote_num]:[101787]
[start_batch_free_num]:[8673243]
[start_transactional_migration_success_num]:[11073273]
[start_transactional_migration_fail_num]:[6008]
[start_shadow_page_pair]:[3]
[end_pgdemote_kswapd]:[18684115]
[end_pgdemote_direct]:[0]
[end_pgdemote_file]:[148386]
[end_pgdemote_anon]:[18535729]
[end_pgpromote_candidate]:[13959569]
[end_pgpromote_candidate_demoted]:[11334595]
[end_pgpromote_candidate_anon]:[13959183]
[end_pgpromote_candidate_file]:[386]
[end_pgpromote_tried]:[0]
[end_pgpromote_file]:[0]
[end_pgpromote_anon]:[0]
[end_pgmigrate_success]:[19887315]
[end_pgmigrate_fail]:[2762712]
[end_pgmigrate_fail_dst_node_full]:[271360]
[end_pgmigrate_fail_numa_isolate]:[271360]
[end_pgmigrate_fail_nomem]:[2490821]
[end_pgmigrate_fail_refcount]:[12916]
[end_success_nr]:[13798386]
[end_retry_nr]:[102218]
[end_retreated_page_nr]:[1473]
[end_try_to_promote_nr]:[13799863]
[end_task_num]:[0]
[end_write_protect_break_num]:[140246]
[end_shadow_link_num]:[10560452]
[end_shadow_demote_num]:[101787]
[end_batch_free_num]:[10229881]
[end_transactional_migration_success_num]:[13798287]
[end_transactional_migration_fail_num]:[8107]
[end_shadow_page_pair]:[88371]
[note]:[3]
[milliseconds]:[56130]
[total tick]:[145945738730]
[work type]:[5]
[Bandwidth(MB/s)]:[2087.787280]
---------------------------
-----------start-----------
[start_pgdemote_kswapd]:[18834167]
[start_pgdemote_direct]:[0]
[start_pgdemote_file]:[148509]
[start_pgdemote_anon]:[18685658]
[start_pgpromote_candidate]:[13959583]
[start_pgpromote_candidate_demoted]:[11334604]
[start_pgpromote_candidate_anon]:[13959197]
[start_pgpromote_candidate_file]:[386]
[start_pgpromote_tried]:[0]
[start_pgpromote_file]:[0]
[start_pgpromote_anon]:[0]
[start_pgmigrate_success]:[20037367]
[start_pgmigrate_fail]:[2773917]
[start_pgmigrate_fail_dst_node_full]:[271360]
[start_pgmigrate_fail_numa_isolate]:[271360]
[start_pgmigrate_fail_nomem]:[2502007]
[start_pgmigrate_fail_refcount]:[12916]
[start_success_nr]:[13798398]
[start_retry_nr]:[102219]
[start_retreated_page_nr]:[1473]
[start_try_to_promote_nr]:[13799875]
[start_task_num]:[0]
[start_write_protect_break_num]:[140246]
[start_shadow_link_num]:[10560459]
[start_shadow_demote_num]:[101793]
[start_batch_free_num]:[10318247]
[start_transactional_migration_success_num]:[13798299]
[start_transactional_migration_fail_num]:[8107]
[start_shadow_page_pair]:[0]
[end_pgdemote_kswapd]:[21120751]
[end_pgdemote_direct]:[0]
[end_pgdemote_file]:[148552]
[end_pgdemote_anon]:[20972199]
[end_pgpromote_candidate]:[16246687]
[end_pgpromote_candidate_demoted]:[13621576]
[end_pgpromote_candidate_anon]:[16246290]
[end_pgpromote_candidate_file]:[397]
[end_pgpromote_tried]:[0]
[end_pgpromote_file]:[0]
[end_pgpromote_anon]:[0]
[end_pgmigrate_success]:[22323951]
[end_pgmigrate_fail]:[3124268]
[end_pgmigrate_fail_dst_node_full]:[271360]
[end_pgmigrate_fail_numa_isolate]:[271360]
[end_pgmigrate_fail_nomem]:[2852358]
[end_pgmigrate_fail_refcount]:[13931]
[end_success_nr]:[16085380]
[end_retry_nr]:[110012]
[end_retreated_page_nr]:[1586]
[end_try_to_promote_nr]:[16086971]
[end_task_num]:[0]
[end_write_protect_break_num]:[153261]
[end_shadow_link_num]:[11869138]
[end_shadow_demote_num]:[101825]
[end_batch_free_num]:[11613796]
[end_transactional_migration_success_num]:[16085280]
[end_transactional_migration_fail_num]:[9122]
[end_shadow_page_pair]:[71]
[note]:[4]
[milliseconds]:[49016]
[total tick]:[127447709004]
[work type]:[5]
[Bandwidth(MB/s)]:[2390.800963]
---------------------------
