-----------start-----------
[start_pgdemote_kswapd]:[1250544]
[start_pgdemote_direct]:[0]
[start_pgdemote_file]:[84709]
[start_pgdemote_anon]:[1165835]
[start_pgpromote_candidate]:[54]
[start_pgpromote_candidate_demoted]:[54]
[start_pgpromote_candidate_anon]:[54]
[start_pgpromote_candidate_file]:[0]
[start_pgpromote_tried]:[0]
[start_pgpromote_file]:[0]
[start_pgpromote_anon]:[0]
[start_pgmigrate_success]:[1250544]
[start_pgmigrate_fail]:[0]
[start_pgmigrate_fail_dst_node_full]:[0]
[start_pgmigrate_fail_numa_isolate]:[0]
[start_pgmigrate_fail_nomem]:[0]
[start_pgmigrate_fail_refcount]:[60]
[start_success_nr]:[39]
[start_retry_nr]:[60]
[start_retreated_page_nr]:[6]
[start_try_to_promote_nr]:[45]
[start_task_num]:[0]
[start_write_protect_break_num]:[12]
[start_shadow_link_num]:[39]
[start_shadow_demote_num]:[0]
[start_batch_free_num]:[0]
[start_transactional_migration_success_num]:[39]
[start_transactional_migration_fail_num]:[60]
[start_shadow_page_pair]:[13]
[end_pgdemote_kswapd]:[2550383]
[end_pgdemote_direct]:[0]
[end_pgdemote_file]:[90658]
[end_pgdemote_anon]:[2459725]
[end_pgpromote_candidate]:[2681]
[end_pgpromote_candidate_demoted]:[2681]
[end_pgpromote_candidate_anon]:[2681]
[end_pgpromote_candidate_file]:[0]
[end_pgpromote_tried]:[0]
[end_pgpromote_file]:[0]
[end_pgpromote_anon]:[0]
[end_pgmigrate_success]:[3502703]
[end_pgmigrate_fail]:[0]
[end_pgmigrate_fail_dst_node_full]:[0]
[end_pgmigrate_fail_numa_isolate]:[0]
[end_pgmigrate_fail_nomem]:[0]
[end_pgmigrate_fail_refcount]:[120]
[end_success_nr]:[806]
[end_retry_nr]:[120]
[end_retreated_page_nr]:[12]
[end_try_to_promote_nr]:[818]
[end_task_num]:[0]
[end_write_protect_break_num]:[403]
[end_shadow_link_num]:[806]
[end_shadow_demote_num]:[0]
[end_batch_free_num]:[0]
[end_transactional_migration_success_num]:[806]
[end_transactional_migration_fail_num]:[120]
[end_shadow_page_pair]:[354]
[note]:[0]
[milliseconds]:[9145]
[total tick]:[23771969034]
[work type]:[0]
[Bandwidth(MB/s)]:[7688.627665]
---------------------------
-----------start-----------
[start_pgdemote_kswapd]:[2550383]
[start_pgdemote_direct]:[0]
[start_pgdemote_file]:[90658]
[start_pgdemote_anon]:[2459725]
[start_pgpromote_candidate]:[2681]
[start_pgpromote_candidate_demoted]:[2681]
[start_pgpromote_candidate_anon]:[2681]
[start_pgpromote_candidate_file]:[0]
[start_pgpromote_tried]:[0]
[start_pgpromote_file]:[0]
[start_pgpromote_anon]:[0]
[start_pgmigrate_success]:[3502703]
[start_pgmigrate_fail]:[0]
[start_pgmigrate_fail_dst_node_full]:[0]
[start_pgmigrate_fail_numa_isolate]:[0]
[start_pgmigrate_fail_nomem]:[0]
[start_pgmigrate_fail_refcount]:[120]
[start_success_nr]:[806]
[start_retry_nr]:[120]
[start_retreated_page_nr]:[12]
[start_try_to_promote_nr]:[818]
[start_task_num]:[0]
[start_write_protect_break_num]:[404]
[start_shadow_link_num]:[806]
[start_shadow_demote_num]:[0]
[start_batch_free_num]:[0]
[start_transactional_migration_success_num]:[806]
[start_transactional_migration_fail_num]:[120]
[start_shadow_page_pair]:[353]
[end_pgdemote_kswapd]:[2550383]
[end_pgdemote_direct]:[0]
[end_pgdemote_file]:[90658]
[end_pgdemote_anon]:[2459725]
[end_pgpromote_candidate]:[3601]
[end_pgpromote_candidate_demoted]:[3601]
[end_pgpromote_candidate_anon]:[3601]
[end_pgpromote_candidate_file]:[0]
[end_pgpromote_tried]:[0]
[end_pgpromote_file]:[0]
[end_pgpromote_anon]:[0]
[end_pgmigrate_success]:[3537007]
[end_pgmigrate_fail]:[0]
[end_pgmigrate_fail_dst_node_full]:[0]
[end_pgmigrate_fail_numa_isolate]:[0]
[end_pgmigrate_fail_nomem]:[0]
[end_pgmigrate_fail_refcount]:[120]
[end_success_nr]:[1656]
[end_retry_nr]:[120]
[end_retreated_page_nr]:[12]
[end_try_to_promote_nr]:[1668]
[end_task_num]:[0]
[end_write_protect_break_num]:[404]
[end_shadow_link_num]:[1656]
[end_shadow_demote_num]:[0]
[end_batch_free_num]:[0]
[end_transactional_migration_success_num]:[1656]
[end_transactional_migration_fail_num]:[120]
[end_shadow_page_pair]:[1203]
[note]:[1]
[milliseconds]:[8718]
[total tick]:[22665162224]
[work type]:[0]
[Bandwidth(MB/s)]:[8065.209911]
---------------------------
-----------start-----------
[start_pgdemote_kswapd]:[2550383]
[start_pgdemote_direct]:[0]
[start_pgdemote_file]:[90658]
[start_pgdemote_anon]:[2459725]
[start_pgpromote_candidate]:[3601]
[start_pgpromote_candidate_demoted]:[3601]
[start_pgpromote_candidate_anon]:[3601]
[start_pgpromote_candidate_file]:[0]
[start_pgpromote_tried]:[0]
[start_pgpromote_file]:[0]
[start_pgpromote_anon]:[0]
[start_pgmigrate_success]:[3537007]
[start_pgmigrate_fail]:[0]
[start_pgmigrate_fail_dst_node_full]:[0]
[start_pgmigrate_fail_numa_isolate]:[0]
[start_pgmigrate_fail_nomem]:[0]
[start_pgmigrate_fail_refcount]:[120]
[start_success_nr]:[1656]
[start_retry_nr]:[120]
[start_retreated_page_nr]:[12]
[start_try_to_promote_nr]:[1668]
[start_task_num]:[0]
[start_write_protect_break_num]:[404]
[start_shadow_link_num]:[1656]
[start_shadow_demote_num]:[0]
[start_batch_free_num]:[0]
[start_transactional_migration_success_num]:[1656]
[start_transactional_migration_fail_num]:[120]
[start_shadow_page_pair]:[862]
[end_pgdemote_kswapd]:[2555896]
[end_pgdemote_direct]:[0]
[end_pgdemote_file]:[96151]
[end_pgdemote_anon]:[2459745]
[end_pgpromote_candidate]:[3698]
[end_pgpromote_candidate_demoted]:[3698]
[end_pgpromote_candidate_anon]:[3698]
[end_pgpromote_candidate_file]:[0]
[end_pgpromote_tried]:[0]
[end_pgpromote_file]:[0]
[end_pgpromote_anon]:[0]
[end_pgmigrate_success]:[3592184]
[end_pgmigrate_fail]:[0]
[end_pgmigrate_fail_dst_node_full]:[0]
[end_pgmigrate_fail_numa_isolate]:[0]
[end_pgmigrate_fail_nomem]:[0]
[end_pgmigrate_fail_refcount]:[120]
[end_success_nr]:[1656]
[end_retry_nr]:[120]
[end_retreated_page_nr]:[12]
[end_try_to_promote_nr]:[1668]
[end_task_num]:[0]
[end_write_protect_break_num]:[404]
[end_shadow_link_num]:[1656]
[end_shadow_demote_num]:[0]
[end_batch_free_num]:[0]
[end_transactional_migration_success_num]:[1656]
[end_transactional_migration_fail_num]:[120]
[end_shadow_page_pair]:[862]
[note]:[2]
[milliseconds]:[8502]
[total tick]:[22104883688]
[work type]:[0]
[Bandwidth(MB/s)]:[8270.112915]
---------------------------
-----------start-----------
[start_pgdemote_kswapd]:[2555896]
[start_pgdemote_direct]:[0]
[start_pgdemote_file]:[96151]
[start_pgdemote_anon]:[2459745]
[start_pgpromote_candidate]:[3700]
[start_pgpromote_candidate_demoted]:[3700]
[start_pgpromote_candidate_anon]:[3698]
[start_pgpromote_candidate_file]:[2]
[start_pgpromote_tried]:[0]
[start_pgpromote_file]:[0]
[start_pgpromote_anon]:[0]
[start_pgmigrate_success]:[3592184]
[start_pgmigrate_fail]:[0]
[start_pgmigrate_fail_dst_node_full]:[0]
[start_pgmigrate_fail_numa_isolate]:[0]
[start_pgmigrate_fail_nomem]:[0]
[start_pgmigrate_fail_refcount]:[120]
[start_success_nr]:[1660]
[start_retry_nr]:[120]
[start_retreated_page_nr]:[12]
[start_try_to_promote_nr]:[1672]
[start_task_num]:[0]
[start_write_protect_break_num]:[404]
[start_shadow_link_num]:[1660]
[start_shadow_demote_num]:[0]
[start_batch_free_num]:[0]
[start_transactional_migration_success_num]:[1660]
[start_transactional_migration_fail_num]:[120]
[start_shadow_page_pair]:[866]
[end_pgdemote_kswapd]:[3075490]
[end_pgdemote_direct]:[0]
[end_pgdemote_file]:[100913]
[end_pgdemote_anon]:[2974577]
[end_pgpromote_candidate]:[58401]
[end_pgpromote_candidate_demoted]:[43696]
[end_pgpromote_candidate_anon]:[58399]
[end_pgpromote_candidate_file]:[2]
[end_pgpromote_tried]:[0]
[end_pgpromote_file]:[0]
[end_pgpromote_anon]:[0]
[end_pgmigrate_success]:[4575138]
[end_pgmigrate_fail]:[0]
[end_pgmigrate_fail_dst_node_full]:[0]
[end_pgmigrate_fail_numa_isolate]:[0]
[end_pgmigrate_fail_nomem]:[0]
[end_pgmigrate_fail_refcount]:[150]
[end_success_nr]:[55444]
[end_retry_nr]:[393]
[end_retreated_page_nr]:[18]
[end_try_to_promote_nr]:[55462]
[end_task_num]:[0]
[end_write_protect_break_num]:[39473]
[end_shadow_link_num]:[55444]
[end_shadow_demote_num]:[0]
[end_batch_free_num]:[0]
[end_transactional_migration_success_num]:[55444]
[end_transactional_migration_fail_num]:[150]
[end_shadow_page_pair]:[15573]
[note]:[3]
[milliseconds]:[9919]
[total tick]:[25792607868]
[work type]:[0]
[Bandwidth(MB/s)]:[7088.668213]
---------------------------
-----------start-----------
[start_pgdemote_kswapd]:[3075490]
[start_pgdemote_direct]:[0]
[start_pgdemote_file]:[100913]
[start_pgdemote_anon]:[2974577]
[start_pgpromote_candidate]:[58404]
[start_pgpromote_candidate_demoted]:[43699]
[start_pgpromote_candidate_anon]:[58402]
[start_pgpromote_candidate_file]:[2]
[start_pgpromote_tried]:[0]
[start_pgpromote_file]:[0]
[start_pgpromote_anon]:[0]
[start_pgmigrate_success]:[4575138]
[start_pgmigrate_fail]:[0]
[start_pgmigrate_fail_dst_node_full]:[0]
[start_pgmigrate_fail_numa_isolate]:[0]
[start_pgmigrate_fail_nomem]:[0]
[start_pgmigrate_fail_refcount]:[150]
[start_success_nr]:[55446]
[start_retry_nr]:[393]
[start_retreated_page_nr]:[18]
[start_try_to_promote_nr]:[55464]
[start_task_num]:[0]
[start_write_protect_break_num]:[39473]
[start_shadow_link_num]:[55446]
[start_shadow_demote_num]:[0]
[start_batch_free_num]:[0]
[start_transactional_migration_success_num]:[55446]
[start_transactional_migration_fail_num]:[150]
[start_shadow_page_pair]:[15574]
[end_pgdemote_kswapd]:[3389466]
[end_pgdemote_direct]:[0]
[end_pgdemote_file]:[102537]
[end_pgdemote_anon]:[3286929]
[end_pgpromote_candidate]:[173825]
[end_pgpromote_candidate_demoted]:[44056]
[end_pgpromote_candidate_anon]:[173823]
[end_pgpromote_candidate_file]:[2]
[end_pgpromote_tried]:[0]
[end_pgpromote_file]:[0]
[end_pgpromote_anon]:[0]
[end_pgmigrate_success]:[5071898]
[end_pgmigrate_fail]:[0]
[end_pgmigrate_fail_dst_node_full]:[0]
[end_pgmigrate_fail_numa_isolate]:[0]
[end_pgmigrate_fail_nomem]:[0]
[end_pgmigrate_fail_refcount]:[150]
[end_success_nr]:[170500]
[end_retry_nr]:[813]
[end_retreated_page_nr]:[28]
[end_try_to_promote_nr]:[170528]
[end_task_num]:[0]
[end_write_protect_break_num]:[79128]
[end_shadow_link_num]:[170500]
[end_shadow_demote_num]:[0]
[end_batch_free_num]:[0]
[end_transactional_migration_success_num]:[170500]
[end_transactional_migration_fail_num]:[150]
[end_shadow_page_pair]:[90973]
[note]:[4]
[milliseconds]:[10720]
[total tick]:[27874425904]
[work type]:[0]
[Bandwidth(MB/s)]:[6559.001866]
---------------------------
