-----------start-----------
[start_pgdemote_kswapd]:[2853305]
[start_pgdemote_direct]:[0]
[start_pgdemote_file]:[141929]
[start_pgdemote_anon]:[2711376]
[start_pgpromote_candidate]:[33]
[start_pgpromote_candidate_demoted]:[33]
[start_pgpromote_candidate_anon]:[33]
[start_pgpromote_candidate_file]:[0]
[start_pgpromote_tried]:[0]
[start_pgpromote_file]:[0]
[start_pgpromote_anon]:[0]
[start_pgmigrate_success]:[2853305]
[start_pgmigrate_fail]:[28]
[start_pgmigrate_fail_dst_node_full]:[0]
[start_pgmigrate_fail_numa_isolate]:[0]
[start_pgmigrate_fail_nomem]:[0]
[start_pgmigrate_fail_refcount]:[20]
[start_success_nr]:[23]
[start_retry_nr]:[20]
[start_retreated_page_nr]:[2]
[start_try_to_promote_nr]:[25]
[start_task_num]:[0]
[start_write_protect_break_num]:[1]
[start_shadow_link_num]:[23]
[start_shadow_demote_num]:[0]
[start_batch_free_num]:[0]
[start_transactional_migration_success_num]:[23]
[start_transactional_migration_fail_num]:[20]
[start_shadow_page_pair]:[7]
[end_pgdemote_kswapd]:[6122763]
[end_pgdemote_direct]:[0]
[end_pgdemote_file]:[158015]
[end_pgdemote_anon]:[5964748]
[end_pgpromote_candidate]:[505754]
[end_pgpromote_candidate_demoted]:[10522]
[end_pgpromote_candidate_anon]:[505661]
[end_pgpromote_candidate_file]:[93]
[end_pgpromote_tried]:[0]
[end_pgpromote_file]:[0]
[end_pgpromote_anon]:[0]
[end_pgmigrate_success]:[8581963]
[end_pgmigrate_fail]:[56118]
[end_pgmigrate_fail_dst_node_full]:[0]
[end_pgmigrate_fail_numa_isolate]:[0]
[end_pgmigrate_fail_nomem]:[56058]
[end_pgmigrate_fail_refcount]:[1055]
[end_success_nr]:[500562]
[end_retry_nr]:[3874]
[end_retreated_page_nr]:[209]
[end_try_to_promote_nr]:[500771]
[end_task_num]:[0]
[end_write_protect_break_num]:[219962]
[end_shadow_link_num]:[500547]
[end_shadow_demote_num]:[31]
[end_batch_free_num]:[69609]
[end_transactional_migration_success_num]:[500547]
[end_transactional_migration_fail_num]:[1025]
[end_shadow_page_pair]:[210334]
[note]:[0]
[milliseconds]:[33983]
[total tick]:[88356693050]
[work type]:[0]
[Bandwidth(MB/s)]:[3448.415384]
---------------------------
-----------start-----------
[start_pgdemote_kswapd]:[6124259]
[start_pgdemote_direct]:[0]
[start_pgdemote_file]:[158491]
[start_pgdemote_anon]:[5965768]
[start_pgpromote_candidate]:[506372]
[start_pgpromote_candidate_demoted]:[11140]
[start_pgpromote_candidate_anon]:[506224]
[start_pgpromote_candidate_file]:[148]
[start_pgpromote_tried]:[0]
[start_pgpromote_file]:[0]
[start_pgpromote_anon]:[0]
[start_pgmigrate_success]:[8583459]
[start_pgmigrate_fail]:[56118]
[start_pgmigrate_fail_dst_node_full]:[0]
[start_pgmigrate_fail_numa_isolate]:[0]
[start_pgmigrate_fail_nomem]:[56058]
[start_pgmigrate_fail_refcount]:[1065]
[start_success_nr]:[501123]
[start_retry_nr]:[3888]
[start_retreated_page_nr]:[210]
[start_try_to_promote_nr]:[501333]
[start_task_num]:[0]
[start_write_protect_break_num]:[220212]
[start_shadow_link_num]:[501108]
[start_shadow_demote_num]:[31]
[start_batch_free_num]:[69609]
[start_transactional_migration_success_num]:[501110]
[start_transactional_migration_fail_num]:[1035]
[start_shadow_page_pair]:[210628]
[end_pgdemote_kswapd]:[12506106]
[end_pgdemote_direct]:[0]
[end_pgdemote_file]:[158864]
[end_pgdemote_anon]:[12347242]
[end_pgpromote_candidate]:[6440390]
[end_pgpromote_candidate_demoted]:[3930092]
[end_pgpromote_candidate_anon]:[6440154]
[end_pgpromote_candidate_file]:[236]
[end_pgpromote_tried]:[0]
[end_pgpromote_file]:[0]
[end_pgpromote_anon]:[0]
[end_pgmigrate_success]:[17116538]
[end_pgmigrate_fail]:[467480]
[end_pgmigrate_fail_dst_node_full]:[0]
[end_pgmigrate_fail_numa_isolate]:[0]
[end_pgmigrate_fail_nomem]:[467420]
[end_pgmigrate_fail_refcount]:[3237]
[end_success_nr]:[6256486]
[end_retry_nr]:[52492]
[end_retreated_page_nr]:[1348]
[end_try_to_promote_nr]:[6257835]
[end_task_num]:[0]
[end_write_protect_break_num]:[1347895]
[end_shadow_link_num]:[6256455]
[end_shadow_demote_num]:[527550]
[end_batch_free_num]:[4318079]
[end_transactional_migration_success_num]:[6256459]
[end_transactional_migration_fail_num]:[3136]
[end_shadow_page_pair]:[45801]
[note]:[1]
[milliseconds]:[107401]
[total tick]:[279239773466]
[work type]:[0]
[Bandwidth(MB/s)]:[1091.121126]
---------------------------
-----------start-----------
[start_pgdemote_kswapd]:[12529276]
[start_pgdemote_direct]:[0]
[start_pgdemote_file]:[158865]
[start_pgdemote_anon]:[12370411]
[start_pgpromote_candidate]:[6440402]
[start_pgpromote_candidate_demoted]:[3930102]
[start_pgpromote_candidate_anon]:[6440166]
[start_pgpromote_candidate_file]:[236]
[start_pgpromote_tried]:[0]
[start_pgpromote_file]:[0]
[start_pgpromote_anon]:[0]
[start_pgmigrate_success]:[17141793]
[start_pgmigrate_fail]:[467493]
[start_pgmigrate_fail_dst_node_full]:[0]
[start_pgmigrate_fail_numa_isolate]:[0]
[start_pgmigrate_fail_nomem]:[467431]
[start_pgmigrate_fail_refcount]:[3237]
[start_success_nr]:[6256496]
[start_retry_nr]:[52492]
[start_retreated_page_nr]:[1348]
[start_try_to_promote_nr]:[6257845]
[start_task_num]:[0]
[start_write_protect_break_num]:[1347897]
[start_shadow_link_num]:[6256465]
[start_shadow_demote_num]:[527635]
[start_batch_free_num]:[4318169]
[start_transactional_migration_success_num]:[6256469]
[start_transactional_migration_fail_num]:[3136]
[start_shadow_page_pair]:[45633]
[end_pgdemote_kswapd]:[15767181]
[end_pgdemote_direct]:[0]
[end_pgdemote_file]:[158865]
[end_pgdemote_anon]:[15608316]
[end_pgpromote_candidate]:[9594909]
[end_pgpromote_candidate_demoted]:[7051636]
[end_pgpromote_candidate_anon]:[9594655]
[end_pgpromote_candidate_file]:[254]
[end_pgpromote_tried]:[0]
[end_pgpromote_file]:[0]
[end_pgpromote_anon]:[0]
[end_pgmigrate_success]:[20405298]
[end_pgmigrate_fail]:[757374]
[end_pgmigrate_fail_dst_node_full]:[0]
[end_pgmigrate_fail_numa_isolate]:[0]
[end_pgmigrate_fail_nomem]:[757312]
[end_pgmigrate_fail_refcount]:[3399]
[end_success_nr]:[9410604]
[end_retry_nr]:[68733]
[end_retreated_page_nr]:[1588]
[end_try_to_promote_nr]:[9412193]
[end_task_num]:[0]
[end_write_protect_break_num]:[1528876]
[end_shadow_link_num]:[9410570]
[end_shadow_demote_num]:[556326]
[end_batch_free_num]:[7286679]
[end_transactional_migration_success_num]:[9410575]
[end_transactional_migration_fail_num]:[3298]
[end_shadow_page_pair]:[21524]
[note]:[2]
[milliseconds]:[63822]
[total tick]:[165935951634]
[work type]:[0]
[Bandwidth(MB/s)]:[1836.161512]
---------------------------
-----------start-----------
[start_pgdemote_kswapd]:[15767181]
[start_pgdemote_direct]:[0]
[start_pgdemote_file]:[158865]
[start_pgdemote_anon]:[15608316]
[start_pgpromote_candidate]:[9594919]
[start_pgpromote_candidate_demoted]:[7051646]
[start_pgpromote_candidate_anon]:[9594665]
[start_pgpromote_candidate_file]:[254]
[start_pgpromote_tried]:[0]
[start_pgpromote_file]:[0]
[start_pgpromote_anon]:[0]
[start_pgmigrate_success]:[20405298]
[start_pgmigrate_fail]:[757374]
[start_pgmigrate_fail_dst_node_full]:[0]
[start_pgmigrate_fail_numa_isolate]:[0]
[start_pgmigrate_fail_nomem]:[757312]
[start_pgmigrate_fail_refcount]:[3419]
[start_success_nr]:[9410616]
[start_retry_nr]:[68753]
[start_retreated_page_nr]:[1590]
[start_try_to_promote_nr]:[9412207]
[start_task_num]:[0]
[start_write_protect_break_num]:[1528879]
[start_shadow_link_num]:[9410580]
[start_shadow_demote_num]:[556326]
[start_batch_free_num]:[7286679]
[start_transactional_migration_success_num]:[9410585]
[start_transactional_migration_fail_num]:[3318]
[start_shadow_page_pair]:[21530]
[end_pgdemote_kswapd]:[18555999]
[end_pgdemote_direct]:[0]
[end_pgdemote_file]:[158880]
[end_pgdemote_anon]:[18397119]
[end_pgpromote_candidate]:[12365489]
[end_pgpromote_candidate_demoted]:[9822051]
[end_pgpromote_candidate_anon]:[12365232]
[end_pgpromote_candidate_file]:[257]
[end_pgpromote_tried]:[0]
[end_pgpromote_file]:[0]
[end_pgpromote_anon]:[0]
[end_pgmigrate_success]:[23194116]
[end_pgmigrate_fail]:[1025141]
[end_pgmigrate_fail_dst_node_full]:[0]
[end_pgmigrate_fail_numa_isolate]:[0]
[end_pgmigrate_fail_nomem]:[1025079]
[end_pgmigrate_fail_refcount]:[3602]
[end_success_nr]:[12181085]
[end_retry_nr]:[78292]
[end_retreated_page_nr]:[1688]
[end_try_to_promote_nr]:[12182774]
[end_task_num]:[0]
[end_write_protect_break_num]:[1564708]
[end_shadow_link_num]:[12181048]
[end_shadow_demote_num]:[561789]
[end_batch_free_num]:[10034589]
[end_transactional_migration_success_num]:[12181053]
[end_transactional_migration_fail_num]:[3500]
[end_shadow_page_pair]:[2757]
[note]:[3]
[milliseconds]:[56188]
[total tick]:[146089159606]
[work type]:[0]
[Bandwidth(MB/s)]:[2085.632163]
---------------------------
-----------start-----------
[start_pgdemote_kswapd]:[18556286]
[start_pgdemote_direct]:[0]
[start_pgdemote_file]:[158880]
[start_pgdemote_anon]:[18397406]
[start_pgpromote_candidate]:[12365501]
[start_pgpromote_candidate_demoted]:[9822061]
[start_pgpromote_candidate_anon]:[12365244]
[start_pgpromote_candidate_file]:[257]
[start_pgpromote_tried]:[0]
[start_pgpromote_file]:[0]
[start_pgpromote_anon]:[0]
[start_pgmigrate_success]:[23194403]
[start_pgmigrate_fail]:[1025144]
[start_pgmigrate_fail_dst_node_full]:[0]
[start_pgmigrate_fail_numa_isolate]:[0]
[start_pgmigrate_fail_nomem]:[1025082]
[start_pgmigrate_fail_refcount]:[3652]
[start_success_nr]:[12181091]
[start_retry_nr]:[78342]
[start_retreated_page_nr]:[1693]
[start_try_to_promote_nr]:[12182785]
[start_task_num]:[0]
[start_write_protect_break_num]:[1564709]
[start_shadow_link_num]:[12181053]
[start_shadow_demote_num]:[561789]
[start_batch_free_num]:[10034619]
[start_transactional_migration_success_num]:[12181058]
[start_transactional_migration_fail_num]:[3550]
[start_shadow_page_pair]:[2727]
[end_pgdemote_kswapd]:[20739621]
[end_pgdemote_direct]:[0]
[end_pgdemote_file]:[158880]
[end_pgdemote_anon]:[20580741]
[end_pgpromote_candidate]:[14589803]
[end_pgpromote_candidate_demoted]:[12046171]
[end_pgpromote_candidate_anon]:[14589546]
[end_pgpromote_candidate_file]:[257]
[end_pgpromote_tried]:[0]
[end_pgpromote_file]:[0]
[end_pgpromote_anon]:[0]
[end_pgmigrate_success]:[55357627]
[end_pgmigrate_fail]:[1258840]
[end_pgmigrate_fail_dst_node_full]:[0]
[end_pgmigrate_fail_numa_isolate]:[0]
[end_pgmigrate_fail_nomem]:[1258778]
[end_pgmigrate_fail_refcount]:[3823]
[end_success_nr]:[14405302]
[end_retry_nr]:[85783]
[end_retreated_page_nr]:[1785]
[end_try_to_promote_nr]:[14407088]
[end_task_num]:[0]
[end_write_protect_break_num]:[1810925]
[end_shadow_link_num]:[14405262]
[end_shadow_demote_num]:[561966]
[end_batch_free_num]:[11971178]
[end_transactional_migration_success_num]:[14405267]
[end_transactional_migration_fail_num]:[3721]
[end_shadow_page_pair]:[43929]
[note]:[4]
[milliseconds]:[54383]
[total tick]:[141394507280]
[work type]:[0]
[Bandwidth(MB/s)]:[2154.855378]
---------------------------
