-----------start-----------
[start_pgdemote_kswapd]:[2659675]
[start_pgdemote_direct]:[0]
[start_pgdemote_file]:[141786]
[start_pgdemote_anon]:[2517889]
[start_pgpromote_candidate]:[46]
[start_pgpromote_candidate_demoted]:[46]
[start_pgpromote_candidate_anon]:[46]
[start_pgpromote_candidate_file]:[0]
[start_pgpromote_tried]:[0]
[start_pgpromote_file]:[0]
[start_pgpromote_anon]:[0]
[start_pgmigrate_success]:[2659675]
[start_pgmigrate_fail]:[30]
[start_pgmigrate_fail_dst_node_full]:[0]
[start_pgmigrate_fail_numa_isolate]:[0]
[start_pgmigrate_fail_nomem]:[0]
[start_pgmigrate_fail_refcount]:[50]
[start_success_nr]:[38]
[start_retry_nr]:[50]
[start_retreated_page_nr]:[5]
[start_try_to_promote_nr]:[43]
[start_task_num]:[0]
[start_write_protect_break_num]:[3]
[start_shadow_link_num]:[38]
[start_shadow_demote_num]:[0]
[start_batch_free_num]:[0]
[start_transactional_migration_success_num]:[38]
[start_transactional_migration_fail_num]:[50]
[start_shadow_page_pair]:[17]
[end_pgdemote_kswapd]:[5519491]
[end_pgdemote_direct]:[0]
[end_pgdemote_file]:[161082]
[end_pgdemote_anon]:[5358409]
[end_pgpromote_candidate]:[125245]
[end_pgpromote_candidate_demoted]:[7242]
[end_pgpromote_candidate_anon]:[125178]
[end_pgpromote_candidate_file]:[67]
[end_pgpromote_tried]:[0]
[end_pgpromote_file]:[0]
[end_pgpromote_anon]:[0]
[end_pgmigrate_success]:[7850627]
[end_pgmigrate_fail]:[4740]
[end_pgmigrate_fail_dst_node_full]:[0]
[end_pgmigrate_fail_numa_isolate]:[0]
[end_pgmigrate_fail_nomem]:[4447]
[end_pgmigrate_fail_refcount]:[2569]
[end_success_nr]:[120548]
[end_retry_nr]:[962]
[end_retreated_page_nr]:[76]
[end_try_to_promote_nr]:[120624]
[end_task_num]:[0]
[end_write_protect_break_num]:[37860]
[end_shadow_link_num]:[120533]
[end_shadow_demote_num]:[0]
[end_batch_free_num]:[38143]
[end_transactional_migration_success_num]:[120535]
[end_transactional_migration_fail_num]:[479]
[end_shadow_page_pair]:[44418]
[note]:[0]
[milliseconds]:[19670]
[total tick]:[51143793033]
[work type]:[0]
[Bandwidth(MB/s)]:[5957.676665]
---------------------------
-----------start-----------
[start_pgdemote_kswapd]:[5854683]
[start_pgdemote_direct]:[0]
[start_pgdemote_file]:[161517]
[start_pgdemote_anon]:[5693166]
[start_pgpromote_candidate]:[125470]
[start_pgpromote_candidate_demoted]:[7467]
[start_pgpromote_candidate_anon]:[125239]
[start_pgpromote_candidate_file]:[231]
[start_pgpromote_tried]:[0]
[start_pgpromote_file]:[0]
[start_pgpromote_anon]:[0]
[start_pgmigrate_success]:[8185819]
[start_pgmigrate_fail]:[4768]
[start_pgmigrate_fail_dst_node_full]:[0]
[start_pgmigrate_fail_numa_isolate]:[0]
[start_pgmigrate_fail_nomem]:[4447]
[start_pgmigrate_fail_refcount]:[2629]
[start_success_nr]:[120604]
[start_retry_nr]:[1022]
[start_retreated_page_nr]:[82]
[start_try_to_promote_nr]:[120686]
[start_task_num]:[0]
[start_write_protect_break_num]:[37864]
[start_shadow_link_num]:[120586]
[start_shadow_demote_num]:[2]
[start_batch_free_num]:[38143]
[start_transactional_migration_success_num]:[120588]
[start_transactional_migration_fail_num]:[539]
[start_shadow_page_pair]:[44460]
[end_pgdemote_kswapd]:[10706340]
[end_pgdemote_direct]:[0]
[end_pgdemote_file]:[162208]
[end_pgdemote_anon]:[10544132]
[end_pgpromote_candidate]:[4526840]
[end_pgpromote_candidate_demoted]:[2494107]
[end_pgpromote_candidate_anon]:[4526182]
[end_pgpromote_candidate_file]:[658]
[end_pgpromote_tried]:[0]
[end_pgpromote_file]:[0]
[end_pgpromote_anon]:[0]
[end_pgmigrate_success]:[13365235]
[end_pgmigrate_fail]:[361225]
[end_pgmigrate_fail_dst_node_full]:[0]
[end_pgmigrate_fail_numa_isolate]:[0]
[end_pgmigrate_fail_nomem]:[360883]
[end_pgmigrate_fail_refcount]:[5166]
[end_success_nr]:[4445184]
[end_retry_nr]:[42244]
[end_retreated_page_nr]:[1241]
[end_try_to_promote_nr]:[4446425]
[end_task_num]:[0]
[end_write_protect_break_num]:[580663]
[end_shadow_link_num]:[4445153]
[end_shadow_demote_num]:[101607]
[end_batch_free_num]:[3730333]
[end_transactional_migration_success_num]:[4445157]
[end_transactional_migration_fail_num]:[3065]
[end_shadow_page_pair]:[32290]
[note]:[1]
[milliseconds]:[92685]
[total tick]:[240988066300]
[work type]:[0]
[Bandwidth(MB/s)]:[1264.363166]
---------------------------
-----------start-----------
[start_pgdemote_kswapd]:[10706525]
[start_pgdemote_direct]:[0]
[start_pgdemote_file]:[162208]
[start_pgdemote_anon]:[10544317]
[start_pgpromote_candidate]:[4526863]
[start_pgpromote_candidate_demoted]:[2494127]
[start_pgpromote_candidate_anon]:[4526204]
[start_pgpromote_candidate_file]:[659]
[start_pgpromote_tried]:[0]
[start_pgpromote_file]:[0]
[start_pgpromote_anon]:[0]
[start_pgmigrate_success]:[13365420]
[start_pgmigrate_fail]:[361225]
[start_pgmigrate_fail_dst_node_full]:[0]
[start_pgmigrate_fail_numa_isolate]:[0]
[start_pgmigrate_fail_nomem]:[360883]
[start_pgmigrate_fail_refcount]:[5176]
[start_success_nr]:[4445208]
[start_retry_nr]:[42256]
[start_retreated_page_nr]:[1242]
[start_try_to_promote_nr]:[4446450]
[start_task_num]:[0]
[start_write_protect_break_num]:[580670]
[start_shadow_link_num]:[4445175]
[start_shadow_demote_num]:[101607]
[start_batch_free_num]:[3730333]
[start_transactional_migration_success_num]:[4445181]
[start_transactional_migration_fail_num]:[3075]
[start_shadow_page_pair]:[32295]
[end_pgdemote_kswapd]:[13908348]
[end_pgdemote_direct]:[0]
[end_pgdemote_file]:[162270]
[end_pgdemote_anon]:[13746078]
[end_pgpromote_candidate]:[7604387]
[end_pgpromote_candidate_demoted]:[5429144]
[end_pgpromote_candidate_anon]:[7603654]
[end_pgpromote_candidate_file]:[733]
[end_pgpromote_tried]:[0]
[end_pgpromote_file]:[0]
[end_pgpromote_anon]:[0]
[end_pgmigrate_success]:[16631755]
[end_pgmigrate_fail]:[630656]
[end_pgmigrate_fail_dst_node_full]:[0]
[end_pgmigrate_fail_numa_isolate]:[0]
[end_pgmigrate_fail_nomem]:[630313]
[end_pgmigrate_fail_refcount]:[5863]
[end_success_nr]:[7522140]
[end_retry_nr]:[57295]
[end_retreated_page_nr]:[1625]
[end_try_to_promote_nr]:[7523765]
[end_task_num]:[0]
[end_write_protect_break_num]:[866426]
[end_shadow_link_num]:[7522105]
[end_shadow_demote_num]:[136115]
[end_batch_free_num]:[6490473]
[end_transactional_migration_success_num]:[7522112]
[end_transactional_migration_fail_num]:[3762]
[end_shadow_page_pair]:[28766]
[note]:[2]
[milliseconds]:[71505]
[total tick]:[185918877990]
[work type]:[0]
[Bandwidth(MB/s)]:[1638.871408]
---------------------------
-----------start-----------
[start_pgdemote_kswapd]:[13908477]
[start_pgdemote_direct]:[0]
[start_pgdemote_file]:[162270]
[start_pgdemote_anon]:[13746207]
[start_pgpromote_candidate]:[7604402]
[start_pgpromote_candidate_demoted]:[5429158]
[start_pgpromote_candidate_anon]:[7603669]
[start_pgpromote_candidate_file]:[733]
[start_pgpromote_tried]:[0]
[start_pgpromote_file]:[0]
[start_pgpromote_anon]:[0]
[start_pgmigrate_success]:[16631884]
[start_pgmigrate_fail]:[630656]
[start_pgmigrate_fail_dst_node_full]:[0]
[start_pgmigrate_fail_numa_isolate]:[0]
[start_pgmigrate_fail_nomem]:[630313]
[start_pgmigrate_fail_refcount]:[5883]
[start_success_nr]:[7522156]
[start_retry_nr]:[57315]
[start_retreated_page_nr]:[1627]
[start_try_to_promote_nr]:[7523783]
[start_task_num]:[0]
[start_write_protect_break_num]:[866431]
[start_shadow_link_num]:[7522118]
[start_shadow_demote_num]:[136115]
[start_batch_free_num]:[6490473]
[start_transactional_migration_success_num]:[7522125]
[start_transactional_migration_fail_num]:[3782]
[start_shadow_page_pair]:[28773]
[end_pgdemote_kswapd]:[16628509]
[end_pgdemote_direct]:[0]
[end_pgdemote_file]:[162280]
[end_pgdemote_anon]:[16466229]
[end_pgpromote_candidate]:[10300171]
[end_pgpromote_candidate_demoted]:[8124713]
[end_pgpromote_candidate_anon]:[10299437]
[end_pgpromote_candidate_file]:[734]
[end_pgpromote_tried]:[0]
[end_pgpromote_file]:[0]
[end_pgpromote_anon]:[0]
[end_pgmigrate_success]:[19352428]
[end_pgmigrate_fail]:[889873]
[end_pgmigrate_fail_dst_node_full]:[0]
[end_pgmigrate_fail_numa_isolate]:[0]
[end_pgmigrate_fail_nomem]:[889530]
[end_pgmigrate_fail_refcount]:[6125]
[end_success_nr]:[10217839]
[end_retry_nr]:[67619]
[end_retreated_page_nr]:[1707]
[end_try_to_promote_nr]:[10219546]
[end_task_num]:[0]
[end_write_protect_break_num]:[916682]
[end_shadow_link_num]:[10217801]
[end_shadow_demote_num]:[144509]
[end_batch_free_num]:[9151083]
[end_transactional_migration_success_num]:[10217808]
[end_transactional_migration_fail_num]:[4024]
[end_shadow_page_pair]:[5168]
[note]:[3]
[milliseconds]:[66763]
[total tick]:[173589278862]
[work type]:[0]
[Bandwidth(MB/s)]:[1755.276126]
---------------------------
-----------start-----------
[start_pgdemote_kswapd]:[16628631]
[start_pgdemote_direct]:[0]
[start_pgdemote_file]:[162280]
[start_pgdemote_anon]:[16466351]
[start_pgpromote_candidate]:[10300191]
[start_pgpromote_candidate_demoted]:[8124731]
[start_pgpromote_candidate_anon]:[10299457]
[start_pgpromote_candidate_file]:[734]
[start_pgpromote_tried]:[0]
[start_pgpromote_file]:[0]
[start_pgpromote_anon]:[0]
[start_pgmigrate_success]:[19352550]
[start_pgmigrate_fail]:[889910]
[start_pgmigrate_fail_dst_node_full]:[0]
[start_pgmigrate_fail_numa_isolate]:[0]
[start_pgmigrate_fail_nomem]:[889567]
[start_pgmigrate_fail_refcount]:[6145]
[start_success_nr]:[10217855]
[start_retry_nr]:[67641]
[start_retreated_page_nr]:[1709]
[start_try_to_promote_nr]:[10219564]
[start_task_num]:[0]
[start_write_protect_break_num]:[916683]
[start_shadow_link_num]:[10217815]
[start_shadow_demote_num]:[144509]
[start_batch_free_num]:[9151453]
[start_transactional_migration_success_num]:[10217824]
[start_transactional_migration_fail_num]:[4044]
[start_shadow_page_pair]:[4805]
[end_pgdemote_kswapd]:[18735259]
[end_pgdemote_direct]:[0]
[end_pgdemote_file]:[162339]
[end_pgdemote_anon]:[18572920]
[end_pgpromote_candidate]:[12600595]
[end_pgpromote_candidate_demoted]:[10425066]
[end_pgpromote_candidate_anon]:[12599849]
[end_pgpromote_candidate_file]:[746]
[end_pgpromote_tried]:[0]
[end_pgpromote_file]:[0]
[end_pgpromote_anon]:[0]
[end_pgmigrate_success]:[21459178]
[end_pgmigrate_fail]:[1088853]
[end_pgmigrate_fail_dst_node_full]:[0]
[end_pgmigrate_fail_numa_isolate]:[0]
[end_pgmigrate_fail_nomem]:[1088510]
[end_pgmigrate_fail_refcount]:[6775]
[end_success_nr]:[12518115]
[end_retry_nr]:[77287]
[end_retreated_page_nr]:[1840]
[end_try_to_promote_nr]:[12519955]
[end_task_num]:[0]
[end_write_protect_break_num]:[1095321]
[end_shadow_link_num]:[12518074]
[end_shadow_demote_num]:[145247]
[end_batch_free_num]:[11078927]
[end_transactional_migration_success_num]:[12518083]
[end_transactional_migration_fail_num]:[4674]
[end_shadow_page_pair]:[198172]
[note]:[4]
[milliseconds]:[54601]
[total tick]:[141966726578]
[work type]:[0]
[Bandwidth(MB/s)]:[2146.251900]
---------------------------
