-----------start-----------
[start_pgdemote_kswapd]:[3169048]
[start_pgdemote_direct]:[0]
[start_pgdemote_file]:[15459]
[start_pgdemote_anon]:[3153589]
[start_pgpromote_candidate]:[59]
[start_pgpromote_candidate_demoted]:[58]
[start_pgpromote_candidate_anon]:[59]
[start_pgpromote_candidate_file]:[0]
[start_pgpromote_tried]:[0]
[start_pgpromote_file]:[0]
[start_pgpromote_anon]:[0]
[start_pgmigrate_success]:[3169048]
[start_pgmigrate_fail]:[11]
[start_pgmigrate_fail_dst_node_full]:[0]
[start_pgmigrate_fail_numa_isolate]:[0]
[start_pgmigrate_fail_nomem]:[0]
[start_pgmigrate_fail_refcount]:[40]
[start_success_nr]:[51]
[start_retry_nr]:[41]
[start_retreated_page_nr]:[4]
[start_try_to_promote_nr]:[55]
[start_task_num]:[0]
[start_write_protect_break_num]:[16]
[start_shadow_link_num]:[51]
[start_shadow_demote_num]:[0]
[start_batch_free_num]:[0]
[start_transactional_migration_success_num]:[52]
[start_transactional_migration_fail_num]:[40]
[start_shadow_page_pair]:[15]
[end_pgdemote_kswapd]:[11610951]
[end_pgdemote_direct]:[0]
[end_pgdemote_file]:[147883]
[end_pgdemote_anon]:[11463068]
[end_pgpromote_candidate]:[6567653]
[end_pgpromote_candidate_demoted]:[3809998]
[end_pgpromote_candidate_anon]:[6567603]
[end_pgpromote_candidate_file]:[50]
[end_pgpromote_tried]:[0]
[end_pgpromote_file]:[0]
[end_pgpromote_anon]:[0]
[end_pgmigrate_success]:[13113159]
[end_pgmigrate_fail]:[453769]
[end_pgmigrate_fail_dst_node_full]:[7168]
[end_pgmigrate_fail_numa_isolate]:[7168]
[end_pgmigrate_fail_nomem]:[446511]
[end_pgmigrate_fail_refcount]:[2462]
[end_success_nr]:[6049481]
[end_retry_nr]:[32889]
[end_retreated_page_nr]:[421]
[end_try_to_promote_nr]:[6049920]
[end_task_num]:[0]
[end_write_protect_break_num]:[3268]
[end_shadow_link_num]:[6049423]
[end_shadow_demote_num]:[1]
[end_batch_free_num]:[6046028]
[end_transactional_migration_success_num]:[6049425]
[end_transactional_migration_fail_num]:[2307]
[end_shadow_page_pair]:[0]
[note]:[0]
[milliseconds]:[101677]
[total tick]:[264357826601]
[work type]:[0]
[Bandwidth(MB/s)]:[1536.729054]
---------------------------
-----------start-----------
[start_pgdemote_kswapd]:[11610951]
[start_pgdemote_direct]:[0]
[start_pgdemote_file]:[147883]
[start_pgdemote_anon]:[11463068]
[start_pgpromote_candidate]:[6567747]
[start_pgpromote_candidate_demoted]:[3810089]
[start_pgpromote_candidate_anon]:[6567695]
[start_pgpromote_candidate_file]:[52]
[start_pgpromote_tried]:[0]
[start_pgpromote_file]:[0]
[start_pgpromote_anon]:[0]
[start_pgmigrate_success]:[13113159]
[start_pgmigrate_fail]:[455296]
[start_pgmigrate_fail_dst_node_full]:[7168]
[start_pgmigrate_fail_numa_isolate]:[7168]
[start_pgmigrate_fail_nomem]:[448038]
[start_pgmigrate_fail_refcount]:[2512]
[start_success_nr]:[6049563]
[start_retry_nr]:[32939]
[start_retreated_page_nr]:[426]
[start_try_to_promote_nr]:[6050007]
[start_task_num]:[0]
[start_write_protect_break_num]:[3269]
[start_shadow_link_num]:[6049495]
[start_shadow_demote_num]:[1]
[start_batch_free_num]:[6046070]
[start_transactional_migration_success_num]:[6049497]
[start_transactional_migration_fail_num]:[2357]
[start_shadow_page_pair]:[13]
[end_pgdemote_kswapd]:[21611831]
[end_pgdemote_direct]:[0]
[end_pgdemote_file]:[149816]
[end_pgdemote_anon]:[21462015]
[end_pgpromote_candidate]:[16999455]
[end_pgpromote_candidate_demoted]:[13240752]
[end_pgpromote_candidate_anon]:[16999224]
[end_pgpromote_candidate_file]:[231]
[end_pgpromote_tried]:[0]
[end_pgpromote_file]:[0]
[end_pgpromote_anon]:[0]
[end_pgmigrate_success]:[23119159]
[end_pgmigrate_fail]:[1512139]
[end_pgmigrate_fail_dst_node_full]:[7168]
[end_pgmigrate_fail_numa_isolate]:[7168]
[end_pgmigrate_fail_nomem]:[1504866]
[end_pgmigrate_fail_refcount]:[5806]
[end_success_nr]:[16126207]
[end_retry_nr]:[127816]
[end_retreated_page_nr]:[1413]
[end_try_to_promote_nr]:[16127639]
[end_task_num]:[0]
[end_write_protect_break_num]:[69561]
[end_shadow_link_num]:[16126107]
[end_shadow_demote_num]:[30092]
[end_batch_free_num]:[15944075]
[end_transactional_migration_success_num]:[16126111]
[end_transactional_migration_fail_num]:[5620]
[end_shadow_page_pair]:[82152]
[note]:[1]
[milliseconds]:[142115]
[total tick]:[369499464526]
[work type]:[0]
[Bandwidth(MB/s)]:[1099.461704]
---------------------------
-----------start-----------
[start_pgdemote_kswapd]:[21772145]
[start_pgdemote_direct]:[0]
[start_pgdemote_file]:[149935]
[start_pgdemote_anon]:[21622210]
[start_pgpromote_candidate]:[16999599]
[start_pgpromote_candidate_demoted]:[13240896]
[start_pgpromote_candidate_anon]:[16999319]
[start_pgpromote_candidate_file]:[280]
[start_pgpromote_tried]:[0]
[start_pgpromote_file]:[0]
[start_pgpromote_anon]:[0]
[start_pgmigrate_success]:[23279473]
[start_pgmigrate_fail]:[1520587]
[start_pgmigrate_fail_dst_node_full]:[7168]
[start_pgmigrate_fail_numa_isolate]:[7168]
[start_pgmigrate_fail_nomem]:[1513314]
[start_pgmigrate_fail_refcount]:[5888]
[start_success_nr]:[16126293]
[start_retry_nr]:[127899]
[start_retreated_page_nr]:[1421]
[start_try_to_promote_nr]:[16127734]
[start_task_num]:[0]
[start_write_protect_break_num]:[69577]
[start_shadow_link_num]:[16126182]
[start_shadow_demote_num]:[32458]
[start_batch_free_num]:[16023877]
[start_transactional_migration_success_num]:[16126187]
[start_transactional_migration_fail_num]:[5662]
[start_shadow_page_pair]:[28]
[end_pgdemote_kswapd]:[32449857]
[end_pgdemote_direct]:[0]
[end_pgdemote_file]:[150428]
[end_pgdemote_anon]:[32299429]
[end_pgpromote_candidate]:[27904476]
[end_pgpromote_candidate_demoted]:[23895140]
[end_pgpromote_candidate_anon]:[27904143]
[end_pgpromote_candidate_file]:[333]
[end_pgpromote_tried]:[0]
[end_pgpromote_file]:[0]
[end_pgpromote_anon]:[0]
[end_pgmigrate_success]:[33957185]
[end_pgmigrate_fail]:[2491591]
[end_pgmigrate_fail_dst_node_full]:[7168]
[end_pgmigrate_fail_numa_isolate]:[7168]
[end_pgmigrate_fail_nomem]:[2484304]
[end_pgmigrate_fail_refcount]:[8926]
[end_success_nr]:[26889263]
[end_retry_nr]:[211674]
[end_retreated_page_nr]:[2728]
[end_try_to_promote_nr]:[26892011]
[end_task_num]:[0]
[end_write_protect_break_num]:[382314]
[end_shadow_link_num]:[26889142]
[end_shadow_demote_num]:[432511]
[end_batch_free_num]:[25981197]
[end_transactional_migration_success_num]:[26889147]
[end_transactional_migration_fail_num]:[8678]
[end_shadow_page_pair]:[92291]
[note]:[2]
[milliseconds]:[150578]
[total tick]:[391503491472]
[work type]:[0]
[Bandwidth(MB/s)]:[1037.668185]
---------------------------
-----------start-----------
[start_pgdemote_kswapd]:[32542142]
[start_pgdemote_direct]:[0]
[start_pgdemote_file]:[150445]
[start_pgdemote_anon]:[32391697]
[start_pgpromote_candidate]:[27904535]
[start_pgpromote_candidate_demoted]:[23895199]
[start_pgpromote_candidate_anon]:[27904201]
[start_pgpromote_candidate_file]:[334]
[start_pgpromote_tried]:[0]
[start_pgpromote_file]:[0]
[start_pgpromote_anon]:[0]
[start_pgmigrate_success]:[34049470]
[start_pgmigrate_fail]:[2504117]
[start_pgmigrate_fail_dst_node_full]:[7168]
[start_pgmigrate_fail_numa_isolate]:[7168]
[start_pgmigrate_fail_nomem]:[2496829]
[start_pgmigrate_fail_refcount]:[9006]
[start_success_nr]:[26889313]
[start_retry_nr]:[211754]
[start_retreated_page_nr]:[2736]
[start_try_to_promote_nr]:[26892069]
[start_task_num]:[0]
[start_write_protect_break_num]:[382315]
[start_shadow_link_num]:[26889184]
[start_shadow_demote_num]:[435515]
[start_batch_free_num]:[26070512]
[start_transactional_migration_success_num]:[26889189]
[start_transactional_migration_fail_num]:[8758]
[start_shadow_page_pair]:[5]
[end_pgdemote_kswapd]:[43004166]
[end_pgdemote_direct]:[0]
[end_pgdemote_file]:[150552]
[end_pgdemote_anon]:[42853614]
[end_pgpromote_candidate]:[38751339]
[end_pgpromote_candidate_demoted]:[34571457]
[end_pgpromote_candidate_anon]:[38750963]
[end_pgpromote_candidate_file]:[376]
[end_pgpromote_tried]:[0]
[end_pgpromote_file]:[0]
[end_pgpromote_anon]:[0]
[end_pgmigrate_success]:[44511494]
[end_pgmigrate_fail]:[3443513]
[end_pgmigrate_fail_dst_node_full]:[7168]
[end_pgmigrate_fail_numa_isolate]:[7168]
[end_pgmigrate_fail_nomem]:[3436225]
[end_pgmigrate_fail_refcount]:[11721]
[end_success_nr]:[37555124]
[end_retry_nr]:[297205]
[end_retreated_page_nr]:[3933]
[end_try_to_promote_nr]:[37559077]
[end_task_num]:[0]
[end_write_protect_break_num]:[765475]
[end_shadow_link_num]:[37554991]
[end_shadow_demote_num]:[880637]
[end_batch_free_num]:[35691756]
[end_transactional_migration_success_num]:[37554998]
[end_transactional_migration_fail_num]:[11460]
[end_shadow_page_pair]:[215321]
[note]:[3]
[milliseconds]:[150029]
[total tick]:[390070760166]
[work type]:[0]
[Bandwidth(MB/s)]:[1041.465317]
---------------------------
-----------start-----------
[start_pgdemote_kswapd]:[43219509]
[start_pgdemote_direct]:[0]
[start_pgdemote_file]:[150552]
[start_pgdemote_anon]:[43068957]
[start_pgpromote_candidate]:[38751403]
[start_pgpromote_candidate_demoted]:[34571519]
[start_pgpromote_candidate_anon]:[38751027]
[start_pgpromote_candidate_file]:[376]
[start_pgpromote_tried]:[0]
[start_pgpromote_file]:[0]
[start_pgpromote_anon]:[0]
[start_pgmigrate_success]:[44726837]
[start_pgmigrate_fail]:[3465238]
[start_pgmigrate_fail_dst_node_full]:[7168]
[start_pgmigrate_fail_numa_isolate]:[7168]
[start_pgmigrate_fail_nomem]:[3457950]
[start_pgmigrate_fail_refcount]:[11781]
[start_success_nr]:[37555176]
[start_retry_nr]:[297265]
[start_retreated_page_nr]:[3939]
[start_try_to_promote_nr]:[37559135]
[start_task_num]:[0]
[start_write_protect_break_num]:[765483]
[start_shadow_link_num]:[37555037]
[start_shadow_demote_num]:[886336]
[start_batch_free_num]:[35901399]
[start_transactional_migration_success_num]:[37555044]
[start_transactional_migration_fail_num]:[11500]
[start_shadow_page_pair]:[11]
[end_pgdemote_kswapd]:[53863578]
[end_pgdemote_direct]:[0]
[end_pgdemote_file]:[150559]
[end_pgdemote_anon]:[53713019]
[end_pgpromote_candidate]:[49669515]
[end_pgpromote_candidate_demoted]:[45352639]
[end_pgpromote_candidate_anon]:[49669132]
[end_pgpromote_candidate_file]:[383]
[end_pgpromote_tried]:[0]
[end_pgpromote_file]:[0]
[end_pgpromote_anon]:[0]
[end_pgmigrate_success]:[55370906]
[end_pgmigrate_fail]:[4402522]
[end_pgmigrate_fail_dst_node_full]:[7168]
[end_pgmigrate_fail_numa_isolate]:[7168]
[end_pgmigrate_fail_nomem]:[4395234]
[end_pgmigrate_fail_refcount]:[13838]
[end_success_nr]:[48322337]
[end_retry_nr]:[382292]
[end_retreated_page_nr]:[5037]
[end_try_to_promote_nr]:[48327396]
[end_task_num]:[0]
[end_write_protect_break_num]:[1244779]
[end_shadow_link_num]:[48322193]
[end_shadow_demote_num]:[1432465]
[end_batch_free_num]:[45504759]
[end_transactional_migration_success_num]:[48322200]
[end_transactional_migration_fail_num]:[13557]
[end_shadow_page_pair]:[137193]
[note]:[4]
[milliseconds]:[153780]
[total tick]:[399826309048]
[work type]:[0]
[Bandwidth(MB/s)]:[1016.061907]
---------------------------
