-----------start-----------
[start_pgdemote_kswapd]:[3325824]
[start_pgdemote_direct]:[0]
[start_pgdemote_file]:[11806]
[start_pgdemote_anon]:[3314018]
[start_pgpromote_candidate]:[53]
[start_pgpromote_candidate_demoted]:[53]
[start_pgpromote_candidate_anon]:[53]
[start_pgpromote_candidate_file]:[0]
[start_pgpromote_tried]:[0]
[start_pgpromote_file]:[0]
[start_pgpromote_anon]:[0]
[start_pgmigrate_success]:[3325824]
[start_pgmigrate_fail]:[5]
[start_pgmigrate_fail_dst_node_full]:[0]
[start_pgmigrate_fail_numa_isolate]:[0]
[start_pgmigrate_fail_nomem]:[0]
[start_pgmigrate_fail_refcount]:[60]
[start_success_nr]:[39]
[start_retry_nr]:[60]
[start_retreated_page_nr]:[6]
[start_try_to_promote_nr]:[45]
[start_task_num]:[0]
[start_write_protect_break_num]:[17]
[start_shadow_link_num]:[39]
[start_shadow_demote_num]:[0]
[start_batch_free_num]:[0]
[start_transactional_migration_success_num]:[39]
[start_transactional_migration_fail_num]:[60]
[start_shadow_page_pair]:[16]
[end_pgdemote_kswapd]:[12647686]
[end_pgdemote_direct]:[0]
[end_pgdemote_file]:[26510]
[end_pgdemote_anon]:[12621176]
[end_pgpromote_candidate]:[7239772]
[end_pgpromote_candidate_demoted]:[4324152]
[end_pgpromote_candidate_anon]:[7239479]
[end_pgpromote_candidate_file]:[293]
[end_pgpromote_tried]:[0]
[end_pgpromote_file]:[0]
[end_pgpromote_anon]:[0]
[end_pgmigrate_success]:[14124790]
[end_pgmigrate_fail]:[703486]
[end_pgmigrate_fail_dst_node_full]:[0]
[end_pgmigrate_fail_numa_isolate]:[0]
[end_pgmigrate_fail_nomem]:[696298]
[end_pgmigrate_fail_refcount]:[75197]
[end_success_nr]:[7092958]
[end_retry_nr]:[77922]
[end_retreated_page_nr]:[1001]
[end_try_to_promote_nr]:[7093959]
[end_task_num]:[0]
[end_write_protect_break_num]:[100211]
[end_shadow_link_num]:[7092902]
[end_shadow_demote_num]:[105857]
[end_batch_free_num]:[6879533]
[end_transactional_migration_success_num]:[7092903]
[end_transactional_migration_fail_num]:[3486]
[end_shadow_page_pair]:[7160]
[note]:[0]
[milliseconds]:[118387]
[total tick]:[307775560023]
[work type]:[0]
[Bandwidth(MB/s)]:[1319.823967]
---------------------------
-----------start-----------
[start_pgdemote_kswapd]:[12654588]
[start_pgdemote_direct]:[0]
[start_pgdemote_file]:[26516]
[start_pgdemote_anon]:[12628072]
[start_pgpromote_candidate]:[7240006]
[start_pgpromote_candidate_demoted]:[4324373]
[start_pgpromote_candidate_anon]:[7239619]
[start_pgpromote_candidate_file]:[387]
[start_pgpromote_tried]:[0]
[start_pgpromote_file]:[0]
[start_pgpromote_anon]:[0]
[start_pgmigrate_success]:[14131692]
[start_pgmigrate_fail]:[709207]
[start_pgmigrate_fail_dst_node_full]:[0]
[start_pgmigrate_fail_numa_isolate]:[0]
[start_pgmigrate_fail_nomem]:[702019]
[start_pgmigrate_fail_refcount]:[75271]
[start_success_nr]:[7093091]
[start_retry_nr]:[77997]
[start_retreated_page_nr]:[1008]
[start_try_to_promote_nr]:[7094099]
[start_task_num]:[0]
[start_write_protect_break_num]:[100230]
[start_shadow_link_num]:[7093011]
[start_shadow_demote_num]:[105857]
[start_batch_free_num]:[6886715]
[start_transactional_migration_success_num]:[7093013]
[start_transactional_migration_fail_num]:[3520]
[start_shadow_page_pair]:[50]
[end_pgdemote_kswapd]:[23104458]
[end_pgdemote_direct]:[0]
[end_pgdemote_file]:[26673]
[end_pgdemote_anon]:[23077785]
[end_pgpromote_candidate]:[17836147]
[end_pgpromote_candidate_demoted]:[14585624]
[end_pgpromote_candidate_anon]:[17835706]
[end_pgpromote_candidate_file]:[441]
[end_pgpromote_tried]:[0]
[end_pgpromote_file]:[0]
[end_pgpromote_anon]:[0]
[end_pgmigrate_success]:[24582074]
[end_pgmigrate_fail]:[1902562]
[end_pgmigrate_fail_dst_node_full]:[0]
[end_pgmigrate_fail_numa_isolate]:[0]
[end_pgmigrate_fail_nomem]:[1895372]
[end_pgmigrate_fail_refcount]:[79468]
[end_success_nr]:[17557969]
[end_retry_nr]:[165715]
[end_retreated_page_nr]:[2136]
[end_try_to_promote_nr]:[17560105]
[end_task_num]:[0]
[end_write_protect_break_num]:[163383]
[end_shadow_link_num]:[17557840]
[end_shadow_demote_num]:[160057]
[end_batch_free_num]:[17213593]
[end_transactional_migration_success_num]:[17557854]
[end_transactional_migration_fail_num]:[7693]
[end_shadow_page_pair]:[20468]
[note]:[1]
[milliseconds]:[161424]
[total tick]:[419711365679]
[work type]:[0]
[Bandwidth(MB/s)]:[967.947765]
---------------------------
-----------start-----------
[start_pgdemote_kswapd]:[23202849]
[start_pgdemote_direct]:[0]
[start_pgdemote_file]:[26677]
[start_pgdemote_anon]:[23176172]
[start_pgpromote_candidate]:[17836271]
[start_pgpromote_candidate_demoted]:[14585748]
[start_pgpromote_candidate_anon]:[17835830]
[start_pgpromote_candidate_file]:[441]
[start_pgpromote_tried]:[0]
[start_pgpromote_file]:[0]
[start_pgpromote_anon]:[0]
[start_pgmigrate_success]:[24680465]
[start_pgmigrate_fail]:[1907840]
[start_pgmigrate_fail_dst_node_full]:[0]
[start_pgmigrate_fail_numa_isolate]:[0]
[start_pgmigrate_fail_nomem]:[1900650]
[start_pgmigrate_fail_refcount]:[79561]
[start_success_nr]:[17558085]
[start_retry_nr]:[165808]
[start_retreated_page_nr]:[2145]
[start_try_to_promote_nr]:[17560230]
[start_task_num]:[0]
[start_write_protect_break_num]:[163398]
[start_shadow_link_num]:[17557937]
[start_shadow_demote_num]:[160156]
[start_batch_free_num]:[17233982]
[start_transactional_migration_success_num]:[17557951]
[start_transactional_migration_fail_num]:[7766]
[start_shadow_page_pair]:[43]
[end_pgdemote_kswapd]:[33642056]
[end_pgdemote_direct]:[0]
[end_pgdemote_file]:[26881]
[end_pgdemote_anon]:[33615175]
[end_pgpromote_candidate]:[28686968]
[end_pgpromote_candidate_demoted]:[25292106]
[end_pgpromote_candidate_anon]:[28686448]
[end_pgpromote_candidate_file]:[520]
[end_pgpromote_tried]:[0]
[end_pgpromote_file]:[0]
[end_pgpromote_anon]:[0]
[end_pgmigrate_success]:[35120184]
[end_pgmigrate_fail]:[2859940]
[end_pgmigrate_fail_dst_node_full]:[0]
[end_pgmigrate_fail_numa_isolate]:[0]
[end_pgmigrate_fail_nomem]:[2852735]
[end_pgmigrate_fail_refcount]:[83162]
[end_success_nr]:[28209619]
[end_retry_nr]:[258836]
[end_retreated_page_nr]:[3332]
[end_try_to_promote_nr]:[28212953]
[end_task_num]:[0]
[end_write_protect_break_num]:[467350]
[end_shadow_link_num]:[28209413]
[end_shadow_demote_num]:[518988]
[end_batch_free_num]:[26998032]
[end_transactional_migration_success_num]:[28209428]
[end_transactional_migration_fail_num]:[11322]
[end_shadow_page_pair]:[223818]
[note]:[2]
[milliseconds]:[151621]
[total tick]:[394217294856]
[work type]:[0]
[Bandwidth(MB/s)]:[1030.530072]
---------------------------
-----------start-----------
[start_pgdemote_kswapd]:[33865989]
[start_pgdemote_direct]:[0]
[start_pgdemote_file]:[26881]
[start_pgdemote_anon]:[33839108]
[start_pgpromote_candidate]:[28687036]
[start_pgpromote_candidate_demoted]:[25292174]
[start_pgpromote_candidate_anon]:[28686515]
[start_pgpromote_candidate_file]:[521]
[start_pgpromote_tried]:[0]
[start_pgpromote_file]:[0]
[start_pgpromote_anon]:[0]
[start_pgmigrate_success]:[35344117]
[start_pgmigrate_fail]:[2882687]
[start_pgmigrate_fail_dst_node_full]:[0]
[start_pgmigrate_fail_numa_isolate]:[0]
[start_pgmigrate_fail_nomem]:[2875482]
[start_pgmigrate_fail_refcount]:[83262]
[start_success_nr]:[28209673]
[start_retry_nr]:[258936]
[start_retreated_page_nr]:[3342]
[start_try_to_promote_nr]:[28213017]
[start_task_num]:[0]
[start_write_protect_break_num]:[467354]
[start_shadow_link_num]:[28209460]
[start_shadow_demote_num]:[529584]
[start_batch_free_num]:[27211275]
[start_transactional_migration_success_num]:[28209475]
[start_transactional_migration_fail_num]:[11392]
[start_shadow_page_pair]:[14]
[end_pgdemote_kswapd]:[44227036]
[end_pgdemote_direct]:[0]
[end_pgdemote_file]:[26914]
[end_pgdemote_anon]:[44200122]
[end_pgpromote_candidate]:[39284782]
[end_pgpromote_candidate_demoted]:[35678949]
[end_pgpromote_candidate_anon]:[39284253]
[end_pgpromote_candidate_file]:[529]
[end_pgpromote_tried]:[0]
[end_pgpromote_file]:[0]
[end_pgpromote_anon]:[0]
[end_pgmigrate_success]:[45705164]
[end_pgmigrate_fail]:[3757698]
[end_pgmigrate_fail_dst_node_full]:[0]
[end_pgmigrate_fail_numa_isolate]:[0]
[end_pgmigrate_fail_nomem]:[3750493]
[end_pgmigrate_fail_refcount]:[85593]
[end_success_nr]:[38631348]
[end_retry_nr]:[349581]
[end_retreated_page_nr]:[4697]
[end_try_to_promote_nr]:[38636047]
[end_task_num]:[0]
[end_write_protect_break_num]:[1093130]
[end_shadow_link_num]:[38631113]
[end_shadow_demote_num]:[1292861]
[end_batch_free_num]:[36167665]
[end_transactional_migration_success_num]:[38631129]
[end_transactional_migration_fail_num]:[13706]
[end_shadow_page_pair]:[74311]
[note]:[3]
[milliseconds]:[151395]
[total tick]:[393628953893]
[work type]:[0]
[Bandwidth(MB/s)]:[1032.068430]
---------------------------
-----------start-----------
[start_pgdemote_kswapd]:[44301692]
[start_pgdemote_direct]:[0]
[start_pgdemote_file]:[26914]
[start_pgdemote_anon]:[44274778]
[start_pgpromote_candidate]:[39284856]
[start_pgpromote_candidate_demoted]:[35679022]
[start_pgpromote_candidate_anon]:[39284327]
[start_pgpromote_candidate_file]:[529]
[start_pgpromote_tried]:[0]
[start_pgpromote_file]:[0]
[start_pgpromote_anon]:[0]
[start_pgmigrate_success]:[45779820]
[start_pgmigrate_fail]:[3765690]
[start_pgmigrate_fail_dst_node_full]:[0]
[start_pgmigrate_fail_numa_isolate]:[0]
[start_pgmigrate_fail_nomem]:[3758485]
[start_pgmigrate_fail_refcount]:[85643]
[start_success_nr]:[38631414]
[start_retry_nr]:[349631]
[start_retreated_page_nr]:[4702]
[start_try_to_promote_nr]:[38636118]
[start_task_num]:[0]
[start_write_protect_break_num]:[1093139]
[start_shadow_link_num]:[38631168]
[start_shadow_demote_num]:[1293725]
[start_batch_free_num]:[36241134]
[start_transactional_migration_success_num]:[38631184]
[start_transactional_migration_fail_num]:[13756]
[start_shadow_page_pair]:[20]
[end_pgdemote_kswapd]:[54226825]
[end_pgdemote_direct]:[0]
[end_pgdemote_file]:[28572]
[end_pgdemote_anon]:[54198253]
[end_pgpromote_candidate]:[50006613]
[end_pgpromote_candidate_demoted]:[46061317]
[end_pgpromote_candidate_anon]:[50005948]
[end_pgpromote_candidate_file]:[665]
[end_pgpromote_tried]:[0]
[end_pgpromote_file]:[0]
[end_pgpromote_anon]:[0]
[end_pgmigrate_success]:[55705977]
[end_pgmigrate_fail]:[4588619]
[end_pgmigrate_fail_dst_node_full]:[0]
[end_pgmigrate_fail_numa_isolate]:[0]
[end_pgmigrate_fail_nomem]:[4581393]
[end_pgmigrate_fail_refcount]:[87548]
[end_success_nr]:[48849246]
[end_retry_nr]:[424330]
[end_retreated_page_nr]:[5712]
[end_try_to_promote_nr]:[48854961]
[end_task_num]:[0]
[end_write_protect_break_num]:[1563578]
[end_shadow_link_num]:[48848972]
[end_shadow_demote_num]:[1750860]
[end_batch_free_num]:[45212550]
[end_transactional_migration_success_num]:[48848989]
[end_transactional_migration_fail_num]:[15651]
[end_shadow_page_pair]:[317111]
[note]:[4]
[milliseconds]:[147679]
[total tick]:[383959965834]
[work type]:[0]
[Bandwidth(MB/s)]:[1058.038042]
---------------------------
