-----------start-----------
[start_pgdemote_kswapd]:[2813582]
[start_pgdemote_direct]:[0]
[start_pgdemote_file]:[11862]
[start_pgdemote_anon]:[2801720]
[start_pgpromote_candidate]:[53]
[start_pgpromote_candidate_demoted]:[53]
[start_pgpromote_candidate_anon]:[53]
[start_pgpromote_candidate_file]:[0]
[start_pgpromote_tried]:[0]
[start_pgpromote_file]:[0]
[start_pgpromote_anon]:[0]
[start_pgmigrate_success]:[2813582]
[start_pgmigrate_fail]:[0]
[start_pgmigrate_fail_dst_node_full]:[0]
[start_pgmigrate_fail_numa_isolate]:[0]
[start_pgmigrate_fail_nomem]:[0]
[start_pgmigrate_fail_refcount]:[0]
[start_success_nr]:[49]
[start_retry_nr]:[2]
[start_retreated_page_nr]:[0]
[start_try_to_promote_nr]:[49]
[start_task_num]:[0]
[start_write_protect_break_num]:[23]
[start_shadow_link_num]:[49]
[start_shadow_demote_num]:[0]
[start_batch_free_num]:[0]
[start_transactional_migration_success_num]:[51]
[start_transactional_migration_fail_num]:[0]
[start_shadow_page_pair]:[14]
[end_pgdemote_kswapd]:[10588111]
[end_pgdemote_direct]:[0]
[end_pgdemote_file]:[92560]
[end_pgdemote_anon]:[10495551]
[end_pgpromote_candidate]:[6085447]
[end_pgpromote_candidate_demoted]:[3465971]
[end_pgpromote_candidate_anon]:[6085383]
[end_pgpromote_candidate_file]:[64]
[end_pgpromote_tried]:[0]
[end_pgpromote_file]:[0]
[end_pgpromote_anon]:[0]
[end_pgmigrate_success]:[11887055]
[end_pgmigrate_fail]:[456273]
[end_pgmigrate_fail_dst_node_full]:[0]
[end_pgmigrate_fail_numa_isolate]:[0]
[end_pgmigrate_fail_nomem]:[455424]
[end_pgmigrate_fail_refcount]:[8568]
[end_success_nr]:[5630838]
[end_retry_nr]:[14693]
[end_retreated_page_nr]:[325]
[end_try_to_promote_nr]:[5631199]
[end_task_num]:[0]
[end_write_protect_break_num]:[8438]
[end_shadow_link_num]:[5630789]
[end_shadow_demote_num]:[18]
[end_batch_free_num]:[5622275]
[end_transactional_migration_success_num]:[5630791]
[end_transactional_migration_fail_num]:[1687]
[end_shadow_page_pair]:[0]
[note]:[0]
[milliseconds]:[89109]
[total tick]:[231683997190]
[work type]:[0]
[Bandwidth(MB/s)]:[1753.470469]
---------------------------
-----------start-----------
[start_pgdemote_kswapd]:[10588362]
[start_pgdemote_direct]:[0]
[start_pgdemote_file]:[92560]
[start_pgdemote_anon]:[10495802]
[start_pgpromote_candidate]:[6085534]
[start_pgpromote_candidate_demoted]:[3466057]
[start_pgpromote_candidate_anon]:[6085468]
[start_pgpromote_candidate_file]:[66]
[start_pgpromote_tried]:[0]
[start_pgpromote_file]:[0]
[start_pgpromote_anon]:[0]
[start_pgmigrate_success]:[11887306]
[start_pgmigrate_fail]:[459201]
[start_pgmigrate_fail_dst_node_full]:[0]
[start_pgmigrate_fail_numa_isolate]:[0]
[start_pgmigrate_fail_nomem]:[458352]
[start_pgmigrate_fail_refcount]:[8568]
[start_success_nr]:[5630919]
[start_retry_nr]:[14694]
[start_retreated_page_nr]:[325]
[start_try_to_promote_nr]:[5631280]
[start_task_num]:[0]
[start_write_protect_break_num]:[8441]
[start_shadow_link_num]:[5630863]
[start_shadow_demote_num]:[18]
[start_batch_free_num]:[5622309]
[start_transactional_migration_success_num]:[5630866]
[start_transactional_migration_fail_num]:[1687]
[start_shadow_page_pair]:[25]
[end_pgdemote_kswapd]:[20649580]
[end_pgdemote_direct]:[0]
[end_pgdemote_file]:[94572]
[end_pgdemote_anon]:[20555008]
[end_pgpromote_candidate]:[16624878]
[end_pgpromote_candidate_demoted]:[12845337]
[end_pgpromote_candidate_anon]:[16624581]
[end_pgpromote_candidate_file]:[297]
[end_pgpromote_tried]:[0]
[end_pgpromote_file]:[0]
[end_pgpromote_anon]:[0]
[end_pgmigrate_success]:[21950060]
[end_pgmigrate_fail]:[1809203]
[end_pgmigrate_fail_dst_node_full]:[0]
[end_pgmigrate_fail_numa_isolate]:[0]
[end_pgmigrate_fail_nomem]:[1808321]
[end_pgmigrate_fail_refcount]:[11686]
[end_success_nr]:[15931939]
[end_retry_nr]:[101632]
[end_retreated_page_nr]:[1344]
[end_try_to_promote_nr]:[15933326]
[end_task_num]:[0]
[end_write_protect_break_num]:[121858]
[end_shadow_link_num]:[15931867]
[end_shadow_demote_num]:[87796]
[end_batch_free_num]:[15482135]
[end_transactional_migration_success_num]:[15931870]
[end_transactional_migration_fail_num]:[4764]
[end_shadow_page_pair]:[239979]
[note]:[1]
[milliseconds]:[157156]
[total tick]:[408607212069]
[work type]:[0]
[Bandwidth(MB/s)]:[994.235028]
---------------------------
-----------start-----------
[start_pgdemote_kswapd]:[20967595]
[start_pgdemote_direct]:[0]
[start_pgdemote_file]:[95089]
[start_pgdemote_anon]:[20872506]
[start_pgpromote_candidate]:[16625132]
[start_pgpromote_candidate_demoted]:[12845585]
[start_pgpromote_candidate_anon]:[16624712]
[start_pgpromote_candidate_file]:[420]
[start_pgpromote_tried]:[0]
[start_pgpromote_file]:[0]
[start_pgpromote_anon]:[0]
[start_pgmigrate_success]:[22268075]
[start_pgmigrate_fail]:[1833111]
[start_pgmigrate_fail_dst_node_full]:[0]
[start_pgmigrate_fail_numa_isolate]:[0]
[start_pgmigrate_fail_nomem]:[1832217]
[start_pgmigrate_fail_refcount]:[11808]
[start_success_nr]:[15932062]
[start_retry_nr]:[101755]
[start_retreated_page_nr]:[1354]
[start_try_to_promote_nr]:[15933459]
[start_task_num]:[0]
[start_write_protect_break_num]:[121888]
[start_shadow_link_num]:[15931982]
[start_shadow_demote_num]:[98920]
[start_batch_free_num]:[15711010]
[start_transactional_migration_success_num]:[15931986]
[start_transactional_migration_fail_num]:[4856]
[start_shadow_page_pair]:[40]
[end_pgdemote_kswapd]:[31340068]
[end_pgdemote_direct]:[0]
[end_pgdemote_file]:[95644]
[end_pgdemote_anon]:[31244424]
[end_pgpromote_candidate]:[27568327]
[end_pgpromote_candidate_demoted]:[23567914]
[end_pgpromote_candidate_anon]:[27567805]
[end_pgpromote_candidate_file]:[522]
[end_pgpromote_tried]:[0]
[end_pgpromote_file]:[0]
[end_pgpromote_anon]:[0]
[end_pgmigrate_success]:[32640548]
[end_pgmigrate_fail]:[3026497]
[end_pgmigrate_fail_dst_node_full]:[0]
[end_pgmigrate_fail_numa_isolate]:[0]
[end_pgmigrate_fail_nomem]:[3025591]
[end_pgmigrate_fail_refcount]:[15253]
[end_success_nr]:[26686991]
[end_retry_nr]:[169964]
[end_retreated_page_nr]:[2622]
[end_try_to_promote_nr]:[26689660]
[end_task_num]:[0]
[end_write_protect_break_num]:[552494]
[end_shadow_link_num]:[26686907]
[end_shadow_demote_num]:[524751]
[end_batch_free_num]:[25224801]
[end_transactional_migration_success_num]:[26686912]
[end_transactional_migration_fail_num]:[8269]
[end_shadow_page_pair]:[384404]
[note]:[2]
[milliseconds]:[163814]
[total tick]:[425922227396]
[work type]:[0]
[Bandwidth(MB/s)]:[953.825680]
---------------------------
-----------start-----------
[start_pgdemote_kswapd]:[31724520]
[start_pgdemote_direct]:[0]
[start_pgdemote_file]:[95649]
[start_pgdemote_anon]:[31628871]
[start_pgpromote_candidate]:[27568483]
[start_pgpromote_candidate_demoted]:[23568070]
[start_pgpromote_candidate_anon]:[27567951]
[start_pgpromote_candidate_file]:[532]
[start_pgpromote_tried]:[0]
[start_pgpromote_file]:[0]
[start_pgpromote_anon]:[0]
[start_pgmigrate_success]:[33025000]
[start_pgmigrate_fail]:[3062959]
[start_pgmigrate_fail_dst_node_full]:[0]
[start_pgmigrate_fail_numa_isolate]:[0]
[start_pgmigrate_fail_nomem]:[3062053]
[start_pgmigrate_fail_refcount]:[15616]
[start_success_nr]:[26687097]
[start_retry_nr]:[170337]
[start_retreated_page_nr]:[2657]
[start_try_to_promote_nr]:[26689801]
[start_task_num]:[0]
[start_write_protect_break_num]:[552511]
[start_shadow_link_num]:[26687006]
[start_shadow_demote_num]:[538188]
[start_batch_free_num]:[25595835]
[start_transactional_migration_success_num]:[26687011]
[start_transactional_migration_fail_num]:[8632]
[start_shadow_page_pair]:[3]
[end_pgdemote_kswapd]:[42742124]
[end_pgdemote_direct]:[0]
[end_pgdemote_file]:[95662]
[end_pgdemote_anon]:[42646462]
[end_pgpromote_candidate]:[38738973]
[end_pgpromote_candidate_demoted]:[34552181]
[end_pgpromote_candidate_anon]:[38738437]
[end_pgpromote_candidate_file]:[536]
[end_pgpromote_tried]:[0]
[end_pgpromote_file]:[0]
[end_pgpromote_anon]:[0]
[end_pgmigrate_success]:[44042604]
[end_pgmigrate_fail]:[4270050]
[end_pgmigrate_fail_dst_node_full]:[0]
[end_pgmigrate_fail_numa_isolate]:[0]
[end_pgmigrate_fail_nomem]:[4269144]
[end_pgmigrate_fail_refcount]:[18227]
[end_success_nr]:[37753681]
[end_retry_nr]:[239363]
[end_retreated_page_nr]:[3598]
[end_try_to_promote_nr]:[37757327]
[end_task_num]:[0]
[end_write_protect_break_num]:[872581]
[end_shadow_link_num]:[37753587]
[end_shadow_demote_num]:[828731]
[end_batch_free_num]:[35990549]
[end_transactional_migration_success_num]:[37753593]
[end_transactional_migration_fail_num]:[11231]
[end_shadow_page_pair]:[60756]
[note]:[3]
[milliseconds]:[169076]
[total tick]:[439590469822]
[work type]:[0]
[Bandwidth(MB/s)]:[924.140623]
---------------------------
-----------start-----------
[start_pgdemote_kswapd]:[42802668]
[start_pgdemote_direct]:[0]
[start_pgdemote_file]:[95662]
[start_pgdemote_anon]:[42707006]
[start_pgpromote_candidate]:[38739046]
[start_pgpromote_candidate_demoted]:[34552254]
[start_pgpromote_candidate_anon]:[38738510]
[start_pgpromote_candidate_file]:[536]
[start_pgpromote_tried]:[0]
[start_pgpromote_file]:[0]
[start_pgpromote_anon]:[0]
[start_pgmigrate_success]:[44103148]
[start_pgmigrate_fail]:[4276440]
[start_pgmigrate_fail_dst_node_full]:[0]
[start_pgmigrate_fail_numa_isolate]:[0]
[start_pgmigrate_fail_nomem]:[4275534]
[start_pgmigrate_fail_refcount]:[18337]
[start_success_nr]:[37753742]
[start_retry_nr]:[239473]
[start_retreated_page_nr]:[3609]
[start_try_to_promote_nr]:[37757399]
[start_task_num]:[0]
[start_write_protect_break_num]:[872592]
[start_shadow_link_num]:[37753641]
[start_shadow_demote_num]:[828731]
[start_batch_free_num]:[36051328]
[start_transactional_migration_success_num]:[37753647]
[start_transactional_migration_fail_num]:[11341]
[start_shadow_page_pair]:[13]
[end_pgdemote_kswapd]:[53802172]
[end_pgdemote_direct]:[0]
[end_pgdemote_file]:[96807]
[end_pgdemote_anon]:[53705365]
[end_pgpromote_candidate]:[50143660]
[end_pgpromote_candidate_demoted]:[45863986]
[end_pgpromote_candidate_anon]:[50143026]
[end_pgpromote_candidate_file]:[634]
[end_pgpromote_tried]:[0]
[end_pgpromote_file]:[0]
[end_pgpromote_anon]:[0]
[end_pgmigrate_success]:[55103164]
[end_pgmigrate_fail]:[5548291]
[end_pgmigrate_fail_dst_node_full]:[0]
[end_pgmigrate_fail_numa_isolate]:[0]
[end_pgmigrate_fail_nomem]:[5547197]
[end_pgmigrate_fail_refcount]:[23409]
[end_success_nr]:[49005464]
[end_retry_nr]:[315217]
[end_retreated_page_nr]:[4673]
[end_try_to_promote_nr]:[49010186]
[end_task_num]:[0]
[end_write_protect_break_num]:[1030386]
[end_shadow_link_num]:[49005135]
[end_shadow_demote_num]:[960743]
[end_batch_free_num]:[46743086]
[end_transactional_migration_success_num]:[49005143]
[end_transactional_migration_fail_num]:[16371]
[end_shadow_page_pair]:[269066]
[note]:[4]
[milliseconds]:[168516]
[total tick]:[438124103212]
[work type]:[0]
[Bandwidth(MB/s)]:[927.211659]
---------------------------
