-----------start-----------
[start_pgdemote_kswapd]:[2665898]
[start_pgdemote_direct]:[0]
[start_pgdemote_file]:[125152]
[start_pgdemote_anon]:[2540746]
[start_pgpromote_candidate]:[59]
[start_pgpromote_candidate_demoted]:[59]
[start_pgpromote_candidate_anon]:[59]
[start_pgpromote_candidate_file]:[0]
[start_pgpromote_tried]:[0]
[start_pgpromote_file]:[0]
[start_pgpromote_anon]:[0]
[start_pgmigrate_success]:[2665898]
[start_pgmigrate_fail]:[0]
[start_pgmigrate_fail_dst_node_full]:[0]
[start_pgmigrate_fail_numa_isolate]:[0]
[start_pgmigrate_fail_nomem]:[0]
[start_pgmigrate_fail_refcount]:[10]
[start_success_nr]:[55]
[start_retry_nr]:[11]
[start_retreated_page_nr]:[1]
[start_try_to_promote_nr]:[56]
[start_task_num]:[0]
[start_write_protect_break_num]:[12]
[start_shadow_link_num]:[31]
[start_shadow_demote_num]:[0]
[start_batch_free_num]:[0]
[start_transactional_migration_success_num]:[56]
[start_transactional_migration_fail_num]:[10]
[start_shadow_page_pair]:[8]
[end_pgdemote_kswapd]:[6046721]
[end_pgdemote_direct]:[0]
[end_pgdemote_file]:[159808]
[end_pgdemote_anon]:[5886913]
[end_pgpromote_candidate]:[1093620]
[end_pgpromote_candidate_demoted]:[72839]
[end_pgpromote_candidate_anon]:[1093175]
[end_pgpromote_candidate_file]:[445]
[end_pgpromote_tried]:[0]
[end_pgpromote_file]:[0]
[end_pgpromote_anon]:[0]
[end_pgmigrate_success]:[7805347]
[end_pgmigrate_fail]:[161905]
[end_pgmigrate_fail_dst_node_full]:[0]
[end_pgmigrate_fail_numa_isolate]:[0]
[end_pgmigrate_fail_nomem]:[161813]
[end_pgmigrate_fail_refcount]:[1131]
[end_success_nr]:[1089372]
[end_retry_nr]:[16921]
[end_retreated_page_nr]:[462]
[end_try_to_promote_nr]:[1089834]
[end_task_num]:[0]
[end_write_protect_break_num]:[300990]
[end_shadow_link_num]:[1068041]
[end_shadow_demote_num]:[4020]
[end_batch_free_num]:[528991]
[end_transactional_migration_success_num]:[1089357]
[end_transactional_migration_fail_num]:[1055]
[end_shadow_page_pair]:[233907]
[note]:[0]
[milliseconds]:[47611]
[total tick]:[123783921624]
[work type]:[0]
[Bandwidth(MB/s)]:[2461.353469]
---------------------------
-----------start-----------
[start_pgdemote_kswapd]:[6047231]
[start_pgdemote_direct]:[0]
[start_pgdemote_file]:[159808]
[start_pgdemote_anon]:[5887423]
[start_pgpromote_candidate]:[1093817]
[start_pgpromote_candidate_demoted]:[73033]
[start_pgpromote_candidate_anon]:[1093296]
[start_pgpromote_candidate_file]:[521]
[start_pgpromote_tried]:[0]
[start_pgpromote_file]:[0]
[start_pgpromote_anon]:[0]
[start_pgmigrate_success]:[7883391]
[start_pgmigrate_fail]:[161923]
[start_pgmigrate_fail_dst_node_full]:[0]
[start_pgmigrate_fail_numa_isolate]:[0]
[start_pgmigrate_fail_nomem]:[161813]
[start_pgmigrate_fail_refcount]:[1181]
[start_success_nr]:[1089480]
[start_retry_nr]:[16971]
[start_retreated_page_nr]:[467]
[start_try_to_promote_nr]:[1089947]
[start_task_num]:[0]
[start_write_protect_break_num]:[300998]
[start_shadow_link_num]:[1068100]
[start_shadow_demote_num]:[4046]
[start_batch_free_num]:[528991]
[start_transactional_migration_success_num]:[1089455]
[start_transactional_migration_fail_num]:[1105]
[start_shadow_page_pair]:[233922]
[end_pgdemote_kswapd]:[11698652]
[end_pgdemote_direct]:[0]
[end_pgdemote_file]:[160367]
[end_pgdemote_anon]:[11538285]
[end_pgpromote_candidate]:[6736142]
[end_pgpromote_candidate_demoted]:[4786898]
[end_pgpromote_candidate_anon]:[6735521]
[end_pgpromote_candidate_file]:[621]
[end_pgpromote_tried]:[0]
[end_pgpromote_file]:[0]
[end_pgpromote_anon]:[0]
[end_pgmigrate_success]:[34550034]
[end_pgmigrate_fail]:[1012519]
[end_pgmigrate_fail_dst_node_full]:[0]
[end_pgmigrate_fail_numa_isolate]:[0]
[end_pgmigrate_fail_nomem]:[1012408]
[end_pgmigrate_fail_refcount]:[1869]
[end_success_nr]:[6477999]
[end_retry_nr]:[42519]
[end_retreated_page_nr]:[725]
[end_try_to_promote_nr]:[6478724]
[end_task_num]:[0]
[end_write_protect_break_num]:[381442]
[end_shadow_link_num]:[5189011]
[end_shadow_demote_num]:[102153]
[end_batch_free_num]:[4705248]
[end_transactional_migration_success_num]:[6477970]
[end_transactional_migration_fail_num]:[1793]
[end_shadow_page_pair]:[0]
[note]:[1]
[milliseconds]:[88730]
[total tick]:[230691885708]
[work type]:[0]
[Bandwidth(MB/s)]:[1320.720162]
---------------------------
-----------start-----------
[start_pgdemote_kswapd]:[11755008]
[start_pgdemote_direct]:[0]
[start_pgdemote_file]:[160385]
[start_pgdemote_anon]:[11594623]
[start_pgpromote_candidate]:[6736193]
[start_pgpromote_candidate_demoted]:[4786946]
[start_pgpromote_candidate_anon]:[6735571]
[start_pgpromote_candidate_file]:[622]
[start_pgpromote_tried]:[0]
[start_pgpromote_file]:[0]
[start_pgpromote_anon]:[0]
[start_pgmigrate_success]:[34606390]
[start_pgmigrate_fail]:[1015468]
[start_pgmigrate_fail_dst_node_full]:[0]
[start_pgmigrate_fail_numa_isolate]:[0]
[start_pgmigrate_fail_nomem]:[1015348]
[start_pgmigrate_fail_refcount]:[1869]
[start_success_nr]:[6478049]
[start_retry_nr]:[42520]
[start_retreated_page_nr]:[725]
[start_try_to_promote_nr]:[6478774]
[start_task_num]:[0]
[start_write_protect_break_num]:[381454]
[start_shadow_link_num]:[5189054]
[start_shadow_demote_num]:[102153]
[start_batch_free_num]:[4705265]
[start_transactional_migration_success_num]:[6478015]
[start_transactional_migration_fail_num]:[1793]
[start_shadow_page_pair]:[1]
[end_pgdemote_kswapd]:[15069755]
[end_pgdemote_direct]:[0]
[end_pgdemote_file]:[160541]
[end_pgdemote_anon]:[14909214]
[end_pgpromote_candidate]:[10051492]
[end_pgpromote_candidate_demoted]:[8058181]
[end_pgpromote_candidate_anon]:[10050853]
[end_pgpromote_candidate_file]:[639]
[end_pgpromote_tried]:[0]
[end_pgpromote_file]:[0]
[end_pgpromote_anon]:[0]
[end_pgmigrate_success]:[37921137]
[end_pgmigrate_fail]:[1974573]
[end_pgmigrate_fail_dst_node_full]:[0]
[end_pgmigrate_fail_numa_isolate]:[0]
[end_pgmigrate_fail_nomem]:[1974453]
[end_pgmigrate_fail_refcount]:[2660]
[end_success_nr]:[9792919]
[end_retry_nr]:[58753]
[end_retreated_page_nr]:[872]
[end_try_to_promote_nr]:[9793791]
[end_task_num]:[0]
[end_write_protect_break_num]:[382327]
[end_shadow_link_num]:[7103984]
[end_shadow_demote_num]:[102153]
[end_batch_free_num]:[6619310]
[end_transactional_migration_success_num]:[9792885]
[end_transactional_migration_fail_num]:[2584]
[end_shadow_page_pair]:[0]
[note]:[2]
[milliseconds]:[71422]
[total tick]:[185691642456]
[work type]:[0]
[Bandwidth(MB/s)]:[1640.775951]
---------------------------
-----------start-----------
[start_pgdemote_kswapd]:[15069755]
[start_pgdemote_direct]:[0]
[start_pgdemote_file]:[160541]
[start_pgdemote_anon]:[14909214]
[start_pgpromote_candidate]:[10051530]
[start_pgpromote_candidate_demoted]:[8058219]
[start_pgpromote_candidate_anon]:[10050891]
[start_pgpromote_candidate_file]:[639]
[start_pgpromote_tried]:[0]
[start_pgpromote_file]:[0]
[start_pgpromote_anon]:[0]
[start_pgmigrate_success]:[37921137]
[start_pgmigrate_fail]:[1975989]
[start_pgmigrate_fail_dst_node_full]:[0]
[start_pgmigrate_fail_numa_isolate]:[0]
[start_pgmigrate_fail_nomem]:[1975869]
[start_pgmigrate_fail_refcount]:[2680]
[start_success_nr]:[9792952]
[start_retry_nr]:[58773]
[start_retreated_page_nr]:[874]
[start_try_to_promote_nr]:[9793826]
[start_task_num]:[0]
[start_write_protect_break_num]:[382327]
[start_shadow_link_num]:[7104001]
[start_shadow_demote_num]:[102153]
[start_batch_free_num]:[6619327]
[start_transactional_migration_success_num]:[9792915]
[start_transactional_migration_fail_num]:[2604]
[start_shadow_page_pair]:[0]
[end_pgdemote_kswapd]:[17846703]
[end_pgdemote_direct]:[0]
[end_pgdemote_file]:[160659]
[end_pgdemote_anon]:[17686044]
[end_pgpromote_candidate]:[12832251]
[end_pgpromote_candidate_demoted]:[10836295]
[end_pgpromote_candidate_anon]:[12831583]
[end_pgpromote_candidate_file]:[668]
[end_pgpromote_tried]:[0]
[end_pgpromote_file]:[0]
[end_pgpromote_anon]:[0]
[end_pgmigrate_success]:[40698085]
[end_pgmigrate_fail]:[2785855]
[end_pgmigrate_fail_dst_node_full]:[0]
[end_pgmigrate_fail_numa_isolate]:[0]
[end_pgmigrate_fail_nomem]:[2785735]
[end_pgmigrate_fail_refcount]:[3502]
[end_success_nr]:[12569687]
[end_retry_nr]:[73795]
[end_retreated_page_nr]:[1015]
[end_try_to_promote_nr]:[12570702]
[end_task_num]:[0]
[end_write_protect_break_num]:[382483]
[end_shadow_link_num]:[8691559]
[end_shadow_demote_num]:[102153]
[end_batch_free_num]:[8206688]
[end_transactional_migration_success_num]:[12569651]
[end_transactional_migration_fail_num]:[3426]
[end_shadow_page_pair]:[29]
[note]:[3]
[milliseconds]:[63268]
[total tick]:[164492701904]
[work type]:[0]
[Bandwidth(MB/s)]:[1852.239679]
---------------------------
-----------start-----------
[start_pgdemote_kswapd]:[17846820]
[start_pgdemote_direct]:[0]
[start_pgdemote_file]:[160659]
[start_pgdemote_anon]:[17686161]
[start_pgpromote_candidate]:[12832277]
[start_pgpromote_candidate_demoted]:[10836320]
[start_pgpromote_candidate_anon]:[12831609]
[start_pgpromote_candidate_file]:[668]
[start_pgpromote_tried]:[0]
[start_pgpromote_file]:[0]
[start_pgpromote_anon]:[0]
[start_pgmigrate_success]:[40698202]
[start_pgmigrate_fail]:[2787052]
[start_pgmigrate_fail_dst_node_full]:[0]
[start_pgmigrate_fail_numa_isolate]:[0]
[start_pgmigrate_fail_nomem]:[2786932]
[start_pgmigrate_fail_refcount]:[3602]
[start_success_nr]:[12569701]
[start_retry_nr]:[73896]
[start_retreated_page_nr]:[1025]
[start_try_to_promote_nr]:[12570726]
[start_task_num]:[0]
[start_write_protect_break_num]:[382483]
[start_shadow_link_num]:[8691568]
[start_shadow_demote_num]:[102153]
[start_batch_free_num]:[8206723]
[start_transactional_migration_success_num]:[12569666]
[start_transactional_migration_fail_num]:[3526]
[start_shadow_page_pair]:[3]
[end_pgdemote_kswapd]:[20162288]
[end_pgdemote_direct]:[0]
[end_pgdemote_file]:[160663]
[end_pgdemote_anon]:[20001625]
[end_pgpromote_candidate]:[15147949]
[end_pgpromote_candidate_demoted]:[13149571]
[end_pgpromote_candidate_anon]:[15147281]
[end_pgpromote_candidate_file]:[668]
[end_pgpromote_tried]:[0]
[end_pgpromote_file]:[0]
[end_pgpromote_anon]:[0]
[end_pgmigrate_success]:[57152289]
[end_pgmigrate_fail]:[3212052]
[end_pgmigrate_fail_dst_node_full]:[0]
[end_pgmigrate_fail_numa_isolate]:[0]
[end_pgmigrate_fail_nomem]:[3211932]
[end_pgmigrate_fail_refcount]:[3674]
[end_success_nr]:[14885289]
[end_retry_nr]:[83497]
[end_retreated_page_nr]:[1108]
[end_try_to_promote_nr]:[14886397]
[end_task_num]:[0]
[end_write_protect_break_num]:[518859]
[end_shadow_link_num]:[10014993]
[end_shadow_demote_num]:[102153]
[end_batch_free_num]:[9393743]
[end_transactional_migration_success_num]:[14885255]
[end_transactional_migration_fail_num]:[3598]
[end_shadow_page_pair]:[0]
[note]:[4]
[milliseconds]:[55813]
[total tick]:[145112413852]
[work type]:[0]
[Bandwidth(MB/s)]:[2099.645244]
---------------------------
