-----------start-----------
[start_pgdemote_kswapd]:[2678799]
[start_pgdemote_direct]:[0]
[start_pgdemote_file]:[125146]
[start_pgdemote_anon]:[2553653]
[start_pgpromote_candidate]:[63]
[start_pgpromote_candidate_demoted]:[63]
[start_pgpromote_candidate_anon]:[61]
[start_pgpromote_candidate_file]:[2]
[start_pgpromote_tried]:[0]
[start_pgpromote_file]:[0]
[start_pgpromote_anon]:[0]
[start_pgmigrate_success]:[2678799]
[start_pgmigrate_fail]:[0]
[start_pgmigrate_fail_dst_node_full]:[0]
[start_pgmigrate_fail_numa_isolate]:[0]
[start_pgmigrate_fail_nomem]:[0]
[start_pgmigrate_fail_refcount]:[80]
[start_success_nr]:[46]
[start_retry_nr]:[81]
[start_retreated_page_nr]:[8]
[start_try_to_promote_nr]:[54]
[start_task_num]:[0]
[start_write_protect_break_num]:[6]
[start_shadow_link_num]:[27]
[start_shadow_demote_num]:[0]
[start_batch_free_num]:[0]
[start_transactional_migration_success_num]:[47]
[start_transactional_migration_fail_num]:[80]
[start_shadow_page_pair]:[10]
[end_pgdemote_kswapd]:[3772884]
[end_pgdemote_direct]:[0]
[end_pgdemote_file]:[174878]
[end_pgdemote_anon]:[3598006]
[end_pgpromote_candidate]:[57119]
[end_pgpromote_candidate_demoted]:[12498]
[end_pgpromote_candidate_anon]:[57089]
[end_pgpromote_candidate_file]:[30]
[end_pgpromote_tried]:[0]
[end_pgpromote_file]:[0]
[end_pgpromote_anon]:[0]
[end_pgmigrate_success]:[4171179]
[end_pgmigrate_fail]:[7270]
[end_pgmigrate_fail_dst_node_full]:[0]
[end_pgmigrate_fail_numa_isolate]:[0]
[end_pgmigrate_fail_nomem]:[7209]
[end_pgmigrate_fail_refcount]:[250]
[end_success_nr]:[56323]
[end_retry_nr]:[402]
[end_retreated_page_nr]:[32]
[end_try_to_promote_nr]:[56355]
[end_task_num]:[0]
[end_write_protect_break_num]:[12955]
[end_shadow_link_num]:[53061]
[end_shadow_demote_num]:[31]
[end_batch_free_num]:[6049]
[end_transactional_migration_success_num]:[56324]
[end_transactional_migration_fail_num]:[250]
[end_shadow_page_pair]:[33943]
[note]:[0]
[milliseconds]:[15685]
[total tick]:[40781069038]
[work type]:[0]
[Bandwidth(MB/s)]:[7471.310169]
---------------------------
-----------start-----------
[start_pgdemote_kswapd]:[4002332]
[start_pgdemote_direct]:[0]
[start_pgdemote_file]:[174882]
[start_pgdemote_anon]:[3827450]
[start_pgpromote_candidate]:[57304]
[start_pgpromote_candidate_demoted]:[12681]
[start_pgpromote_candidate_anon]:[57196]
[start_pgpromote_candidate_file]:[108]
[start_pgpromote_tried]:[0]
[start_pgpromote_file]:[0]
[start_pgpromote_anon]:[0]
[start_pgmigrate_success]:[4400627]
[start_pgmigrate_fail]:[7270]
[start_pgmigrate_fail_dst_node_full]:[0]
[start_pgmigrate_fail_numa_isolate]:[0]
[start_pgmigrate_fail_nomem]:[7209]
[start_pgmigrate_fail_refcount]:[360]
[start_success_nr]:[56415]
[start_retry_nr]:[512]
[start_retreated_page_nr]:[43]
[start_try_to_promote_nr]:[56458]
[start_task_num]:[0]
[start_write_protect_break_num]:[12961]
[start_shadow_link_num]:[53124]
[start_shadow_demote_num]:[31]
[start_batch_free_num]:[6049]
[start_transactional_migration_success_num]:[56414]
[start_transactional_migration_fail_num]:[350]
[start_shadow_page_pair]:[33990]
[end_pgdemote_kswapd]:[5979249]
[end_pgdemote_direct]:[0]
[end_pgdemote_file]:[174902]
[end_pgdemote_anon]:[5804347]
[end_pgpromote_candidate]:[2273073]
[end_pgpromote_candidate_demoted]:[1716014]
[end_pgpromote_candidate_anon]:[2272587]
[end_pgpromote_candidate_file]:[486]
[end_pgpromote_tried]:[0]
[end_pgpromote_file]:[0]
[end_pgpromote_anon]:[0]
[end_pgmigrate_success]:[6377544]
[end_pgmigrate_fail]:[100939]
[end_pgmigrate_fail_dst_node_full]:[0]
[end_pgmigrate_fail_numa_isolate]:[0]
[end_pgmigrate_fail_nomem]:[100878]
[end_pgmigrate_fail_refcount]:[1761]
[end_success_nr]:[2268971]
[end_retry_nr]:[11375]
[end_retreated_page_nr]:[415]
[end_try_to_promote_nr]:[2269388]
[end_task_num]:[0]
[end_write_protect_break_num]:[445587]
[end_shadow_link_num]:[1583730]
[end_shadow_demote_num]:[342]
[end_batch_free_num]:[861156]
[end_transactional_migration_success_num]:[2268950]
[end_transactional_migration_fail_num]:[1721]
[end_shadow_page_pair]:[276449]
[note]:[1]
[milliseconds]:[59826]
[total tick]:[155544146166]
[work type]:[0]
[Bandwidth(MB/s)]:[1958.805536]
---------------------------
-----------start-----------
[start_pgdemote_kswapd]:[6306522]
[start_pgdemote_direct]:[0]
[start_pgdemote_file]:[174903]
[start_pgdemote_anon]:[6131619]
[start_pgpromote_candidate]:[2273339]
[start_pgpromote_candidate_demoted]:[1716268]
[start_pgpromote_candidate_anon]:[2272763]
[start_pgpromote_candidate_file]:[576]
[start_pgpromote_tried]:[0]
[start_pgpromote_file]:[0]
[start_pgpromote_anon]:[0]
[start_pgmigrate_success]:[6704817]
[start_pgmigrate_fail]:[127948]
[start_pgmigrate_fail_dst_node_full]:[0]
[start_pgmigrate_fail_numa_isolate]:[0]
[start_pgmigrate_fail_nomem]:[127887]
[start_pgmigrate_fail_refcount]:[1851]
[start_success_nr]:[2269136]
[start_retry_nr]:[11468]
[start_retreated_page_nr]:[424]
[start_try_to_promote_nr]:[2269562]
[start_task_num]:[0]
[start_write_protect_break_num]:[445604]
[start_shadow_link_num]:[1583830]
[start_shadow_demote_num]:[369]
[start_batch_free_num]:[1137608]
[start_transactional_migration_success_num]:[2269111]
[start_transactional_migration_fail_num]:[1791]
[start_shadow_page_pair]:[40]
[end_pgdemote_kswapd]:[9001445]
[end_pgdemote_direct]:[0]
[end_pgdemote_file]:[174935]
[end_pgdemote_anon]:[8826510]
[end_pgpromote_candidate]:[4968941]
[end_pgpromote_candidate_demoted]:[4220039]
[end_pgpromote_candidate_anon]:[4968329]
[end_pgpromote_candidate_file]:[612]
[end_pgpromote_tried]:[0]
[end_pgpromote_file]:[0]
[end_pgpromote_anon]:[0]
[end_pgmigrate_success]:[16778066]
[end_pgmigrate_fail]:[269055]
[end_pgmigrate_fail_dst_node_full]:[0]
[end_pgmigrate_fail_numa_isolate]:[0]
[end_pgmigrate_fail_nomem]:[268994]
[end_pgmigrate_fail_refcount]:[3395]
[end_success_nr]:[4964276]
[end_retry_nr]:[25650]
[end_retreated_page_nr]:[817]
[end_try_to_promote_nr]:[4965096]
[end_task_num]:[0]
[end_write_protect_break_num]:[845413]
[end_shadow_link_num]:[3228137]
[end_shadow_demote_num]:[405]
[end_batch_free_num]:[2382028]
[end_transactional_migration_success_num]:[4964229]
[end_transactional_migration_fail_num]:[3308]
[end_shadow_page_pair]:[13]
[note]:[2]
[milliseconds]:[63081]
[total tick]:[164007696850]
[work type]:[0]
[Bandwidth(MB/s)]:[1857.730537]
---------------------------
-----------start-----------
[start_pgdemote_kswapd]:[9001634]
[start_pgdemote_direct]:[0]
[start_pgdemote_file]:[174935]
[start_pgdemote_anon]:[8826699]
[start_pgpromote_candidate]:[4968991]
[start_pgpromote_candidate_demoted]:[4220087]
[start_pgpromote_candidate_anon]:[4968379]
[start_pgpromote_candidate_file]:[612]
[start_pgpromote_tried]:[0]
[start_pgpromote_file]:[0]
[start_pgpromote_anon]:[0]
[start_pgmigrate_success]:[16778255]
[start_pgmigrate_fail]:[269250]
[start_pgmigrate_fail_dst_node_full]:[0]
[start_pgmigrate_fail_numa_isolate]:[0]
[start_pgmigrate_fail_nomem]:[269189]
[start_pgmigrate_fail_refcount]:[3425]
[start_success_nr]:[4964319]
[start_retry_nr]:[25680]
[start_retreated_page_nr]:[820]
[start_try_to_promote_nr]:[4965142]
[start_task_num]:[0]
[start_write_protect_break_num]:[845413]
[start_shadow_link_num]:[3228157]
[start_shadow_demote_num]:[405]
[start_batch_free_num]:[2382056]
[start_transactional_migration_success_num]:[4964268]
[start_transactional_migration_fail_num]:[3338]
[start_shadow_page_pair]:[2]
[end_pgdemote_kswapd]:[10522785]
[end_pgdemote_direct]:[0]
[end_pgdemote_file]:[174935]
[end_pgdemote_anon]:[10347850]
[end_pgpromote_candidate]:[6850115]
[end_pgpromote_candidate_demoted]:[6047109]
[end_pgpromote_candidate_anon]:[6849502]
[end_pgpromote_candidate_file]:[613]
[end_pgpromote_tried]:[0]
[end_pgpromote_file]:[0]
[end_pgpromote_anon]:[0]
[end_pgmigrate_success]:[43928076]
[end_pgmigrate_fail]:[334656]
[end_pgmigrate_fail_dst_node_full]:[0]
[end_pgmigrate_fail_numa_isolate]:[0]
[end_pgmigrate_fail_nomem]:[334594]
[end_pgmigrate_fail_refcount]:[5259]
[end_success_nr]:[6845073]
[end_retry_nr]:[34770]
[end_retreated_page_nr]:[1171]
[end_try_to_promote_nr]:[6846263]
[end_task_num]:[0]
[end_write_protect_break_num]:[1176912]
[end_shadow_link_num]:[4303053]
[end_shadow_demote_num]:[579]
[end_batch_free_num]:[2979885]
[end_transactional_migration_success_num]:[6845002]
[end_transactional_migration_fail_num]:[5149]
[end_shadow_page_pair]:[145338]
[note]:[3]
[milliseconds]:[53878]
[total tick]:[140081683060]
[work type]:[0]
[Bandwidth(MB/s)]:[2175.052897]
---------------------------
-----------start-----------
[start_pgdemote_kswapd]:[10882138]
[start_pgdemote_direct]:[0]
[start_pgdemote_file]:[174935]
[start_pgdemote_anon]:[10707203]
[start_pgpromote_candidate]:[6850154]
[start_pgpromote_candidate_demoted]:[6047147]
[start_pgpromote_candidate_anon]:[6849541]
[start_pgpromote_candidate_file]:[613]
[start_pgpromote_tried]:[0]
[start_pgpromote_file]:[0]
[start_pgpromote_anon]:[0]
[start_pgmigrate_success]:[44287429]
[start_pgmigrate_fail]:[348918]
[start_pgmigrate_fail_dst_node_full]:[0]
[start_pgmigrate_fail_numa_isolate]:[0]
[start_pgmigrate_fail_nomem]:[348856]
[start_pgmigrate_fail_refcount]:[5359]
[start_success_nr]:[6845103]
[start_retry_nr]:[34870]
[start_retreated_page_nr]:[1181]
[start_try_to_promote_nr]:[6846303]
[start_task_num]:[0]
[start_write_protect_break_num]:[1176914]
[start_shadow_link_num]:[4303071]
[start_shadow_demote_num]:[584]
[start_batch_free_num]:[3125221]
[start_transactional_migration_success_num]:[6845031]
[start_transactional_migration_fail_num]:[5239]
[start_shadow_page_pair]:[4]
[end_pgdemote_kswapd]:[13070671]
[end_pgdemote_direct]:[0]
[end_pgdemote_file]:[174936]
[end_pgdemote_anon]:[12895735]
[end_pgpromote_candidate]:[9038801]
[end_pgpromote_candidate_demoted]:[8172723]
[end_pgpromote_candidate_anon]:[9038188]
[end_pgpromote_candidate_file]:[613]
[end_pgpromote_tried]:[0]
[end_pgpromote_file]:[0]
[end_pgpromote_anon]:[0]
[end_pgmigrate_success]:[46475962]
[end_pgmigrate_fail]:[475229]
[end_pgmigrate_fail_dst_node_full]:[0]
[end_pgmigrate_fail_numa_isolate]:[0]
[end_pgmigrate_fail_nomem]:[475167]
[end_pgmigrate_fail_refcount]:[6401]
[end_success_nr]:[9033459]
[end_retry_nr]:[44854]
[end_retreated_page_nr]:[1469]
[end_try_to_promote_nr]:[9034947]
[end_task_num]:[0]
[end_write_protect_break_num]:[1460627]
[end_shadow_link_num]:[5553647]
[end_shadow_demote_num]:[586]
[end_batch_free_num]:[4092030]
[end_transactional_migration_success_num]:[9033379]
[end_transactional_migration_fail_num]:[6270]
[end_shadow_page_pair]:[5]
[note]:[4]
[milliseconds]:[56928]
[total tick]:[148010283038]
[work type]:[0]
[Bandwidth(MB/s)]:[2058.521290]
---------------------------
