-----------start-----------
[start_pgdemote_kswapd]:[2588816]
[start_pgdemote_direct]:[0]
[start_pgdemote_file]:[140697]
[start_pgdemote_anon]:[2448119]
[start_pgpromote_candidate]:[143]
[start_pgpromote_candidate_demoted]:[143]
[start_pgpromote_candidate_anon]:[97]
[start_pgpromote_candidate_file]:[46]
[start_pgpromote_tried]:[0]
[start_pgpromote_file]:[0]
[start_pgpromote_anon]:[0]
[start_pgmigrate_success]:[2588816]
[start_pgmigrate_fail]:[0]
[start_pgmigrate_fail_dst_node_full]:[0]
[start_pgmigrate_fail_numa_isolate]:[0]
[start_pgmigrate_fail_nomem]:[0]
[start_pgmigrate_fail_refcount]:[100]
[start_success_nr]:[80]
[start_retry_nr]:[101]
[start_retreated_page_nr]:[10]
[start_try_to_promote_nr]:[90]
[start_task_num]:[0]
[start_write_protect_break_num]:[10]
[start_shadow_link_num]:[48]
[start_shadow_demote_num]:[0]
[start_batch_free_num]:[0]
[start_transactional_migration_success_num]:[81]
[start_transactional_migration_fail_num]:[100]
[start_shadow_page_pair]:[32]
[end_pgdemote_kswapd]:[7350424]
[end_pgdemote_direct]:[0]
[end_pgdemote_file]:[149270]
[end_pgdemote_anon]:[7201154]
[end_pgpromote_candidate]:[2038120]
[end_pgpromote_candidate_demoted]:[688519]
[end_pgpromote_candidate_anon]:[2037886]
[end_pgpromote_candidate_file]:[234]
[end_pgpromote_tried]:[0]
[end_pgpromote_file]:[0]
[end_pgpromote_anon]:[0]
[end_pgmigrate_success]:[9123992]
[end_pgmigrate_fail]:[194104]
[end_pgmigrate_fail_dst_node_full]:[11264]
[end_pgmigrate_fail_numa_isolate]:[11264]
[end_pgmigrate_fail_nomem]:[182773]
[end_pgmigrate_fail_refcount]:[1242]
[end_success_nr]:[2033676]
[end_retry_nr]:[23067]
[end_retreated_page_nr]:[720]
[end_try_to_promote_nr]:[2034396]
[end_task_num]:[0]
[end_write_protect_break_num]:[86295]
[end_shadow_link_num]:[1776177]
[end_shadow_demote_num]:[20801]
[end_batch_free_num]:[1655141]
[end_transactional_migration_success_num]:[2033650]
[end_transactional_migration_fail_num]:[1202]
[end_shadow_page_pair]:[13844]
[note]:[0]
[milliseconds]:[60121]
[total tick]:[156314122584]
[work type]:[0]
[Bandwidth(MB/s)]:[1949.194125]
---------------------------
-----------start-----------
[start_pgdemote_kswapd]:[7350655]
[start_pgdemote_direct]:[0]
[start_pgdemote_file]:[149270]
[start_pgdemote_anon]:[7201385]
[start_pgpromote_candidate]:[2038274]
[start_pgpromote_candidate_demoted]:[688671]
[start_pgpromote_candidate_anon]:[2037975]
[start_pgpromote_candidate_file]:[299]
[start_pgpromote_tried]:[0]
[start_pgpromote_file]:[0]
[start_pgpromote_anon]:[0]
[start_pgmigrate_success]:[9124223]
[start_pgmigrate_fail]:[194113]
[start_pgmigrate_fail_dst_node_full]:[11264]
[start_pgmigrate_fail_numa_isolate]:[11264]
[start_pgmigrate_fail_nomem]:[182782]
[start_pgmigrate_fail_refcount]:[1272]
[start_success_nr]:[2033756]
[start_retry_nr]:[23098]
[start_retreated_page_nr]:[723]
[start_try_to_promote_nr]:[2034479]
[start_task_num]:[0]
[start_write_protect_break_num]:[86304]
[start_shadow_link_num]:[1776223]
[start_shadow_demote_num]:[20801]
[start_batch_free_num]:[1655231]
[start_transactional_migration_success_num]:[2033729]
[start_transactional_migration_fail_num]:[1222]
[start_shadow_page_pair]:[13779]
[end_pgdemote_kswapd]:[13084496]
[end_pgdemote_direct]:[0]
[end_pgdemote_file]:[149558]
[end_pgdemote_anon]:[12934938]
[end_pgpromote_candidate]:[7958185]
[end_pgpromote_candidate_demoted]:[5083830]
[end_pgpromote_candidate_anon]:[7957714]
[end_pgpromote_candidate_file]:[471]
[end_pgpromote_tried]:[0]
[end_pgpromote_file]:[0]
[end_pgpromote_anon]:[0]
[end_pgmigrate_success]:[14958416]
[end_pgmigrate_fail]:[847095]
[end_pgmigrate_fail_dst_node_full]:[11264]
[end_pgmigrate_fail_numa_isolate]:[11264]
[end_pgmigrate_fail_nomem]:[835763]
[end_pgmigrate_fail_refcount]:[3015]
[end_success_nr]:[7653949]
[end_retry_nr]:[47844]
[end_retreated_page_nr]:[1060]
[end_try_to_promote_nr]:[7655009]
[end_task_num]:[0]
[end_write_protect_break_num]:[205452]
[end_shadow_link_num]:[5689412]
[end_shadow_demote_num]:[40795]
[end_batch_free_num]:[5443023]
[end_transactional_migration_success_num]:[7653922]
[end_transactional_migration_fail_num]:[2965]
[end_shadow_page_pair]:[2]
[note]:[1]
[milliseconds]:[90601]
[total tick]:[235560584516]
[work type]:[0]
[Bandwidth(MB/s)]:[1293.445988]
---------------------------
-----------start-----------
[start_pgdemote_kswapd]:[13142674]
[start_pgdemote_direct]:[0]
[start_pgdemote_file]:[149571]
[start_pgdemote_anon]:[12993103]
[start_pgpromote_candidate]:[7958266]
[start_pgpromote_candidate_demoted]:[5083903]
[start_pgpromote_candidate_anon]:[7957764]
[start_pgpromote_candidate_file]:[502]
[start_pgpromote_tried]:[0]
[start_pgpromote_file]:[0]
[start_pgpromote_anon]:[0]
[start_pgmigrate_success]:[15016594]
[start_pgmigrate_fail]:[847380]
[start_pgmigrate_fail_dst_node_full]:[11264]
[start_pgmigrate_fail_numa_isolate]:[11264]
[start_pgmigrate_fail_nomem]:[836048]
[start_pgmigrate_fail_refcount]:[3115]
[start_success_nr]:[7653986]
[start_retry_nr]:[47945]
[start_retreated_page_nr]:[1070]
[start_try_to_promote_nr]:[7655056]
[start_task_num]:[0]
[start_write_protect_break_num]:[205458]
[start_shadow_link_num]:[5689439]
[start_shadow_demote_num]:[40795]
[start_batch_free_num]:[5443028]
[start_transactional_migration_success_num]:[7653959]
[start_transactional_migration_fail_num]:[3065]
[start_shadow_page_pair]:[16]
[end_pgdemote_kswapd]:[16423788]
[end_pgdemote_direct]:[0]
[end_pgdemote_file]:[150593]
[end_pgdemote_anon]:[16273195]
[end_pgpromote_candidate]:[11229953]
[end_pgpromote_candidate_demoted]:[8332183]
[end_pgpromote_candidate_anon]:[11229428]
[end_pgpromote_candidate_file]:[525]
[end_pgpromote_tried]:[0]
[end_pgpromote_file]:[0]
[end_pgpromote_anon]:[0]
[end_pgmigrate_success]:[18297708]
[end_pgmigrate_fail]:[1435546]
[end_pgmigrate_fail_dst_node_full]:[11264]
[end_pgmigrate_fail_numa_isolate]:[11264]
[end_pgmigrate_fail_nomem]:[1424214]
[end_pgmigrate_fail_refcount]:[4211]
[end_success_nr]:[10925450]
[end_retry_nr]:[66847]
[end_retreated_page_nr]:[1264]
[end_try_to_promote_nr]:[10926714]
[end_task_num]:[0]
[end_write_protect_break_num]:[207824]
[end_shadow_link_num]:[7905746]
[end_shadow_demote_num]:[40795]
[end_batch_free_num]:[7656965]
[end_transactional_migration_success_num]:[10925424]
[end_transactional_migration_fail_num]:[4161]
[end_shadow_page_pair]:[0]
[note]:[2]
[milliseconds]:[63563]
[total tick]:[165259600832]
[work type]:[0]
[Bandwidth(MB/s)]:[1843.643315]
---------------------------
-----------start-----------
[start_pgdemote_kswapd]:[16423788]
[start_pgdemote_direct]:[0]
[start_pgdemote_file]:[150593]
[start_pgdemote_anon]:[16273195]
[start_pgpromote_candidate]:[11230550]
[start_pgpromote_candidate_demoted]:[8332778]
[start_pgpromote_candidate_anon]:[11230010]
[start_pgpromote_candidate_file]:[540]
[start_pgpromote_tried]:[0]
[start_pgpromote_file]:[0]
[start_pgpromote_anon]:[0]
[start_pgmigrate_success]:[18297708]
[start_pgmigrate_fail]:[1436286]
[start_pgmigrate_fail_dst_node_full]:[11264]
[start_pgmigrate_fail_numa_isolate]:[11264]
[start_pgmigrate_fail_nomem]:[1424954]
[start_pgmigrate_fail_refcount]:[4501]
[start_success_nr]:[10926009]
[start_retry_nr]:[67138]
[start_retreated_page_nr]:[1292]
[start_try_to_promote_nr]:[10927301]
[start_task_num]:[0]
[start_write_protect_break_num]:[207946]
[start_shadow_link_num]:[7906278]
[start_shadow_demote_num]:[40795]
[start_batch_free_num]:[7656989]
[start_transactional_migration_success_num]:[10925981]
[start_transactional_migration_fail_num]:[4451]
[start_shadow_page_pair]:[374]
[end_pgdemote_kswapd]:[18497937]
[end_pgdemote_direct]:[0]
[end_pgdemote_file]:[152116]
[end_pgdemote_anon]:[18345821]
[end_pgpromote_candidate]:[13581737]
[end_pgpromote_candidate_demoted]:[10671727]
[end_pgpromote_candidate_anon]:[13581100]
[end_pgpromote_candidate_file]:[637]
[end_pgpromote_tried]:[0]
[end_pgpromote_file]:[0]
[end_pgpromote_anon]:[0]
[end_pgmigrate_success]:[53812891]
[end_pgmigrate_fail]:[1701607]
[end_pgmigrate_fail_dst_node_full]:[11264]
[end_pgmigrate_fail_numa_isolate]:[11264]
[end_pgmigrate_fail_nomem]:[1690264]
[end_pgmigrate_fail_refcount]:[7671]
[end_success_nr]:[13276731]
[end_retry_nr]:[77885]
[end_retreated_page_nr]:[1657]
[end_try_to_promote_nr]:[13278388]
[end_task_num]:[0]
[end_write_protect_break_num]:[387222]
[end_shadow_link_num]:[9287514]
[end_shadow_demote_num]:[40799]
[end_batch_free_num]:[8741022]
[end_transactional_migration_success_num]:[13276534]
[end_transactional_migration_fail_num]:[7604]
[end_shadow_page_pair]:[118241]
[note]:[3]
[milliseconds]:[58166]
[total tick]:[151230590358]
[work type]:[0]
[Bandwidth(MB/s)]:[2014.707905]
---------------------------
-----------start-----------
[start_pgdemote_kswapd]:[18774303]
[start_pgdemote_direct]:[0]
[start_pgdemote_file]:[152278]
[start_pgdemote_anon]:[18622025]
[start_pgpromote_candidate]:[13581793]
[start_pgpromote_candidate_demoted]:[10671780]
[start_pgpromote_candidate_anon]:[13581141]
[start_pgpromote_candidate_file]:[652]
[start_pgpromote_tried]:[0]
[start_pgpromote_file]:[0]
[start_pgpromote_anon]:[0]
[start_pgmigrate_success]:[54089257]
[start_pgmigrate_fail]:[1713200]
[start_pgmigrate_fail_dst_node_full]:[11264]
[start_pgmigrate_fail_numa_isolate]:[11264]
[start_pgmigrate_fail_nomem]:[1701857]
[start_pgmigrate_fail_refcount]:[7761]
[start_success_nr]:[13276759]
[start_retry_nr]:[77975]
[start_retreated_page_nr]:[1666]
[start_try_to_promote_nr]:[13278425]
[start_task_num]:[0]
[start_write_protect_break_num]:[387222]
[start_shadow_link_num]:[9287533]
[start_shadow_demote_num]:[40799]
[start_batch_free_num]:[8859270]
[start_transactional_migration_success_num]:[13276562]
[start_transactional_migration_fail_num]:[7674]
[start_shadow_page_pair]:[1]
[end_pgdemote_kswapd]:[20954000]
[end_pgdemote_direct]:[0]
[end_pgdemote_file]:[152305]
[end_pgdemote_anon]:[20801695]
[end_pgpromote_candidate]:[15761640]
[end_pgpromote_candidate_demoted]:[12843983]
[end_pgpromote_candidate_anon]:[15760952]
[end_pgpromote_candidate_file]:[688]
[end_pgpromote_tried]:[0]
[end_pgpromote_file]:[0]
[end_pgpromote_anon]:[0]
[end_pgmigrate_success]:[56268954]
[end_pgmigrate_fail]:[1872382]
[end_pgmigrate_fail_dst_node_full]:[11264]
[end_pgmigrate_fail_numa_isolate]:[11264]
[end_pgmigrate_fail_nomem]:[1861036]
[end_pgmigrate_fail_refcount]:[8596]
[end_success_nr]:[15456270]
[end_retry_nr]:[88303]
[end_retreated_page_nr]:[1872]
[end_try_to_promote_nr]:[15458144]
[end_task_num]:[0]
[end_write_protect_break_num]:[611344]
[end_shadow_link_num]:[10533323]
[end_shadow_demote_num]:[40801]
[end_batch_free_num]:[9880892]
[end_transactional_migration_success_num]:[15456075]
[end_transactional_migration_fail_num]:[8509]
[end_shadow_page_pair]:[0]
[note]:[4]
[milliseconds]:[54127]
[total tick]:[140731192620]
[work type]:[0]
[Bandwidth(MB/s)]:[2165.047019]
---------------------------
