-----------start-----------
[start_pgdemote_kswapd]:[2602376]
[start_pgdemote_direct]:[0]
[start_pgdemote_file]:[125596]
[start_pgdemote_anon]:[2476780]
[start_pgpromote_candidate]:[156]
[start_pgpromote_candidate_demoted]:[156]
[start_pgpromote_candidate_anon]:[154]
[start_pgpromote_candidate_file]:[2]
[start_pgpromote_tried]:[0]
[start_pgpromote_file]:[0]
[start_pgpromote_anon]:[0]
[start_pgmigrate_success]:[2602376]
[start_pgmigrate_fail]:[0]
[start_pgmigrate_fail_dst_node_full]:[0]
[start_pgmigrate_fail_numa_isolate]:[0]
[start_pgmigrate_fail_nomem]:[0]
[start_pgmigrate_fail_refcount]:[150]
[start_success_nr]:[136]
[start_retry_nr]:[150]
[start_retreated_page_nr]:[15]
[start_try_to_promote_nr]:[151]
[start_task_num]:[0]
[start_write_protect_break_num]:[24]
[start_shadow_link_num]:[136]
[start_shadow_demote_num]:[0]
[start_batch_free_num]:[0]
[start_transactional_migration_success_num]:[136]
[start_transactional_migration_fail_num]:[150]
[start_shadow_page_pair]:[95]
[end_pgdemote_kswapd]:[6643167]
[end_pgdemote_direct]:[0]
[end_pgdemote_file]:[151692]
[end_pgdemote_anon]:[6491475]
[end_pgpromote_candidate]:[1076118]
[end_pgpromote_candidate_demoted]:[280255]
[end_pgpromote_candidate_anon]:[1075943]
[end_pgpromote_candidate_file]:[175]
[end_pgpromote_tried]:[0]
[end_pgpromote_file]:[0]
[end_pgpromote_anon]:[0]
[end_pgmigrate_success]:[8757727]
[end_pgmigrate_fail]:[168548]
[end_pgmigrate_fail_dst_node_full]:[0]
[end_pgmigrate_fail_numa_isolate]:[0]
[end_pgmigrate_fail_nomem]:[167931]
[end_pgmigrate_fail_refcount]:[3214]
[end_success_nr]:[1071204]
[end_retry_nr]:[9295]
[end_retreated_page_nr]:[480]
[end_try_to_promote_nr]:[1071684]
[end_task_num]:[0]
[end_write_protect_break_num]:[94586]
[end_shadow_link_num]:[1071188]
[end_shadow_demote_num]:[110]
[end_batch_free_num]:[856106]
[end_transactional_migration_success_num]:[1071189]
[end_transactional_migration_fail_num]:[3194]
[end_shadow_page_pair]:[120256]
[note]:[0]
[milliseconds]:[39544]
[total tick]:[102793414383]
[work type]:[0]
[Bandwidth(MB/s)]:[2963.471070]
---------------------------
-----------start-----------
[start_pgdemote_kswapd]:[6649531]
[start_pgdemote_direct]:[0]
[start_pgdemote_file]:[151692]
[start_pgdemote_anon]:[6497839]
[start_pgpromote_candidate]:[1076225]
[start_pgpromote_candidate_demoted]:[280362]
[start_pgpromote_candidate_anon]:[1076036]
[start_pgpromote_candidate_file]:[189]
[start_pgpromote_tried]:[0]
[start_pgpromote_file]:[0]
[start_pgpromote_anon]:[0]
[start_pgmigrate_success]:[8764091]
[start_pgmigrate_fail]:[169144]
[start_pgmigrate_fail_dst_node_full]:[0]
[start_pgmigrate_fail_numa_isolate]:[0]
[start_pgmigrate_fail_nomem]:[168527]
[start_pgmigrate_fail_refcount]:[3414]
[start_success_nr]:[1071277]
[start_retry_nr]:[9496]
[start_retreated_page_nr]:[500]
[start_try_to_promote_nr]:[1071777]
[start_task_num]:[0]
[start_write_protect_break_num]:[94594]
[start_shadow_link_num]:[1071257]
[start_shadow_demote_num]:[111]
[start_batch_free_num]:[862226]
[start_transactional_migration_success_num]:[1071259]
[start_transactional_migration_fail_num]:[3334]
[start_shadow_page_pair]:[114177]
[end_pgdemote_kswapd]:[12561620]
[end_pgdemote_direct]:[0]
[end_pgdemote_file]:[152965]
[end_pgdemote_anon]:[12408655]
[end_pgpromote_candidate]:[7064391]
[end_pgpromote_candidate_demoted]:[4647387]
[end_pgpromote_candidate_anon]:[7063984]
[end_pgpromote_candidate_file]:[407]
[end_pgpromote_tried]:[0]
[end_pgpromote_file]:[0]
[end_pgpromote_anon]:[0]
[end_pgmigrate_success]:[14676180]
[end_pgmigrate_fail]:[1369040]
[end_pgmigrate_fail_dst_node_full]:[0]
[end_pgmigrate_fail_numa_isolate]:[0]
[end_pgmigrate_fail_nomem]:[1367961]
[end_pgmigrate_fail_refcount]:[7360]
[end_success_nr]:[6869167]
[end_retry_nr]:[46751]
[end_retreated_page_nr]:[1069]
[end_try_to_promote_nr]:[6870236]
[end_task_num]:[0]
[end_write_protect_break_num]:[164531]
[end_shadow_link_num]:[6869121]
[end_shadow_demote_num]:[64531]
[end_batch_free_num]:[6639821]
[end_transactional_migration_success_num]:[6869126]
[end_transactional_migration_fail_num]:[7250]
[end_shadow_page_pair]:[0]
[note]:[1]
[milliseconds]:[100985]
[total tick]:[262563393514]
[work type]:[0]
[Bandwidth(MB/s)]:[1160.444620]
---------------------------
-----------start-----------
[start_pgdemote_kswapd]:[12620378]
[start_pgdemote_direct]:[0]
[start_pgdemote_file]:[153026]
[start_pgdemote_anon]:[12467352]
[start_pgpromote_candidate]:[7064518]
[start_pgpromote_candidate_demoted]:[4647511]
[start_pgpromote_candidate_anon]:[7064042]
[start_pgpromote_candidate_file]:[476]
[start_pgpromote_tried]:[0]
[start_pgpromote_file]:[0]
[start_pgpromote_anon]:[0]
[start_pgmigrate_success]:[14734938]
[start_pgmigrate_fail]:[1480208]
[start_pgmigrate_fail_dst_node_full]:[0]
[start_pgmigrate_fail_numa_isolate]:[0]
[start_pgmigrate_fail_nomem]:[1479124]
[start_pgmigrate_fail_refcount]:[7370]
[start_success_nr]:[6869220]
[start_retry_nr]:[46762]
[start_retreated_page_nr]:[1070]
[start_try_to_promote_nr]:[6870290]
[start_task_num]:[0]
[start_write_protect_break_num]:[164541]
[start_shadow_link_num]:[6869172]
[start_shadow_demote_num]:[64531]
[start_batch_free_num]:[6639836]
[start_transactional_migration_success_num]:[6869178]
[start_transactional_migration_fail_num]:[7260]
[start_shadow_page_pair]:[14]
[end_pgdemote_kswapd]:[15886758]
[end_pgdemote_direct]:[0]
[end_pgdemote_file]:[153203]
[end_pgdemote_anon]:[15733555]
[end_pgpromote_candidate]:[10331539]
[end_pgpromote_candidate_demoted]:[7889126]
[end_pgpromote_candidate_anon]:[10331032]
[end_pgpromote_candidate_file]:[507]
[end_pgpromote_tried]:[0]
[end_pgpromote_file]:[0]
[end_pgpromote_anon]:[0]
[end_pgmigrate_success]:[18001318]
[end_pgmigrate_fail]:[2201596]
[end_pgmigrate_fail_dst_node_full]:[0]
[end_pgmigrate_fail_numa_isolate]:[0]
[end_pgmigrate_fail_nomem]:[2200358]
[end_pgmigrate_fail_refcount]:[9352]
[end_success_nr]:[10135826]
[end_retry_nr]:[61701]
[end_retreated_page_nr]:[1372]
[end_try_to_promote_nr]:[10137201]
[end_task_num]:[0]
[end_write_protect_break_num]:[255923]
[end_shadow_link_num]:[10135771]
[end_shadow_demote_num]:[64543]
[end_batch_free_num]:[9815004]
[end_transactional_migration_success_num]:[10135778]
[end_transactional_migration_fail_num]:[9242]
[end_shadow_page_pair]:[0]
[note]:[2]
[milliseconds]:[64666]
[total tick]:[168138081826]
[work type]:[0]
[Bandwidth(MB/s)]:[1812.196517]
---------------------------
-----------start-----------
[start_pgdemote_kswapd]:[15888055]
[start_pgdemote_direct]:[0]
[start_pgdemote_file]:[153203]
[start_pgdemote_anon]:[15734852]
[start_pgpromote_candidate]:[10332645]
[start_pgpromote_candidate_demoted]:[7890232]
[start_pgpromote_candidate_anon]:[10332112]
[start_pgpromote_candidate_file]:[533]
[start_pgpromote_tried]:[0]
[start_pgpromote_file]:[0]
[start_pgpromote_anon]:[0]
[start_pgmigrate_success]:[18002615]
[start_pgmigrate_fail]:[2496028]
[start_pgmigrate_fail_dst_node_full]:[0]
[start_pgmigrate_fail_numa_isolate]:[0]
[start_pgmigrate_fail_nomem]:[2494790]
[start_pgmigrate_fail_refcount]:[9735]
[start_success_nr]:[10136864]
[start_retry_nr]:[62085]
[start_retreated_page_nr]:[1408]
[start_try_to_promote_nr]:[10138275]
[start_task_num]:[0]
[start_write_protect_break_num]:[255924]
[start_shadow_link_num]:[10136808]
[start_shadow_demote_num]:[64543]
[start_batch_free_num]:[9816039]
[start_transactional_migration_success_num]:[10136815]
[start_transactional_migration_fail_num]:[9625]
[start_shadow_page_pair]:[0]
[end_pgdemote_kswapd]:[18676516]
[end_pgdemote_direct]:[0]
[end_pgdemote_file]:[153224]
[end_pgdemote_anon]:[18523292]
[end_pgpromote_candidate]:[13121766]
[end_pgpromote_candidate_demoted]:[10679205]
[end_pgpromote_candidate_anon]:[13121225]
[end_pgpromote_candidate_file]:[541]
[end_pgpromote_tried]:[0]
[end_pgpromote_file]:[0]
[end_pgpromote_anon]:[0]
[end_pgmigrate_success]:[20791076]
[end_pgmigrate_fail]:[3225966]
[end_pgmigrate_fail_dst_node_full]:[0]
[end_pgmigrate_fail_numa_isolate]:[0]
[end_pgmigrate_fail_nomem]:[3224595]
[end_pgmigrate_fail_refcount]:[10741]
[end_success_nr]:[12925870]
[end_retry_nr]:[71740]
[end_retreated_page_nr]:[1516]
[end_try_to_promote_nr]:[12927389]
[end_task_num]:[0]
[end_write_protect_break_num]:[256085]
[end_shadow_link_num]:[12925808]
[end_shadow_demote_num]:[64543]
[end_batch_free_num]:[12604844]
[end_transactional_migration_success_num]:[12925818]
[end_transactional_migration_fail_num]:[10631]
[end_shadow_page_pair]:[0]
[note]:[3]
[milliseconds]:[58898]
[total tick]:[153136900136]
[work type]:[0]
[Bandwidth(MB/s)]:[1989.668580]
---------------------------
-----------start-----------
[start_pgdemote_kswapd]:[18679485]
[start_pgdemote_direct]:[0]
[start_pgdemote_file]:[153224]
[start_pgdemote_anon]:[18526261]
[start_pgpromote_candidate]:[13121817]
[start_pgpromote_candidate_demoted]:[10679256]
[start_pgpromote_candidate_anon]:[13121276]
[start_pgpromote_candidate_file]:[541]
[start_pgpromote_tried]:[0]
[start_pgpromote_file]:[0]
[start_pgpromote_anon]:[0]
[start_pgmigrate_success]:[20794045]
[start_pgmigrate_fail]:[3437711]
[start_pgmigrate_fail_dst_node_full]:[0]
[start_pgmigrate_fail_numa_isolate]:[0]
[start_pgmigrate_fail_nomem]:[3436340]
[start_pgmigrate_fail_refcount]:[10811]
[start_success_nr]:[12925913]
[start_retry_nr]:[71810]
[start_retreated_page_nr]:[1523]
[start_try_to_promote_nr]:[12927439]
[start_task_num]:[0]
[start_write_protect_break_num]:[256085]
[start_shadow_link_num]:[12925846]
[start_shadow_demote_num]:[64543]
[start_batch_free_num]:[12604877]
[start_transactional_migration_success_num]:[12925856]
[start_transactional_migration_fail_num]:[10701]
[start_shadow_page_pair]:[0]
[end_pgdemote_kswapd]:[21187096]
[end_pgdemote_direct]:[0]
[end_pgdemote_file]:[155338]
[end_pgdemote_anon]:[21031758]
[end_pgpromote_candidate]:[15627906]
[end_pgpromote_candidate_demoted]:[13185165]
[end_pgpromote_candidate_anon]:[15627266]
[end_pgpromote_candidate_file]:[640]
[end_pgpromote_tried]:[0]
[end_pgpromote_file]:[0]
[end_pgpromote_anon]:[0]
[end_pgmigrate_success]:[23301656]
[end_pgmigrate_fail]:[4158466]
[end_pgmigrate_fail_dst_node_full]:[0]
[end_pgmigrate_fail_numa_isolate]:[0]
[end_pgmigrate_fail_nomem]:[4156979]
[end_pgmigrate_fail_refcount]:[12675]
[end_success_nr]:[15431592]
[end_retry_nr]:[82512]
[end_retreated_page_nr]:[1836]
[end_try_to_promote_nr]:[15433431]
[end_task_num]:[0]
[end_write_protect_break_num]:[379060]
[end_shadow_link_num]:[15431522]
[end_shadow_demote_num]:[64559]
[end_batch_free_num]:[14987497]
[end_transactional_migration_success_num]:[15431532]
[end_transactional_migration_fail_num]:[12555]
[end_shadow_page_pair]:[0]
[note]:[4]
[milliseconds]:[68288]
[total tick]:[177548070252]
[work type]:[0]
[Bandwidth(MB/s)]:[1716.077495]
---------------------------
