-----------start-----------
[start_pgdemote_kswapd]:[2674970]
[start_pgdemote_direct]:[0]
[start_pgdemote_file]:[135530]
[start_pgdemote_anon]:[2539440]
[start_pgpromote_candidate]:[118]
[start_pgpromote_candidate_demoted]:[109]
[start_pgpromote_candidate_anon]:[116]
[start_pgpromote_candidate_file]:[2]
[start_pgpromote_tried]:[0]
[start_pgpromote_file]:[0]
[start_pgpromote_anon]:[0]
[start_pgmigrate_success]:[2674970]
[start_pgmigrate_fail]:[0]
[start_pgmigrate_fail_dst_node_full]:[0]
[start_pgmigrate_fail_numa_isolate]:[0]
[start_pgmigrate_fail_nomem]:[0]
[start_pgmigrate_fail_refcount]:[130]
[start_success_nr]:[86]
[start_retry_nr]:[132]
[start_retreated_page_nr]:[13]
[start_try_to_promote_nr]:[99]
[start_task_num]:[0]
[start_write_protect_break_num]:[18]
[start_shadow_link_num]:[86]
[start_shadow_demote_num]:[0]
[start_batch_free_num]:[0]
[start_transactional_migration_success_num]:[87]
[start_transactional_migration_fail_num]:[130]
[start_shadow_page_pair]:[53]
[end_pgdemote_kswapd]:[3633926]
[end_pgdemote_direct]:[0]
[end_pgdemote_file]:[135530]
[end_pgdemote_anon]:[3498396]
[end_pgpromote_candidate]:[3466]
[end_pgpromote_candidate_demoted]:[3457]
[end_pgpromote_candidate_anon]:[3464]
[end_pgpromote_candidate_file]:[2]
[end_pgpromote_tried]:[0]
[end_pgpromote_file]:[0]
[end_pgpromote_anon]:[0]
[end_pgmigrate_success]:[3633926]
[end_pgmigrate_fail]:[7541]
[end_pgmigrate_fail_dst_node_full]:[0]
[end_pgmigrate_fail_numa_isolate]:[0]
[end_pgmigrate_fail_nomem]:[7541]
[end_pgmigrate_fail_refcount]:[180]
[end_success_nr]:[3428]
[end_retry_nr]:[182]
[end_retreated_page_nr]:[18]
[end_try_to_promote_nr]:[3446]
[end_task_num]:[0]
[end_write_protect_break_num]:[1297]
[end_shadow_link_num]:[3428]
[end_shadow_demote_num]:[0]
[end_batch_free_num]:[1394]
[end_transactional_migration_success_num]:[3429]
[end_transactional_migration_fail_num]:[180]
[end_shadow_page_pair]:[663]
[note]:[0]
[milliseconds]:[14818]
[total tick]:[38525423250]
[work type]:[0]
[Bandwidth(MB/s)]:[7908.455932]
---------------------------
-----------start-----------
[start_pgdemote_kswapd]:[3633926]
[start_pgdemote_direct]:[0]
[start_pgdemote_file]:[135530]
[start_pgdemote_anon]:[3498396]
[start_pgpromote_candidate]:[3471]
[start_pgpromote_candidate_demoted]:[3462]
[start_pgpromote_candidate_anon]:[3469]
[start_pgpromote_candidate_file]:[2]
[start_pgpromote_tried]:[0]
[start_pgpromote_file]:[0]
[start_pgpromote_anon]:[0]
[start_pgmigrate_success]:[3633926]
[start_pgmigrate_fail]:[7541]
[start_pgmigrate_fail_dst_node_full]:[0]
[start_pgmigrate_fail_numa_isolate]:[0]
[start_pgmigrate_fail_nomem]:[7541]
[start_pgmigrate_fail_refcount]:[180]
[start_success_nr]:[3433]
[start_retry_nr]:[182]
[start_retreated_page_nr]:[18]
[start_try_to_promote_nr]:[3451]
[start_task_num]:[0]
[start_write_protect_break_num]:[1297]
[start_shadow_link_num]:[3433]
[start_shadow_demote_num]:[0]
[start_batch_free_num]:[1394]
[start_transactional_migration_success_num]:[3434]
[start_transactional_migration_fail_num]:[180]
[start_shadow_page_pair]:[668]
[end_pgdemote_kswapd]:[5157910]
[end_pgdemote_direct]:[0]
[end_pgdemote_file]:[166912]
[end_pgdemote_anon]:[4990998]
[end_pgpromote_candidate]:[1518927]
[end_pgpromote_candidate_demoted]:[927632]
[end_pgpromote_candidate_anon]:[1518513]
[end_pgpromote_candidate_file]:[414]
[end_pgpromote_tried]:[0]
[end_pgpromote_file]:[0]
[end_pgpromote_anon]:[0]
[end_pgmigrate_success]:[7538867]
[end_pgmigrate_fail]:[189214]
[end_pgmigrate_fail_dst_node_full]:[0]
[end_pgmigrate_fail_numa_isolate]:[0]
[end_pgmigrate_fail_nomem]:[189157]
[end_pgmigrate_fail_refcount]:[2504]
[end_success_nr]:[1518134]
[end_retry_nr]:[9746]
[end_retreated_page_nr]:[360]
[end_try_to_promote_nr]:[1518495]
[end_task_num]:[0]
[end_write_protect_break_num]:[255813]
[end_shadow_link_num]:[1518129]
[end_shadow_demote_num]:[1893]
[end_batch_free_num]:[1260229]
[end_transactional_migration_success_num]:[1518130]
[end_transactional_migration_fail_num]:[2474]
[end_shadow_page_pair]:[0]
[note]:[1]
[milliseconds]:[40672]
[total tick]:[105739633714]
[work type]:[0]
[Bandwidth(MB/s)]:[2881.281963]
---------------------------
-----------start-----------
[start_pgdemote_kswapd]:[5211993]
[start_pgdemote_direct]:[0]
[start_pgdemote_file]:[166917]
[start_pgdemote_anon]:[5045076]
[start_pgpromote_candidate]:[1519034]
[start_pgpromote_candidate_demoted]:[927737]
[start_pgpromote_candidate_anon]:[1518547]
[start_pgpromote_candidate_file]:[487]
[start_pgpromote_tried]:[0]
[start_pgpromote_file]:[0]
[start_pgpromote_anon]:[0]
[start_pgmigrate_success]:[10228913]
[start_pgmigrate_fail]:[189253]
[start_pgmigrate_fail_dst_node_full]:[0]
[start_pgmigrate_fail_numa_isolate]:[0]
[start_pgmigrate_fail_nomem]:[189196]
[start_pgmigrate_fail_refcount]:[2514]
[start_success_nr]:[1518159]
[start_retry_nr]:[9756]
[start_retreated_page_nr]:[361]
[start_try_to_promote_nr]:[1518521]
[start_task_num]:[0]
[start_write_protect_break_num]:[255818]
[start_shadow_link_num]:[1518151]
[start_shadow_demote_num]:[1893]
[start_batch_free_num]:[1260232]
[start_transactional_migration_success_num]:[1518149]
[start_transactional_migration_fail_num]:[2484]
[start_shadow_page_pair]:[11]
[end_pgdemote_kswapd]:[7629263]
[end_pgdemote_direct]:[0]
[end_pgdemote_file]:[166936]
[end_pgdemote_anon]:[7462327]
[end_pgpromote_candidate]:[3932997]
[end_pgpromote_candidate_demoted]:[3249235]
[end_pgpromote_candidate_anon]:[3932218]
[end_pgpromote_candidate_file]:[779]
[end_pgpromote_tried]:[0]
[end_pgpromote_file]:[0]
[end_pgpromote_anon]:[0]
[end_pgmigrate_success]:[12646183]
[end_pgmigrate_fail]:[822988]
[end_pgmigrate_fail_dst_node_full]:[0]
[end_pgmigrate_fail_numa_isolate]:[0]
[end_pgmigrate_fail_nomem]:[822931]
[end_pgmigrate_fail_refcount]:[3651]
[end_success_nr]:[3931442]
[end_retry_nr]:[18917]
[end_retreated_page_nr]:[476]
[end_try_to_promote_nr]:[3931920]
[end_task_num]:[0]
[end_write_protect_break_num]:[256172]
[end_shadow_link_num]:[3931431]
[end_shadow_demote_num]:[1893]
[end_batch_free_num]:[3673140]
[end_transactional_migration_success_num]:[3931433]
[end_transactional_migration_fail_num]:[3621]
[end_shadow_page_pair]:[0]
[note]:[2]
[milliseconds]:[53627]
[total tick]:[139433246702]
[work type]:[0]
[Bandwidth(MB/s)]:[2185.233185]
---------------------------
-----------start-----------
[start_pgdemote_kswapd]:[7629263]
[start_pgdemote_direct]:[0]
[start_pgdemote_file]:[166936]
[start_pgdemote_anon]:[7462327]
[start_pgpromote_candidate]:[3933019]
[start_pgpromote_candidate_demoted]:[3249257]
[start_pgpromote_candidate_anon]:[3932240]
[start_pgpromote_candidate_file]:[779]
[start_pgpromote_tried]:[0]
[start_pgpromote_file]:[0]
[start_pgpromote_anon]:[0]
[start_pgmigrate_success]:[12646183]
[start_pgmigrate_fail]:[824166]
[start_pgmigrate_fail_dst_node_full]:[0]
[start_pgmigrate_fail_numa_isolate]:[0]
[start_pgmigrate_fail_nomem]:[824109]
[start_pgmigrate_fail_refcount]:[3721]
[start_success_nr]:[3931459]
[start_retry_nr]:[18988]
[start_retreated_page_nr]:[483]
[start_try_to_promote_nr]:[3931944]
[start_task_num]:[0]
[start_write_protect_break_num]:[256173]
[start_shadow_link_num]:[3931447]
[start_shadow_demote_num]:[1893]
[start_batch_free_num]:[3673148]
[start_transactional_migration_success_num]:[3931450]
[start_transactional_migration_fail_num]:[3691]
[start_shadow_page_pair]:[6]
[end_pgdemote_kswapd]:[10038758]
[end_pgdemote_direct]:[0]
[end_pgdemote_file]:[166936]
[end_pgdemote_anon]:[9871822]
[end_pgpromote_candidate]:[6343331]
[end_pgpromote_candidate_demoted]:[5654751]
[end_pgpromote_candidate_anon]:[6342539]
[end_pgpromote_candidate_file]:[792]
[end_pgpromote_tried]:[0]
[end_pgpromote_file]:[0]
[end_pgpromote_anon]:[0]
[end_pgmigrate_success]:[15055678]
[end_pgmigrate_fail]:[1412892]
[end_pgmigrate_fail_dst_node_full]:[0]
[end_pgmigrate_fail_numa_isolate]:[0]
[end_pgmigrate_fail_nomem]:[1412835]
[end_pgmigrate_fail_refcount]:[4269]
[end_success_nr]:[6340745]
[end_retry_nr]:[25194]
[end_retreated_page_nr]:[547]
[end_try_to_promote_nr]:[6341294]
[end_task_num]:[0]
[end_write_protect_break_num]:[257161]
[end_shadow_link_num]:[6340733]
[end_shadow_demote_num]:[1893]
[end_batch_free_num]:[6081422]
[end_transactional_migration_success_num]:[6340736]
[end_transactional_migration_fail_num]:[4239]
[end_shadow_page_pair]:[0]
[note]:[3]
[milliseconds]:[53093]
[total tick]:[138040409414]
[work type]:[0]
[Bandwidth(MB/s)]:[2207.211874]
---------------------------
-----------start-----------
[start_pgdemote_kswapd]:[10038758]
[start_pgdemote_direct]:[0]
[start_pgdemote_file]:[166936]
[start_pgdemote_anon]:[9871822]
[start_pgpromote_candidate]:[6343881]
[start_pgpromote_candidate_demoted]:[5655295]
[start_pgpromote_candidate_anon]:[6343089]
[start_pgpromote_candidate_file]:[792]
[start_pgpromote_tried]:[0]
[start_pgpromote_file]:[0]
[start_pgpromote_anon]:[0]
[start_pgmigrate_success]:[15055678]
[start_pgmigrate_fail]:[1413959]
[start_pgmigrate_fail_dst_node_full]:[0]
[start_pgmigrate_fail_numa_isolate]:[0]
[start_pgmigrate_fail_nomem]:[1413902]
[start_pgmigrate_fail_refcount]:[4888]
[start_success_nr]:[6341239]
[start_retry_nr]:[25816]
[start_retreated_page_nr]:[602]
[start_try_to_promote_nr]:[6341843]
[start_task_num]:[0]
[start_write_protect_break_num]:[257221]
[start_shadow_link_num]:[6341225]
[start_shadow_demote_num]:[1893]
[start_batch_free_num]:[6081430]
[start_transactional_migration_success_num]:[6341228]
[start_transactional_migration_fail_num]:[4858]
[start_shadow_page_pair]:[417]
[end_pgdemote_kswapd]:[12542755]
[end_pgdemote_direct]:[0]
[end_pgdemote_file]:[166941]
[end_pgdemote_anon]:[12375814]
[end_pgpromote_candidate]:[8823525]
[end_pgpromote_candidate_demoted]:[8133095]
[end_pgpromote_candidate_anon]:[8822732]
[end_pgpromote_candidate_file]:[793]
[end_pgpromote_tried]:[0]
[end_pgpromote_file]:[0]
[end_pgpromote_anon]:[0]
[end_pgmigrate_success]:[17559675]
[end_pgmigrate_fail]:[1909620]
[end_pgmigrate_fail_dst_node_full]:[0]
[end_pgmigrate_fail_numa_isolate]:[0]
[end_pgmigrate_fail_nomem]:[1909563]
[end_pgmigrate_fail_refcount]:[4978]
[end_success_nr]:[8818645]
[end_retry_nr]:[33160]
[end_retreated_page_nr]:[652]
[end_try_to_promote_nr]:[8819299]
[end_task_num]:[0]
[end_write_protect_break_num]:[258693]
[end_shadow_link_num]:[8818631]
[end_shadow_demote_num]:[1893]
[end_batch_free_num]:[8557711]
[end_transactional_migration_success_num]:[8818634]
[end_transactional_migration_fail_num]:[4948]
[end_shadow_page_pair]:[46]
[note]:[4]
[milliseconds]:[54063]
[total tick]:[140558894044]
[work type]:[0]
[Bandwidth(MB/s)]:[2167.610011]
---------------------------
