-----------start-----------
[start_pgdemote_kswapd]:[2697426]
[start_pgdemote_direct]:[0]
[start_pgdemote_file]:[122527]
[start_pgdemote_anon]:[2574899]
[start_pgpromote_candidate]:[67]
[start_pgpromote_candidate_demoted]:[67]
[start_pgpromote_candidate_anon]:[67]
[start_pgpromote_candidate_file]:[0]
[start_pgpromote_tried]:[0]
[start_pgpromote_file]:[0]
[start_pgpromote_anon]:[0]
[start_pgmigrate_success]:[2697426]
[start_pgmigrate_fail]:[0]
[start_pgmigrate_fail_dst_node_full]:[0]
[start_pgmigrate_fail_numa_isolate]:[0]
[start_pgmigrate_fail_nomem]:[0]
[start_pgmigrate_fail_refcount]:[20]
[start_success_nr]:[58]
[start_retry_nr]:[20]
[start_retreated_page_nr]:[2]
[start_try_to_promote_nr]:[60]
[start_task_num]:[0]
[start_write_protect_break_num]:[14]
[start_shadow_link_num]:[58]
[start_shadow_demote_num]:[0]
[start_batch_free_num]:[0]
[start_transactional_migration_success_num]:[58]
[start_transactional_migration_fail_num]:[20]
[start_shadow_page_pair]:[24]
[end_pgdemote_kswapd]:[3626560]
[end_pgdemote_direct]:[0]
[end_pgdemote_file]:[122527]
[end_pgdemote_anon]:[3504033]
[end_pgpromote_candidate]:[4176]
[end_pgpromote_candidate_demoted]:[4176]
[end_pgpromote_candidate_anon]:[4176]
[end_pgpromote_candidate_file]:[0]
[end_pgpromote_tried]:[0]
[end_pgpromote_file]:[0]
[end_pgpromote_anon]:[0]
[end_pgmigrate_success]:[3635369]
[end_pgmigrate_fail]:[7155]
[end_pgmigrate_fail_dst_node_full]:[0]
[end_pgmigrate_fail_numa_isolate]:[0]
[end_pgmigrate_fail_nomem]:[7155]
[end_pgmigrate_fail_refcount]:[100]
[end_success_nr]:[4160]
[end_retry_nr]:[102]
[end_retreated_page_nr]:[10]
[end_try_to_promote_nr]:[4170]
[end_task_num]:[0]
[end_write_protect_break_num]:[1142]
[end_shadow_link_num]:[4160]
[end_shadow_demote_num]:[0]
[end_batch_free_num]:[2377]
[end_transactional_migration_success_num]:[4161]
[end_transactional_migration_fail_num]:[100]
[end_shadow_page_pair]:[568]
[note]:[0]
[milliseconds]:[14551]
[total tick]:[37833879684]
[work type]:[0]
[Bandwidth(MB/s)]:[8053.570201]
---------------------------
-----------start-----------
[start_pgdemote_kswapd]:[3626560]
[start_pgdemote_direct]:[0]
[start_pgdemote_file]:[122527]
[start_pgdemote_anon]:[3504033]
[start_pgpromote_candidate]:[4191]
[start_pgpromote_candidate_demoted]:[4191]
[start_pgpromote_candidate_anon]:[4191]
[start_pgpromote_candidate_file]:[0]
[start_pgpromote_tried]:[0]
[start_pgpromote_file]:[0]
[start_pgpromote_anon]:[0]
[start_pgmigrate_success]:[3635369]
[start_pgmigrate_fail]:[7155]
[start_pgmigrate_fail_dst_node_full]:[0]
[start_pgmigrate_fail_numa_isolate]:[0]
[start_pgmigrate_fail_nomem]:[7155]
[start_pgmigrate_fail_refcount]:[100]
[start_success_nr]:[4171]
[start_retry_nr]:[102]
[start_retreated_page_nr]:[10]
[start_try_to_promote_nr]:[4181]
[start_task_num]:[0]
[start_write_protect_break_num]:[1142]
[start_shadow_link_num]:[4171]
[start_shadow_demote_num]:[0]
[start_batch_free_num]:[2377]
[start_transactional_migration_success_num]:[4172]
[start_transactional_migration_fail_num]:[100]
[start_shadow_page_pair]:[576]
[end_pgdemote_kswapd]:[5186729]
[end_pgdemote_direct]:[0]
[end_pgdemote_file]:[154133]
[end_pgdemote_anon]:[5032596]
[end_pgpromote_candidate]:[1558023]
[end_pgpromote_candidate_demoted]:[933531]
[end_pgpromote_candidate_anon]:[1557612]
[end_pgpromote_candidate_file]:[411]
[end_pgpromote_tried]:[0]
[end_pgpromote_file]:[0]
[end_pgpromote_anon]:[0]
[end_pgmigrate_success]:[5612232]
[end_pgmigrate_fail]:[141044]
[end_pgmigrate_fail_dst_node_full]:[0]
[end_pgmigrate_fail_numa_isolate]:[0]
[end_pgmigrate_fail_nomem]:[140987]
[end_pgmigrate_fail_refcount]:[2360]
[end_success_nr]:[1556053]
[end_retry_nr]:[9063]
[end_retreated_page_nr]:[381]
[end_try_to_promote_nr]:[1556435]
[end_task_num]:[0]
[end_write_protect_break_num]:[310474]
[end_shadow_link_num]:[1556050]
[end_shadow_demote_num]:[1754]
[end_batch_free_num]:[1243616]
[end_transactional_migration_success_num]:[1556054]
[end_transactional_migration_fail_num]:[2360]
[end_shadow_page_pair]:[0]
[note]:[1]
[milliseconds]:[46177]
[total tick]:[120059213520]
[work type]:[0]
[Bandwidth(MB/s)]:[2537.789376]
---------------------------
-----------start-----------
[start_pgdemote_kswapd]:[5245553]
[start_pgdemote_direct]:[0]
[start_pgdemote_file]:[154149]
[start_pgdemote_anon]:[5091404]
[start_pgpromote_candidate]:[1558132]
[start_pgpromote_candidate_demoted]:[933638]
[start_pgpromote_candidate_anon]:[1557647]
[start_pgpromote_candidate_file]:[485]
[start_pgpromote_tried]:[0]
[start_pgpromote_file]:[0]
[start_pgpromote_anon]:[0]
[start_pgmigrate_success]:[5671056]
[start_pgmigrate_fail]:[141193]
[start_pgmigrate_fail_dst_node_full]:[0]
[start_pgmigrate_fail_numa_isolate]:[0]
[start_pgmigrate_fail_nomem]:[141136]
[start_pgmigrate_fail_refcount]:[2370]
[start_success_nr]:[1556086]
[start_retry_nr]:[9073]
[start_retreated_page_nr]:[382]
[start_try_to_promote_nr]:[1556469]
[start_task_num]:[0]
[start_write_protect_break_num]:[310475]
[start_shadow_link_num]:[1556076]
[start_shadow_demote_num]:[1754]
[start_batch_free_num]:[1243630]
[start_transactional_migration_success_num]:[1556080]
[start_transactional_migration_fail_num]:[2370]
[start_shadow_page_pair]:[1]
[end_pgdemote_kswapd]:[6845459]
[end_pgdemote_direct]:[0]
[end_pgdemote_file]:[154192]
[end_pgdemote_anon]:[6691267]
[end_pgpromote_candidate]:[3282462]
[end_pgpromote_candidate_demoted]:[2593922]
[end_pgpromote_candidate_anon]:[3281877]
[end_pgpromote_candidate_file]:[585]
[end_pgpromote_tried]:[0]
[end_pgpromote_file]:[0]
[end_pgpromote_anon]:[0]
[end_pgmigrate_success]:[8053512]
[end_pgmigrate_fail]:[257675]
[end_pgmigrate_fail_dst_node_full]:[0]
[end_pgmigrate_fail_numa_isolate]:[0]
[end_pgmigrate_fail_nomem]:[257618]
[end_pgmigrate_fail_refcount]:[3297]
[end_success_nr]:[3280088]
[end_retry_nr]:[15660]
[end_retreated_page_nr]:[599]
[end_try_to_promote_nr]:[3280690]
[end_task_num]:[0]
[end_write_protect_break_num]:[737523]
[end_shadow_link_num]:[3280074]
[end_shadow_demote_num]:[2558]
[end_batch_free_num]:[2416013]
[end_transactional_migration_success_num]:[3280080]
[end_transactional_migration_fail_num]:[3287]
[end_shadow_page_pair]:[123690]
[note]:[2]
[milliseconds]:[52580]
[total tick]:[136706976118]
[work type]:[0]
[Bandwidth(MB/s)]:[2228.746672]
---------------------------
-----------start-----------
[start_pgdemote_kswapd]:[6969137]
[start_pgdemote_direct]:[0]
[start_pgdemote_file]:[154192]
[start_pgdemote_anon]:[6814945]
[start_pgpromote_candidate]:[3282517]
[start_pgpromote_candidate_demoted]:[2593977]
[start_pgpromote_candidate_anon]:[3281932]
[start_pgpromote_candidate_file]:[585]
[start_pgpromote_tried]:[0]
[start_pgpromote_file]:[0]
[start_pgpromote_anon]:[0]
[start_pgmigrate_success]:[8177190]
[start_pgmigrate_fail]:[270060]
[start_pgmigrate_fail_dst_node_full]:[0]
[start_pgmigrate_fail_numa_isolate]:[0]
[start_pgmigrate_fail_nomem]:[270003]
[start_pgmigrate_fail_refcount]:[3407]
[start_success_nr]:[3280131]
[start_retry_nr]:[15772]
[start_retreated_page_nr]:[610]
[start_try_to_promote_nr]:[3280744]
[start_task_num]:[0]
[start_write_protect_break_num]:[737529]
[start_shadow_link_num]:[3280113]
[start_shadow_demote_num]:[2558]
[start_batch_free_num]:[2539720]
[start_transactional_migration_success_num]:[3280121]
[start_transactional_migration_fail_num]:[3377]
[start_shadow_page_pair]:[15]
[end_pgdemote_kswapd]:[8552497]
[end_pgdemote_direct]:[0]
[end_pgdemote_file]:[154208]
[end_pgdemote_anon]:[8398289]
[end_pgpromote_candidate]:[5165636]
[end_pgpromote_candidate_demoted]:[4472627]
[end_pgpromote_candidate_anon]:[5164979]
[end_pgpromote_candidate_file]:[657]
[end_pgpromote_tried]:[0]
[end_pgpromote_file]:[0]
[end_pgpromote_anon]:[0]
[end_pgmigrate_success]:[9760550]
[end_pgmigrate_fail]:[412165]
[end_pgmigrate_fail_dst_node_full]:[0]
[end_pgmigrate_fail_numa_isolate]:[0]
[end_pgmigrate_fail_nomem]:[412108]
[end_pgmigrate_fail_refcount]:[4954]
[end_success_nr]:[5162624]
[end_retry_nr]:[23863]
[end_retreated_page_nr]:[883]
[end_try_to_promote_nr]:[5163515]
[end_task_num]:[0]
[end_write_protect_break_num]:[1105262]
[end_shadow_link_num]:[5162597]
[end_shadow_demote_num]:[3059]
[end_batch_free_num]:[3842316]
[end_transactional_migration_success_num]:[5162607]
[end_transactional_migration_fail_num]:[4924]
[end_shadow_page_pair]:[211576]
[note]:[3]
[milliseconds]:[55103]
[total tick]:[143270975864]
[work type]:[0]
[Bandwidth(MB/s)]:[2126.699091]
---------------------------
-----------start-----------
[start_pgdemote_kswapd]:[8851276]
[start_pgdemote_direct]:[0]
[start_pgdemote_file]:[154208]
[start_pgdemote_anon]:[8697068]
[start_pgpromote_candidate]:[5165729]
[start_pgpromote_candidate_demoted]:[4472717]
[start_pgpromote_candidate_anon]:[5165055]
[start_pgpromote_candidate_file]:[674]
[start_pgpromote_tried]:[0]
[start_pgpromote_file]:[0]
[start_pgpromote_anon]:[0]
[start_pgmigrate_success]:[10059329]
[start_pgmigrate_fail]:[433051]
[start_pgmigrate_fail_dst_node_full]:[0]
[start_pgmigrate_fail_numa_isolate]:[0]
[start_pgmigrate_fail_nomem]:[432994]
[start_pgmigrate_fail_refcount]:[5074]
[start_success_nr]:[5162680]
[start_retry_nr]:[24004]
[start_retreated_page_nr]:[897]
[start_try_to_promote_nr]:[5163585]
[start_task_num]:[0]
[start_write_protect_break_num]:[1105263]
[start_shadow_link_num]:[5162651]
[start_shadow_demote_num]:[3061]
[start_batch_free_num]:[4053895]
[start_transactional_migration_success_num]:[5162662]
[start_transactional_migration_fail_num]:[5054]
[start_shadow_page_pair]:[39]
[end_pgdemote_kswapd]:[10753173]
[end_pgdemote_direct]:[0]
[end_pgdemote_file]:[154240]
[end_pgdemote_anon]:[10598933]
[end_pgpromote_candidate]:[7067481]
[end_pgpromote_candidate_demoted]:[6372797]
[end_pgpromote_candidate_anon]:[7066806]
[end_pgpromote_candidate_file]:[675]
[end_pgpromote_tried]:[0]
[end_pgpromote_file]:[0]
[end_pgpromote_anon]:[0]
[end_pgmigrate_success]:[14247876]
[end_pgmigrate_fail]:[590310]
[end_pgmigrate_fail_dst_node_full]:[0]
[end_pgmigrate_fail_numa_isolate]:[0]
[end_pgmigrate_fail_nomem]:[590253]
[end_pgmigrate_fail_refcount]:[6376]
[end_success_nr]:[7064149]
[end_retry_nr]:[32337]
[end_retreated_page_nr]:[1177]
[end_try_to_promote_nr]:[7065335]
[end_task_num]:[0]
[end_write_protect_break_num]:[1520524]
[end_shadow_link_num]:[7064099]
[end_shadow_demote_num]:[3080]
[end_batch_free_num]:[5539996]
[end_transactional_migration_success_num]:[7064111]
[end_transactional_migration_fail_num]:[6315]
[end_shadow_page_pair]:[0]
[note]:[4]
[milliseconds]:[50782]
[total tick]:[132035686456]
[work type]:[0]
[Bandwidth(MB/s)]:[2307.658225]
---------------------------
