-----------start-----------
[start_pgdemote_kswapd]:[2686566]
[start_pgdemote_direct]:[0]
[start_pgdemote_file]:[9779]
[start_pgdemote_anon]:[2676787]
[start_pgpromote_candidate]:[28]
[start_pgpromote_candidate_demoted]:[28]
[start_pgpromote_candidate_anon]:[28]
[start_pgpromote_candidate_file]:[0]
[start_pgpromote_tried]:[0]
[start_pgpromote_file]:[0]
[start_pgpromote_anon]:[0]
[start_pgmigrate_success]:[2686566]
[start_pgmigrate_fail]:[0]
[start_pgmigrate_fail_dst_node_full]:[0]
[start_pgmigrate_fail_numa_isolate]:[0]
[start_pgmigrate_fail_nomem]:[0]
[start_pgmigrate_fail_refcount]:[0]
[start_success_nr]:[21]
[start_retry_nr]:[1]
[start_retreated_page_nr]:[0]
[start_try_to_promote_nr]:[21]
[start_task_num]:[0]
[start_write_protect_break_num]:[0]
[start_shadow_link_num]:[21]
[start_shadow_demote_num]:[0]
[start_batch_free_num]:[0]
[start_transactional_migration_success_num]:[22]
[start_transactional_migration_fail_num]:[0]
[start_shadow_page_pair]:[5]
[end_pgdemote_kswapd]:[8356042]
[end_pgdemote_direct]:[0]
[end_pgdemote_file]:[118902]
[end_pgdemote_anon]:[8237140]
[end_pgpromote_candidate]:[1697463]
[end_pgpromote_candidate_demoted]:[878445]
[end_pgpromote_candidate_anon]:[1697011]
[end_pgpromote_candidate_file]:[452]
[end_pgpromote_tried]:[0]
[end_pgpromote_file]:[0]
[end_pgpromote_anon]:[0]
[end_pgmigrate_success]:[13397542]
[end_pgmigrate_fail]:[21745]
[end_pgmigrate_fail_dst_node_full]:[0]
[end_pgmigrate_fail_numa_isolate]:[0]
[end_pgmigrate_fail_nomem]:[21682]
[end_pgmigrate_fail_refcount]:[981]
[end_success_nr]:[1595968]
[end_retry_nr]:[11240]
[end_retreated_page_nr]:[215]
[end_try_to_promote_nr]:[1596185]
[end_task_num]:[0]
[end_write_protect_break_num]:[49005]
[end_shadow_link_num]:[1595956]
[end_shadow_demote_num]:[53952]
[end_batch_free_num]:[1394978]
[end_transactional_migration_success_num]:[1595957]
[end_transactional_migration_fail_num]:[922]
[end_shadow_page_pair]:[97894]
[note]:[0]
[milliseconds]:[45178]
[total tick]:[117461661826]
[work type]:[0]
[Bandwidth(MB/s)]:[3458.541768]
---------------------------
-----------start-----------
[start_pgdemote_kswapd]:[8411295]
[start_pgdemote_direct]:[0]
[start_pgdemote_file]:[119550]
[start_pgdemote_anon]:[8291745]
[start_pgpromote_candidate]:[1697542]
[start_pgpromote_candidate_demoted]:[878524]
[start_pgpromote_candidate_anon]:[1697023]
[start_pgpromote_candidate_file]:[519]
[start_pgpromote_tried]:[0]
[start_pgpromote_file]:[0]
[start_pgpromote_anon]:[0]
[start_pgmigrate_success]:[13452795]
[start_pgmigrate_fail]:[25355]
[start_pgmigrate_fail_dst_node_full]:[0]
[start_pgmigrate_fail_numa_isolate]:[0]
[start_pgmigrate_fail_nomem]:[25287]
[start_pgmigrate_fail_refcount]:[1001]
[start_success_nr]:[1595982]
[start_retry_nr]:[11240]
[start_retreated_page_nr]:[215]
[start_try_to_promote_nr]:[1596199]
[start_task_num]:[0]
[start_write_protect_break_num]:[49006]
[start_shadow_link_num]:[1595967]
[start_shadow_demote_num]:[60628]
[start_batch_free_num]:[1443338]
[start_transactional_migration_success_num]:[1595968]
[start_transactional_migration_fail_num]:[922]
[start_shadow_page_pair]:[42866]
[end_pgdemote_kswapd]:[15641738]
[end_pgdemote_direct]:[0]
[end_pgdemote_file]:[120290]
[end_pgdemote_anon]:[15521448]
[end_pgpromote_candidate]:[8985496]
[end_pgpromote_candidate_demoted]:[6300310]
[end_pgpromote_candidate_anon]:[8984841]
[end_pgpromote_candidate_file]:[655]
[end_pgpromote_tried]:[0]
[end_pgpromote_file]:[0]
[end_pgpromote_anon]:[0]
[end_pgmigrate_success]:[21298186]
[end_pgmigrate_fail]:[706772]
[end_pgmigrate_fail_dst_node_full]:[0]
[end_pgmigrate_fail_numa_isolate]:[0]
[end_pgmigrate_fail_nomem]:[706704]
[end_pgmigrate_fail_refcount]:[2226]
[end_success_nr]:[8696615]
[end_retry_nr]:[59406]
[end_retreated_page_nr]:[834]
[end_try_to_promote_nr]:[8697451]
[end_task_num]:[0]
[end_write_protect_break_num]:[762511]
[end_shadow_link_num]:[8696599]
[end_shadow_demote_num]:[853971]
[end_batch_free_num]:[6615088]
[end_transactional_migration_success_num]:[8696603]
[end_transactional_migration_fail_num]:[2147]
[end_shadow_page_pair]:[464232]
[note]:[1]
[milliseconds]:[119311]
[total tick]:[310206140490]
[work type]:[0]
[Bandwidth(MB/s)]:[1309.602635]
---------------------------
-----------start-----------
[start_pgdemote_kswapd]:[15648499]
[start_pgdemote_direct]:[0]
[start_pgdemote_file]:[120290]
[start_pgdemote_anon]:[15528209]
[start_pgpromote_candidate]:[8985568]
[start_pgpromote_candidate_demoted]:[6300380]
[start_pgpromote_candidate_anon]:[8984912]
[start_pgpromote_candidate_file]:[656]
[start_pgpromote_tried]:[0]
[start_pgpromote_file]:[0]
[start_pgpromote_anon]:[0]
[start_pgmigrate_success]:[21435022]
[start_pgmigrate_fail]:[706776]
[start_pgmigrate_fail_dst_node_full]:[0]
[start_pgmigrate_fail_numa_isolate]:[0]
[start_pgmigrate_fail_nomem]:[706704]
[start_pgmigrate_fail_refcount]:[2256]
[start_success_nr]:[8696681]
[start_retry_nr]:[59436]
[start_retreated_page_nr]:[837]
[start_try_to_promote_nr]:[8697520]
[start_task_num]:[0]
[start_write_protect_break_num]:[762522]
[start_shadow_link_num]:[8696662]
[start_shadow_demote_num]:[854578]
[start_batch_free_num]:[6615088]
[start_transactional_migration_success_num]:[8696666]
[start_transactional_migration_fail_num]:[2177]
[start_shadow_page_pair]:[463663]
[end_pgdemote_kswapd]:[25944514]
[end_pgdemote_direct]:[0]
[end_pgdemote_file]:[120507]
[end_pgdemote_anon]:[25824007]
[end_pgpromote_candidate]:[19139097]
[end_pgpromote_candidate_demoted]:[15882714]
[end_pgpromote_candidate_anon]:[19138394]
[end_pgpromote_candidate_file]:[703]
[end_pgpromote_tried]:[0]
[end_pgpromote_file]:[0]
[end_pgpromote_anon]:[0]
[end_pgmigrate_success]:[31806301]
[end_pgmigrate_fail]:[1476497]
[end_pgmigrate_fail_dst_node_full]:[0]
[end_pgmigrate_fail_numa_isolate]:[0]
[end_pgmigrate_fail_nomem]:[1476421]
[end_pgmigrate_fail_refcount]:[4414]
[end_success_nr]:[18737552]
[end_retry_nr]:[131365]
[end_retreated_page_nr]:[2043]
[end_try_to_promote_nr]:[18739599]
[end_task_num]:[0]
[end_write_protect_break_num]:[1700737]
[end_shadow_link_num]:[18737514]
[end_shadow_demote_num]:[2277581]
[end_batch_free_num]:[14395528]
[end_transactional_migration_success_num]:[18737519]
[end_transactional_migration_fail_num]:[4324]
[end_shadow_page_pair]:[361572]
[note]:[2]
[milliseconds]:[161383]
[total tick]:[419601573843]
[work type]:[0]
[Bandwidth(MB/s)]:[968.193676]
---------------------------
-----------start-----------
[start_pgdemote_kswapd]:[26001957]
[start_pgdemote_direct]:[0]
[start_pgdemote_file]:[120507]
[start_pgdemote_anon]:[25881450]
[start_pgpromote_candidate]:[19139112]
[start_pgpromote_candidate_demoted]:[15882728]
[start_pgpromote_candidate_anon]:[19138409]
[start_pgpromote_candidate_file]:[703]
[start_pgpromote_tried]:[0]
[start_pgpromote_file]:[0]
[start_pgpromote_anon]:[0]
[start_pgmigrate_success]:[31863744]
[start_pgmigrate_fail]:[1481442]
[start_pgmigrate_fail_dst_node_full]:[0]
[start_pgmigrate_fail_numa_isolate]:[0]
[start_pgmigrate_fail_nomem]:[1481366]
[start_pgmigrate_fail_refcount]:[4464]
[start_success_nr]:[18737562]
[start_retry_nr]:[131415]
[start_retreated_page_nr]:[2048]
[start_try_to_promote_nr]:[18739614]
[start_task_num]:[0]
[start_write_protect_break_num]:[1700738]
[start_shadow_link_num]:[18737524]
[start_shadow_demote_num]:[2283971]
[start_batch_free_num]:[14446308]
[start_transactional_migration_success_num]:[18737529]
[start_transactional_migration_fail_num]:[4374]
[start_shadow_page_pair]:[304305]
[end_pgdemote_kswapd]:[36498833]
[end_pgdemote_direct]:[0]
[end_pgdemote_file]:[120657]
[end_pgdemote_anon]:[36378176]
[end_pgpromote_candidate]:[29736309]
[end_pgpromote_candidate_demoted]:[26371427]
[end_pgpromote_candidate_anon]:[29735587]
[end_pgpromote_candidate_file]:[722]
[end_pgpromote_tried]:[0]
[end_pgpromote_file]:[0]
[end_pgpromote_anon]:[0]
[end_pgmigrate_success]:[42360620]
[end_pgmigrate_fail]:[2372913]
[end_pgmigrate_fail_dst_node_full]:[0]
[end_pgmigrate_fail_numa_isolate]:[0]
[end_pgmigrate_fail_nomem]:[2372834]
[end_pgmigrate_fail_refcount]:[4977]
[end_success_nr]:[29243541]
[end_retry_nr]:[233768]
[end_retreated_page_nr]:[3256]
[end_try_to_promote_nr]:[29246801]
[end_task_num]:[0]
[end_write_protect_break_num]:[2259567]
[end_shadow_link_num]:[29243611]
[end_shadow_demote_num]:[3078908]
[end_batch_free_num]:[23574818]
[end_transactional_migration_success_num]:[29243505]
[end_transactional_migration_fail_num]:[4887]
[end_shadow_page_pair]:[326488]
[note]:[3]
[milliseconds]:[161331]
[total tick]:[419466733233]
[work type]:[0]
[Bandwidth(MB/s)]:[968.505743]
---------------------------
-----------start-----------
[start_pgdemote_kswapd]:[36670008]
[start_pgdemote_direct]:[0]
[start_pgdemote_file]:[120657]
[start_pgdemote_anon]:[36549351]
[start_pgpromote_candidate]:[29736324]
[start_pgpromote_candidate_demoted]:[26371438]
[start_pgpromote_candidate_anon]:[29735602]
[start_pgpromote_candidate_file]:[722]
[start_pgpromote_tried]:[0]
[start_pgpromote_file]:[0]
[start_pgpromote_anon]:[0]
[start_pgmigrate_success]:[42531795]
[start_pgmigrate_fail]:[2388142]
[start_pgmigrate_fail_dst_node_full]:[0]
[start_pgmigrate_fail_numa_isolate]:[0]
[start_pgmigrate_fail_nomem]:[2388063]
[start_pgmigrate_fail_refcount]:[4987]
[start_success_nr]:[29243860]
[start_retry_nr]:[233778]
[start_retreated_page_nr]:[3257]
[start_try_to_promote_nr]:[29247121]
[start_task_num]:[0]
[start_write_protect_break_num]:[2259571]
[start_shadow_link_num]:[29243817]
[start_shadow_demote_num]:[3093252]
[start_batch_free_num]:[23731518]
[start_transactional_migration_success_num]:[29243822]
[start_transactional_migration_fail_num]:[4897]
[start_shadow_page_pair]:[155581]
[end_pgdemote_kswapd]:[46757312]
[end_pgdemote_direct]:[0]
[end_pgdemote_file]:[122075]
[end_pgdemote_anon]:[46635237]
[end_pgpromote_candidate]:[40143393]
[end_pgpromote_candidate_demoted]:[36699781]
[end_pgpromote_candidate_anon]:[40142503]
[end_pgpromote_candidate_file]:[890]
[end_pgpromote_tried]:[0]
[end_pgpromote_file]:[0]
[end_pgpromote_anon]:[0]
[end_pgmigrate_success]:[52619611]
[end_pgmigrate_fail]:[3194748]
[end_pgmigrate_fail_dst_node_full]:[0]
[end_pgmigrate_fail_numa_isolate]:[0]
[end_pgmigrate_fail_nomem]:[3194656]
[end_pgmigrate_fail_refcount]:[7395]
[end_success_nr]:[39596244]
[end_retry_nr]:[345043]
[end_retreated_page_nr]:[5510]
[end_try_to_promote_nr]:[39601759]
[end_task_num]:[0]
[end_write_protect_break_num]:[3059150]
[end_shadow_link_num]:[39595970]
[end_shadow_demote_num]:[4121594]
[end_batch_free_num]:[31974604]
[end_transactional_migration_success_num]:[39595975]
[end_transactional_migration_fail_num]:[7135]
[end_shadow_page_pair]:[434479]
[note]:[4]
[milliseconds]:[156889]
[total tick]:[407913272681]
[work type]:[0]
[Bandwidth(MB/s)]:[995.927057]
---------------------------
