-----------start-----------
[start_pgdemote_kswapd]:[2710517]
[start_pgdemote_direct]:[0]
[start_pgdemote_file]:[9624]
[start_pgdemote_anon]:[2700893]
[start_pgpromote_candidate]:[28]
[start_pgpromote_candidate_demoted]:[28]
[start_pgpromote_candidate_anon]:[28]
[start_pgpromote_candidate_file]:[0]
[start_pgpromote_tried]:[0]
[start_pgpromote_file]:[0]
[start_pgpromote_anon]:[0]
[start_pgmigrate_success]:[2710517]
[start_pgmigrate_fail]:[0]
[start_pgmigrate_fail_dst_node_full]:[0]
[start_pgmigrate_fail_numa_isolate]:[0]
[start_pgmigrate_fail_nomem]:[0]
[start_pgmigrate_fail_refcount]:[30]
[start_success_nr]:[18]
[start_retry_nr]:[31]
[start_retreated_page_nr]:[3]
[start_try_to_promote_nr]:[21]
[start_task_num]:[0]
[start_write_protect_break_num]:[5]
[start_shadow_link_num]:[18]
[start_shadow_demote_num]:[0]
[start_batch_free_num]:[0]
[start_transactional_migration_success_num]:[19]
[start_transactional_migration_fail_num]:[30]
[start_shadow_page_pair]:[5]
[end_pgdemote_kswapd]:[7651773]
[end_pgdemote_direct]:[0]
[end_pgdemote_file]:[132096]
[end_pgdemote_anon]:[7519677]
[end_pgpromote_candidate]:[1527692]
[end_pgpromote_candidate_demoted]:[609246]
[end_pgpromote_candidate_anon]:[1527458]
[end_pgpromote_candidate_file]:[234]
[end_pgpromote_tried]:[0]
[end_pgpromote_file]:[0]
[end_pgpromote_anon]:[0]
[end_pgmigrate_success]:[60857522]
[end_pgmigrate_fail]:[33833]
[end_pgmigrate_fail_dst_node_full]:[0]
[end_pgmigrate_fail_numa_isolate]:[0]
[end_pgmigrate_fail_nomem]:[253818]
[end_pgmigrate_fail_refcount]:[694]
[end_success_nr]:[1161988]
[end_retry_nr]:[8652]
[end_retreated_page_nr]:[273]
[end_try_to_promote_nr]:[1520156]
[end_task_num]:[0]
[end_write_protect_break_num]:[160212]
[end_shadow_link_num]:[1161988]
[end_shadow_demote_num]:[207609]
[end_batch_free_num]:[702483]
[end_transactional_migration_success_num]:[1161989]
[end_transactional_migration_fail_num]:[684]
[end_shadow_page_pair]:[91593]
[note]:[0]
[milliseconds]:[47935]
[total tick]:[124629046386]
[work type]:[0]
[Bandwidth(MB/s)]:[3259.622405]
---------------------------
-----------start-----------
[start_pgdemote_kswapd]:[7652371]
[start_pgdemote_direct]:[0]
[start_pgdemote_file]:[132096]
[start_pgdemote_anon]:[7520275]
[start_pgpromote_candidate]:[1528030]
[start_pgpromote_candidate_demoted]:[609498]
[start_pgpromote_candidate_anon]:[1527617]
[start_pgpromote_candidate_file]:[413]
[start_pgpromote_tried]:[0]
[start_pgpromote_file]:[0]
[start_pgpromote_anon]:[0]
[start_pgmigrate_success]:[60858120]
[start_pgmigrate_fail]:[33833]
[start_pgmigrate_fail_dst_node_full]:[0]
[start_pgmigrate_fail_numa_isolate]:[0]
[start_pgmigrate_fail_nomem]:[253818]
[start_pgmigrate_fail_refcount]:[886]
[start_success_nr]:[1162120]
[start_retry_nr]:[8846]
[start_retreated_page_nr]:[292]
[start_try_to_promote_nr]:[1520308]
[start_task_num]:[0]
[start_write_protect_break_num]:[160232]
[start_shadow_link_num]:[1162091]
[start_shadow_demote_num]:[207609]
[start_batch_free_num]:[702483]
[start_transactional_migration_success_num]:[1162094]
[start_transactional_migration_fail_num]:[856]
[start_shadow_page_pair]:[91651]
[end_pgdemote_kswapd]:[14227290]
[end_pgdemote_direct]:[0]
[end_pgdemote_file]:[132272]
[end_pgdemote_anon]:[14095018]
[end_pgpromote_candidate]:[6153591]
[end_pgpromote_candidate_demoted]:[3549119]
[end_pgpromote_candidate_anon]:[6152803]
[end_pgpromote_candidate_file]:[788]
[end_pgpromote_tried]:[0]
[end_pgpromote_file]:[0]
[end_pgpromote_anon]:[0]
[end_pgmigrate_success]:[78605224]
[end_pgmigrate_fail]:[34130]
[end_pgmigrate_fail_dst_node_full]:[0]
[end_pgmigrate_fail_numa_isolate]:[0]
[end_pgmigrate_fail_nomem]:[254115]
[end_pgmigrate_fail_refcount]:[2014]
[end_success_nr]:[5771744]
[end_retry_nr]:[48793]
[end_retreated_page_nr]:[1065]
[end_try_to_promote_nr]:[6130705]
[end_task_num]:[0]
[end_write_protect_break_num]:[371995]
[end_shadow_link_num]:[5771713]
[end_shadow_demote_num]:[282755]
[end_batch_free_num]:[4919779]
[end_transactional_migration_success_num]:[5771717]
[end_transactional_migration_fail_num]:[1984]
[end_shadow_page_pair]:[197006]
[note]:[1]
[milliseconds]:[103169]
[total tick]:[268234996644]
[work type]:[0]
[Bandwidth(MB/s)]:[1514.505326]
---------------------------
-----------start-----------
[start_pgdemote_kswapd]:[14227290]
[start_pgdemote_direct]:[0]
[start_pgdemote_file]:[132272]
[start_pgdemote_anon]:[14095018]
[start_pgpromote_candidate]:[6153610]
[start_pgpromote_candidate_demoted]:[3549136]
[start_pgpromote_candidate_anon]:[6152820]
[start_pgpromote_candidate_file]:[790]
[start_pgpromote_tried]:[0]
[start_pgpromote_file]:[0]
[start_pgpromote_anon]:[0]
[start_pgmigrate_success]:[78605224]
[start_pgmigrate_fail]:[34130]
[start_pgmigrate_fail_dst_node_full]:[0]
[start_pgmigrate_fail_numa_isolate]:[0]
[start_pgmigrate_fail_nomem]:[254115]
[start_pgmigrate_fail_refcount]:[2044]
[start_success_nr]:[5771758]
[start_retry_nr]:[48824]
[start_retreated_page_nr]:[1068]
[start_try_to_promote_nr]:[6130722]
[start_task_num]:[0]
[start_write_protect_break_num]:[372000]
[start_shadow_link_num]:[5771725]
[start_shadow_demote_num]:[282755]
[start_batch_free_num]:[4919779]
[start_transactional_migration_success_num]:[5771730]
[start_transactional_migration_fail_num]:[2014]
[start_shadow_page_pair]:[197007]
[end_pgdemote_kswapd]:[21083954]
[end_pgdemote_direct]:[0]
[end_pgdemote_file]:[132284]
[end_pgdemote_anon]:[20951670]
[end_pgpromote_candidate]:[11510953]
[end_pgpromote_candidate_demoted]:[8528692]
[end_pgpromote_candidate_anon]:[11510148]
[end_pgpromote_candidate_file]:[805]
[end_pgpromote_tried]:[0]
[end_pgpromote_file]:[0]
[end_pgpromote_anon]:[0]
[end_pgmigrate_success]:[212793751]
[end_pgmigrate_fail]:[110447]
[end_pgmigrate_fail_dst_node_full]:[0]
[end_pgmigrate_fail_numa_isolate]:[0]
[end_pgmigrate_fail_nomem]:[330432]
[end_pgmigrate_fail_refcount]:[2795]
[end_success_nr]:[11118923]
[end_retry_nr]:[80072]
[end_retreated_page_nr]:[1659]
[end_try_to_promote_nr]:[11478478]
[end_task_num]:[0]
[end_write_protect_break_num]:[898540]
[end_shadow_link_num]:[11118888]
[end_shadow_demote_num]:[700017]
[end_batch_free_num]:[9021158]
[end_transactional_migration_success_num]:[11118894]
[end_transactional_migration_fail_num]:[2765]
[end_shadow_page_pair]:[494076]
[note]:[2]
[milliseconds]:[104947]
[total tick]:[272861168082]
[work type]:[0]
[Bandwidth(MB/s)]:[1488.846751]
---------------------------
-----------start-----------
[start_pgdemote_kswapd]:[21174641]
[start_pgdemote_direct]:[0]
[start_pgdemote_file]:[132284]
[start_pgdemote_anon]:[21042357]
[start_pgpromote_candidate]:[11510969]
[start_pgpromote_candidate_demoted]:[8528705]
[start_pgpromote_candidate_anon]:[11510164]
[start_pgpromote_candidate_file]:[805]
[start_pgpromote_tried]:[0]
[start_pgpromote_file]:[0]
[start_pgpromote_anon]:[0]
[start_pgmigrate_success]:[213085942]
[start_pgmigrate_fail]:[110447]
[start_pgmigrate_fail_dst_node_full]:[0]
[start_pgmigrate_fail_numa_isolate]:[0]
[start_pgmigrate_fail_nomem]:[330432]
[start_pgmigrate_fail_refcount]:[2795]
[start_success_nr]:[11118940]
[start_retry_nr]:[80073]
[start_retreated_page_nr]:[1659]
[start_try_to_promote_nr]:[11478495]
[start_task_num]:[0]
[start_write_protect_break_num]:[898542]
[start_shadow_link_num]:[11118903]
[start_shadow_demote_num]:[709264]
[start_batch_free_num]:[9441566]
[start_transactional_migration_success_num]:[11118910]
[start_transactional_migration_fail_num]:[2765]
[start_shadow_page_pair]:[64430]
[end_pgdemote_kswapd]:[28378448]
[end_pgdemote_direct]:[0]
[end_pgdemote_file]:[132284]
[end_pgdemote_anon]:[28246164]
[end_pgpromote_candidate]:[17742643]
[end_pgpromote_candidate_demoted]:[14410233]
[end_pgpromote_candidate_anon]:[17741835]
[end_pgpromote_candidate_file]:[808]
[end_pgpromote_tried]:[0]
[end_pgpromote_file]:[0]
[end_pgpromote_anon]:[0]
[end_pgmigrate_success]:[411518831]
[end_pgmigrate_fail]:[195498]
[end_pgmigrate_fail_dst_node_full]:[0]
[end_pgmigrate_fail_numa_isolate]:[0]
[end_pgmigrate_fail_nomem]:[415482]
[end_pgmigrate_fail_refcount]:[4376]
[end_success_nr]:[17344527]
[end_retry_nr]:[124470]
[end_retreated_page_nr]:[2540]
[end_try_to_promote_nr]:[17704964]
[end_task_num]:[0]
[end_write_protect_break_num]:[1537641]
[end_shadow_link_num]:[17344466]
[end_shadow_demote_num]:[1092956]
[end_batch_free_num]:[14461812]
[end_transactional_migration_success_num]:[17344474]
[end_transactional_migration_fail_num]:[4324]
[end_shadow_page_pair]:[245145]
[note]:[3]
[milliseconds]:[113638]
[total tick]:[295454602894]
[work type]:[0]
[Bandwidth(MB/s)]:[1374.980200]
---------------------------
-----------start-----------
[start_pgdemote_kswapd]:[28378448]
[start_pgdemote_direct]:[0]
[start_pgdemote_file]:[132284]
[start_pgdemote_anon]:[28246164]
[start_pgpromote_candidate]:[17742713]
[start_pgpromote_candidate_demoted]:[14410303]
[start_pgpromote_candidate_anon]:[17741905]
[start_pgpromote_candidate_file]:[808]
[start_pgpromote_tried]:[0]
[start_pgpromote_file]:[0]
[start_pgpromote_anon]:[0]
[start_pgmigrate_success]:[586064706]
[start_pgmigrate_fail]:[195499]
[start_pgmigrate_fail_dst_node_full]:[0]
[start_pgmigrate_fail_numa_isolate]:[0]
[start_pgmigrate_fail_nomem]:[415483]
[start_pgmigrate_fail_refcount]:[4506]
[start_success_nr]:[17344587]
[start_retry_nr]:[124602]
[start_retreated_page_nr]:[2553]
[start_try_to_promote_nr]:[17705037]
[start_task_num]:[0]
[start_write_protect_break_num]:[1537651]
[start_shadow_link_num]:[17344509]
[start_shadow_demote_num]:[1092956]
[start_batch_free_num]:[14461812]
[start_transactional_migration_success_num]:[17344519]
[start_transactional_migration_fail_num]:[4434]
[start_shadow_page_pair]:[245171]
[end_pgdemote_kswapd]:[36808111]
[end_pgdemote_direct]:[0]
[end_pgdemote_file]:[132285]
[end_pgdemote_anon]:[36675826]
[end_pgpromote_candidate]:[25426136]
[end_pgpromote_candidate_demoted]:[21310703]
[end_pgpromote_candidate_anon]:[25425244]
[end_pgpromote_candidate_file]:[892]
[end_pgpromote_tried]:[0]
[end_pgpromote_file]:[0]
[end_pgpromote_anon]:[0]
[end_pgmigrate_success]:[733455209]
[end_pgmigrate_fail]:[195554]
[end_pgmigrate_fail_dst_node_full]:[0]
[end_pgmigrate_fail_numa_isolate]:[0]
[end_pgmigrate_fail_nomem]:[415538]
[end_pgmigrate_fail_refcount]:[5683]
[end_success_nr]:[24988107]
[end_retry_nr]:[180757]
[end_retreated_page_nr]:[3508]
[end_try_to_promote_nr]:[25349513]
[end_task_num]:[0]
[end_write_protect_break_num]:[2031648]
[end_shadow_link_num]:[24988027]
[end_shadow_demote_num]:[1165641]
[end_batch_free_num]:[21446161]
[end_transactional_migration_success_num]:[24988037]
[end_transactional_migration_fail_num]:[5610]
[end_shadow_page_pair]:[337365]
[note]:[4]
[milliseconds]:[131751]
[total tick]:[342546407352]
[work type]:[0]
[Bandwidth(MB/s)]:[1185.949253]
---------------------------
