-----------start-----------
[start_pgdemote_kswapd]:[2782757]
[start_pgdemote_direct]:[0]
[start_pgdemote_file]:[11952]
[start_pgdemote_anon]:[2770805]
[start_pgpromote_candidate]:[53]
[start_pgpromote_candidate_demoted]:[53]
[start_pgpromote_candidate_anon]:[53]
[start_pgpromote_candidate_file]:[0]
[start_pgpromote_tried]:[0]
[start_pgpromote_file]:[0]
[start_pgpromote_anon]:[0]
[start_pgmigrate_success]:[2782757]
[start_pgmigrate_fail]:[2]
[start_pgmigrate_fail_dst_node_full]:[0]
[start_pgmigrate_fail_numa_isolate]:[0]
[start_pgmigrate_fail_nomem]:[0]
[start_pgmigrate_fail_refcount]:[60]
[start_success_nr]:[39]
[start_retry_nr]:[60]
[start_retreated_page_nr]:[6]
[start_try_to_promote_nr]:[45]
[start_task_num]:[0]
[start_write_protect_break_num]:[9]
[start_shadow_link_num]:[39]
[start_shadow_demote_num]:[0]
[start_batch_free_num]:[0]
[start_transactional_migration_success_num]:[39]
[start_transactional_migration_fail_num]:[60]
[start_shadow_page_pair]:[17]
[end_pgdemote_kswapd]:[9431291]
[end_pgdemote_direct]:[0]
[end_pgdemote_file]:[88232]
[end_pgdemote_anon]:[9343059]
[end_pgpromote_candidate]:[3637874]
[end_pgpromote_candidate_demoted]:[1839525]
[end_pgpromote_candidate_anon]:[3637577]
[end_pgpromote_candidate_file]:[297]
[end_pgpromote_tried]:[0]
[end_pgpromote_file]:[0]
[end_pgpromote_anon]:[0]
[end_pgmigrate_success]:[57003206]
[end_pgmigrate_fail]:[54837]
[end_pgmigrate_fail_dst_node_full]:[3584]
[end_pgmigrate_fail_numa_isolate]:[3584]
[end_pgmigrate_fail_nomem]:[51199]
[end_pgmigrate_fail_refcount]:[2298]
[end_success_nr]:[3559488]
[end_retry_nr]:[36739]
[end_retreated_page_nr]:[668]
[end_try_to_promote_nr]:[3560157]
[end_task_num]:[0]
[end_write_protect_break_num]:[69028]
[end_shadow_link_num]:[3559468]
[end_shadow_demote_num]:[5]
[end_batch_free_num]:[3463529]
[end_transactional_migration_success_num]:[3559469]
[end_transactional_migration_fail_num]:[2254]
[end_shadow_page_pair]:[26778]
[note]:[0]
[milliseconds]:[80246]
[total tick]:[208634902110]
[work type]:[0]
[Bandwidth(MB/s)]:[1947.137552]
---------------------------
-----------start-----------
[start_pgdemote_kswapd]:[9432819]
[start_pgdemote_direct]:[0]
[start_pgdemote_file]:[88431]
[start_pgdemote_anon]:[9344388]
[start_pgpromote_candidate]:[3638039]
[start_pgpromote_candidate_demoted]:[1839627]
[start_pgpromote_candidate_anon]:[3637663]
[start_pgpromote_candidate_file]:[376]
[start_pgpromote_tried]:[0]
[start_pgpromote_file]:[0]
[start_pgpromote_anon]:[0]
[start_pgmigrate_success]:[57004734]
[start_pgmigrate_fail]:[54840]
[start_pgmigrate_fail_dst_node_full]:[3584]
[start_pgmigrate_fail_numa_isolate]:[3584]
[start_pgmigrate_fail_nomem]:[51199]
[start_pgmigrate_fail_refcount]:[2368]
[start_success_nr]:[3559567]
[start_retry_nr]:[36812]
[start_retreated_page_nr]:[675]
[start_try_to_promote_nr]:[3560243]
[start_task_num]:[0]
[start_write_protect_break_num]:[69043]
[start_shadow_link_num]:[3559537]
[start_shadow_demote_num]:[5]
[start_batch_free_num]:[3463529]
[start_transactional_migration_success_num]:[3559541]
[start_transactional_migration_fail_num]:[2324]
[start_shadow_page_pair]:[26814]
[end_pgdemote_kswapd]:[17683710]
[end_pgdemote_direct]:[0]
[end_pgdemote_file]:[95816]
[end_pgdemote_anon]:[17587894]
[end_pgpromote_candidate]:[12665853]
[end_pgpromote_candidate_demoted]:[8933806]
[end_pgpromote_candidate_anon]:[12665391]
[end_pgpromote_candidate_file]:[462]
[end_pgpromote_tried]:[0]
[end_pgpromote_file]:[0]
[end_pgpromote_anon]:[0]
[end_pgmigrate_success]:[65473385]
[end_pgmigrate_fail]:[690466]
[end_pgmigrate_fail_dst_node_full]:[3584]
[end_pgmigrate_fail_numa_isolate]:[3584]
[end_pgmigrate_fail_nomem]:[686667]
[end_pgmigrate_fail_refcount]:[3298]
[end_success_nr]:[11655082]
[end_retry_nr]:[57865]
[end_retreated_page_nr]:[857]
[end_try_to_promote_nr]:[11655961]
[end_task_num]:[0]
[end_write_protect_break_num]:[71567]
[end_shadow_link_num]:[11655037]
[end_shadow_demote_num]:[5]
[end_batch_free_num]:[11582359]
[end_transactional_migration_success_num]:[11655042]
[end_transactional_migration_fail_num]:[3252]
[end_shadow_page_pair]:[937]
[note]:[1]
[milliseconds]:[110841]
[total tick]:[288172401266]
[work type]:[0]
[Bandwidth(MB/s)]:[1409.676925]
---------------------------
-----------start-----------
[start_pgdemote_kswapd]:[17764320]
[start_pgdemote_direct]:[0]
[start_pgdemote_file]:[96277]
[start_pgdemote_anon]:[17668043]
[start_pgpromote_candidate]:[12666035]
[start_pgpromote_candidate_demoted]:[8933987]
[start_pgpromote_candidate_anon]:[12665562]
[start_pgpromote_candidate_file]:[473]
[start_pgpromote_tried]:[0]
[start_pgpromote_file]:[0]
[start_pgpromote_anon]:[0]
[start_pgmigrate_success]:[65553995]
[start_pgmigrate_fail]:[701051]
[start_pgmigrate_fail_dst_node_full]:[3584]
[start_pgmigrate_fail_numa_isolate]:[3584]
[start_pgmigrate_fail_nomem]:[697250]
[start_pgmigrate_fail_refcount]:[3558]
[start_success_nr]:[11655215]
[start_retry_nr]:[58126]
[start_retreated_page_nr]:[883]
[start_try_to_promote_nr]:[11656120]
[start_task_num]:[0]
[start_write_protect_break_num]:[71577]
[start_shadow_link_num]:[11655148]
[start_shadow_demote_num]:[5]
[start_batch_free_num]:[11583363]
[start_transactional_migration_success_num]:[11655154]
[start_transactional_migration_fail_num]:[3502]
[start_shadow_page_pair]:[2]
[end_pgdemote_kswapd]:[27736479]
[end_pgdemote_direct]:[0]
[end_pgdemote_file]:[99046]
[end_pgdemote_anon]:[27637433]
[end_pgpromote_candidate]:[23161932]
[end_pgpromote_candidate_demoted]:[18458749]
[end_pgpromote_candidate_anon]:[23161085]
[end_pgpromote_candidate_file]:[847]
[end_pgpromote_tried]:[0]
[end_pgpromote_file]:[0]
[end_pgpromote_anon]:[0]
[end_pgmigrate_success]:[75526154]
[end_pgmigrate_fail]:[1760148]
[end_pgmigrate_fail_dst_node_full]:[3584]
[end_pgmigrate_fail_numa_isolate]:[3584]
[end_pgmigrate_fail_nomem]:[1755715]
[end_pgmigrate_fail_refcount]:[7183]
[end_success_nr]:[21627920]
[end_retry_nr]:[150129]
[end_retreated_page_nr]:[1644]
[end_try_to_promote_nr]:[21629590]
[end_task_num]:[0]
[end_write_protect_break_num]:[200793]
[end_shadow_link_num]:[21627824]
[end_shadow_demote_num]:[163856]
[end_batch_free_num]:[21260466]
[end_transactional_migration_success_num]:[21627831]
[end_transactional_migration_fail_num]:[7076]
[end_shadow_page_pair]:[2445]
[note]:[2]
[milliseconds]:[139569]
[total tick]:[362886018996]
[work type]:[0]
[Bandwidth(MB/s)]:[1119.517945]
---------------------------
-----------start-----------
[start_pgdemote_kswapd]:[27739832]
[start_pgdemote_direct]:[0]
[start_pgdemote_file]:[99046]
[start_pgdemote_anon]:[27640786]
[start_pgpromote_candidate]:[23162072]
[start_pgpromote_candidate_demoted]:[18458887]
[start_pgpromote_candidate_anon]:[23161168]
[start_pgpromote_candidate_file]:[904]
[start_pgpromote_tried]:[0]
[start_pgpromote_file]:[0]
[start_pgpromote_anon]:[0]
[start_pgmigrate_success]:[75529507]
[start_pgmigrate_fail]:[1776973]
[start_pgmigrate_fail_dst_node_full]:[3584]
[start_pgmigrate_fail_numa_isolate]:[3584]
[start_pgmigrate_fail_nomem]:[1772540]
[start_pgmigrate_fail_refcount]:[7263]
[start_success_nr]:[21627990]
[start_retry_nr]:[150209]
[start_retreated_page_nr]:[1652]
[start_try_to_promote_nr]:[21629668]
[start_task_num]:[0]
[start_write_protect_break_num]:[200795]
[start_shadow_link_num]:[21627881]
[start_shadow_demote_num]:[163856]
[start_batch_free_num]:[21262935]
[start_transactional_migration_success_num]:[21627888]
[start_transactional_migration_fail_num]:[7146]
[start_shadow_page_pair]:[17]
[end_pgdemote_kswapd]:[39041175]
[end_pgdemote_direct]:[0]
[end_pgdemote_file]:[99728]
[end_pgdemote_anon]:[38941447]
[end_pgpromote_candidate]:[34639517]
[end_pgpromote_candidate_demoted]:[29616860]
[end_pgpromote_candidate_anon]:[34638504]
[end_pgpromote_candidate_file]:[1013]
[end_pgpromote_tried]:[0]
[end_pgpromote_file]:[0]
[end_pgpromote_anon]:[0]
[end_pgmigrate_success]:[86830850]
[end_pgmigrate_fail]:[3185906]
[end_pgmigrate_fail_dst_node_full]:[3584]
[end_pgmigrate_fail_numa_isolate]:[3584]
[end_pgmigrate_fail_nomem]:[3180884]
[end_pgmigrate_fail_refcount]:[10304]
[end_success_nr]:[32916635]
[end_retry_nr]:[268125]
[end_retreated_page_nr]:[2411]
[end_try_to_promote_nr]:[32919075]
[end_task_num]:[0]
[end_write_protect_break_num]:[218044]
[end_shadow_link_num]:[32916506]
[end_shadow_demote_num]:[165147]
[end_batch_free_num]:[32532954]
[end_transactional_migration_success_num]:[32916513]
[end_transactional_migration_fail_num]:[10137]
[end_shadow_page_pair]:[0]
[note]:[3]
[milliseconds]:[161592]
[total tick]:[420143501948]
[work type]:[0]
[Bandwidth(MB/s)]:[966.941433]
---------------------------
-----------start-----------
[start_pgdemote_kswapd]:[39041175]
[start_pgdemote_direct]:[0]
[start_pgdemote_file]:[99728]
[start_pgdemote_anon]:[38941447]
[start_pgpromote_candidate]:[34639574]
[start_pgpromote_candidate_demoted]:[29616916]
[start_pgpromote_candidate_anon]:[34638548]
[start_pgpromote_candidate_file]:[1026]
[start_pgpromote_tried]:[0]
[start_pgpromote_file]:[0]
[start_pgpromote_anon]:[0]
[start_pgmigrate_success]:[86830850]
[start_pgmigrate_fail]:[3259768]
[start_pgmigrate_fail_dst_node_full]:[3584]
[start_pgmigrate_fail_numa_isolate]:[3584]
[start_pgmigrate_fail_nomem]:[3254746]
[start_pgmigrate_fail_refcount]:[10324]
[start_success_nr]:[32916673]
[start_retry_nr]:[268148]
[start_retreated_page_nr]:[2413]
[start_try_to_promote_nr]:[32919115]
[start_task_num]:[0]
[start_write_protect_break_num]:[218044]
[start_shadow_link_num]:[32916540]
[start_shadow_demote_num]:[165147]
[start_batch_free_num]:[32532983]
[start_transactional_migration_success_num]:[32916549]
[start_transactional_migration_fail_num]:[10157]
[start_shadow_page_pair]:[0]
[end_pgdemote_kswapd]:[50456081]
[end_pgdemote_direct]:[0]
[end_pgdemote_file]:[101974]
[end_pgdemote_anon]:[50354107]
[end_pgpromote_candidate]:[46263875]
[end_pgpromote_candidate_demoted]:[41072560]
[end_pgpromote_candidate_anon]:[46262607]
[end_pgpromote_candidate_file]:[1268]
[end_pgpromote_tried]:[0]
[end_pgpromote_file]:[0]
[end_pgpromote_anon]:[0]
[end_pgmigrate_success]:[98245756]
[end_pgmigrate_fail]:[4603866]
[end_pgmigrate_fail_dst_node_full]:[3584]
[end_pgmigrate_fail_numa_isolate]:[3584]
[end_pgmigrate_fail_nomem]:[4598267]
[end_pgmigrate_fail_refcount]:[14281]
[end_success_nr]:[44352934]
[end_retry_nr]:[377693]
[end_retreated_page_nr]:[3332]
[end_try_to_promote_nr]:[44356297]
[end_task_num]:[0]
[end_write_protect_break_num]:[280943]
[end_shadow_link_num]:[44352605]
[end_shadow_demote_num]:[182023]
[end_batch_free_num]:[43850849]
[end_transactional_migration_success_num]:[44352610]
[end_transactional_migration_fail_num]:[14032]
[end_shadow_page_pair]:[37748]
[note]:[4]
[milliseconds]:[164313]
[total tick]:[427204117056]
[work type]:[0]
[Bandwidth(MB/s)]:[950.929020]
---------------------------
