-----------start-----------
[start_pgdemote_kswapd]:[2706877]
[start_pgdemote_direct]:[0]
[start_pgdemote_file]:[12242]
[start_pgdemote_anon]:[2694635]
[start_pgpromote_candidate]:[53]
[start_pgpromote_candidate_demoted]:[52]
[start_pgpromote_candidate_anon]:[53]
[start_pgpromote_candidate_file]:[0]
[start_pgpromote_tried]:[0]
[start_pgpromote_file]:[0]
[start_pgpromote_anon]:[0]
[start_pgmigrate_success]:[2706877]
[start_pgmigrate_fail]:[11]
[start_pgmigrate_fail_dst_node_full]:[0]
[start_pgmigrate_fail_numa_isolate]:[0]
[start_pgmigrate_fail_nomem]:[0]
[start_pgmigrate_fail_refcount]:[20]
[start_success_nr]:[47]
[start_retry_nr]:[22]
[start_retreated_page_nr]:[2]
[start_try_to_promote_nr]:[49]
[start_task_num]:[0]
[start_write_protect_break_num]:[20]
[start_shadow_link_num]:[47]
[start_shadow_demote_num]:[0]
[start_batch_free_num]:[0]
[start_transactional_migration_success_num]:[49]
[start_transactional_migration_fail_num]:[20]
[start_shadow_page_pair]:[12]
[end_pgdemote_kswapd]:[10102516]
[end_pgdemote_direct]:[0]
[end_pgdemote_file]:[118504]
[end_pgdemote_anon]:[9984012]
[end_pgpromote_candidate]:[5547339]
[end_pgpromote_candidate_demoted]:[2978224]
[end_pgpromote_candidate_anon]:[5547100]
[end_pgpromote_candidate_file]:[239]
[end_pgpromote_tried]:[0]
[end_pgpromote_file]:[0]
[end_pgpromote_anon]:[0]
[end_pgmigrate_success]:[11725109]
[end_pgmigrate_fail]:[416414]
[end_pgmigrate_fail_dst_node_full]:[41472]
[end_pgmigrate_fail_numa_isolate]:[41472]
[end_pgmigrate_fail_nomem]:[379283]
[end_pgmigrate_fail_refcount]:[1758]
[end_success_nr]:[5177226]
[end_retry_nr]:[34235]
[end_retreated_page_nr]:[714]
[end_try_to_promote_nr]:[5185240]
[end_task_num]:[0]
[end_write_protect_break_num]:[212671]
[end_shadow_link_num]:[5177201]
[end_shadow_demote_num]:[39]
[end_batch_free_num]:[4960535]
[end_transactional_migration_success_num]:[5177205]
[end_transactional_migration_fail_num]:[1738]
[end_shadow_page_pair]:[6]
[note]:[0]
[milliseconds]:[101074]
[total tick]:[262767611776]
[work type]:[0]
[Bandwidth(MB/s)]:[1545.897066]
---------------------------
-----------start-----------
[start_pgdemote_kswapd]:[10103041]
[start_pgdemote_direct]:[0]
[start_pgdemote_file]:[118942]
[start_pgdemote_anon]:[9984099]
[start_pgpromote_candidate]:[5547421]
[start_pgpromote_candidate_demoted]:[2978304]
[start_pgpromote_candidate_anon]:[5547180]
[start_pgpromote_candidate_file]:[241]
[start_pgpromote_tried]:[0]
[start_pgpromote_file]:[0]
[start_pgpromote_anon]:[0]
[start_pgmigrate_success]:[11725634]
[start_pgmigrate_fail]:[416414]
[start_pgmigrate_fail_dst_node_full]:[41472]
[start_pgmigrate_fail_numa_isolate]:[41472]
[start_pgmigrate_fail_nomem]:[379283]
[start_pgmigrate_fail_refcount]:[1798]
[start_success_nr]:[5177302]
[start_retry_nr]:[34276]
[start_retreated_page_nr]:[718]
[start_try_to_promote_nr]:[5185320]
[start_task_num]:[0]
[start_write_protect_break_num]:[212679]
[start_shadow_link_num]:[5177267]
[start_shadow_demote_num]:[39]
[start_batch_free_num]:[4960564]
[start_transactional_migration_success_num]:[5177272]
[start_transactional_migration_fail_num]:[1778]
[start_shadow_page_pair]:[17]
[end_pgdemote_kswapd]:[19837870]
[end_pgdemote_direct]:[0]
[end_pgdemote_file]:[120752]
[end_pgdemote_anon]:[19717118]
[end_pgpromote_candidate]:[15387478]
[end_pgpromote_candidate_demoted]:[11495674]
[end_pgpromote_candidate_anon]:[15386982]
[end_pgpromote_candidate_file]:[496]
[end_pgpromote_tried]:[0]
[end_pgpromote_file]:[0]
[end_pgpromote_anon]:[0]
[end_pgmigrate_success]:[21484527]
[end_pgmigrate_fail]:[1573637]
[end_pgmigrate_fail_dst_node_full]:[41472]
[end_pgmigrate_fail_numa_isolate]:[41472]
[end_pgmigrate_fail_nomem]:[1536478]
[end_pgmigrate_fail_refcount]:[5372]
[end_success_nr]:[14974755]
[end_retry_nr]:[161383]
[end_retreated_page_nr]:[3304]
[end_try_to_promote_nr]:[14985359]
[end_task_num]:[0]
[end_write_protect_break_num]:[407056]
[end_shadow_link_num]:[14974706]
[end_shadow_demote_num]:[233027]
[end_batch_free_num]:[14237813]
[end_transactional_migration_success_num]:[14974713]
[end_transactional_migration_fail_num]:[5328]
[end_shadow_page_pair]:[92794]
[note]:[1]
[milliseconds]:[179933]
[total tick]:[467817206156]
[work type]:[0]
[Bandwidth(MB/s)]:[868.378785]
---------------------------
-----------start-----------
[start_pgdemote_kswapd]:[20009054]
[start_pgdemote_direct]:[0]
[start_pgdemote_file]:[120972]
[start_pgdemote_anon]:[19888082]
[start_pgpromote_candidate]:[15387716]
[start_pgpromote_candidate_demoted]:[11495912]
[start_pgpromote_candidate_anon]:[15387170]
[start_pgpromote_candidate_file]:[546]
[start_pgpromote_tried]:[0]
[start_pgpromote_file]:[0]
[start_pgpromote_anon]:[0]
[start_pgmigrate_success]:[21655711]
[start_pgmigrate_fail]:[1582715]
[start_pgmigrate_fail_dst_node_full]:[41472]
[start_pgmigrate_fail_numa_isolate]:[41472]
[start_pgmigrate_fail_nomem]:[1545548]
[start_pgmigrate_fail_refcount]:[5713]
[start_success_nr]:[14974902]
[start_retry_nr]:[161726]
[start_retreated_page_nr]:[3338]
[start_try_to_promote_nr]:[14985540]
[start_task_num]:[0]
[start_write_protect_break_num]:[407091]
[start_shadow_link_num]:[14974832]
[start_shadow_demote_num]:[235584]
[start_batch_free_num]:[14328071]
[start_transactional_migration_success_num]:[14974841]
[start_transactional_migration_fail_num]:[5648]
[start_shadow_page_pair]:[56]
[end_pgdemote_kswapd]:[29925328]
[end_pgdemote_direct]:[0]
[end_pgdemote_file]:[121111]
[end_pgdemote_anon]:[29804217]
[end_pgpromote_candidate]:[25742122]
[end_pgpromote_candidate_demoted]:[21777237]
[end_pgpromote_candidate_anon]:[25741543]
[end_pgpromote_candidate_file]:[579]
[end_pgpromote_tried]:[0]
[end_pgpromote_file]:[0]
[end_pgpromote_anon]:[0]
[end_pgmigrate_success]:[31571985]
[end_pgmigrate_fail]:[2443816]
[end_pgmigrate_fail_dst_node_full]:[41472]
[end_pgmigrate_fail_numa_isolate]:[41472]
[end_pgmigrate_fail_nomem]:[2406646]
[end_pgmigrate_fail_refcount]:[8988]
[end_success_nr]:[25182714]
[end_retry_nr]:[259161]
[end_retreated_page_nr]:[5474]
[end_try_to_promote_nr]:[25195488]
[end_task_num]:[0]
[end_write_protect_break_num]:[847564]
[end_shadow_link_num]:[25182621]
[end_shadow_demote_num]:[886736]
[end_batch_free_num]:[23149461]
[end_transactional_migration_success_num]:[25182634]
[end_transactional_migration_fail_num]:[8923]
[end_shadow_page_pair]:[294389]
[note]:[2]
[milliseconds]:[157786]
[total tick]:[410235646841]
[work type]:[0]
[Bandwidth(MB/s)]:[990.265296]
---------------------------
-----------start-----------
[start_pgdemote_kswapd]:[30219600]
[start_pgdemote_direct]:[0]
[start_pgdemote_file]:[121111]
[start_pgdemote_anon]:[30098489]
[start_pgpromote_candidate]:[25742275]
[start_pgpromote_candidate_demoted]:[21777384]
[start_pgpromote_candidate_anon]:[25741683]
[start_pgpromote_candidate_file]:[592]
[start_pgpromote_tried]:[0]
[start_pgpromote_file]:[0]
[start_pgpromote_anon]:[0]
[start_pgmigrate_success]:[31866257]
[start_pgmigrate_fail]:[2470924]
[start_pgmigrate_fail_dst_node_full]:[41472]
[start_pgmigrate_fail_numa_isolate]:[41472]
[start_pgmigrate_fail_nomem]:[2433754]
[start_pgmigrate_fail_refcount]:[9168]
[start_success_nr]:[25182835]
[start_retry_nr]:[259341]
[start_retreated_page_nr]:[5492]
[start_try_to_promote_nr]:[25195627]
[start_task_num]:[0]
[start_write_protect_break_num]:[847585]
[start_shadow_link_num]:[25182726]
[start_shadow_demote_num]:[901772]
[start_batch_free_num]:[23428837]
[start_transactional_migration_success_num]:[25182739]
[start_transactional_migration_fail_num]:[9063]
[start_shadow_page_pair]:[41]
[end_pgdemote_kswapd]:[40382993]
[end_pgdemote_direct]:[0]
[end_pgdemote_file]:[121275]
[end_pgdemote_anon]:[40261718]
[end_pgpromote_candidate]:[36219797]
[end_pgpromote_candidate_demoted]:[32086262]
[end_pgpromote_candidate_anon]:[36219193]
[end_pgpromote_candidate_file]:[604]
[end_pgpromote_tried]:[0]
[end_pgpromote_file]:[0]
[end_pgpromote_anon]:[0]
[end_pgmigrate_success]:[42029650]
[end_pgmigrate_fail]:[3358316]
[end_pgmigrate_fail_dst_node_full]:[41472]
[end_pgmigrate_fail_numa_isolate]:[41472]
[end_pgmigrate_fail_nomem]:[3321146]
[end_pgmigrate_fail_refcount]:[11610]
[end_success_nr]:[35520695]
[end_retry_nr]:[361271]
[end_retreated_page_nr]:[7841]
[end_try_to_promote_nr]:[35535836]
[end_task_num]:[0]
[end_write_protect_break_num]:[1291795]
[end_shadow_link_num]:[35520569]
[end_shadow_demote_num]:[1518536]
[end_batch_free_num]:[32519627]
[end_transactional_migration_success_num]:[35520582]
[end_transactional_migration_fail_num]:[11481]
[end_shadow_page_pair]:[185228]
[note]:[3]
[milliseconds]:[158062]
[total tick]:[410963593911]
[work type]:[0]
[Bandwidth(MB/s)]:[988.536144]
---------------------------
-----------start-----------
[start_pgdemote_kswapd]:[40568334]
[start_pgdemote_direct]:[0]
[start_pgdemote_file]:[121275]
[start_pgdemote_anon]:[40447059]
[start_pgpromote_candidate]:[36219849]
[start_pgpromote_candidate_demoted]:[32086312]
[start_pgpromote_candidate_anon]:[36219245]
[start_pgpromote_candidate_file]:[604]
[start_pgpromote_tried]:[0]
[start_pgpromote_file]:[0]
[start_pgpromote_anon]:[0]
[start_pgmigrate_success]:[42214991]
[start_pgmigrate_fail]:[3375890]
[start_pgmigrate_fail_dst_node_full]:[41472]
[start_pgmigrate_fail_numa_isolate]:[41472]
[start_pgmigrate_fail_nomem]:[3338720]
[start_pgmigrate_fail_refcount]:[11690]
[start_success_nr]:[35520734]
[start_retry_nr]:[361351]
[start_retreated_page_nr]:[7849]
[start_try_to_promote_nr]:[35535883]
[start_task_num]:[0]
[start_write_protect_break_num]:[1291795]
[start_shadow_link_num]:[35520599]
[start_shadow_demote_num]:[1521267]
[start_batch_free_num]:[32702140]
[start_transactional_migration_success_num]:[35520612]
[start_transactional_migration_fail_num]:[11551]
[start_shadow_page_pair]:[3]
[end_pgdemote_kswapd]:[49758912]
[end_pgdemote_direct]:[0]
[end_pgdemote_file]:[127272]
[end_pgdemote_anon]:[49631640]
[end_pgpromote_candidate]:[46868717]
[end_pgpromote_candidate_demoted]:[42081192]
[end_pgpromote_candidate_anon]:[46868077]
[end_pgpromote_candidate_file]:[640]
[end_pgpromote_tried]:[0]
[end_pgpromote_file]:[0]
[end_pgpromote_anon]:[0]
[end_pgmigrate_success]:[51406593]
[end_pgmigrate_fail]:[3703858]
[end_pgmigrate_fail_dst_node_full]:[41472]
[end_pgmigrate_fail_numa_isolate]:[41472]
[end_pgmigrate_fail_nomem]:[3666659]
[end_pgmigrate_fail_refcount]:[12752]
[end_success_nr]:[44685797]
[end_retry_nr]:[385958]
[end_retreated_page_nr]:[8234]
[end_try_to_promote_nr]:[44701352]
[end_task_num]:[0]
[end_write_protect_break_num]:[1385725]
[end_shadow_link_num]:[44685656]
[end_shadow_demote_num]:[1566540]
[end_batch_free_num]:[41727528]
[end_transactional_migration_success_num]:[44685669]
[end_transactional_migration_fail_num]:[12612]
[end_shadow_page_pair]:[137]
[note]:[4]
[milliseconds]:[136673]
[total tick]:[355341238808]
[work type]:[0]
[Bandwidth(MB/s)]:[1143.239704]
---------------------------
