-----------start-----------
[start_pgdemote_kswapd]:[2672792]
[start_pgdemote_direct]:[0]
[start_pgdemote_file]:[11780]
[start_pgdemote_anon]:[2661012]
[start_pgpromote_candidate]:[48]
[start_pgpromote_candidate_demoted]:[48]
[start_pgpromote_candidate_anon]:[48]
[start_pgpromote_candidate_file]:[0]
[start_pgpromote_tried]:[0]
[start_pgpromote_file]:[0]
[start_pgpromote_anon]:[0]
[start_pgmigrate_success]:[2672792]
[start_pgmigrate_fail]:[7]
[start_pgmigrate_fail_dst_node_full]:[0]
[start_pgmigrate_fail_numa_isolate]:[0]
[start_pgmigrate_fail_nomem]:[0]
[start_pgmigrate_fail_refcount]:[80]
[start_success_nr]:[33]
[start_retry_nr]:[82]
[start_retreated_page_nr]:[8]
[start_try_to_promote_nr]:[41]
[start_task_num]:[0]
[start_write_protect_break_num]:[14]
[start_shadow_link_num]:[33]
[start_shadow_demote_num]:[0]
[start_batch_free_num]:[0]
[start_transactional_migration_success_num]:[35]
[start_transactional_migration_fail_num]:[80]
[start_shadow_page_pair]:[8]
[end_pgdemote_kswapd]:[11981815]
[end_pgdemote_direct]:[0]
[end_pgdemote_file]:[114682]
[end_pgdemote_anon]:[11867133]
[end_pgpromote_candidate]:[7537626]
[end_pgpromote_candidate_demoted]:[4668134]
[end_pgpromote_candidate_anon]:[7536965]
[end_pgpromote_candidate_file]:[661]
[end_pgpromote_tried]:[0]
[end_pgpromote_file]:[0]
[end_pgpromote_anon]:[0]
[end_pgmigrate_success]:[13374503]
[end_pgmigrate_fail]:[792930]
[end_pgmigrate_fail_dst_node_full]:[0]
[end_pgmigrate_fail_numa_isolate]:[0]
[end_pgmigrate_fail_nomem]:[792851]
[end_pgmigrate_fail_refcount]:[1582]
[end_success_nr]:[7075592]
[end_retry_nr]:[21993]
[end_retreated_page_nr]:[472]
[end_try_to_promote_nr]:[7076064]
[end_task_num]:[0]
[end_write_protect_break_num]:[36569]
[end_shadow_link_num]:[7075577]
[end_shadow_demote_num]:[15295]
[end_batch_free_num]:[7022790]
[end_transactional_migration_success_num]:[7075585]
[end_transactional_migration_fail_num]:[1571]
[end_shadow_page_pair]:[839]
[note]:[0]
[milliseconds]:[122409]
[total tick]:[318248681707]
[work type]:[0]
[Bandwidth(MB/s)]:[1276.458430]
---------------------------
-----------start-----------
[start_pgdemote_kswapd]:[11982858]
[start_pgdemote_direct]:[0]
[start_pgdemote_file]:[114746]
[start_pgdemote_anon]:[11868112]
[start_pgpromote_candidate]:[7537697]
[start_pgpromote_candidate_demoted]:[4668203]
[start_pgpromote_candidate_anon]:[7537013]
[start_pgpromote_candidate_file]:[684]
[start_pgpromote_tried]:[0]
[start_pgpromote_file]:[0]
[start_pgpromote_anon]:[0]
[start_pgmigrate_success]:[13375546]
[start_pgmigrate_fail]:[799940]
[start_pgmigrate_fail_dst_node_full]:[0]
[start_pgmigrate_fail_numa_isolate]:[0]
[start_pgmigrate_fail_nomem]:[799861]
[start_pgmigrate_fail_refcount]:[1582]
[start_success_nr]:[7075641]
[start_retry_nr]:[21993]
[start_retreated_page_nr]:[472]
[start_try_to_promote_nr]:[7076113]
[start_task_num]:[0]
[start_write_protect_break_num]:[36570]
[start_shadow_link_num]:[7075616]
[start_shadow_demote_num]:[15295]
[start_batch_free_num]:[7023661]
[start_transactional_migration_success_num]:[7075624]
[start_transactional_migration_fail_num]:[1571]
[start_shadow_page_pair]:[1]
[end_pgdemote_kswapd]:[22152208]
[end_pgdemote_direct]:[0]
[end_pgdemote_file]:[115361]
[end_pgdemote_anon]:[22036847]
[end_pgpromote_candidate]:[17880965]
[end_pgpromote_candidate_demoted]:[14104110]
[end_pgpromote_candidate_anon]:[17880186]
[end_pgpromote_candidate_file]:[779]
[end_pgpromote_tried]:[0]
[end_pgpromote_file]:[0]
[end_pgpromote_anon]:[0]
[end_pgmigrate_success]:[23544896]
[end_pgmigrate_fail]:[2026935]
[end_pgmigrate_fail_dst_node_full]:[0]
[end_pgmigrate_fail_numa_isolate]:[0]
[end_pgmigrate_fail_nomem]:[2026846]
[end_pgmigrate_fail_refcount]:[4680]
[end_success_nr]:[17263674]
[end_retry_nr]:[112713]
[end_retreated_page_nr]:[1902]
[end_try_to_promote_nr]:[17265577]
[end_task_num]:[0]
[end_write_protect_break_num]:[106048]
[end_shadow_link_num]:[17263639]
[end_shadow_demote_num]:[98073]
[end_batch_free_num]:[17040780]
[end_transactional_migration_success_num]:[17263649]
[end_transactional_migration_fail_num]:[4626]
[end_shadow_page_pair]:[18624]
[note]:[1]
[milliseconds]:[157016]
[total tick]:[408235027864]
[work type]:[0]
[Bandwidth(MB/s)]:[995.121516]
---------------------------
-----------start-----------
[start_pgdemote_kswapd]:[22249275]
[start_pgdemote_direct]:[0]
[start_pgdemote_file]:[115654]
[start_pgdemote_anon]:[22133621]
[start_pgpromote_candidate]:[17881065]
[start_pgpromote_candidate_demoted]:[14104210]
[start_pgpromote_candidate_anon]:[17880241]
[start_pgpromote_candidate_file]:[824]
[start_pgpromote_tried]:[0]
[start_pgpromote_file]:[0]
[start_pgpromote_anon]:[0]
[start_pgmigrate_success]:[23641963]
[start_pgmigrate_fail]:[2029232]
[start_pgmigrate_fail_dst_node_full]:[0]
[start_pgmigrate_fail_numa_isolate]:[0]
[start_pgmigrate_fail_nomem]:[2029133]
[start_pgmigrate_fail_refcount]:[4700]
[start_success_nr]:[17263726]
[start_retry_nr]:[112733]
[start_retreated_page_nr]:[1904]
[start_try_to_promote_nr]:[17265631]
[start_task_num]:[0]
[start_write_protect_break_num]:[106058]
[start_shadow_link_num]:[17263682]
[start_shadow_demote_num]:[98073]
[start_batch_free_num]:[17059420]
[start_transactional_migration_success_num]:[17263692]
[start_transactional_migration_fail_num]:[4636]
[start_shadow_page_pair]:[3]
[end_pgdemote_kswapd]:[32485578]
[end_pgdemote_direct]:[0]
[end_pgdemote_file]:[115980]
[end_pgdemote_anon]:[32369598]
[end_pgpromote_candidate]:[28323285]
[end_pgpromote_candidate_demoted]:[24437102]
[end_pgpromote_candidate_anon]:[28322406]
[end_pgpromote_candidate_file]:[879]
[end_pgpromote_tried]:[0]
[end_pgpromote_file]:[0]
[end_pgpromote_anon]:[0]
[end_pgmigrate_success]:[33878266]
[end_pgmigrate_fail]:[2938497]
[end_pgmigrate_fail_dst_node_full]:[0]
[end_pgmigrate_fail_numa_isolate]:[0]
[end_pgmigrate_fail_nomem]:[2938396]
[end_pgmigrate_fail_refcount]:[8391]
[end_success_nr]:[27612517]
[end_retry_nr]:[212737]
[end_retreated_page_nr]:[3398]
[end_try_to_promote_nr]:[27615916]
[end_task_num]:[0]
[end_write_protect_break_num]:[591681]
[end_shadow_link_num]:[27612452]
[end_shadow_demote_num]:[660900]
[end_batch_free_num]:[26243608]
[end_transactional_migration_success_num]:[27612462]
[end_transactional_migration_fail_num]:[8303]
[end_shadow_page_pair]:[115677]
[note]:[2]
[milliseconds]:[158590]
[total tick]:[412331010282]
[work type]:[0]
[Bandwidth(MB/s)]:[985.244971]
---------------------------
-----------start-----------
[start_pgdemote_kswapd]:[32601236]
[start_pgdemote_direct]:[0]
[start_pgdemote_file]:[115980]
[start_pgdemote_anon]:[32485256]
[start_pgpromote_candidate]:[28323440]
[start_pgpromote_candidate_demoted]:[24437256]
[start_pgpromote_candidate_anon]:[28322557]
[start_pgpromote_candidate_file]:[883]
[start_pgpromote_tried]:[0]
[start_pgpromote_file]:[0]
[start_pgpromote_anon]:[0]
[start_pgmigrate_success]:[33993924]
[start_pgmigrate_fail]:[2950065]
[start_pgmigrate_fail_dst_node_full]:[0]
[start_pgmigrate_fail_numa_isolate]:[0]
[start_pgmigrate_fail_nomem]:[2949964]
[start_pgmigrate_fail_refcount]:[8601]
[start_success_nr]:[27612648]
[start_retry_nr]:[212949]
[start_retreated_page_nr]:[3419]
[start_try_to_promote_nr]:[27616068]
[start_task_num]:[0]
[start_write_protect_break_num]:[591700]
[start_shadow_link_num]:[27612577]
[start_shadow_demote_num]:[661705]
[start_batch_free_num]:[26358500]
[start_transactional_migration_success_num]:[27612589]
[start_transactional_migration_fail_num]:[8493]
[start_shadow_page_pair]:[63]
[end_pgdemote_kswapd]:[43004594]
[end_pgdemote_direct]:[0]
[end_pgdemote_file]:[116005]
[end_pgdemote_anon]:[42888589]
[end_pgpromote_candidate]:[39081689]
[end_pgpromote_candidate_demoted]:[35070855]
[end_pgpromote_candidate_anon]:[39080800]
[end_pgpromote_candidate_file]:[889]
[end_pgpromote_tried]:[0]
[end_pgpromote_file]:[0]
[end_pgpromote_anon]:[0]
[end_pgmigrate_success]:[44397282]
[end_pgmigrate_fail]:[3860473]
[end_pgmigrate_fail_dst_node_full]:[0]
[end_pgmigrate_fail_numa_isolate]:[0]
[end_pgmigrate_fail_nomem]:[3860372]
[end_pgmigrate_fail_refcount]:[11284]
[end_success_nr]:[38193041]
[end_retry_nr]:[316553]
[end_retreated_page_nr]:[5001]
[end_try_to_promote_nr]:[38198043]
[end_task_num]:[0]
[end_write_protect_break_num]:[1059776]
[end_shadow_link_num]:[38192933]
[end_shadow_demote_num]:[1258004]
[end_batch_free_num]:[35687240]
[end_transactional_migration_success_num]:[38192945]
[end_transactional_migration_fail_num]:[11173]
[end_shadow_page_pair]:[186079]
[note]:[3]
[milliseconds]:[151863]
[total tick]:[394845953488]
[work type]:[0]
[Bandwidth(MB/s)]:[1028.887879]
---------------------------
-----------start-----------
[start_pgdemote_kswapd]:[43190652]
[start_pgdemote_direct]:[0]
[start_pgdemote_file]:[116005]
[start_pgdemote_anon]:[43074647]
[start_pgpromote_candidate]:[39081758]
[start_pgpromote_candidate_demoted]:[35070922]
[start_pgpromote_candidate_anon]:[39080869]
[start_pgpromote_candidate_file]:[889]
[start_pgpromote_tried]:[0]
[start_pgpromote_file]:[0]
[start_pgpromote_anon]:[0]
[start_pgmigrate_success]:[44583340]
[start_pgmigrate_fail]:[3878382]
[start_pgmigrate_fail_dst_node_full]:[0]
[start_pgmigrate_fail_numa_isolate]:[0]
[start_pgmigrate_fail_nomem]:[3878281]
[start_pgmigrate_fail_refcount]:[11414]
[start_success_nr]:[38193097]
[start_retry_nr]:[316684]
[start_retreated_page_nr]:[5014]
[start_try_to_promote_nr]:[38198112]
[start_task_num]:[0]
[start_write_protect_break_num]:[1059780]
[start_shadow_link_num]:[38192985]
[start_shadow_demote_num]:[1261654]
[start_batch_free_num]:[35869695]
[start_transactional_migration_success_num]:[38192998]
[start_transactional_migration_fail_num]:[11283]
[start_shadow_page_pair]:[16]
[end_pgdemote_kswapd]:[54086274]
[end_pgdemote_direct]:[0]
[end_pgdemote_file]:[116006]
[end_pgdemote_anon]:[53970268]
[end_pgpromote_candidate]:[50220957]
[end_pgpromote_candidate_demoted]:[46061359]
[end_pgpromote_candidate_anon]:[50220067]
[end_pgpromote_candidate_file]:[890]
[end_pgpromote_tried]:[0]
[end_pgpromote_file]:[0]
[end_pgpromote_anon]:[0]
[end_pgmigrate_success]:[55481522]
[end_pgmigrate_fail]:[4843503]
[end_pgmigrate_fail_dst_node_full]:[0]
[end_pgmigrate_fail_numa_isolate]:[0]
[end_pgmigrate_fail_nomem]:[4843402]
[end_pgmigrate_fail_refcount]:[13693]
[end_success_nr]:[49255278]
[end_retry_nr]:[422790]
[end_retreated_page_nr]:[6375]
[end_try_to_promote_nr]:[49261654]
[end_task_num]:[0]
[end_write_protect_break_num]:[1516300]
[end_shadow_link_num]:[49255138]
[end_shadow_demote_num]:[1796699]
[end_batch_free_num]:[45760441]
[end_transactional_migration_success_num]:[49255152]
[end_transactional_migration_fail_num]:[13518]
[end_shadow_page_pair]:[178976]
[note]:[4]
[milliseconds]:[168848]
[total tick]:[439002379626]
[work type]:[0]
[Bandwidth(MB/s)]:[925.388515]
---------------------------
