-----------start-----------
[start_pgdemote_kswapd]:[2682994]
[start_pgdemote_direct]:[13313]
[start_pgdemote_file]:[12018]
[start_pgdemote_anon]:[2684289]
[start_pgpromote_candidate]:[51]
[start_pgpromote_candidate_demoted]:[51]
[start_pgpromote_candidate_anon]:[51]
[start_pgpromote_candidate_file]:[0]
[start_pgpromote_tried]:[0]
[start_pgpromote_file]:[0]
[start_pgpromote_anon]:[0]
[start_pgmigrate_success]:[2696307]
[start_pgmigrate_fail]:[0]
[start_pgmigrate_fail_dst_node_full]:[0]
[start_pgmigrate_fail_numa_isolate]:[0]
[start_pgmigrate_fail_nomem]:[0]
[start_pgmigrate_fail_refcount]:[70]
[start_success_nr]:[38]
[start_retry_nr]:[70]
[start_retreated_page_nr]:[7]
[start_try_to_promote_nr]:[45]
[start_task_num]:[0]
[start_write_protect_break_num]:[13]
[start_shadow_link_num]:[38]
[start_shadow_demote_num]:[0]
[start_batch_free_num]:[0]
[start_transactional_migration_success_num]:[38]
[start_transactional_migration_fail_num]:[70]
[start_shadow_page_pair]:[11]
[end_pgdemote_kswapd]:[11065006]
[end_pgdemote_direct]:[13313]
[end_pgdemote_file]:[126752]
[end_pgdemote_anon]:[10951567]
[end_pgpromote_candidate]:[6701031]
[end_pgpromote_candidate_demoted]:[4036991]
[end_pgpromote_candidate_anon]:[6700630]
[end_pgpromote_candidate_file]:[401]
[end_pgpromote_tried]:[0]
[end_pgpromote_file]:[0]
[end_pgpromote_anon]:[0]
[end_pgmigrate_success]:[58913010]
[end_pgmigrate_fail]:[123157]
[end_pgmigrate_fail_dst_node_full]:[0]
[end_pgmigrate_fail_numa_isolate]:[0]
[end_pgmigrate_fail_nomem]:[123080]
[end_pgmigrate_fail_refcount]:[3289]
[end_success_nr]:[6236185]
[end_retry_nr]:[39200]
[end_retreated_page_nr]:[753]
[end_try_to_promote_nr]:[6236943]
[end_task_num]:[0]
[end_write_protect_break_num]:[116521]
[end_shadow_link_num]:[6236164]
[end_shadow_demote_num]:[100]
[end_batch_free_num]:[5817155]
[end_transactional_migration_success_num]:[6236167]
[end_transactional_migration_fail_num]:[3198]
[end_shadow_page_pair]:[301979]
[note]:[0]
[milliseconds]:[118767]
[total tick]:[308791323137]
[work type]:[0]
[Bandwidth(MB/s)]:[1315.601135]
---------------------------
-----------start-----------
[start_pgdemote_kswapd]:[11390662]
[start_pgdemote_direct]:[13313]
[start_pgdemote_file]:[128569]
[start_pgdemote_anon]:[11275406]
[start_pgpromote_candidate]:[6701100]
[start_pgpromote_candidate_demoted]:[4037057]
[start_pgpromote_candidate_anon]:[6700696]
[start_pgpromote_candidate_file]:[404]
[start_pgpromote_tried]:[0]
[start_pgpromote_file]:[0]
[start_pgpromote_anon]:[0]
[start_pgmigrate_success]:[59312230]
[start_pgmigrate_fail]:[123375]
[start_pgmigrate_fail_dst_node_full]:[0]
[start_pgmigrate_fail_numa_isolate]:[0]
[start_pgmigrate_fail_nomem]:[123279]
[start_pgmigrate_fail_refcount]:[3309]
[start_success_nr]:[6236250]
[start_retry_nr]:[39220]
[start_retreated_page_nr]:[755]
[start_try_to_promote_nr]:[6237010]
[start_task_num]:[0]
[start_write_protect_break_num]:[116530]
[start_shadow_link_num]:[6236219]
[start_shadow_demote_num]:[112]
[start_batch_free_num]:[6119153]
[start_transactional_migration_success_num]:[6236222]
[start_transactional_migration_fail_num]:[3218]
[start_shadow_page_pair]:[0]
[end_pgdemote_kswapd]:[20513964]
[end_pgdemote_direct]:[13313]
[end_pgdemote_file]:[130404]
[end_pgdemote_anon]:[20396873]
[end_pgpromote_candidate]:[16122197]
[end_pgpromote_candidate_demoted]:[12228506]
[end_pgpromote_candidate_anon]:[16121637]
[end_pgpromote_candidate_file]:[560]
[end_pgpromote_tried]:[0]
[end_pgpromote_file]:[0]
[end_pgpromote_anon]:[0]
[end_pgmigrate_success]:[68439778]
[end_pgmigrate_fail]:[931429]
[end_pgmigrate_fail_dst_node_full]:[0]
[end_pgmigrate_fail_numa_isolate]:[0]
[end_pgmigrate_fail_nomem]:[931309]
[end_pgmigrate_fail_refcount]:[5568]
[end_success_nr]:[15353046]
[end_retry_nr]:[120928]
[end_retreated_page_nr]:[2041]
[end_try_to_promote_nr]:[15355096]
[end_task_num]:[0]
[end_write_protect_break_num]:[462059]
[end_shadow_link_num]:[15352962]
[end_shadow_demote_num]:[592297]
[end_batch_free_num]:[14298140]
[end_transactional_migration_success_num]:[15352970]
[end_transactional_migration_fail_num]:[5427]
[end_shadow_page_pair]:[0]
[note]:[1]
[milliseconds]:[133843]
[total tick]:[347984946252]
[work type]:[0]
[Bandwidth(MB/s)]:[1167.412565]
---------------------------
-----------start-----------
[start_pgdemote_kswapd]:[20592075]
[start_pgdemote_direct]:[13313]
[start_pgdemote_file]:[130438]
[start_pgdemote_anon]:[20474950]
[start_pgpromote_candidate]:[16122288]
[start_pgpromote_candidate_demoted]:[12228597]
[start_pgpromote_candidate_anon]:[16121711]
[start_pgpromote_candidate_file]:[577]
[start_pgpromote_tried]:[0]
[start_pgpromote_file]:[0]
[start_pgpromote_anon]:[0]
[start_pgmigrate_success]:[68517889]
[start_pgmigrate_fail]:[931685]
[start_pgmigrate_fail_dst_node_full]:[0]
[start_pgmigrate_fail_numa_isolate]:[0]
[start_pgmigrate_fail_nomem]:[931565]
[start_pgmigrate_fail_refcount]:[5608]
[start_success_nr]:[15353109]
[start_retry_nr]:[120968]
[start_retreated_page_nr]:[2045]
[start_try_to_promote_nr]:[15355163]
[start_task_num]:[0]
[start_write_protect_break_num]:[462067]
[start_shadow_link_num]:[15353017]
[start_shadow_demote_num]:[592297]
[start_batch_free_num]:[14298154]
[start_transactional_migration_success_num]:[15353025]
[start_transactional_migration_fail_num]:[5457]
[start_shadow_page_pair]:[11]
[end_pgdemote_kswapd]:[30564223]
[end_pgdemote_direct]:[13313]
[end_pgdemote_file]:[133400]
[end_pgdemote_anon]:[30444136]
[end_pgpromote_candidate]:[26629226]
[end_pgpromote_candidate_demoted]:[22432429]
[end_pgpromote_candidate_anon]:[26628550]
[end_pgpromote_candidate_file]:[676]
[end_pgpromote_tried]:[0]
[end_pgpromote_file]:[0]
[end_pgpromote_anon]:[0]
[end_pgmigrate_success]:[78492085]
[end_pgmigrate_fail]:[1769416]
[end_pgmigrate_fail_dst_node_full]:[0]
[end_pgmigrate_fail_numa_isolate]:[0]
[end_pgmigrate_fail_nomem]:[1768050]
[end_pgmigrate_fail_refcount]:[20837]
[end_success_nr]:[25550670]
[end_retry_nr]:[230307]
[end_retreated_page_nr]:[4096]
[end_try_to_promote_nr]:[25554778]
[end_task_num]:[0]
[end_write_protect_break_num]:[908301]
[end_shadow_link_num]:[25550548]
[end_shadow_demote_num]:[1067451]
[end_batch_free_num]:[23338483]
[end_transactional_migration_success_num]:[25550559]
[end_transactional_migration_fail_num]:[8345]
[end_shadow_page_pair]:[235048]
[note]:[2]
[milliseconds]:[165776]
[total tick]:[431007317072]
[work type]:[0]
[Bandwidth(MB/s)]:[942.536917]
---------------------------
-----------start-----------
[start_pgdemote_kswapd]:[30799544]
[start_pgdemote_direct]:[13313]
[start_pgdemote_file]:[134065]
[start_pgdemote_anon]:[30678792]
[start_pgpromote_candidate]:[26629373]
[start_pgpromote_candidate_demoted]:[22432575]
[start_pgpromote_candidate_anon]:[26628636]
[start_pgpromote_candidate_file]:[737]
[start_pgpromote_tried]:[0]
[start_pgpromote_file]:[0]
[start_pgpromote_anon]:[0]
[start_pgmigrate_success]:[78727406]
[start_pgmigrate_fail]:[1794588]
[start_pgmigrate_fail_dst_node_full]:[0]
[start_pgmigrate_fail_numa_isolate]:[0]
[start_pgmigrate_fail_nomem]:[1790109]
[start_pgmigrate_fail_refcount]:[51937]
[start_success_nr]:[25550745]
[start_retry_nr]:[230377]
[start_retreated_page_nr]:[4103]
[start_try_to_promote_nr]:[25554860]
[start_task_num]:[0]
[start_write_protect_break_num]:[908307]
[start_shadow_link_num]:[25550615]
[start_shadow_demote_num]:[1077770]
[start_batch_free_num]:[23563249]
[start_transactional_migration_success_num]:[25550626]
[start_transactional_migration_fail_num]:[8415]
[start_shadow_page_pair]:[9]
[end_pgdemote_kswapd]:[40934809]
[end_pgdemote_direct]:[13313]
[end_pgdemote_file]:[134403]
[end_pgdemote_anon]:[40813719]
[end_pgpromote_candidate]:[37349776]
[end_pgpromote_candidate_demoted]:[32824331]
[end_pgpromote_candidate_anon]:[37348929]
[end_pgpromote_candidate_file]:[847]
[end_pgpromote_tried]:[0]
[end_pgpromote_file]:[0]
[end_pgpromote_anon]:[0]
[end_pgmigrate_success]:[88863183]
[end_pgmigrate_fail]:[2639373]
[end_pgmigrate_fail_dst_node_full]:[0]
[end_pgmigrate_fail_numa_isolate]:[0]
[end_pgmigrate_fail_nomem]:[2634894]
[end_pgmigrate_fail_refcount]:[54311]
[end_success_nr]:[35959262]
[end_retry_nr]:[303386]
[end_retreated_page_nr]:[5261]
[end_try_to_promote_nr]:[35964535]
[end_task_num]:[0]
[end_write_protect_break_num]:[1618715]
[end_shadow_link_num]:[35959107]
[end_shadow_demote_num]:[1842603]
[end_batch_free_num]:[32208615]
[end_transactional_migration_success_num]:[35959119]
[end_transactional_migration_fail_num]:[10745]
[end_shadow_page_pair]:[286059]
[note]:[3]
[milliseconds]:[146010]
[total tick]:[379619520564]
[work type]:[0]
[Bandwidth(MB/s)]:[1070.132183]
---------------------------
-----------start-----------
[start_pgdemote_kswapd]:[41221128]
[start_pgdemote_direct]:[13313]
[start_pgdemote_file]:[134403]
[start_pgdemote_anon]:[41100038]
[start_pgpromote_candidate]:[37349906]
[start_pgpromote_candidate_demoted]:[32824461]
[start_pgpromote_candidate_anon]:[37349056]
[start_pgpromote_candidate_file]:[850]
[start_pgpromote_tried]:[0]
[start_pgpromote_file]:[0]
[start_pgpromote_anon]:[0]
[start_pgmigrate_success]:[89149502]
[start_pgmigrate_fail]:[2666025]
[start_pgmigrate_fail_dst_node_full]:[0]
[start_pgmigrate_fail_numa_isolate]:[0]
[start_pgmigrate_fail_nomem]:[2661546]
[start_pgmigrate_fail_refcount]:[54671]
[start_success_nr]:[35959354]
[start_retry_nr]:[303747]
[start_retreated_page_nr]:[5297]
[start_try_to_promote_nr]:[35964663]
[start_task_num]:[0]
[start_write_protect_break_num]:[1618727]
[start_shadow_link_num]:[35959187]
[start_shadow_demote_num]:[1855562]
[start_batch_free_num]:[32481732]
[start_transactional_migration_success_num]:[35959200]
[start_transactional_migration_fail_num]:[11045]
[start_shadow_page_pair]:[32]
[end_pgdemote_kswapd]:[51796027]
[end_pgdemote_direct]:[13313]
[end_pgdemote_file]:[136403]
[end_pgdemote_anon]:[51672937]
[end_pgpromote_candidate]:[48291298]
[end_pgpromote_candidate_demoted]:[43526427]
[end_pgpromote_candidate_anon]:[48290372]
[end_pgpromote_candidate_file]:[926]
[end_pgpromote_tried]:[0]
[end_pgpromote_file]:[0]
[end_pgpromote_anon]:[0]
[end_pgmigrate_success]:[99726961]
[end_pgmigrate_fail]:[3579444]
[end_pgmigrate_fail_dst_node_full]:[0]
[end_pgmigrate_fail_numa_isolate]:[0]
[end_pgmigrate_fail_nomem]:[3574949]
[end_pgmigrate_fail_refcount]:[57562]
[end_success_nr]:[46739463]
[end_retry_nr]:[376592]
[end_retreated_page_nr]:[6584]
[end_try_to_promote_nr]:[46746059]
[end_task_num]:[0]
[end_write_protect_break_num]:[2184544]
[end_shadow_link_num]:[46739072]
[end_shadow_demote_num]:[2488966]
[end_batch_free_num]:[41840110]
[end_transactional_migration_success_num]:[46739088]
[end_transactional_migration_fail_num]:[13913]
[end_shadow_page_pair]:[220533]
[note]:[4]
[milliseconds]:[161335]
[total tick]:[419460793392]
[work type]:[0]
[Bandwidth(MB/s)]:[968.481731]
---------------------------
