-----------start-----------
[start_pgdemote_kswapd]:[42301861]
[start_pgdemote_direct]:[0]
[start_pgdemote_file]:[393152]
[start_pgdemote_anon]:[41908709]
[start_pgpromote_candidate]:[24992290]
[start_pgpromote_candidate_demoted]:[22400681]
[start_pgpromote_candidate_anon]:[24990933]
[start_pgpromote_candidate_file]:[1357]
[start_pgpromote_tried]:[0]
[start_pgpromote_file]:[0]
[start_pgpromote_anon]:[0]
[start_pgmigrate_success]:[603456335]
[start_pgmigrate_fail]:[3962684]
[start_pgmigrate_fail_dst_node_full]:[0]
[start_pgmigrate_fail_numa_isolate]:[0]
[start_pgmigrate_fail_nomem]:[3962425]
[start_pgmigrate_fail_refcount]:[16117]
[start_success_nr]:[24879935]
[start_retry_nr]:[175901]
[start_retreated_page_nr]:[4523]
[start_try_to_promote_nr]:[24884458]
[start_task_num]:[0]
[start_write_protect_break_num]:[6105316]
[start_shadow_link_num]:[15311887]
[start_shadow_demote_num]:[928637]
[start_batch_free_num]:[7951808]
[start_transactional_migration_success_num]:[24879816]
[start_transactional_migration_fail_num]:[15867]
[start_shadow_page_pair]:[22]
[end_pgdemote_kswapd]:[44348558]
[end_pgdemote_direct]:[0]
[end_pgdemote_file]:[404525]
[end_pgdemote_anon]:[43944033]
[end_pgpromote_candidate]:[24995114]
[end_pgpromote_candidate_demoted]:[22403505]
[end_pgpromote_candidate_anon]:[24993757]
[end_pgpromote_candidate_file]:[1357]
[end_pgpromote_tried]:[0]
[end_pgpromote_file]:[0]
[end_pgpromote_anon]:[0]
[end_pgmigrate_success]:[606560824]
[end_pgmigrate_fail]:[3988311]
[end_pgmigrate_fail_dst_node_full]:[0]
[end_pgmigrate_fail_numa_isolate]:[0]
[end_pgmigrate_fail_nomem]:[3988025]
[end_pgmigrate_fail_refcount]:[16167]
[end_success_nr]:[24880644]
[end_retry_nr]:[175953]
[end_retreated_page_nr]:[4528]
[end_try_to_promote_nr]:[24885172]
[end_task_num]:[0]
[end_write_protect_break_num]:[6105506]
[end_shadow_link_num]:[15312291]
[end_shadow_demote_num]:[928637]
[end_batch_free_num]:[7951876]
[end_transactional_migration_success_num]:[24880527]
[end_transactional_migration_fail_num]:[15917]
[end_shadow_page_pair]:[150]
[note]:[0]
[milliseconds]:[12354]
[total tick]:[32121933835]
[work type]:[0]
[Bandwidth(MB/s)]:[5691.476445]
---------------------------
-----------start-----------
[start_pgdemote_kswapd]:[44348558]
[start_pgdemote_direct]:[0]
[start_pgdemote_file]:[404525]
[start_pgdemote_anon]:[43944033]
[start_pgpromote_candidate]:[24995114]
[start_pgpromote_candidate_demoted]:[22403505]
[start_pgpromote_candidate_anon]:[24993757]
[start_pgpromote_candidate_file]:[1357]
[start_pgpromote_tried]:[0]
[start_pgpromote_file]:[0]
[start_pgpromote_anon]:[0]
[start_pgmigrate_success]:[606560824]
[start_pgmigrate_fail]:[3988311]
[start_pgmigrate_fail_dst_node_full]:[0]
[start_pgmigrate_fail_numa_isolate]:[0]
[start_pgmigrate_fail_nomem]:[3988025]
[start_pgmigrate_fail_refcount]:[16167]
[start_success_nr]:[24880644]
[start_retry_nr]:[175953]
[start_retreated_page_nr]:[4528]
[start_try_to_promote_nr]:[24885172]
[start_task_num]:[0]
[start_write_protect_break_num]:[6105506]
[start_shadow_link_num]:[15312291]
[start_shadow_demote_num]:[928637]
[start_batch_free_num]:[7951876]
[start_transactional_migration_success_num]:[24880527]
[start_transactional_migration_fail_num]:[15917]
[start_shadow_page_pair]:[150]
[end_pgdemote_kswapd]:[44495731]
[end_pgdemote_direct]:[0]
[end_pgdemote_file]:[404526]
[end_pgdemote_anon]:[44091205]
[end_pgpromote_candidate]:[25130791]
[end_pgpromote_candidate_demoted]:[22539182]
[end_pgpromote_candidate_anon]:[25129434]
[end_pgpromote_candidate_file]:[1357]
[end_pgpromote_tried]:[0]
[end_pgpromote_file]:[0]
[end_pgpromote_anon]:[0]
[end_pgmigrate_success]:[991711003]
[end_pgmigrate_fail]:[3988320]
[end_pgmigrate_fail_dst_node_full]:[0]
[end_pgmigrate_fail_numa_isolate]:[0]
[end_pgmigrate_fail_nomem]:[3988025]
[end_pgmigrate_fail_refcount]:[16167]
[end_success_nr]:[25016239]
[end_retry_nr]:[176483]
[end_retreated_page_nr]:[4529]
[end_try_to_promote_nr]:[25020768]
[end_task_num]:[0]
[end_write_protect_break_num]:[6182435]
[end_shadow_link_num]:[15389781]
[end_shadow_demote_num]:[928637]
[end_batch_free_num]:[7952106]
[end_transactional_migration_success_num]:[25016122]
[end_transactional_migration_fail_num]:[15917]
[end_shadow_page_pair]:[429]
[note]:[1]
[milliseconds]:[11657]
[total tick]:[30308634802]
[work type]:[0]
[Bandwidth(MB/s)]:[6031.783478]
---------------------------
-----------start-----------
[start_pgdemote_kswapd]:[44495731]
[start_pgdemote_direct]:[0]
[start_pgdemote_file]:[404526]
[start_pgdemote_anon]:[44091205]
[start_pgpromote_candidate]:[25130793]
[start_pgpromote_candidate_demoted]:[22539184]
[start_pgpromote_candidate_anon]:[25129436]
[start_pgpromote_candidate_file]:[1357]
[start_pgpromote_tried]:[0]
[start_pgpromote_file]:[0]
[start_pgpromote_anon]:[0]
[start_pgmigrate_success]:[991711003]
[start_pgmigrate_fail]:[3988320]
[start_pgmigrate_fail_dst_node_full]:[0]
[start_pgmigrate_fail_numa_isolate]:[0]
[start_pgmigrate_fail_nomem]:[3988025]
[start_pgmigrate_fail_refcount]:[16167]
[start_success_nr]:[25016244]
[start_retry_nr]:[176483]
[start_retreated_page_nr]:[4529]
[start_try_to_promote_nr]:[25020773]
[start_task_num]:[0]
[start_write_protect_break_num]:[6182435]
[start_shadow_link_num]:[15389784]
[start_shadow_demote_num]:[928637]
[start_batch_free_num]:[7952106]
[start_transactional_migration_success_num]:[25016127]
[start_transactional_migration_fail_num]:[15917]
[start_shadow_page_pair]:[279]
[end_pgdemote_kswapd]:[44495732]
[end_pgdemote_direct]:[0]
[end_pgdemote_file]:[404527]
[end_pgdemote_anon]:[44091205]
[end_pgpromote_candidate]:[25133075]
[end_pgpromote_candidate_demoted]:[22540892]
[end_pgpromote_candidate_anon]:[25131718]
[end_pgpromote_candidate_file]:[1357]
[end_pgpromote_tried]:[0]
[end_pgpromote_file]:[0]
[end_pgpromote_anon]:[0]
[end_pgmigrate_success]:[992585500]
[end_pgmigrate_fail]:[3988320]
[end_pgmigrate_fail_dst_node_full]:[0]
[end_pgmigrate_fail_numa_isolate]:[0]
[end_pgmigrate_fail_nomem]:[3988025]
[end_pgmigrate_fail_refcount]:[16167]
[end_success_nr]:[25016815]
[end_retry_nr]:[176483]
[end_retreated_page_nr]:[4529]
[end_try_to_promote_nr]:[25021344]
[end_task_num]:[0]
[end_write_protect_break_num]:[6182447]
[end_shadow_link_num]:[15390110]
[end_shadow_demote_num]:[928637]
[end_batch_free_num]:[7952106]
[end_transactional_migration_success_num]:[25016698]
[end_transactional_migration_fail_num]:[15917]
[end_shadow_page_pair]:[593]
[note]:[2]
[milliseconds]:[12337]
[total tick]:[32078413898]
[work type]:[0]
[Bandwidth(MB/s)]:[5699.319121]
---------------------------
-----------start-----------
[start_pgdemote_kswapd]:[44906472]
[start_pgdemote_direct]:[0]
[start_pgdemote_file]:[404527]
[start_pgdemote_anon]:[44501945]
[start_pgpromote_candidate]:[25133075]
[start_pgpromote_candidate_demoted]:[22540892]
[start_pgpromote_candidate_anon]:[25131718]
[start_pgpromote_candidate_file]:[1357]
[start_pgpromote_tried]:[0]
[start_pgpromote_file]:[0]
[start_pgpromote_anon]:[0]
[start_pgmigrate_success]:[992996240]
[start_pgmigrate_fail]:[3988320]
[start_pgmigrate_fail_dst_node_full]:[0]
[start_pgmigrate_fail_numa_isolate]:[0]
[start_pgmigrate_fail_nomem]:[3988025]
[start_pgmigrate_fail_refcount]:[16167]
[start_success_nr]:[25016815]
[start_retry_nr]:[176483]
[start_retreated_page_nr]:[4529]
[start_try_to_promote_nr]:[25021344]
[start_task_num]:[0]
[start_write_protect_break_num]:[6182447]
[start_shadow_link_num]:[15390110]
[start_shadow_demote_num]:[928637]
[start_batch_free_num]:[7952106]
[start_transactional_migration_success_num]:[25016698]
[start_transactional_migration_fail_num]:[15917]
[start_shadow_page_pair]:[593]
[end_pgdemote_kswapd]:[45258136]
[end_pgdemote_direct]:[0]
[end_pgdemote_file]:[404527]
[end_pgdemote_anon]:[44853609]
[end_pgpromote_candidate]:[25256163]
[end_pgpromote_candidate_demoted]:[22541642]
[end_pgpromote_candidate_anon]:[25254806]
[end_pgpromote_candidate_file]:[1357]
[end_pgpromote_tried]:[0]
[end_pgpromote_file]:[0]
[end_pgpromote_anon]:[0]
[end_pgmigrate_success]:[993679168]
[end_pgmigrate_fail]:[3988320]
[end_pgmigrate_fail_dst_node_full]:[0]
[end_pgmigrate_fail_numa_isolate]:[0]
[end_pgmigrate_fail_nomem]:[3988025]
[end_pgmigrate_fail_refcount]:[16217]
[end_success_nr]:[25139247]
[end_retry_nr]:[176804]
[end_retreated_page_nr]:[4538]
[end_try_to_promote_nr]:[25143785]
[end_task_num]:[0]
[end_write_protect_break_num]:[6248823]
[end_shadow_link_num]:[15460066]
[end_shadow_demote_num]:[928637]
[end_batch_free_num]:[7952106]
[end_transactional_migration_success_num]:[25139130]
[end_transactional_migration_fail_num]:[15967]
[end_shadow_page_pair]:[4131]
[note]:[3]
[milliseconds]:[13579]
[total tick]:[35306148206]
[work type]:[0]
[Bandwidth(MB/s)]:[5178.032256]
---------------------------
-----------start-----------
[start_pgdemote_kswapd]:[45258136]
[start_pgdemote_direct]:[0]
[start_pgdemote_file]:[404527]
[start_pgdemote_anon]:[44853609]
[start_pgpromote_candidate]:[25256175]
[start_pgpromote_candidate_demoted]:[22541654]
[start_pgpromote_candidate_anon]:[25254818]
[start_pgpromote_candidate_file]:[1357]
[start_pgpromote_tried]:[0]
[start_pgpromote_file]:[0]
[start_pgpromote_anon]:[0]
[start_pgmigrate_success]:[993679168]
[start_pgmigrate_fail]:[3988320]
[start_pgmigrate_fail_dst_node_full]:[0]
[start_pgmigrate_fail_numa_isolate]:[0]
[start_pgmigrate_fail_nomem]:[3988025]
[start_pgmigrate_fail_refcount]:[16257]
[start_success_nr]:[25139257]
[start_retry_nr]:[176845]
[start_retreated_page_nr]:[4542]
[start_try_to_promote_nr]:[25143799]
[start_task_num]:[0]
[start_write_protect_break_num]:[6248824]
[start_shadow_link_num]:[15460071]
[start_shadow_demote_num]:[928637]
[start_batch_free_num]:[7952106]
[start_transactional_migration_success_num]:[25139140]
[start_transactional_migration_fail_num]:[16007]
[start_shadow_page_pair]:[4135]
[end_pgdemote_kswapd]:[45605837]
[end_pgdemote_direct]:[0]
[end_pgdemote_file]:[404528]
[end_pgdemote_anon]:[45201309]
[end_pgpromote_candidate]:[25257585]
[end_pgpromote_candidate_demoted]:[22542382]
[end_pgpromote_candidate_anon]:[25256228]
[end_pgpromote_candidate_file]:[1357]
[end_pgpromote_tried]:[0]
[end_pgpromote_file]:[0]
[end_pgpromote_anon]:[0]
[end_pgmigrate_success]:[994377589]
[end_pgmigrate_fail]:[3988320]
[end_pgmigrate_fail_dst_node_full]:[0]
[end_pgmigrate_fail_numa_isolate]:[0]
[end_pgmigrate_fail_nomem]:[3988025]
[end_pgmigrate_fail_refcount]:[16257]
[end_success_nr]:[25139979]
[end_retry_nr]:[176845]
[end_retreated_page_nr]:[4542]
[end_try_to_promote_nr]:[25144521]
[end_task_num]:[0]
[end_write_protect_break_num]:[6252853]
[end_shadow_link_num]:[15460483]
[end_shadow_demote_num]:[928637]
[end_batch_free_num]:[7952106]
[end_transactional_migration_success_num]:[25139860]
[end_transactional_migration_fail_num]:[16007]
[end_shadow_page_pair]:[512]
[note]:[4]
[milliseconds]:[13924]
[total tick]:[36204934650]
[work type]:[0]
[Bandwidth(MB/s)]:[5049.734272]
---------------------------
