-----------start-----------
[start_pgdemote_kswapd]:[1975449]
[start_pgdemote_direct]:[0]
[start_pgdemote_file]:[115995]
[start_pgdemote_anon]:[1859454]
[start_pgpromote_candidate]:[45]
[start_pgpromote_candidate_demoted]:[45]
[start_pgpromote_candidate_anon]:[27]
[start_pgpromote_candidate_file]:[18]
[start_pgpromote_tried]:[0]
[start_pgpromote_file]:[0]
[start_pgpromote_anon]:[0]
[start_pgmigrate_success]:[1975449]
[start_pgmigrate_fail]:[63]
[start_pgmigrate_fail_dst_node_full]:[0]
[start_pgmigrate_fail_numa_isolate]:[0]
[start_pgmigrate_fail_nomem]:[0]
[start_pgmigrate_fail_refcount]:[130]
[start_success_nr]:[21]
[start_retry_nr]:[61]
[start_retreated_page_nr]:[6]
[start_try_to_promote_nr]:[27]
[start_task_num]:[0]
[start_write_protect_break_num]:[3]
[start_shadow_link_num]:[13]
[start_shadow_demote_num]:[0]
[start_batch_free_num]:[0]
[start_transactional_migration_success_num]:[22]
[start_transactional_migration_fail_num]:[60]
[start_shadow_page_pair]:[5]
[end_pgdemote_kswapd]:[3389494]
[end_pgdemote_direct]:[0]
[end_pgdemote_file]:[118023]
[end_pgdemote_anon]:[3271471]
[end_pgpromote_candidate]:[3161]
[end_pgpromote_candidate_demoted]:[3161]
[end_pgpromote_candidate_anon]:[3032]
[end_pgpromote_candidate_file]:[129]
[end_pgpromote_tried]:[0]
[end_pgpromote_file]:[0]
[end_pgpromote_anon]:[0]
[end_pgmigrate_success]:[4538422]
[end_pgmigrate_fail]:[89]
[end_pgmigrate_fail_dst_node_full]:[0]
[end_pgmigrate_fail_numa_isolate]:[0]
[end_pgmigrate_fail_nomem]:[0]
[end_pgmigrate_fail_refcount]:[380]
[end_success_nr]:[775]
[end_retry_nr]:[73]
[end_retreated_page_nr]:[7]
[end_try_to_promote_nr]:[782]
[end_task_num]:[0]
[end_write_protect_break_num]:[224]
[end_shadow_link_num]:[442]
[end_shadow_demote_num]:[0]
[end_batch_free_num]:[0]
[end_transactional_migration_success_num]:[778]
[end_transactional_migration_fail_num]:[70]
[end_shadow_page_pair]:[192]
[note]:[0]
[milliseconds]:[12811]
[total tick]:[33310550768]
[work type]:[0]
[Bandwidth(MB/s)]:[5488.447428]
---------------------------
-----------start-----------
[start_pgdemote_kswapd]:[3389494]
[start_pgdemote_direct]:[0]
[start_pgdemote_file]:[118023]
[start_pgdemote_anon]:[3271471]
[start_pgpromote_candidate]:[3164]
[start_pgpromote_candidate_demoted]:[3164]
[start_pgpromote_candidate_anon]:[3032]
[start_pgpromote_candidate_file]:[132]
[start_pgpromote_tried]:[0]
[start_pgpromote_file]:[0]
[start_pgpromote_anon]:[0]
[start_pgmigrate_success]:[4538422]
[start_pgmigrate_fail]:[89]
[start_pgmigrate_fail_dst_node_full]:[0]
[start_pgmigrate_fail_numa_isolate]:[0]
[start_pgmigrate_fail_nomem]:[0]
[start_pgmigrate_fail_refcount]:[380]
[start_success_nr]:[775]
[start_retry_nr]:[73]
[start_retreated_page_nr]:[7]
[start_try_to_promote_nr]:[782]
[start_task_num]:[0]
[start_write_protect_break_num]:[224]
[start_shadow_link_num]:[442]
[start_shadow_demote_num]:[0]
[start_batch_free_num]:[0]
[start_transactional_migration_success_num]:[778]
[start_transactional_migration_fail_num]:[70]
[start_shadow_page_pair]:[192]
[end_pgdemote_kswapd]:[3389494]
[end_pgdemote_direct]:[0]
[end_pgdemote_file]:[118023]
[end_pgdemote_anon]:[3271471]
[end_pgpromote_candidate]:[4097]
[end_pgpromote_candidate_demoted]:[4096]
[end_pgpromote_candidate_anon]:[3952]
[end_pgpromote_candidate_file]:[145]
[end_pgpromote_tried]:[0]
[end_pgpromote_file]:[0]
[end_pgpromote_anon]:[0]
[end_pgmigrate_success]:[4572726]
[end_pgmigrate_fail]:[89]
[end_pgmigrate_fail_dst_node_full]:[0]
[end_pgmigrate_fail_numa_isolate]:[0]
[end_pgmigrate_fail_nomem]:[0]
[end_pgmigrate_fail_refcount]:[460]
[end_success_nr]:[1619]
[end_retry_nr]:[153]
[end_retreated_page_nr]:[15]
[end_try_to_promote_nr]:[1634]
[end_task_num]:[0]
[end_write_protect_break_num]:[224]
[end_shadow_link_num]:[924]
[end_shadow_demote_num]:[0]
[end_batch_free_num]:[0]
[end_transactional_migration_success_num]:[1622]
[end_transactional_migration_fail_num]:[150]
[end_shadow_page_pair]:[674]
[note]:[1]
[milliseconds]:[9660]
[total tick]:[25117191376]
[work type]:[0]
[Bandwidth(MB/s)]:[7278.726708]
---------------------------
-----------start-----------
[start_pgdemote_kswapd]:[3389494]
[start_pgdemote_direct]:[0]
[start_pgdemote_file]:[118023]
[start_pgdemote_anon]:[3271471]
[start_pgpromote_candidate]:[4102]
[start_pgpromote_candidate_demoted]:[4097]
[start_pgpromote_candidate_anon]:[3952]
[start_pgpromote_candidate_file]:[150]
[start_pgpromote_tried]:[0]
[start_pgpromote_file]:[0]
[start_pgpromote_anon]:[0]
[start_pgmigrate_success]:[4572726]
[start_pgmigrate_fail]:[89]
[start_pgmigrate_fail_dst_node_full]:[0]
[start_pgmigrate_fail_numa_isolate]:[0]
[start_pgmigrate_fail_nomem]:[0]
[start_pgmigrate_fail_refcount]:[460]
[start_success_nr]:[1624]
[start_retry_nr]:[153]
[start_retreated_page_nr]:[15]
[start_try_to_promote_nr]:[1639]
[start_task_num]:[0]
[start_write_protect_break_num]:[224]
[start_shadow_link_num]:[927]
[start_shadow_demote_num]:[0]
[start_batch_free_num]:[0]
[start_transactional_migration_success_num]:[1627]
[start_transactional_migration_fail_num]:[150]
[start_shadow_page_pair]:[488]
[end_pgdemote_kswapd]:[3804937]
[end_pgdemote_direct]:[0]
[end_pgdemote_file]:[122585]
[end_pgdemote_anon]:[3682352]
[end_pgpromote_candidate]:[5021]
[end_pgpromote_candidate_demoted]:[5009]
[end_pgpromote_candidate_anon]:[4702]
[end_pgpromote_candidate_file]:[319]
[end_pgpromote_tried]:[0]
[end_pgpromote_file]:[0]
[end_pgpromote_anon]:[0]
[end_pgmigrate_success]:[5365513]
[end_pgmigrate_fail]:[89]
[end_pgmigrate_fail_dst_node_full]:[0]
[end_pgmigrate_fail_numa_isolate]:[0]
[end_pgmigrate_fail_nomem]:[0]
[end_pgmigrate_fail_refcount]:[560]
[end_success_nr]:[1629]
[end_retry_nr]:[253]
[end_retreated_page_nr]:[25]
[end_try_to_promote_nr]:[1654]
[end_task_num]:[0]
[end_write_protect_break_num]:[224]
[end_shadow_link_num]:[931]
[end_shadow_demote_num]:[0]
[end_batch_free_num]:[0]
[end_transactional_migration_success_num]:[1632]
[end_transactional_migration_fail_num]:[250]
[end_shadow_page_pair]:[492]
[note]:[2]
[milliseconds]:[11210]
[total tick]:[29146500662]
[work type]:[0]
[Bandwidth(MB/s)]:[6272.301517]
---------------------------
-----------start-----------
[start_pgdemote_kswapd]:[3804937]
[start_pgdemote_direct]:[0]
[start_pgdemote_file]:[122585]
[start_pgdemote_anon]:[3682352]
[start_pgpromote_candidate]:[5049]
[start_pgpromote_candidate_demoted]:[5032]
[start_pgpromote_candidate_anon]:[4703]
[start_pgpromote_candidate_file]:[346]
[start_pgpromote_tried]:[0]
[start_pgpromote_file]:[0]
[start_pgpromote_anon]:[0]
[start_pgmigrate_success]:[5365513]
[start_pgmigrate_fail]:[89]
[start_pgmigrate_fail_dst_node_full]:[0]
[start_pgmigrate_fail_numa_isolate]:[0]
[start_pgmigrate_fail_nomem]:[0]
[start_pgmigrate_fail_refcount]:[560]
[start_success_nr]:[1630]
[start_retry_nr]:[253]
[start_retreated_page_nr]:[25]
[start_try_to_promote_nr]:[1655]
[start_task_num]:[0]
[start_write_protect_break_num]:[224]
[start_shadow_link_num]:[932]
[start_shadow_demote_num]:[0]
[start_batch_free_num]:[0]
[start_transactional_migration_success_num]:[1633]
[start_transactional_migration_fail_num]:[250]
[start_shadow_page_pair]:[493]
[end_pgdemote_kswapd]:[4247879]
[end_pgdemote_direct]:[0]
[end_pgdemote_file]:[127800]
[end_pgdemote_anon]:[4120079]
[end_pgpromote_candidate]:[6512]
[end_pgpromote_candidate_demoted]:[6495]
[end_pgpromote_candidate_anon]:[6165]
[end_pgpromote_candidate_file]:[347]
[end_pgpromote_tried]:[0]
[end_pgpromote_file]:[0]
[end_pgpromote_anon]:[0]
[end_pgmigrate_success]:[6322503]
[end_pgmigrate_fail]:[90]
[end_pgmigrate_fail_dst_node_full]:[0]
[end_pgmigrate_fail_numa_isolate]:[0]
[end_pgmigrate_fail_nomem]:[0]
[end_pgmigrate_fail_refcount]:[640]
[end_success_nr]:[2077]
[end_retry_nr]:[333]
[end_retreated_page_nr]:[33]
[end_try_to_promote_nr]:[2110]
[end_task_num]:[0]
[end_write_protect_break_num]:[227]
[end_shadow_link_num]:[1189]
[end_shadow_demote_num]:[493]
[end_batch_free_num]:[0]
[end_transactional_migration_success_num]:[2080]
[end_transactional_migration_fail_num]:[330]
[end_shadow_page_pair]:[253]
[note]:[3]
[milliseconds]:[14053]
[total tick]:[36541475612]
[work type]:[0]
[Bandwidth(MB/s)]:[5003.380061]
---------------------------
-----------start-----------
[start_pgdemote_kswapd]:[4247879]
[start_pgdemote_direct]:[0]
[start_pgdemote_file]:[127800]
[start_pgdemote_anon]:[4120079]
[start_pgpromote_candidate]:[6525]
[start_pgpromote_candidate_demoted]:[6508]
[start_pgpromote_candidate_anon]:[6178]
[start_pgpromote_candidate_file]:[347]
[start_pgpromote_tried]:[0]
[start_pgpromote_file]:[0]
[start_pgpromote_anon]:[0]
[start_pgmigrate_success]:[6322503]
[start_pgmigrate_fail]:[90]
[start_pgmigrate_fail_dst_node_full]:[0]
[start_pgmigrate_fail_numa_isolate]:[0]
[start_pgmigrate_fail_nomem]:[0]
[start_pgmigrate_fail_refcount]:[690]
[start_success_nr]:[2081]
[start_retry_nr]:[383]
[start_retreated_page_nr]:[38]
[start_try_to_promote_nr]:[2119]
[start_task_num]:[0]
[start_write_protect_break_num]:[227]
[start_shadow_link_num]:[1191]
[start_shadow_demote_num]:[493]
[start_batch_free_num]:[0]
[start_transactional_migration_success_num]:[2084]
[start_transactional_migration_fail_num]:[380]
[start_shadow_page_pair]:[255]
[end_pgdemote_kswapd]:[4346314]
[end_pgdemote_direct]:[0]
[end_pgdemote_file]:[129811]
[end_pgdemote_anon]:[4216503]
[end_pgpromote_candidate]:[7290]
[end_pgpromote_candidate_demoted]:[7255]
[end_pgpromote_candidate_anon]:[6925]
[end_pgpromote_candidate_file]:[365]
[end_pgpromote_tried]:[0]
[end_pgpromote_file]:[0]
[end_pgpromote_anon]:[0]
[end_pgmigrate_success]:[6518218]
[end_pgmigrate_fail]:[114]
[end_pgmigrate_fail_dst_node_full]:[0]
[end_pgmigrate_fail_numa_isolate]:[0]
[end_pgmigrate_fail_nomem]:[0]
[end_pgmigrate_fail_refcount]:[740]
[end_success_nr]:[2636]
[end_retry_nr]:[433]
[end_retreated_page_nr]:[43]
[end_try_to_promote_nr]:[2679]
[end_task_num]:[0]
[end_write_protect_break_num]:[230]
[end_shadow_link_num]:[1507]
[end_shadow_demote_num]:[560]
[end_batch_free_num]:[0]
[end_transactional_migration_success_num]:[2639]
[end_transactional_migration_fail_num]:[430]
[end_shadow_page_pair]:[498]
[note]:[4]
[milliseconds]:[13813]
[total tick]:[35916261408]
[work type]:[0]
[Bandwidth(MB/s)]:[5090.313473]
---------------------------
