-----------start-----------
[start_pgdemote_kswapd]:[3266975]
[start_pgdemote_direct]:[0]
[start_pgdemote_file]:[153065]
[start_pgdemote_anon]:[3113910]
[start_pgpromote_candidate]:[97]
[start_pgpromote_candidate_demoted]:[97]
[start_pgpromote_candidate_anon]:[29]
[start_pgpromote_candidate_file]:[68]
[start_pgpromote_tried]:[0]
[start_pgpromote_file]:[0]
[start_pgpromote_anon]:[0]
[start_pgmigrate_success]:[3266975]
[start_pgmigrate_fail]:[31]
[start_pgmigrate_fail_dst_node_full]:[0]
[start_pgmigrate_fail_numa_isolate]:[0]
[start_pgmigrate_fail_nomem]:[0]
[start_pgmigrate_fail_refcount]:[30]
[start_success_nr]:[23]
[start_retry_nr]:[31]
[start_retreated_page_nr]:[3]
[start_try_to_promote_nr]:[26]
[start_task_num]:[0]
[start_write_protect_break_num]:[3]
[start_shadow_link_num]:[13]
[start_shadow_demote_num]:[0]
[start_batch_free_num]:[0]
[start_transactional_migration_success_num]:[24]
[start_transactional_migration_fail_num]:[30]
[start_shadow_page_pair]:[3]
[end_pgdemote_kswapd]:[6079779]
[end_pgdemote_direct]:[0]
[end_pgdemote_file]:[155117]
[end_pgdemote_anon]:[5924662]
[end_pgpromote_candidate]:[52512]
[end_pgpromote_candidate_demoted]:[5800]
[end_pgpromote_candidate_anon]:[52444]
[end_pgpromote_candidate_file]:[68]
[end_pgpromote_tried]:[0]
[end_pgpromote_file]:[0]
[end_pgpromote_anon]:[0]
[end_pgmigrate_success]:[8416277]
[end_pgmigrate_fail]:[5965]
[end_pgmigrate_fail_dst_node_full]:[0]
[end_pgmigrate_fail_numa_isolate]:[0]
[end_pgmigrate_fail_nomem]:[5931]
[end_pgmigrate_fail_refcount]:[40]
[end_success_nr]:[47866]
[end_retry_nr]:[187]
[end_retreated_page_nr]:[12]
[end_try_to_promote_nr]:[47878]
[end_task_num]:[0]
[end_write_protect_break_num]:[18843]
[end_shadow_link_num]:[47626]
[end_shadow_demote_num]:[0]
[end_batch_free_num]:[12540]
[end_transactional_migration_success_num]:[47867]
[end_transactional_migration_fail_num]:[40]
[end_shadow_page_pair]:[16179]
[note]:[0]
[milliseconds]:[20511]
[total tick]:[53329017920]
[work type]:[0]
[Bandwidth(MB/s)]:[5713.397689]
---------------------------
-----------start-----------
[start_pgdemote_kswapd]:[6443380]
[start_pgdemote_direct]:[0]
[start_pgdemote_file]:[155396]
[start_pgdemote_anon]:[6287984]
[start_pgpromote_candidate]:[52516]
[start_pgpromote_candidate_demoted]:[5804]
[start_pgpromote_candidate_anon]:[52447]
[start_pgpromote_candidate_file]:[69]
[start_pgpromote_tried]:[0]
[start_pgpromote_file]:[0]
[start_pgpromote_anon]:[0]
[start_pgmigrate_success]:[8779878]
[start_pgmigrate_fail]:[21703]
[start_pgmigrate_fail_dst_node_full]:[0]
[start_pgmigrate_fail_numa_isolate]:[0]
[start_pgmigrate_fail_nomem]:[5931]
[start_pgmigrate_fail_refcount]:[157320]
[start_success_nr]:[47870]
[start_retry_nr]:[187]
[start_retreated_page_nr]:[12]
[start_try_to_promote_nr]:[47882]
[start_task_num]:[0]
[start_write_protect_break_num]:[18843]
[start_shadow_link_num]:[47628]
[start_shadow_demote_num]:[0]
[start_batch_free_num]:[12540]
[start_transactional_migration_success_num]:[47871]
[start_transactional_migration_fail_num]:[40]
[start_shadow_page_pair]:[16179]
[end_pgdemote_kswapd]:[7631827]
[end_pgdemote_direct]:[0]
[end_pgdemote_file]:[156508]
[end_pgdemote_anon]:[7475319]
[end_pgpromote_candidate]:[2952667]
[end_pgpromote_candidate_demoted]:[694800]
[end_pgpromote_candidate_anon]:[2952566]
[end_pgpromote_candidate_file]:[101]
[end_pgpromote_tried]:[0]
[end_pgpromote_file]:[0]
[end_pgpromote_anon]:[0]
[end_pgmigrate_success]:[127555065]
[end_pgmigrate_fail]:[21769]
[end_pgmigrate_fail_dst_node_full]:[0]
[end_pgmigrate_fail_numa_isolate]:[0]
[end_pgmigrate_fail_nomem]:[962472]
[end_pgmigrate_fail_refcount]:[159653]
[end_success_nr]:[1620043]
[end_retry_nr]:[20782]
[end_retreated_page_nr]:[712]
[end_try_to_promote_nr]:[2946221]
[end_task_num]:[0]
[end_write_protect_break_num]:[1015482]
[end_shadow_link_num]:[1397989]
[end_shadow_demote_num]:[55]
[end_batch_free_num]:[18220]
[end_transactional_migration_success_num]:[1620041]
[end_transactional_migration_fail_num]:[2343]
[end_shadow_page_pair]:[364045]
[note]:[1]
[milliseconds]:[51043]
[total tick]:[132710459004]
[work type]:[0]
[Bandwidth(MB/s)]:[2295.858394]
---------------------------
-----------start-----------
[start_pgdemote_kswapd]:[7631827]
[start_pgdemote_direct]:[0]
[start_pgdemote_file]:[156508]
[start_pgdemote_anon]:[7475319]
[start_pgpromote_candidate]:[2952673]
[start_pgpromote_candidate_demoted]:[694805]
[start_pgpromote_candidate_anon]:[2952572]
[start_pgpromote_candidate_file]:[101]
[start_pgpromote_tried]:[0]
[start_pgpromote_file]:[0]
[start_pgpromote_anon]:[0]
[start_pgmigrate_success]:[127555065]
[start_pgmigrate_fail]:[21769]
[start_pgmigrate_fail_dst_node_full]:[0]
[start_pgmigrate_fail_numa_isolate]:[0]
[start_pgmigrate_fail_nomem]:[962472]
[start_pgmigrate_fail_refcount]:[159653]
[start_success_nr]:[1620048]
[start_retry_nr]:[20782]
[start_retreated_page_nr]:[712]
[start_try_to_promote_nr]:[2946226]
[start_task_num]:[0]
[start_write_protect_break_num]:[1015486]
[start_shadow_link_num]:[1397992]
[start_shadow_demote_num]:[55]
[start_batch_free_num]:[18220]
[start_transactional_migration_success_num]:[1620046]
[start_transactional_migration_fail_num]:[2343]
[start_shadow_page_pair]:[364019]
[end_pgdemote_kswapd]:[11572050]
[end_pgdemote_direct]:[0]
[end_pgdemote_file]:[156928]
[end_pgdemote_anon]:[11415122]
[end_pgpromote_candidate]:[6428804]
[end_pgpromote_candidate_demoted]:[2712641]
[end_pgpromote_candidate_anon]:[6428608]
[end_pgpromote_candidate_file]:[196]
[end_pgpromote_tried]:[0]
[end_pgpromote_file]:[0]
[end_pgpromote_anon]:[0]
[end_pgmigrate_success]:[138925188]
[end_pgmigrate_fail]:[134435]
[end_pgmigrate_fail_dst_node_full]:[0]
[end_pgmigrate_fail_numa_isolate]:[0]
[end_pgmigrate_fail_nomem]:[1075138]
[end_pgmigrate_fail_refcount]:[161297]
[end_success_nr]:[5093480]
[end_retry_nr]:[52183]
[end_retreated_page_nr]:[1776]
[end_try_to_promote_nr]:[6420722]
[end_task_num]:[0]
[end_write_protect_break_num]:[2557840]
[end_shadow_link_num]:[4028904]
[end_shadow_demote_num]:[122992]
[end_batch_free_num]:[1190810]
[end_transactional_migration_success_num]:[5093476]
[end_transactional_migration_fail_num]:[3967]
[end_shadow_page_pair]:[156970]
[note]:[2]
[milliseconds]:[76948]
[total tick]:[200061757600]
[work type]:[0]
[Bandwidth(MB/s)]:[1522.944066]
---------------------------
-----------start-----------
[start_pgdemote_kswapd]:[11572309]
[start_pgdemote_direct]:[0]
[start_pgdemote_file]:[156928]
[start_pgdemote_anon]:[11415381]
[start_pgpromote_candidate]:[6428815]
[start_pgpromote_candidate_demoted]:[2712649]
[start_pgpromote_candidate_anon]:[6428619]
[start_pgpromote_candidate_file]:[196]
[start_pgpromote_tried]:[0]
[start_pgpromote_file]:[0]
[start_pgpromote_anon]:[0]
[start_pgmigrate_success]:[138975544]
[start_pgmigrate_fail]:[134466]
[start_pgmigrate_fail_dst_node_full]:[0]
[start_pgmigrate_fail_numa_isolate]:[0]
[start_pgmigrate_fail_nomem]:[1075169]
[start_pgmigrate_fail_refcount]:[161347]
[start_success_nr]:[5093485]
[start_retry_nr]:[52233]
[start_retreated_page_nr]:[1781]
[start_try_to_promote_nr]:[6420732]
[start_task_num]:[0]
[start_write_protect_break_num]:[2557844]
[start_shadow_link_num]:[4028906]
[start_shadow_demote_num]:[122992]
[start_batch_free_num]:[1191090]
[start_transactional_migration_success_num]:[5093481]
[start_transactional_migration_fail_num]:[4017]
[start_shadow_page_pair]:[156685]
[end_pgdemote_kswapd]:[14785495]
[end_pgdemote_direct]:[0]
[end_pgdemote_file]:[156932]
[end_pgdemote_anon]:[14628563]
[end_pgpromote_candidate]:[9507253]
[end_pgpromote_candidate_demoted]:[5750958]
[end_pgpromote_candidate_anon]:[9507054]
[end_pgpromote_candidate_file]:[199]
[end_pgpromote_tried]:[0]
[end_pgpromote_file]:[0]
[end_pgpromote_anon]:[0]
[end_pgmigrate_success]:[142190778]
[end_pgmigrate_fail]:[290202]
[end_pgmigrate_fail_dst_node_full]:[0]
[end_pgmigrate_fail_numa_isolate]:[0]
[end_pgmigrate_fail_nomem]:[1230905]
[end_pgmigrate_fail_refcount]:[162027]
[end_success_nr]:[8171590]
[end_retry_nr]:[67728]
[end_retreated_page_nr]:[2109]
[end_try_to_promote_nr]:[9499165]
[end_task_num]:[0]
[end_write_protect_break_num]:[2859423]
[end_shadow_link_num]:[5808675]
[end_shadow_demote_num]:[164796]
[end_batch_free_num]:[2759460]
[end_transactional_migration_success_num]:[8171583]
[end_transactional_migration_fail_num]:[4687]
[end_shadow_page_pair]:[24672]
[note]:[3]
[milliseconds]:[66464]
[total tick]:[172804272522]
[work type]:[0]
[Bandwidth(MB/s)]:[1763.172545]
---------------------------
-----------start-----------
[start_pgdemote_kswapd]:[14790126]
[start_pgdemote_direct]:[0]
[start_pgdemote_file]:[156932]
[start_pgdemote_anon]:[14633194]
[start_pgpromote_candidate]:[9507276]
[start_pgpromote_candidate_demoted]:[5750979]
[start_pgpromote_candidate_anon]:[9507077]
[start_pgpromote_candidate_file]:[199]
[start_pgpromote_tried]:[0]
[start_pgpromote_file]:[0]
[start_pgpromote_anon]:[0]
[start_pgmigrate_success]:[142195409]
[start_pgmigrate_fail]:[290683]
[start_pgmigrate_fail_dst_node_full]:[0]
[start_pgmigrate_fail_numa_isolate]:[0]
[start_pgmigrate_fail_nomem]:[1231386]
[start_pgmigrate_fail_refcount]:[162027]
[start_success_nr]:[8171611]
[start_retry_nr]:[67729]
[start_retreated_page_nr]:[2109]
[start_try_to_promote_nr]:[9499186]
[start_task_num]:[0]
[start_write_protect_break_num]:[2859424]
[start_shadow_link_num]:[5808684]
[start_shadow_demote_num]:[164802]
[start_batch_free_num]:[2764400]
[start_transactional_migration_success_num]:[8171602]
[start_transactional_migration_fail_num]:[4687]
[start_shadow_page_pair]:[19730]
[end_pgdemote_kswapd]:[16996170]
[end_pgdemote_direct]:[0]
[end_pgdemote_file]:[157037]
[end_pgdemote_anon]:[16839133]
[end_pgpromote_candidate]:[11806401]
[end_pgpromote_candidate_demoted]:[8049298]
[end_pgpromote_candidate_anon]:[11806202]
[end_pgpromote_candidate_file]:[199]
[end_pgpromote_tried]:[0]
[end_pgpromote_file]:[0]
[end_pgpromote_anon]:[0]
[end_pgmigrate_success]:[144401453]
[end_pgmigrate_fail]:[372948]
[end_pgmigrate_fail_dst_node_full]:[0]
[end_pgmigrate_fail_numa_isolate]:[0]
[end_pgmigrate_fail_nomem]:[1313651]
[end_pgmigrate_fail_refcount]:[163198]
[end_success_nr]:[10470398]
[end_retry_nr]:[80096]
[end_retreated_page_nr]:[2442]
[end_try_to_promote_nr]:[11798306]
[end_task_num]:[0]
[end_write_protect_break_num]:[3240855]
[end_shadow_link_num]:[7122393]
[end_shadow_demote_num]:[175287]
[end_batch_free_num]:[3592790]
[end_transactional_migration_success_num]:[10470389]
[end_transactional_migration_fail_num]:[5857]
[end_shadow_page_pair]:[113094]
[note]:[4]
[milliseconds]:[57169]
[total tick]:[148637846466]
[work type]:[0]
[Bandwidth(MB/s)]:[2049.843447]
---------------------------
