-----------start-----------
[start_pgdemote_kswapd]:[1394748]
[start_pgdemote_direct]:[0]
[start_pgdemote_file]:[106928]
[start_pgdemote_anon]:[1287820]
[start_pgpromote_candidate]:[36]
[start_pgpromote_candidate_demoted]:[36]
[start_pgpromote_candidate_anon]:[36]
[start_pgpromote_candidate_file]:[0]
[start_pgpromote_tried]:[0]
[start_pgpromote_file]:[0]
[start_pgpromote_anon]:[0]
[start_pgmigrate_success]:[1394748]
[start_pgmigrate_fail]:[34]
[start_pgmigrate_fail_dst_node_full]:[0]
[start_pgmigrate_fail_numa_isolate]:[0]
[start_pgmigrate_fail_nomem]:[0]
[start_pgmigrate_fail_refcount]:[100]
[start_success_nr]:[23]
[start_retry_nr]:[101]
[start_retreated_page_nr]:[10]
[start_try_to_promote_nr]:[33]
[start_task_num]:[0]
[start_write_protect_break_num]:[1]
[start_shadow_link_num]:[14]
[start_shadow_demote_num]:[0]
[start_batch_free_num]:[0]
[start_transactional_migration_success_num]:[24]
[start_transactional_migration_fail_num]:[100]
[start_shadow_page_pair]:[6]
[end_pgdemote_kswapd]:[2888735]
[end_pgdemote_direct]:[0]
[end_pgdemote_file]:[106928]
[end_pgdemote_anon]:[2781807]
[end_pgpromote_candidate]:[3059]
[end_pgpromote_candidate_demoted]:[3052]
[end_pgpromote_candidate_anon]:[2974]
[end_pgpromote_candidate_file]:[85]
[end_pgpromote_tried]:[0]
[end_pgpromote_file]:[0]
[end_pgpromote_anon]:[0]
[end_pgmigrate_success]:[3906079]
[end_pgmigrate_fail]:[34]
[end_pgmigrate_fail_dst_node_full]:[0]
[end_pgmigrate_fail_numa_isolate]:[0]
[end_pgmigrate_fail_nomem]:[0]
[end_pgmigrate_fail_refcount]:[270]
[end_success_nr]:[957]
[end_retry_nr]:[275]
[end_retreated_page_nr]:[27]
[end_try_to_promote_nr]:[984]
[end_task_num]:[0]
[end_write_protect_break_num]:[243]
[end_shadow_link_num]:[546]
[end_shadow_demote_num]:[27]
[end_batch_free_num]:[0]
[end_transactional_migration_success_num]:[959]
[end_transactional_migration_fail_num]:[240]
[end_shadow_page_pair]:[236]
[note]:[0]
[milliseconds]:[12265]
[total tick]:[31880610573]
[work type]:[0]
[Bandwidth(MB/s)]:[5732.776192]
---------------------------
-----------start-----------
[start_pgdemote_kswapd]:[2888735]
[start_pgdemote_direct]:[0]
[start_pgdemote_file]:[106928]
[start_pgdemote_anon]:[2781807]
[start_pgpromote_candidate]:[3063]
[start_pgpromote_candidate_demoted]:[3054]
[start_pgpromote_candidate_anon]:[2978]
[start_pgpromote_candidate_file]:[85]
[start_pgpromote_tried]:[0]
[start_pgpromote_file]:[0]
[start_pgpromote_anon]:[0]
[start_pgmigrate_success]:[3906079]
[start_pgmigrate_fail]:[34]
[start_pgmigrate_fail_dst_node_full]:[0]
[start_pgmigrate_fail_numa_isolate]:[0]
[start_pgmigrate_fail_nomem]:[0]
[start_pgmigrate_fail_refcount]:[270]
[start_success_nr]:[960]
[start_retry_nr]:[275]
[start_retreated_page_nr]:[27]
[start_try_to_promote_nr]:[987]
[start_task_num]:[0]
[start_write_protect_break_num]:[245]
[start_shadow_link_num]:[547]
[start_shadow_demote_num]:[27]
[start_batch_free_num]:[0]
[start_transactional_migration_success_num]:[962]
[start_transactional_migration_fail_num]:[240]
[start_shadow_page_pair]:[234]
[end_pgdemote_kswapd]:[2888735]
[end_pgdemote_direct]:[0]
[end_pgdemote_file]:[106928]
[end_pgdemote_anon]:[2781807]
[end_pgpromote_candidate]:[4014]
[end_pgpromote_candidate_demoted]:[4001]
[end_pgpromote_candidate_anon]:[3924]
[end_pgpromote_candidate_file]:[90]
[end_pgpromote_tried]:[0]
[end_pgpromote_file]:[0]
[end_pgpromote_anon]:[0]
[end_pgmigrate_success]:[3940383]
[end_pgmigrate_fail]:[34]
[end_pgmigrate_fail_dst_node_full]:[0]
[end_pgmigrate_fail_numa_isolate]:[0]
[end_pgmigrate_fail_nomem]:[0]
[end_pgmigrate_fail_refcount]:[373]
[end_success_nr]:[1827]
[end_retry_nr]:[378]
[end_retreated_page_nr]:[37]
[end_try_to_promote_nr]:[1864]
[end_task_num]:[0]
[end_write_protect_break_num]:[247]
[end_shadow_link_num]:[1046]
[end_shadow_demote_num]:[27]
[end_batch_free_num]:[0]
[end_transactional_migration_success_num]:[1829]
[end_transactional_migration_fail_num]:[343]
[end_shadow_page_pair]:[728]
[note]:[1]
[milliseconds]:[9890]
[total tick]:[25713861648]
[work type]:[0]
[Bandwidth(MB/s)]:[7109.453994]
---------------------------
-----------start-----------
[start_pgdemote_kswapd]:[2888735]
[start_pgdemote_direct]:[0]
[start_pgdemote_file]:[106928]
[start_pgdemote_anon]:[2781807]
[start_pgpromote_candidate]:[4018]
[start_pgpromote_candidate_demoted]:[4005]
[start_pgpromote_candidate_anon]:[3928]
[start_pgpromote_candidate_file]:[90]
[start_pgpromote_tried]:[0]
[start_pgpromote_file]:[0]
[start_pgpromote_anon]:[0]
[start_pgmigrate_success]:[3940383]
[start_pgmigrate_fail]:[34]
[start_pgmigrate_fail_dst_node_full]:[0]
[start_pgmigrate_fail_numa_isolate]:[0]
[start_pgmigrate_fail_nomem]:[0]
[start_pgmigrate_fail_refcount]:[373]
[start_success_nr]:[1831]
[start_retry_nr]:[378]
[start_retreated_page_nr]:[37]
[start_try_to_promote_nr]:[1868]
[start_task_num]:[0]
[start_write_protect_break_num]:[247]
[start_shadow_link_num]:[1048]
[start_shadow_demote_num]:[27]
[start_batch_free_num]:[0]
[start_transactional_migration_success_num]:[1833]
[start_transactional_migration_fail_num]:[343]
[start_shadow_page_pair]:[540]
[end_pgdemote_kswapd]:[3654880]
[end_pgdemote_direct]:[0]
[end_pgdemote_file]:[118081]
[end_pgdemote_anon]:[3536799]
[end_pgpromote_candidate]:[5526]
[end_pgpromote_candidate_demoted]:[5513]
[end_pgpromote_candidate_anon]:[5436]
[end_pgpromote_candidate_file]:[90]
[end_pgpromote_tried]:[0]
[end_pgpromote_file]:[0]
[end_pgpromote_anon]:[0]
[end_pgmigrate_success]:[5457632]
[end_pgmigrate_fail]:[34]
[end_pgmigrate_fail_dst_node_full]:[0]
[end_pgmigrate_fail_numa_isolate]:[0]
[end_pgmigrate_fail_nomem]:[0]
[end_pgmigrate_fail_refcount]:[423]
[end_success_nr]:[1864]
[end_retry_nr]:[428]
[end_retreated_page_nr]:[42]
[end_try_to_promote_nr]:[1906]
[end_task_num]:[0]
[end_write_protect_break_num]:[247]
[end_shadow_link_num]:[1067]
[end_shadow_demote_num]:[51]
[end_batch_free_num]:[0]
[end_transactional_migration_success_num]:[1866]
[end_transactional_migration_fail_num]:[393]
[end_shadow_page_pair]:[528]
[note]:[2]
[milliseconds]:[12684]
[total tick]:[32978577124]
[work type]:[0]
[Bandwidth(MB/s)]:[5543.401135]
---------------------------
-----------start-----------
[start_pgdemote_kswapd]:[3654880]
[start_pgdemote_direct]:[0]
[start_pgdemote_file]:[118081]
[start_pgdemote_anon]:[3536799]
[start_pgpromote_candidate]:[6222]
[start_pgpromote_candidate_demoted]:[6209]
[start_pgpromote_candidate_anon]:[6018]
[start_pgpromote_candidate_file]:[204]
[start_pgpromote_tried]:[0]
[start_pgpromote_file]:[0]
[start_pgpromote_anon]:[0]
[start_pgmigrate_success]:[5457632]
[start_pgmigrate_fail]:[34]
[start_pgmigrate_fail_dst_node_full]:[0]
[start_pgmigrate_fail_numa_isolate]:[0]
[start_pgmigrate_fail_nomem]:[0]
[start_pgmigrate_fail_refcount]:[1004]
[start_success_nr]:[2393]
[start_retry_nr]:[1017]
[start_retreated_page_nr]:[99]
[start_try_to_promote_nr]:[2492]
[start_task_num]:[0]
[start_write_protect_break_num]:[400]
[start_shadow_link_num]:[1394]
[start_shadow_demote_num]:[51]
[start_batch_free_num]:[0]
[start_transactional_migration_success_num]:[2398]
[start_transactional_migration_fail_num]:[964]
[start_shadow_page_pair]:[691]
[end_pgdemote_kswapd]:[3654880]
[end_pgdemote_direct]:[0]
[end_pgdemote_file]:[118081]
[end_pgdemote_anon]:[3536799]
[end_pgpromote_candidate]:[6311]
[end_pgpromote_candidate_demoted]:[6292]
[end_pgpromote_candidate_anon]:[6076]
[end_pgpromote_candidate_file]:[235]
[end_pgpromote_tried]:[0]
[end_pgpromote_file]:[0]
[end_pgpromote_anon]:[0]
[end_pgmigrate_success]:[5484768]
[end_pgmigrate_fail]:[34]
[end_pgmigrate_fail_dst_node_full]:[0]
[end_pgmigrate_fail_numa_isolate]:[0]
[end_pgmigrate_fail_nomem]:[0]
[end_pgmigrate_fail_refcount]:[1024]
[end_success_nr]:[2399]
[end_retry_nr]:[1037]
[end_retreated_page_nr]:[101]
[end_try_to_promote_nr]:[2500]
[end_task_num]:[0]
[end_write_protect_break_num]:[402]
[end_shadow_link_num]:[1398]
[end_shadow_demote_num]:[51]
[end_batch_free_num]:[0]
[end_transactional_migration_success_num]:[2404]
[end_transactional_migration_fail_num]:[984]
[end_shadow_page_pair]:[693]
[note]:[3]
[milliseconds]:[14218]
[total tick]:[36973402314]
[work type]:[0]
[Bandwidth(MB/s)]:[4945.315797]
---------------------------
-----------start-----------
[start_pgdemote_kswapd]:[3654880]
[start_pgdemote_direct]:[0]
[start_pgdemote_file]:[118081]
[start_pgdemote_anon]:[3536799]
[start_pgpromote_candidate]:[6333]
[start_pgpromote_candidate_demoted]:[6309]
[start_pgpromote_candidate_anon]:[6090]
[start_pgpromote_candidate_file]:[243]
[start_pgpromote_tried]:[0]
[start_pgpromote_file]:[0]
[start_pgpromote_anon]:[0]
[start_pgmigrate_success]:[5484768]
[start_pgmigrate_fail]:[34]
[start_pgmigrate_fail_dst_node_full]:[0]
[start_pgmigrate_fail_numa_isolate]:[0]
[start_pgmigrate_fail_nomem]:[0]
[start_pgmigrate_fail_refcount]:[1054]
[start_success_nr]:[2412]
[start_retry_nr]:[1067]
[start_retreated_page_nr]:[104]
[start_try_to_promote_nr]:[2516]
[start_task_num]:[0]
[start_write_protect_break_num]:[403]
[start_shadow_link_num]:[1404]
[start_shadow_demote_num]:[51]
[start_batch_free_num]:[0]
[start_transactional_migration_success_num]:[2415]
[start_transactional_migration_fail_num]:[1014]
[start_shadow_page_pair]:[696]
[end_pgdemote_kswapd]:[3654880]
[end_pgdemote_direct]:[0]
[end_pgdemote_file]:[118081]
[end_pgdemote_anon]:[3536799]
[end_pgpromote_candidate]:[6442]
[end_pgpromote_candidate_demoted]:[6415]
[end_pgpromote_candidate_anon]:[6199]
[end_pgpromote_candidate_file]:[243]
[end_pgpromote_tried]:[0]
[end_pgpromote_file]:[0]
[end_pgpromote_anon]:[0]
[end_pgmigrate_success]:[5539040]
[end_pgmigrate_fail]:[34]
[end_pgmigrate_fail_dst_node_full]:[0]
[end_pgmigrate_fail_numa_isolate]:[0]
[end_pgmigrate_fail_nomem]:[0]
[end_pgmigrate_fail_refcount]:[1054]
[end_success_nr]:[2414]
[end_retry_nr]:[1067]
[end_retreated_page_nr]:[104]
[end_try_to_promote_nr]:[2518]
[end_task_num]:[0]
[end_write_protect_break_num]:[405]
[end_shadow_link_num]:[1405]
[end_shadow_demote_num]:[51]
[end_batch_free_num]:[0]
[end_transactional_migration_success_num]:[2417]
[end_transactional_migration_fail_num]:[1014]
[end_shadow_page_pair]:[695]
[note]:[4]
[milliseconds]:[14106]
[total tick]:[36678605362]
[work type]:[0]
[Bandwidth(MB/s)]:[4984.581029]
---------------------------
