-----------start-----------
[start_pgdemote_kswapd]:[3341623]
[start_pgdemote_direct]:[0]
[start_pgdemote_file]:[158378]
[start_pgdemote_anon]:[3183245]
[start_pgpromote_candidate]:[110]
[start_pgpromote_candidate_demoted]:[110]
[start_pgpromote_candidate_anon]:[30]
[start_pgpromote_candidate_file]:[80]
[start_pgpromote_tried]:[0]
[start_pgpromote_file]:[0]
[start_pgpromote_anon]:[0]
[start_pgmigrate_success]:[3341623]
[start_pgmigrate_fail]:[29]
[start_pgmigrate_fail_dst_node_full]:[0]
[start_pgmigrate_fail_numa_isolate]:[0]
[start_pgmigrate_fail_nomem]:[0]
[start_pgmigrate_fail_refcount]:[50]
[start_success_nr]:[22]
[start_retry_nr]:[50]
[start_retreated_page_nr]:[5]
[start_try_to_promote_nr]:[27]
[start_task_num]:[0]
[start_write_protect_break_num]:[6]
[start_shadow_link_num]:[12]
[start_shadow_demote_num]:[0]
[start_batch_free_num]:[0]
[start_transactional_migration_success_num]:[22]
[start_transactional_migration_fail_num]:[50]
[start_shadow_page_pair]:[2]
[end_pgdemote_kswapd]:[6683243]
[end_pgdemote_direct]:[0]
[end_pgdemote_file]:[162057]
[end_pgdemote_anon]:[6521186]
[end_pgpromote_candidate]:[5779]
[end_pgpromote_candidate_demoted]:[5777]
[end_pgpromote_candidate_anon]:[5686]
[end_pgpromote_candidate_file]:[93]
[end_pgpromote_tried]:[0]
[end_pgpromote_file]:[0]
[end_pgpromote_anon]:[0]
[end_pgmigrate_success]:[9155263]
[end_pgmigrate_fail]:[3275]
[end_pgmigrate_fail_dst_node_full]:[0]
[end_pgmigrate_fail_numa_isolate]:[0]
[end_pgmigrate_fail_nomem]:[3246]
[end_pgmigrate_fail_refcount]:[120]
[end_success_nr]:[865]
[end_retry_nr]:[121]
[end_retreated_page_nr]:[12]
[end_try_to_promote_nr]:[877]
[end_task_num]:[0]
[end_write_protect_break_num]:[190]
[end_shadow_link_num]:[591]
[end_shadow_demote_num]:[0]
[end_batch_free_num]:[374]
[end_transactional_migration_success_num]:[866]
[end_transactional_migration_fail_num]:[120]
[end_shadow_page_pair]:[3]
[note]:[0]
[milliseconds]:[21060]
[total tick]:[54758647353]
[work type]:[0]
[Bandwidth(MB/s)]:[5564.458689]
---------------------------
-----------start-----------
[start_pgdemote_kswapd]:[6733832]
[start_pgdemote_direct]:[0]
[start_pgdemote_file]:[162098]
[start_pgdemote_anon]:[6571734]
[start_pgpromote_candidate]:[5852]
[start_pgpromote_candidate_demoted]:[5848]
[start_pgpromote_candidate_anon]:[5759]
[start_pgpromote_candidate_file]:[93]
[start_pgpromote_tried]:[0]
[start_pgpromote_file]:[0]
[start_pgpromote_anon]:[0]
[start_pgmigrate_success]:[9205852]
[start_pgmigrate_fail]:[3381]
[start_pgmigrate_fail_dst_node_full]:[0]
[start_pgmigrate_fail_numa_isolate]:[0]
[start_pgmigrate_fail_nomem]:[3345]
[start_pgmigrate_fail_refcount]:[190]
[start_success_nr]:[925]
[start_retry_nr]:[181]
[start_retreated_page_nr]:[18]
[start_try_to_promote_nr]:[943]
[start_task_num]:[0]
[start_write_protect_break_num]:[193]
[start_shadow_link_num]:[624]
[start_shadow_demote_num]:[0]
[start_batch_free_num]:[377]
[start_transactional_migration_success_num]:[926]
[start_transactional_migration_fail_num]:[180]
[start_shadow_page_pair]:[27]
[end_pgdemote_kswapd]:[7142704]
[end_pgdemote_direct]:[0]
[end_pgdemote_file]:[162664]
[end_pgdemote_anon]:[6980040]
[end_pgpromote_candidate]:[2920539]
[end_pgpromote_candidate_demoted]:[323721]
[end_pgpromote_candidate_anon]:[2920435]
[end_pgpromote_candidate_file]:[104]
[end_pgpromote_tried]:[0]
[end_pgpromote_file]:[0]
[end_pgpromote_anon]:[0]
[end_pgmigrate_success]:[229459263]
[end_pgmigrate_fail]:[6043]
[end_pgmigrate_fail_dst_node_full]:[0]
[end_pgmigrate_fail_numa_isolate]:[0]
[end_pgmigrate_fail_nomem]:[1115779]
[end_pgmigrate_fail_refcount]:[1009]
[end_success_nr]:[1296755]
[end_retry_nr]:[19238]
[end_retreated_page_nr]:[677]
[end_try_to_promote_nr]:[2909113]
[end_task_num]:[0]
[end_write_protect_break_num]:[1141882]
[end_shadow_link_num]:[1262686]
[end_shadow_demote_num]:[7]
[end_batch_free_num]:[25982]
[end_transactional_migration_success_num]:[1296755]
[end_transactional_migration_fail_num]:[939]
[end_shadow_page_pair]:[94681]
[note]:[1]
[milliseconds]:[49057]
[total tick]:[127549692762]
[work type]:[0]
[Bandwidth(MB/s)]:[2388.802821]
---------------------------
-----------start-----------
[start_pgdemote_kswapd]:[7432590]
[start_pgdemote_direct]:[0]
[start_pgdemote_file]:[163670]
[start_pgdemote_anon]:[7268920]
[start_pgpromote_candidate]:[2921651]
[start_pgpromote_candidate_demoted]:[324833]
[start_pgpromote_candidate_anon]:[2921547]
[start_pgpromote_candidate_file]:[104]
[start_pgpromote_tried]:[0]
[start_pgpromote_file]:[0]
[start_pgpromote_anon]:[0]
[start_pgmigrate_success]:[297384140]
[start_pgmigrate_fail]:[6044]
[start_pgmigrate_fail_dst_node_full]:[0]
[start_pgmigrate_fail_numa_isolate]:[0]
[start_pgmigrate_fail_nomem]:[1115781]
[start_pgmigrate_fail_refcount]:[1699]
[start_success_nr]:[1297795]
[start_retry_nr]:[19936]
[start_retreated_page_nr]:[746]
[start_try_to_promote_nr]:[2910223]
[start_task_num]:[0]
[start_write_protect_break_num]:[1142061]
[start_shadow_link_num]:[1263295]
[start_shadow_demote_num]:[9]
[start_batch_free_num]:[29712]
[start_transactional_migration_success_num]:[1297796]
[start_transactional_migration_fail_num]:[1629]
[start_shadow_page_pair]:[91366]
[end_pgdemote_kswapd]:[9573142]
[end_pgdemote_direct]:[0]
[end_pgdemote_file]:[163670]
[end_pgdemote_anon]:[9409472]
[end_pgpromote_candidate]:[4984978]
[end_pgpromote_candidate_demoted]:[439138]
[end_pgpromote_candidate_anon]:[4984873]
[end_pgpromote_candidate_file]:[105]
[end_pgpromote_tried]:[0]
[end_pgpromote_file]:[0]
[end_pgpromote_anon]:[0]
[end_pgmigrate_success]:[303932897]
[end_pgmigrate_fail]:[6046]
[end_pgmigrate_fail_dst_node_full]:[0]
[end_pgmigrate_fail_numa_isolate]:[0]
[end_pgmigrate_fail_nomem]:[1115783]
[end_pgmigrate_fail_refcount]:[2561]
[end_success_nr]:[3359905]
[end_retry_nr]:[51717]
[end_retreated_page_nr]:[1800]
[end_try_to_promote_nr]:[4973387]
[end_task_num]:[0]
[end_write_protect_break_num]:[2664460]
[end_shadow_link_num]:[3197191]
[end_shadow_demote_num]:[12]
[end_batch_free_num]:[69172]
[end_transactional_migration_success_num]:[3359906]
[end_transactional_migration_fail_num]:[2491]
[end_shadow_page_pair]:[463320]
[note]:[2]
[milliseconds]:[57531]
[total tick]:[149578340436]
[work type]:[0]
[Bandwidth(MB/s)]:[2036.945299]
---------------------------
-----------start-----------
[start_pgdemote_kswapd]:[9573654]
[start_pgdemote_direct]:[0]
[start_pgdemote_file]:[163670]
[start_pgdemote_anon]:[9409984]
[start_pgpromote_candidate]:[4984987]
[start_pgpromote_candidate_demoted]:[439147]
[start_pgpromote_candidate_anon]:[4984882]
[start_pgpromote_candidate_file]:[105]
[start_pgpromote_tried]:[0]
[start_pgpromote_file]:[0]
[start_pgpromote_anon]:[0]
[start_pgmigrate_success]:[337779825]
[start_pgmigrate_fail]:[6047]
[start_pgmigrate_fail_dst_node_full]:[0]
[start_pgmigrate_fail_numa_isolate]:[0]
[start_pgmigrate_fail_nomem]:[1115784]
[start_pgmigrate_fail_refcount]:[2561]
[start_success_nr]:[3359906]
[start_retry_nr]:[51717]
[start_retreated_page_nr]:[1800]
[start_try_to_promote_nr]:[4973388]
[start_task_num]:[0]
[start_write_protect_break_num]:[2664462]
[start_shadow_link_num]:[3197192]
[start_shadow_demote_num]:[12]
[start_batch_free_num]:[69172]
[start_transactional_migration_success_num]:[3359907]
[start_transactional_migration_fail_num]:[2491]
[start_shadow_page_pair]:[463319]
[end_pgdemote_kswapd]:[9692948]
[end_pgdemote_direct]:[0]
[end_pgdemote_file]:[164085]
[end_pgdemote_anon]:[9528863]
[end_pgpromote_candidate]:[5090814]
[end_pgpromote_candidate_demoted]:[508268]
[end_pgpromote_candidate_anon]:[5090708]
[end_pgpromote_candidate_file]:[106]
[end_pgpromote_tried]:[0]
[end_pgpromote_file]:[0]
[end_pgpromote_anon]:[0]
[end_pgmigrate_success]:[341666358]
[end_pgmigrate_fail]:[6053]
[end_pgmigrate_fail_dst_node_full]:[0]
[end_pgmigrate_fail_numa_isolate]:[0]
[end_pgmigrate_fail_nomem]:[1115786]
[end_pgmigrate_fail_refcount]:[2941]
[end_success_nr]:[3465681]
[end_retry_nr]:[52180]
[end_retreated_page_nr]:[1841]
[end_try_to_promote_nr]:[5079208]
[end_task_num]:[0]
[end_write_protect_break_num]:[3097779]
[end_shadow_link_num]:[3258713]
[end_shadow_demote_num]:[12]
[end_batch_free_num]:[69822]
[end_transactional_migration_success_num]:[3465682]
[end_transactional_migration_fail_num]:[2831]
[end_shadow_page_pair]:[90844]
[note]:[3]
[milliseconds]:[31067]
[total tick]:[80774817752]
[work type]:[0]
[Bandwidth(MB/s)]:[3772.089355]
---------------------------
-----------start-----------
[start_pgdemote_kswapd]:[9692948]
[start_pgdemote_direct]:[0]
[start_pgdemote_file]:[164085]
[start_pgdemote_anon]:[9528863]
[start_pgpromote_candidate]:[5090814]
[start_pgpromote_candidate_demoted]:[508268]
[start_pgpromote_candidate_anon]:[5090708]
[start_pgpromote_candidate_file]:[106]
[start_pgpromote_tried]:[0]
[start_pgpromote_file]:[0]
[start_pgpromote_anon]:[0]
[start_pgmigrate_success]:[341666358]
[start_pgmigrate_fail]:[6053]
[start_pgmigrate_fail_dst_node_full]:[0]
[start_pgmigrate_fail_numa_isolate]:[0]
[start_pgmigrate_fail_nomem]:[1115786]
[start_pgmigrate_fail_refcount]:[2941]
[start_success_nr]:[3465681]
[start_retry_nr]:[52180]
[start_retreated_page_nr]:[1841]
[start_try_to_promote_nr]:[5079208]
[start_task_num]:[0]
[start_write_protect_break_num]:[3097783]
[start_shadow_link_num]:[3258713]
[start_shadow_demote_num]:[12]
[start_batch_free_num]:[69822]
[start_transactional_migration_success_num]:[3465682]
[start_transactional_migration_fail_num]:[2831]
[start_shadow_page_pair]:[90840]
[end_pgdemote_kswapd]:[9704212]
[end_pgdemote_direct]:[0]
[end_pgdemote_file]:[164085]
[end_pgdemote_anon]:[9540127]
[end_pgpromote_candidate]:[5101840]
[end_pgpromote_candidate_demoted]:[508410]
[end_pgpromote_candidate_anon]:[5101640]
[end_pgpromote_candidate_file]:[200]
[end_pgpromote_tried]:[0]
[end_pgpromote_file]:[0]
[end_pgpromote_anon]:[0]
[end_pgmigrate_success]:[341678134]
[end_pgmigrate_fail]:[6053]
[end_pgmigrate_fail_dst_node_full]:[0]
[end_pgmigrate_fail_numa_isolate]:[0]
[end_pgmigrate_fail_nomem]:[1115786]
[end_pgmigrate_fail_refcount]:[3220]
[end_success_nr]:[3476586]
[end_retry_nr]:[52474]
[end_retreated_page_nr]:[1866]
[end_try_to_promote_nr]:[5090138]
[end_task_num]:[0]
[end_write_protect_break_num]:[3137218]
[end_shadow_link_num]:[3264964]
[end_shadow_demote_num]:[12]
[end_batch_free_num]:[69822]
[end_transactional_migration_success_num]:[3476587]
[end_transactional_migration_fail_num]:[3110]
[end_shadow_page_pair]:[57649]
[note]:[4]
[milliseconds]:[26156]
[total tick]:[68006368556]
[work type]:[0]
[Bandwidth(MB/s)]:[4480.329561]
---------------------------
