-----------start-----------
[start_pgdemote_kswapd]:[3316354]
[start_pgdemote_direct]:[0]
[start_pgdemote_file]:[166945]
[start_pgdemote_anon]:[3149409]
[start_pgpromote_candidate]:[104]
[start_pgpromote_candidate_demoted]:[104]
[start_pgpromote_candidate_anon]:[28]
[start_pgpromote_candidate_file]:[76]
[start_pgpromote_tried]:[0]
[start_pgpromote_file]:[0]
[start_pgpromote_anon]:[0]
[start_pgmigrate_success]:[3316354]
[start_pgmigrate_fail]:[31]
[start_pgmigrate_fail_dst_node_full]:[0]
[start_pgmigrate_fail_numa_isolate]:[0]
[start_pgmigrate_fail_nomem]:[0]
[start_pgmigrate_fail_refcount]:[37]
[start_success_nr]:[21]
[start_retry_nr]:[51]
[start_retreated_page_nr]:[5]
[start_try_to_promote_nr]:[26]
[start_task_num]:[0]
[start_write_protect_break_num]:[4]
[start_shadow_link_num]:[15]
[start_shadow_demote_num]:[0]
[start_batch_free_num]:[0]
[start_transactional_migration_success_num]:[22]
[start_transactional_migration_fail_num]:[50]
[start_shadow_page_pair]:[5]
[end_pgdemote_kswapd]:[6802133]
[end_pgdemote_direct]:[0]
[end_pgdemote_file]:[176016]
[end_pgdemote_anon]:[6626117]
[end_pgpromote_candidate]:[30776]
[end_pgpromote_candidate_demoted]:[6944]
[end_pgpromote_candidate_anon]:[30689]
[end_pgpromote_candidate_file]:[87]
[end_pgpromote_tried]:[0]
[end_pgpromote_file]:[0]
[end_pgpromote_anon]:[0]
[end_pgmigrate_success]:[9543921]
[end_pgmigrate_fail]:[3816]
[end_pgmigrate_fail_dst_node_full]:[0]
[end_pgmigrate_fail_numa_isolate]:[0]
[end_pgmigrate_fail_nomem]:[3757]
[end_pgmigrate_fail_refcount]:[70]
[end_success_nr]:[25333]
[end_retry_nr]:[123]
[end_retreated_page_nr]:[10]
[end_try_to_promote_nr]:[25343]
[end_task_num]:[0]
[end_write_protect_break_num]:[6456]
[end_shadow_link_num]:[25029]
[end_shadow_demote_num]:[0]
[end_batch_free_num]:[5906]
[end_transactional_migration_success_num]:[25334]
[end_transactional_migration_fail_num]:[70]
[end_shadow_page_pair]:[12611]
[note]:[0]
[milliseconds]:[23212]
[total tick]:[60349567443]
[work type]:[0]
[Bandwidth(MB/s)]:[5048.574013]
---------------------------
-----------start-----------
[start_pgdemote_kswapd]:[6969431]
[start_pgdemote_direct]:[0]
[start_pgdemote_file]:[176079]
[start_pgdemote_anon]:[6793352]
[start_pgpromote_candidate]:[30928]
[start_pgpromote_candidate_demoted]:[7059]
[start_pgpromote_candidate_anon]:[30745]
[start_pgpromote_candidate_file]:[183]
[start_pgpromote_tried]:[0]
[start_pgpromote_file]:[0]
[start_pgpromote_anon]:[0]
[start_pgmigrate_success]:[9711219]
[start_pgmigrate_fail]:[3824]
[start_pgmigrate_fail_dst_node_full]:[0]
[start_pgmigrate_fail_numa_isolate]:[0]
[start_pgmigrate_fail_nomem]:[3757]
[start_pgmigrate_fail_refcount]:[151]
[start_success_nr]:[25384]
[start_retry_nr]:[194]
[start_retreated_page_nr]:[17]
[start_try_to_promote_nr]:[25401]
[start_task_num]:[0]
[start_write_protect_break_num]:[6459]
[start_shadow_link_num]:[25055]
[start_shadow_demote_num]:[0]
[start_batch_free_num]:[5906]
[start_transactional_migration_success_num]:[25384]
[start_transactional_migration_fail_num]:[140]
[start_shadow_page_pair]:[12633]
[end_pgdemote_kswapd]:[9916401]
[end_pgdemote_direct]:[0]
[end_pgdemote_file]:[177304]
[end_pgdemote_anon]:[9739097]
[end_pgpromote_candidate]:[3020670]
[end_pgpromote_candidate_demoted]:[855005]
[end_pgpromote_candidate_anon]:[3020379]
[end_pgpromote_candidate_file]:[291]
[end_pgpromote_tried]:[0]
[end_pgpromote_file]:[0]
[end_pgpromote_anon]:[0]
[end_pgmigrate_success]:[51410086]
[end_pgmigrate_fail]:[3927]
[end_pgmigrate_fail_dst_node_full]:[0]
[end_pgmigrate_fail_numa_isolate]:[0]
[end_pgmigrate_fail_nomem]:[3858]
[end_pgmigrate_fail_refcount]:[2182]
[end_success_nr]:[2962584]
[end_retry_nr]:[33134]
[end_retreated_page_nr]:[931]
[end_try_to_promote_nr]:[2963520]
[end_task_num]:[0]
[end_write_protect_break_num]:[649500]
[end_shadow_link_num]:[2635426]
[end_shadow_demote_num]:[0]
[end_batch_free_num]:[1835148]
[end_transactional_migration_success_num]:[2962582]
[end_transactional_migration_fail_num]:[2111]
[end_shadow_page_pair]:[150646]
[note]:[1]
[milliseconds]:[66913]
[total tick]:[173966825268]
[work type]:[0]
[Bandwidth(MB/s)]:[1751.341294]
---------------------------
-----------start-----------
[start_pgdemote_kswapd]:[9916914]
[start_pgdemote_direct]:[0]
[start_pgdemote_file]:[177304]
[start_pgdemote_anon]:[9739610]
[start_pgpromote_candidate]:[3020722]
[start_pgpromote_candidate_demoted]:[855040]
[start_pgpromote_candidate_anon]:[3020400]
[start_pgpromote_candidate_file]:[322]
[start_pgpromote_tried]:[0]
[start_pgpromote_file]:[0]
[start_pgpromote_anon]:[0]
[start_pgmigrate_success]:[51410599]
[start_pgmigrate_fail]:[3927]
[start_pgmigrate_fail_dst_node_full]:[0]
[start_pgmigrate_fail_numa_isolate]:[0]
[start_pgmigrate_fail_nomem]:[3858]
[start_pgmigrate_fail_refcount]:[2222]
[start_success_nr]:[2962606]
[start_retry_nr]:[33174]
[start_retreated_page_nr]:[935]
[start_try_to_promote_nr]:[2963546]
[start_task_num]:[0]
[start_write_protect_break_num]:[649500]
[start_shadow_link_num]:[2635438]
[start_shadow_demote_num]:[0]
[start_batch_free_num]:[1835148]
[start_transactional_migration_success_num]:[2962603]
[start_transactional_migration_fail_num]:[2131]
[start_shadow_page_pair]:[150651]
[end_pgdemote_kswapd]:[10083512]
[end_pgdemote_direct]:[0]
[end_pgdemote_file]:[177539]
[end_pgdemote_anon]:[9905973]
[end_pgpromote_candidate]:[3462949]
[end_pgpromote_candidate_demoted]:[904830]
[end_pgpromote_candidate_anon]:[3462626]
[end_pgpromote_candidate_file]:[323]
[end_pgpromote_tried]:[0]
[end_pgpromote_file]:[0]
[end_pgpromote_anon]:[0]
[end_pgmigrate_success]:[55969494]
[end_pgmigrate_fail]:[3928]
[end_pgmigrate_fail_dst_node_full]:[0]
[end_pgmigrate_fail_numa_isolate]:[0]
[end_pgmigrate_fail_nomem]:[3859]
[end_pgmigrate_fail_refcount]:[2372]
[end_success_nr]:[3404604]
[end_retry_nr]:[35509]
[end_retreated_page_nr]:[1082]
[end_try_to_promote_nr]:[3405691]
[end_task_num]:[0]
[end_write_protect_break_num]:[977981]
[end_shadow_link_num]:[3051278]
[end_shadow_demote_num]:[0]
[end_batch_free_num]:[2001284]
[end_transactional_migration_success_num]:[3404601]
[end_transactional_migration_fail_num]:[2281]
[end_shadow_page_pair]:[71777]
[note]:[2]
[milliseconds]:[29793]
[total tick]:[77468829608]
[work type]:[0]
[Bandwidth(MB/s)]:[3933.390394]
---------------------------
-----------start-----------
[start_pgdemote_kswapd]:[10083512]
[start_pgdemote_direct]:[0]
[start_pgdemote_file]:[177539]
[start_pgdemote_anon]:[9905973]
[start_pgpromote_candidate]:[3462950]
[start_pgpromote_candidate_demoted]:[904830]
[start_pgpromote_candidate_anon]:[3462627]
[start_pgpromote_candidate_file]:[323]
[start_pgpromote_tried]:[0]
[start_pgpromote_file]:[0]
[start_pgpromote_anon]:[0]
[start_pgmigrate_success]:[55969494]
[start_pgmigrate_fail]:[3928]
[start_pgmigrate_fail_dst_node_full]:[0]
[start_pgmigrate_fail_numa_isolate]:[0]
[start_pgmigrate_fail_nomem]:[3859]
[start_pgmigrate_fail_refcount]:[2372]
[start_success_nr]:[3404604]
[start_retry_nr]:[35509]
[start_retreated_page_nr]:[1082]
[start_try_to_promote_nr]:[3405691]
[start_task_num]:[0]
[start_write_protect_break_num]:[977981]
[start_shadow_link_num]:[3051278]
[start_shadow_demote_num]:[0]
[start_batch_free_num]:[2001284]
[start_transactional_migration_success_num]:[3404601]
[start_transactional_migration_fail_num]:[2281]
[start_shadow_page_pair]:[71777]
[end_pgdemote_kswapd]:[10083512]
[end_pgdemote_direct]:[0]
[end_pgdemote_file]:[177539]
[end_pgdemote_anon]:[9905973]
[end_pgpromote_candidate]:[3480993]
[end_pgpromote_candidate_demoted]:[904854]
[end_pgpromote_candidate_anon]:[3480670]
[end_pgpromote_candidate_file]:[323]
[end_pgpromote_tried]:[0]
[end_pgpromote_file]:[0]
[end_pgpromote_anon]:[0]
[end_pgmigrate_success]:[55981782]
[end_pgmigrate_fail]:[3928]
[end_pgmigrate_fail_dst_node_full]:[0]
[end_pgmigrate_fail_numa_isolate]:[0]
[end_pgmigrate_fail_nomem]:[3859]
[end_pgmigrate_fail_refcount]:[2372]
[end_success_nr]:[3422628]
[end_retry_nr]:[35538]
[end_retreated_page_nr]:[1084]
[end_try_to_promote_nr]:[3423717]
[end_task_num]:[0]
[end_write_protect_break_num]:[1029452]
[end_shadow_link_num]:[3065882]
[end_shadow_demote_num]:[0]
[end_batch_free_num]:[2001284]
[end_transactional_migration_success_num]:[3422625]
[end_transactional_migration_fail_num]:[2281]
[end_shadow_page_pair]:[34893]
[note]:[3]
[milliseconds]:[15274]
[total tick]:[39714302730]
[work type]:[0]
[Bandwidth(MB/s)]:[7672.351709]
---------------------------
-----------start-----------
[start_pgdemote_kswapd]:[10083512]
[start_pgdemote_direct]:[0]
[start_pgdemote_file]:[177539]
[start_pgdemote_anon]:[9905973]
[start_pgpromote_candidate]:[3480994]
[start_pgpromote_candidate_demoted]:[904854]
[start_pgpromote_candidate_anon]:[3480671]
[start_pgpromote_candidate_file]:[323]
[start_pgpromote_tried]:[0]
[start_pgpromote_file]:[0]
[start_pgpromote_anon]:[0]
[start_pgmigrate_success]:[55981782]
[start_pgmigrate_fail]:[3928]
[start_pgmigrate_fail_dst_node_full]:[0]
[start_pgmigrate_fail_numa_isolate]:[0]
[start_pgmigrate_fail_nomem]:[3859]
[start_pgmigrate_fail_refcount]:[2372]
[start_success_nr]:[3422629]
[start_retry_nr]:[35538]
[start_retreated_page_nr]:[1084]
[start_try_to_promote_nr]:[3423718]
[start_task_num]:[0]
[start_write_protect_break_num]:[1029452]
[start_shadow_link_num]:[3065883]
[start_shadow_demote_num]:[0]
[start_batch_free_num]:[2001284]
[start_transactional_migration_success_num]:[3422626]
[start_transactional_migration_fail_num]:[2281]
[start_shadow_page_pair]:[34894]
[end_pgdemote_kswapd]:[10083513]
[end_pgdemote_direct]:[0]
[end_pgdemote_file]:[177540]
[end_pgdemote_anon]:[9905973]
[end_pgpromote_candidate]:[3481254]
[end_pgpromote_candidate_demoted]:[904854]
[end_pgpromote_candidate_anon]:[3480931]
[end_pgpromote_candidate_file]:[323]
[end_pgpromote_tried]:[0]
[end_pgpromote_file]:[0]
[end_pgpromote_anon]:[0]
[end_pgmigrate_success]:[55981783]
[end_pgmigrate_fail]:[3928]
[end_pgmigrate_fail_dst_node_full]:[0]
[end_pgmigrate_fail_numa_isolate]:[0]
[end_pgmigrate_fail_nomem]:[3859]
[end_pgmigrate_fail_refcount]:[2422]
[end_success_nr]:[3422884]
[end_retry_nr]:[35588]
[end_retreated_page_nr]:[1089]
[end_try_to_promote_nr]:[3423978]
[end_task_num]:[0]
[end_write_protect_break_num]:[1033778]
[end_shadow_link_num]:[3066138]
[end_shadow_demote_num]:[0]
[end_batch_free_num]:[2001284]
[end_transactional_migration_success_num]:[3422881]
[end_transactional_migration_fail_num]:[2331]
[end_shadow_page_pair]:[30805]
[note]:[4]
[milliseconds]:[14920]
[total tick]:[38792747730]
[work type]:[0]
[Bandwidth(MB/s)]:[7854.390080]
---------------------------
