-----------start-----------
[start_pgdemote_kswapd]:[1263283]
[start_pgdemote_direct]:[0]
[start_pgdemote_file]:[82895]
[start_pgdemote_anon]:[1180388]
[start_pgpromote_candidate]:[26]
[start_pgpromote_candidate_demoted]:[26]
[start_pgpromote_candidate_anon]:[26]
[start_pgpromote_candidate_file]:[0]
[start_pgpromote_tried]:[0]
[start_pgpromote_file]:[0]
[start_pgpromote_anon]:[0]
[start_pgmigrate_success]:[1263283]
[start_pgmigrate_fail]:[4]
[start_pgmigrate_fail_dst_node_full]:[0]
[start_pgmigrate_fail_numa_isolate]:[0]
[start_pgmigrate_fail_nomem]:[0]
[start_pgmigrate_fail_refcount]:[0]
[start_success_nr]:[21]
[start_retry_nr]:[0]
[start_retreated_page_nr]:[0]
[start_try_to_promote_nr]:[21]
[start_task_num]:[0]
[start_write_protect_break_num]:[8]
[start_shadow_link_num]:[21]
[start_shadow_demote_num]:[0]
[start_batch_free_num]:[0]
[start_transactional_migration_success_num]:[21]
[start_transactional_migration_fail_num]:[0]
[start_shadow_page_pair]:[5]
[end_pgdemote_kswapd]:[2412475]
[end_pgdemote_direct]:[0]
[end_pgdemote_file]:[85462]
[end_pgdemote_anon]:[2327013]
[end_pgpromote_candidate]:[2221]
[end_pgpromote_candidate_demoted]:[2221]
[end_pgpromote_candidate_anon]:[2219]
[end_pgpromote_candidate_file]:[2]
[end_pgpromote_tried]:[0]
[end_pgpromote_file]:[0]
[end_pgpromote_anon]:[0]
[end_pgmigrate_success]:[3168187]
[end_pgmigrate_fail]:[4]
[end_pgmigrate_fail_dst_node_full]:[0]
[end_pgmigrate_fail_numa_isolate]:[0]
[end_pgmigrate_fail_nomem]:[0]
[end_pgmigrate_fail_refcount]:[60]
[end_success_nr]:[729]
[end_retry_nr]:[60]
[end_retreated_page_nr]:[6]
[end_try_to_promote_nr]:[735]
[end_task_num]:[0]
[end_write_protect_break_num]:[314]
[end_shadow_link_num]:[729]
[end_shadow_demote_num]:[0]
[end_batch_free_num]:[0]
[end_transactional_migration_success_num]:[729]
[end_transactional_migration_fail_num]:[60]
[end_shadow_page_pair]:[371]
[note]:[0]
[milliseconds]:[8958]
[total tick]:[23291113214]
[work type]:[0]
[Bandwidth(MB/s)]:[7849.129270]
---------------------------
-----------start-----------
[start_pgdemote_kswapd]:[2412475]
[start_pgdemote_direct]:[0]
[start_pgdemote_file]:[85462]
[start_pgdemote_anon]:[2327013]
[start_pgpromote_candidate]:[2221]
[start_pgpromote_candidate_demoted]:[2221]
[start_pgpromote_candidate_anon]:[2219]
[start_pgpromote_candidate_file]:[2]
[start_pgpromote_tried]:[0]
[start_pgpromote_file]:[0]
[start_pgpromote_anon]:[0]
[start_pgmigrate_success]:[3168187]
[start_pgmigrate_fail]:[4]
[start_pgmigrate_fail_dst_node_full]:[0]
[start_pgmigrate_fail_numa_isolate]:[0]
[start_pgmigrate_fail_nomem]:[0]
[start_pgmigrate_fail_refcount]:[60]
[start_success_nr]:[729]
[start_retry_nr]:[60]
[start_retreated_page_nr]:[6]
[start_try_to_promote_nr]:[735]
[start_task_num]:[0]
[start_write_protect_break_num]:[314]
[start_shadow_link_num]:[729]
[start_shadow_demote_num]:[0]
[start_batch_free_num]:[0]
[start_transactional_migration_success_num]:[729]
[start_transactional_migration_fail_num]:[60]
[start_shadow_page_pair]:[371]
[end_pgdemote_kswapd]:[2412475]
[end_pgdemote_direct]:[0]
[end_pgdemote_file]:[85462]
[end_pgdemote_anon]:[2327013]
[end_pgpromote_candidate]:[3141]
[end_pgpromote_candidate_demoted]:[3141]
[end_pgpromote_candidate_anon]:[3139]
[end_pgpromote_candidate_file]:[2]
[end_pgpromote_tried]:[0]
[end_pgpromote_file]:[0]
[end_pgpromote_anon]:[0]
[end_pgmigrate_success]:[3202491]
[end_pgmigrate_fail]:[4]
[end_pgmigrate_fail_dst_node_full]:[0]
[end_pgmigrate_fail_numa_isolate]:[0]
[end_pgmigrate_fail_nomem]:[0]
[end_pgmigrate_fail_refcount]:[60]
[end_success_nr]:[1582]
[end_retry_nr]:[60]
[end_retreated_page_nr]:[6]
[end_try_to_promote_nr]:[1588]
[end_task_num]:[0]
[end_write_protect_break_num]:[314]
[end_shadow_link_num]:[1582]
[end_shadow_demote_num]:[0]
[end_batch_free_num]:[0]
[end_transactional_migration_success_num]:[1582]
[end_transactional_migration_fail_num]:[60]
[end_shadow_page_pair]:[1224]
[note]:[1]
[milliseconds]:[8448]
[total tick]:[21965724632]
[work type]:[0]
[Bandwidth(MB/s)]:[8322.975852]
---------------------------
-----------start-----------
[start_pgdemote_kswapd]:[2412475]
[start_pgdemote_direct]:[0]
[start_pgdemote_file]:[85462]
[start_pgdemote_anon]:[2327013]
[start_pgpromote_candidate]:[3145]
[start_pgpromote_candidate_demoted]:[3143]
[start_pgpromote_candidate_anon]:[3139]
[start_pgpromote_candidate_file]:[6]
[start_pgpromote_tried]:[0]
[start_pgpromote_file]:[0]
[start_pgpromote_anon]:[0]
[start_pgmigrate_success]:[3202491]
[start_pgmigrate_fail]:[4]
[start_pgmigrate_fail_dst_node_full]:[0]
[start_pgmigrate_fail_numa_isolate]:[0]
[start_pgmigrate_fail_nomem]:[0]
[start_pgmigrate_fail_refcount]:[60]
[start_success_nr]:[1588]
[start_retry_nr]:[60]
[start_retreated_page_nr]:[6]
[start_try_to_promote_nr]:[1594]
[start_task_num]:[0]
[start_write_protect_break_num]:[314]
[start_shadow_link_num]:[1588]
[start_shadow_demote_num]:[0]
[start_batch_free_num]:[0]
[start_transactional_migration_success_num]:[1588]
[start_transactional_migration_fail_num]:[60]
[start_shadow_page_pair]:[891]
[end_pgdemote_kswapd]:[2413663]
[end_pgdemote_direct]:[0]
[end_pgdemote_file]:[86401]
[end_pgdemote_anon]:[2327262]
[end_pgpromote_candidate]:[3370]
[end_pgpromote_candidate_demoted]:[3368]
[end_pgpromote_candidate_anon]:[3364]
[end_pgpromote_candidate_file]:[6]
[end_pgpromote_tried]:[0]
[end_pgpromote_file]:[0]
[end_pgpromote_anon]:[0]
[end_pgmigrate_success]:[3318879]
[end_pgmigrate_fail]:[4]
[end_pgmigrate_fail_dst_node_full]:[0]
[end_pgmigrate_fail_numa_isolate]:[0]
[end_pgmigrate_fail_nomem]:[0]
[end_pgmigrate_fail_refcount]:[60]
[end_success_nr]:[1588]
[end_retry_nr]:[60]
[end_retreated_page_nr]:[6]
[end_try_to_promote_nr]:[1594]
[end_task_num]:[0]
[end_write_protect_break_num]:[314]
[end_shadow_link_num]:[1588]
[end_shadow_demote_num]:[0]
[end_batch_free_num]:[0]
[end_transactional_migration_success_num]:[1588]
[end_transactional_migration_fail_num]:[60]
[end_shadow_page_pair]:[891]
[note]:[2]
[milliseconds]:[8372]
[total tick]:[21768935804]
[work type]:[0]
[Bandwidth(MB/s)]:[8398.530817]
---------------------------
-----------start-----------
[start_pgdemote_kswapd]:[2825202]
[start_pgdemote_direct]:[0]
[start_pgdemote_file]:[86401]
[start_pgdemote_anon]:[2738801]
[start_pgpromote_candidate]:[3370]
[start_pgpromote_candidate_demoted]:[3368]
[start_pgpromote_candidate_anon]:[3364]
[start_pgpromote_candidate_file]:[6]
[start_pgpromote_tried]:[0]
[start_pgpromote_file]:[0]
[start_pgpromote_anon]:[0]
[start_pgmigrate_success]:[3730418]
[start_pgmigrate_fail]:[4]
[start_pgmigrate_fail_dst_node_full]:[0]
[start_pgmigrate_fail_numa_isolate]:[0]
[start_pgmigrate_fail_nomem]:[0]
[start_pgmigrate_fail_refcount]:[60]
[start_success_nr]:[1588]
[start_retry_nr]:[60]
[start_retreated_page_nr]:[6]
[start_try_to_promote_nr]:[1594]
[start_task_num]:[0]
[start_write_protect_break_num]:[314]
[start_shadow_link_num]:[1588]
[start_shadow_demote_num]:[0]
[start_batch_free_num]:[0]
[start_transactional_migration_success_num]:[1588]
[start_transactional_migration_fail_num]:[60]
[start_shadow_page_pair]:[891]
[end_pgdemote_kswapd]:[3280548]
[end_pgdemote_direct]:[0]
[end_pgdemote_file]:[98223]
[end_pgdemote_anon]:[3182325]
[end_pgpromote_candidate]:[4283]
[end_pgpromote_candidate_demoted]:[4277]
[end_pgpromote_candidate_anon]:[4270]
[end_pgpromote_candidate_file]:[13]
[end_pgpromote_tried]:[0]
[end_pgpromote_file]:[0]
[end_pgpromote_anon]:[0]
[end_pgmigrate_success]:[4490916]
[end_pgmigrate_fail]:[30]
[end_pgmigrate_fail_dst_node_full]:[0]
[end_pgmigrate_fail_numa_isolate]:[0]
[end_pgmigrate_fail_nomem]:[0]
[end_pgmigrate_fail_refcount]:[384]
[end_success_nr]:[1866]
[end_retry_nr]:[384]
[end_retreated_page_nr]:[37]
[end_try_to_promote_nr]:[1903]
[end_task_num]:[0]
[end_write_protect_break_num]:[372]
[end_shadow_link_num]:[1866]
[end_shadow_demote_num]:[0]
[end_batch_free_num]:[0]
[end_transactional_migration_success_num]:[1866]
[end_transactional_migration_fail_num]:[384]
[end_shadow_page_pair]:[1104]
[note]:[3]
[milliseconds]:[8673]
[total tick]:[22550234060]
[work type]:[0]
[Bandwidth(MB/s)]:[8107.056382]
---------------------------
-----------start-----------
[start_pgdemote_kswapd]:[3280548]
[start_pgdemote_direct]:[0]
[start_pgdemote_file]:[98223]
[start_pgdemote_anon]:[3182325]
[start_pgpromote_candidate]:[4289]
[start_pgpromote_candidate_demoted]:[4283]
[start_pgpromote_candidate_anon]:[4271]
[start_pgpromote_candidate_file]:[18]
[start_pgpromote_tried]:[0]
[start_pgpromote_file]:[0]
[start_pgpromote_anon]:[0]
[start_pgmigrate_success]:[4490916]
[start_pgmigrate_fail]:[30]
[start_pgmigrate_fail_dst_node_full]:[0]
[start_pgmigrate_fail_numa_isolate]:[0]
[start_pgmigrate_fail_nomem]:[0]
[start_pgmigrate_fail_refcount]:[384]
[start_success_nr]:[1866]
[start_retry_nr]:[384]
[start_retreated_page_nr]:[37]
[start_try_to_promote_nr]:[1903]
[start_task_num]:[0]
[start_write_protect_break_num]:[372]
[start_shadow_link_num]:[1866]
[start_shadow_demote_num]:[0]
[start_batch_free_num]:[0]
[start_transactional_migration_success_num]:[1866]
[start_transactional_migration_fail_num]:[384]
[start_shadow_page_pair]:[1104]
[end_pgdemote_kswapd]:[3351842]
[end_pgdemote_direct]:[0]
[end_pgdemote_file]:[99362]
[end_pgdemote_anon]:[3252480]
[end_pgpromote_candidate]:[5374]
[end_pgpromote_candidate_demoted]:[5040]
[end_pgpromote_candidate_anon]:[5356]
[end_pgpromote_candidate_file]:[18]
[end_pgpromote_tried]:[0]
[end_pgpromote_file]:[0]
[end_pgpromote_anon]:[0]
[end_pgmigrate_success]:[4949794]
[end_pgmigrate_fail]:[30]
[end_pgmigrate_fail_dst_node_full]:[0]
[end_pgmigrate_fail_numa_isolate]:[0]
[end_pgmigrate_fail_nomem]:[0]
[end_pgmigrate_fail_refcount]:[384]
[end_success_nr]:[2190]
[end_retry_nr]:[384]
[end_retreated_page_nr]:[37]
[end_try_to_promote_nr]:[2227]
[end_task_num]:[0]
[end_write_protect_break_num]:[454]
[end_shadow_link_num]:[2190]
[end_shadow_demote_num]:[0]
[end_batch_free_num]:[0]
[end_transactional_migration_success_num]:[2190]
[end_transactional_migration_fail_num]:[384]
[end_shadow_page_pair]:[1346]
[note]:[4]
[milliseconds]:[8830]
[total tick]:[22958797052]
[work type]:[0]
[Bandwidth(MB/s)]:[7962.910532]
---------------------------
