-----------start-----------
[start_pgdemote_kswapd]:[1565645]
[start_pgdemote_direct]:[0]
[start_pgdemote_file]:[94659]
[start_pgdemote_anon]:[1470986]
[start_pgpromote_candidate]:[35]
[start_pgpromote_candidate_demoted]:[33]
[start_pgpromote_candidate_anon]:[29]
[start_pgpromote_candidate_file]:[6]
[start_pgpromote_tried]:[0]
[start_pgpromote_file]:[0]
[start_pgpromote_anon]:[0]
[start_pgmigrate_success]:[1565645]
[start_pgmigrate_fail]:[42]
[start_pgmigrate_fail_dst_node_full]:[0]
[start_pgmigrate_fail_numa_isolate]:[0]
[start_pgmigrate_fail_nomem]:[0]
[start_pgmigrate_fail_refcount]:[270]
[start_success_nr]:[22]
[start_retry_nr]:[31]
[start_retreated_page_nr]:[3]
[start_try_to_promote_nr]:[25]
[start_task_num]:[0]
[start_write_protect_break_num]:[4]
[start_shadow_link_num]:[22]
[start_shadow_demote_num]:[0]
[start_batch_free_num]:[0]
[start_transactional_migration_success_num]:[23]
[start_transactional_migration_fail_num]:[30]
[start_shadow_page_pair]:[5]
[end_pgdemote_kswapd]:[2979967]
[end_pgdemote_direct]:[0]
[end_pgdemote_file]:[111623]
[end_pgdemote_anon]:[2868344]
[end_pgpromote_candidate]:[2637]
[end_pgpromote_candidate_demoted]:[2633]
[end_pgpromote_candidate_anon]:[2553]
[end_pgpromote_candidate_file]:[84]
[end_pgpromote_tried]:[0]
[end_pgpromote_file]:[0]
[end_pgpromote_anon]:[0]
[end_pgmigrate_success]:[4063359]
[end_pgmigrate_fail]:[73]
[end_pgmigrate_fail_dst_node_full]:[0]
[end_pgmigrate_fail_numa_isolate]:[0]
[end_pgmigrate_fail_nomem]:[0]
[end_pgmigrate_fail_refcount]:[340]
[end_success_nr]:[425]
[end_retry_nr]:[71]
[end_retreated_page_nr]:[7]
[end_try_to_promote_nr]:[432]
[end_task_num]:[0]
[end_write_protect_break_num]:[27]
[end_shadow_link_num]:[425]
[end_shadow_demote_num]:[0]
[end_batch_free_num]:[0]
[end_transactional_migration_success_num]:[426]
[end_transactional_migration_fail_num]:[70]
[end_shadow_page_pair]:[356]
[note]:[0]
[milliseconds]:[11348]
[total tick]:[29506647428]
[work type]:[0]
[Bandwidth(MB/s)]:[6196.025731]
---------------------------
-----------start-----------
[start_pgdemote_kswapd]:[3273343]
[start_pgdemote_direct]:[0]
[start_pgdemote_file]:[111623]
[start_pgdemote_anon]:[3161720]
[start_pgpromote_candidate]:[2658]
[start_pgpromote_candidate_demoted]:[2654]
[start_pgpromote_candidate_anon]:[2553]
[start_pgpromote_candidate_file]:[105]
[start_pgpromote_tried]:[0]
[start_pgpromote_file]:[0]
[start_pgpromote_anon]:[0]
[start_pgmigrate_success]:[4356735]
[start_pgmigrate_fail]:[73]
[start_pgmigrate_fail_dst_node_full]:[0]
[start_pgmigrate_fail_numa_isolate]:[0]
[start_pgmigrate_fail_nomem]:[0]
[start_pgmigrate_fail_refcount]:[340]
[start_success_nr]:[430]
[start_retry_nr]:[71]
[start_retreated_page_nr]:[7]
[start_try_to_promote_nr]:[437]
[start_task_num]:[0]
[start_write_protect_break_num]:[29]
[start_shadow_link_num]:[430]
[start_shadow_demote_num]:[0]
[start_batch_free_num]:[0]
[start_transactional_migration_success_num]:[431]
[start_transactional_migration_fail_num]:[70]
[start_shadow_page_pair]:[359]
[end_pgdemote_kswapd]:[3273343]
[end_pgdemote_direct]:[0]
[end_pgdemote_file]:[111623]
[end_pgdemote_anon]:[3161720]
[end_pgpromote_candidate]:[3077]
[end_pgpromote_candidate_demoted]:[3073]
[end_pgpromote_candidate_anon]:[2970]
[end_pgpromote_candidate_file]:[107]
[end_pgpromote_tried]:[0]
[end_pgpromote_file]:[0]
[end_pgpromote_anon]:[0]
[end_pgmigrate_success]:[4391551]
[end_pgmigrate_fail]:[73]
[end_pgmigrate_fail_dst_node_full]:[0]
[end_pgmigrate_fail_numa_isolate]:[0]
[end_pgmigrate_fail_nomem]:[0]
[end_pgmigrate_fail_refcount]:[340]
[end_success_nr]:[771]
[end_retry_nr]:[71]
[end_retreated_page_nr]:[7]
[end_try_to_promote_nr]:[778]
[end_task_num]:[0]
[end_write_protect_break_num]:[29]
[end_shadow_link_num]:[771]
[end_shadow_demote_num]:[0]
[end_batch_free_num]:[0]
[end_transactional_migration_success_num]:[772]
[end_transactional_migration_fail_num]:[70]
[end_shadow_page_pair]:[698]
[note]:[1]
[milliseconds]:[11575]
[total tick]:[30096969280]
[work type]:[0]
[Bandwidth(MB/s)]:[6074.514039]
---------------------------
-----------start-----------
[start_pgdemote_kswapd]:[3273343]
[start_pgdemote_direct]:[0]
[start_pgdemote_file]:[111623]
[start_pgdemote_anon]:[3161720]
[start_pgpromote_candidate]:[3079]
[start_pgpromote_candidate_demoted]:[3075]
[start_pgpromote_candidate_anon]:[2972]
[start_pgpromote_candidate_file]:[107]
[start_pgpromote_tried]:[0]
[start_pgpromote_file]:[0]
[start_pgpromote_anon]:[0]
[start_pgmigrate_success]:[4391551]
[start_pgmigrate_fail]:[73]
[start_pgmigrate_fail_dst_node_full]:[0]
[start_pgmigrate_fail_numa_isolate]:[0]
[start_pgmigrate_fail_nomem]:[0]
[start_pgmigrate_fail_refcount]:[340]
[start_success_nr]:[777]
[start_retry_nr]:[71]
[start_retreated_page_nr]:[7]
[start_try_to_promote_nr]:[784]
[start_task_num]:[0]
[start_write_protect_break_num]:[32]
[start_shadow_link_num]:[777]
[start_shadow_demote_num]:[0]
[start_batch_free_num]:[0]
[start_transactional_migration_success_num]:[778]
[start_transactional_migration_fail_num]:[70]
[start_shadow_page_pair]:[361]
[end_pgdemote_kswapd]:[3509180]
[end_pgdemote_direct]:[0]
[end_pgdemote_file]:[114845]
[end_pgdemote_anon]:[3394335]
[end_pgpromote_candidate]:[4201]
[end_pgpromote_candidate_demoted]:[4197]
[end_pgpromote_candidate_anon]:[4094]
[end_pgpromote_candidate_file]:[107]
[end_pgpromote_tried]:[0]
[end_pgpromote_file]:[0]
[end_pgpromote_anon]:[0]
[end_pgmigrate_success]:[5201340]
[end_pgmigrate_fail]:[73]
[end_pgmigrate_fail_dst_node_full]:[0]
[end_pgmigrate_fail_numa_isolate]:[0]
[end_pgmigrate_fail_nomem]:[0]
[end_pgmigrate_fail_refcount]:[340]
[end_success_nr]:[779]
[end_retry_nr]:[71]
[end_retreated_page_nr]:[7]
[end_try_to_promote_nr]:[786]
[end_task_num]:[0]
[end_write_protect_break_num]:[32]
[end_shadow_link_num]:[779]
[end_shadow_demote_num]:[0]
[end_batch_free_num]:[0]
[end_transactional_migration_success_num]:[780]
[end_transactional_migration_fail_num]:[70]
[end_shadow_page_pair]:[363]
[note]:[2]
[milliseconds]:[11436]
[total tick]:[29735304202]
[work type]:[0]
[Bandwidth(MB/s)]:[6148.347324]
---------------------------
-----------start-----------
[start_pgdemote_kswapd]:[3509180]
[start_pgdemote_direct]:[0]
[start_pgdemote_file]:[114845]
[start_pgdemote_anon]:[3394335]
[start_pgpromote_candidate]:[4205]
[start_pgpromote_candidate_demoted]:[4201]
[start_pgpromote_candidate_anon]:[4098]
[start_pgpromote_candidate_file]:[107]
[start_pgpromote_tried]:[0]
[start_pgpromote_file]:[0]
[start_pgpromote_anon]:[0]
[start_pgmigrate_success]:[5201340]
[start_pgmigrate_fail]:[73]
[start_pgmigrate_fail_dst_node_full]:[0]
[start_pgmigrate_fail_numa_isolate]:[0]
[start_pgmigrate_fail_nomem]:[0]
[start_pgmigrate_fail_refcount]:[340]
[start_success_nr]:[780]
[start_retry_nr]:[71]
[start_retreated_page_nr]:[7]
[start_try_to_promote_nr]:[787]
[start_task_num]:[0]
[start_write_protect_break_num]:[32]
[start_shadow_link_num]:[780]
[start_shadow_demote_num]:[0]
[start_batch_free_num]:[0]
[start_transactional_migration_success_num]:[781]
[start_transactional_migration_fail_num]:[70]
[start_shadow_page_pair]:[364]
[end_pgdemote_kswapd]:[3798885]
[end_pgdemote_direct]:[0]
[end_pgdemote_file]:[118597]
[end_pgdemote_anon]:[3680288]
[end_pgpromote_candidate]:[4768]
[end_pgpromote_candidate_demoted]:[4762]
[end_pgpromote_candidate_anon]:[4661]
[end_pgpromote_candidate_file]:[107]
[end_pgpromote_tried]:[0]
[end_pgpromote_file]:[0]
[end_pgpromote_anon]:[0]
[end_pgmigrate_success]:[5777253]
[end_pgmigrate_fail]:[73]
[end_pgmigrate_fail_dst_node_full]:[0]
[end_pgmigrate_fail_numa_isolate]:[0]
[end_pgmigrate_fail_nomem]:[0]
[end_pgmigrate_fail_refcount]:[340]
[end_success_nr]:[780]
[end_retry_nr]:[71]
[end_retreated_page_nr]:[7]
[end_try_to_promote_nr]:[787]
[end_task_num]:[0]
[end_write_protect_break_num]:[32]
[end_shadow_link_num]:[782]
[end_shadow_demote_num]:[4]
[end_batch_free_num]:[0]
[end_transactional_migration_success_num]:[781]
[end_transactional_migration_fail_num]:[70]
[end_shadow_page_pair]:[362]
[note]:[3]
[milliseconds]:[10053]
[total tick]:[26138323062]
[work type]:[0]
[Bandwidth(MB/s)]:[6994.180842]
---------------------------
-----------start-----------
[start_pgdemote_kswapd]:[3798885]
[start_pgdemote_direct]:[0]
[start_pgdemote_file]:[118597]
[start_pgdemote_anon]:[3680288]
[start_pgpromote_candidate]:[4805]
[start_pgpromote_candidate_demoted]:[4791]
[start_pgpromote_candidate_anon]:[4684]
[start_pgpromote_candidate_file]:[121]
[start_pgpromote_tried]:[0]
[start_pgpromote_file]:[0]
[start_pgpromote_anon]:[0]
[start_pgmigrate_success]:[5777253]
[start_pgmigrate_fail]:[73]
[start_pgmigrate_fail_dst_node_full]:[0]
[start_pgmigrate_fail_numa_isolate]:[0]
[start_pgmigrate_fail_nomem]:[0]
[start_pgmigrate_fail_refcount]:[440]
[start_success_nr]:[798]
[start_retry_nr]:[172]
[start_retreated_page_nr]:[16]
[start_try_to_promote_nr]:[814]
[start_task_num]:[0]
[start_write_protect_break_num]:[35]
[start_shadow_link_num]:[798]
[start_shadow_demote_num]:[4]
[start_batch_free_num]:[0]
[start_transactional_migration_success_num]:[800]
[start_transactional_migration_fail_num]:[170]
[start_shadow_page_pair]:[368]
[end_pgdemote_kswapd]:[3979127]
[end_pgdemote_direct]:[0]
[end_pgdemote_file]:[120456]
[end_pgdemote_anon]:[3858671]
[end_pgpromote_candidate]:[5258]
[end_pgpromote_candidate_demoted]:[5244]
[end_pgpromote_candidate_anon]:[5132]
[end_pgpromote_candidate_file]:[126]
[end_pgpromote_tried]:[0]
[end_pgpromote_file]:[0]
[end_pgpromote_anon]:[0]
[end_pgmigrate_success]:[6110071]
[end_pgmigrate_fail]:[74]
[end_pgmigrate_fail_dst_node_full]:[0]
[end_pgmigrate_fail_numa_isolate]:[0]
[end_pgmigrate_fail_nomem]:[0]
[end_pgmigrate_fail_refcount]:[450]
[end_success_nr]:[949]
[end_retry_nr]:[182]
[end_retreated_page_nr]:[17]
[end_try_to_promote_nr]:[966]
[end_task_num]:[0]
[end_write_protect_break_num]:[35]
[end_shadow_link_num]:[949]
[end_shadow_demote_num]:[202]
[end_batch_free_num]:[0]
[end_transactional_migration_success_num]:[951]
[end_transactional_migration_fail_num]:[180]
[end_shadow_page_pair]:[316]
[note]:[4]
[milliseconds]:[9866]
[total tick]:[25651592786]
[work type]:[0]
[Bandwidth(MB/s)]:[7126.748429]
---------------------------
