-----------start-----------
[start_pgdemote_kswapd]:[2716806]
[start_pgdemote_direct]:[0]
[start_pgdemote_file]:[12454]
[start_pgdemote_anon]:[2704352]
[start_pgpromote_candidate]:[57]
[start_pgpromote_candidate_demoted]:[57]
[start_pgpromote_candidate_anon]:[57]
[start_pgpromote_candidate_file]:[0]
[start_pgpromote_tried]:[0]
[start_pgpromote_file]:[0]
[start_pgpromote_anon]:[0]
[start_pgmigrate_success]:[2716806]
[start_pgmigrate_fail]:[11]
[start_pgmigrate_fail_dst_node_full]:[0]
[start_pgmigrate_fail_numa_isolate]:[0]
[start_pgmigrate_fail_nomem]:[0]
[start_pgmigrate_fail_refcount]:[0]
[start_success_nr]:[49]
[start_retry_nr]:[1]
[start_retreated_page_nr]:[0]
[start_try_to_promote_nr]:[49]
[start_task_num]:[0]
[start_write_protect_break_num]:[13]
[start_shadow_link_num]:[28]
[start_shadow_demote_num]:[0]
[start_batch_free_num]:[0]
[start_transactional_migration_success_num]:[50]
[start_transactional_migration_fail_num]:[0]
[start_shadow_page_pair]:[9]
[end_pgdemote_kswapd]:[11271505]
[end_pgdemote_direct]:[0]
[end_pgdemote_file]:[106637]
[end_pgdemote_anon]:[11164868]
[end_pgpromote_candidate]:[6416476]
[end_pgpromote_candidate_demoted]:[3791807]
[end_pgpromote_candidate_anon]:[6416239]
[end_pgpromote_candidate_file]:[237]
[end_pgpromote_tried]:[0]
[end_pgpromote_file]:[0]
[end_pgpromote_anon]:[0]
[end_pgmigrate_success]:[104386696]
[end_pgmigrate_fail]:[423373]
[end_pgmigrate_fail_dst_node_full]:[0]
[end_pgmigrate_fail_numa_isolate]:[0]
[end_pgmigrate_fail_nomem]:[422767]
[end_pgmigrate_fail_refcount]:[7433]
[end_success_nr]:[6312151]
[end_retry_nr]:[62211]
[end_retreated_page_nr]:[1310]
[end_try_to_promote_nr]:[6313461]
[end_task_num]:[0]
[end_write_protect_break_num]:[330450]
[end_shadow_link_num]:[5475337]
[end_shadow_demote_num]:[454334]
[end_batch_free_num]:[4598417]
[end_transactional_migration_success_num]:[6312106]
[end_transactional_migration_fail_num]:[2380]
[end_shadow_page_pair]:[88465]
[note]:[0]
[milliseconds]:[121932]
[total tick]:[317013101706]
[work type]:[0]
[Bandwidth(MB/s)]:[1281.451957]
---------------------------
-----------start-----------
[start_pgdemote_kswapd]:[11360330]
[start_pgdemote_direct]:[0]
[start_pgdemote_file]:[107232]
[start_pgdemote_anon]:[11253098]
[start_pgpromote_candidate]:[6416668]
[start_pgpromote_candidate_demoted]:[3791997]
[start_pgpromote_candidate_anon]:[6416391]
[start_pgpromote_candidate_file]:[277]
[start_pgpromote_tried]:[0]
[start_pgpromote_file]:[0]
[start_pgpromote_anon]:[0]
[start_pgmigrate_success]:[104475521]
[start_pgmigrate_fail]:[431480]
[start_pgmigrate_fail_dst_node_full]:[0]
[start_pgmigrate_fail_numa_isolate]:[0]
[start_pgmigrate_fail_nomem]:[430868]
[start_pgmigrate_fail_refcount]:[7589]
[start_success_nr]:[6312290]
[start_retry_nr]:[62357]
[start_retreated_page_nr]:[1323]
[start_try_to_promote_nr]:[6313613]
[start_task_num]:[0]
[start_write_protect_break_num]:[330459]
[start_shadow_link_num]:[5475423]
[start_shadow_demote_num]:[458222]
[start_batch_free_num]:[4683019]
[start_transactional_migration_success_num]:[6312221]
[start_transactional_migration_fail_num]:[2510]
[start_shadow_page_pair]:[35]
[end_pgdemote_kswapd]:[21225187]
[end_pgdemote_direct]:[0]
[end_pgdemote_file]:[107616]
[end_pgdemote_anon]:[21117571]
[end_pgpromote_candidate]:[16556048]
[end_pgpromote_candidate_demoted]:[13046325]
[end_pgpromote_candidate_anon]:[16555562]
[end_pgpromote_candidate_file]:[486]
[end_pgpromote_tried]:[0]
[end_pgpromote_file]:[0]
[end_pgpromote_anon]:[0]
[end_pgmigrate_success]:[114346522]
[end_pgmigrate_fail]:[1048833]
[end_pgmigrate_fail_dst_node_full]:[0]
[end_pgmigrate_fail_numa_isolate]:[0]
[end_pgmigrate_fail_nomem]:[1048215]
[end_pgmigrate_fail_refcount]:[9509]
[end_success_nr]:[16196126]
[end_retry_nr]:[142366]
[end_retreated_page_nr]:[2053]
[end_try_to_promote_nr]:[16198180]
[end_task_num]:[0]
[end_write_protect_break_num]:[415791]
[end_shadow_link_num]:[11735211]
[end_shadow_demote_num]:[547640]
[end_batch_free_num]:[10742852]
[end_transactional_migration_success_num]:[16196061]
[end_transactional_migration_fail_num]:[4408]
[end_shadow_page_pair]:[25216]
[note]:[1]
[milliseconds]:[140051]
[total tick]:[364151104162]
[work type]:[0]
[Bandwidth(MB/s)]:[1115.665008]
---------------------------
-----------start-----------
[start_pgdemote_kswapd]:[21328474]
[start_pgdemote_direct]:[0]
[start_pgdemote_file]:[107616]
[start_pgdemote_anon]:[21220858]
[start_pgpromote_candidate]:[16556107]
[start_pgpromote_candidate_demoted]:[13046384]
[start_pgpromote_candidate_anon]:[16555609]
[start_pgpromote_candidate_file]:[498]
[start_pgpromote_tried]:[0]
[start_pgpromote_file]:[0]
[start_pgpromote_anon]:[0]
[start_pgmigrate_success]:[114449809]
[start_pgmigrate_fail]:[1051340]
[start_pgmigrate_fail_dst_node_full]:[0]
[start_pgmigrate_fail_numa_isolate]:[0]
[start_pgmigrate_fail_nomem]:[1050722]
[start_pgmigrate_fail_refcount]:[9519]
[start_success_nr]:[16196165]
[start_retry_nr]:[142376]
[start_retreated_page_nr]:[2054]
[start_try_to_promote_nr]:[16198220]
[start_task_num]:[0]
[start_write_protect_break_num]:[415792]
[start_shadow_link_num]:[11735232]
[start_shadow_demote_num]:[547697]
[start_batch_free_num]:[10768027]
[start_transactional_migration_success_num]:[16196097]
[start_transactional_migration_fail_num]:[4418]
[start_shadow_page_pair]:[0]
[end_pgdemote_kswapd]:[31738584]
[end_pgdemote_direct]:[0]
[end_pgdemote_file]:[107635]
[end_pgdemote_anon]:[31630949]
[end_pgpromote_candidate]:[27286660]
[end_pgpromote_candidate_demoted]:[23585291]
[end_pgpromote_candidate_anon]:[27286152]
[end_pgpromote_candidate_file]:[508]
[end_pgpromote_tried]:[0]
[end_pgpromote_file]:[0]
[end_pgpromote_anon]:[0]
[end_pgmigrate_success]:[124861455]
[end_pgmigrate_fail]:[1570865]
[end_pgmigrate_fail_dst_node_full]:[0]
[end_pgmigrate_fail_numa_isolate]:[0]
[end_pgmigrate_fail_nomem]:[1570247]
[end_pgmigrate_fail_refcount]:[10029]
[end_success_nr]:[26773786]
[end_retry_nr]:[232760]
[end_retreated_page_nr]:[2993]
[end_try_to_promote_nr]:[26776780]
[end_task_num]:[0]
[end_write_protect_break_num]:[727204]
[end_shadow_link_num]:[17835455]
[end_shadow_demote_num]:[928884]
[end_batch_free_num]:[16000677]
[end_transactional_migration_success_num]:[26773717]
[end_transactional_migration_fail_num]:[4927]
[end_shadow_page_pair]:[174430]
[note]:[2]
[milliseconds]:[140842]
[total tick]:[366194944584]
[work type]:[0]
[Bandwidth(MB/s)]:[1109.399185]
---------------------------
-----------start-----------
[start_pgdemote_kswapd]:[31913049]
[start_pgdemote_direct]:[0]
[start_pgdemote_file]:[107675]
[start_pgdemote_anon]:[31805374]
[start_pgpromote_candidate]:[27286856]
[start_pgpromote_candidate_demoted]:[23585487]
[start_pgpromote_candidate_anon]:[27286347]
[start_pgpromote_candidate_file]:[509]
[start_pgpromote_tried]:[0]
[start_pgpromote_file]:[0]
[start_pgpromote_anon]:[0]
[start_pgmigrate_success]:[125035920]
[start_pgmigrate_fail]:[1587151]
[start_pgmigrate_fail_dst_node_full]:[0]
[start_pgmigrate_fail_numa_isolate]:[0]
[start_pgmigrate_fail_nomem]:[1586532]
[start_pgmigrate_fail_refcount]:[10179]
[start_success_nr]:[26773960]
[start_retry_nr]:[232913]
[start_retreated_page_nr]:[3008]
[start_try_to_promote_nr]:[26776969]
[start_task_num]:[0]
[start_write_protect_break_num]:[727209]
[start_shadow_link_num]:[17835548]
[start_shadow_demote_num]:[937363]
[start_batch_free_num]:[16166676]
[start_transactional_migration_success_num]:[26773876]
[start_transactional_migration_fail_num]:[5067]
[start_shadow_page_pair]:[25]
[end_pgdemote_kswapd]:[42437524]
[end_pgdemote_direct]:[0]
[end_pgdemote_file]:[107679]
[end_pgdemote_anon]:[42329845]
[end_pgpromote_candidate]:[37964083]
[end_pgpromote_candidate_demoted]:[34017204]
[end_pgpromote_candidate_anon]:[37963571]
[end_pgpromote_candidate_file]:[512]
[end_pgpromote_tried]:[0]
[end_pgpromote_file]:[0]
[end_pgpromote_anon]:[0]
[end_pgmigrate_success]:[172207071]
[end_pgmigrate_fail]:[2151829]
[end_pgmigrate_fail_dst_node_full]:[0]
[end_pgmigrate_fail_numa_isolate]:[0]
[end_pgmigrate_fail_nomem]:[2151210]
[end_pgmigrate_fail_refcount]:[12602]
[end_success_nr]:[37285353]
[end_retry_nr]:[327415]
[end_retreated_page_nr]:[4078]
[end_try_to_promote_nr]:[37289432]
[end_task_num]:[0]
[end_write_protect_break_num]:[1053514]
[end_shadow_link_num]:[23888317]
[end_shadow_demote_num]:[1206618]
[end_batch_free_num]:[21622969]
[end_transactional_migration_success_num]:[37285245]
[end_transactional_migration_fail_num]:[7458]
[end_shadow_page_pair]:[66]
[note]:[3]
[milliseconds]:[151396]
[total tick]:[393637506070]
[work type]:[0]
[Bandwidth(MB/s)]:[1032.061613]
---------------------------
-----------start-----------
[start_pgdemote_kswapd]:[42437549]
[start_pgdemote_direct]:[0]
[start_pgdemote_file]:[107679]
[start_pgdemote_anon]:[42329870]
[start_pgpromote_candidate]:[37964140]
[start_pgpromote_candidate_demoted]:[34017260]
[start_pgpromote_candidate_anon]:[37963628]
[start_pgpromote_candidate_file]:[512]
[start_pgpromote_tried]:[0]
[start_pgpromote_file]:[0]
[start_pgpromote_anon]:[0]
[start_pgmigrate_success]:[172207096]
[start_pgmigrate_fail]:[2151945]
[start_pgmigrate_fail_dst_node_full]:[0]
[start_pgmigrate_fail_numa_isolate]:[0]
[start_pgmigrate_fail_nomem]:[2151326]
[start_pgmigrate_fail_refcount]:[12652]
[start_success_nr]:[37285404]
[start_retry_nr]:[327466]
[start_retreated_page_nr]:[4083]
[start_try_to_promote_nr]:[37289488]
[start_task_num]:[0]
[start_write_protect_break_num]:[1053516]
[start_shadow_link_num]:[23888339]
[start_shadow_demote_num]:[1206618]
[start_batch_free_num]:[21623051]
[start_transactional_migration_success_num]:[37285288]
[start_transactional_migration_fail_num]:[7508]
[start_shadow_page_pair]:[1]
[end_pgdemote_kswapd]:[52976540]
[end_pgdemote_direct]:[0]
[end_pgdemote_file]:[107747]
[end_pgdemote_anon]:[52868793]
[end_pgpromote_candidate]:[48858531]
[end_pgpromote_candidate_demoted]:[44683931]
[end_pgpromote_candidate_anon]:[48858016]
[end_pgpromote_candidate_file]:[515]
[end_pgpromote_tried]:[0]
[end_pgpromote_file]:[0]
[end_pgpromote_anon]:[0]
[end_pgmigrate_success]:[182746599]
[end_pgmigrate_fail]:[2694858]
[end_pgmigrate_fail_dst_node_full]:[0]
[end_pgmigrate_fail_numa_isolate]:[0]
[end_pgmigrate_fail_nomem]:[2694238]
[end_pgmigrate_fail_refcount]:[13395]
[end_success_nr]:[47953824]
[end_retry_nr]:[411254]
[end_retreated_page_nr]:[5029]
[end_try_to_promote_nr]:[47958854]
[end_task_num]:[0]
[end_write_protect_break_num]:[1319092]
[end_shadow_link_num]:[30024891]
[end_shadow_demote_num]:[1501619]
[end_batch_free_num]:[27061431]
[end_transactional_migration_success_num]:[47953708]
[end_transactional_migration_fail_num]:[8247]
[end_shadow_page_pair]:[137231]
[note]:[4]
[milliseconds]:[145590]
[total tick]:[378538398846]
[work type]:[0]
[Bandwidth(MB/s)]:[1073.219315]
---------------------------
