-----------start-----------
[start_pgdemote_kswapd]:[3146888]
[start_pgdemote_direct]:[0]
[start_pgdemote_file]:[12166]
[start_pgdemote_anon]:[3134722]
[start_pgpromote_candidate]:[52]
[start_pgpromote_candidate_demoted]:[52]
[start_pgpromote_candidate_anon]:[52]
[start_pgpromote_candidate_file]:[0]
[start_pgpromote_tried]:[0]
[start_pgpromote_file]:[0]
[start_pgpromote_anon]:[0]
[start_pgmigrate_success]:[3146888]
[start_pgmigrate_fail]:[0]
[start_pgmigrate_fail_dst_node_full]:[0]
[start_pgmigrate_fail_numa_isolate]:[0]
[start_pgmigrate_fail_nomem]:[0]
[start_pgmigrate_fail_refcount]:[50]
[start_success_nr]:[39]
[start_retry_nr]:[50]
[start_retreated_page_nr]:[5]
[start_try_to_promote_nr]:[44]
[start_task_num]:[0]
[start_write_protect_break_num]:[7]
[start_shadow_link_num]:[22]
[start_shadow_demote_num]:[0]
[start_batch_free_num]:[0]
[start_transactional_migration_success_num]:[39]
[start_transactional_migration_fail_num]:[50]
[start_shadow_page_pair]:[8]
[end_pgdemote_kswapd]:[11181644]
[end_pgdemote_direct]:[0]
[end_pgdemote_file]:[124173]
[end_pgdemote_anon]:[11057471]
[end_pgpromote_candidate]:[6107500]
[end_pgpromote_candidate_demoted]:[3298337]
[end_pgpromote_candidate_anon]:[6106946]
[end_pgpromote_candidate_file]:[554]
[end_pgpromote_tried]:[0]
[end_pgpromote_file]:[0]
[end_pgpromote_anon]:[0]
[end_pgmigrate_success]:[73201976]
[end_pgmigrate_fail]:[465947]
[end_pgmigrate_fail_dst_node_full]:[3072]
[end_pgmigrate_fail_numa_isolate]:[3072]
[end_pgmigrate_fail_nomem]:[596893]
[end_pgmigrate_fail_refcount]:[2364]
[end_success_nr]:[5634641]
[end_retry_nr]:[67376]
[end_retreated_page_nr]:[806]
[end_try_to_promote_nr]:[5840374]
[end_task_num]:[0]
[end_write_protect_break_num]:[252125]
[end_shadow_link_num]:[4912998]
[end_shadow_demote_num]:[106785]
[end_batch_free_num]:[4441764]
[end_transactional_migration_success_num]:[5634610]
[end_transactional_migration_fail_num]:[2332]
[end_shadow_page_pair]:[111225]
[note]:[0]
[milliseconds]:[98869]
[total tick]:[257057633327]
[work type]:[0]
[Bandwidth(MB/s)]:[1580.374030]
---------------------------
-----------start-----------
[start_pgdemote_kswapd]:[11287984]
[start_pgdemote_direct]:[0]
[start_pgdemote_file]:[124601]
[start_pgdemote_anon]:[11163383]
[start_pgpromote_candidate]:[6107570]
[start_pgpromote_candidate_demoted]:[3298407]
[start_pgpromote_candidate_anon]:[6106988]
[start_pgpromote_candidate_file]:[582]
[start_pgpromote_tried]:[0]
[start_pgpromote_file]:[0]
[start_pgpromote_anon]:[0]
[start_pgmigrate_success]:[73308316]
[start_pgmigrate_fail]:[475920]
[start_pgmigrate_fail_dst_node_full]:[3072]
[start_pgmigrate_fail_numa_isolate]:[3072]
[start_pgmigrate_fail_nomem]:[606866]
[start_pgmigrate_fail_refcount]:[2364]
[start_success_nr]:[5634683]
[start_retry_nr]:[67376]
[start_retreated_page_nr]:[806]
[start_try_to_promote_nr]:[5840416]
[start_task_num]:[0]
[start_write_protect_break_num]:[252126]
[start_shadow_link_num]:[4913030]
[start_shadow_demote_num]:[109840]
[start_batch_free_num]:[4545074]
[start_transactional_migration_success_num]:[5634642]
[start_transactional_migration_fail_num]:[2332]
[start_shadow_page_pair]:[4884]
[end_pgdemote_kswapd]:[21136420]
[end_pgdemote_direct]:[0]
[end_pgdemote_file]:[125281]
[end_pgdemote_anon]:[21011139]
[end_pgpromote_candidate]:[16302343]
[end_pgpromote_candidate_demoted]:[12677693]
[end_pgpromote_candidate_anon]:[16301702]
[end_pgpromote_candidate_file]:[641]
[end_pgpromote_tried]:[0]
[end_pgpromote_file]:[0]
[end_pgpromote_anon]:[0]
[end_pgmigrate_success]:[83168016]
[end_pgmigrate_fail]:[1182141]
[end_pgmigrate_fail_dst_node_full]:[3072]
[end_pgmigrate_fail_numa_isolate]:[3072]
[end_pgmigrate_fail_nomem]:[1313077]
[end_pgmigrate_fail_refcount]:[3976]
[end_success_nr]:[15502710]
[end_retry_nr]:[138343]
[end_retreated_page_nr]:[1552]
[end_try_to_promote_nr]:[15709189]
[end_task_num]:[0]
[end_write_protect_break_num]:[341971]
[end_shadow_link_num]:[11295672]
[end_shadow_demote_num]:[188665]
[end_batch_free_num]:[10722621]
[end_transactional_migration_success_num]:[15502669]
[end_transactional_migration_fail_num]:[3940]
[end_shadow_page_pair]:[41136]
[note]:[1]
[milliseconds]:[131062]
[total tick]:[340742963708]
[work type]:[0]
[Bandwidth(MB/s)]:[1192.183852]
---------------------------
-----------start-----------
[start_pgdemote_kswapd]:[21255548]
[start_pgdemote_direct]:[0]
[start_pgdemote_file]:[125298]
[start_pgdemote_anon]:[21130250]
[start_pgpromote_candidate]:[16302390]
[start_pgpromote_candidate_demoted]:[12677740]
[start_pgpromote_candidate_anon]:[16301742]
[start_pgpromote_candidate_file]:[648]
[start_pgpromote_tried]:[0]
[start_pgpromote_file]:[0]
[start_pgpromote_anon]:[0]
[start_pgmigrate_success]:[83287144]
[start_pgmigrate_fail]:[1186736]
[start_pgmigrate_fail_dst_node_full]:[3072]
[start_pgmigrate_fail_numa_isolate]:[3072]
[start_pgmigrate_fail_nomem]:[1317672]
[start_pgmigrate_fail_refcount]:[3986]
[start_success_nr]:[15502751]
[start_retry_nr]:[138354]
[start_retreated_page_nr]:[1553]
[start_try_to_promote_nr]:[15709231]
[start_task_num]:[0]
[start_write_protect_break_num]:[341974]
[start_shadow_link_num]:[11295690]
[start_shadow_demote_num]:[189356]
[start_batch_free_num]:[10763075]
[start_transactional_migration_success_num]:[15502708]
[start_transactional_migration_fail_num]:[3940]
[start_shadow_page_pair]:[1]
[end_pgdemote_kswapd]:[31694867]
[end_pgdemote_direct]:[0]
[end_pgdemote_file]:[125577]
[end_pgdemote_anon]:[31569290]
[end_pgpromote_candidate]:[27192250]
[end_pgpromote_candidate_demoted]:[23206877]
[end_pgpromote_candidate_anon]:[27191518]
[end_pgpromote_candidate_file]:[732]
[end_pgpromote_tried]:[0]
[end_pgpromote_file]:[0]
[end_pgpromote_anon]:[0]
[end_pgmigrate_success]:[93736800]
[end_pgmigrate_fail]:[1832419]
[end_pgmigrate_fail_dst_node_full]:[3072]
[end_pgmigrate_fail_numa_isolate]:[3072]
[end_pgmigrate_fail_nomem]:[1963344]
[end_pgmigrate_fail_refcount]:[5028]
[end_success_nr]:[26032457]
[end_retry_nr]:[216275]
[end_retreated_page_nr]:[2321]
[end_try_to_promote_nr]:[26239705]
[end_task_num]:[0]
[end_write_protect_break_num]:[447590]
[end_shadow_link_num]:[17412364]
[end_shadow_demote_num]:[265517]
[end_batch_free_num]:[16585293]
[end_transactional_migration_success_num]:[26032414]
[end_transactional_migration_fail_num]:[4979]
[end_shadow_page_pair]:[112321]
[note]:[2]
[milliseconds]:[140774]
[total tick]:[366011336071]
[work type]:[0]
[Bandwidth(MB/s)]:[1109.935073]
---------------------------
-----------start-----------
[start_pgdemote_kswapd]:[31806949]
[start_pgdemote_direct]:[0]
[start_pgdemote_file]:[125578]
[start_pgdemote_anon]:[31681371]
[start_pgpromote_candidate]:[27192282]
[start_pgpromote_candidate_demoted]:[23206909]
[start_pgpromote_candidate_anon]:[27191550]
[start_pgpromote_candidate_file]:[732]
[start_pgpromote_tried]:[0]
[start_pgpromote_file]:[0]
[start_pgpromote_anon]:[0]
[start_pgmigrate_success]:[93848882]
[start_pgmigrate_fail]:[1843772]
[start_pgmigrate_fail_dst_node_full]:[3072]
[start_pgmigrate_fail_numa_isolate]:[3072]
[start_pgmigrate_fail_nomem]:[1974697]
[start_pgmigrate_fail_refcount]:[5058]
[start_success_nr]:[26032483]
[start_retry_nr]:[216305]
[start_retreated_page_nr]:[2324]
[start_try_to_promote_nr]:[26239734]
[start_task_num]:[0]
[start_write_protect_break_num]:[447591]
[start_shadow_link_num]:[17412377]
[start_shadow_demote_num]:[266791]
[start_batch_free_num]:[16696349]
[start_transactional_migration_success_num]:[26032438]
[start_transactional_migration_fail_num]:[5009]
[start_shadow_page_pair]:[0]
[end_pgdemote_kswapd]:[42615011]
[end_pgdemote_direct]:[0]
[end_pgdemote_file]:[125597]
[end_pgdemote_anon]:[42489414]
[end_pgpromote_candidate]:[38192662]
[end_pgpromote_candidate_demoted]:[33929519]
[end_pgpromote_candidate_anon]:[38191926]
[end_pgpromote_candidate_file]:[736]
[end_pgpromote_tried]:[0]
[end_pgpromote_file]:[0]
[end_pgpromote_anon]:[0]
[end_pgmigrate_success]:[104665136]
[end_pgmigrate_fail]:[2627525]
[end_pgmigrate_fail_dst_node_full]:[3072]
[end_pgmigrate_fail_numa_isolate]:[3072]
[end_pgmigrate_fail_nomem]:[2758450]
[end_pgmigrate_fail_refcount]:[5281]
[end_success_nr]:[36816949]
[end_retry_nr]:[300506]
[end_retreated_page_nr]:[2997]
[end_try_to_promote_nr]:[37024873]
[end_task_num]:[0]
[end_write_protect_break_num]:[568640]
[end_shadow_link_num]:[23637990]
[end_shadow_demote_num]:[360615]
[end_batch_free_num]:[22706637]
[end_transactional_migration_success_num]:[36816904]
[end_transactional_migration_fail_num]:[5231]
[end_shadow_page_pair]:[26]
[note]:[3]
[milliseconds]:[150786]
[total tick]:[392058016016]
[work type]:[0]
[Bandwidth(MB/s)]:[1036.236786]
---------------------------
-----------start-----------
[start_pgdemote_kswapd]:[42615278]
[start_pgdemote_direct]:[0]
[start_pgdemote_file]:[125597]
[start_pgdemote_anon]:[42489681]
[start_pgpromote_candidate]:[38192694]
[start_pgpromote_candidate_demoted]:[33929549]
[start_pgpromote_candidate_anon]:[38191958]
[start_pgpromote_candidate_file]:[736]
[start_pgpromote_tried]:[0]
[start_pgpromote_file]:[0]
[start_pgpromote_anon]:[0]
[start_pgmigrate_success]:[104665403]
[start_pgmigrate_fail]:[2628089]
[start_pgmigrate_fail_dst_node_full]:[3072]
[start_pgmigrate_fail_numa_isolate]:[3072]
[start_pgmigrate_fail_nomem]:[2759014]
[start_pgmigrate_fail_refcount]:[5331]
[start_success_nr]:[36816973]
[start_retry_nr]:[300557]
[start_retreated_page_nr]:[3002]
[start_try_to_promote_nr]:[37024902]
[start_task_num]:[0]
[start_write_protect_break_num]:[568640]
[start_shadow_link_num]:[23638003]
[start_shadow_demote_num]:[360615]
[start_batch_free_num]:[22706671]
[start_transactional_migration_success_num]:[36816928]
[start_transactional_migration_fail_num]:[5271]
[start_shadow_page_pair]:[0]
[end_pgdemote_kswapd]:[52699815]
[end_pgdemote_direct]:[0]
[end_pgdemote_file]:[125690]
[end_pgdemote_anon]:[52574125]
[end_pgpromote_candidate]:[48838657]
[end_pgpromote_candidate_demoted]:[44233225]
[end_pgpromote_candidate_anon]:[48837919]
[end_pgpromote_candidate_file]:[738]
[end_pgpromote_tried]:[0]
[end_pgpromote_file]:[0]
[end_pgpromote_anon]:[0]
[end_pgmigrate_success]:[114751476]
[end_pgmigrate_fail]:[3312924]
[end_pgmigrate_fail_dst_node_full]:[3072]
[end_pgmigrate_fail_numa_isolate]:[3072]
[end_pgmigrate_fail_nomem]:[3443849]
[end_pgmigrate_fail_refcount]:[6837]
[end_success_nr]:[47040993]
[end_retry_nr]:[374363]
[end_retreated_page_nr]:[3907]
[end_try_to_promote_nr]:[47249827]
[end_task_num]:[0]
[end_write_protect_break_num]:[940059]
[end_shadow_link_num]:[31243442]
[end_shadow_demote_num]:[828749]
[end_batch_free_num]:[29313557]
[end_transactional_migration_success_num]:[47040926]
[end_transactional_migration_fail_num]:[6765]
[end_shadow_page_pair]:[158033]
[note]:[4]
[milliseconds]:[143227]
[total tick]:[372386955608]
[work type]:[0]
[Bandwidth(MB/s)]:[1090.925594]
---------------------------
