-----------start-----------
[start_pgdemote_kswapd]:[3071016]
[start_pgdemote_direct]:[0]
[start_pgdemote_file]:[12238]
[start_pgdemote_anon]:[3058778]
[start_pgpromote_candidate]:[53]
[start_pgpromote_candidate_demoted]:[52]
[start_pgpromote_candidate_anon]:[53]
[start_pgpromote_candidate_file]:[0]
[start_pgpromote_tried]:[0]
[start_pgpromote_file]:[0]
[start_pgpromote_anon]:[0]
[start_pgmigrate_success]:[3071016]
[start_pgmigrate_fail]:[0]
[start_pgmigrate_fail_dst_node_full]:[0]
[start_pgmigrate_fail_numa_isolate]:[0]
[start_pgmigrate_fail_nomem]:[0]
[start_pgmigrate_fail_refcount]:[80]
[start_success_nr]:[37]
[start_retry_nr]:[84]
[start_retreated_page_nr]:[8]
[start_try_to_promote_nr]:[45]
[start_task_num]:[0]
[start_write_protect_break_num]:[7]
[start_shadow_link_num]:[22]
[start_shadow_demote_num]:[0]
[start_batch_free_num]:[0]
[start_transactional_migration_success_num]:[41]
[start_transactional_migration_fail_num]:[80]
[start_shadow_page_pair]:[7]
[end_pgdemote_kswapd]:[10982791]
[end_pgdemote_direct]:[0]
[end_pgdemote_file]:[122653]
[end_pgdemote_anon]:[10860138]
[end_pgpromote_candidate]:[5681246]
[end_pgpromote_candidate_demoted]:[3141065]
[end_pgpromote_candidate_anon]:[5680589]
[end_pgpromote_candidate_file]:[657]
[end_pgpromote_tried]:[0]
[end_pgpromote_file]:[0]
[end_pgpromote_anon]:[0]
[end_pgmigrate_success]:[14120423]
[end_pgmigrate_fail]:[4860]
[end_pgmigrate_fail_dst_node_full]:[0]
[end_pgmigrate_fail_numa_isolate]:[0]
[end_pgmigrate_fail_nomem]:[111267]
[end_pgmigrate_fail_refcount]:[1607]
[end_success_nr]:[5392379]
[end_retry_nr]:[58822]
[end_retreated_page_nr]:[1012]
[end_try_to_promote_nr]:[5554630]
[end_task_num]:[0]
[end_write_protect_break_num]:[188365]
[end_shadow_link_num]:[4224393]
[end_shadow_demote_num]:[57]
[end_batch_free_num]:[4033982]
[end_transactional_migration_success_num]:[5392335]
[end_transactional_migration_fail_num]:[1604]
[end_shadow_page_pair]:[1890]
[note]:[0]
[milliseconds]:[118981]
[total tick]:[309345447884]
[work type]:[0]
[Bandwidth(MB/s)]:[1313.234886]
---------------------------
-----------start-----------
[start_pgdemote_kswapd]:[10983220]
[start_pgdemote_direct]:[0]
[start_pgdemote_file]:[122653]
[start_pgdemote_anon]:[10860567]
[start_pgpromote_candidate]:[5681362]
[start_pgpromote_candidate_demoted]:[3141180]
[start_pgpromote_candidate_anon]:[5680657]
[start_pgpromote_candidate_file]:[705]
[start_pgpromote_tried]:[0]
[start_pgpromote_file]:[0]
[start_pgpromote_anon]:[0]
[start_pgmigrate_success]:[14125175]
[start_pgmigrate_fail]:[4860]
[start_pgmigrate_fail_dst_node_full]:[0]
[start_pgmigrate_fail_numa_isolate]:[0]
[start_pgmigrate_fail_nomem]:[111267]
[start_pgmigrate_fail_refcount]:[1738]
[start_success_nr]:[5392551]
[start_retry_nr]:[58953]
[start_retreated_page_nr]:[1025]
[start_try_to_promote_nr]:[5554815]
[start_task_num]:[0]
[start_write_protect_break_num]:[188375]
[start_shadow_link_num]:[4224500]
[start_shadow_demote_num]:[57]
[start_batch_free_num]:[4035876]
[start_transactional_migration_success_num]:[5392500]
[start_transactional_migration_fail_num]:[1694]
[start_shadow_page_pair]:[84]
[end_pgdemote_kswapd]:[20003090]
[end_pgdemote_direct]:[0]
[end_pgdemote_file]:[122980]
[end_pgdemote_anon]:[19880110]
[end_pgpromote_candidate]:[14895731]
[end_pgpromote_candidate_demoted]:[11478700]
[end_pgpromote_candidate_anon]:[14895010]
[end_pgpromote_candidate_file]:[721]
[end_pgpromote_tried]:[0]
[end_pgpromote_file]:[0]
[end_pgpromote_anon]:[0]
[end_pgmigrate_success]:[23327418]
[end_pgmigrate_fail]:[692343]
[end_pgmigrate_fail_dst_node_full]:[0]
[end_pgmigrate_fail_numa_isolate]:[0]
[end_pgmigrate_fail_nomem]:[798748]
[end_pgmigrate_fail_refcount]:[3702]
[end_success_nr]:[14294669]
[end_retry_nr]:[131986]
[end_retreated_page_nr]:[1912]
[end_try_to_promote_nr]:[14457820]
[end_task_num]:[0]
[end_write_protect_break_num]:[437257]
[end_shadow_link_num]:[11090076]
[end_shadow_demote_num]:[510067]
[end_batch_free_num]:[10142576]
[end_transactional_migration_success_num]:[14294607]
[end_transactional_migration_fail_num]:[3578]
[end_shadow_page_pair]:[30]
[note]:[1]
[milliseconds]:[133832]
[total tick]:[347969932974]
[work type]:[0]
[Bandwidth(MB/s)]:[1167.508518]
---------------------------
-----------start-----------
[start_pgdemote_kswapd]:[20081463]
[start_pgdemote_direct]:[0]
[start_pgdemote_file]:[122981]
[start_pgdemote_anon]:[19958482]
[start_pgpromote_candidate]:[14895769]
[start_pgpromote_candidate_demoted]:[11478736]
[start_pgpromote_candidate_anon]:[14895047]
[start_pgpromote_candidate_file]:[722]
[start_pgpromote_tried]:[0]
[start_pgpromote_file]:[0]
[start_pgpromote_anon]:[0]
[start_pgmigrate_success]:[23405791]
[start_pgmigrate_fail]:[692544]
[start_pgmigrate_fail_dst_node_full]:[0]
[start_pgmigrate_fail_numa_isolate]:[0]
[start_pgmigrate_fail_nomem]:[798949]
[start_pgmigrate_fail_refcount]:[3752]
[start_success_nr]:[14294696]
[start_retry_nr]:[132036]
[start_retreated_page_nr]:[1917]
[start_try_to_promote_nr]:[14457852]
[start_task_num]:[0]
[start_write_protect_break_num]:[437259]
[start_shadow_link_num]:[11090090]
[start_shadow_demote_num]:[510067]
[start_batch_free_num]:[10142613]
[start_transactional_migration_success_num]:[14294631]
[start_transactional_migration_fail_num]:[3618]
[start_shadow_page_pair]:[0]
[end_pgdemote_kswapd]:[30320605]
[end_pgdemote_direct]:[0]
[end_pgdemote_file]:[123360]
[end_pgdemote_anon]:[30197245]
[end_pgpromote_candidate]:[25214370]
[end_pgpromote_candidate_demoted]:[21543527]
[end_pgpromote_candidate_anon]:[25213617]
[end_pgpromote_candidate_file]:[753]
[end_pgpromote_tried]:[0]
[end_pgpromote_file]:[0]
[end_pgpromote_anon]:[0]
[end_pgmigrate_success]:[33650053]
[end_pgmigrate_fail]:[1537770]
[end_pgmigrate_fail_dst_node_full]:[0]
[end_pgmigrate_fail_numa_isolate]:[0]
[end_pgmigrate_fail_nomem]:[1644175]
[end_pgmigrate_fail_refcount]:[4880]
[end_success_nr]:[24525272]
[end_retry_nr]:[232409]
[end_retreated_page_nr]:[2620]
[end_try_to_promote_nr]:[24689131]
[end_task_num]:[0]
[end_write_protect_break_num]:[439597]
[end_shadow_link_num]:[17035627]
[end_shadow_demote_num]:[510067]
[end_batch_free_num]:[16085233]
[end_transactional_migration_success_num]:[24525206]
[end_transactional_migration_fail_num]:[4743]
[end_shadow_page_pair]:[565]
[note]:[2]
[milliseconds]:[146057]
[total tick]:[379758273849]
[work type]:[0]
[Bandwidth(MB/s)]:[1069.787823]
---------------------------
-----------start-----------
[start_pgdemote_kswapd]:[30320986]
[start_pgdemote_direct]:[0]
[start_pgdemote_file]:[123360]
[start_pgdemote_anon]:[30197626]
[start_pgpromote_candidate]:[25214396]
[start_pgpromote_candidate_demoted]:[21543551]
[start_pgpromote_candidate_anon]:[25213643]
[start_pgpromote_candidate_file]:[753]
[start_pgpromote_tried]:[0]
[start_pgpromote_file]:[0]
[start_pgpromote_anon]:[0]
[start_pgmigrate_success]:[33650434]
[start_pgmigrate_fail]:[1537986]
[start_pgmigrate_fail_dst_node_full]:[0]
[start_pgmigrate_fail_numa_isolate]:[0]
[start_pgmigrate_fail_nomem]:[1644391]
[start_pgmigrate_fail_refcount]:[4900]
[start_success_nr]:[24525294]
[start_retry_nr]:[232429]
[start_retreated_page_nr]:[2622]
[start_try_to_promote_nr]:[24689155]
[start_task_num]:[0]
[start_write_protect_break_num]:[439598]
[start_shadow_link_num]:[17035641]
[start_shadow_demote_num]:[510067]
[start_batch_free_num]:[16085810]
[start_transactional_migration_success_num]:[24525228]
[start_transactional_migration_fail_num]:[4763]
[start_shadow_page_pair]:[0]
[end_pgdemote_kswapd]:[39604669]
[end_pgdemote_direct]:[0]
[end_pgdemote_file]:[123361]
[end_pgdemote_anon]:[39481308]
[end_pgpromote_candidate]:[35218931]
[end_pgpromote_candidate_demoted]:[31234795]
[end_pgpromote_candidate_anon]:[35218178]
[end_pgpromote_candidate_file]:[753]
[end_pgpromote_tried]:[0]
[end_pgpromote_file]:[0]
[end_pgpromote_anon]:[0]
[end_pgmigrate_success]:[42935653]
[end_pgmigrate_fail]:[2156321]
[end_pgmigrate_fail_dst_node_full]:[0]
[end_pgmigrate_fail_numa_isolate]:[0]
[end_pgmigrate_fail_nomem]:[2262726]
[end_pgmigrate_fail_refcount]:[6392]
[end_success_nr]:[33931850]
[end_retry_nr]:[279241]
[end_retreated_page_nr]:[3231]
[end_try_to_promote_nr]:[34096320]
[end_task_num]:[0]
[end_write_protect_break_num]:[818383]
[end_shadow_link_num]:[24123007]
[end_shadow_demote_num]:[1043193]
[end_batch_free_num]:[22131203]
[end_transactional_migration_success_num]:[33931779]
[end_transactional_migration_fail_num]:[6234]
[end_shadow_page_pair]:[129596]
[note]:[3]
[milliseconds]:[127782]
[total tick]:[332234217864]
[work type]:[0]
[Bandwidth(MB/s)]:[1222.785682]
---------------------------
-----------start-----------
[start_pgdemote_kswapd]:[39734214]
[start_pgdemote_direct]:[0]
[start_pgdemote_file]:[123361]
[start_pgdemote_anon]:[39610853]
[start_pgpromote_candidate]:[35218995]
[start_pgpromote_candidate_demoted]:[31234857]
[start_pgpromote_candidate_anon]:[35218242]
[start_pgpromote_candidate_file]:[753]
[start_pgpromote_tried]:[0]
[start_pgpromote_file]:[0]
[start_pgpromote_anon]:[0]
[start_pgmigrate_success]:[43065198]
[start_pgmigrate_fail]:[2168989]
[start_pgmigrate_fail_dst_node_full]:[0]
[start_pgmigrate_fail_numa_isolate]:[0]
[start_pgmigrate_fail_nomem]:[2275394]
[start_pgmigrate_fail_refcount]:[6461]
[start_success_nr]:[33931925]
[start_retry_nr]:[279311]
[start_retreated_page_nr]:[3237]
[start_try_to_promote_nr]:[34096401]
[start_task_num]:[0]
[start_write_protect_break_num]:[818388]
[start_shadow_link_num]:[24123056]
[start_shadow_demote_num]:[1047649]
[start_batch_free_num]:[22256365]
[start_transactional_migration_success_num]:[33931849]
[start_transactional_migration_fail_num]:[6303]
[start_shadow_page_pair]:[13]
[end_pgdemote_kswapd]:[49507957]
[end_pgdemote_direct]:[0]
[end_pgdemote_file]:[125868]
[end_pgdemote_anon]:[49382089]
[end_pgpromote_candidate]:[45510543]
[end_pgpromote_candidate_demoted]:[41044350]
[end_pgpromote_candidate_anon]:[45509694]
[end_pgpromote_candidate_file]:[849]
[end_pgpromote_tried]:[0]
[end_pgpromote_file]:[0]
[end_pgpromote_anon]:[0]
[end_pgmigrate_success]:[52841501]
[end_pgmigrate_fail]:[2690377]
[end_pgmigrate_fail_dst_node_full]:[0]
[end_pgmigrate_fail_numa_isolate]:[0]
[end_pgmigrate_fail_nomem]:[2796767]
[end_pgmigrate_fail_refcount]:[8478]
[end_success_nr]:[43875151]
[end_retry_nr]:[368662]
[end_retreated_page_nr]:[4165]
[end_try_to_promote_nr]:[44040555]
[end_task_num]:[0]
[end_write_protect_break_num]:[1041195]
[end_shadow_link_num]:[30014855]
[end_shadow_demote_num]:[1316142]
[end_batch_free_num]:[27475947]
[end_transactional_migration_success_num]:[43874851]
[end_transactional_migration_fail_num]:[8299]
[end_shadow_page_pair]:[180135]
[note]:[4]
[milliseconds]:[132917]
[total tick]:[345583079338]
[work type]:[0]
[Bandwidth(MB/s)]:[1175.545641]
---------------------------
