-----------start-----------
[start_pgdemote_kswapd]:[2646299]
[start_pgdemote_direct]:[0]
[start_pgdemote_file]:[11896]
[start_pgdemote_anon]:[2634403]
[start_pgpromote_candidate]:[50]
[start_pgpromote_candidate_demoted]:[50]
[start_pgpromote_candidate_anon]:[50]
[start_pgpromote_candidate_file]:[0]
[start_pgpromote_tried]:[0]
[start_pgpromote_file]:[0]
[start_pgpromote_anon]:[0]
[start_pgmigrate_success]:[2646299]
[start_pgmigrate_fail]:[0]
[start_pgmigrate_fail_dst_node_full]:[0]
[start_pgmigrate_fail_numa_isolate]:[0]
[start_pgmigrate_fail_nomem]:[0]
[start_pgmigrate_fail_refcount]:[80]
[start_success_nr]:[38]
[start_retry_nr]:[80]
[start_retreated_page_nr]:[8]
[start_try_to_promote_nr]:[46]
[start_task_num]:[0]
[start_write_protect_break_num]:[15]
[start_shadow_link_num]:[23]
[start_shadow_demote_num]:[0]
[start_batch_free_num]:[0]
[start_transactional_migration_success_num]:[38]
[start_transactional_migration_fail_num]:[80]
[start_shadow_page_pair]:[4]
[end_pgdemote_kswapd]:[11209989]
[end_pgdemote_direct]:[0]
[end_pgdemote_file]:[135813]
[end_pgdemote_anon]:[11074176]
[end_pgpromote_candidate]:[6500895]
[end_pgpromote_candidate_demoted]:[3894940]
[end_pgpromote_candidate_anon]:[6500635]
[end_pgpromote_candidate_file]:[260]
[end_pgpromote_tried]:[0]
[end_pgpromote_file]:[0]
[end_pgpromote_anon]:[0]
[end_pgmigrate_success]:[41484964]
[end_pgmigrate_fail]:[286911]
[end_pgmigrate_fail_dst_node_full]:[0]
[end_pgmigrate_fail_numa_isolate]:[0]
[end_pgmigrate_fail_nomem]:[285974]
[end_pgmigrate_fail_refcount]:[9956]
[end_success_nr]:[6090298]
[end_retry_nr]:[28274]
[end_retreated_page_nr]:[514]
[end_try_to_promote_nr]:[6090820]
[end_task_num]:[0]
[end_write_protect_break_num]:[86348]
[end_shadow_link_num]:[5850283]
[end_shadow_demote_num]:[81]
[end_batch_free_num]:[5763788]
[end_transactional_migration_success_num]:[6090287]
[end_transactional_migration_fail_num]:[1533]
[end_shadow_page_pair]:[0]
[note]:[0]
[milliseconds]:[109985]
[total tick]:[285964629588]
[work type]:[0]
[Bandwidth(MB/s)]:[1420.648270]
---------------------------
-----------start-----------
[start_pgdemote_kswapd]:[11210274]
[start_pgdemote_direct]:[0]
[start_pgdemote_file]:[135813]
[start_pgdemote_anon]:[11074461]
[start_pgpromote_candidate]:[6500951]
[start_pgpromote_candidate_demoted]:[3894994]
[start_pgpromote_candidate_anon]:[6500683]
[start_pgpromote_candidate_file]:[268]
[start_pgpromote_tried]:[0]
[start_pgpromote_file]:[0]
[start_pgpromote_anon]:[0]
[start_pgmigrate_success]:[41485249]
[start_pgmigrate_fail]:[296175]
[start_pgmigrate_fail_dst_node_full]:[0]
[start_pgmigrate_fail_numa_isolate]:[0]
[start_pgmigrate_fail_nomem]:[295238]
[start_pgmigrate_fail_refcount]:[9956]
[start_success_nr]:[6090344]
[start_retry_nr]:[28274]
[start_retreated_page_nr]:[514]
[start_try_to_promote_nr]:[6090866]
[start_task_num]:[0]
[start_write_protect_break_num]:[86349]
[start_shadow_link_num]:[5850319]
[start_shadow_demote_num]:[81]
[start_batch_free_num]:[5763820]
[start_transactional_migration_success_num]:[6090323]
[start_transactional_migration_fail_num]:[1533]
[start_shadow_page_pair]:[1]
[end_pgdemote_kswapd]:[21233079]
[end_pgdemote_direct]:[0]
[end_pgdemote_file]:[138154]
[end_pgdemote_anon]:[21094925]
[end_pgpromote_candidate]:[16739514]
[end_pgpromote_candidate_demoted]:[12990476]
[end_pgpromote_candidate_anon]:[16738978]
[end_pgpromote_candidate_file]:[536]
[end_pgpromote_tried]:[0]
[end_pgpromote_file]:[0]
[end_pgpromote_anon]:[0]
[end_pgmigrate_success]:[51511126]
[end_pgmigrate_fail]:[1213911]
[end_pgmigrate_fail_dst_node_full]:[0]
[end_pgmigrate_fail_numa_isolate]:[0]
[end_pgmigrate_fail_nomem]:[1212928]
[end_pgmigrate_fail_refcount]:[12614]
[end_success_nr]:[16110364]
[end_retry_nr]:[151819]
[end_retreated_page_nr]:[1834]
[end_try_to_promote_nr]:[16112207]
[end_task_num]:[0]
[end_write_protect_break_num]:[220622]
[end_shadow_link_num]:[13384436]
[end_shadow_demote_num]:[130834]
[end_batch_free_num]:[13032889]
[end_transactional_migration_success_num]:[16110323]
[end_transactional_migration_fail_num]:[4159]
[end_shadow_page_pair]:[0]
[note]:[1]
[milliseconds]:[149151]
[total tick]:[387798895032]
[work type]:[0]
[Bandwidth(MB/s)]:[1047.596060]
---------------------------
-----------start-----------
[start_pgdemote_kswapd]:[21311278]
[start_pgdemote_direct]:[0]
[start_pgdemote_file]:[138188]
[start_pgdemote_anon]:[21173090]
[start_pgpromote_candidate]:[16739642]
[start_pgpromote_candidate_demoted]:[12990604]
[start_pgpromote_candidate_anon]:[16739038]
[start_pgpromote_candidate_file]:[604]
[start_pgpromote_tried]:[0]
[start_pgpromote_file]:[0]
[start_pgpromote_anon]:[0]
[start_pgmigrate_success]:[51589325]
[start_pgmigrate_fail]:[1221261]
[start_pgmigrate_fail_dst_node_full]:[0]
[start_pgmigrate_fail_numa_isolate]:[0]
[start_pgmigrate_fail_nomem]:[1220278]
[start_pgmigrate_fail_refcount]:[12614]
[start_success_nr]:[16110419]
[start_retry_nr]:[151821]
[start_retreated_page_nr]:[1834]
[start_try_to_promote_nr]:[16112262]
[start_task_num]:[0]
[start_write_protect_break_num]:[220629]
[start_shadow_link_num]:[13384461]
[start_shadow_demote_num]:[130834]
[start_batch_free_num]:[13032896]
[start_transactional_migration_success_num]:[16110371]
[start_transactional_migration_fail_num]:[4159]
[start_shadow_page_pair]:[2]
[end_pgdemote_kswapd]:[32202931]
[end_pgdemote_direct]:[0]
[end_pgdemote_file]:[138685]
[end_pgdemote_anon]:[32064246]
[end_pgpromote_candidate]:[27906343]
[end_pgpromote_candidate_demoted]:[23956770]
[end_pgpromote_candidate_anon]:[27905693]
[end_pgpromote_candidate_file]:[650]
[end_pgpromote_tried]:[0]
[end_pgpromote_file]:[0]
[end_pgpromote_anon]:[0]
[end_pgmigrate_success]:[62480978]
[end_pgmigrate_fail]:[2006771]
[end_pgmigrate_fail_dst_node_full]:[0]
[end_pgmigrate_fail_numa_isolate]:[0]
[end_pgmigrate_fail_nomem]:[2005758]
[end_pgmigrate_fail_refcount]:[14260]
[end_success_nr]:[27103074]
[end_retry_nr]:[254820]
[end_retreated_page_nr]:[2555]
[end_try_to_promote_nr]:[27105638]
[end_task_num]:[0]
[end_write_protect_break_num]:[232810]
[end_shadow_link_num]:[19734778]
[end_shadow_demote_num]:[131050]
[end_batch_free_num]:[19311221]
[end_transactional_migration_success_num]:[27103026]
[end_transactional_migration_fail_num]:[5805]
[end_shadow_page_pair]:[59546]
[note]:[2]
[milliseconds]:[147862]
[total tick]:[384434576676]
[work type]:[0]
[Bandwidth(MB/s)]:[1056.728571]
---------------------------
-----------start-----------
[start_pgdemote_kswapd]:[32309259]
[start_pgdemote_direct]:[0]
[start_pgdemote_file]:[138706]
[start_pgdemote_anon]:[32170553]
[start_pgpromote_candidate]:[27906408]
[start_pgpromote_candidate_demoted]:[23956835]
[start_pgpromote_candidate_anon]:[27905732]
[start_pgpromote_candidate_file]:[676]
[start_pgpromote_tried]:[0]
[start_pgpromote_file]:[0]
[start_pgpromote_anon]:[0]
[start_pgmigrate_success]:[62587306]
[start_pgmigrate_fail]:[2012983]
[start_pgmigrate_fail_dst_node_full]:[0]
[start_pgmigrate_fail_numa_isolate]:[0]
[start_pgmigrate_fail_nomem]:[2011970]
[start_pgmigrate_fail_refcount]:[14300]
[start_success_nr]:[27103114]
[start_retry_nr]:[254862]
[start_retreated_page_nr]:[2559]
[start_try_to_promote_nr]:[27105682]
[start_task_num]:[0]
[start_write_protect_break_num]:[232815]
[start_shadow_link_num]:[19734800]
[start_shadow_demote_num]:[131050]
[start_batch_free_num]:[19370736]
[start_transactional_migration_success_num]:[27103066]
[start_transactional_migration_fail_num]:[5835]
[start_shadow_page_pair]:[0]
[end_pgdemote_kswapd]:[42791747]
[end_pgdemote_direct]:[0]
[end_pgdemote_file]:[138732]
[end_pgdemote_anon]:[42653015]
[end_pgpromote_candidate]:[38821373]
[end_pgpromote_candidate_demoted]:[34666626]
[end_pgpromote_candidate_anon]:[38820685]
[end_pgpromote_candidate_file]:[688]
[end_pgpromote_tried]:[0]
[end_pgpromote_file]:[0]
[end_pgpromote_anon]:[0]
[end_pgmigrate_success]:[73070306]
[end_pgmigrate_fail]:[2644927]
[end_pgmigrate_fail_dst_node_full]:[0]
[end_pgmigrate_fail_numa_isolate]:[0]
[end_pgmigrate_fail_nomem]:[2643912]
[end_pgmigrate_fail_refcount]:[15174]
[end_success_nr]:[37704287]
[end_retry_nr]:[328757]
[end_retreated_page_nr]:[3304]
[end_try_to_promote_nr]:[37707600]
[end_task_num]:[0]
[end_write_protect_break_num]:[454896]
[end_shadow_link_num]:[25843329]
[end_shadow_demote_num]:[345942]
[end_batch_free_num]:[24914243]
[end_transactional_migration_success_num]:[37704239]
[end_transactional_migration_fail_num]:[6708]
[end_shadow_page_pair]:[127510]
[note]:[3]
[milliseconds]:[140890]
[total tick]:[366310696151]
[work type]:[0]
[Bandwidth(MB/s)]:[1109.021222]
---------------------------
-----------start-----------
[start_pgdemote_kswapd]:[42919157]
[start_pgdemote_direct]:[0]
[start_pgdemote_file]:[138732]
[start_pgdemote_anon]:[42780425]
[start_pgpromote_candidate]:[38821412]
[start_pgpromote_candidate_demoted]:[34666663]
[start_pgpromote_candidate_anon]:[38820724]
[start_pgpromote_candidate_file]:[688]
[start_pgpromote_tried]:[0]
[start_pgpromote_file]:[0]
[start_pgpromote_anon]:[0]
[start_pgmigrate_success]:[73197716]
[start_pgmigrate_fail]:[2657704]
[start_pgmigrate_fail_dst_node_full]:[0]
[start_pgmigrate_fail_numa_isolate]:[0]
[start_pgmigrate_fail_nomem]:[2656689]
[start_pgmigrate_fail_refcount]:[15224]
[start_success_nr]:[37704320]
[start_retry_nr]:[328808]
[start_retreated_page_nr]:[3309]
[start_try_to_promote_nr]:[37707638]
[start_task_num]:[0]
[start_write_protect_break_num]:[454897]
[start_shadow_link_num]:[25843347]
[start_shadow_demote_num]:[347102]
[start_batch_free_num]:[25040602]
[start_transactional_migration_success_num]:[37704271]
[start_transactional_migration_fail_num]:[6758]
[start_shadow_page_pair]:[2]
[end_pgdemote_kswapd]:[53712530]
[end_pgdemote_direct]:[0]
[end_pgdemote_file]:[140421]
[end_pgdemote_anon]:[53572109]
[end_pgpromote_candidate]:[49865796]
[end_pgpromote_candidate_demoted]:[45391988]
[end_pgpromote_candidate_anon]:[49864969]
[end_pgpromote_candidate_file]:[827]
[end_pgpromote_tried]:[0]
[end_pgpromote_file]:[0]
[end_pgpromote_anon]:[0]
[end_pgmigrate_success]:[83992113]
[end_pgmigrate_fail]:[3329034]
[end_pgmigrate_fail_dst_node_full]:[0]
[end_pgmigrate_fail_numa_isolate]:[0]
[end_pgmigrate_fail_nomem]:[3328000]
[end_pgmigrate_fail_refcount]:[17773]
[end_success_nr]:[48486169]
[end_retry_nr]:[417226]
[end_retreated_page_nr]:[4347]
[end_try_to_promote_nr]:[48490527]
[end_task_num]:[0]
[end_write_protect_break_num]:[558001]
[end_shadow_link_num]:[32078471]
[end_shadow_demote_num]:[418868]
[end_batch_free_num]:[31096434]
[end_transactional_migration_success_num]:[48486078]
[end_transactional_migration_fail_num]:[9245]
[end_shadow_page_pair]:[4039]
[note]:[4]
[milliseconds]:[147919]
[total tick]:[384590014208]
[work type]:[0]
[Bandwidth(MB/s)]:[1056.321365]
---------------------------
