-----------start-----------
[start_pgdemote_kswapd]:[1375134]
[start_pgdemote_direct]:[0]
[start_pgdemote_file]:[93052]
[start_pgdemote_anon]:[1282082]
[start_pgpromote_candidate]:[56]
[start_pgpromote_candidate_demoted]:[55]
[start_pgpromote_candidate_anon]:[56]
[start_pgpromote_candidate_file]:[0]
[start_pgpromote_tried]:[0]
[start_pgpromote_file]:[0]
[start_pgpromote_anon]:[0]
[start_pgmigrate_success]:[1375134]
[start_pgmigrate_fail]:[1]
[start_pgmigrate_fail_dst_node_full]:[0]
[start_pgmigrate_fail_numa_isolate]:[0]
[start_pgmigrate_fail_nomem]:[0]
[start_pgmigrate_fail_refcount]:[100]
[start_success_nr]:[42]
[start_retry_nr]:[102]
[start_retreated_page_nr]:[10]
[start_try_to_promote_nr]:[52]
[start_task_num]:[0]
[start_write_protect_break_num]:[5]
[start_shadow_link_num]:[25]
[start_shadow_demote_num]:[0]
[start_batch_free_num]:[0]
[start_transactional_migration_success_num]:[44]
[start_transactional_migration_fail_num]:[100]
[start_shadow_page_pair]:[9]
[end_pgdemote_kswapd]:[3049770]
[end_pgdemote_direct]:[0]
[end_pgdemote_file]:[93052]
[end_pgdemote_anon]:[2956718]
[end_pgpromote_candidate]:[2757]
[end_pgpromote_candidate_demoted]:[2756]
[end_pgpromote_candidate_anon]:[2755]
[end_pgpromote_candidate_file]:[2]
[end_pgpromote_tried]:[0]
[end_pgpromote_file]:[0]
[end_pgpromote_anon]:[0]
[end_pgmigrate_success]:[3870506]
[end_pgmigrate_fail]:[1]
[end_pgmigrate_fail_dst_node_full]:[0]
[end_pgmigrate_fail_numa_isolate]:[0]
[end_pgmigrate_fail_nomem]:[0]
[end_pgmigrate_fail_refcount]:[150]
[end_success_nr]:[1128]
[end_retry_nr]:[152]
[end_retreated_page_nr]:[15]
[end_try_to_promote_nr]:[1143]
[end_task_num]:[0]
[end_write_protect_break_num]:[69]
[end_shadow_link_num]:[647]
[end_shadow_demote_num]:[0]
[end_batch_free_num]:[0]
[end_transactional_migration_success_num]:[1130]
[end_transactional_migration_fail_num]:[150]
[end_shadow_page_pair]:[542]
[note]:[0]
[milliseconds]:[9067]
[total tick]:[23575056416]
[work type]:[0]
[Bandwidth(MB/s)]:[7754.770045]
---------------------------
-----------start-----------
[start_pgdemote_kswapd]:[3049770]
[start_pgdemote_direct]:[0]
[start_pgdemote_file]:[93052]
[start_pgdemote_anon]:[2956718]
[start_pgpromote_candidate]:[2771]
[start_pgpromote_candidate_demoted]:[2770]
[start_pgpromote_candidate_anon]:[2769]
[start_pgpromote_candidate_file]:[2]
[start_pgpromote_tried]:[0]
[start_pgpromote_file]:[0]
[start_pgpromote_anon]:[0]
[start_pgmigrate_success]:[3870506]
[start_pgmigrate_fail]:[1]
[start_pgmigrate_fail_dst_node_full]:[0]
[start_pgmigrate_fail_numa_isolate]:[0]
[start_pgmigrate_fail_nomem]:[0]
[start_pgmigrate_fail_refcount]:[210]
[start_success_nr]:[1139]
[start_retry_nr]:[212]
[start_retreated_page_nr]:[21]
[start_try_to_promote_nr]:[1160]
[start_task_num]:[0]
[start_write_protect_break_num]:[73]
[start_shadow_link_num]:[654]
[start_shadow_demote_num]:[0]
[start_batch_free_num]:[0]
[start_transactional_migration_success_num]:[1141]
[start_transactional_migration_fail_num]:[210]
[start_shadow_page_pair]:[544]
[end_pgdemote_kswapd]:[3049770]
[end_pgdemote_direct]:[0]
[end_pgdemote_file]:[93052]
[end_pgdemote_anon]:[2956718]
[end_pgpromote_candidate]:[3182]
[end_pgpromote_candidate_demoted]:[3181]
[end_pgpromote_candidate_anon]:[3180]
[end_pgpromote_candidate_file]:[2]
[end_pgpromote_tried]:[0]
[end_pgpromote_file]:[0]
[end_pgpromote_anon]:[0]
[end_pgmigrate_success]:[3905322]
[end_pgmigrate_fail]:[1]
[end_pgmigrate_fail_dst_node_full]:[0]
[end_pgmigrate_fail_numa_isolate]:[0]
[end_pgmigrate_fail_nomem]:[0]
[end_pgmigrate_fail_refcount]:[210]
[end_success_nr]:[1484]
[end_retry_nr]:[212]
[end_retreated_page_nr]:[21]
[end_try_to_promote_nr]:[1505]
[end_task_num]:[0]
[end_write_protect_break_num]:[74]
[end_shadow_link_num]:[851]
[end_shadow_demote_num]:[0]
[end_batch_free_num]:[0]
[end_transactional_migration_success_num]:[1486]
[end_transactional_migration_fail_num]:[210]
[end_shadow_page_pair]:[740]
[note]:[1]
[milliseconds]:[8342]
[total tick]:[21689911600]
[work type]:[0]
[Bandwidth(MB/s)]:[8428.734117]
---------------------------
-----------start-----------
[start_pgdemote_kswapd]:[3049770]
[start_pgdemote_direct]:[0]
[start_pgdemote_file]:[93052]
[start_pgdemote_anon]:[2956718]
[start_pgpromote_candidate]:[3187]
[start_pgpromote_candidate_demoted]:[3186]
[start_pgpromote_candidate_anon]:[3185]
[start_pgpromote_candidate_file]:[2]
[start_pgpromote_tried]:[0]
[start_pgpromote_file]:[0]
[start_pgpromote_anon]:[0]
[start_pgmigrate_success]:[3905322]
[start_pgmigrate_fail]:[1]
[start_pgmigrate_fail_dst_node_full]:[0]
[start_pgmigrate_fail_numa_isolate]:[0]
[start_pgmigrate_fail_nomem]:[0]
[start_pgmigrate_fail_refcount]:[210]
[start_success_nr]:[1485]
[start_retry_nr]:[212]
[start_retreated_page_nr]:[21]
[start_try_to_promote_nr]:[1506]
[start_task_num]:[0]
[start_write_protect_break_num]:[77]
[start_shadow_link_num]:[852]
[start_shadow_demote_num]:[0]
[start_batch_free_num]:[0]
[start_transactional_migration_success_num]:[1487]
[start_transactional_migration_fail_num]:[210]
[start_shadow_page_pair]:[259]
[end_pgdemote_kswapd]:[3049770]
[end_pgdemote_direct]:[0]
[end_pgdemote_file]:[93052]
[end_pgdemote_anon]:[2956718]
[end_pgpromote_candidate]:[3188]
[end_pgpromote_candidate_demoted]:[3187]
[end_pgpromote_candidate_anon]:[3186]
[end_pgpromote_candidate_file]:[2]
[end_pgpromote_tried]:[0]
[end_pgpromote_file]:[0]
[end_pgpromote_anon]:[0]
[end_pgmigrate_success]:[3905322]
[end_pgmigrate_fail]:[1]
[end_pgmigrate_fail_dst_node_full]:[0]
[end_pgmigrate_fail_numa_isolate]:[0]
[end_pgmigrate_fail_nomem]:[0]
[end_pgmigrate_fail_refcount]:[210]
[end_success_nr]:[1490]
[end_retry_nr]:[212]
[end_retreated_page_nr]:[21]
[end_try_to_promote_nr]:[1511]
[end_task_num]:[0]
[end_write_protect_break_num]:[77]
[end_shadow_link_num]:[855]
[end_shadow_demote_num]:[0]
[end_batch_free_num]:[0]
[end_transactional_migration_success_num]:[1492]
[end_transactional_migration_fail_num]:[210]
[end_shadow_page_pair]:[260]
[note]:[2]
[milliseconds]:[8206]
[total tick]:[21335471726]
[work type]:[0]
[Bandwidth(MB/s)]:[8568.425542]
---------------------------
-----------start-----------
[start_pgdemote_kswapd]:[3049770]
[start_pgdemote_direct]:[0]
[start_pgdemote_file]:[93052]
[start_pgdemote_anon]:[2956718]
[start_pgpromote_candidate]:[3190]
[start_pgpromote_candidate_demoted]:[3189]
[start_pgpromote_candidate_anon]:[3188]
[start_pgpromote_candidate_file]:[2]
[start_pgpromote_tried]:[0]
[start_pgpromote_file]:[0]
[start_pgpromote_anon]:[0]
[start_pgmigrate_success]:[3905322]
[start_pgmigrate_fail]:[1]
[start_pgmigrate_fail_dst_node_full]:[0]
[start_pgmigrate_fail_numa_isolate]:[0]
[start_pgmigrate_fail_nomem]:[0]
[start_pgmigrate_fail_refcount]:[210]
[start_success_nr]:[1492]
[start_retry_nr]:[212]
[start_retreated_page_nr]:[21]
[start_try_to_promote_nr]:[1513]
[start_task_num]:[0]
[start_write_protect_break_num]:[78]
[start_shadow_link_num]:[856]
[start_shadow_demote_num]:[0]
[start_batch_free_num]:[0]
[start_transactional_migration_success_num]:[1494]
[start_transactional_migration_fail_num]:[210]
[start_shadow_page_pair]:[259]
[end_pgdemote_kswapd]:[3695383]
[end_pgdemote_direct]:[0]
[end_pgdemote_file]:[93052]
[end_pgdemote_anon]:[3602331]
[end_pgpromote_candidate]:[3949]
[end_pgpromote_candidate_demoted]:[3948]
[end_pgpromote_candidate_anon]:[3947]
[end_pgpromote_candidate_file]:[2]
[end_pgpromote_tried]:[0]
[end_pgpromote_file]:[0]
[end_pgpromote_anon]:[0]
[end_pgmigrate_success]:[4928279]
[end_pgmigrate_fail]:[1]
[end_pgmigrate_fail_dst_node_full]:[0]
[end_pgmigrate_fail_numa_isolate]:[0]
[end_pgmigrate_fail_nomem]:[0]
[end_pgmigrate_fail_refcount]:[260]
[end_success_nr]:[1503]
[end_retry_nr]:[262]
[end_retreated_page_nr]:[26]
[end_try_to_promote_nr]:[1529]
[end_task_num]:[0]
[end_write_protect_break_num]:[79]
[end_shadow_link_num]:[863]
[end_shadow_demote_num]:[1]
[end_batch_free_num]:[0]
[end_transactional_migration_success_num]:[1505]
[end_transactional_migration_fail_num]:[260]
[end_shadow_page_pair]:[261]
[note]:[3]
[milliseconds]:[8851]
[total tick]:[23014336274]
[work type]:[0]
[Bandwidth(MB/s)]:[7944.017625]
---------------------------
-----------start-----------
[start_pgdemote_kswapd]:[3695383]
[start_pgdemote_direct]:[0]
[start_pgdemote_file]:[93052]
[start_pgdemote_anon]:[3602331]
[start_pgpromote_candidate]:[3962]
[start_pgpromote_candidate_demoted]:[3961]
[start_pgpromote_candidate_anon]:[3959]
[start_pgpromote_candidate_file]:[3]
[start_pgpromote_tried]:[0]
[start_pgpromote_file]:[0]
[start_pgpromote_anon]:[0]
[start_pgmigrate_success]:[4928279]
[start_pgmigrate_fail]:[1]
[start_pgmigrate_fail_dst_node_full]:[0]
[start_pgmigrate_fail_numa_isolate]:[0]
[start_pgmigrate_fail_nomem]:[0]
[start_pgmigrate_fail_refcount]:[350]
[start_success_nr]:[1512]
[start_retry_nr]:[352]
[start_retreated_page_nr]:[35]
[start_try_to_promote_nr]:[1547]
[start_task_num]:[0]
[start_write_protect_break_num]:[81]
[start_shadow_link_num]:[868]
[start_shadow_demote_num]:[1]
[start_batch_free_num]:[0]
[start_transactional_migration_success_num]:[1514]
[start_transactional_migration_fail_num]:[350]
[start_shadow_page_pair]:[263]
[end_pgdemote_kswapd]:[3695383]
[end_pgdemote_direct]:[0]
[end_pgdemote_file]:[93052]
[end_pgdemote_anon]:[3602331]
[end_pgpromote_candidate]:[4918]
[end_pgpromote_candidate_demoted]:[4917]
[end_pgpromote_candidate_anon]:[4913]
[end_pgpromote_candidate_file]:[5]
[end_pgpromote_tried]:[0]
[end_pgpromote_file]:[0]
[end_pgpromote_anon]:[0]
[end_pgmigrate_success]:[5156119]
[end_pgmigrate_fail]:[1]
[end_pgmigrate_fail_dst_node_full]:[0]
[end_pgmigrate_fail_numa_isolate]:[0]
[end_pgmigrate_fail_nomem]:[0]
[end_pgmigrate_fail_refcount]:[694]
[end_success_nr]:[1981]
[end_retry_nr]:[696]
[end_retreated_page_nr]:[69]
[end_try_to_promote_nr]:[2050]
[end_task_num]:[0]
[end_write_protect_break_num]:[235]
[end_shadow_link_num]:[1154]
[end_shadow_demote_num]:[1]
[end_batch_free_num]:[0]
[end_transactional_migration_success_num]:[1983]
[end_transactional_migration_fail_num]:[694]
[end_shadow_page_pair]:[388]
[note]:[4]
[milliseconds]:[8635]
[total tick]:[22451247590]
[work type]:[0]
[Bandwidth(MB/s)]:[8142.733063]
---------------------------
