-----------start-----------
[start_pgdemote_kswapd]:[1295520]
[start_pgdemote_direct]:[0]
[start_pgdemote_file]:[93296]
[start_pgdemote_anon]:[1202224]
[start_pgpromote_candidate]:[55]
[start_pgpromote_candidate_demoted]:[54]
[start_pgpromote_candidate_anon]:[55]
[start_pgpromote_candidate_file]:[0]
[start_pgpromote_tried]:[0]
[start_pgpromote_file]:[0]
[start_pgpromote_anon]:[0]
[start_pgmigrate_success]:[1295520]
[start_pgmigrate_fail]:[1]
[start_pgmigrate_fail_dst_node_full]:[0]
[start_pgmigrate_fail_numa_isolate]:[0]
[start_pgmigrate_fail_nomem]:[0]
[start_pgmigrate_fail_refcount]:[80]
[start_success_nr]:[39]
[start_retry_nr]:[80]
[start_retreated_page_nr]:[8]
[start_try_to_promote_nr]:[47]
[start_task_num]:[0]
[start_write_protect_break_num]:[10]
[start_shadow_link_num]:[23]
[start_shadow_demote_num]:[0]
[start_batch_free_num]:[0]
[start_transactional_migration_success_num]:[39]
[start_transactional_migration_fail_num]:[80]
[start_shadow_page_pair]:[8]
[end_pgdemote_kswapd]:[2768477]
[end_pgdemote_direct]:[0]
[end_pgdemote_file]:[93296]
[end_pgdemote_anon]:[2675181]
[end_pgpromote_candidate]:[3041]
[end_pgpromote_candidate_demoted]:[3040]
[end_pgpromote_candidate_anon]:[3037]
[end_pgpromote_candidate_file]:[4]
[end_pgpromote_tried]:[0]
[end_pgpromote_file]:[0]
[end_pgpromote_anon]:[0]
[end_pgmigrate_success]:[3589213]
[end_pgmigrate_fail]:[1]
[end_pgmigrate_fail_dst_node_full]:[0]
[end_pgmigrate_fail_numa_isolate]:[0]
[end_pgmigrate_fail_nomem]:[0]
[end_pgmigrate_fail_refcount]:[466]
[end_success_nr]:[1384]
[end_retry_nr]:[466]
[end_retreated_page_nr]:[41]
[end_try_to_promote_nr]:[1425]
[end_task_num]:[0]
[end_write_protect_break_num]:[180]
[end_shadow_link_num]:[803]
[end_shadow_demote_num]:[0]
[end_batch_free_num]:[0]
[end_transactional_migration_success_num]:[1384]
[end_transactional_migration_fail_num]:[466]
[end_shadow_page_pair]:[591]
[note]:[0]
[milliseconds]:[9026]
[total tick]:[23464787667]
[work type]:[0]
[Bandwidth(MB/s)]:[7789.995568]
---------------------------
-----------start-----------
[start_pgdemote_kswapd]:[2768477]
[start_pgdemote_direct]:[0]
[start_pgdemote_file]:[93296]
[start_pgdemote_anon]:[2675181]
[start_pgpromote_candidate]:[3041]
[start_pgpromote_candidate_demoted]:[3040]
[start_pgpromote_candidate_anon]:[3037]
[start_pgpromote_candidate_file]:[4]
[start_pgpromote_tried]:[0]
[start_pgpromote_file]:[0]
[start_pgpromote_anon]:[0]
[start_pgmigrate_success]:[3589213]
[start_pgmigrate_fail]:[1]
[start_pgmigrate_fail_dst_node_full]:[0]
[start_pgmigrate_fail_numa_isolate]:[0]
[start_pgmigrate_fail_nomem]:[0]
[start_pgmigrate_fail_refcount]:[466]
[start_success_nr]:[1384]
[start_retry_nr]:[466]
[start_retreated_page_nr]:[41]
[start_try_to_promote_nr]:[1425]
[start_task_num]:[0]
[start_write_protect_break_num]:[185]
[start_shadow_link_num]:[803]
[start_shadow_demote_num]:[0]
[start_batch_free_num]:[0]
[start_transactional_migration_success_num]:[1384]
[start_transactional_migration_fail_num]:[466]
[start_shadow_page_pair]:[585]
[end_pgdemote_kswapd]:[2796242]
[end_pgdemote_direct]:[0]
[end_pgdemote_file]:[93296]
[end_pgdemote_anon]:[2702946]
[end_pgpromote_candidate]:[3450]
[end_pgpromote_candidate_demoted]:[3449]
[end_pgpromote_candidate_anon]:[3446]
[end_pgpromote_candidate_file]:[4]
[end_pgpromote_tried]:[0]
[end_pgpromote_file]:[0]
[end_pgpromote_anon]:[0]
[end_pgmigrate_success]:[3651794]
[end_pgmigrate_fail]:[1]
[end_pgmigrate_fail_dst_node_full]:[0]
[end_pgmigrate_fail_numa_isolate]:[0]
[end_pgmigrate_fail_nomem]:[0]
[end_pgmigrate_fail_refcount]:[466]
[end_success_nr]:[1725]
[end_retry_nr]:[466]
[end_retreated_page_nr]:[41]
[end_try_to_promote_nr]:[1766]
[end_task_num]:[0]
[end_write_protect_break_num]:[185]
[end_shadow_link_num]:[997]
[end_shadow_demote_num]:[0]
[end_batch_free_num]:[0]
[end_transactional_migration_success_num]:[1725]
[end_transactional_migration_fail_num]:[466]
[end_shadow_page_pair]:[779]
[note]:[1]
[milliseconds]:[8331]
[total tick]:[21658286884]
[work type]:[0]
[Bandwidth(MB/s)]:[8439.863162]
---------------------------
-----------start-----------
[start_pgdemote_kswapd]:[2796242]
[start_pgdemote_direct]:[0]
[start_pgdemote_file]:[93296]
[start_pgdemote_anon]:[2702946]
[start_pgpromote_candidate]:[3450]
[start_pgpromote_candidate_demoted]:[3449]
[start_pgpromote_candidate_anon]:[3446]
[start_pgpromote_candidate_file]:[4]
[start_pgpromote_tried]:[0]
[start_pgpromote_file]:[0]
[start_pgpromote_anon]:[0]
[start_pgmigrate_success]:[3651794]
[start_pgmigrate_fail]:[1]
[start_pgmigrate_fail_dst_node_full]:[0]
[start_pgmigrate_fail_numa_isolate]:[0]
[start_pgmigrate_fail_nomem]:[0]
[start_pgmigrate_fail_refcount]:[466]
[start_success_nr]:[1725]
[start_retry_nr]:[466]
[start_retreated_page_nr]:[41]
[start_try_to_promote_nr]:[1766]
[start_task_num]:[0]
[start_write_protect_break_num]:[185]
[start_shadow_link_num]:[997]
[start_shadow_demote_num]:[0]
[start_batch_free_num]:[0]
[start_transactional_migration_success_num]:[1725]
[start_transactional_migration_fail_num]:[466]
[start_shadow_page_pair]:[291]
[end_pgdemote_kswapd]:[2796242]
[end_pgdemote_direct]:[0]
[end_pgdemote_file]:[93296]
[end_pgdemote_anon]:[2702946]
[end_pgpromote_candidate]:[3450]
[end_pgpromote_candidate_demoted]:[3449]
[end_pgpromote_candidate_anon]:[3446]
[end_pgpromote_candidate_file]:[4]
[end_pgpromote_tried]:[0]
[end_pgpromote_file]:[0]
[end_pgpromote_anon]:[0]
[end_pgmigrate_success]:[3651794]
[end_pgmigrate_fail]:[1]
[end_pgmigrate_fail_dst_node_full]:[0]
[end_pgmigrate_fail_numa_isolate]:[0]
[end_pgmigrate_fail_nomem]:[0]
[end_pgmigrate_fail_refcount]:[466]
[end_success_nr]:[1725]
[end_retry_nr]:[466]
[end_retreated_page_nr]:[41]
[end_try_to_promote_nr]:[1766]
[end_task_num]:[0]
[end_write_protect_break_num]:[185]
[end_shadow_link_num]:[997]
[end_shadow_demote_num]:[0]
[end_batch_free_num]:[0]
[end_transactional_migration_success_num]:[1725]
[end_transactional_migration_fail_num]:[466]
[end_shadow_page_pair]:[291]
[note]:[2]
[milliseconds]:[8160]
[total tick]:[21215999212]
[work type]:[0]
[Bandwidth(MB/s)]:[8616.727941]
---------------------------
-----------start-----------
[start_pgdemote_kswapd]:[2796242]
[start_pgdemote_direct]:[0]
[start_pgdemote_file]:[93296]
[start_pgdemote_anon]:[2702946]
[start_pgpromote_candidate]:[3450]
[start_pgpromote_candidate_demoted]:[3449]
[start_pgpromote_candidate_anon]:[3446]
[start_pgpromote_candidate_file]:[4]
[start_pgpromote_tried]:[0]
[start_pgpromote_file]:[0]
[start_pgpromote_anon]:[0]
[start_pgmigrate_success]:[3651794]
[start_pgmigrate_fail]:[1]
[start_pgmigrate_fail_dst_node_full]:[0]
[start_pgmigrate_fail_numa_isolate]:[0]
[start_pgmigrate_fail_nomem]:[0]
[start_pgmigrate_fail_refcount]:[466]
[start_success_nr]:[1725]
[start_retry_nr]:[466]
[start_retreated_page_nr]:[41]
[start_try_to_promote_nr]:[1766]
[start_task_num]:[0]
[start_write_protect_break_num]:[185]
[start_shadow_link_num]:[997]
[start_shadow_demote_num]:[0]
[start_batch_free_num]:[0]
[start_transactional_migration_success_num]:[1725]
[start_transactional_migration_fail_num]:[466]
[start_shadow_page_pair]:[291]
[end_pgdemote_kswapd]:[3397617]
[end_pgdemote_direct]:[0]
[end_pgdemote_file]:[93296]
[end_pgdemote_anon]:[3304321]
[end_pgpromote_candidate]:[4129]
[end_pgpromote_candidate_demoted]:[4128]
[end_pgpromote_candidate_anon]:[4125]
[end_pgpromote_candidate_file]:[4]
[end_pgpromote_tried]:[0]
[end_pgpromote_file]:[0]
[end_pgpromote_anon]:[0]
[end_pgmigrate_success]:[4600817]
[end_pgmigrate_fail]:[1]
[end_pgmigrate_fail_dst_node_full]:[0]
[end_pgmigrate_fail_numa_isolate]:[0]
[end_pgmigrate_fail_nomem]:[0]
[end_pgmigrate_fail_refcount]:[466]
[end_success_nr]:[1725]
[end_retry_nr]:[466]
[end_retreated_page_nr]:[41]
[end_try_to_promote_nr]:[1766]
[end_task_num]:[0]
[end_write_protect_break_num]:[185]
[end_shadow_link_num]:[997]
[end_shadow_demote_num]:[0]
[end_batch_free_num]:[0]
[end_transactional_migration_success_num]:[1725]
[end_transactional_migration_fail_num]:[466]
[end_shadow_page_pair]:[291]
[note]:[3]
[milliseconds]:[8677]
[total tick]:[22560551090]
[work type]:[0]
[Bandwidth(MB/s)]:[8103.319120]
---------------------------
-----------start-----------
[start_pgdemote_kswapd]:[3397617]
[start_pgdemote_direct]:[0]
[start_pgdemote_file]:[93296]
[start_pgdemote_anon]:[3304321]
[start_pgpromote_candidate]:[4131]
[start_pgpromote_candidate_demoted]:[4130]
[start_pgpromote_candidate_anon]:[4127]
[start_pgpromote_candidate_file]:[4]
[start_pgpromote_tried]:[0]
[start_pgpromote_file]:[0]
[start_pgpromote_anon]:[0]
[start_pgmigrate_success]:[4600817]
[start_pgmigrate_fail]:[1]
[start_pgmigrate_fail_dst_node_full]:[0]
[start_pgmigrate_fail_numa_isolate]:[0]
[start_pgmigrate_fail_nomem]:[0]
[start_pgmigrate_fail_refcount]:[466]
[start_success_nr]:[1731]
[start_retry_nr]:[466]
[start_retreated_page_nr]:[41]
[start_try_to_promote_nr]:[1772]
[start_task_num]:[0]
[start_write_protect_break_num]:[185]
[start_shadow_link_num]:[1000]
[start_shadow_demote_num]:[0]
[start_batch_free_num]:[0]
[start_transactional_migration_success_num]:[1731]
[start_transactional_migration_fail_num]:[466]
[start_shadow_page_pair]:[294]
[end_pgdemote_kswapd]:[3397617]
[end_pgdemote_direct]:[0]
[end_pgdemote_file]:[93296]
[end_pgdemote_anon]:[3304321]
[end_pgpromote_candidate]:[9396]
[end_pgpromote_candidate_demoted]:[4184]
[end_pgpromote_candidate_anon]:[9391]
[end_pgpromote_candidate_file]:[5]
[end_pgpromote_tried]:[0]
[end_pgpromote_file]:[0]
[end_pgpromote_anon]:[0]
[end_pgmigrate_success]:[4627953]
[end_pgmigrate_fail]:[1]
[end_pgmigrate_fail_dst_node_full]:[0]
[end_pgmigrate_fail_numa_isolate]:[0]
[end_pgmigrate_fail_nomem]:[0]
[end_pgmigrate_fail_refcount]:[476]
[end_success_nr]:[6939]
[end_retry_nr]:[483]
[end_retreated_page_nr]:[42]
[end_try_to_promote_nr]:[6981]
[end_task_num]:[0]
[end_write_protect_break_num]:[185]
[end_shadow_link_num]:[3975]
[end_shadow_demote_num]:[0]
[end_batch_free_num]:[0]
[end_transactional_migration_success_num]:[6939]
[end_transactional_migration_fail_num]:[476]
[end_shadow_page_pair]:[3269]
[note]:[4]
[milliseconds]:[8421]
[total tick]:[21894093372]
[work type]:[0]
[Bandwidth(MB/s)]:[8349.661560]
---------------------------
