-----------start-----------
[start_pgdemote_kswapd]:[1383114]
[start_pgdemote_direct]:[0]
[start_pgdemote_file]:[87710]
[start_pgdemote_anon]:[1295404]
[start_pgpromote_candidate]:[50]
[start_pgpromote_candidate_demoted]:[50]
[start_pgpromote_candidate_anon]:[50]
[start_pgpromote_candidate_file]:[0]
[start_pgpromote_tried]:[0]
[start_pgpromote_file]:[0]
[start_pgpromote_anon]:[0]
[start_pgmigrate_success]:[1383114]
[start_pgmigrate_fail]:[0]
[start_pgmigrate_fail_dst_node_full]:[0]
[start_pgmigrate_fail_numa_isolate]:[0]
[start_pgmigrate_fail_nomem]:[0]
[start_pgmigrate_fail_refcount]:[70]
[start_success_nr]:[38]
[start_retry_nr]:[71]
[start_retreated_page_nr]:[7]
[start_try_to_promote_nr]:[45]
[start_task_num]:[0]
[start_write_protect_break_num]:[10]
[start_shadow_link_num]:[22]
[start_shadow_demote_num]:[0]
[start_batch_free_num]:[0]
[start_transactional_migration_success_num]:[39]
[start_transactional_migration_fail_num]:[70]
[start_shadow_page_pair]:[9]
[end_pgdemote_kswapd]:[2845740]
[end_pgdemote_direct]:[0]
[end_pgdemote_file]:[87710]
[end_pgdemote_anon]:[2758030]
[end_pgpromote_candidate]:[2358]
[end_pgpromote_candidate_demoted]:[2358]
[end_pgpromote_candidate_anon]:[2356]
[end_pgpromote_candidate_file]:[2]
[end_pgpromote_tried]:[0]
[end_pgpromote_file]:[0]
[end_pgpromote_anon]:[0]
[end_pgmigrate_success]:[3666988]
[end_pgmigrate_fail]:[0]
[end_pgmigrate_fail_dst_node_full]:[0]
[end_pgmigrate_fail_numa_isolate]:[0]
[end_pgmigrate_fail_nomem]:[0]
[end_pgmigrate_fail_refcount]:[150]
[end_success_nr]:[722]
[end_retry_nr]:[152]
[end_retreated_page_nr]:[15]
[end_try_to_promote_nr]:[737]
[end_task_num]:[0]
[end_write_protect_break_num]:[160]
[end_shadow_link_num]:[416]
[end_shadow_demote_num]:[0]
[end_batch_free_num]:[0]
[end_transactional_migration_success_num]:[724]
[end_transactional_migration_fail_num]:[150]
[end_shadow_page_pair]:[225]
[note]:[0]
[milliseconds]:[9012]
[total tick]:[23429875770]
[work type]:[0]
[Bandwidth(MB/s)]:[7802.097204]
---------------------------
-----------start-----------
[start_pgdemote_kswapd]:[2845740]
[start_pgdemote_direct]:[0]
[start_pgdemote_file]:[87710]
[start_pgdemote_anon]:[2758030]
[start_pgpromote_candidate]:[2363]
[start_pgpromote_candidate_demoted]:[2363]
[start_pgpromote_candidate_anon]:[2360]
[start_pgpromote_candidate_file]:[3]
[start_pgpromote_tried]:[0]
[start_pgpromote_file]:[0]
[start_pgpromote_anon]:[0]
[start_pgmigrate_success]:[3666988]
[start_pgmigrate_fail]:[0]
[start_pgmigrate_fail_dst_node_full]:[0]
[start_pgmigrate_fail_numa_isolate]:[0]
[start_pgmigrate_fail_nomem]:[0]
[start_pgmigrate_fail_refcount]:[150]
[start_success_nr]:[735]
[start_retry_nr]:[152]
[start_retreated_page_nr]:[15]
[start_try_to_promote_nr]:[750]
[start_task_num]:[0]
[start_write_protect_break_num]:[162]
[start_shadow_link_num]:[420]
[start_shadow_demote_num]:[0]
[start_batch_free_num]:[0]
[start_transactional_migration_success_num]:[737]
[start_transactional_migration_fail_num]:[150]
[start_shadow_page_pair]:[227]
[end_pgdemote_kswapd]:[2876681]
[end_pgdemote_direct]:[0]
[end_pgdemote_file]:[87710]
[end_pgdemote_anon]:[2788971]
[end_pgpromote_candidate]:[3284]
[end_pgpromote_candidate_demoted]:[3284]
[end_pgpromote_candidate_anon]:[3281]
[end_pgpromote_candidate_file]:[3]
[end_pgpromote_tried]:[0]
[end_pgpromote_file]:[0]
[end_pgpromote_anon]:[0]
[end_pgmigrate_success]:[3732233]
[end_pgmigrate_fail]:[0]
[end_pgmigrate_fail_dst_node_full]:[0]
[end_pgmigrate_fail_numa_isolate]:[0]
[end_pgmigrate_fail_nomem]:[0]
[end_pgmigrate_fail_refcount]:[200]
[end_success_nr]:[1586]
[end_retry_nr]:[202]
[end_retreated_page_nr]:[20]
[end_try_to_promote_nr]:[1606]
[end_task_num]:[0]
[end_write_protect_break_num]:[162]
[end_shadow_link_num]:[906]
[end_shadow_demote_num]:[0]
[end_batch_free_num]:[0]
[end_transactional_migration_success_num]:[1588]
[end_transactional_migration_fail_num]:[200]
[end_shadow_page_pair]:[713]
[note]:[1]
[milliseconds]:[8830]
[total tick]:[22957039736]
[work type]:[0]
[Bandwidth(MB/s)]:[7962.910532]
---------------------------
-----------start-----------
[start_pgdemote_kswapd]:[2876681]
[start_pgdemote_direct]:[0]
[start_pgdemote_file]:[87710]
[start_pgdemote_anon]:[2788971]
[start_pgpromote_candidate]:[3287]
[start_pgpromote_candidate_demoted]:[3287]
[start_pgpromote_candidate_anon]:[3284]
[start_pgpromote_candidate_file]:[3]
[start_pgpromote_tried]:[0]
[start_pgpromote_file]:[0]
[start_pgpromote_anon]:[0]
[start_pgmigrate_success]:[3732233]
[start_pgmigrate_fail]:[0]
[start_pgmigrate_fail_dst_node_full]:[0]
[start_pgmigrate_fail_numa_isolate]:[0]
[start_pgmigrate_fail_nomem]:[0]
[start_pgmigrate_fail_refcount]:[200]
[start_success_nr]:[1588]
[start_retry_nr]:[202]
[start_retreated_page_nr]:[20]
[start_try_to_promote_nr]:[1608]
[start_task_num]:[0]
[start_write_protect_break_num]:[163]
[start_shadow_link_num]:[907]
[start_shadow_demote_num]:[0]
[start_batch_free_num]:[0]
[start_transactional_migration_success_num]:[1590]
[start_transactional_migration_fail_num]:[200]
[start_shadow_page_pair]:[519]
[end_pgdemote_kswapd]:[2876681]
[end_pgdemote_direct]:[0]
[end_pgdemote_file]:[87710]
[end_pgdemote_anon]:[2788971]
[end_pgpromote_candidate]:[3291]
[end_pgpromote_candidate_demoted]:[3291]
[end_pgpromote_candidate_anon]:[3288]
[end_pgpromote_candidate_file]:[3]
[end_pgpromote_tried]:[0]
[end_pgpromote_file]:[0]
[end_pgpromote_anon]:[0]
[end_pgmigrate_success]:[3732233]
[end_pgmigrate_fail]:[0]
[end_pgmigrate_fail_dst_node_full]:[0]
[end_pgmigrate_fail_numa_isolate]:[0]
[end_pgmigrate_fail_nomem]:[0]
[end_pgmigrate_fail_refcount]:[200]
[end_success_nr]:[1591]
[end_retry_nr]:[202]
[end_retreated_page_nr]:[20]
[end_try_to_promote_nr]:[1611]
[end_task_num]:[0]
[end_write_protect_break_num]:[164]
[end_shadow_link_num]:[909]
[end_shadow_demote_num]:[0]
[end_batch_free_num]:[0]
[end_transactional_migration_success_num]:[1593]
[end_transactional_migration_fail_num]:[200]
[end_shadow_page_pair]:[520]
[note]:[2]
[milliseconds]:[8181]
[total tick]:[21271482504]
[work type]:[0]
[Bandwidth(MB/s)]:[8594.609461]
---------------------------
-----------start-----------
[start_pgdemote_kswapd]:[2876681]
[start_pgdemote_direct]:[0]
[start_pgdemote_file]:[87710]
[start_pgdemote_anon]:[2788971]
[start_pgpromote_candidate]:[3295]
[start_pgpromote_candidate_demoted]:[3295]
[start_pgpromote_candidate_anon]:[3292]
[start_pgpromote_candidate_file]:[3]
[start_pgpromote_tried]:[0]
[start_pgpromote_file]:[0]
[start_pgpromote_anon]:[0]
[start_pgmigrate_success]:[3732233]
[start_pgmigrate_fail]:[0]
[start_pgmigrate_fail_dst_node_full]:[0]
[start_pgmigrate_fail_numa_isolate]:[0]
[start_pgmigrate_fail_nomem]:[0]
[start_pgmigrate_fail_refcount]:[200]
[start_success_nr]:[1595]
[start_retry_nr]:[202]
[start_retreated_page_nr]:[20]
[start_try_to_promote_nr]:[1615]
[start_task_num]:[0]
[start_write_protect_break_num]:[164]
[start_shadow_link_num]:[911]
[start_shadow_demote_num]:[0]
[start_batch_free_num]:[0]
[start_transactional_migration_success_num]:[1597]
[start_transactional_migration_fail_num]:[200]
[start_shadow_page_pair]:[522]
[end_pgdemote_kswapd]:[3252697]
[end_pgdemote_direct]:[0]
[end_pgdemote_file]:[87710]
[end_pgdemote_anon]:[3164987]
[end_pgpromote_candidate]:[4102]
[end_pgpromote_candidate_demoted]:[4102]
[end_pgpromote_candidate_anon]:[4099]
[end_pgpromote_candidate_file]:[3]
[end_pgpromote_tried]:[0]
[end_pgpromote_file]:[0]
[end_pgpromote_anon]:[0]
[end_pgmigrate_success]:[4521433]
[end_pgmigrate_fail]:[0]
[end_pgmigrate_fail_dst_node_full]:[0]
[end_pgmigrate_fail_numa_isolate]:[0]
[end_pgmigrate_fail_nomem]:[0]
[end_pgmigrate_fail_refcount]:[200]
[end_success_nr]:[1595]
[end_retry_nr]:[202]
[end_retreated_page_nr]:[20]
[end_try_to_promote_nr]:[1615]
[end_task_num]:[0]
[end_write_protect_break_num]:[164]
[end_shadow_link_num]:[911]
[end_shadow_demote_num]:[0]
[end_batch_free_num]:[0]
[end_transactional_migration_success_num]:[1597]
[end_transactional_migration_fail_num]:[200]
[end_shadow_page_pair]:[522]
[note]:[3]
[milliseconds]:[9186]
[total tick]:[23884077400]
[work type]:[0]
[Bandwidth(MB/s)]:[7654.310908]
---------------------------
-----------start-----------
[start_pgdemote_kswapd]:[3252697]
[start_pgdemote_direct]:[0]
[start_pgdemote_file]:[87710]
[start_pgdemote_anon]:[3164987]
[start_pgpromote_candidate]:[4103]
[start_pgpromote_candidate_demoted]:[4103]
[start_pgpromote_candidate_anon]:[4100]
[start_pgpromote_candidate_file]:[3]
[start_pgpromote_tried]:[0]
[start_pgpromote_file]:[0]
[start_pgpromote_anon]:[0]
[start_pgmigrate_success]:[4521433]
[start_pgmigrate_fail]:[0]
[start_pgmigrate_fail_dst_node_full]:[0]
[start_pgmigrate_fail_numa_isolate]:[0]
[start_pgmigrate_fail_nomem]:[0]
[start_pgmigrate_fail_refcount]:[200]
[start_success_nr]:[1599]
[start_retry_nr]:[202]
[start_retreated_page_nr]:[20]
[start_try_to_promote_nr]:[1619]
[start_task_num]:[0]
[start_write_protect_break_num]:[164]
[start_shadow_link_num]:[913]
[start_shadow_demote_num]:[0]
[start_batch_free_num]:[0]
[start_transactional_migration_success_num]:[1601]
[start_transactional_migration_fail_num]:[200]
[start_shadow_page_pair]:[524]
[end_pgdemote_kswapd]:[3277273]
[end_pgdemote_direct]:[0]
[end_pgdemote_file]:[87710]
[end_pgdemote_anon]:[3189563]
[end_pgpromote_candidate]:[4152]
[end_pgpromote_candidate_demoted]:[4149]
[end_pgpromote_candidate_anon]:[4149]
[end_pgpromote_candidate_file]:[3]
[end_pgpromote_tried]:[0]
[end_pgpromote_file]:[0]
[end_pgpromote_anon]:[0]
[end_pgmigrate_success]:[4569561]
[end_pgmigrate_fail]:[0]
[end_pgmigrate_fail_dst_node_full]:[0]
[end_pgmigrate_fail_numa_isolate]:[0]
[end_pgmigrate_fail_nomem]:[0]
[end_pgmigrate_fail_refcount]:[200]
[end_success_nr]:[1599]
[end_retry_nr]:[202]
[end_retreated_page_nr]:[20]
[end_try_to_promote_nr]:[1619]
[end_task_num]:[0]
[end_write_protect_break_num]:[164]
[end_shadow_link_num]:[913]
[end_shadow_demote_num]:[0]
[end_batch_free_num]:[0]
[end_transactional_migration_success_num]:[1601]
[end_transactional_migration_fail_num]:[200]
[end_shadow_page_pair]:[524]
[note]:[4]
[milliseconds]:[8232]
[total tick]:[21403153266]
[work type]:[0]
[Bandwidth(MB/s)]:[8541.362974]
---------------------------
