-----------start-----------
[start_pgdemote_kswapd]:[1400133]
[start_pgdemote_direct]:[0]
[start_pgdemote_file]:[88923]
[start_pgdemote_anon]:[1311210]
[start_pgpromote_candidate]:[57]
[start_pgpromote_candidate_demoted]:[57]
[start_pgpromote_candidate_anon]:[57]
[start_pgpromote_candidate_file]:[0]
[start_pgpromote_tried]:[0]
[start_pgpromote_file]:[0]
[start_pgpromote_anon]:[0]
[start_pgmigrate_success]:[1400133]
[start_pgmigrate_fail]:[21]
[start_pgmigrate_fail_dst_node_full]:[0]
[start_pgmigrate_fail_numa_isolate]:[0]
[start_pgmigrate_fail_nomem]:[0]
[start_pgmigrate_fail_refcount]:[10]
[start_success_nr]:[48]
[start_retry_nr]:[12]
[start_retreated_page_nr]:[1]
[start_try_to_promote_nr]:[49]
[start_task_num]:[0]
[start_write_protect_break_num]:[16]
[start_shadow_link_num]:[48]
[start_shadow_demote_num]:[0]
[start_batch_free_num]:[0]
[start_transactional_migration_success_num]:[50]
[start_transactional_migration_fail_num]:[10]
[start_shadow_page_pair]:[13]
[end_pgdemote_kswapd]:[3094259]
[end_pgdemote_direct]:[0]
[end_pgdemote_file]:[88923]
[end_pgdemote_anon]:[3005336]
[end_pgpromote_candidate]:[2608]
[end_pgpromote_candidate_demoted]:[2608]
[end_pgpromote_candidate_anon]:[2606]
[end_pgpromote_candidate_file]:[2]
[end_pgpromote_tried]:[0]
[end_pgpromote_file]:[0]
[end_pgpromote_anon]:[0]
[end_pgmigrate_success]:[3849459]
[end_pgmigrate_fail]:[21]
[end_pgmigrate_fail_dst_node_full]:[0]
[end_pgmigrate_fail_numa_isolate]:[0]
[end_pgmigrate_fail_nomem]:[0]
[end_pgmigrate_fail_refcount]:[50]
[end_success_nr]:[1121]
[end_retry_nr]:[53]
[end_retreated_page_nr]:[5]
[end_try_to_promote_nr]:[1126]
[end_task_num]:[0]
[end_write_protect_break_num]:[183]
[end_shadow_link_num]:[1121]
[end_shadow_demote_num]:[0]
[end_batch_free_num]:[0]
[end_transactional_migration_success_num]:[1123]
[end_transactional_migration_fail_num]:[50]
[end_shadow_page_pair]:[884]
[note]:[0]
[milliseconds]:[8913]
[total tick]:[23178855348]
[work type]:[0]
[Bandwidth(MB/s)]:[7888.757994]
---------------------------
-----------start-----------
[start_pgdemote_kswapd]:[3094259]
[start_pgdemote_direct]:[0]
[start_pgdemote_file]:[88923]
[start_pgdemote_anon]:[3005336]
[start_pgpromote_candidate]:[2609]
[start_pgpromote_candidate_demoted]:[2608]
[start_pgpromote_candidate_anon]:[2607]
[start_pgpromote_candidate_file]:[2]
[start_pgpromote_tried]:[0]
[start_pgpromote_file]:[0]
[start_pgpromote_anon]:[0]
[start_pgmigrate_success]:[3849459]
[start_pgmigrate_fail]:[21]
[start_pgmigrate_fail_dst_node_full]:[0]
[start_pgmigrate_fail_numa_isolate]:[0]
[start_pgmigrate_fail_nomem]:[0]
[start_pgmigrate_fail_refcount]:[50]
[start_success_nr]:[1121]
[start_retry_nr]:[53]
[start_retreated_page_nr]:[5]
[start_try_to_promote_nr]:[1126]
[start_task_num]:[0]
[start_write_protect_break_num]:[190]
[start_shadow_link_num]:[1121]
[start_shadow_demote_num]:[0]
[start_batch_free_num]:[0]
[start_transactional_migration_success_num]:[1123]
[start_transactional_migration_fail_num]:[50]
[start_shadow_page_pair]:[877]
[end_pgdemote_kswapd]:[3094259]
[end_pgdemote_direct]:[0]
[end_pgdemote_file]:[88923]
[end_pgdemote_anon]:[3005336]
[end_pgpromote_candidate]:[3018]
[end_pgpromote_candidate_demoted]:[3017]
[end_pgpromote_candidate_anon]:[3016]
[end_pgpromote_candidate_file]:[2]
[end_pgpromote_tried]:[0]
[end_pgpromote_file]:[0]
[end_pgpromote_anon]:[0]
[end_pgmigrate_success]:[3884275]
[end_pgmigrate_fail]:[21]
[end_pgmigrate_fail_dst_node_full]:[0]
[end_pgmigrate_fail_numa_isolate]:[0]
[end_pgmigrate_fail_nomem]:[0]
[end_pgmigrate_fail_refcount]:[50]
[end_success_nr]:[1464]
[end_retry_nr]:[53]
[end_retreated_page_nr]:[5]
[end_try_to_promote_nr]:[1469]
[end_task_num]:[0]
[end_write_protect_break_num]:[190]
[end_shadow_link_num]:[1464]
[end_shadow_demote_num]:[0]
[end_batch_free_num]:[0]
[end_transactional_migration_success_num]:[1466]
[end_transactional_migration_fail_num]:[50]
[end_shadow_page_pair]:[1220]
[note]:[1]
[milliseconds]:[8323]
[total tick]:[21641566226]
[work type]:[0]
[Bandwidth(MB/s)]:[8447.975490]
---------------------------
-----------start-----------
[start_pgdemote_kswapd]:[3094259]
[start_pgdemote_direct]:[0]
[start_pgdemote_file]:[88923]
[start_pgdemote_anon]:[3005336]
[start_pgpromote_candidate]:[3033]
[start_pgpromote_candidate_demoted]:[3032]
[start_pgpromote_candidate_anon]:[3029]
[start_pgpromote_candidate_file]:[4]
[start_pgpromote_tried]:[0]
[start_pgpromote_file]:[0]
[start_pgpromote_anon]:[0]
[start_pgmigrate_success]:[3884275]
[start_pgmigrate_fail]:[21]
[start_pgmigrate_fail_dst_node_full]:[0]
[start_pgmigrate_fail_numa_isolate]:[0]
[start_pgmigrate_fail_nomem]:[0]
[start_pgmigrate_fail_refcount]:[56]
[start_success_nr]:[1477]
[start_retry_nr]:[59]
[start_retreated_page_nr]:[5]
[start_try_to_promote_nr]:[1482]
[start_task_num]:[0]
[start_write_protect_break_num]:[190]
[start_shadow_link_num]:[1477]
[start_shadow_demote_num]:[0]
[start_batch_free_num]:[0]
[start_transactional_migration_success_num]:[1479]
[start_transactional_migration_fail_num]:[56]
[start_shadow_page_pair]:[380]
[end_pgdemote_kswapd]:[3094259]
[end_pgdemote_direct]:[0]
[end_pgdemote_file]:[88923]
[end_pgdemote_anon]:[3005336]
[end_pgpromote_candidate]:[3041]
[end_pgpromote_candidate_demoted]:[3036]
[end_pgpromote_candidate_anon]:[3029]
[end_pgpromote_candidate_file]:[12]
[end_pgpromote_tried]:[0]
[end_pgpromote_file]:[0]
[end_pgpromote_anon]:[0]
[end_pgmigrate_success]:[3884275]
[end_pgmigrate_fail]:[21]
[end_pgmigrate_fail_dst_node_full]:[0]
[end_pgmigrate_fail_numa_isolate]:[0]
[end_pgmigrate_fail_nomem]:[0]
[end_pgmigrate_fail_refcount]:[96]
[end_success_nr]:[1477]
[end_retry_nr]:[99]
[end_retreated_page_nr]:[9]
[end_try_to_promote_nr]:[1486]
[end_task_num]:[0]
[end_write_protect_break_num]:[190]
[end_shadow_link_num]:[1477]
[end_shadow_demote_num]:[0]
[end_batch_free_num]:[0]
[end_transactional_migration_success_num]:[1479]
[end_transactional_migration_fail_num]:[96]
[end_shadow_page_pair]:[380]
[note]:[2]
[milliseconds]:[8664]
[total tick]:[22527145610]
[work type]:[0]
[Bandwidth(MB/s)]:[8115.477839]
---------------------------
-----------start-----------
[start_pgdemote_kswapd]:[3094259]
[start_pgdemote_direct]:[0]
[start_pgdemote_file]:[88923]
[start_pgdemote_anon]:[3005336]
[start_pgpromote_candidate]:[3048]
[start_pgpromote_candidate_demoted]:[3037]
[start_pgpromote_candidate_anon]:[3030]
[start_pgpromote_candidate_file]:[18]
[start_pgpromote_tried]:[0]
[start_pgpromote_file]:[0]
[start_pgpromote_anon]:[0]
[start_pgmigrate_success]:[3884275]
[start_pgmigrate_fail]:[21]
[start_pgmigrate_fail_dst_node_full]:[0]
[start_pgmigrate_fail_numa_isolate]:[0]
[start_pgmigrate_fail_nomem]:[0]
[start_pgmigrate_fail_refcount]:[96]
[start_success_nr]:[1477]
[start_retry_nr]:[99]
[start_retreated_page_nr]:[9]
[start_try_to_promote_nr]:[1486]
[start_task_num]:[0]
[start_write_protect_break_num]:[190]
[start_shadow_link_num]:[1477]
[start_shadow_demote_num]:[0]
[start_batch_free_num]:[0]
[start_transactional_migration_success_num]:[1479]
[start_transactional_migration_fail_num]:[96]
[start_shadow_page_pair]:[380]
[end_pgdemote_kswapd]:[3522201]
[end_pgdemote_direct]:[0]
[end_pgdemote_file]:[88923]
[end_pgdemote_anon]:[3433278]
[end_pgpromote_candidate]:[4169]
[end_pgpromote_candidate_demoted]:[4158]
[end_pgpromote_candidate_anon]:[4151]
[end_pgpromote_candidate_file]:[18]
[end_pgpromote_tried]:[0]
[end_pgpromote_file]:[0]
[end_pgpromote_anon]:[0]
[end_pgmigrate_success]:[4886169]
[end_pgmigrate_fail]:[21]
[end_pgmigrate_fail_dst_node_full]:[0]
[end_pgmigrate_fail_numa_isolate]:[0]
[end_pgmigrate_fail_nomem]:[0]
[end_pgmigrate_fail_refcount]:[96]
[end_success_nr]:[1477]
[end_retry_nr]:[99]
[end_retreated_page_nr]:[9]
[end_try_to_promote_nr]:[1486]
[end_task_num]:[0]
[end_write_protect_break_num]:[190]
[end_shadow_link_num]:[1477]
[end_shadow_demote_num]:[0]
[end_batch_free_num]:[0]
[end_transactional_migration_success_num]:[1479]
[end_transactional_migration_fail_num]:[96]
[end_shadow_page_pair]:[380]
[note]:[3]
[milliseconds]:[8952]
[total tick]:[23276475008]
[work type]:[0]
[Bandwidth(MB/s)]:[7854.390080]
---------------------------
-----------start-----------
[start_pgdemote_kswapd]:[3522201]
[start_pgdemote_direct]:[0]
[start_pgdemote_file]:[88923]
[start_pgdemote_anon]:[3433278]
[start_pgpromote_candidate]:[4175]
[start_pgpromote_candidate_demoted]:[4164]
[start_pgpromote_candidate_anon]:[4157]
[start_pgpromote_candidate_file]:[18]
[start_pgpromote_tried]:[0]
[start_pgpromote_file]:[0]
[start_pgpromote_anon]:[0]
[start_pgmigrate_success]:[4886169]
[start_pgmigrate_fail]:[21]
[start_pgmigrate_fail_dst_node_full]:[0]
[start_pgmigrate_fail_numa_isolate]:[0]
[start_pgmigrate_fail_nomem]:[0]
[start_pgmigrate_fail_refcount]:[96]
[start_success_nr]:[1478]
[start_retry_nr]:[99]
[start_retreated_page_nr]:[9]
[start_try_to_promote_nr]:[1487]
[start_task_num]:[0]
[start_write_protect_break_num]:[190]
[start_shadow_link_num]:[1478]
[start_shadow_demote_num]:[0]
[start_batch_free_num]:[0]
[start_transactional_migration_success_num]:[1480]
[start_transactional_migration_fail_num]:[96]
[start_shadow_page_pair]:[381]
[end_pgdemote_kswapd]:[3601145]
[end_pgdemote_direct]:[0]
[end_pgdemote_file]:[88923]
[end_pgdemote_anon]:[3512222]
[end_pgpromote_candidate]:[4590]
[end_pgpromote_candidate_demoted]:[4579]
[end_pgpromote_candidate_anon]:[4572]
[end_pgpromote_candidate_file]:[18]
[end_pgpromote_tried]:[0]
[end_pgpromote_file]:[0]
[end_pgpromote_anon]:[0]
[end_pgmigrate_success]:[5171449]
[end_pgmigrate_fail]:[21]
[end_pgmigrate_fail_dst_node_full]:[0]
[end_pgmigrate_fail_numa_isolate]:[0]
[end_pgmigrate_fail_nomem]:[0]
[end_pgmigrate_fail_refcount]:[96]
[end_success_nr]:[1489]
[end_retry_nr]:[99]
[end_retreated_page_nr]:[9]
[end_try_to_promote_nr]:[1498]
[end_task_num]:[0]
[end_write_protect_break_num]:[190]
[end_shadow_link_num]:[1489]
[end_shadow_demote_num]:[12]
[end_batch_free_num]:[0]
[end_transactional_migration_success_num]:[1491]
[end_transactional_migration_fail_num]:[96]
[end_shadow_page_pair]:[379]
[note]:[4]
[milliseconds]:[8477]
[total tick]:[22042432888]
[work type]:[0]
[Bandwidth(MB/s)]:[8294.502772]
---------------------------
