-----------start-----------
[start_pgdemote_kswapd]:[2589086]
[start_pgdemote_direct]:[0]
[start_pgdemote_file]:[144948]
[start_pgdemote_anon]:[2444138]
[start_pgpromote_candidate]:[82]
[start_pgpromote_candidate_demoted]:[82]
[start_pgpromote_candidate_anon]:[29]
[start_pgpromote_candidate_file]:[53]
[start_pgpromote_tried]:[0]
[start_pgpromote_file]:[0]
[start_pgpromote_anon]:[0]
[start_pgmigrate_success]:[2589086]
[start_pgmigrate_fail]:[29]
[start_pgmigrate_fail_dst_node_full]:[0]
[start_pgmigrate_fail_numa_isolate]:[0]
[start_pgmigrate_fail_nomem]:[0]
[start_pgmigrate_fail_refcount]:[40]
[start_success_nr]:[18]
[start_retry_nr]:[41]
[start_retreated_page_nr]:[4]
[start_try_to_promote_nr]:[22]
[start_task_num]:[0]
[start_write_protect_break_num]:[4]
[start_shadow_link_num]:[18]
[start_shadow_demote_num]:[0]
[start_batch_free_num]:[0]
[start_transactional_migration_success_num]:[19]
[start_transactional_migration_fail_num]:[40]
[start_shadow_page_pair]:[4]
[end_pgdemote_kswapd]:[3056033]
[end_pgdemote_direct]:[0]
[end_pgdemote_file]:[144948]
[end_pgdemote_anon]:[2911085]
[end_pgpromote_candidate]:[594]
[end_pgpromote_candidate_demoted]:[594]
[end_pgpromote_candidate_anon]:[541]
[end_pgpromote_candidate_file]:[53]
[end_pgpromote_tried]:[0]
[end_pgpromote_file]:[0]
[end_pgpromote_anon]:[0]
[end_pgmigrate_success]:[3056033]
[end_pgmigrate_fail]:[29]
[end_pgmigrate_fail_dst_node_full]:[0]
[end_pgmigrate_fail_numa_isolate]:[0]
[end_pgmigrate_fail_nomem]:[0]
[end_pgmigrate_fail_refcount]:[40]
[end_success_nr]:[530]
[end_retry_nr]:[41]
[end_retreated_page_nr]:[4]
[end_try_to_promote_nr]:[534]
[end_task_num]:[0]
[end_write_protect_break_num]:[248]
[end_shadow_link_num]:[530]
[end_shadow_demote_num]:[0]
[end_batch_free_num]:[0]
[end_transactional_migration_success_num]:[531]
[end_transactional_migration_fail_num]:[40]
[end_shadow_page_pair]:[231]
[note]:[0]
[milliseconds]:[13343]
[total tick]:[34692180119]
[work type]:[0]
[Bandwidth(MB/s)]:[8782.695046]
---------------------------
-----------start-----------
[start_pgdemote_kswapd]:[3056033]
[start_pgdemote_direct]:[0]
[start_pgdemote_file]:[144948]
[start_pgdemote_anon]:[2911085]
[start_pgpromote_candidate]:[595]
[start_pgpromote_candidate_demoted]:[595]
[start_pgpromote_candidate_anon]:[541]
[start_pgpromote_candidate_file]:[54]
[start_pgpromote_tried]:[0]
[start_pgpromote_file]:[0]
[start_pgpromote_anon]:[0]
[start_pgmigrate_success]:[3056033]
[start_pgmigrate_fail]:[29]
[start_pgmigrate_fail_dst_node_full]:[0]
[start_pgmigrate_fail_numa_isolate]:[0]
[start_pgmigrate_fail_nomem]:[0]
[start_pgmigrate_fail_refcount]:[40]
[start_success_nr]:[535]
[start_retry_nr]:[41]
[start_retreated_page_nr]:[4]
[start_try_to_promote_nr]:[539]
[start_task_num]:[0]
[start_write_protect_break_num]:[252]
[start_shadow_link_num]:[535]
[start_shadow_demote_num]:[0]
[start_batch_free_num]:[0]
[start_transactional_migration_success_num]:[536]
[start_transactional_migration_fail_num]:[40]
[start_shadow_page_pair]:[232]
[end_pgdemote_kswapd]:[3752720]
[end_pgdemote_direct]:[0]
[end_pgdemote_file]:[152016]
[end_pgdemote_anon]:[3600704]
[end_pgpromote_candidate]:[550066]
[end_pgpromote_candidate_demoted]:[66430]
[end_pgpromote_candidate_anon]:[549942]
[end_pgpromote_candidate_file]:[124]
[end_pgpromote_tried]:[0]
[end_pgpromote_file]:[0]
[end_pgpromote_anon]:[0]
[end_pgmigrate_success]:[6001109]
[end_pgmigrate_fail]:[59]
[end_pgmigrate_fail_dst_node_full]:[0]
[end_pgmigrate_fail_numa_isolate]:[0]
[end_pgmigrate_fail_nomem]:[30]
[end_pgmigrate_fail_refcount]:[570]
[end_success_nr]:[549766]
[end_retry_nr]:[2351]
[end_retreated_page_nr]:[100]
[end_try_to_promote_nr]:[549866]
[end_task_num]:[0]
[end_write_protect_break_num]:[424775]
[end_shadow_link_num]:[549766]
[end_shadow_demote_num]:[133]
[end_batch_free_num]:[1790]
[end_transactional_migration_success_num]:[549767]
[end_transactional_migration_fail_num]:[570]
[end_shadow_page_pair]:[122977]
[note]:[1]
[milliseconds]:[30244]
[total tick]:[78634261452]
[work type]:[0]
[Bandwidth(MB/s)]:[3874.735485]
---------------------------
-----------start-----------
[start_pgdemote_kswapd]:[3752720]
[start_pgdemote_direct]:[0]
[start_pgdemote_file]:[152016]
[start_pgdemote_anon]:[3600704]
[start_pgpromote_candidate]:[550085]
[start_pgpromote_candidate_demoted]:[66446]
[start_pgpromote_candidate_anon]:[549961]
[start_pgpromote_candidate_file]:[124]
[start_pgpromote_tried]:[0]
[start_pgpromote_file]:[0]
[start_pgpromote_anon]:[0]
[start_pgmigrate_success]:[6001109]
[start_pgmigrate_fail]:[59]
[start_pgmigrate_fail_dst_node_full]:[0]
[start_pgmigrate_fail_numa_isolate]:[0]
[start_pgmigrate_fail_nomem]:[30]
[start_pgmigrate_fail_refcount]:[600]
[start_success_nr]:[549780]
[start_retry_nr]:[2381]
[start_retreated_page_nr]:[103]
[start_try_to_promote_nr]:[549883]
[start_task_num]:[0]
[start_write_protect_break_num]:[424783]
[start_shadow_link_num]:[549780]
[start_shadow_demote_num]:[133]
[start_batch_free_num]:[1790]
[start_transactional_migration_success_num]:[549781]
[start_transactional_migration_fail_num]:[600]
[start_shadow_page_pair]:[122932]
[end_pgdemote_kswapd]:[3976666]
[end_pgdemote_direct]:[0]
[end_pgdemote_file]:[170833]
[end_pgdemote_anon]:[3805833]
[end_pgpromote_candidate]:[730222]
[end_pgpromote_candidate_demoted]:[109137]
[end_pgpromote_candidate_anon]:[730081]
[end_pgpromote_candidate_file]:[141]
[end_pgpromote_tried]:[0]
[end_pgpromote_file]:[0]
[end_pgpromote_anon]:[0]
[end_pgmigrate_success]:[9204455]
[end_pgmigrate_fail]:[62]
[end_pgmigrate_fail_dst_node_full]:[0]
[end_pgmigrate_fail_numa_isolate]:[0]
[end_pgmigrate_fail_nomem]:[31]
[end_pgmigrate_fail_refcount]:[1442]
[end_success_nr]:[729715]
[end_retry_nr]:[3449]
[end_retreated_page_nr]:[196]
[end_try_to_promote_nr]:[729911]
[end_task_num]:[0]
[end_write_protect_break_num]:[614027]
[end_shadow_link_num]:[729712]
[end_shadow_demote_num]:[401]
[end_batch_free_num]:[2110]
[end_transactional_migration_success_num]:[729713]
[end_transactional_migration_fail_num]:[1442]
[end_shadow_page_pair]:[112998]
[note]:[2]
[milliseconds]:[22800]
[total tick]:[59282426878]
[work type]:[0]
[Bandwidth(MB/s)]:[5139.802632]
---------------------------
-----------start-----------
[start_pgdemote_kswapd]:[3976666]
[start_pgdemote_direct]:[0]
[start_pgdemote_file]:[170833]
[start_pgdemote_anon]:[3805833]
[start_pgpromote_candidate]:[730237]
[start_pgpromote_candidate_demoted]:[109152]
[start_pgpromote_candidate_anon]:[730096]
[start_pgpromote_candidate_file]:[141]
[start_pgpromote_tried]:[0]
[start_pgpromote_file]:[0]
[start_pgpromote_anon]:[0]
[start_pgmigrate_success]:[9204455]
[start_pgmigrate_fail]:[62]
[start_pgmigrate_fail_dst_node_full]:[0]
[start_pgmigrate_fail_numa_isolate]:[0]
[start_pgmigrate_fail_nomem]:[31]
[start_pgmigrate_fail_refcount]:[1442]
[start_success_nr]:[729725]
[start_retry_nr]:[3449]
[start_retreated_page_nr]:[196]
[start_try_to_promote_nr]:[729921]
[start_task_num]:[0]
[start_write_protect_break_num]:[614033]
[start_shadow_link_num]:[729722]
[start_shadow_demote_num]:[401]
[start_batch_free_num]:[2110]
[start_transactional_migration_success_num]:[729723]
[start_transactional_migration_fail_num]:[1442]
[start_shadow_page_pair]:[112998]
[end_pgdemote_kswapd]:[4130246]
[end_pgdemote_direct]:[0]
[end_pgdemote_file]:[178890]
[end_pgdemote_anon]:[3951356]
[end_pgpromote_candidate]:[808271]
[end_pgpromote_candidate_demoted]:[132557]
[end_pgpromote_candidate_anon]:[808121]
[end_pgpromote_candidate_file]:[150]
[end_pgpromote_tried]:[0]
[end_pgpromote_file]:[0]
[end_pgpromote_anon]:[0]
[end_pgmigrate_success]:[9439443]
[end_pgmigrate_fail]:[89]
[end_pgmigrate_fail_dst_node_full]:[0]
[end_pgmigrate_fail_numa_isolate]:[0]
[end_pgmigrate_fail_nomem]:[31]
[end_pgmigrate_fail_refcount]:[1982]
[end_success_nr]:[807538]
[end_retry_nr]:[4128]
[end_retreated_page_nr]:[253]
[end_try_to_promote_nr]:[807791]
[end_task_num]:[0]
[end_write_protect_break_num]:[783822]
[end_shadow_link_num]:[807535]
[end_shadow_demote_num]:[443]
[end_batch_free_num]:[2910]
[end_transactional_migration_success_num]:[807536]
[end_transactional_migration_fail_num]:[1982]
[end_shadow_page_pair]:[20132]
[note]:[3]
[milliseconds]:[21046]
[total tick]:[54721989856]
[work type]:[0]
[Bandwidth(MB/s)]:[5568.160220]
---------------------------
-----------start-----------
[start_pgdemote_kswapd]:[4130246]
[start_pgdemote_direct]:[0]
[start_pgdemote_file]:[178890]
[start_pgdemote_anon]:[3951356]
[start_pgpromote_candidate]:[808330]
[start_pgpromote_candidate_demoted]:[132613]
[start_pgpromote_candidate_anon]:[808172]
[start_pgpromote_candidate_file]:[158]
[start_pgpromote_tried]:[0]
[start_pgpromote_file]:[0]
[start_pgpromote_anon]:[0]
[start_pgmigrate_success]:[9439443]
[start_pgmigrate_fail]:[89]
[start_pgmigrate_fail_dst_node_full]:[0]
[start_pgmigrate_fail_numa_isolate]:[0]
[start_pgmigrate_fail_nomem]:[31]
[start_pgmigrate_fail_refcount]:[2022]
[start_success_nr]:[807584]
[start_retry_nr]:[4168]
[start_retreated_page_nr]:[257]
[start_try_to_promote_nr]:[807841]
[start_task_num]:[0]
[start_write_protect_break_num]:[783825]
[start_shadow_link_num]:[807581]
[start_shadow_demote_num]:[443]
[start_batch_free_num]:[2910]
[start_transactional_migration_success_num]:[807582]
[start_transactional_migration_fail_num]:[2022]
[start_shadow_page_pair]:[20173]
[end_pgdemote_kswapd]:[4362971]
[end_pgdemote_direct]:[0]
[end_pgdemote_file]:[179281]
[end_pgdemote_anon]:[4183690]
[end_pgpromote_candidate]:[993278]
[end_pgpromote_candidate_demoted]:[286507]
[end_pgpromote_candidate_anon]:[993118]
[end_pgpromote_candidate_file]:[160]
[end_pgpromote_tried]:[0]
[end_pgpromote_file]:[0]
[end_pgpromote_anon]:[0]
[end_pgmigrate_success]:[55240022]
[end_pgmigrate_fail]:[90]
[end_pgmigrate_fail_dst_node_full]:[0]
[end_pgmigrate_fail_numa_isolate]:[0]
[end_pgmigrate_fail_nomem]:[32]
[end_pgmigrate_fail_refcount]:[2292]
[end_success_nr]:[992382]
[end_retry_nr]:[4825]
[end_retreated_page_nr]:[296]
[end_try_to_promote_nr]:[992678]
[end_task_num]:[0]
[end_write_protect_break_num]:[949583]
[end_shadow_link_num]:[992379]
[end_shadow_demote_num]:[443]
[end_batch_free_num]:[2910]
[end_transactional_migration_success_num]:[992380]
[end_transactional_migration_fail_num]:[2292]
[end_shadow_page_pair]:[39137]
[note]:[4]
[milliseconds]:[21394]
[total tick]:[55626601474]
[work type]:[0]
[Bandwidth(MB/s)]:[5477.587174]
---------------------------
