-----------start-----------
[start_pgdemote_kswapd]:[2507357]
[start_pgdemote_direct]:[0]
[start_pgdemote_file]:[8710]
[start_pgdemote_anon]:[2498647]
[start_pgpromote_candidate]:[55]
[start_pgpromote_candidate_demoted]:[55]
[start_pgpromote_candidate_anon]:[55]
[start_pgpromote_candidate_file]:[0]
[start_pgpromote_tried]:[0]
[start_pgpromote_file]:[0]
[start_pgpromote_anon]:[0]
[start_pgmigrate_success]:[2507357]
[start_pgmigrate_fail]:[0]
[start_pgmigrate_fail_dst_node_full]:[0]
[start_pgmigrate_fail_numa_isolate]:[0]
[start_pgmigrate_fail_nomem]:[0]
[start_pgmigrate_fail_refcount]:[50]
[start_success_nr]:[46]
[start_retry_nr]:[50]
[start_retreated_page_nr]:[5]
[start_try_to_promote_nr]:[51]
[start_task_num]:[0]
[start_write_protect_break_num]:[16]
[start_shadow_link_num]:[46]
[start_shadow_demote_num]:[0]
[start_batch_free_num]:[0]
[start_transactional_migration_success_num]:[46]
[start_transactional_migration_fail_num]:[50]
[start_shadow_page_pair]:[14]
[end_pgdemote_kswapd]:[5454928]
[end_pgdemote_direct]:[0]
[end_pgdemote_file]:[134589]
[end_pgdemote_anon]:[5320339]
[end_pgpromote_candidate]:[7921]
[end_pgpromote_candidate_demoted]:[7921]
[end_pgpromote_candidate_anon]:[7819]
[end_pgpromote_candidate_file]:[102]
[end_pgpromote_tried]:[0]
[end_pgpromote_file]:[0]
[end_pgpromote_anon]:[0]
[end_pgmigrate_success]:[8088656]
[end_pgmigrate_fail]:[56]
[end_pgmigrate_fail_dst_node_full]:[0]
[end_pgmigrate_fail_numa_isolate]:[0]
[end_pgmigrate_fail_nomem]:[0]
[end_pgmigrate_fail_refcount]:[520]
[end_success_nr]:[2615]
[end_retry_nr]:[523]
[end_retreated_page_nr]:[52]
[end_try_to_promote_nr]:[2667]
[end_task_num]:[0]
[end_write_protect_break_num]:[53]
[end_shadow_link_num]:[2615]
[end_shadow_demote_num]:[6]
[end_batch_free_num]:[308]
[end_transactional_migration_success_num]:[2615]
[end_transactional_migration_fail_num]:[520]
[end_shadow_page_pair]:[2200]
[note]:[0]
[milliseconds]:[21510]
[total tick]:[55925420164]
[work type]:[0]
[Bandwidth(MB/s)]:[7264.063226]
---------------------------
-----------start-----------
[start_pgdemote_kswapd]:[5461077]
[start_pgdemote_direct]:[0]
[start_pgdemote_file]:[134594]
[start_pgdemote_anon]:[5326483]
[start_pgpromote_candidate]:[7999]
[start_pgpromote_candidate_demoted]:[7999]
[start_pgpromote_candidate_anon]:[7867]
[start_pgpromote_candidate_file]:[132]
[start_pgpromote_tried]:[0]
[start_pgpromote_file]:[0]
[start_pgpromote_anon]:[0]
[start_pgmigrate_success]:[8094805]
[start_pgmigrate_fail]:[56]
[start_pgmigrate_fail_dst_node_full]:[0]
[start_pgmigrate_fail_numa_isolate]:[0]
[start_pgmigrate_fail_nomem]:[0]
[start_pgmigrate_fail_refcount]:[630]
[start_success_nr]:[2654]
[start_retry_nr]:[633]
[start_retreated_page_nr]:[63]
[start_try_to_promote_nr]:[2717]
[start_task_num]:[0]
[start_write_protect_break_num]:[65]
[start_shadow_link_num]:[2654]
[start_shadow_demote_num]:[6]
[start_batch_free_num]:[308]
[start_transactional_migration_success_num]:[2654]
[start_transactional_migration_fail_num]:[600]
[start_shadow_page_pair]:[2218]
[end_pgdemote_kswapd]:[5701030]
[end_pgdemote_direct]:[0]
[end_pgdemote_file]:[134594]
[end_pgdemote_anon]:[5566436]
[end_pgpromote_candidate]:[52163]
[end_pgpromote_candidate_demoted]:[13559]
[end_pgpromote_candidate_anon]:[52007]
[end_pgpromote_candidate_file]:[156]
[end_pgpromote_tried]:[0]
[end_pgpromote_file]:[0]
[end_pgpromote_anon]:[0]
[end_pgmigrate_success]:[8851878]
[end_pgmigrate_fail]:[824888]
[end_pgmigrate_fail_dst_node_full]:[0]
[end_pgmigrate_fail_numa_isolate]:[0]
[end_pgmigrate_fail_nomem]:[824832]
[end_pgmigrate_fail_refcount]:[800]
[end_success_nr]:[44156]
[end_retry_nr]:[805]
[end_retreated_page_nr]:[80]
[end_try_to_promote_nr]:[44236]
[end_task_num]:[0]
[end_write_protect_break_num]:[4470]
[end_shadow_link_num]:[44156]
[end_shadow_demote_num]:[6]
[end_batch_free_num]:[308]
[end_transactional_migration_success_num]:[44156]
[end_transactional_migration_fail_num]:[770]
[end_shadow_page_pair]:[39306]
[note]:[1]
[milliseconds]:[19483]
[total tick]:[50656892192]
[work type]:[0]
[Bandwidth(MB/s)]:[8019.812144]
---------------------------
-----------start-----------
[start_pgdemote_kswapd]:[5907982]
[start_pgdemote_direct]:[0]
[start_pgdemote_file]:[134594]
[start_pgdemote_anon]:[5773388]
[start_pgpromote_candidate]:[52368]
[start_pgpromote_candidate_demoted]:[13713]
[start_pgpromote_candidate_anon]:[52054]
[start_pgpromote_candidate_file]:[314]
[start_pgpromote_tried]:[0]
[start_pgpromote_file]:[0]
[start_pgpromote_anon]:[0]
[start_pgmigrate_success]:[9058830]
[start_pgmigrate_fail]:[824888]
[start_pgmigrate_fail_dst_node_full]:[0]
[start_pgmigrate_fail_numa_isolate]:[0]
[start_pgmigrate_fail_nomem]:[824832]
[start_pgmigrate_fail_refcount]:[862]
[start_success_nr]:[44200]
[start_retry_nr]:[867]
[start_retreated_page_nr]:[86]
[start_try_to_promote_nr]:[44286]
[start_task_num]:[0]
[start_write_protect_break_num]:[4479]
[start_shadow_link_num]:[44192]
[start_shadow_demote_num]:[6]
[start_batch_free_num]:[308]
[start_transactional_migration_success_num]:[44192]
[start_transactional_migration_fail_num]:[812]
[start_shadow_page_pair]:[39322]
[end_pgdemote_kswapd]:[6587008]
[end_pgdemote_direct]:[0]
[end_pgdemote_file]:[134614]
[end_pgdemote_anon]:[6452394]
[end_pgpromote_candidate]:[666710]
[end_pgpromote_candidate_demoted]:[40625]
[end_pgpromote_candidate_anon]:[666390]
[end_pgpromote_candidate_file]:[320]
[end_pgpromote_tried]:[0]
[end_pgpromote_file]:[0]
[end_pgpromote_anon]:[0]
[end_pgmigrate_success]:[10280064]
[end_pgmigrate_fail]:[1413176]
[end_pgmigrate_fail_dst_node_full]:[17920]
[end_pgmigrate_fail_numa_isolate]:[17920]
[end_pgmigrate_fail_nomem]:[1444494]
[end_pgmigrate_fail_refcount]:[962]
[end_success_nr]:[427560]
[end_retry_nr]:[2225]
[end_retreated_page_nr]:[109]
[end_try_to_promote_nr]:[656412]
[end_task_num]:[0]
[end_write_protect_break_num]:[240509]
[end_shadow_link_num]:[427550]
[end_shadow_demote_num]:[320]
[end_batch_free_num]:[308]
[end_transactional_migration_success_num]:[427550]
[end_transactional_migration_fail_num]:[912]
[end_shadow_page_pair]:[186332]
[note]:[2]
[milliseconds]:[24751]
[total tick]:[64352611006]
[work type]:[0]
[Bandwidth(MB/s)]:[6312.876247]
---------------------------
-----------start-----------
[start_pgdemote_kswapd]:[6941827]
[start_pgdemote_direct]:[0]
[start_pgdemote_file]:[134614]
[start_pgdemote_anon]:[6807213]
[start_pgpromote_candidate]:[666739]
[start_pgpromote_candidate_demoted]:[40649]
[start_pgpromote_candidate_anon]:[666419]
[start_pgpromote_candidate_file]:[320]
[start_pgpromote_tried]:[0]
[start_pgpromote_file]:[0]
[start_pgpromote_anon]:[0]
[start_pgmigrate_success]:[10634883]
[start_pgmigrate_fail]:[1413176]
[start_pgmigrate_fail_dst_node_full]:[17920]
[start_pgmigrate_fail_numa_isolate]:[17920]
[start_pgmigrate_fail_nomem]:[1444505]
[start_pgmigrate_fail_refcount]:[962]
[start_success_nr]:[427560]
[start_retry_nr]:[2225]
[start_retreated_page_nr]:[109]
[start_try_to_promote_nr]:[656441]
[start_task_num]:[0]
[start_write_protect_break_num]:[240511]
[start_shadow_link_num]:[427550]
[start_shadow_demote_num]:[1600]
[start_batch_free_num]:[308]
[start_transactional_migration_success_num]:[427550]
[start_transactional_migration_fail_num]:[912]
[start_shadow_page_pair]:[185050]
[end_pgdemote_kswapd]:[8330374]
[end_pgdemote_direct]:[0]
[end_pgdemote_file]:[134614]
[end_pgdemote_anon]:[8195760]
[end_pgpromote_candidate]:[1316544]
[end_pgpromote_candidate_demoted]:[444483]
[end_pgpromote_candidate_anon]:[1315881]
[end_pgpromote_candidate_file]:[663]
[end_pgpromote_tried]:[0]
[end_pgpromote_file]:[0]
[end_pgpromote_anon]:[0]
[end_pgmigrate_success]:[13154438]
[end_pgmigrate_fail]:[2134072]
[end_pgmigrate_fail_dst_node_full]:[17920]
[end_pgmigrate_fail_numa_isolate]:[17920]
[end_pgmigrate_fail_nomem]:[2183766]
[end_pgmigrate_fail_refcount]:[1825]
[end_success_nr]:[996665]
[end_retry_nr]:[5207]
[end_retreated_page_nr]:[204]
[end_try_to_promote_nr]:[1302284]
[end_task_num]:[0]
[end_write_protect_break_num]:[481526]
[end_shadow_link_num]:[996654]
[end_shadow_demote_num]:[160863]
[end_batch_free_num]:[308]
[end_transactional_migration_success_num]:[996655]
[end_transactional_migration_fail_num]:[1775]
[end_shadow_page_pair]:[353862]
[note]:[3]
[milliseconds]:[28084]
[total tick]:[73023205424]
[work type]:[0]
[Bandwidth(MB/s)]:[5563.666144]
---------------------------
-----------start-----------
[start_pgdemote_kswapd]:[8608805]
[start_pgdemote_direct]:[0]
[start_pgdemote_file]:[134614]
[start_pgdemote_anon]:[8474191]
[start_pgpromote_candidate]:[1316546]
[start_pgpromote_candidate_demoted]:[444485]
[start_pgpromote_candidate_anon]:[1315883]
[start_pgpromote_candidate_file]:[663]
[start_pgpromote_tried]:[0]
[start_pgpromote_file]:[0]
[start_pgpromote_anon]:[0]
[start_pgmigrate_success]:[13432869]
[start_pgmigrate_fail]:[2134072]
[start_pgmigrate_fail_dst_node_full]:[17920]
[start_pgmigrate_fail_numa_isolate]:[17920]
[start_pgmigrate_fail_nomem]:[2183767]
[start_pgmigrate_fail_refcount]:[1825]
[start_success_nr]:[996665]
[start_retry_nr]:[5207]
[start_retreated_page_nr]:[204]
[start_try_to_promote_nr]:[1302285]
[start_task_num]:[0]
[start_write_protect_break_num]:[481530]
[start_shadow_link_num]:[996654]
[start_shadow_demote_num]:[205469]
[start_batch_free_num]:[308]
[start_transactional_migration_success_num]:[996655]
[start_transactional_migration_fail_num]:[1775]
[start_shadow_page_pair]:[309252]
[end_pgdemote_kswapd]:[10570282]
[end_pgdemote_direct]:[0]
[end_pgdemote_file]:[134614]
[end_pgdemote_anon]:[10435668]
[end_pgpromote_candidate]:[2263575]
[end_pgpromote_candidate_demoted]:[1097046]
[end_pgpromote_candidate_anon]:[2262788]
[end_pgpromote_candidate_file]:[787]
[end_pgpromote_tried]:[0]
[end_pgpromote_file]:[0]
[end_pgpromote_anon]:[0]
[end_pgmigrate_success]:[16541226]
[end_pgmigrate_fail]:[3924024]
[end_pgmigrate_fail_dst_node_full]:[17920]
[end_pgmigrate_fail_numa_isolate]:[17920]
[end_pgmigrate_fail_nomem]:[3973719]
[end_pgmigrate_fail_refcount]:[2176]
[end_success_nr]:[1937758]
[end_retry_nr]:[10026]
[end_retreated_page_nr]:[280]
[end_try_to_promote_nr]:[2243454]
[end_task_num]:[0]
[end_write_protect_break_num]:[626625]
[end_shadow_link_num]:[1937747]
[end_shadow_demote_num]:[900393]
[end_batch_free_num]:[308]
[end_transactional_migration_success_num]:[1937749]
[end_transactional_migration_fail_num]:[2126]
[end_shadow_page_pair]:[410306]
[note]:[4]
[milliseconds]:[47392]
[total tick]:[123229937384]
[work type]:[0]
[Bandwidth(MB/s)]:[3296.969953]
---------------------------
