-----------start-----------
[start_pgdemote_kswapd]:[2636379]
[start_pgdemote_direct]:[0]
[start_pgdemote_file]:[9259]
[start_pgdemote_anon]:[2627120]
[start_pgpromote_candidate]:[54]
[start_pgpromote_candidate_demoted]:[53]
[start_pgpromote_candidate_anon]:[54]
[start_pgpromote_candidate_file]:[0]
[start_pgpromote_tried]:[0]
[start_pgpromote_file]:[0]
[start_pgpromote_anon]:[0]
[start_pgmigrate_success]:[2636379]
[start_pgmigrate_fail]:[1]
[start_pgmigrate_fail_dst_node_full]:[0]
[start_pgmigrate_fail_numa_isolate]:[0]
[start_pgmigrate_fail_nomem]:[0]
[start_pgmigrate_fail_refcount]:[80]
[start_success_nr]:[37]
[start_retry_nr]:[81]
[start_retreated_page_nr]:[8]
[start_try_to_promote_nr]:[45]
[start_task_num]:[0]
[start_write_protect_break_num]:[7]
[start_shadow_link_num]:[37]
[start_shadow_demote_num]:[0]
[start_batch_free_num]:[0]
[start_transactional_migration_success_num]:[38]
[start_transactional_migration_fail_num]:[80]
[start_shadow_page_pair]:[10]
[end_pgdemote_kswapd]:[5678691]
[end_pgdemote_direct]:[0]
[end_pgdemote_file]:[134605]
[end_pgdemote_anon]:[5544086]
[end_pgpromote_candidate]:[5566]
[end_pgpromote_candidate_demoted]:[5565]
[end_pgpromote_candidate_anon]:[5431]
[end_pgpromote_candidate_file]:[135]
[end_pgpromote_tried]:[0]
[end_pgpromote_file]:[0]
[end_pgpromote_anon]:[0]
[end_pgmigrate_success]:[8050275]
[end_pgmigrate_fail]:[42]
[end_pgmigrate_fail_dst_node_full]:[0]
[end_pgmigrate_fail_numa_isolate]:[0]
[end_pgmigrate_fail_nomem]:[0]
[end_pgmigrate_fail_refcount]:[470]
[end_success_nr]:[750]
[end_retry_nr]:[471]
[end_retreated_page_nr]:[47]
[end_try_to_promote_nr]:[797]
[end_task_num]:[0]
[end_write_protect_break_num]:[34]
[end_shadow_link_num]:[750]
[end_shadow_demote_num]:[407]
[end_batch_free_num]:[0]
[end_transactional_migration_success_num]:[751]
[end_transactional_migration_fail_num]:[470]
[end_shadow_page_pair]:[270]
[note]:[0]
[milliseconds]:[20880]
[total tick]:[54290089176]
[work type]:[0]
[Bandwidth(MB/s)]:[7483.237548]
---------------------------
-----------start-----------
[start_pgdemote_kswapd]:[5678691]
[start_pgdemote_direct]:[0]
[start_pgdemote_file]:[134605]
[start_pgdemote_anon]:[5544086]
[start_pgpromote_candidate]:[5724]
[start_pgpromote_candidate_demoted]:[5723]
[start_pgpromote_candidate_anon]:[5514]
[start_pgpromote_candidate_file]:[210]
[start_pgpromote_tried]:[0]
[start_pgpromote_file]:[0]
[start_pgpromote_anon]:[0]
[start_pgmigrate_success]:[8050275]
[start_pgmigrate_fail]:[42]
[start_pgmigrate_fail_dst_node_full]:[0]
[start_pgmigrate_fail_numa_isolate]:[0]
[start_pgmigrate_fail_nomem]:[0]
[start_pgmigrate_fail_refcount]:[470]
[start_success_nr]:[827]
[start_retry_nr]:[471]
[start_retreated_page_nr]:[47]
[start_try_to_promote_nr]:[874]
[start_task_num]:[0]
[start_write_protect_break_num]:[42]
[start_shadow_link_num]:[824]
[start_shadow_demote_num]:[407]
[start_batch_free_num]:[0]
[start_transactional_migration_success_num]:[825]
[start_transactional_migration_fail_num]:[470]
[start_shadow_page_pair]:[321]
[end_pgdemote_kswapd]:[5912613]
[end_pgdemote_direct]:[0]
[end_pgdemote_file]:[136023]
[end_pgdemote_anon]:[5776590]
[end_pgpromote_candidate]:[9813]
[end_pgpromote_candidate_demoted]:[9778]
[end_pgpromote_candidate_anon]:[9491]
[end_pgpromote_candidate_file]:[322]
[end_pgpromote_tried]:[0]
[end_pgpromote_file]:[0]
[end_pgpromote_anon]:[0]
[end_pgmigrate_success]:[9143845]
[end_pgmigrate_fail]:[799819]
[end_pgmigrate_fail_dst_node_full]:[0]
[end_pgmigrate_fail_numa_isolate]:[0]
[end_pgmigrate_fail_nomem]:[799744]
[end_pgmigrate_fail_refcount]:[610]
[end_success_nr]:[1549]
[end_retry_nr]:[612]
[end_retreated_page_nr]:[61]
[end_try_to_promote_nr]:[1610]
[end_task_num]:[0]
[end_write_protect_break_num]:[566]
[end_shadow_link_num]:[1536]
[end_shadow_demote_num]:[459]
[end_batch_free_num]:[0]
[end_transactional_migration_success_num]:[1536]
[end_transactional_migration_fail_num]:[610]
[end_shadow_page_pair]:[445]
[note]:[1]
[milliseconds]:[19243]
[total tick]:[50031680372]
[work type]:[0]
[Bandwidth(MB/s)]:[8119.835784]
---------------------------
-----------start-----------
[start_pgdemote_kswapd]:[6091989]
[start_pgdemote_direct]:[0]
[start_pgdemote_file]:[136023]
[start_pgdemote_anon]:[5955966]
[start_pgpromote_candidate]:[9903]
[start_pgpromote_candidate_demoted]:[9843]
[start_pgpromote_candidate_anon]:[9531]
[start_pgpromote_candidate_file]:[372]
[start_pgpromote_tried]:[0]
[start_pgpromote_file]:[0]
[start_pgpromote_anon]:[0]
[start_pgmigrate_success]:[9323221]
[start_pgmigrate_fail]:[799819]
[start_pgmigrate_fail_dst_node_full]:[0]
[start_pgmigrate_fail_numa_isolate]:[0]
[start_pgmigrate_fail_nomem]:[799744]
[start_pgmigrate_fail_refcount]:[623]
[start_success_nr]:[1591]
[start_retry_nr]:[627]
[start_retreated_page_nr]:[62]
[start_try_to_promote_nr]:[1653]
[start_task_num]:[0]
[start_write_protect_break_num]:[583]
[start_shadow_link_num]:[1577]
[start_shadow_demote_num]:[459]
[start_batch_free_num]:[0]
[start_transactional_migration_success_num]:[1580]
[start_transactional_migration_fail_num]:[623]
[start_shadow_page_pair]:[430]
[end_pgdemote_kswapd]:[6348424]
[end_pgdemote_direct]:[0]
[end_pgdemote_file]:[136023]
[end_pgdemote_anon]:[6212401]
[end_pgpromote_candidate]:[372277]
[end_pgpromote_candidate_demoted]:[11419]
[end_pgpromote_candidate_anon]:[371905]
[end_pgpromote_candidate_file]:[372]
[end_pgpromote_tried]:[0]
[end_pgpromote_file]:[0]
[end_pgpromote_anon]:[0]
[end_pgmigrate_success]:[9907848]
[end_pgmigrate_fail]:[1163339]
[end_pgmigrate_fail_dst_node_full]:[10752]
[end_pgmigrate_fail_numa_isolate]:[10752]
[end_pgmigrate_fail_nomem]:[1189590]
[end_pgmigrate_fail_refcount]:[633]
[end_success_nr]:[190466]
[end_retry_nr]:[1007]
[end_retreated_page_nr]:[71]
[end_try_to_promote_nr]:[362672]
[end_task_num]:[0]
[end_write_protect_break_num]:[71085]
[end_shadow_link_num]:[190451]
[end_shadow_demote_num]:[532]
[end_batch_free_num]:[0]
[end_transactional_migration_success_num]:[190454]
[end_transactional_migration_fail_num]:[623]
[end_shadow_page_pair]:[118727]
[note]:[2]
[milliseconds]:[21835]
[total tick]:[56772972078]
[work type]:[0]
[Bandwidth(MB/s)]:[7155.942294]
---------------------------
-----------start-----------
[start_pgdemote_kswapd]:[6642150]
[start_pgdemote_direct]:[0]
[start_pgdemote_file]:[136023]
[start_pgdemote_anon]:[6506127]
[start_pgpromote_candidate]:[372356]
[start_pgpromote_candidate_demoted]:[11498]
[start_pgpromote_candidate_anon]:[371978]
[start_pgpromote_candidate_file]:[378]
[start_pgpromote_tried]:[0]
[start_pgpromote_file]:[0]
[start_pgpromote_anon]:[0]
[start_pgmigrate_success]:[10201574]
[start_pgmigrate_fail]:[1163339]
[start_pgmigrate_fail_dst_node_full]:[10752]
[start_pgmigrate_fail_numa_isolate]:[10752]
[start_pgmigrate_fail_nomem]:[1189594]
[start_pgmigrate_fail_refcount]:[633]
[start_success_nr]:[190516]
[start_retry_nr]:[1007]
[start_retreated_page_nr]:[71]
[start_try_to_promote_nr]:[362746]
[start_task_num]:[0]
[start_write_protect_break_num]:[71101]
[start_shadow_link_num]:[190501]
[start_shadow_demote_num]:[532]
[start_batch_free_num]:[0]
[start_transactional_migration_success_num]:[190504]
[start_transactional_migration_fail_num]:[623]
[start_shadow_page_pair]:[118759]
[end_pgdemote_kswapd]:[7325919]
[end_pgdemote_direct]:[0]
[end_pgdemote_file]:[136023]
[end_pgdemote_anon]:[7189896]
[end_pgpromote_candidate]:[704463]
[end_pgpromote_candidate_demoted]:[14619]
[end_pgpromote_candidate_anon]:[704020]
[end_pgpromote_candidate_file]:[443]
[end_pgpromote_tried]:[0]
[end_pgpromote_file]:[0]
[end_pgpromote_anon]:[0]
[end_pgmigrate_success]:[11670751]
[end_pgmigrate_fail]:[1730123]
[end_pgmigrate_fail_dst_node_full]:[147968]
[end_pgmigrate_fail_numa_isolate]:[147968]
[end_pgmigrate_fail_nomem]:[1651621]
[end_pgmigrate_fail_refcount]:[836]
[end_success_nr]:[368427]
[end_retry_nr]:[1931]
[end_retreated_page_nr]:[93]
[end_try_to_promote_nr]:[692151]
[end_task_num]:[0]
[end_write_protect_break_num]:[207241]
[end_shadow_link_num]:[368412]
[end_shadow_demote_num]:[775]
[end_batch_free_num]:[0]
[end_transactional_migration_success_num]:[368415]
[end_transactional_migration_fail_num]:[826]
[end_shadow_page_pair]:[160273]
[note]:[3]
[milliseconds]:[22388]
[total tick]:[58209931886]
[work type]:[0]
[Bandwidth(MB/s)]:[6979.185278]
---------------------------
-----------start-----------
[start_pgdemote_kswapd]:[7540723]
[start_pgdemote_direct]:[0]
[start_pgdemote_file]:[136024]
[start_pgdemote_anon]:[7404699]
[start_pgpromote_candidate]:[704563]
[start_pgpromote_candidate_demoted]:[14655]
[start_pgpromote_candidate_anon]:[704062]
[start_pgpromote_candidate_file]:[501]
[start_pgpromote_tried]:[0]
[start_pgpromote_file]:[0]
[start_pgpromote_anon]:[0]
[start_pgmigrate_success]:[11885555]
[start_pgmigrate_fail]:[1730123]
[start_pgmigrate_fail_dst_node_full]:[147968]
[start_pgmigrate_fail_numa_isolate]:[147968]
[start_pgmigrate_fail_nomem]:[1651621]
[start_pgmigrate_fail_refcount]:[866]
[start_success_nr]:[368465]
[start_retry_nr]:[1961]
[start_retreated_page_nr]:[96]
[start_try_to_promote_nr]:[692192]
[start_task_num]:[0]
[start_write_protect_break_num]:[207248]
[start_shadow_link_num]:[368450]
[start_shadow_demote_num]:[799]
[start_batch_free_num]:[0]
[start_transactional_migration_success_num]:[368453]
[start_transactional_migration_fail_num]:[856]
[start_shadow_page_pair]:[160275]
[end_pgdemote_kswapd]:[8207829]
[end_pgdemote_direct]:[0]
[end_pgdemote_file]:[136024]
[end_pgdemote_anon]:[8071805]
[end_pgpromote_candidate]:[809045]
[end_pgpromote_candidate_demoted]:[68033]
[end_pgpromote_candidate_anon]:[808402]
[end_pgpromote_candidate_file]:[643]
[end_pgpromote_tried]:[0]
[end_pgpromote_file]:[0]
[end_pgpromote_anon]:[0]
[end_pgmigrate_success]:[13308885]
[end_pgmigrate_fail]:[2385483]
[end_pgmigrate_fail_dst_node_full]:[747008]
[end_pgmigrate_fail_numa_isolate]:[747008]
[end_pgmigrate_fail_nomem]:[1707941]
[end_pgmigrate_fail_refcount]:[1569]
[end_success_nr]:[469975]
[end_retry_nr]:[3006]
[end_retreated_page_nr]:[167]
[end_try_to_promote_nr]:[793773]
[end_task_num]:[0]
[end_write_protect_break_num]:[414905]
[end_shadow_link_num]:[469960]
[end_shadow_demote_num]:[1284]
[end_batch_free_num]:[0]
[end_transactional_migration_success_num]:[469965]
[end_transactional_migration_fail_num]:[1559]
[end_shadow_page_pair]:[53623]
[note]:[4]
[milliseconds]:[22089]
[total tick]:[57433009042]
[work type]:[0]
[Bandwidth(MB/s)]:[7073.656571]
---------------------------
