-----------start-----------
[start_pgdemote_kswapd]:[2953750]
[start_pgdemote_direct]:[0]
[start_pgdemote_file]:[11246]
[start_pgdemote_anon]:[2942504]
[start_pgpromote_candidate]:[54]
[start_pgpromote_candidate_demoted]:[53]
[start_pgpromote_candidate_anon]:[54]
[start_pgpromote_candidate_file]:[0]
[start_pgpromote_tried]:[0]
[start_pgpromote_file]:[0]
[start_pgpromote_anon]:[0]
[start_pgmigrate_success]:[2953750]
[start_pgmigrate_fail]:[2]
[start_pgmigrate_fail_dst_node_full]:[0]
[start_pgmigrate_fail_numa_isolate]:[0]
[start_pgmigrate_fail_nomem]:[0]
[start_pgmigrate_fail_refcount]:[80]
[start_success_nr]:[37]
[start_retry_nr]:[82]
[start_retreated_page_nr]:[8]
[start_try_to_promote_nr]:[45]
[start_task_num]:[0]
[start_write_protect_break_num]:[19]
[start_shadow_link_num]:[37]
[start_shadow_demote_num]:[0]
[start_batch_free_num]:[0]
[start_transactional_migration_success_num]:[39]
[start_transactional_migration_fail_num]:[80]
[start_shadow_page_pair]:[11]
[end_pgdemote_kswapd]:[6150763]
[end_pgdemote_direct]:[0]
[end_pgdemote_file]:[133228]
[end_pgdemote_anon]:[6017535]
[end_pgpromote_candidate]:[6943]
[end_pgpromote_candidate_demoted]:[6942]
[end_pgpromote_candidate_anon]:[6789]
[end_pgpromote_candidate_file]:[154]
[end_pgpromote_tried]:[0]
[end_pgpromote_file]:[0]
[end_pgpromote_anon]:[0]
[end_pgmigrate_success]:[9044075]
[end_pgmigrate_fail]:[2641]
[end_pgmigrate_fail_dst_node_full]:[2560]
[end_pgmigrate_fail_numa_isolate]:[2560]
[end_pgmigrate_fail_nomem]:[0]
[end_pgmigrate_fail_refcount]:[530]
[end_success_nr]:[1074]
[end_retry_nr]:[532]
[end_retreated_page_nr]:[53]
[end_try_to_promote_nr]:[1127]
[end_task_num]:[0]
[end_write_protect_break_num]:[42]
[end_shadow_link_num]:[1074]
[end_shadow_demote_num]:[296]
[end_batch_free_num]:[0]
[end_transactional_migration_success_num]:[1076]
[end_transactional_migration_fail_num]:[530]
[end_shadow_page_pair]:[693]
[note]:[0]
[milliseconds]:[25653]
[total tick]:[66694105418]
[work type]:[0]
[Bandwidth(MB/s)]:[6090.905547]
---------------------------
-----------start-----------
[start_pgdemote_kswapd]:[6150766]
[start_pgdemote_direct]:[0]
[start_pgdemote_file]:[133231]
[start_pgdemote_anon]:[6017535]
[start_pgpromote_candidate]:[7169]
[start_pgpromote_candidate_demoted]:[7122]
[start_pgpromote_candidate_anon]:[6851]
[start_pgpromote_candidate_file]:[318]
[start_pgpromote_tried]:[0]
[start_pgpromote_file]:[0]
[start_pgpromote_anon]:[0]
[start_pgmigrate_success]:[9044078]
[start_pgmigrate_fail]:[2641]
[start_pgmigrate_fail_dst_node_full]:[2560]
[start_pgmigrate_fail_numa_isolate]:[2560]
[start_pgmigrate_fail_nomem]:[0]
[start_pgmigrate_fail_refcount]:[610]
[start_success_nr]:[1131]
[start_retry_nr]:[622]
[start_retreated_page_nr]:[62]
[start_try_to_promote_nr]:[1193]
[start_task_num]:[0]
[start_write_protect_break_num]:[60]
[start_shadow_link_num]:[1129]
[start_shadow_demote_num]:[296]
[start_batch_free_num]:[0]
[start_transactional_migration_success_num]:[1131]
[start_transactional_migration_fail_num]:[580]
[start_shadow_page_pair]:[718]
[end_pgdemote_kswapd]:[6481330]
[end_pgdemote_direct]:[0]
[end_pgdemote_file]:[133231]
[end_pgdemote_anon]:[6348099]
[end_pgpromote_candidate]:[41754]
[end_pgpromote_candidate_demoted]:[11180]
[end_pgpromote_candidate_anon]:[41431]
[end_pgpromote_candidate_file]:[323]
[end_pgpromote_tried]:[0]
[end_pgpromote_file]:[0]
[end_pgpromote_anon]:[0]
[end_pgmigrate_success]:[9821618]
[end_pgmigrate_fail]:[1113681]
[end_pgmigrate_fail_dst_node_full]:[2560]
[end_pgmigrate_fail_numa_isolate]:[2560]
[end_pgmigrate_fail_nomem]:[1111040]
[end_pgmigrate_fail_refcount]:[650]
[end_success_nr]:[32654]
[end_retry_nr]:[749]
[end_retreated_page_nr]:[66]
[end_try_to_promote_nr]:[32720]
[end_task_num]:[0]
[end_write_protect_break_num]:[1300]
[end_shadow_link_num]:[32656]
[end_shadow_demote_num]:[307]
[end_batch_free_num]:[0]
[end_transactional_migration_success_num]:[32654]
[end_transactional_migration_fail_num]:[610]
[end_shadow_page_pair]:[30992]
[note]:[1]
[milliseconds]:[21170]
[total tick]:[55042189254]
[work type]:[0]
[Bandwidth(MB/s)]:[7380.727444]
---------------------------
-----------start-----------
[start_pgdemote_kswapd]:[6481330]
[start_pgdemote_direct]:[0]
[start_pgdemote_file]:[133231]
[start_pgdemote_anon]:[6348099]
[start_pgpromote_candidate]:[41772]
[start_pgpromote_candidate_demoted]:[11198]
[start_pgpromote_candidate_anon]:[41447]
[start_pgpromote_candidate_file]:[325]
[start_pgpromote_tried]:[0]
[start_pgpromote_file]:[0]
[start_pgpromote_anon]:[0]
[start_pgmigrate_success]:[9821618]
[start_pgmigrate_fail]:[1113681]
[start_pgmigrate_fail_dst_node_full]:[2560]
[start_pgmigrate_fail_numa_isolate]:[2560]
[start_pgmigrate_fail_nomem]:[1111040]
[start_pgmigrate_fail_refcount]:[690]
[start_success_nr]:[32671]
[start_retry_nr]:[789]
[start_retreated_page_nr]:[70]
[start_try_to_promote_nr]:[32741]
[start_task_num]:[0]
[start_write_protect_break_num]:[1306]
[start_shadow_link_num]:[32669]
[start_shadow_demote_num]:[307]
[start_batch_free_num]:[0]
[start_transactional_migration_success_num]:[32671]
[start_transactional_migration_fail_num]:[650]
[start_shadow_page_pair]:[30981]
[end_pgdemote_kswapd]:[6731828]
[end_pgdemote_direct]:[0]
[end_pgdemote_file]:[133232]
[end_pgdemote_anon]:[6598596]
[end_pgpromote_candidate]:[264229]
[end_pgpromote_candidate_demoted]:[13467]
[end_pgpromote_candidate_anon]:[263901]
[end_pgpromote_candidate_file]:[328]
[end_pgpromote_tried]:[0]
[end_pgpromote_file]:[0]
[end_pgpromote_anon]:[0]
[end_pgmigrate_success]:[10405428]
[end_pgmigrate_fail]:[1652817]
[end_pgmigrate_fail_dst_node_full]:[38400]
[end_pgmigrate_fail_numa_isolate]:[38400]
[end_pgmigrate_fail_nomem]:[1637435]
[end_pgmigrate_fail_refcount]:[720]
[end_success_nr]:[142852]
[end_retry_nr]:[1099]
[end_retreated_page_nr]:[73]
[end_try_to_promote_nr]:[253482]
[end_task_num]:[0]
[end_write_protect_break_num]:[34842]
[end_shadow_link_num]:[142854]
[end_shadow_demote_num]:[397]
[end_batch_free_num]:[0]
[end_transactional_migration_success_num]:[142852]
[end_transactional_migration_fail_num]:[680]
[end_shadow_page_pair]:[107540]
[note]:[2]
[milliseconds]:[23905]
[total tick]:[62147215260]
[work type]:[0]
[Bandwidth(MB/s)]:[6536.289479]
---------------------------
-----------start-----------
[start_pgdemote_kswapd]:[6963311]
[start_pgdemote_direct]:[0]
[start_pgdemote_file]:[133232]
[start_pgdemote_anon]:[6830079]
[start_pgpromote_candidate]:[264920]
[start_pgpromote_candidate_demoted]:[14040]
[start_pgpromote_candidate_anon]:[264345]
[start_pgpromote_candidate_file]:[575]
[start_pgpromote_tried]:[0]
[start_pgpromote_file]:[0]
[start_pgpromote_anon]:[0]
[start_pgmigrate_success]:[10636911]
[start_pgmigrate_fail]:[1652817]
[start_pgmigrate_fail_dst_node_full]:[38400]
[start_pgmigrate_fail_numa_isolate]:[38400]
[start_pgmigrate_fail_nomem]:[1637435]
[start_pgmigrate_fail_refcount]:[1018]
[start_success_nr]:[143282]
[start_retry_nr]:[1397]
[start_retreated_page_nr]:[97]
[start_try_to_promote_nr]:[253936]
[start_task_num]:[0]
[start_write_protect_break_num]:[35014]
[start_shadow_link_num]:[143279]
[start_shadow_demote_num]:[400]
[start_batch_free_num]:[0]
[start_transactional_migration_success_num]:[143281]
[start_transactional_migration_fail_num]:[958]
[start_shadow_page_pair]:[107778]
[end_pgdemote_kswapd]:[7548543]
[end_pgdemote_direct]:[0]
[end_pgdemote_file]:[133232]
[end_pgdemote_anon]:[7415311]
[end_pgpromote_candidate]:[429923]
[end_pgpromote_candidate_demoted]:[16548]
[end_pgpromote_candidate_anon]:[429248]
[end_pgpromote_candidate_file]:[675]
[end_pgpromote_tried]:[0]
[end_pgpromote_file]:[0]
[end_pgpromote_anon]:[0]
[end_pgmigrate_success]:[11940991]
[end_pgmigrate_fail]:[2487889]
[end_pgmigrate_fail_dst_node_full]:[605696]
[end_pgmigrate_fail_numa_isolate]:[605696]
[end_pgmigrate_fail_nomem]:[1919346]
[end_pgmigrate_fail_refcount]:[1058]
[end_success_nr]:[239898]
[end_retry_nr]:[1794]
[end_retreated_page_nr]:[101]
[end_try_to_promote_nr]:[415805]
[end_task_num]:[0]
[end_write_protect_break_num]:[142801]
[end_shadow_link_num]:[239895]
[end_shadow_demote_num]:[400]
[end_batch_free_num]:[0]
[end_transactional_migration_success_num]:[239897]
[end_transactional_migration_fail_num]:[998]
[end_shadow_page_pair]:[96596]
[note]:[3]
[milliseconds]:[24195]
[total tick]:[62907008084]
[work type]:[0]
[Bandwidth(MB/s)]:[6457.945857]
---------------------------
-----------start-----------
[start_pgdemote_kswapd]:[7720081]
[start_pgdemote_direct]:[0]
[start_pgdemote_file]:[133232]
[start_pgdemote_anon]:[7586849]
[start_pgpromote_candidate]:[429923]
[start_pgpromote_candidate_demoted]:[16548]
[start_pgpromote_candidate_anon]:[429248]
[start_pgpromote_candidate_file]:[675]
[start_pgpromote_tried]:[0]
[start_pgpromote_file]:[0]
[start_pgpromote_anon]:[0]
[start_pgmigrate_success]:[12112529]
[start_pgmigrate_fail]:[2487889]
[start_pgmigrate_fail_dst_node_full]:[605696]
[start_pgmigrate_fail_numa_isolate]:[605696]
[start_pgmigrate_fail_nomem]:[1919346]
[start_pgmigrate_fail_refcount]:[1058]
[start_success_nr]:[239898]
[start_retry_nr]:[1794]
[start_retreated_page_nr]:[101]
[start_try_to_promote_nr]:[415805]
[start_task_num]:[0]
[start_write_protect_break_num]:[142802]
[start_shadow_link_num]:[239895]
[start_shadow_demote_num]:[400]
[start_batch_free_num]:[0]
[start_transactional_migration_success_num]:[239897]
[start_transactional_migration_fail_num]:[998]
[start_shadow_page_pair]:[96595]
[end_pgdemote_kswapd]:[8210959]
[end_pgdemote_direct]:[0]
[end_pgdemote_file]:[133233]
[end_pgdemote_anon]:[8077726]
[end_pgpromote_candidate]:[508905]
[end_pgpromote_candidate_demoted]:[48103]
[end_pgpromote_candidate_anon]:[508213]
[end_pgpromote_candidate_file]:[692]
[end_pgpromote_tried]:[0]
[end_pgpromote_file]:[0]
[end_pgpromote_anon]:[0]
[end_pgmigrate_success]:[13178383]
[end_pgmigrate_fail]:[2810961]
[end_pgmigrate_fail_dst_node_full]:[728576]
[end_pgmigrate_fail_numa_isolate]:[728576]
[end_pgmigrate_fail_nomem]:[2143549]
[end_pgmigrate_fail_refcount]:[1208]
[end_success_nr]:[282393]
[end_retry_nr]:[2109]
[end_retreated_page_nr]:[116]
[end_try_to_promote_nr]:[493011]
[end_task_num]:[0]
[end_write_protect_break_num]:[238767]
[end_shadow_link_num]:[282390]
[end_shadow_demote_num]:[900]
[end_batch_free_num]:[0]
[end_transactional_migration_success_num]:[282392]
[end_transactional_migration_fail_num]:[1138]
[end_shadow_page_pair]:[42623]
[note]:[4]
[milliseconds]:[21165]
[total tick]:[55031773308]
[work type]:[0]
[Bandwidth(MB/s)]:[7382.471061]
---------------------------
