-----------start-----------
[start_pgdemote_kswapd]:[4060674]
[start_pgdemote_direct]:[0]
[start_pgdemote_file]:[14572]
[start_pgdemote_anon]:[4046102]
[start_pgpromote_candidate]:[109]
[start_pgpromote_candidate_demoted]:[91]
[start_pgpromote_candidate_anon]:[86]
[start_pgpromote_candidate_file]:[23]
[start_pgpromote_tried]:[0]
[start_pgpromote_file]:[0]
[start_pgpromote_anon]:[0]
[start_pgmigrate_success]:[4060674]
[start_pgmigrate_fail]:[7]
[start_pgmigrate_fail_dst_node_full]:[0]
[start_pgmigrate_fail_numa_isolate]:[0]
[start_pgmigrate_fail_nomem]:[0]
[start_pgmigrate_fail_refcount]:[130]
[start_success_nr]:[65]
[start_retry_nr]:[131]
[start_retreated_page_nr]:[13]
[start_try_to_promote_nr]:[78]
[start_task_num]:[0]
[start_write_protect_break_num]:[17]
[start_shadow_link_num]:[65]
[start_shadow_demote_num]:[0]
[start_batch_free_num]:[0]
[start_transactional_migration_success_num]:[66]
[start_transactional_migration_fail_num]:[130]
[start_shadow_page_pair]:[42]
[end_pgdemote_kswapd]:[13604135]
[end_pgdemote_direct]:[0]
[end_pgdemote_file]:[57166]
[end_pgdemote_anon]:[13546969]
[end_pgpromote_candidate]:[8509633]
[end_pgpromote_candidate_demoted]:[4602091]
[end_pgpromote_candidate_anon]:[8509469]
[end_pgpromote_candidate_file]:[164]
[end_pgpromote_tried]:[0]
[end_pgpromote_file]:[0]
[end_pgpromote_anon]:[0]
[end_pgmigrate_success]:[14715175]
[end_pgmigrate_fail]:[787761]
[end_pgmigrate_fail_dst_node_full]:[192000]
[end_pgmigrate_fail_numa_isolate]:[192000]
[end_pgmigrate_fail_nomem]:[594749]
[end_pgmigrate_fail_refcount]:[4101]
[end_success_nr]:[7632126]
[end_retry_nr]:[14624]
[end_retreated_page_nr]:[450]
[end_try_to_promote_nr]:[7632591]
[end_task_num]:[0]
[end_write_protect_break_num]:[2862]
[end_shadow_link_num]:[7632077]
[end_shadow_demote_num]:[0]
[end_batch_free_num]:[7626868]
[end_transactional_migration_success_num]:[7632079]
[end_transactional_migration_fail_num]:[3608]
[end_shadow_page_pair]:[2222]
[note]:[0]
[milliseconds]:[121593]
[total tick]:[314379651200]
[work type]:[5]
[Bandwidth(MB/s)]:[1285.024631]
---------------------------
-----------start-----------
[start_pgdemote_kswapd]:[13656021]
[start_pgdemote_direct]:[0]
[start_pgdemote_file]:[57273]
[start_pgdemote_anon]:[13598748]
[start_pgpromote_candidate]:[8587800]
[start_pgpromote_candidate_demoted]:[4603096]
[start_pgpromote_candidate_anon]:[8587635]
[start_pgpromote_candidate_file]:[165]
[start_pgpromote_tried]:[0]
[start_pgpromote_file]:[0]
[start_pgpromote_anon]:[0]
[start_pgmigrate_success]:[14767061]
[start_pgmigrate_fail]:[861933]
[start_pgmigrate_fail_dst_node_full]:[192000]
[start_pgmigrate_fail_numa_isolate]:[192000]
[start_pgmigrate_fail_nomem]:[668919]
[start_pgmigrate_fail_refcount]:[4111]
[start_success_nr]:[7681133]
[start_retry_nr]:[14634]
[start_retreated_page_nr]:[451]
[start_try_to_promote_nr]:[7681599]
[start_task_num]:[0]
[start_write_protect_break_num]:[2864]
[start_shadow_link_num]:[7681081]
[start_shadow_demote_num]:[0]
[start_batch_free_num]:[7678069]
[start_transactional_migration_success_num]:[7681083]
[start_transactional_migration_fail_num]:[3618]
[start_shadow_page_pair]:[12]
[end_pgdemote_kswapd]:[25817863]
[end_pgdemote_direct]:[0]
[end_pgdemote_file]:[66940]
[end_pgdemote_anon]:[25750923]
[end_pgpromote_candidate]:[22198236]
[end_pgpromote_candidate_demoted]:[16434928]
[end_pgpromote_candidate_anon]:[22197852]
[end_pgpromote_candidate_file]:[384]
[end_pgpromote_tried]:[0]
[end_pgpromote_file]:[0]
[end_pgpromote_anon]:[0]
[end_pgmigrate_success]:[26929927]
[end_pgmigrate_fail]:[1628219]
[end_pgmigrate_fail_dst_node_full]:[192000]
[end_pgmigrate_fail_numa_isolate]:[192000]
[end_pgmigrate_fail_nomem]:[1434502]
[end_pgmigrate_fail_refcount]:[6523]
[end_success_nr]:[19833232]
[end_retry_nr]:[66913]
[end_retreated_page_nr]:[1169]
[end_try_to_promote_nr]:[19834433]
[end_task_num]:[0]
[end_write_protect_break_num]:[100461]
[end_shadow_link_num]:[19833167]
[end_shadow_demote_num]:[362316]
[end_batch_free_num]:[19367350]
[end_transactional_migration_success_num]:[19833170]
[end_transactional_migration_fail_num]:[5946]
[end_shadow_page_pair]:[2364]
[note]:[1]
[milliseconds]:[156053]
[total tick]:[405727525370]
[work type]:[5]
[Bandwidth(MB/s)]:[1001.262392]
---------------------------
-----------start-----------
[start_pgdemote_kswapd]:[25898876]
[start_pgdemote_direct]:[0]
[start_pgdemote_file]:[66940]
[start_pgdemote_anon]:[25831936]
[start_pgpromote_candidate]:[22198252]
[start_pgpromote_candidate_demoted]:[16434944]
[start_pgpromote_candidate_anon]:[22197868]
[start_pgpromote_candidate_file]:[384]
[start_pgpromote_tried]:[0]
[start_pgpromote_file]:[0]
[start_pgpromote_anon]:[0]
[start_pgmigrate_success]:[27010940]
[start_pgmigrate_fail]:[1870740]
[start_pgmigrate_fail_dst_node_full]:[192000]
[start_pgmigrate_fail_numa_isolate]:[192000]
[start_pgmigrate_fail_nomem]:[1677023]
[start_pgmigrate_fail_refcount]:[6523]
[start_success_nr]:[19833243]
[start_retry_nr]:[66913]
[start_retreated_page_nr]:[1169]
[start_try_to_promote_nr]:[19834444]
[start_task_num]:[0]
[start_write_protect_break_num]:[100462]
[start_shadow_link_num]:[19833175]
[start_shadow_demote_num]:[362316]
[start_batch_free_num]:[19369715]
[start_transactional_migration_success_num]:[19833178]
[start_transactional_migration_fail_num]:[5946]
[start_shadow_page_pair]:[0]
[end_pgdemote_kswapd]:[38715861]
[end_pgdemote_direct]:[0]
[end_pgdemote_file]:[69326]
[end_pgdemote_anon]:[38646535]
[end_pgpromote_candidate]:[35552899]
[end_pgpromote_candidate_demoted]:[28462346]
[end_pgpromote_candidate_anon]:[35552061]
[end_pgpromote_candidate_file]:[838]
[end_pgpromote_tried]:[0]
[end_pgpromote_file]:[0]
[end_pgpromote_anon]:[0]
[end_pgmigrate_success]:[39827925]
[end_pgmigrate_fail]:[2952033]
[end_pgmigrate_fail_dst_node_full]:[192000]
[end_pgmigrate_fail_numa_isolate]:[192000]
[end_pgmigrate_fail_nomem]:[2757697]
[end_pgmigrate_fail_refcount]:[10997]
[end_success_nr]:[32682334]
[end_retry_nr]:[167689]
[end_retreated_page_nr]:[2814]
[end_try_to_promote_nr]:[32685183]
[end_task_num]:[0]
[end_write_protect_break_num]:[536175]
[end_shadow_link_num]:[32682257]
[end_shadow_demote_num]:[2140543]
[end_batch_free_num]:[29963758]
[end_transactional_migration_success_num]:[32682260]
[end_transactional_migration_fail_num]:[10408]
[end_shadow_page_pair]:[37327]
[note]:[2]
[milliseconds]:[173698]
[total tick]:[451604048468]
[work type]:[5]
[Bandwidth(MB/s)]:[899.549793]
---------------------------
-----------start-----------
[start_pgdemote_kswapd]:[38753234]
[start_pgdemote_direct]:[0]
[start_pgdemote_file]:[69362]
[start_pgdemote_anon]:[38683872]
[start_pgpromote_candidate]:[35553001]
[start_pgpromote_candidate_demoted]:[28462446]
[start_pgpromote_candidate_anon]:[35552142]
[start_pgpromote_candidate_file]:[859]
[start_pgpromote_tried]:[0]
[start_pgpromote_file]:[0]
[start_pgpromote_anon]:[0]
[start_pgmigrate_success]:[39865298]
[start_pgmigrate_fail]:[3050351]
[start_pgmigrate_fail_dst_node_full]:[192000]
[start_pgmigrate_fail_numa_isolate]:[192000]
[start_pgmigrate_fail_nomem]:[2856012]
[start_pgmigrate_fail_refcount]:[11047]
[start_success_nr]:[32682411]
[start_retry_nr]:[167739]
[start_retreated_page_nr]:[2819]
[start_try_to_promote_nr]:[32685265]
[start_task_num]:[0]
[start_write_protect_break_num]:[536186]
[start_shadow_link_num]:[32682331]
[start_shadow_demote_num]:[2140543]
[start_batch_free_num]:[30001092]
[start_transactional_migration_success_num]:[32682334]
[start_transactional_migration_fail_num]:[10458]
[start_shadow_page_pair]:[48]
[end_pgdemote_kswapd]:[51559472]
[end_pgdemote_direct]:[93]
[end_pgdemote_file]:[69798]
[end_pgdemote_anon]:[51489767]
[end_pgpromote_candidate]:[49099999]
[end_pgpromote_candidate_demoted]:[41662070]
[end_pgpromote_candidate_anon]:[49099057]
[end_pgpromote_candidate_file]:[942]
[end_pgpromote_tried]:[0]
[end_pgpromote_file]:[0]
[end_pgpromote_anon]:[0]
[end_pgmigrate_success]:[52687818]
[end_pgmigrate_fail]:[4073948]
[end_pgmigrate_fail_dst_node_full]:[192000]
[end_pgmigrate_fail_numa_isolate]:[192000]
[end_pgmigrate_fail_nomem]:[3879035]
[end_pgmigrate_fail_refcount]:[14091]
[end_success_nr]:[45876048]
[end_retry_nr]:[275287]
[end_retreated_page_nr]:[4489]
[end_try_to_promote_nr]:[45880573]
[end_task_num]:[0]
[end_write_protect_break_num]:[989643]
[end_shadow_link_num]:[45875966]
[end_shadow_demote_num]:[3983854]
[end_batch_free_num]:[40488523]
[end_transactional_migration_success_num]:[45875970]
[end_transactional_migration_fail_num]:[13497]
[end_shadow_page_pair]:[403598]
[note]:[3]
[milliseconds]:[175259]
[total tick]:[455682181124]
[work type]:[5]
[Bandwidth(MB/s)]:[891.537667]
---------------------------
-----------start-----------
[start_pgdemote_kswapd]:[51965112]
[start_pgdemote_direct]:[93]
[start_pgdemote_file]:[69871]
[start_pgdemote_anon]:[51895334]
[start_pgpromote_candidate]:[49100046]
[start_pgpromote_candidate_demoted]:[41662114]
[start_pgpromote_candidate_anon]:[49099074]
[start_pgpromote_candidate_file]:[972]
[start_pgpromote_tried]:[0]
[start_pgpromote_file]:[0]
[start_pgpromote_anon]:[0]
[start_pgmigrate_success]:[53093458]
[start_pgmigrate_fail]:[4233928]
[start_pgmigrate_fail_dst_node_full]:[192000]
[start_pgmigrate_fail_numa_isolate]:[192000]
[start_pgmigrate_fail_nomem]:[4039004]
[start_pgmigrate_fail_refcount]:[14101]
[start_success_nr]:[45876064]
[start_retry_nr]:[275298]
[start_retreated_page_nr]:[4490]
[start_try_to_promote_nr]:[45880590]
[start_task_num]:[0]
[start_write_protect_break_num]:[989643]
[start_shadow_link_num]:[45875979]
[start_shadow_demote_num]:[4034451]
[start_batch_free_num]:[40841530]
[start_transactional_migration_success_num]:[45875984]
[start_transactional_migration_fail_num]:[13507]
[start_shadow_page_pair]:[3]
[end_pgdemote_kswapd]:[65038926]
[end_pgdemote_direct]:[381]
[end_pgdemote_file]:[70024]
[end_pgdemote_anon]:[64969283]
[end_pgpromote_candidate]:[62594125]
[end_pgpromote_candidate_demoted]:[54843724]
[end_pgpromote_candidate_anon]:[62593101]
[end_pgpromote_candidate_file]:[1024]
[end_pgpromote_tried]:[0]
[end_pgpromote_file]:[0]
[end_pgpromote_anon]:[0]
[end_pgmigrate_success]:[66258237]
[end_pgmigrate_fail]:[5238760]
[end_pgmigrate_fail_dst_node_full]:[192000]
[end_pgmigrate_fail_numa_isolate]:[192000]
[end_pgmigrate_fail_nomem]:[5043155]
[end_pgmigrate_fail_refcount]:[16581]
[end_success_nr]:[59112354]
[end_retry_nr]:[391636]
[end_retreated_page_nr]:[6109]
[end_try_to_promote_nr]:[59118499]
[end_task_num]:[0]
[end_write_protect_break_num]:[1528716]
[end_shadow_link_num]:[59112268]
[end_shadow_demote_num]:[6261147]
[end_batch_free_num]:[51132730]
[end_transactional_migration_success_num]:[59112276]
[end_transactional_migration_fail_num]:[15928]
[end_shadow_page_pair]:[175010]
[note]:[4]
[milliseconds]:[173926]
[total tick]:[452210459368]
[work type]:[5]
[Bandwidth(MB/s)]:[898.370571]
---------------------------
