-----------start-----------
[start_pgdemote_kswapd]:[3514700]
[start_pgdemote_direct]:[0]
[start_pgdemote_file]:[15989]
[start_pgdemote_anon]:[3498711]
[start_pgpromote_candidate]:[33]
[start_pgpromote_candidate_demoted]:[33]
[start_pgpromote_candidate_anon]:[33]
[start_pgpromote_candidate_file]:[0]
[start_pgpromote_tried]:[0]
[start_pgpromote_file]:[0]
[start_pgpromote_anon]:[0]
[start_pgmigrate_success]:[3514700]
[start_pgmigrate_fail]:[25]
[start_pgmigrate_fail_dst_node_full]:[0]
[start_pgmigrate_fail_numa_isolate]:[0]
[start_pgmigrate_fail_nomem]:[0]
[start_pgmigrate_fail_refcount]:[50]
[start_success_nr]:[18]
[start_retry_nr]:[50]
[start_retreated_page_nr]:[5]
[start_try_to_promote_nr]:[23]
[start_task_num]:[0]
[start_write_protect_break_num]:[7]
[start_shadow_link_num]:[18]
[start_shadow_demote_num]:[0]
[start_batch_free_num]:[0]
[start_transactional_migration_success_num]:[18]
[start_transactional_migration_fail_num]:[50]
[start_shadow_page_pair]:[7]
[end_pgdemote_kswapd]:[11653270]
[end_pgdemote_direct]:[0]
[end_pgdemote_file]:[73782]
[end_pgdemote_anon]:[11579488]
[end_pgpromote_candidate]:[6931510]
[end_pgpromote_candidate_demoted]:[3668211]
[end_pgpromote_candidate_anon]:[6931312]
[end_pgpromote_candidate_file]:[198]
[end_pgpromote_tried]:[0]
[end_pgpromote_file]:[0]
[end_pgpromote_anon]:[0]
[end_pgmigrate_success]:[13009558]
[end_pgmigrate_fail]:[674162]
[end_pgmigrate_fail_dst_node_full]:[263168]
[end_pgmigrate_fail_numa_isolate]:[263168]
[end_pgmigrate_fail_nomem]:[409738]
[end_pgmigrate_fail_refcount]:[3186]
[end_success_nr]:[5964302]
[end_retry_nr]:[7879]
[end_retreated_page_nr]:[326]
[end_try_to_promote_nr]:[5964637]
[end_task_num]:[0]
[end_write_protect_break_num]:[3128]
[end_shadow_link_num]:[5964277]
[end_shadow_demote_num]:[16]
[end_batch_free_num]:[5960962]
[end_transactional_migration_success_num]:[5964279]
[end_transactional_migration_fail_num]:[2895]
[end_shadow_page_pair]:[87]
[note]:[0]
[milliseconds]:[84434]
[total tick]:[219520264821]
[work type]:[5]
[Bandwidth(MB/s)]:[1850.557832]
---------------------------
-----------start-----------
[start_pgdemote_kswapd]:[11706973]
[start_pgdemote_direct]:[0]
[start_pgdemote_file]:[74068]
[start_pgdemote_anon]:[11632905]
[start_pgpromote_candidate]:[7009959]
[start_pgpromote_candidate_demoted]:[3668986]
[start_pgpromote_candidate_anon]:[7009760]
[start_pgpromote_candidate_file]:[199]
[start_pgpromote_tried]:[0]
[start_pgpromote_file]:[0]
[start_pgpromote_anon]:[0]
[start_pgmigrate_success]:[13063261]
[start_pgmigrate_fail]:[961790]
[start_pgmigrate_fail_dst_node_full]:[263168]
[start_pgmigrate_fail_numa_isolate]:[263168]
[start_pgmigrate_fail_nomem]:[697359]
[start_pgmigrate_fail_refcount]:[3556]
[start_success_nr]:[6016919]
[start_retry_nr]:[8249]
[start_retreated_page_nr]:[363]
[start_try_to_promote_nr]:[6017291]
[start_task_num]:[0]
[start_write_protect_break_num]:[3142]
[start_shadow_link_num]:[6016881]
[start_shadow_demote_num]:[16]
[start_batch_free_num]:[6013634]
[start_transactional_migration_success_num]:[6016883]
[start_transactional_migration_fail_num]:[3245]
[start_shadow_page_pair]:[0]
[end_pgdemote_kswapd]:[24085173]
[end_pgdemote_direct]:[0]
[end_pgdemote_file]:[76584]
[end_pgdemote_anon]:[24008589]
[end_pgpromote_candidate]:[20251386]
[end_pgpromote_candidate_demoted]:[14995264]
[end_pgpromote_candidate_anon]:[20250858]
[end_pgpromote_candidate_file]:[528]
[end_pgpromote_tried]:[0]
[end_pgpromote_file]:[0]
[end_pgpromote_anon]:[0]
[end_pgmigrate_success]:[25445045]
[end_pgmigrate_fail]:[1992994]
[end_pgmigrate_fail_dst_node_full]:[263168]
[end_pgmigrate_fail_numa_isolate]:[263168]
[end_pgmigrate_fail_nomem]:[1727952]
[end_pgmigrate_fail_refcount]:[10130]
[end_success_nr]:[18778522]
[end_retry_nr]:[128675]
[end_retreated_page_nr]:[2115]
[end_try_to_promote_nr]:[18780646]
[end_task_num]:[0]
[end_write_protect_break_num]:[334637]
[end_shadow_link_num]:[18778472]
[end_shadow_demote_num]:[1401936]
[end_batch_free_num]:[17035512]
[end_transactional_migration_success_num]:[18778476]
[end_transactional_migration_fail_num]:[9756]
[end_shadow_page_pair]:[2172]
[note]:[1]
[milliseconds]:[158189]
[total tick]:[411289124694]
[work type]:[5]
[Bandwidth(MB/s)]:[987.742511]
---------------------------
-----------start-----------
[start_pgdemote_kswapd]:[24554559]
[start_pgdemote_direct]:[0]
[start_pgdemote_file]:[77745]
[start_pgdemote_anon]:[24476814]
[start_pgpromote_candidate]:[20251474]
[start_pgpromote_candidate_demoted]:[14995352]
[start_pgpromote_candidate_anon]:[20250943]
[start_pgpromote_candidate_file]:[531]
[start_pgpromote_tried]:[0]
[start_pgpromote_file]:[0]
[start_pgpromote_anon]:[0]
[start_pgmigrate_success]:[25914431]
[start_pgmigrate_fail]:[2179550]
[start_pgmigrate_fail_dst_node_full]:[263168]
[start_pgmigrate_fail_numa_isolate]:[263168]
[start_pgmigrate_fail_nomem]:[1914455]
[start_pgmigrate_fail_refcount]:[10280]
[start_success_nr]:[18778602]
[start_retry_nr]:[128687]
[start_retreated_page_nr]:[2116]
[start_try_to_promote_nr]:[18780727]
[start_task_num]:[0]
[start_write_protect_break_num]:[334642]
[start_shadow_link_num]:[18778549]
[start_shadow_demote_num]:[1401936]
[start_batch_free_num]:[17037742]
[start_transactional_migration_success_num]:[18778555]
[start_transactional_migration_fail_num]:[9766]
[start_shadow_page_pair]:[1]
[end_pgdemote_kswapd]:[36680674]
[end_pgdemote_direct]:[0]
[end_pgdemote_file]:[87563]
[end_pgdemote_anon]:[36593111]
[end_pgpromote_candidate]:[33860801]
[end_pgpromote_candidate_demoted]:[27829249]
[end_pgpromote_candidate_anon]:[33860062]
[end_pgpromote_candidate_file]:[739]
[end_pgpromote_tried]:[0]
[end_pgpromote_file]:[0]
[end_pgpromote_anon]:[0]
[end_pgmigrate_success]:[38101935]
[end_pgmigrate_fail]:[2804757]
[end_pgmigrate_fail_dst_node_full]:[263168]
[end_pgmigrate_fail_numa_isolate]:[263168]
[end_pgmigrate_fail_nomem]:[2539099]
[end_pgmigrate_fail_refcount]:[12779]
[end_success_nr]:[30895921]
[end_retry_nr]:[153607]
[end_retreated_page_nr]:[2615]
[end_try_to_promote_nr]:[30898559]
[end_task_num]:[0]
[end_write_protect_break_num]:[556762]
[end_shadow_link_num]:[30895864]
[end_shadow_demote_num]:[2164381]
[end_batch_free_num]:[28168518]
[end_transactional_migration_success_num]:[30895872]
[end_transactional_migration_fail_num]:[12245]
[end_shadow_page_pair]:[1466]
[note]:[2]
[milliseconds]:[156425]
[total tick]:[406703989020]
[work type]:[5]
[Bandwidth(MB/s)]:[998.881253]
---------------------------
-----------start-----------
[start_pgdemote_kswapd]:[36684421]
[start_pgdemote_direct]:[0]
[start_pgdemote_file]:[87563]
[start_pgdemote_anon]:[36596858]
[start_pgpromote_candidate]:[33860821]
[start_pgpromote_candidate_demoted]:[27829269]
[start_pgpromote_candidate_anon]:[33860082]
[start_pgpromote_candidate_file]:[739]
[start_pgpromote_tried]:[0]
[start_pgpromote_file]:[0]
[start_pgpromote_anon]:[0]
[start_pgmigrate_success]:[38105682]
[start_pgmigrate_fail]:[2952524]
[start_pgmigrate_fail_dst_node_full]:[263168]
[start_pgmigrate_fail_numa_isolate]:[263168]
[start_pgmigrate_fail_nomem]:[2686866]
[start_pgmigrate_fail_refcount]:[12779]
[start_success_nr]:[30895941]
[start_retry_nr]:[153608]
[start_retreated_page_nr]:[2615]
[start_try_to_promote_nr]:[30898579]
[start_task_num]:[0]
[start_write_protect_break_num]:[556763]
[start_shadow_link_num]:[30895881]
[start_shadow_demote_num]:[2164381]
[start_batch_free_num]:[28169987]
[start_transactional_migration_success_num]:[30895890]
[start_transactional_migration_fail_num]:[12245]
[start_shadow_page_pair]:[0]
[end_pgdemote_kswapd]:[50332253]
[end_pgdemote_direct]:[0]
[end_pgdemote_file]:[90289]
[end_pgdemote_anon]:[50241964]
[end_pgpromote_candidate]:[47913778]
[end_pgpromote_candidate_demoted]:[40854978]
[end_pgpromote_candidate_anon]:[47912673]
[end_pgpromote_candidate_file]:[1105]
[end_pgpromote_tried]:[0]
[end_pgpromote_file]:[0]
[end_pgpromote_anon]:[0]
[end_pgmigrate_success]:[51753514]
[end_pgmigrate_fail]:[4179966]
[end_pgmigrate_fail_dst_node_full]:[263168]
[end_pgmigrate_fail_numa_isolate]:[263168]
[end_pgmigrate_fail_nomem]:[3913616]
[end_pgmigrate_fail_refcount]:[17240]
[end_success_nr]:[44760957]
[end_retry_nr]:[311948]
[end_retreated_page_nr]:[4694]
[end_try_to_promote_nr]:[44765675]
[end_task_num]:[0]
[end_write_protect_break_num]:[787365]
[end_shadow_link_num]:[44760895]
[end_shadow_demote_num]:[2980238]
[end_batch_free_num]:[40755149]
[end_transactional_migration_success_num]:[44760904]
[end_transactional_migration_fail_num]:[16685]
[end_shadow_page_pair]:[230342]
[note]:[3]
[milliseconds]:[189342]
[total tick]:[492286168790]
[work type]:[5]
[Bandwidth(MB/s)]:[825.226310]
---------------------------
-----------start-----------
[start_pgdemote_kswapd]:[50562714]
[start_pgdemote_direct]:[0]
[start_pgdemote_file]:[90365]
[start_pgdemote_anon]:[50472349]
[start_pgpromote_candidate]:[47913830]
[start_pgpromote_candidate_demoted]:[40855028]
[start_pgpromote_candidate_anon]:[47912699]
[start_pgpromote_candidate_file]:[1131]
[start_pgpromote_tried]:[0]
[start_pgpromote_file]:[0]
[start_pgpromote_anon]:[0]
[start_pgmigrate_success]:[51983975]
[start_pgmigrate_fail]:[4270667]
[start_pgmigrate_fail_dst_node_full]:[263168]
[start_pgmigrate_fail_numa_isolate]:[263168]
[start_pgmigrate_fail_nomem]:[4004307]
[start_pgmigrate_fail_refcount]:[17300]
[start_success_nr]:[44760981]
[start_retry_nr]:[311998]
[start_retreated_page_nr]:[4699]
[start_try_to_promote_nr]:[44765704]
[start_task_num]:[0]
[start_write_protect_break_num]:[787365]
[start_shadow_link_num]:[44760914]
[start_shadow_demote_num]:[2994526]
[start_batch_free_num]:[40971203]
[start_transactional_migration_success_num]:[44760925]
[start_transactional_migration_fail_num]:[16735]
[start_shadow_page_pair]:[6]
[end_pgdemote_kswapd]:[63634397]
[end_pgdemote_direct]:[117]
[end_pgdemote_file]:[90549]
[end_pgdemote_anon]:[63543965]
[end_pgpromote_candidate]:[61608142]
[end_pgpromote_candidate_demoted]:[54343231]
[end_pgpromote_candidate_anon]:[61606959]
[end_pgpromote_candidate_file]:[1183]
[end_pgpromote_tried]:[0]
[end_pgpromote_file]:[0]
[end_pgpromote_anon]:[0]
[end_pgmigrate_success]:[65118124]
[end_pgmigrate_fail]:[5337884]
[end_pgmigrate_fail_dst_node_full]:[263168]
[end_pgmigrate_fail_numa_isolate]:[263168]
[end_pgmigrate_fail_nomem]:[5070882]
[end_pgmigrate_fail_refcount]:[20095]
[end_success_nr]:[58222028]
[end_retry_nr]:[426143]
[end_retreated_page_nr]:[6327]
[end_try_to_promote_nr]:[58228379]
[end_task_num]:[0]
[end_write_protect_break_num]:[1205929]
[end_shadow_link_num]:[58221960]
[end_shadow_demote_num]:[4700879]
[end_batch_free_num]:[51892951]
[end_transactional_migration_success_num]:[58221972]
[end_transactional_migration_fail_num]:[19502]
[end_shadow_page_pair]:[407957]
[note]:[4]
[milliseconds]:[179576]
[total tick]:[466895814628]
[work type]:[5]
[Bandwidth(MB/s)]:[870.105137]
---------------------------
