-----------start-----------
[start_pgdemote_kswapd]:[3474556]
[start_pgdemote_direct]:[0]
[start_pgdemote_file]:[14591]
[start_pgdemote_anon]:[3459965]
[start_pgpromote_candidate]:[69]
[start_pgpromote_candidate_demoted]:[49]
[start_pgpromote_candidate_anon]:[44]
[start_pgpromote_candidate_file]:[25]
[start_pgpromote_tried]:[0]
[start_pgpromote_file]:[0]
[start_pgpromote_anon]:[0]
[start_pgmigrate_success]:[3474556]
[start_pgmigrate_fail]:[4]
[start_pgmigrate_fail_dst_node_full]:[0]
[start_pgmigrate_fail_numa_isolate]:[0]
[start_pgmigrate_fail_nomem]:[0]
[start_pgmigrate_fail_refcount]:[90]
[start_success_nr]:[28]
[start_retry_nr]:[92]
[start_retreated_page_nr]:[9]
[start_try_to_promote_nr]:[37]
[start_task_num]:[0]
[start_write_protect_break_num]:[2]
[start_shadow_link_num]:[28]
[start_shadow_demote_num]:[0]
[start_batch_free_num]:[0]
[start_transactional_migration_success_num]:[30]
[start_transactional_migration_fail_num]:[90]
[start_shadow_page_pair]:[13]
[end_pgdemote_kswapd]:[12025836]
[end_pgdemote_direct]:[0]
[end_pgdemote_file]:[91355]
[end_pgdemote_anon]:[11934481]
[end_pgpromote_candidate]:[7931102]
[end_pgpromote_candidate_demoted]:[4193107]
[end_pgpromote_candidate_anon]:[7931046]
[end_pgpromote_candidate_file]:[56]
[end_pgpromote_tried]:[0]
[end_pgpromote_file]:[0]
[end_pgpromote_anon]:[0]
[end_pgmigrate_success]:[13016556]
[end_pgmigrate_fail]:[513255]
[end_pgmigrate_fail_dst_node_full]:[166400]
[end_pgmigrate_fail_numa_isolate]:[166400]
[end_pgmigrate_fail_nomem]:[343735]
[end_pgmigrate_fail_refcount]:[31404]
[end_success_nr]:[6726763]
[end_retry_nr]:[7805]
[end_retreated_page_nr]:[199]
[end_try_to_promote_nr]:[6726965]
[end_task_num]:[0]
[end_write_protect_break_num]:[4642]
[end_shadow_link_num]:[6726740]
[end_shadow_demote_num]:[8]
[end_batch_free_num]:[6721750]
[end_transactional_migration_success_num]:[6726746]
[end_transactional_migration_fail_num]:[1363]
[end_shadow_page_pair]:[245]
[note]:[0]
[milliseconds]:[91548]
[total tick]:[237692430862]
[work type]:[5]
[Bandwidth(MB/s)]:[1706.754926]
---------------------------
-----------start-----------
[start_pgdemote_kswapd]:[12073338]
[start_pgdemote_direct]:[0]
[start_pgdemote_file]:[91917]
[start_pgdemote_anon]:[11981421]
[start_pgpromote_candidate]:[8009425]
[start_pgpromote_candidate_demoted]:[4193747]
[start_pgpromote_candidate_anon]:[8009337]
[start_pgpromote_candidate_file]:[88]
[start_pgpromote_tried]:[0]
[start_pgpromote_file]:[0]
[start_pgpromote_anon]:[0]
[start_pgmigrate_success]:[13064058]
[start_pgmigrate_fail]:[517842]
[start_pgmigrate_fail_dst_node_full]:[166400]
[start_pgmigrate_fail_numa_isolate]:[166400]
[start_pgmigrate_fail_nomem]:[348306]
[start_pgmigrate_fail_refcount]:[31554]
[start_success_nr]:[6773196]
[start_retry_nr]:[7955]
[start_retreated_page_nr]:[214]
[start_try_to_promote_nr]:[6773413]
[start_task_num]:[0]
[start_write_protect_break_num]:[4658]
[start_shadow_link_num]:[6773167]
[start_shadow_demote_num]:[8]
[start_batch_free_num]:[6768346]
[start_transactional_migration_success_num]:[6773173]
[start_transactional_migration_fail_num]:[1503]
[start_shadow_page_pair]:[34]
[end_pgdemote_kswapd]:[22963304]
[end_pgdemote_direct]:[0]
[end_pgdemote_file]:[94540]
[end_pgdemote_anon]:[22868764]
[end_pgpromote_candidate]:[19884820]
[end_pgpromote_candidate_demoted]:[14110004]
[end_pgpromote_candidate_anon]:[19884334]
[end_pgpromote_candidate_file]:[486]
[end_pgpromote_tried]:[0]
[end_pgpromote_file]:[0]
[end_pgpromote_anon]:[0]
[end_pgmigrate_success]:[23956072]
[end_pgmigrate_fail]:[1325839]
[end_pgmigrate_fail_dst_node_full]:[175616]
[end_pgmigrate_fail_numa_isolate]:[175616]
[end_pgmigrate_fail_nomem]:[1146855]
[end_pgmigrate_fail_refcount]:[33897]
[end_success_nr]:[18099447]
[end_retry_nr]:[85702]
[end_retreated_page_nr]:[1193]
[end_try_to_promote_nr]:[18100643]
[end_task_num]:[0]
[end_write_protect_break_num]:[490525]
[end_shadow_link_num]:[18099412]
[end_shadow_demote_num]:[2200010]
[end_batch_free_num]:[14961252]
[end_transactional_migration_success_num]:[18099418]
[end_transactional_migration_fail_num]:[3841]
[end_shadow_page_pair]:[440621]
[note]:[1]
[milliseconds]:[139569]
[total tick]:[362867419846]
[work type]:[5]
[Bandwidth(MB/s)]:[1119.517945]
---------------------------
-----------start-----------
[start_pgdemote_kswapd]:[23483516]
[start_pgdemote_direct]:[0]
[start_pgdemote_file]:[94715]
[start_pgdemote_anon]:[23388801]
[start_pgpromote_candidate]:[19884878]
[start_pgpromote_candidate_demoted]:[14110062]
[start_pgpromote_candidate_anon]:[19884354]
[start_pgpromote_candidate_file]:[524]
[start_pgpromote_tried]:[0]
[start_pgpromote_file]:[0]
[start_pgpromote_anon]:[0]
[start_pgmigrate_success]:[24476284]
[start_pgmigrate_fail]:[1424476]
[start_pgmigrate_fail_dst_node_full]:[175616]
[start_pgmigrate_fail_numa_isolate]:[175616]
[start_pgmigrate_fail_nomem]:[1245458]
[start_pgmigrate_fail_refcount]:[33937]
[start_success_nr]:[18099461]
[start_retry_nr]:[85742]
[start_retreated_page_nr]:[1197]
[start_try_to_promote_nr]:[18100661]
[start_task_num]:[0]
[start_write_protect_break_num]:[490526]
[start_shadow_link_num]:[18099424]
[start_shadow_demote_num]:[2250885]
[start_batch_free_num]:[15351003]
[start_transactional_migration_success_num]:[18099430]
[start_transactional_migration_fail_num]:[3871]
[start_shadow_page_pair]:[0]
[end_pgdemote_kswapd]:[35421454]
[end_pgdemote_direct]:[0]
[end_pgdemote_file]:[99315]
[end_pgdemote_anon]:[35322139]
[end_pgpromote_candidate]:[32760808]
[end_pgpromote_candidate_demoted]:[26310076]
[end_pgpromote_candidate_anon]:[32759944]
[end_pgpromote_candidate_file]:[864]
[end_pgpromote_tried]:[0]
[end_pgpromote_file]:[0]
[end_pgpromote_anon]:[0]
[end_pgmigrate_success]:[36414222]
[end_pgmigrate_fail]:[2227079]
[end_pgmigrate_fail_dst_node_full]:[176128]
[end_pgmigrate_fail_numa_isolate]:[176128]
[end_pgmigrate_fail_nomem]:[2046914]
[end_pgmigrate_fail_refcount]:[36053]
[end_success_nr]:[30351059]
[end_retry_nr]:[150899]
[end_retreated_page_nr]:[2152]
[end_try_to_promote_nr]:[30353216]
[end_task_num]:[0]
[end_write_protect_break_num]:[1087560]
[end_shadow_link_num]:[30351025]
[end_shadow_demote_num]:[4660485]
[end_batch_free_num]:[24276356]
[end_transactional_migration_success_num]:[30351029]
[end_transactional_migration_fail_num]:[5913]
[end_shadow_page_pair]:[317034]
[note]:[2]
[milliseconds]:[155028]
[total tick]:[403059234046]
[work type]:[5]
[Bandwidth(MB/s)]:[1007.882447]
---------------------------
-----------start-----------
[start_pgdemote_kswapd]:[35739122]
[start_pgdemote_direct]:[0]
[start_pgdemote_file]:[99403]
[start_pgdemote_anon]:[35639719]
[start_pgpromote_candidate]:[32760859]
[start_pgpromote_candidate_demoted]:[26310127]
[start_pgpromote_candidate_anon]:[32759964]
[start_pgpromote_candidate_file]:[895]
[start_pgpromote_tried]:[0]
[start_pgpromote_file]:[0]
[start_pgpromote_anon]:[0]
[start_pgmigrate_success]:[36731890]
[start_pgmigrate_fail]:[2340127]
[start_pgmigrate_fail_dst_node_full]:[176128]
[start_pgmigrate_fail_numa_isolate]:[176128]
[start_pgmigrate_fail_nomem]:[2159948]
[start_pgmigrate_fail_refcount]:[36113]
[start_success_nr]:[30351078]
[start_retry_nr]:[150939]
[start_retreated_page_nr]:[2156]
[start_try_to_promote_nr]:[30353239]
[start_task_num]:[0]
[start_write_protect_break_num]:[1087560]
[start_shadow_link_num]:[30351039]
[start_shadow_demote_num]:[4687843]
[start_batch_free_num]:[24566038]
[start_transactional_migration_success_num]:[30351046]
[start_transactional_migration_fail_num]:[5953]
[start_shadow_page_pair]:[2]
[end_pgdemote_kswapd]:[49409137]
[end_pgdemote_direct]:[0]
[end_pgdemote_file]:[99779]
[end_pgdemote_anon]:[49309358]
[end_pgpromote_candidate]:[46965409]
[end_pgpromote_candidate_demoted]:[40215320]
[end_pgpromote_candidate_anon]:[46964386]
[end_pgpromote_candidate_file]:[1023]
[end_pgpromote_tried]:[0]
[end_pgpromote_file]:[0]
[end_pgpromote_anon]:[0]
[end_pgmigrate_success]:[50409585]
[end_pgmigrate_fail]:[3640736]
[end_pgmigrate_fail_dst_node_full]:[176128]
[end_pgmigrate_fail_numa_isolate]:[176128]
[end_pgmigrate_fail_nomem]:[3459829]
[end_pgmigrate_fail_refcount]:[39182]
[end_success_nr]:[44397423]
[end_retry_nr]:[301500]
[end_retreated_page_nr]:[4281]
[end_try_to_promote_nr]:[44401711]
[end_task_num]:[0]
[end_write_protect_break_num]:[1312187]
[end_shadow_link_num]:[44397384]
[end_shadow_demote_num]:[5474667]
[end_batch_free_num]:[37203978]
[end_transactional_migration_success_num]:[44397394]
[end_transactional_migration_fail_num]:[9017]
[end_shadow_page_pair]:[394027]
[note]:[3]
[milliseconds]:[197423]
[total tick]:[513309337674]
[work type]:[5]
[Bandwidth(MB/s)]:[791.447805]
---------------------------
-----------start-----------
[start_pgdemote_kswapd]:[49804588]
[start_pgdemote_direct]:[0]
[start_pgdemote_file]:[99889]
[start_pgdemote_anon]:[49704699]
[start_pgpromote_candidate]:[46965450]
[start_pgpromote_candidate_demoted]:[40215357]
[start_pgpromote_candidate_anon]:[46964409]
[start_pgpromote_candidate_file]:[1041]
[start_pgpromote_tried]:[0]
[start_pgpromote_file]:[0]
[start_pgpromote_anon]:[0]
[start_pgmigrate_success]:[50805036]
[start_pgmigrate_fail]:[3733389]
[start_pgmigrate_fail_dst_node_full]:[176128]
[start_pgmigrate_fail_numa_isolate]:[176128]
[start_pgmigrate_fail_nomem]:[3552452]
[start_pgmigrate_fail_refcount]:[39272]
[start_success_nr]:[44397441]
[start_retry_nr]:[301591]
[start_retreated_page_nr]:[4290]
[start_try_to_promote_nr]:[44401739]
[start_task_num]:[0]
[start_write_protect_break_num]:[1312188]
[start_shadow_link_num]:[44397400]
[start_shadow_demote_num]:[5508508]
[start_batch_free_num]:[37563865]
[start_transactional_migration_success_num]:[44397411]
[start_transactional_migration_fail_num]:[9107]
[start_shadow_page_pair]:[3]
[end_pgdemote_kswapd]:[64384881]
[end_pgdemote_direct]:[260]
[end_pgdemote_file]:[100000]
[end_pgdemote_anon]:[64285141]
[end_pgpromote_candidate]:[61588954]
[end_pgpromote_candidate_demoted]:[54702324]
[end_pgpromote_candidate_anon]:[61587886]
[end_pgpromote_candidate_file]:[1068]
[end_pgpromote_tried]:[0]
[end_pgpromote_file]:[0]
[end_pgpromote_anon]:[0]
[end_pgmigrate_success]:[65398182]
[end_pgmigrate_fail]:[5426824]
[end_pgmigrate_fail_dst_node_full]:[176128]
[end_pgmigrate_fail_numa_isolate]:[176128]
[end_pgmigrate_fail_nomem]:[5245143]
[end_pgmigrate_fail_refcount]:[40983]
[end_success_nr]:[58959982]
[end_retry_nr]:[483192]
[end_retreated_page_nr]:[6484]
[end_try_to_promote_nr]:[58966474]
[end_task_num]:[0]
[end_write_protect_break_num]:[1429144]
[end_shadow_link_num]:[58959941]
[end_shadow_demote_num]:[5869981]
[end_batch_free_num]:[51647378]
[end_transactional_migration_success_num]:[58959956]
[end_transactional_migration_fail_num]:[10804]
[end_shadow_page_pair]:[0]
[note]:[4]
[milliseconds]:[215904]
[total tick]:[561348946628]
[work type]:[5]
[Bandwidth(MB/s)]:[723.701275]
---------------------------
