-----------start-----------
[start_pgdemote_kswapd]:[3514105]
[start_pgdemote_direct]:[0]
[start_pgdemote_file]:[16380]
[start_pgdemote_anon]:[3497725]
[start_pgpromote_candidate]:[29]
[start_pgpromote_candidate_demoted]:[29]
[start_pgpromote_candidate_anon]:[29]
[start_pgpromote_candidate_file]:[0]
[start_pgpromote_tried]:[0]
[start_pgpromote_file]:[0]
[start_pgpromote_anon]:[0]
[start_pgmigrate_success]:[3514105]
[start_pgmigrate_fail]:[16]
[start_pgmigrate_fail_dst_node_full]:[0]
[start_pgmigrate_fail_numa_isolate]:[0]
[start_pgmigrate_fail_nomem]:[0]
[start_pgmigrate_fail_refcount]:[50]
[start_success_nr]:[19]
[start_retry_nr]:[11]
[start_retreated_page_nr]:[1]
[start_try_to_promote_nr]:[20]
[start_task_num]:[0]
[start_write_protect_break_num]:[10]
[start_shadow_link_num]:[19]
[start_shadow_demote_num]:[0]
[start_batch_free_num]:[0]
[start_transactional_migration_success_num]:[20]
[start_transactional_migration_fail_num]:[10]
[start_shadow_page_pair]:[6]
[end_pgdemote_kswapd]:[11996501]
[end_pgdemote_direct]:[0]
[end_pgdemote_file]:[32269]
[end_pgdemote_anon]:[11964232]
[end_pgpromote_candidate]:[6696374]
[end_pgpromote_candidate_demoted]:[3715780]
[end_pgpromote_candidate_anon]:[6696230]
[end_pgpromote_candidate_file]:[144]
[end_pgpromote_tried]:[0]
[end_pgpromote_file]:[0]
[end_pgpromote_anon]:[0]
[end_pgmigrate_success]:[13591816]
[end_pgmigrate_fail]:[848684]
[end_pgmigrate_fail_dst_node_full]:[164352]
[end_pgmigrate_fail_numa_isolate]:[164352]
[end_pgmigrate_fail_nomem]:[684279]
[end_pgmigrate_fail_refcount]:[3437]
[end_success_nr]:[6360652]
[end_retry_nr]:[47623]
[end_retreated_page_nr]:[797]
[end_try_to_promote_nr]:[6361449]
[end_task_num]:[0]
[end_write_protect_break_num]:[273279]
[end_shadow_link_num]:[6360614]
[end_shadow_demote_num]:[867667]
[end_batch_free_num]:[4978141]
[end_transactional_migration_success_num]:[6360618]
[end_transactional_migration_fail_num]:[3326]
[end_shadow_page_pair]:[240835]
[note]:[0]
[milliseconds]:[103490]
[total tick]:[269079487620]
[work type]:[5]
[Bandwidth(MB/s)]:[1509.807711]
---------------------------
-----------start-----------
[start_pgdemote_kswapd]:[12280706]
[start_pgdemote_direct]:[0]
[start_pgdemote_file]:[32681]
[start_pgdemote_anon]:[12248025]
[start_pgpromote_candidate]:[6774592]
[start_pgpromote_candidate_demoted]:[3716835]
[start_pgpromote_candidate_anon]:[6774417]
[start_pgpromote_candidate_file]:[175]
[start_pgpromote_tried]:[0]
[start_pgpromote_file]:[0]
[start_pgpromote_anon]:[0]
[start_pgmigrate_success]:[13876021]
[start_pgmigrate_fail]:[874167]
[start_pgmigrate_fail_dst_node_full]:[164352]
[start_pgmigrate_fail_numa_isolate]:[164352]
[start_pgmigrate_fail_nomem]:[709755]
[start_pgmigrate_fail_refcount]:[3517]
[start_success_nr]:[6403741]
[start_retry_nr]:[47703]
[start_retreated_page_nr]:[805]
[start_try_to_promote_nr]:[6404546]
[start_task_num]:[0]
[start_write_protect_break_num]:[273286]
[start_shadow_link_num]:[6403702]
[start_shadow_demote_num]:[893088]
[start_batch_free_num]:[5236603]
[start_transactional_migration_success_num]:[6403706]
[start_transactional_migration_fail_num]:[3386]
[start_shadow_page_pair]:[25]
[end_pgdemote_kswapd]:[24075505]
[end_pgdemote_direct]:[0]
[end_pgdemote_file]:[33177]
[end_pgdemote_anon]:[24042328]
[end_pgpromote_candidate]:[19230921]
[end_pgpromote_candidate_demoted]:[15081176]
[end_pgpromote_candidate_anon]:[19230674]
[end_pgpromote_candidate_file]:[247]
[end_pgpromote_tried]:[0]
[end_pgpromote_file]:[0]
[end_pgpromote_anon]:[0]
[end_pgmigrate_success]:[25730820]
[end_pgmigrate_fail]:[1773403]
[end_pgmigrate_fail_dst_node_full]:[164352]
[end_pgmigrate_fail_numa_isolate]:[164352]
[end_pgmigrate_fail_nomem]:[1608984]
[end_pgmigrate_fail_refcount]:[7411]
[end_success_nr]:[18637302]
[end_retry_nr]:[173992]
[end_retreated_page_nr]:[2561]
[end_try_to_promote_nr]:[18639864]
[end_task_num]:[0]
[end_write_protect_break_num]:[699582]
[end_shadow_link_num]:[18637235]
[end_shadow_demote_num]:[2977628]
[end_batch_free_num]:[14459746]
[end_transactional_migration_success_num]:[18637242]
[end_transactional_migration_fail_num]:[7232]
[end_shadow_page_pair]:[498984]
[note]:[1]
[milliseconds]:[156309]
[total tick]:[406410215626]
[work type]:[5]
[Bandwidth(MB/s)]:[999.622543]
---------------------------
-----------start-----------
[start_pgdemote_kswapd]:[24653105]
[start_pgdemote_direct]:[0]
[start_pgdemote_file]:[33177]
[start_pgdemote_anon]:[24619928]
[start_pgpromote_candidate]:[19231524]
[start_pgpromote_candidate_demoted]:[15081779]
[start_pgpromote_candidate_anon]:[19231267]
[start_pgpromote_candidate_file]:[257]
[start_pgpromote_tried]:[0]
[start_pgpromote_file]:[0]
[start_pgpromote_anon]:[0]
[start_pgmigrate_success]:[26308420]
[start_pgmigrate_fail]:[1815438]
[start_pgmigrate_fail_dst_node_full]:[164352]
[start_pgmigrate_fail_numa_isolate]:[164352]
[start_pgmigrate_fail_nomem]:[1651019]
[start_pgmigrate_fail_refcount]:[7944]
[start_success_nr]:[18637838]
[start_retry_nr]:[174528]
[start_retreated_page_nr]:[2610]
[start_try_to_promote_nr]:[18640450]
[start_task_num]:[0]
[start_write_protect_break_num]:[699593]
[start_shadow_link_num]:[18637771]
[start_shadow_demote_num]:[3049785]
[start_batch_free_num]:[14887088]
[start_transactional_migration_success_num]:[18637778]
[start_transactional_migration_fail_num]:[7755]
[start_shadow_page_pair]:[0]
[end_pgdemote_kswapd]:[36577452]
[end_pgdemote_direct]:[3402]
[end_pgdemote_file]:[33325]
[end_pgdemote_anon]:[36547529]
[end_pgpromote_candidate]:[31903309]
[end_pgpromote_candidate_demoted]:[27539555]
[end_pgpromote_candidate_anon]:[31903035]
[end_pgpromote_candidate_file]:[274]
[end_pgpromote_tried]:[0]
[end_pgpromote_file]:[0]
[end_pgpromote_anon]:[0]
[end_pgmigrate_success]:[38238775]
[end_pgmigrate_fail]:[2638531]
[end_pgmigrate_fail_dst_node_full]:[164352]
[end_pgmigrate_fail_numa_isolate]:[164352]
[end_pgmigrate_fail_nomem]:[2474112]
[end_pgmigrate_fail_refcount]:[10205]
[end_success_nr]:[31078145]
[end_retry_nr]:[291098]
[end_retreated_page_nr]:[4033]
[end_try_to_promote_nr]:[31082181]
[end_task_num]:[0]
[end_write_protect_break_num]:[1347617]
[end_shadow_link_num]:[31078057]
[end_shadow_demote_num]:[5896946]
[end_batch_free_num]:[23313448]
[end_transactional_migration_success_num]:[31078067]
[end_transactional_migration_fail_num]:[10002]
[end_shadow_page_pair]:[516690]
[note]:[2]
[milliseconds]:[157397]
[total tick]:[409236312502]
[work type]:[5]
[Bandwidth(MB/s)]:[992.712695]
---------------------------
-----------start-----------
[start_pgdemote_kswapd]:[37094400]
[start_pgdemote_direct]:[3402]
[start_pgdemote_file]:[33325]
[start_pgdemote_anon]:[37064477]
[start_pgpromote_candidate]:[31903323]
[start_pgpromote_candidate_demoted]:[27539564]
[start_pgpromote_candidate_anon]:[31903049]
[start_pgpromote_candidate_file]:[274]
[start_pgpromote_tried]:[0]
[start_pgpromote_file]:[0]
[start_pgpromote_anon]:[0]
[start_pgmigrate_success]:[38755723]
[start_pgmigrate_fail]:[2683164]
[start_pgmigrate_fail_dst_node_full]:[164352]
[start_pgmigrate_fail_numa_isolate]:[164352]
[start_pgmigrate_fail_nomem]:[2518745]
[start_pgmigrate_fail_refcount]:[10205]
[start_success_nr]:[31078155]
[start_retry_nr]:[291098]
[start_retreated_page_nr]:[4033]
[start_try_to_promote_nr]:[31082191]
[start_task_num]:[0]
[start_write_protect_break_num]:[1347621]
[start_shadow_link_num]:[31078067]
[start_shadow_demote_num]:[5960100]
[start_batch_free_num]:[23766986]
[start_transactional_migration_success_num]:[31078077]
[start_transactional_migration_fail_num]:[10002]
[start_shadow_page_pair]:[0]
[end_pgdemote_kswapd]:[51048935]
[end_pgdemote_direct]:[3402]
[end_pgdemote_file]:[33334]
[end_pgdemote_anon]:[51019003]
[end_pgpromote_candidate]:[45990220]
[end_pgpromote_candidate_demoted]:[41469675]
[end_pgpromote_candidate_anon]:[45989941]
[end_pgpromote_candidate_file]:[279]
[end_pgpromote_tried]:[0]
[end_pgpromote_file]:[0]
[end_pgpromote_anon]:[0]
[end_pgmigrate_success]:[52710258]
[end_pgmigrate_fail]:[3961395]
[end_pgmigrate_fail_dst_node_full]:[164352]
[end_pgmigrate_fail_numa_isolate]:[164352]
[end_pgmigrate_fail_nomem]:[3796976]
[end_pgmigrate_fail_refcount]:[14368]
[end_success_nr]:[45106992]
[end_retry_nr]:[451973]
[end_retreated_page_nr]:[6681]
[end_try_to_promote_nr]:[45113677]
[end_task_num]:[0]
[end_write_protect_break_num]:[1567302]
[end_shadow_link_num]:[45106886]
[end_shadow_demote_num]:[6852851]
[end_batch_free_num]:[36589039]
[end_transactional_migration_success_num]:[45106898]
[end_transactional_migration_fail_num]:[14129]
[end_shadow_page_pair]:[93007]
[note]:[3]
[milliseconds]:[208493]
[total tick]:[542091571234]
[work type]:[5]
[Bandwidth(MB/s)]:[749.425640]
---------------------------
-----------start-----------
[start_pgdemote_kswapd]:[51142289]
[start_pgdemote_direct]:[3402]
[start_pgdemote_file]:[33334]
[start_pgdemote_anon]:[51112357]
[start_pgpromote_candidate]:[45990230]
[start_pgpromote_candidate_demoted]:[41469685]
[start_pgpromote_candidate_anon]:[45989951]
[start_pgpromote_candidate_file]:[279]
[start_pgpromote_tried]:[0]
[start_pgpromote_file]:[0]
[start_pgpromote_anon]:[0]
[start_pgmigrate_success]:[52803612]
[start_pgmigrate_fail]:[3970879]
[start_pgmigrate_fail_dst_node_full]:[164352]
[start_pgmigrate_fail_numa_isolate]:[164352]
[start_pgmigrate_fail_nomem]:[3806460]
[start_pgmigrate_fail_refcount]:[14368]
[start_success_nr]:[45106999]
[start_retry_nr]:[451973]
[start_retreated_page_nr]:[6681]
[start_try_to_promote_nr]:[45113684]
[start_task_num]:[0]
[start_write_protect_break_num]:[1567302]
[start_shadow_link_num]:[45106893]
[start_shadow_demote_num]:[6854962]
[start_batch_free_num]:[36679941]
[start_transactional_migration_success_num]:[45106905]
[start_transactional_migration_fail_num]:[14129]
[start_shadow_page_pair]:[0]
[end_pgdemote_kswapd]:[62590782]
[end_pgdemote_direct]:[3402]
[end_pgdemote_file]:[39718]
[end_pgdemote_anon]:[62554466]
[end_pgpromote_candidate]:[59448427]
[end_pgpromote_candidate_demoted]:[54107572]
[end_pgpromote_candidate_anon]:[59448130]
[end_pgpromote_candidate_file]:[297]
[end_pgpromote_tried]:[0]
[end_pgpromote_file]:[0]
[end_pgpromote_anon]:[0]
[end_pgmigrate_success]:[64256201]
[end_pgmigrate_fail]:[4470481]
[end_pgmigrate_fail_dst_node_full]:[164352]
[end_pgmigrate_fail_numa_isolate]:[164352]
[end_pgmigrate_fail_nomem]:[4306044]
[end_pgmigrate_fail_refcount]:[15058]
[end_success_nr]:[56528606]
[end_retry_nr]:[485736]
[end_retreated_page_nr]:[7255]
[end_try_to_promote_nr]:[56535878]
[end_task_num]:[0]
[end_write_protect_break_num]:[1594181]
[end_shadow_link_num]:[56528497]
[end_shadow_demote_num]:[6917797]
[end_batch_free_num]:[48009271]
[end_transactional_migration_success_num]:[56528509]
[end_transactional_migration_fail_num]:[14807]
[end_shadow_page_pair]:[2499]
[note]:[4]
[milliseconds]:[151559]
[total tick]:[394058184050]
[work type]:[5]
[Bandwidth(MB/s)]:[1030.951643]
---------------------------
