-----------start-----------
[start_pgdemote_kswapd]:[3477069]
[start_pgdemote_direct]:[0]
[start_pgdemote_file]:[14238]
[start_pgdemote_anon]:[3462831]
[start_pgpromote_candidate]:[86]
[start_pgpromote_candidate_demoted]:[77]
[start_pgpromote_candidate_anon]:[74]
[start_pgpromote_candidate_file]:[12]
[start_pgpromote_tried]:[0]
[start_pgpromote_file]:[0]
[start_pgpromote_anon]:[0]
[start_pgmigrate_success]:[3477069]
[start_pgmigrate_fail]:[8]
[start_pgmigrate_fail_dst_node_full]:[0]
[start_pgmigrate_fail_numa_isolate]:[0]
[start_pgmigrate_fail_nomem]:[0]
[start_pgmigrate_fail_refcount]:[90]
[start_success_nr]:[56]
[start_retry_nr]:[90]
[start_retreated_page_nr]:[9]
[start_try_to_promote_nr]:[66]
[start_task_num]:[0]
[start_write_protect_break_num]:[7]
[start_shadow_link_num]:[58]
[start_shadow_demote_num]:[0]
[start_batch_free_num]:[0]
[start_transactional_migration_success_num]:[56]
[start_transactional_migration_fail_num]:[90]
[start_shadow_page_pair]:[50]
[end_pgdemote_kswapd]:[10254237]
[end_pgdemote_direct]:[0]
[end_pgdemote_file]:[94270]
[end_pgdemote_anon]:[10159967]
[end_pgpromote_candidate]:[5637264]
[end_pgpromote_candidate_demoted]:[2775420]
[end_pgpromote_candidate_anon]:[5637202]
[end_pgpromote_candidate_file]:[62]
[end_pgpromote_tried]:[0]
[end_pgpromote_file]:[0]
[end_pgpromote_anon]:[0]
[end_pgmigrate_success]:[11164573]
[end_pgmigrate_fail]:[677258]
[end_pgmigrate_fail_dst_node_full]:[482304]
[end_pgmigrate_fail_numa_isolate]:[482304]
[end_pgmigrate_fail_nomem]:[194658]
[end_pgmigrate_fail_refcount]:[3551]
[end_success_nr]:[5016640]
[end_retry_nr]:[8878]
[end_retreated_page_nr]:[313]
[end_try_to_promote_nr]:[5016970]
[end_task_num]:[0]
[end_write_protect_break_num]:[4610]
[end_shadow_link_num]:[5016610]
[end_shadow_demote_num]:[1]
[end_batch_free_num]:[5010380]
[end_transactional_migration_success_num]:[5016612]
[end_transactional_migration_fail_num]:[1770]
[end_shadow_page_pair]:[1539]
[note]:[0]
[milliseconds]:[78064]
[total tick]:[202511276522]
[work type]:[5]
[Bandwidth(MB/s)]:[2001.562820]
---------------------------
-----------start-----------
[start_pgdemote_kswapd]:[10302102]
[start_pgdemote_direct]:[0]
[start_pgdemote_file]:[94391]
[start_pgdemote_anon]:[10207711]
[start_pgpromote_candidate]:[5715423]
[start_pgpromote_candidate_demoted]:[2775907]
[start_pgpromote_candidate_anon]:[5715357]
[start_pgpromote_candidate_file]:[66]
[start_pgpromote_tried]:[0]
[start_pgpromote_file]:[0]
[start_pgpromote_anon]:[0]
[start_pgmigrate_success]:[11212438]
[start_pgmigrate_fail]:[690049]
[start_pgmigrate_fail_dst_node_full]:[482304]
[start_pgmigrate_fail_numa_isolate]:[482304]
[start_pgmigrate_fail_nomem]:[207448]
[start_pgmigrate_fail_refcount]:[3561]
[start_success_nr]:[5061849]
[start_retry_nr]:[8889]
[start_retreated_page_nr]:[314]
[start_try_to_promote_nr]:[5062180]
[start_task_num]:[0]
[start_write_protect_break_num]:[4615]
[start_shadow_link_num]:[5061816]
[start_shadow_demote_num]:[1]
[start_batch_free_num]:[5057116]
[start_transactional_migration_success_num]:[5061818]
[start_transactional_migration_fail_num]:[1780]
[start_shadow_page_pair]:[0]
[end_pgdemote_kswapd]:[21503161]
[end_pgdemote_direct]:[0]
[end_pgdemote_file]:[97212]
[end_pgdemote_anon]:[21405949]
[end_pgpromote_candidate]:[17916513]
[end_pgpromote_candidate_demoted]:[12628643]
[end_pgpromote_candidate_anon]:[17915912]
[end_pgpromote_candidate_file]:[601]
[end_pgpromote_tried]:[0]
[end_pgpromote_file]:[0]
[end_pgpromote_anon]:[0]
[end_pgmigrate_success]:[22422713]
[end_pgmigrate_fail]:[1595571]
[end_pgmigrate_fail_dst_node_full]:[482304]
[end_pgmigrate_fail_numa_isolate]:[482304]
[end_pgmigrate_fail_nomem]:[1112873]
[end_pgmigrate_fail_refcount]:[8451]
[end_success_nr]:[16679197]
[end_retry_nr]:[80839]
[end_retreated_page_nr]:[1509]
[end_try_to_promote_nr]:[16680724]
[end_task_num]:[0]
[end_write_protect_break_num]:[336040]
[end_shadow_link_num]:[16679139]
[end_shadow_demote_num]:[1556956]
[end_batch_free_num]:[14353894]
[end_transactional_migration_success_num]:[16679141]
[end_transactional_migration_fail_num]:[6603]
[end_shadow_page_pair]:[427397]
[note]:[1]
[milliseconds]:[153546]
[total tick]:[399207068116]
[work type]:[5]
[Bandwidth(MB/s)]:[1017.610358]
---------------------------
-----------start-----------
[start_pgdemote_kswapd]:[22008610]
[start_pgdemote_direct]:[0]
[start_pgdemote_file]:[97372]
[start_pgdemote_anon]:[21911238]
[start_pgpromote_candidate]:[17916605]
[start_pgpromote_candidate_demoted]:[12628735]
[start_pgpromote_candidate_anon]:[17915941]
[start_pgpromote_candidate_file]:[664]
[start_pgpromote_tried]:[0]
[start_pgpromote_file]:[0]
[start_pgpromote_anon]:[0]
[start_pgmigrate_success]:[22928162]
[start_pgmigrate_fail]:[1632262]
[start_pgmigrate_fail_dst_node_full]:[482304]
[start_pgmigrate_fail_numa_isolate]:[482304]
[start_pgmigrate_fail_nomem]:[1149548]
[start_pgmigrate_fail_refcount]:[8471]
[start_success_nr]:[16679221]
[start_retry_nr]:[80859]
[start_retreated_page_nr]:[1511]
[start_try_to_promote_nr]:[16680750]
[start_task_num]:[0]
[start_write_protect_break_num]:[336040]
[start_shadow_link_num]:[16679160]
[start_shadow_demote_num]:[1616318]
[start_batch_free_num]:[14721931]
[start_transactional_migration_success_num]:[16679162]
[start_transactional_migration_fail_num]:[6623]
[start_shadow_page_pair]:[8]
[end_pgdemote_kswapd]:[34588359]
[end_pgdemote_direct]:[0]
[end_pgdemote_file]:[103825]
[end_pgdemote_anon]:[34484534]
[end_pgpromote_candidate]:[31388218]
[end_pgpromote_candidate_demoted]:[25430381]
[end_pgpromote_candidate_anon]:[31387302]
[end_pgpromote_candidate_file]:[916]
[end_pgpromote_tried]:[0]
[end_pgpromote_file]:[0]
[end_pgpromote_anon]:[0]
[end_pgmigrate_success]:[43321892]
[end_pgmigrate_fail]:[2555425]
[end_pgmigrate_fail_dst_node_full]:[482304]
[end_pgmigrate_fail_numa_isolate]:[482304]
[end_pgmigrate_fail_nomem]:[2072600]
[end_pgmigrate_fail_refcount]:[11866]
[end_success_nr]:[29582868]
[end_retry_nr]:[214102]
[end_retreated_page_nr]:[3497]
[end_try_to_promote_nr]:[29586388]
[end_task_num]:[0]
[end_write_protect_break_num]:[580856]
[end_shadow_link_num]:[29582799]
[end_shadow_demote_num]:[2452471]
[end_batch_free_num]:[26211453]
[end_transactional_migration_success_num]:[29582806]
[end_transactional_migration_fail_num]:[9967]
[end_shadow_page_pair]:[332992]
[note]:[2]
[milliseconds]:[180828]
[total tick]:[470140933114]
[work type]:[5]
[Bandwidth(MB/s)]:[864.080784]
---------------------------
-----------start-----------
[start_pgdemote_kswapd]:[34924257]
[start_pgdemote_direct]:[0]
[start_pgdemote_file]:[104384]
[start_pgdemote_anon]:[34819873]
[start_pgpromote_candidate]:[31388272]
[start_pgpromote_candidate_demoted]:[25430435]
[start_pgpromote_candidate_anon]:[31387327]
[start_pgpromote_candidate_file]:[945]
[start_pgpromote_tried]:[0]
[start_pgpromote_file]:[0]
[start_pgpromote_anon]:[0]
[start_pgmigrate_success]:[43657790]
[start_pgmigrate_fail]:[2564509]
[start_pgmigrate_fail_dst_node_full]:[482304]
[start_pgmigrate_fail_numa_isolate]:[482304]
[start_pgmigrate_fail_nomem]:[2081584]
[start_pgmigrate_fail_refcount]:[12656]
[start_success_nr]:[29582889]
[start_retry_nr]:[214102]
[start_retreated_page_nr]:[3497]
[start_try_to_promote_nr]:[29586409]
[start_task_num]:[0]
[start_write_protect_break_num]:[580857]
[start_shadow_link_num]:[29582817]
[start_shadow_demote_num]:[2464860]
[start_batch_free_num]:[26532062]
[start_transactional_migration_success_num]:[29582824]
[start_transactional_migration_fail_num]:[9967]
[start_shadow_page_pair]:[3]
[end_pgdemote_kswapd]:[46771829]
[end_pgdemote_direct]:[0]
[end_pgdemote_file]:[110625]
[end_pgdemote_anon]:[46661204]
[end_pgpromote_candidate]:[44312261]
[end_pgpromote_candidate_demoted]:[37767139]
[end_pgpromote_candidate_anon]:[44310959]
[end_pgpromote_candidate_file]:[1302]
[end_pgpromote_tried]:[0]
[end_pgpromote_file]:[0]
[end_pgpromote_anon]:[0]
[end_pgmigrate_success]:[55505386]
[end_pgmigrate_fail]:[3336248]
[end_pgmigrate_fail_dst_node_full]:[482304]
[end_pgmigrate_fail_numa_isolate]:[482304]
[end_pgmigrate_fail_nomem]:[2853202]
[end_pgmigrate_fail_refcount]:[15529]
[end_success_nr]:[41938632]
[end_retry_nr]:[282847]
[end_retreated_page_nr]:[4723]
[end_try_to_promote_nr]:[41943379]
[end_task_num]:[0]
[end_write_protect_break_num]:[1072632]
[end_shadow_link_num]:[41938551]
[end_shadow_demote_num]:[4384169]
[end_batch_free_num]:[35965055]
[end_transactional_migration_success_num]:[41938559]
[end_transactional_migration_fail_num]:[12809]
[end_shadow_page_pair]:[511630]
[note]:[3]
[milliseconds]:[158043]
[total tick]:[410905525382]
[work type]:[5]
[Bandwidth(MB/s)]:[988.654986]
---------------------------
-----------start-----------
[start_pgdemote_kswapd]:[47283500]
[start_pgdemote_direct]:[0]
[start_pgdemote_file]:[111103]
[start_pgdemote_anon]:[47172397]
[start_pgpromote_candidate]:[44312323]
[start_pgpromote_candidate_demoted]:[37767201]
[start_pgpromote_candidate_anon]:[44310981]
[start_pgpromote_candidate_file]:[1342]
[start_pgpromote_tried]:[0]
[start_pgpromote_file]:[0]
[start_pgpromote_anon]:[0]
[start_pgmigrate_success]:[56017057]
[start_pgmigrate_fail]:[3380950]
[start_pgmigrate_fail_dst_node_full]:[482304]
[start_pgmigrate_fail_numa_isolate]:[482304]
[start_pgmigrate_fail_nomem]:[2897888]
[start_pgmigrate_fail_refcount]:[15539]
[start_success_nr]:[41938653]
[start_retry_nr]:[282857]
[start_retreated_page_nr]:[4724]
[start_try_to_promote_nr]:[41943401]
[start_task_num]:[0]
[start_write_protect_break_num]:[1072634]
[start_shadow_link_num]:[41938569]
[start_shadow_demote_num]:[4446300]
[start_batch_free_num]:[36414561]
[start_transactional_migration_success_num]:[41938577]
[start_transactional_migration_fail_num]:[12819]
[start_shadow_page_pair]:[5]
[end_pgdemote_kswapd]:[59963806]
[end_pgdemote_direct]:[0]
[end_pgdemote_file]:[111355]
[end_pgdemote_anon]:[59852451]
[end_pgpromote_candidate]:[57552415]
[end_pgpromote_candidate_demoted]:[50710583]
[end_pgpromote_candidate_anon]:[57550903]
[end_pgpromote_candidate_file]:[1512]
[end_pgpromote_tried]:[0]
[end_pgpromote_file]:[0]
[end_pgpromote_anon]:[0]
[end_pgmigrate_success]:[68697387]
[end_pgmigrate_fail]:[4315403]
[end_pgmigrate_fail_dst_node_full]:[482304]
[end_pgmigrate_fail_numa_isolate]:[482304]
[end_pgmigrate_fail_nomem]:[3832333]
[end_pgmigrate_fail_refcount]:[18956]
[end_success_nr]:[55051490]
[end_retry_nr]:[394287]
[end_retreated_page_nr]:[6392]
[end_try_to_promote_nr]:[55057906]
[end_task_num]:[0]
[end_write_protect_break_num]:[1672990]
[end_shadow_link_num]:[55051405]
[end_shadow_demote_num]:[6940869]
[end_batch_free_num]:[45985831]
[end_transactional_migration_success_num]:[55051414]
[end_transactional_migration_fail_num]:[16231]
[end_shadow_page_pair]:[439587]
[note]:[4]
[milliseconds]:[176302]
[total tick]:[458378588558]
[work type]:[5]
[Bandwidth(MB/s)]:[886.263344]
---------------------------
