-----------start-----------
[start_pgdemote_kswapd]:[4010806]
[start_pgdemote_direct]:[0]
[start_pgdemote_file]:[14434]
[start_pgdemote_anon]:[3996372]
[start_pgpromote_candidate]:[85]
[start_pgpromote_candidate_demoted]:[85]
[start_pgpromote_candidate_anon]:[85]
[start_pgpromote_candidate_file]:[0]
[start_pgpromote_tried]:[0]
[start_pgpromote_file]:[0]
[start_pgpromote_anon]:[0]
[start_pgmigrate_success]:[4010806]
[start_pgmigrate_fail]:[17]
[start_pgmigrate_fail_dst_node_full]:[0]
[start_pgmigrate_fail_numa_isolate]:[0]
[start_pgmigrate_fail_nomem]:[0]
[start_pgmigrate_fail_refcount]:[100]
[start_success_nr]:[72]
[start_retry_nr]:[100]
[start_retreated_page_nr]:[10]
[start_try_to_promote_nr]:[82]
[start_task_num]:[0]
[start_write_protect_break_num]:[5]
[start_shadow_link_num]:[72]
[start_shadow_demote_num]:[0]
[start_batch_free_num]:[0]
[start_transactional_migration_success_num]:[72]
[start_transactional_migration_fail_num]:[100]
[start_shadow_page_pair]:[55]
[end_pgdemote_kswapd]:[13133226]
[end_pgdemote_direct]:[0]
[end_pgdemote_file]:[50014]
[end_pgdemote_anon]:[13083212]
[end_pgpromote_candidate]:[8129481]
[end_pgpromote_candidate_demoted]:[4317473]
[end_pgpromote_candidate_anon]:[8129397]
[end_pgpromote_candidate_file]:[84]
[end_pgpromote_tried]:[0]
[end_pgpromote_file]:[0]
[end_pgpromote_anon]:[0]
[end_pgmigrate_success]:[14158250]
[end_pgmigrate_fail]:[695665]
[end_pgmigrate_fail_dst_node_full]:[193024]
[end_pgmigrate_fail_numa_isolate]:[193024]
[end_pgmigrate_fail_nomem]:[501720]
[end_pgmigrate_fail_refcount]:[3421]
[end_success_nr]:[7294616]
[end_retry_nr]:[23287]
[end_retreated_page_nr]:[466]
[end_try_to_promote_nr]:[7295093]
[end_task_num]:[0]
[end_write_protect_break_num]:[2699]
[end_shadow_link_num]:[7294578]
[end_shadow_demote_num]:[7]
[end_batch_free_num]:[7290863]
[end_transactional_migration_success_num]:[7294582]
[end_transactional_migration_fail_num]:[3339]
[end_shadow_page_pair]:[910]
[note]:[0]
[milliseconds]:[111439]
[total tick]:[289738297335]
[work type]:[5]
[Bandwidth(MB/s)]:[1402.112366]
---------------------------
-----------start-----------
[start_pgdemote_kswapd]:[13183353]
[start_pgdemote_direct]:[0]
[start_pgdemote_file]:[50083]
[start_pgdemote_anon]:[13133270]
[start_pgpromote_candidate]:[8207638]
[start_pgpromote_candidate_demoted]:[4318466]
[start_pgpromote_candidate_anon]:[8207553]
[start_pgpromote_candidate_file]:[85]
[start_pgpromote_tried]:[0]
[start_pgpromote_file]:[0]
[start_pgpromote_anon]:[0]
[start_pgmigrate_success]:[14208377]
[start_pgmigrate_fail]:[809459]
[start_pgmigrate_fail_dst_node_full]:[193024]
[start_pgmigrate_fail_numa_isolate]:[193024]
[start_pgmigrate_fail_nomem]:[615512]
[start_pgmigrate_fail_refcount]:[3481]
[start_success_nr]:[7343332]
[start_retry_nr]:[23347]
[start_retreated_page_nr]:[472]
[start_try_to_promote_nr]:[7343815]
[start_task_num]:[0]
[start_write_protect_break_num]:[2700]
[start_shadow_link_num]:[7343293]
[start_shadow_demote_num]:[7]
[start_batch_free_num]:[7340476]
[start_transactional_migration_success_num]:[7343297]
[start_transactional_migration_fail_num]:[3379]
[start_shadow_page_pair]:[1]
[end_pgdemote_kswapd]:[25938516]
[end_pgdemote_direct]:[0]
[end_pgdemote_file]:[56303]
[end_pgdemote_anon]:[25882213]
[end_pgpromote_candidate]:[21785316]
[end_pgpromote_candidate_demoted]:[16260196]
[end_pgpromote_candidate_anon]:[21784913]
[end_pgpromote_candidate_file]:[403]
[end_pgpromote_tried]:[0]
[end_pgpromote_file]:[0]
[end_pgpromote_anon]:[0]
[end_pgmigrate_success]:[26966688]
[end_pgmigrate_fail]:[1770419]
[end_pgmigrate_fail_dst_node_full]:[193024]
[end_pgmigrate_fail_numa_isolate]:[193024]
[end_pgmigrate_fail_nomem]:[1575778]
[end_pgmigrate_fail_refcount]:[8041]
[end_success_nr]:[20089781]
[end_retry_nr]:[154558]
[end_retreated_page_nr]:[1949]
[end_try_to_promote_nr]:[20091744]
[end_task_num]:[0]
[end_write_protect_break_num]:[204221]
[end_shadow_link_num]:[20089735]
[end_shadow_demote_num]:[797156]
[end_batch_free_num]:[19084615]
[end_transactional_migration_success_num]:[20089740]
[end_transactional_migration_fail_num]:[7904]
[end_shadow_page_pair]:[1400]
[note]:[1]
[milliseconds]:[161500]
[total tick]:[419893281504]
[work type]:[5]
[Bandwidth(MB/s)]:[967.492260]
---------------------------
-----------start-----------
[start_pgdemote_kswapd]:[26018567]
[start_pgdemote_direct]:[0]
[start_pgdemote_file]:[56303]
[start_pgdemote_anon]:[25962264]
[start_pgpromote_candidate]:[21785347]
[start_pgpromote_candidate_demoted]:[16260227]
[start_pgpromote_candidate_anon]:[21784944]
[start_pgpromote_candidate_file]:[403]
[start_pgpromote_tried]:[0]
[start_pgpromote_file]:[0]
[start_pgpromote_anon]:[0]
[start_pgmigrate_success]:[27046739]
[start_pgmigrate_fail]:[1798635]
[start_pgmigrate_fail_dst_node_full]:[193024]
[start_pgmigrate_fail_numa_isolate]:[193024]
[start_pgmigrate_fail_nomem]:[1603994]
[start_pgmigrate_fail_refcount]:[8041]
[start_success_nr]:[20089802]
[start_retry_nr]:[154559]
[start_retreated_page_nr]:[1949]
[start_try_to_promote_nr]:[20091765]
[start_task_num]:[0]
[start_write_protect_break_num]:[204222]
[start_shadow_link_num]:[20089755]
[start_shadow_demote_num]:[797156]
[start_batch_free_num]:[19086026]
[start_transactional_migration_success_num]:[20089761]
[start_transactional_migration_fail_num]:[7904]
[start_shadow_page_pair]:[0]
[end_pgdemote_kswapd]:[39091658]
[end_pgdemote_direct]:[0]
[end_pgdemote_file]:[59261]
[end_pgdemote_anon]:[39032397]
[end_pgpromote_candidate]:[35381106]
[end_pgpromote_candidate_demoted]:[29091165]
[end_pgpromote_candidate_anon]:[35380272]
[end_pgpromote_candidate_file]:[834]
[end_pgpromote_tried]:[0]
[end_pgpromote_file]:[0]
[end_pgpromote_anon]:[0]
[end_pgmigrate_success]:[40119830]
[end_pgmigrate_fail]:[2850123]
[end_pgmigrate_fail_dst_node_full]:[193024]
[end_pgmigrate_fail_numa_isolate]:[193024]
[end_pgmigrate_fail_nomem]:[2655055]
[end_pgmigrate_fail_refcount]:[11711]
[end_success_nr]:[33440738]
[end_retry_nr]:[268682]
[end_retreated_page_nr]:[3581]
[end_try_to_promote_nr]:[33444333]
[end_task_num]:[0]
[end_write_protect_break_num]:[637545]
[end_shadow_link_num]:[33440690]
[end_shadow_demote_num]:[2649582]
[end_batch_free_num]:[29863510]
[end_transactional_migration_success_num]:[33440697]
[end_transactional_migration_fail_num]:[11518]
[end_shadow_page_pair]:[283222]
[note]:[2]
[milliseconds]:[181731]
[total tick]:[472496304176]
[work type]:[5]
[Bandwidth(MB/s)]:[859.787268]
---------------------------
-----------start-----------
[start_pgdemote_kswapd]:[39374951]
[start_pgdemote_direct]:[0]
[start_pgdemote_file]:[59395]
[start_pgdemote_anon]:[39315556]
[start_pgpromote_candidate]:[35381174]
[start_pgpromote_candidate_demoted]:[29091230]
[start_pgpromote_candidate_anon]:[35380296]
[start_pgpromote_candidate_file]:[878]
[start_pgpromote_tried]:[0]
[start_pgpromote_file]:[0]
[start_pgpromote_anon]:[0]
[start_pgmigrate_success]:[40403123]
[start_pgmigrate_fail]:[2876254]
[start_pgmigrate_fail_dst_node_full]:[193024]
[start_pgmigrate_fail_numa_isolate]:[193024]
[start_pgmigrate_fail_nomem]:[2681163]
[start_pgmigrate_fail_refcount]:[11751]
[start_success_nr]:[33440758]
[start_retry_nr]:[268723]
[start_retreated_page_nr]:[3585]
[start_try_to_promote_nr]:[33444357]
[start_task_num]:[0]
[start_write_protect_break_num]:[637545]
[start_shadow_link_num]:[33440709]
[start_shadow_demote_num]:[2667036]
[start_batch_free_num]:[30129290]
[start_transactional_migration_success_num]:[33440717]
[start_transactional_migration_fail_num]:[11558]
[start_shadow_page_pair]:[4]
[end_pgdemote_kswapd]:[53191584]
[end_pgdemote_direct]:[0]
[end_pgdemote_file]:[59529]
[end_pgdemote_anon]:[53132055]
[end_pgpromote_candidate]:[49259401]
[end_pgpromote_candidate_demoted]:[42848364]
[end_pgpromote_candidate_anon]:[49258476]
[end_pgpromote_candidate_file]:[925]
[end_pgpromote_tried]:[0]
[end_pgpromote_file]:[0]
[end_pgpromote_anon]:[0]
[end_pgmigrate_success]:[54220268]
[end_pgmigrate_fail]:[4163260]
[end_pgmigrate_fail_dst_node_full]:[193024]
[end_pgmigrate_fail_numa_isolate]:[193024]
[end_pgmigrate_fail_nomem]:[3967642]
[end_pgmigrate_fail_refcount]:[14408]
[end_success_nr]:[47237390]
[end_retry_nr]:[401025]
[end_retreated_page_nr]:[5440]
[end_try_to_promote_nr]:[47242845]
[end_task_num]:[0]
[end_write_protect_break_num]:[944386]
[end_shadow_link_num]:[47237341]
[end_shadow_demote_num]:[4033695]
[end_batch_free_num]:[42247736]
[end_transactional_migration_success_num]:[47237349]
[end_transactional_migration_fail_num]:[14149]
[end_shadow_page_pair]:[406]
[note]:[3]
[milliseconds]:[193126]
[total tick]:[502132512822]
[work type]:[5]
[Bandwidth(MB/s)]:[809.057299]
---------------------------
-----------start-----------
[start_pgdemote_kswapd]:[53192394]
[start_pgdemote_direct]:[0]
[start_pgdemote_file]:[59529]
[start_pgdemote_anon]:[53132865]
[start_pgpromote_candidate]:[49259708]
[start_pgpromote_candidate_demoted]:[42848670]
[start_pgpromote_candidate_anon]:[49258772]
[start_pgpromote_candidate_file]:[936]
[start_pgpromote_tried]:[0]
[start_pgpromote_file]:[0]
[start_pgpromote_anon]:[0]
[start_pgmigrate_success]:[54221078]
[start_pgmigrate_fail]:[4243962]
[start_pgmigrate_fail_dst_node_full]:[193024]
[start_pgmigrate_fail_numa_isolate]:[193024]
[start_pgmigrate_fail_nomem]:[4048344]
[start_pgmigrate_fail_refcount]:[14706]
[start_success_nr]:[47237662]
[start_retry_nr]:[401324]
[start_retreated_page_nr]:[5466]
[start_try_to_promote_nr]:[47243143]
[start_task_num]:[0]
[start_write_protect_break_num]:[944386]
[start_shadow_link_num]:[47237612]
[start_shadow_demote_num]:[4033695]
[start_batch_free_num]:[42248413]
[start_transactional_migration_success_num]:[47237621]
[start_transactional_migration_fail_num]:[14447]
[start_shadow_page_pair]:[0]
[end_pgdemote_kswapd]:[65510777]
[end_pgdemote_direct]:[0]
[end_pgdemote_file]:[70768]
[end_pgdemote_anon]:[65440009]
[end_pgpromote_candidate]:[63234056]
[end_pgpromote_candidate_demoted]:[56129094]
[end_pgpromote_candidate_anon]:[63233097]
[end_pgpromote_candidate_file]:[959]
[end_pgpromote_tried]:[0]
[end_pgpromote_file]:[0]
[end_pgpromote_anon]:[0]
[end_pgmigrate_success]:[66542021]
[end_pgmigrate_fail]:[4913901]
[end_pgmigrate_fail_dst_node_full]:[193024]
[end_pgmigrate_fail_numa_isolate]:[193024]
[end_pgmigrate_fail_nomem]:[4717485]
[end_pgmigrate_fail_refcount]:[15850]
[end_success_nr]:[59519846]
[end_retry_nr]:[452187]
[end_retreated_page_nr]:[6235]
[end_try_to_promote_nr]:[59526124]
[end_task_num]:[0]
[end_write_protect_break_num]:[1981132]
[end_shadow_link_num]:[59519796]
[end_shadow_demote_num]:[4126717]
[end_batch_free_num]:[53398895]
[end_transactional_migration_success_num]:[59519805]
[end_transactional_migration_fail_num]:[15540]
[end_shadow_page_pair]:[1571]
[note]:[4]
[milliseconds]:[164728]
[total tick]:[428290801782]
[work type]:[5]
[Bandwidth(MB/s)]:[948.533340]
---------------------------
