-----------start-----------
[start_pgdemote_kswapd]:[3530627]
[start_pgdemote_direct]:[0]
[start_pgdemote_file]:[14180]
[start_pgdemote_anon]:[3516447]
[start_pgpromote_candidate]:[75]
[start_pgpromote_candidate_demoted]:[52]
[start_pgpromote_candidate_anon]:[48]
[start_pgpromote_candidate_file]:[27]
[start_pgpromote_tried]:[0]
[start_pgpromote_file]:[0]
[start_pgpromote_anon]:[0]
[start_pgmigrate_success]:[3530627]
[start_pgmigrate_fail]:[9]
[start_pgmigrate_fail_dst_node_full]:[0]
[start_pgmigrate_fail_numa_isolate]:[0]
[start_pgmigrate_fail_nomem]:[0]
[start_pgmigrate_fail_refcount]:[100]
[start_success_nr]:[28]
[start_retry_nr]:[100]
[start_retreated_page_nr]:[10]
[start_try_to_promote_nr]:[38]
[start_task_num]:[0]
[start_write_protect_break_num]:[8]
[start_shadow_link_num]:[28]
[start_shadow_demote_num]:[0]
[start_batch_free_num]:[0]
[start_transactional_migration_success_num]:[28]
[start_transactional_migration_fail_num]:[100]
[start_shadow_page_pair]:[18]
[end_pgdemote_kswapd]:[9886330]
[end_pgdemote_direct]:[0]
[end_pgdemote_file]:[71054]
[end_pgdemote_anon]:[9815276]
[end_pgpromote_candidate]:[5372643]
[end_pgpromote_candidate_demoted]:[2378204]
[end_pgpromote_candidate_anon]:[5372435]
[end_pgpromote_candidate_file]:[208]
[end_pgpromote_tried]:[0]
[end_pgpromote_file]:[0]
[end_pgpromote_anon]:[0]
[end_pgmigrate_success]:[10565242]
[end_pgmigrate_fail]:[1288171]
[end_pgmigrate_fail_dst_node_full]:[660992]
[end_pgmigrate_fail_numa_isolate]:[660992]
[end_pgmigrate_fail_nomem]:[627085]
[end_pgmigrate_fail_refcount]:[2242]
[end_success_nr]:[5162574]
[end_retry_nr]:[28867]
[end_retreated_page_nr]:[630]
[end_try_to_promote_nr]:[5163204]
[end_task_num]:[0]
[end_write_protect_break_num]:[511316]
[end_shadow_link_num]:[5162560]
[end_shadow_demote_num]:[875098]
[end_batch_free_num]:[3470574]
[end_transactional_migration_success_num]:[5162565]
[end_transactional_migration_fail_num]:[2181]
[end_shadow_page_pair]:[305458]
[note]:[0]
[milliseconds]:[92879]
[total tick]:[241481099658]
[work type]:[5]
[Bandwidth(MB/s)]:[1682.296321]
---------------------------
-----------start-----------
[start_pgdemote_kswapd]:[10013668]
[start_pgdemote_direct]:[0]
[start_pgdemote_file]:[71241]
[start_pgdemote_anon]:[9942427]
[start_pgpromote_candidate]:[5451171]
[start_pgpromote_candidate_demoted]:[2379561]
[start_pgpromote_candidate_anon]:[5450899]
[start_pgpromote_candidate_file]:[272]
[start_pgpromote_tried]:[0]
[start_pgpromote_file]:[0]
[start_pgpromote_anon]:[0]
[start_pgmigrate_success]:[10692580]
[start_pgmigrate_fail]:[1297119]
[start_pgmigrate_fail_dst_node_full]:[660992]
[start_pgmigrate_fail_numa_isolate]:[660992]
[start_pgmigrate_fail_nomem]:[636021]
[start_pgmigrate_fail_refcount]:[2843]
[start_success_nr]:[5219630]
[start_retry_nr]:[29358]
[start_retreated_page_nr]:[679]
[start_try_to_promote_nr]:[5220309]
[start_task_num]:[0]
[start_write_protect_break_num]:[511355]
[start_shadow_link_num]:[5219601]
[start_shadow_demote_num]:[908582]
[start_batch_free_num]:[3564764]
[start_transactional_migration_success_num]:[5219606]
[start_transactional_migration_fail_num]:[2642]
[start_shadow_page_pair]:[234755]
[end_pgdemote_kswapd]:[21108683]
[end_pgdemote_direct]:[37]
[end_pgdemote_file]:[72529]
[end_pgdemote_anon]:[21036191]
[end_pgpromote_candidate]:[16705888]
[end_pgpromote_candidate_demoted]:[12409342]
[end_pgpromote_candidate_anon]:[16705554]
[end_pgpromote_candidate_file]:[334]
[end_pgpromote_tried]:[0]
[end_pgpromote_file]:[0]
[end_pgpromote_anon]:[0]
[end_pgmigrate_success]:[21962251]
[end_pgmigrate_fail]:[3809692]
[end_pgmigrate_fail_dst_node_full]:[660992]
[end_pgmigrate_fail_numa_isolate]:[660992]
[end_pgmigrate_fail_nomem]:[3148577]
[end_pgmigrate_fail_refcount]:[6404]
[end_success_nr]:[16325527]
[end_retry_nr]:[150370]
[end_retreated_page_nr]:[2252]
[end_try_to_promote_nr]:[16327782]
[end_task_num]:[0]
[end_write_protect_break_num]:[743533]
[end_shadow_link_num]:[16325475]
[end_shadow_demote_num]:[1961323]
[end_batch_free_num]:[13280033]
[end_transactional_migration_success_num]:[16325473]
[end_transactional_migration_fail_num]:[6177]
[end_shadow_page_pair]:[338192]
[note]:[1]
[milliseconds]:[159499]
[total tick]:[414698961604]
[work type]:[5]
[Bandwidth(MB/s)]:[979.629966]
---------------------------
-----------start-----------
[start_pgdemote_kswapd]:[21525408]
[start_pgdemote_direct]:[37]
[start_pgdemote_file]:[72561]
[start_pgdemote_anon]:[21452884]
[start_pgpromote_candidate]:[16705978]
[start_pgpromote_candidate_demoted]:[12409432]
[start_pgpromote_candidate_anon]:[16705628]
[start_pgpromote_candidate_file]:[350]
[start_pgpromote_tried]:[0]
[start_pgpromote_file]:[0]
[start_pgpromote_anon]:[0]
[start_pgmigrate_success]:[22378976]
[start_pgmigrate_fail]:[3839047]
[start_pgmigrate_fail_dst_node_full]:[660992]
[start_pgmigrate_fail_numa_isolate]:[660992]
[start_pgmigrate_fail_nomem]:[3177931]
[start_pgmigrate_fail_refcount]:[6515]
[start_success_nr]:[16325821]
[start_retry_nr]:[150482]
[start_retreated_page_nr]:[2263]
[start_try_to_promote_nr]:[16328087]
[start_task_num]:[0]
[start_write_protect_break_num]:[743539]
[start_shadow_link_num]:[16325752]
[start_shadow_demote_num]:[2003753]
[start_batch_free_num]:[13576058]
[start_transactional_migration_success_num]:[16325760]
[start_transactional_migration_fail_num]:[6267]
[start_shadow_page_pair]:[3]
[end_pgdemote_kswapd]:[32724892]
[end_pgdemote_direct]:[99]
[end_pgdemote_file]:[73169]
[end_pgdemote_anon]:[32651822]
[end_pgpromote_candidate]:[28506491]
[end_pgpromote_candidate_demoted]:[23883845]
[end_pgpromote_candidate_anon]:[28506136]
[end_pgpromote_candidate_file]:[355]
[end_pgpromote_tried]:[0]
[end_pgpromote_file]:[0]
[end_pgpromote_anon]:[0]
[end_pgmigrate_success]:[64770938]
[end_pgmigrate_fail]:[5820213]
[end_pgmigrate_fail_dst_node_full]:[660992]
[end_pgmigrate_fail_numa_isolate]:[660992]
[end_pgmigrate_fail_nomem]:[5159093]
[end_pgmigrate_fail_refcount]:[8680]
[end_success_nr]:[27971780]
[end_retry_nr]:[285176]
[end_retreated_page_nr]:[4104]
[end_try_to_promote_nr]:[27975887]
[end_task_num]:[0]
[end_write_protect_break_num]:[1155780]
[end_shadow_link_num]:[27971700]
[end_shadow_demote_num]:[3702550]
[end_batch_free_num]:[22639345]
[end_transactional_migration_success_num]:[27971710]
[end_transactional_migration_fail_num]:[8397]
[end_shadow_page_pair]:[465694]
[note]:[2]
[milliseconds]:[161942]
[total tick]:[421048697276]
[work type]:[5]
[Bandwidth(MB/s)]:[964.851614]
---------------------------
-----------start-----------
[start_pgdemote_kswapd]:[33190931]
[start_pgdemote_direct]:[99]
[start_pgdemote_file]:[73169]
[start_pgdemote_anon]:[33117861]
[start_pgpromote_candidate]:[28506517]
[start_pgpromote_candidate_demoted]:[23883871]
[start_pgpromote_candidate_anon]:[28506162]
[start_pgpromote_candidate_file]:[355]
[start_pgpromote_tried]:[0]
[start_pgpromote_file]:[0]
[start_pgpromote_anon]:[0]
[start_pgmigrate_success]:[65236977]
[start_pgmigrate_fail]:[5863438]
[start_pgmigrate_fail_dst_node_full]:[660992]
[start_pgmigrate_fail_numa_isolate]:[660992]
[start_pgmigrate_fail_nomem]:[5202318]
[start_pgmigrate_fail_refcount]:[8690]
[start_success_nr]:[27971801]
[start_retry_nr]:[285186]
[start_retreated_page_nr]:[4105]
[start_try_to_promote_nr]:[27975909]
[start_task_num]:[0]
[start_write_protect_break_num]:[1155781]
[start_shadow_link_num]:[27971719]
[start_shadow_demote_num]:[3747342]
[start_batch_free_num]:[23060254]
[start_transactional_migration_success_num]:[27971729]
[start_transactional_migration_fail_num]:[8407]
[start_shadow_page_pair]:[6]
[end_pgdemote_kswapd]:[44299419]
[end_pgdemote_direct]:[9035]
[end_pgdemote_file]:[73376]
[end_pgdemote_anon]:[44235078]
[end_pgpromote_candidate]:[40185840]
[end_pgpromote_candidate_demoted]:[35457016]
[end_pgpromote_candidate_anon]:[40185453]
[end_pgpromote_candidate_file]:[387]
[end_pgpromote_tried]:[0]
[end_pgpromote_file]:[0]
[end_pgpromote_anon]:[0]
[end_pgmigrate_success]:[76502373]
[end_pgmigrate_fail]:[7750281]
[end_pgmigrate_fail_dst_node_full]:[662528]
[end_pgmigrate_fail_numa_isolate]:[662528]
[end_pgmigrate_fail_nomem]:[7087624]
[end_pgmigrate_fail_refcount]:[12223]
[end_success_nr]:[39561354]
[end_retry_nr]:[403529]
[end_retreated_page_nr]:[5735]
[end_try_to_promote_nr]:[39567093]
[end_task_num]:[0]
[end_write_protect_break_num]:[1702587]
[end_shadow_link_num]:[39561262]
[end_shadow_demote_num]:[6048043]
[end_batch_free_num]:[31280914]
[end_transactional_migration_success_num]:[39561272]
[end_transactional_migration_fail_num]:[11906]
[end_shadow_page_pair]:[512915]
[note]:[3]
[milliseconds]:[154848]
[total tick]:[402605663558]
[work type]:[5]
[Bandwidth(MB/s)]:[1009.054040]
---------------------------
-----------start-----------
[start_pgdemote_kswapd]:[44812398]
[start_pgdemote_direct]:[9035]
[start_pgdemote_file]:[73376]
[start_pgdemote_anon]:[44748057]
[start_pgpromote_candidate]:[40185861]
[start_pgpromote_candidate_demoted]:[35457036]
[start_pgpromote_candidate_anon]:[40185474]
[start_pgpromote_candidate_file]:[387]
[start_pgpromote_tried]:[0]
[start_pgpromote_file]:[0]
[start_pgpromote_anon]:[0]
[start_pgmigrate_success]:[77015352]
[start_pgmigrate_fail]:[7795157]
[start_pgmigrate_fail_dst_node_full]:[662528]
[start_pgmigrate_fail_numa_isolate]:[662528]
[start_pgmigrate_fail_nomem]:[7132500]
[start_pgmigrate_fail_refcount]:[12243]
[start_success_nr]:[39561366]
[start_retry_nr]:[403549]
[start_retreated_page_nr]:[5737]
[start_try_to_promote_nr]:[39567107]
[start_task_num]:[0]
[start_write_protect_break_num]:[1702587]
[start_shadow_link_num]:[39561274]
[start_shadow_demote_num]:[6111886]
[start_batch_free_num]:[31729992]
[start_transactional_migration_success_num]:[39561283]
[start_transactional_migration_fail_num]:[11926]
[start_shadow_page_pair]:[1]
[end_pgdemote_kswapd]:[55982841]
[end_pgdemote_direct]:[37052]
[end_pgdemote_file]:[73399]
[end_pgdemote_anon]:[55946494]
[end_pgpromote_candidate]:[51936463]
[end_pgpromote_candidate_demoted]:[47100569]
[end_pgpromote_candidate_anon]:[51936074]
[end_pgpromote_candidate_file]:[389]
[end_pgpromote_tried]:[0]
[end_pgpromote_file]:[0]
[end_pgpromote_anon]:[0]
[end_pgmigrate_success]:[88740061]
[end_pgmigrate_fail]:[9656955]
[end_pgmigrate_fail_dst_node_full]:[859136]
[end_pgmigrate_fail_numa_isolate]:[859136]
[end_pgmigrate_fail_nomem]:[8797690]
[end_pgmigrate_fail_refcount]:[14236]
[end_success_nr]:[51204274]
[end_retry_nr]:[524966]
[end_retreated_page_nr]:[7117]
[end_try_to_promote_nr]:[51211395]
[end_task_num]:[0]
[end_write_protect_break_num]:[2262268]
[end_shadow_link_num]:[51204179]
[end_shadow_demote_num]:[8392564]
[end_batch_free_num]:[40066052]
[end_transactional_migration_success_num]:[51204189]
[end_transactional_migration_fail_num]:[13905]
[end_shadow_page_pair]:[461573]
[note]:[4]
[milliseconds]:[153459]
[total tick]:[398993493774]
[work type]:[5]
[Bandwidth(MB/s)]:[1018.187268]
---------------------------
