-----------start-----------
[start_pgdemote_kswapd]:[3833696]
[start_pgdemote_direct]:[0]
[start_pgdemote_file]:[15150]
[start_pgdemote_anon]:[3818546]
[start_pgpromote_candidate]:[53]
[start_pgpromote_candidate_demoted]:[49]
[start_pgpromote_candidate_anon]:[45]
[start_pgpromote_candidate_file]:[8]
[start_pgpromote_tried]:[0]
[start_pgpromote_file]:[0]
[start_pgpromote_anon]:[0]
[start_pgmigrate_success]:[3833696]
[start_pgmigrate_fail]:[28]
[start_pgmigrate_fail_dst_node_full]:[0]
[start_pgmigrate_fail_numa_isolate]:[0]
[start_pgmigrate_fail_nomem]:[0]
[start_pgmigrate_fail_refcount]:[130]
[start_success_nr]:[37]
[start_retry_nr]:[0]
[start_retreated_page_nr]:[0]
[start_try_to_promote_nr]:[37]
[start_task_num]:[0]
[start_write_protect_break_num]:[6]
[start_shadow_link_num]:[37]
[start_shadow_demote_num]:[0]
[start_batch_free_num]:[0]
[start_transactional_migration_success_num]:[37]
[start_transactional_migration_fail_num]:[0]
[start_shadow_page_pair]:[20]
[end_pgdemote_kswapd]:[12749107]
[end_pgdemote_direct]:[0]
[end_pgdemote_file]:[55490]
[end_pgdemote_anon]:[12693617]
[end_pgpromote_candidate]:[7624983]
[end_pgpromote_candidate_demoted]:[3954012]
[end_pgpromote_candidate_anon]:[7624766]
[end_pgpromote_candidate_file]:[217]
[end_pgpromote_tried]:[0]
[end_pgpromote_file]:[0]
[end_pgpromote_anon]:[0]
[end_pgmigrate_success]:[13900595]
[end_pgmigrate_fail]:[790635]
[end_pgmigrate_fail_dst_node_full]:[272896]
[end_pgmigrate_fail_numa_isolate]:[272896]
[end_pgmigrate_fail_nomem]:[517677]
[end_pgmigrate_fail_refcount]:[2781]
[end_success_nr]:[7231018]
[end_retry_nr]:[54341]
[end_retreated_page_nr]:[836]
[end_try_to_promote_nr]:[7231855]
[end_task_num]:[0]
[end_write_protect_break_num]:[349727]
[end_shadow_link_num]:[7230986]
[end_shadow_demote_num]:[966932]
[end_batch_free_num]:[5639424]
[end_transactional_migration_success_num]:[7230988]
[end_transactional_migration_fail_num]:[2619]
[end_shadow_page_pair]:[274774]
[note]:[0]
[milliseconds]:[116293]
[total tick]:[302366084456]
[work type]:[5]
[Bandwidth(MB/s)]:[1343.589038]
---------------------------
-----------start-----------
[start_pgdemote_kswapd]:[12851332]
[start_pgdemote_direct]:[0]
[start_pgdemote_file]:[56281]
[start_pgdemote_anon]:[12795051]
[start_pgpromote_candidate]:[7703255]
[start_pgpromote_candidate_demoted]:[3955118]
[start_pgpromote_candidate_anon]:[7702976]
[start_pgpromote_candidate_file]:[279]
[start_pgpromote_tried]:[0]
[start_pgpromote_file]:[0]
[start_pgpromote_anon]:[0]
[start_pgmigrate_success]:[14002820]
[start_pgmigrate_fail]:[799037]
[start_pgmigrate_fail_dst_node_full]:[272896]
[start_pgmigrate_fail_numa_isolate]:[272896]
[start_pgmigrate_fail_nomem]:[526077]
[start_pgmigrate_fail_refcount]:[2931]
[start_success_nr]:[7296039]
[start_retry_nr]:[54492]
[start_retreated_page_nr]:[851]
[start_try_to_promote_nr]:[7296891]
[start_task_num]:[0]
[start_write_protect_break_num]:[349730]
[start_shadow_link_num]:[7295999]
[start_shadow_demote_num]:[981436]
[start_batch_free_num]:[5727339]
[start_transactional_migration_success_num]:[7296002]
[start_transactional_migration_fail_num]:[2729]
[start_shadow_page_pair]:[237361]
[end_pgdemote_kswapd]:[12851348]
[end_pgdemote_direct]:[0]
[end_pgdemote_file]:[56297]
[end_pgdemote_anon]:[12795051]
[end_pgpromote_candidate]:[13154873]
[end_pgpromote_candidate_demoted]:[7881965]
[end_pgpromote_candidate_anon]:[13154574]
[end_pgpromote_candidate_file]:[299]
[end_pgpromote_tried]:[0]
[end_pgpromote_file]:[0]
[end_pgpromote_anon]:[0]
[end_pgmigrate_success]:[15712585]
[end_pgmigrate_fail]:[799037]
[end_pgmigrate_fail_dst_node_full]:[272896]
[end_pgmigrate_fail_numa_isolate]:[272896]
[end_pgmigrate_fail_nomem]:[2354834]
[end_pgmigrate_fail_refcount]:[2961]
[end_success_nr]:[7814944]
[end_retry_nr]:[57731]
[end_retreated_page_nr]:[892]
[end_try_to_promote_nr]:[12736276]
[end_task_num]:[0]
[end_write_protect_break_num]:[665315]
[end_shadow_link_num]:[7814904]
[end_shadow_demote_num]:[981436]
[end_batch_free_num]:[5727339]
[end_transactional_migration_success_num]:[7814907]
[end_transactional_migration_fail_num]:[2759]
[end_shadow_page_pair]:[440681]
[note]:[1]
[milliseconds]:[49482]
[total tick]:[128653318396]
[work type]:[5]
[Bandwidth(MB/s)]:[3157.713916]
---------------------------
-----------start-----------
[start_pgdemote_kswapd]:[12851562]
[start_pgdemote_direct]:[0]
[start_pgdemote_file]:[56511]
[start_pgdemote_anon]:[12795051]
[start_pgpromote_candidate]:[13155332]
[start_pgpromote_candidate_demoted]:[7882424]
[start_pgpromote_candidate_anon]:[13155010]
[start_pgpromote_candidate_file]:[322]
[start_pgpromote_tried]:[0]
[start_pgpromote_file]:[0]
[start_pgpromote_anon]:[0]
[start_pgmigrate_success]:[15712799]
[start_pgmigrate_fail]:[799037]
[start_pgmigrate_fail_dst_node_full]:[272896]
[start_pgmigrate_fail_numa_isolate]:[272896]
[start_pgmigrate_fail_nomem]:[2354835]
[start_pgmigrate_fail_refcount]:[3118]
[start_success_nr]:[7815365]
[start_retry_nr]:[57889]
[start_retreated_page_nr]:[903]
[start_try_to_promote_nr]:[12736709]
[start_task_num]:[0]
[start_write_protect_break_num]:[665389]
[start_shadow_link_num]:[7815325]
[start_shadow_demote_num]:[981436]
[start_batch_free_num]:[5727339]
[start_transactional_migration_success_num]:[7815329]
[start_transactional_migration_fail_num]:[2916]
[start_shadow_page_pair]:[439270]
[end_pgdemote_kswapd]:[22388711]
[end_pgdemote_direct]:[0]
[end_pgdemote_file]:[56582]
[end_pgdemote_anon]:[22332129]
[end_pgpromote_candidate]:[22701653]
[end_pgpromote_candidate_demoted]:[13186208]
[end_pgpromote_candidate_anon]:[22701309]
[end_pgpromote_candidate_file]:[344]
[end_pgpromote_tried]:[0]
[end_pgpromote_file]:[0]
[end_pgpromote_anon]:[0]
[end_pgmigrate_success]:[200334482]
[end_pgmigrate_fail]:[1438190]
[end_pgmigrate_fail_dst_node_full]:[278528]
[end_pgmigrate_fail_numa_isolate]:[278528]
[end_pgmigrate_fail_nomem]:[2996575]
[end_pgmigrate_fail_refcount]:[5067]
[end_success_nr]:[17064158]
[end_retry_nr]:[143992]
[end_retreated_page_nr]:[2026]
[end_try_to_promote_nr]:[21996768]
[end_task_num]:[0]
[end_write_protect_break_num]:[1113427]
[end_shadow_link_num]:[17064102]
[end_shadow_demote_num]:[3184643]
[end_batch_free_num]:[12220539]
[end_transactional_migration_success_num]:[17064106]
[end_transactional_migration_fail_num]:[4772]
[end_shadow_page_pair]:[543251]
[note]:[2]
[milliseconds]:[122633]
[total tick]:[318846076026]
[work type]:[5]
[Bandwidth(MB/s)]:[1274.126866]
---------------------------
-----------start-----------
[start_pgdemote_kswapd]:[22931868]
[start_pgdemote_direct]:[0]
[start_pgdemote_file]:[56582]
[start_pgdemote_anon]:[22875286]
[start_pgpromote_candidate]:[22701670]
[start_pgpromote_candidate_demoted]:[13186224]
[start_pgpromote_candidate_anon]:[22701326]
[start_pgpromote_candidate_file]:[344]
[start_pgpromote_tried]:[0]
[start_pgpromote_file]:[0]
[start_pgpromote_anon]:[0]
[start_pgmigrate_success]:[200877639]
[start_pgmigrate_fail]:[1483586]
[start_pgmigrate_fail_dst_node_full]:[278528]
[start_pgmigrate_fail_numa_isolate]:[278528]
[start_pgmigrate_fail_nomem]:[3041971]
[start_pgmigrate_fail_refcount]:[5067]
[start_success_nr]:[17064173]
[start_retry_nr]:[143992]
[start_retreated_page_nr]:[2026]
[start_try_to_promote_nr]:[21996783]
[start_task_num]:[0]
[start_write_protect_break_num]:[1113427]
[start_shadow_link_num]:[17064117]
[start_shadow_demote_num]:[3268251]
[start_batch_free_num]:[12680186]
[start_transactional_migration_success_num]:[17064121]
[start_transactional_migration_fail_num]:[4772]
[start_shadow_page_pair]:[5]
[end_pgdemote_kswapd]:[35012261]
[end_pgdemote_direct]:[0]
[end_pgdemote_file]:[56582]
[end_pgdemote_anon]:[34955679]
[end_pgpromote_candidate]:[35667956]
[end_pgpromote_candidate_demoted]:[25700066]
[end_pgpromote_candidate_anon]:[35667605]
[end_pgpromote_candidate_file]:[351]
[end_pgpromote_tried]:[0]
[end_pgpromote_file]:[0]
[end_pgpromote_anon]:[0]
[end_pgmigrate_success]:[212961616]
[end_pgmigrate_fail]:[2377958]
[end_pgmigrate_fail_dst_node_full]:[281088]
[end_pgmigrate_fail_numa_isolate]:[281088]
[end_pgmigrate_fail_nomem]:[3933783]
[end_pgmigrate_fail_refcount]:[7228]
[end_success_nr]:[29820940]
[end_retry_nr]:[252854]
[end_retreated_page_nr]:[3492]
[end_try_to_promote_nr]:[34755020]
[end_task_num]:[0]
[end_write_protect_break_num]:[1677355]
[end_shadow_link_num]:[29820867]
[end_shadow_demote_num]:[5622552]
[end_batch_free_num]:[21818184]
[end_transactional_migration_success_num]:[29820872]
[end_transactional_migration_fail_num]:[6929]
[end_shadow_page_pair]:[694002]
[note]:[3]
[milliseconds]:[167537]
[total tick]:[435595002660]
[work type]:[5]
[Bandwidth(MB/s)]:[932.629807]
---------------------------
-----------start-----------
[start_pgdemote_kswapd]:[35707647]
[start_pgdemote_direct]:[0]
[start_pgdemote_file]:[56583]
[start_pgdemote_anon]:[35651064]
[start_pgpromote_candidate]:[35667979]
[start_pgpromote_candidate_demoted]:[25700089]
[start_pgpromote_candidate_anon]:[35667628]
[start_pgpromote_candidate_file]:[351]
[start_pgpromote_tried]:[0]
[start_pgpromote_file]:[0]
[start_pgpromote_anon]:[0]
[start_pgmigrate_success]:[213658334]
[start_pgmigrate_fail]:[2437907]
[start_pgmigrate_fail_dst_node_full]:[281088]
[start_pgmigrate_fail_numa_isolate]:[281088]
[start_pgmigrate_fail_nomem]:[3993732]
[start_pgmigrate_fail_refcount]:[7229]
[start_success_nr]:[29820957]
[start_retry_nr]:[252926]
[start_retreated_page_nr]:[3499]
[start_try_to_promote_nr]:[34755044]
[start_task_num]:[0]
[start_write_protect_break_num]:[1677355]
[start_shadow_link_num]:[29820884]
[start_shadow_demote_num]:[5723603]
[start_batch_free_num]:[22410893]
[start_transactional_migration_success_num]:[29820890]
[start_transactional_migration_fail_num]:[6999]
[start_shadow_page_pair]:[7]
[end_pgdemote_kswapd]:[48553662]
[end_pgdemote_direct]:[189]
[end_pgdemote_file]:[56729]
[end_pgdemote_anon]:[48497122]
[end_pgpromote_candidate]:[48964710]
[end_pgpromote_candidate_demoted]:[38851288]
[end_pgpromote_candidate_anon]:[48964344]
[end_pgpromote_candidate_file]:[366]
[end_pgpromote_tried]:[0]
[end_pgpromote_file]:[0]
[end_pgpromote_anon]:[0]
[end_pgmigrate_success]:[226592871]
[end_pgmigrate_fail]:[3398444]
[end_pgmigrate_fail_dst_node_full]:[285696]
[end_pgmigrate_fail_numa_isolate]:[285696]
[end_pgmigrate_fail_nomem]:[4949653]
[end_pgmigrate_fail_refcount]:[9853]
[end_success_nr]:[43051978]
[end_retry_nr]:[374960]
[end_retreated_page_nr]:[5207]
[end_try_to_promote_nr]:[47987773]
[end_task_num]:[0]
[end_write_protect_break_num]:[2258100]
[end_shadow_link_num]:[43051895]
[end_shadow_demote_num]:[8231734]
[end_batch_free_num]:[32127331]
[end_transactional_migration_success_num]:[43051901]
[end_transactional_migration_fail_num]:[9523]
[end_shadow_page_pair]:[406194]
[note]:[4]
[milliseconds]:[174028]
[total tick]:[452469008178]
[work type]:[5]
[Bandwidth(MB/s)]:[897.844025]
---------------------------
