-----------start-----------
[start_pgdemote_kswapd]:[1190245]
[start_pgdemote_direct]:[0]
[start_pgdemote_file]:[96101]
[start_pgdemote_anon]:[1094144]
[start_pgpromote_candidate]:[53]
[start_pgpromote_candidate_demoted]:[52]
[start_pgpromote_candidate_anon]:[53]
[start_pgpromote_candidate_file]:[0]
[start_pgpromote_tried]:[0]
[start_pgpromote_file]:[0]
[start_pgpromote_anon]:[0]
[start_pgmigrate_success]:[1190245]
[start_pgmigrate_fail]:[37]
[start_pgmigrate_fail_dst_node_full]:[0]
[start_pgmigrate_fail_numa_isolate]:[0]
[start_pgmigrate_fail_nomem]:[0]
[start_pgmigrate_fail_refcount]:[20]
[start_success_nr]:[47]
[start_retry_nr]:[20]
[start_retreated_page_nr]:[2]
[start_try_to_promote_nr]:[49]
[start_task_num]:[0]
[start_write_protect_break_num]:[17]
[start_shadow_link_num]:[47]
[start_shadow_demote_num]:[0]
[start_batch_free_num]:[0]
[start_transactional_migration_success_num]:[47]
[start_transactional_migration_fail_num]:[20]
[start_shadow_page_pair]:[11]
[end_pgdemote_kswapd]:[2141927]
[end_pgdemote_direct]:[0]
[end_pgdemote_file]:[98929]
[end_pgdemote_anon]:[2042998]
[end_pgpromote_candidate]:[2427]
[end_pgpromote_candidate_demoted]:[2426]
[end_pgpromote_candidate_anon]:[2412]
[end_pgpromote_candidate_file]:[15]
[end_pgpromote_tried]:[0]
[end_pgpromote_file]:[0]
[end_pgpromote_anon]:[0]
[end_pgmigrate_success]:[2963175]
[end_pgmigrate_fail]:[37]
[end_pgmigrate_fail_dst_node_full]:[0]
[end_pgmigrate_fail_numa_isolate]:[0]
[end_pgmigrate_fail_nomem]:[0]
[end_pgmigrate_fail_refcount]:[100]
[end_success_nr]:[793]
[end_retry_nr]:[100]
[end_retreated_page_nr]:[10]
[end_try_to_promote_nr]:[803]
[end_task_num]:[0]
[end_write_protect_break_num]:[328]
[end_shadow_link_num]:[793]
[end_shadow_demote_num]:[0]
[end_batch_free_num]:[0]
[end_transactional_migration_success_num]:[793]
[end_transactional_migration_fail_num]:[100]
[end_shadow_page_pair]:[402]
[note]:[0]
[milliseconds]:[8955]
[total tick]:[23282940415]
[work type]:[0]
[Bandwidth(MB/s)]:[7851.758794]
---------------------------
-----------start-----------
[start_pgdemote_kswapd]:[2141927]
[start_pgdemote_direct]:[0]
[start_pgdemote_file]:[98929]
[start_pgdemote_anon]:[2042998]
[start_pgpromote_candidate]:[2429]
[start_pgpromote_candidate_demoted]:[2428]
[start_pgpromote_candidate_anon]:[2414]
[start_pgpromote_candidate_file]:[15]
[start_pgpromote_tried]:[0]
[start_pgpromote_file]:[0]
[start_pgpromote_anon]:[0]
[start_pgmigrate_success]:[2963175]
[start_pgmigrate_fail]:[37]
[start_pgmigrate_fail_dst_node_full]:[0]
[start_pgmigrate_fail_numa_isolate]:[0]
[start_pgmigrate_fail_nomem]:[0]
[start_pgmigrate_fail_refcount]:[100]
[start_success_nr]:[794]
[start_retry_nr]:[100]
[start_retreated_page_nr]:[10]
[start_try_to_promote_nr]:[804]
[start_task_num]:[0]
[start_write_protect_break_num]:[332]
[start_shadow_link_num]:[794]
[start_shadow_demote_num]:[0]
[start_batch_free_num]:[0]
[start_transactional_migration_success_num]:[794]
[start_transactional_migration_fail_num]:[100]
[start_shadow_page_pair]:[399]
[end_pgdemote_kswapd]:[2186609]
[end_pgdemote_direct]:[0]
[end_pgdemote_file]:[99063]
[end_pgdemote_anon]:[2087546]
[end_pgpromote_candidate]:[3364]
[end_pgpromote_candidate_demoted]:[3363]
[end_pgpromote_candidate_anon]:[3338]
[end_pgpromote_candidate_file]:[26]
[end_pgpromote_tried]:[0]
[end_pgpromote_file]:[0]
[end_pgpromote_anon]:[0]
[end_pgmigrate_success]:[3042161]
[end_pgmigrate_fail]:[37]
[end_pgmigrate_fail_dst_node_full]:[0]
[end_pgmigrate_fail_numa_isolate]:[0]
[end_pgmigrate_fail_nomem]:[0]
[end_pgmigrate_fail_refcount]:[130]
[end_success_nr]:[1648]
[end_retry_nr]:[130]
[end_retreated_page_nr]:[13]
[end_try_to_promote_nr]:[1661]
[end_task_num]:[0]
[end_write_protect_break_num]:[332]
[end_shadow_link_num]:[1648]
[end_shadow_demote_num]:[0]
[end_batch_free_num]:[0]
[end_transactional_migration_success_num]:[1648]
[end_transactional_migration_fail_num]:[130]
[end_shadow_page_pair]:[1253]
[note]:[1]
[milliseconds]:[8284]
[total tick]:[21539414930]
[work type]:[0]
[Bandwidth(MB/s)]:[8487.747465]
---------------------------
-----------start-----------
[start_pgdemote_kswapd]:[2186609]
[start_pgdemote_direct]:[0]
[start_pgdemote_file]:[99063]
[start_pgdemote_anon]:[2087546]
[start_pgpromote_candidate]:[3371]
[start_pgpromote_candidate_demoted]:[3370]
[start_pgpromote_candidate_anon]:[3344]
[start_pgpromote_candidate_file]:[27]
[start_pgpromote_tried]:[0]
[start_pgpromote_file]:[0]
[start_pgpromote_anon]:[0]
[start_pgmigrate_success]:[3042161]
[start_pgmigrate_fail]:[37]
[start_pgmigrate_fail_dst_node_full]:[0]
[start_pgmigrate_fail_numa_isolate]:[0]
[start_pgmigrate_fail_nomem]:[0]
[start_pgmigrate_fail_refcount]:[130]
[start_success_nr]:[1652]
[start_retry_nr]:[130]
[start_retreated_page_nr]:[13]
[start_try_to_promote_nr]:[1665]
[start_task_num]:[0]
[start_write_protect_break_num]:[332]
[start_shadow_link_num]:[1652]
[start_shadow_demote_num]:[0]
[start_batch_free_num]:[0]
[start_transactional_migration_success_num]:[1652]
[start_transactional_migration_fail_num]:[130]
[start_shadow_page_pair]:[918]
[end_pgdemote_kswapd]:[2189713]
[end_pgdemote_direct]:[0]
[end_pgdemote_file]:[101800]
[end_pgdemote_anon]:[2087913]
[end_pgpromote_candidate]:[3469]
[end_pgpromote_candidate_demoted]:[3468]
[end_pgpromote_candidate_anon]:[3442]
[end_pgpromote_candidate_file]:[27]
[end_pgpromote_tried]:[0]
[end_pgpromote_file]:[0]
[end_pgpromote_anon]:[0]
[end_pgmigrate_success]:[3094929]
[end_pgmigrate_fail]:[37]
[end_pgmigrate_fail_dst_node_full]:[0]
[end_pgmigrate_fail_numa_isolate]:[0]
[end_pgmigrate_fail_nomem]:[0]
[end_pgmigrate_fail_refcount]:[130]
[end_success_nr]:[1656]
[end_retry_nr]:[130]
[end_retreated_page_nr]:[13]
[end_try_to_promote_nr]:[1669]
[end_task_num]:[0]
[end_write_protect_break_num]:[332]
[end_shadow_link_num]:[1656]
[end_shadow_demote_num]:[0]
[end_batch_free_num]:[0]
[end_transactional_migration_success_num]:[1656]
[end_transactional_migration_fail_num]:[130]
[end_shadow_page_pair]:[922]
[note]:[2]
[milliseconds]:[8211]
[total tick]:[21349555622]
[work type]:[0]
[Bandwidth(MB/s)]:[8563.207892]
---------------------------
-----------start-----------
[start_pgdemote_kswapd]:[2189713]
[start_pgdemote_direct]:[0]
[start_pgdemote_file]:[101800]
[start_pgdemote_anon]:[2087913]
[start_pgpromote_candidate]:[3479]
[start_pgpromote_candidate_demoted]:[3478]
[start_pgpromote_candidate_anon]:[3451]
[start_pgpromote_candidate_file]:[28]
[start_pgpromote_tried]:[0]
[start_pgpromote_file]:[0]
[start_pgpromote_anon]:[0]
[start_pgmigrate_success]:[3094929]
[start_pgmigrate_fail]:[37]
[start_pgmigrate_fail_dst_node_full]:[0]
[start_pgmigrate_fail_numa_isolate]:[0]
[start_pgmigrate_fail_nomem]:[0]
[start_pgmigrate_fail_refcount]:[140]
[start_success_nr]:[1662]
[start_retry_nr]:[140]
[start_retreated_page_nr]:[14]
[start_try_to_promote_nr]:[1676]
[start_task_num]:[0]
[start_write_protect_break_num]:[337]
[start_shadow_link_num]:[1662]
[start_shadow_demote_num]:[0]
[start_batch_free_num]:[0]
[start_transactional_migration_success_num]:[1662]
[start_transactional_migration_fail_num]:[140]
[start_shadow_page_pair]:[920]
[end_pgdemote_kswapd]:[2510606]
[end_pgdemote_direct]:[0]
[end_pgdemote_file]:[104791]
[end_pgdemote_anon]:[2405815]
[end_pgpromote_candidate]:[60410]
[end_pgpromote_candidate_demoted]:[54023]
[end_pgpromote_candidate_anon]:[60317]
[end_pgpromote_candidate_file]:[93]
[end_pgpromote_tried]:[0]
[end_pgpromote_file]:[0]
[end_pgpromote_anon]:[0]
[end_pgmigrate_success]:[3676942]
[end_pgmigrate_fail]:[37]
[end_pgmigrate_fail_dst_node_full]:[0]
[end_pgmigrate_fail_numa_isolate]:[0]
[end_pgmigrate_fail_nomem]:[0]
[end_pgmigrate_fail_refcount]:[569]
[end_success_nr]:[57968]
[end_retry_nr]:[669]
[end_retreated_page_nr]:[56]
[end_try_to_promote_nr]:[58024]
[end_task_num]:[0]
[end_write_protect_break_num]:[47057]
[end_shadow_link_num]:[57968]
[end_shadow_demote_num]:[0]
[end_batch_free_num]:[0]
[end_transactional_migration_success_num]:[57968]
[end_transactional_migration_fail_num]:[569]
[end_shadow_page_pair]:[10483]
[note]:[3]
[milliseconds]:[9440]
[total tick]:[24545489226]
[work type]:[0]
[Bandwidth(MB/s)]:[7448.358051]
---------------------------
-----------start-----------
[start_pgdemote_kswapd]:[2510606]
[start_pgdemote_direct]:[0]
[start_pgdemote_file]:[104791]
[start_pgdemote_anon]:[2405815]
[start_pgpromote_candidate]:[60437]
[start_pgpromote_candidate_demoted]:[54050]
[start_pgpromote_candidate_anon]:[60318]
[start_pgpromote_candidate_file]:[119]
[start_pgpromote_tried]:[0]
[start_pgpromote_file]:[0]
[start_pgpromote_anon]:[0]
[start_pgmigrate_success]:[3676942]
[start_pgmigrate_fail]:[37]
[start_pgmigrate_fail_dst_node_full]:[0]
[start_pgmigrate_fail_numa_isolate]:[0]
[start_pgmigrate_fail_nomem]:[0]
[start_pgmigrate_fail_refcount]:[628]
[start_success_nr]:[57971]
[start_retry_nr]:[729]
[start_retreated_page_nr]:[62]
[start_try_to_promote_nr]:[58033]
[start_task_num]:[0]
[start_write_protect_break_num]:[47057]
[start_shadow_link_num]:[57971]
[start_shadow_demote_num]:[0]
[start_batch_free_num]:[0]
[start_transactional_migration_success_num]:[57971]
[start_transactional_migration_fail_num]:[628]
[start_shadow_page_pair]:[10486]
[end_pgdemote_kswapd]:[2777538]
[end_pgdemote_direct]:[0]
[end_pgdemote_file]:[104971]
[end_pgdemote_anon]:[2672567]
[end_pgpromote_candidate]:[198190]
[end_pgpromote_candidate_demoted]:[54291]
[end_pgpromote_candidate_anon]:[198071]
[end_pgpromote_candidate_file]:[119]
[end_pgpromote_tried]:[0]
[end_pgpromote_file]:[0]
[end_pgpromote_anon]:[0]
[end_pgmigrate_success]:[4064706]
[end_pgmigrate_fail]:[37]
[end_pgmigrate_fail_dst_node_full]:[0]
[end_pgmigrate_fail_numa_isolate]:[0]
[end_pgmigrate_fail_nomem]:[0]
[end_pgmigrate_fail_refcount]:[698]
[end_success_nr]:[195470]
[end_retry_nr]:[1167]
[end_retreated_page_nr]:[73]
[end_try_to_promote_nr]:[195543]
[end_task_num]:[0]
[end_write_protect_break_num]:[108254]
[end_shadow_link_num]:[195470]
[end_shadow_demote_num]:[0]
[end_batch_free_num]:[0]
[end_transactional_migration_success_num]:[195470]
[end_transactional_migration_fail_num]:[698]
[end_shadow_page_pair]:[86784]
[note]:[4]
[milliseconds]:[9893]
[total tick]:[25727259390]
[work type]:[0]
[Bandwidth(MB/s)]:[7107.298090]
---------------------------
