-----------start-----------
[start_pgdemote_kswapd]:[1193363]
[start_pgdemote_direct]:[0]
[start_pgdemote_file]:[96135]
[start_pgdemote_anon]:[1097228]
[start_pgpromote_candidate]:[59]
[start_pgpromote_candidate_demoted]:[58]
[start_pgpromote_candidate_anon]:[59]
[start_pgpromote_candidate_file]:[0]
[start_pgpromote_tried]:[0]
[start_pgpromote_file]:[0]
[start_pgpromote_anon]:[0]
[start_pgmigrate_success]:[1193363]
[start_pgmigrate_fail]:[2]
[start_pgmigrate_fail_dst_node_full]:[0]
[start_pgmigrate_fail_numa_isolate]:[0]
[start_pgmigrate_fail_nomem]:[0]
[start_pgmigrate_fail_refcount]:[80]
[start_success_nr]:[44]
[start_retry_nr]:[80]
[start_retreated_page_nr]:[8]
[start_try_to_promote_nr]:[52]
[start_task_num]:[0]
[start_write_protect_break_num]:[16]
[start_shadow_link_num]:[44]
[start_shadow_demote_num]:[0]
[start_batch_free_num]:[0]
[start_transactional_migration_success_num]:[44]
[start_transactional_migration_fail_num]:[80]
[start_shadow_page_pair]:[14]
[end_pgdemote_kswapd]:[2157747]
[end_pgdemote_direct]:[0]
[end_pgdemote_file]:[98047]
[end_pgdemote_anon]:[2059700]
[end_pgpromote_candidate]:[2600]
[end_pgpromote_candidate_demoted]:[2599]
[end_pgpromote_candidate_anon]:[2589]
[end_pgpromote_candidate_file]:[11]
[end_pgpromote_tried]:[0]
[end_pgpromote_file]:[0]
[end_pgpromote_anon]:[0]
[end_pgmigrate_success]:[2978483]
[end_pgmigrate_fail]:[13]
[end_pgmigrate_fail_dst_node_full]:[0]
[end_pgmigrate_fail_numa_isolate]:[0]
[end_pgmigrate_fail_nomem]:[0]
[end_pgmigrate_fail_refcount]:[210]
[end_success_nr]:[960]
[end_retry_nr]:[211]
[end_retreated_page_nr]:[21]
[end_try_to_promote_nr]:[981]
[end_task_num]:[0]
[end_write_protect_break_num]:[492]
[end_shadow_link_num]:[960]
[end_shadow_demote_num]:[0]
[end_batch_free_num]:[0]
[end_transactional_migration_success_num]:[960]
[end_transactional_migration_fail_num]:[210]
[end_shadow_page_pair]:[411]
[note]:[0]
[milliseconds]:[9018]
[total tick]:[23450728234]
[work type]:[0]
[Bandwidth(MB/s)]:[7796.906188]
---------------------------
-----------start-----------
[start_pgdemote_kswapd]:[2157747]
[start_pgdemote_direct]:[0]
[start_pgdemote_file]:[98047]
[start_pgdemote_anon]:[2059700]
[start_pgpromote_candidate]:[2619]
[start_pgpromote_candidate_demoted]:[2618]
[start_pgpromote_candidate_anon]:[2608]
[start_pgpromote_candidate_file]:[11]
[start_pgpromote_tried]:[0]
[start_pgpromote_file]:[0]
[start_pgpromote_anon]:[0]
[start_pgmigrate_success]:[2978483]
[start_pgmigrate_fail]:[13]
[start_pgmigrate_fail_dst_node_full]:[0]
[start_pgmigrate_fail_numa_isolate]:[0]
[start_pgmigrate_fail_nomem]:[0]
[start_pgmigrate_fail_refcount]:[280]
[start_success_nr]:[970]
[start_retry_nr]:[281]
[start_retreated_page_nr]:[28]
[start_try_to_promote_nr]:[998]
[start_task_num]:[0]
[start_write_protect_break_num]:[496]
[start_shadow_link_num]:[970]
[start_shadow_demote_num]:[0]
[start_batch_free_num]:[0]
[start_transactional_migration_success_num]:[970]
[start_transactional_migration_fail_num]:[280]
[start_shadow_page_pair]:[414]
[end_pgdemote_kswapd]:[2185982]
[end_pgdemote_direct]:[0]
[end_pgdemote_file]:[102236]
[end_pgdemote_anon]:[2083746]
[end_pgpromote_candidate]:[3051]
[end_pgpromote_candidate_demoted]:[3050]
[end_pgpromote_candidate_anon]:[3040]
[end_pgpromote_candidate_file]:[11]
[end_pgpromote_tried]:[0]
[end_pgpromote_file]:[0]
[end_pgpromote_anon]:[0]
[end_pgmigrate_success]:[3041534]
[end_pgmigrate_fail]:[28]
[end_pgmigrate_fail_dst_node_full]:[0]
[end_pgmigrate_fail_numa_isolate]:[0]
[end_pgmigrate_fail_nomem]:[0]
[end_pgmigrate_fail_refcount]:[380]
[end_success_nr]:[1324]
[end_retry_nr]:[381]
[end_retreated_page_nr]:[38]
[end_try_to_promote_nr]:[1362]
[end_task_num]:[0]
[end_write_protect_break_num]:[500]
[end_shadow_link_num]:[1321]
[end_shadow_demote_num]:[6]
[end_batch_free_num]:[0]
[end_transactional_migration_success_num]:[1321]
[end_transactional_migration_fail_num]:[360]
[end_shadow_page_pair]:[752]
[note]:[1]
[milliseconds]:[8119]
[total tick]:[21111265116]
[work type]:[0]
[Bandwidth(MB/s)]:[8660.241409]
---------------------------
-----------start-----------
[start_pgdemote_kswapd]:[2185982]
[start_pgdemote_direct]:[0]
[start_pgdemote_file]:[102236]
[start_pgdemote_anon]:[2083746]
[start_pgpromote_candidate]:[3059]
[start_pgpromote_candidate_demoted]:[3058]
[start_pgpromote_candidate_anon]:[3048]
[start_pgpromote_candidate_file]:[11]
[start_pgpromote_tried]:[0]
[start_pgpromote_file]:[0]
[start_pgpromote_anon]:[0]
[start_pgmigrate_success]:[3041534]
[start_pgmigrate_fail]:[28]
[start_pgmigrate_fail_dst_node_full]:[0]
[start_pgmigrate_fail_numa_isolate]:[0]
[start_pgmigrate_fail_nomem]:[0]
[start_pgmigrate_fail_refcount]:[390]
[start_success_nr]:[1334]
[start_retry_nr]:[391]
[start_retreated_page_nr]:[39]
[start_try_to_promote_nr]:[1373]
[start_task_num]:[0]
[start_write_protect_break_num]:[500]
[start_shadow_link_num]:[1331]
[start_shadow_demote_num]:[6]
[start_batch_free_num]:[0]
[start_transactional_migration_success_num]:[1331]
[start_transactional_migration_fail_num]:[370]
[start_shadow_page_pair]:[423]
[end_pgdemote_kswapd]:[2392931]
[end_pgdemote_direct]:[0]
[end_pgdemote_file]:[102900]
[end_pgdemote_anon]:[2290031]
[end_pgpromote_candidate]:[3952]
[end_pgpromote_candidate_demoted]:[3951]
[end_pgpromote_candidate_anon]:[3845]
[end_pgpromote_candidate_file]:[107]
[end_pgpromote_tried]:[0]
[end_pgpromote_file]:[0]
[end_pgpromote_anon]:[0]
[end_pgmigrate_success]:[3363683]
[end_pgmigrate_fail]:[28]
[end_pgmigrate_fail_dst_node_full]:[0]
[end_pgmigrate_fail_numa_isolate]:[0]
[end_pgmigrate_fail_nomem]:[0]
[end_pgmigrate_fail_refcount]:[699]
[end_success_nr]:[1876]
[end_retry_nr]:[702]
[end_retreated_page_nr]:[68]
[end_try_to_promote_nr]:[1944]
[end_task_num]:[0]
[end_write_protect_break_num]:[741]
[end_shadow_link_num]:[1873]
[end_shadow_demote_num]:[9]
[end_batch_free_num]:[0]
[end_transactional_migration_success_num]:[1873]
[end_transactional_migration_fail_num]:[679]
[end_shadow_page_pair]:[702]
[note]:[2]
[milliseconds]:[8384]
[total tick]:[21794888696]
[work type]:[0]
[Bandwidth(MB/s)]:[8386.510019]
---------------------------
-----------start-----------
[start_pgdemote_kswapd]:[2392931]
[start_pgdemote_direct]:[0]
[start_pgdemote_file]:[102900]
[start_pgdemote_anon]:[2290031]
[start_pgpromote_candidate]:[3956]
[start_pgpromote_candidate_demoted]:[3955]
[start_pgpromote_candidate_anon]:[3849]
[start_pgpromote_candidate_file]:[107]
[start_pgpromote_tried]:[0]
[start_pgpromote_file]:[0]
[start_pgpromote_anon]:[0]
[start_pgmigrate_success]:[3363683]
[start_pgmigrate_fail]:[28]
[start_pgmigrate_fail_dst_node_full]:[0]
[start_pgmigrate_fail_numa_isolate]:[0]
[start_pgmigrate_fail_nomem]:[0]
[start_pgmigrate_fail_refcount]:[699]
[start_success_nr]:[1878]
[start_retry_nr]:[702]
[start_retreated_page_nr]:[68]
[start_try_to_promote_nr]:[1946]
[start_task_num]:[0]
[start_write_protect_break_num]:[744]
[start_shadow_link_num]:[1875]
[start_shadow_demote_num]:[9]
[start_batch_free_num]:[0]
[start_transactional_migration_success_num]:[1875]
[start_transactional_migration_fail_num]:[679]
[start_shadow_page_pair]:[700]
[end_pgdemote_kswapd]:[2437927]
[end_pgdemote_direct]:[0]
[end_pgdemote_file]:[103857]
[end_pgdemote_anon]:[2334070]
[end_pgpromote_candidate]:[14139]
[end_pgpromote_candidate_demoted]:[4272]
[end_pgpromote_candidate_anon]:[14027]
[end_pgpromote_candidate_file]:[112]
[end_pgpromote_tried]:[0]
[end_pgpromote_file]:[0]
[end_pgpromote_anon]:[0]
[end_pgmigrate_success]:[3568423]
[end_pgmigrate_fail]:[28]
[end_pgmigrate_fail_dst_node_full]:[0]
[end_pgmigrate_fail_numa_isolate]:[0]
[end_pgmigrate_fail_nomem]:[0]
[end_pgmigrate_fail_refcount]:[759]
[end_success_nr]:[11739]
[end_retry_nr]:[762]
[end_retreated_page_nr]:[74]
[end_try_to_promote_nr]:[11813]
[end_task_num]:[0]
[end_write_protect_break_num]:[746]
[end_shadow_link_num]:[11736]
[end_shadow_demote_num]:[9]
[end_batch_free_num]:[0]
[end_transactional_migration_success_num]:[11736]
[end_transactional_migration_fail_num]:[739]
[end_shadow_page_pair]:[10559]
[note]:[3]
[milliseconds]:[8387]
[total tick]:[21803242738]
[work type]:[0]
[Bandwidth(MB/s)]:[8383.510194]
---------------------------
-----------start-----------
[start_pgdemote_kswapd]:[2437927]
[start_pgdemote_direct]:[0]
[start_pgdemote_file]:[103857]
[start_pgdemote_anon]:[2334070]
[start_pgpromote_candidate]:[14139]
[start_pgpromote_candidate_demoted]:[4272]
[start_pgpromote_candidate_anon]:[14027]
[start_pgpromote_candidate_file]:[112]
[start_pgpromote_tried]:[0]
[start_pgpromote_file]:[0]
[start_pgpromote_anon]:[0]
[start_pgmigrate_success]:[3568423]
[start_pgmigrate_fail]:[28]
[start_pgmigrate_fail_dst_node_full]:[0]
[start_pgmigrate_fail_numa_isolate]:[0]
[start_pgmigrate_fail_nomem]:[0]
[start_pgmigrate_fail_refcount]:[759]
[start_success_nr]:[11739]
[start_retry_nr]:[762]
[start_retreated_page_nr]:[74]
[start_try_to_promote_nr]:[11813]
[start_task_num]:[0]
[start_write_protect_break_num]:[746]
[start_shadow_link_num]:[11736]
[start_shadow_demote_num]:[9]
[start_batch_free_num]:[0]
[start_transactional_migration_success_num]:[11736]
[start_transactional_migration_fail_num]:[739]
[start_shadow_page_pair]:[10559]
[end_pgdemote_kswapd]:[2625594]
[end_pgdemote_direct]:[0]
[end_pgdemote_file]:[105626]
[end_pgdemote_anon]:[2519968]
[end_pgpromote_candidate]:[144850]
[end_pgpromote_candidate_demoted]:[4292]
[end_pgpromote_candidate_anon]:[144738]
[end_pgpromote_candidate_file]:[112]
[end_pgpromote_tried]:[0]
[end_pgpromote_file]:[0]
[end_pgpromote_anon]:[0]
[end_pgmigrate_success]:[3766330]
[end_pgmigrate_fail]:[28]
[end_pgmigrate_fail_dst_node_full]:[0]
[end_pgmigrate_fail_numa_isolate]:[0]
[end_pgmigrate_fail_nomem]:[0]
[end_pgmigrate_fail_refcount]:[759]
[end_success_nr]:[142416]
[end_retry_nr]:[1269]
[end_retreated_page_nr]:[84]
[end_try_to_promote_nr]:[142500]
[end_task_num]:[0]
[end_write_protect_break_num]:[58253]
[end_shadow_link_num]:[142413]
[end_shadow_demote_num]:[9]
[end_batch_free_num]:[0]
[end_transactional_migration_success_num]:[142413]
[end_transactional_migration_fail_num]:[739]
[end_shadow_page_pair]:[83716]
[note]:[4]
[milliseconds]:[10042]
[total tick]:[26107602598]
[work type]:[0]
[Bandwidth(MB/s)]:[7001.842262]
---------------------------
