-----------start-----------
[start_pgdemote_kswapd]:[1200174]
[start_pgdemote_direct]:[0]
[start_pgdemote_file]:[109925]
[start_pgdemote_anon]:[1090249]
[start_pgpromote_candidate]:[58]
[start_pgpromote_candidate_demoted]:[57]
[start_pgpromote_candidate_anon]:[58]
[start_pgpromote_candidate_file]:[0]
[start_pgpromote_tried]:[0]
[start_pgpromote_file]:[0]
[start_pgpromote_anon]:[0]
[start_pgmigrate_success]:[1200174]
[start_pgmigrate_fail]:[30]
[start_pgmigrate_fail_dst_node_full]:[0]
[start_pgmigrate_fail_numa_isolate]:[0]
[start_pgmigrate_fail_nomem]:[0]
[start_pgmigrate_fail_refcount]:[100]
[start_success_nr]:[41]
[start_retry_nr]:[100]
[start_retreated_page_nr]:[10]
[start_try_to_promote_nr]:[51]
[start_task_num]:[0]
[start_write_protect_break_num]:[12]
[start_shadow_link_num]:[41]
[start_shadow_demote_num]:[0]
[start_batch_free_num]:[0]
[start_transactional_migration_success_num]:[41]
[start_transactional_migration_fail_num]:[100]
[start_shadow_page_pair]:[13]
[end_pgdemote_kswapd]:[2167133]
[end_pgdemote_direct]:[0]
[end_pgdemote_file]:[109925]
[end_pgdemote_anon]:[2057208]
[end_pgpromote_candidate]:[2868]
[end_pgpromote_candidate_demoted]:[2867]
[end_pgpromote_candidate_anon]:[2804]
[end_pgpromote_candidate_file]:[64]
[end_pgpromote_tried]:[0]
[end_pgpromote_file]:[0]
[end_pgpromote_anon]:[0]
[end_pgmigrate_success]:[2987869]
[end_pgmigrate_fail]:[30]
[end_pgmigrate_fail_dst_node_full]:[0]
[end_pgmigrate_fail_numa_isolate]:[0]
[end_pgmigrate_fail_nomem]:[0]
[end_pgmigrate_fail_refcount]:[190]
[end_success_nr]:[1174]
[end_retry_nr]:[191]
[end_retreated_page_nr]:[19]
[end_try_to_promote_nr]:[1193]
[end_task_num]:[0]
[end_write_protect_break_num]:[179]
[end_shadow_link_num]:[1174]
[end_shadow_demote_num]:[0]
[end_batch_free_num]:[0]
[end_transactional_migration_success_num]:[1174]
[end_transactional_migration_fail_num]:[190]
[end_shadow_page_pair]:[938]
[note]:[0]
[milliseconds]:[8880]
[total tick]:[23086817485]
[work type]:[0]
[Bandwidth(MB/s)]:[7918.074324]
---------------------------
-----------start-----------
[start_pgdemote_kswapd]:[2167133]
[start_pgdemote_direct]:[0]
[start_pgdemote_file]:[109925]
[start_pgdemote_anon]:[2057208]
[start_pgpromote_candidate]:[2883]
[start_pgpromote_candidate_demoted]:[2882]
[start_pgpromote_candidate_anon]:[2806]
[start_pgpromote_candidate_file]:[77]
[start_pgpromote_tried]:[0]
[start_pgpromote_file]:[0]
[start_pgpromote_anon]:[0]
[start_pgmigrate_success]:[2987869]
[start_pgmigrate_fail]:[30]
[start_pgmigrate_fail_dst_node_full]:[0]
[start_pgmigrate_fail_numa_isolate]:[0]
[start_pgmigrate_fail_nomem]:[0]
[start_pgmigrate_fail_refcount]:[190]
[start_success_nr]:[1182]
[start_retry_nr]:[191]
[start_retreated_page_nr]:[19]
[start_try_to_promote_nr]:[1201]
[start_task_num]:[0]
[start_write_protect_break_num]:[181]
[start_shadow_link_num]:[1182]
[start_shadow_demote_num]:[0]
[start_batch_free_num]:[0]
[start_transactional_migration_success_num]:[1182]
[start_transactional_migration_fail_num]:[190]
[start_shadow_page_pair]:[943]
[end_pgdemote_kswapd]:[2199038]
[end_pgdemote_direct]:[0]
[end_pgdemote_file]:[110731]
[end_pgdemote_anon]:[2088307]
[end_pgpromote_candidate]:[3423]
[end_pgpromote_candidate_demoted]:[3422]
[end_pgpromote_candidate_anon]:[3346]
[end_pgpromote_candidate_file]:[77]
[end_pgpromote_tried]:[0]
[end_pgpromote_file]:[0]
[end_pgpromote_anon]:[0]
[end_pgmigrate_success]:[3054590]
[end_pgmigrate_fail]:[32]
[end_pgmigrate_fail_dst_node_full]:[0]
[end_pgmigrate_fail_numa_isolate]:[0]
[end_pgmigrate_fail_nomem]:[0]
[end_pgmigrate_fail_refcount]:[320]
[end_success_nr]:[1635]
[end_retry_nr]:[321]
[end_retreated_page_nr]:[32]
[end_try_to_promote_nr]:[1667]
[end_task_num]:[0]
[end_write_protect_break_num]:[184]
[end_shadow_link_num]:[1635]
[end_shadow_demote_num]:[76]
[end_batch_free_num]:[0]
[end_transactional_migration_success_num]:[1635]
[end_transactional_migration_fail_num]:[320]
[end_shadow_page_pair]:[1314]
[note]:[1]
[milliseconds]:[8342]
[total tick]:[21688059176]
[work type]:[0]
[Bandwidth(MB/s)]:[8428.734117]
---------------------------
-----------start-----------
[start_pgdemote_kswapd]:[2199038]
[start_pgdemote_direct]:[0]
[start_pgdemote_file]:[110731]
[start_pgdemote_anon]:[2088307]
[start_pgpromote_candidate]:[3482]
[start_pgpromote_candidate_demoted]:[3481]
[start_pgpromote_candidate_anon]:[3405]
[start_pgpromote_candidate_file]:[77]
[start_pgpromote_tried]:[0]
[start_pgpromote_file]:[0]
[start_pgpromote_anon]:[0]
[start_pgmigrate_success]:[3054590]
[start_pgmigrate_fail]:[32]
[start_pgmigrate_fail_dst_node_full]:[0]
[start_pgmigrate_fail_numa_isolate]:[0]
[start_pgmigrate_fail_nomem]:[0]
[start_pgmigrate_fail_refcount]:[320]
[start_success_nr]:[1695]
[start_retry_nr]:[321]
[start_retreated_page_nr]:[32]
[start_try_to_promote_nr]:[1727]
[start_task_num]:[0]
[start_write_protect_break_num]:[195]
[start_shadow_link_num]:[1695]
[start_shadow_demote_num]:[76]
[start_batch_free_num]:[0]
[start_transactional_migration_success_num]:[1695]
[start_transactional_migration_fail_num]:[320]
[start_shadow_page_pair]:[510]
[end_pgdemote_kswapd]:[2456319]
[end_pgdemote_direct]:[0]
[end_pgdemote_file]:[110818]
[end_pgdemote_anon]:[2345501]
[end_pgpromote_candidate]:[6009]
[end_pgpromote_candidate_demoted]:[6008]
[end_pgpromote_candidate_anon]:[5928]
[end_pgpromote_candidate_file]:[81]
[end_pgpromote_tried]:[0]
[end_pgpromote_file]:[0]
[end_pgpromote_anon]:[0]
[end_pgmigrate_success]:[3558143]
[end_pgmigrate_fail]:[32]
[end_pgmigrate_fail_dst_node_full]:[0]
[end_pgmigrate_fail_numa_isolate]:[0]
[end_pgmigrate_fail_nomem]:[0]
[end_pgmigrate_fail_refcount]:[400]
[end_success_nr]:[3732]
[end_retry_nr]:[409]
[end_retreated_page_nr]:[40]
[end_try_to_promote_nr]:[3772]
[end_task_num]:[0]
[end_write_protect_break_num]:[2325]
[end_shadow_link_num]:[3732]
[end_shadow_demote_num]:[77]
[end_batch_free_num]:[0]
[end_transactional_migration_success_num]:[3732]
[end_transactional_migration_fail_num]:[400]
[end_shadow_page_pair]:[404]
[note]:[2]
[milliseconds]:[8620]
[total tick]:[22411439874]
[work type]:[0]
[Bandwidth(MB/s)]:[8156.902552]
---------------------------
-----------start-----------
[start_pgdemote_kswapd]:[2456319]
[start_pgdemote_direct]:[0]
[start_pgdemote_file]:[110818]
[start_pgdemote_anon]:[2345501]
[start_pgpromote_candidate]:[6046]
[start_pgpromote_candidate_demoted]:[6045]
[start_pgpromote_candidate_anon]:[5965]
[start_pgpromote_candidate_file]:[81]
[start_pgpromote_tried]:[0]
[start_pgpromote_file]:[0]
[start_pgpromote_anon]:[0]
[start_pgmigrate_success]:[3558143]
[start_pgmigrate_fail]:[32]
[start_pgmigrate_fail_dst_node_full]:[0]
[start_pgmigrate_fail_numa_isolate]:[0]
[start_pgmigrate_fail_nomem]:[0]
[start_pgmigrate_fail_refcount]:[500]
[start_success_nr]:[3755]
[start_retry_nr]:[509]
[start_retreated_page_nr]:[50]
[start_try_to_promote_nr]:[3805]
[start_task_num]:[0]
[start_write_protect_break_num]:[2326]
[start_shadow_link_num]:[3747]
[start_shadow_demote_num]:[77]
[start_batch_free_num]:[0]
[start_transactional_migration_success_num]:[3747]
[start_transactional_migration_fail_num]:[500]
[start_shadow_page_pair]:[412]
[end_pgdemote_kswapd]:[2527242]
[end_pgdemote_direct]:[0]
[end_pgdemote_file]:[111085]
[end_pgdemote_anon]:[2416157]
[end_pgpromote_candidate]:[36457]
[end_pgpromote_candidate_demoted]:[6206]
[end_pgpromote_candidate_anon]:[36376]
[end_pgpromote_candidate_file]:[81]
[end_pgpromote_tried]:[0]
[end_pgpromote_file]:[0]
[end_pgpromote_anon]:[0]
[end_pgmigrate_success]:[3709450]
[end_pgmigrate_fail]:[32]
[end_pgmigrate_fail_dst_node_full]:[0]
[end_pgmigrate_fail_numa_isolate]:[0]
[end_pgmigrate_fail_nomem]:[0]
[end_pgmigrate_fail_refcount]:[560]
[end_success_nr]:[34007]
[end_retry_nr]:[623]
[end_retreated_page_nr]:[56]
[end_try_to_promote_nr]:[34063]
[end_task_num]:[0]
[end_write_protect_break_num]:[2329]
[end_shadow_link_num]:[33995]
[end_shadow_demote_num]:[77]
[end_batch_free_num]:[0]
[end_transactional_migration_success_num]:[33995]
[end_transactional_migration_fail_num]:[540]
[end_shadow_page_pair]:[30657]
[note]:[3]
[milliseconds]:[8812]
[total tick]:[22911784556]
[work type]:[0]
[Bandwidth(MB/s)]:[7979.176123]
---------------------------
-----------start-----------
[start_pgdemote_kswapd]:[2527242]
[start_pgdemote_direct]:[0]
[start_pgdemote_file]:[111085]
[start_pgdemote_anon]:[2416157]
[start_pgpromote_candidate]:[36516]
[start_pgpromote_candidate_demoted]:[6265]
[start_pgpromote_candidate_anon]:[36431]
[start_pgpromote_candidate_file]:[85]
[start_pgpromote_tried]:[0]
[start_pgpromote_file]:[0]
[start_pgpromote_anon]:[0]
[start_pgmigrate_success]:[3709450]
[start_pgmigrate_fail]:[32]
[start_pgmigrate_fail_dst_node_full]:[0]
[start_pgmigrate_fail_numa_isolate]:[0]
[start_pgmigrate_fail_nomem]:[0]
[start_pgmigrate_fail_refcount]:[780]
[start_success_nr]:[34039]
[start_retry_nr]:[843]
[start_retreated_page_nr]:[78]
[start_try_to_promote_nr]:[34117]
[start_task_num]:[0]
[start_write_protect_break_num]:[2339]
[start_shadow_link_num]:[34026]
[start_shadow_demote_num]:[77]
[start_batch_free_num]:[0]
[start_transactional_migration_success_num]:[34026]
[start_transactional_migration_fail_num]:[750]
[start_shadow_page_pair]:[30676]
[end_pgdemote_kswapd]:[2667560]
[end_pgdemote_direct]:[0]
[end_pgdemote_file]:[111115]
[end_pgdemote_anon]:[2556445]
[end_pgpromote_candidate]:[151174]
[end_pgpromote_candidate_demoted]:[6294]
[end_pgpromote_candidate_anon]:[151089]
[end_pgpromote_candidate_file]:[85]
[end_pgpromote_tried]:[0]
[end_pgpromote_file]:[0]
[end_pgpromote_anon]:[0]
[end_pgmigrate_success]:[3864616]
[end_pgmigrate_fail]:[32]
[end_pgmigrate_fail_dst_node_full]:[0]
[end_pgmigrate_fail_numa_isolate]:[0]
[end_pgmigrate_fail_nomem]:[0]
[end_pgmigrate_fail_refcount]:[800]
[end_success_nr]:[148659]
[end_retry_nr]:[1190]
[end_retreated_page_nr]:[84]
[end_try_to_promote_nr]:[148743]
[end_task_num]:[0]
[end_write_protect_break_num]:[62833]
[end_shadow_link_num]:[148646]
[end_shadow_demote_num]:[77]
[end_batch_free_num]:[0]
[end_transactional_migration_success_num]:[148646]
[end_transactional_migration_fail_num]:[770]
[end_shadow_page_pair]:[84774]
[note]:[4]
[milliseconds]:[9517]
[total tick]:[24744320516]
[work type]:[0]
[Bandwidth(MB/s)]:[7388.094988]
---------------------------
