-----------start-----------
[start_pgdemote_kswapd]:[2537422]
[start_pgdemote_direct]:[0]
[start_pgdemote_file]:[9715]
[start_pgdemote_anon]:[2527707]
[start_pgpromote_candidate]:[28]
[start_pgpromote_candidate_demoted]:[28]
[start_pgpromote_candidate_anon]:[28]
[start_pgpromote_candidate_file]:[0]
[start_pgpromote_tried]:[0]
[start_pgpromote_file]:[0]
[start_pgpromote_anon]:[0]
[start_pgmigrate_success]:[2537422]
[start_pgmigrate_fail]:[4]
[start_pgmigrate_fail_dst_node_full]:[0]
[start_pgmigrate_fail_numa_isolate]:[0]
[start_pgmigrate_fail_nomem]:[0]
[start_pgmigrate_fail_refcount]:[0]
[start_success_nr]:[21]
[start_retry_nr]:[1]
[start_retreated_page_nr]:[0]
[start_try_to_promote_nr]:[21]
[start_task_num]:[0]
[start_write_protect_break_num]:[10]
[start_shadow_link_num]:[21]
[start_shadow_demote_num]:[0]
[start_batch_free_num]:[0]
[start_transactional_migration_success_num]:[22]
[start_transactional_migration_fail_num]:[0]
[start_shadow_page_pair]:[5]
[end_pgdemote_kswapd]:[9085248]
[end_pgdemote_direct]:[0]
[end_pgdemote_file]:[121896]
[end_pgdemote_anon]:[8963352]
[end_pgpromote_candidate]:[2621645]
[end_pgpromote_candidate_demoted]:[1187281]
[end_pgpromote_candidate_anon]:[2621122]
[end_pgpromote_candidate_file]:[523]
[end_pgpromote_tried]:[0]
[end_pgpromote_file]:[0]
[end_pgpromote_anon]:[0]
[end_pgmigrate_success]:[16471331]
[end_pgmigrate_fail]:[1349]
[end_pgmigrate_fail_dst_node_full]:[0]
[end_pgmigrate_fail_numa_isolate]:[0]
[end_pgmigrate_fail_nomem]:[1281]
[end_pgmigrate_fail_refcount]:[1021]
[end_success_nr]:[2571371]
[end_retry_nr]:[25926]
[end_retreated_page_nr]:[562]
[end_try_to_promote_nr]:[2571933]
[end_task_num]:[0]
[end_write_protect_break_num]:[73345]
[end_shadow_link_num]:[2571371]
[end_shadow_demote_num]:[5]
[end_batch_free_num]:[2483384]
[end_transactional_migration_success_num]:[2571372]
[end_transactional_migration_fail_num]:[1020]
[end_shadow_page_pair]:[14544]
[note]:[0]
[milliseconds]:[76706]
[total tick]:[199436934324]
[work type]:[0]
[Bandwidth(MB/s)]:[2036.998410]
---------------------------
-----------start-----------
[start_pgdemote_kswapd]:[9085393]
[start_pgdemote_direct]:[0]
[start_pgdemote_file]:[121896]
[start_pgdemote_anon]:[8963497]
[start_pgpromote_candidate]:[2621685]
[start_pgpromote_candidate_demoted]:[1187321]
[start_pgpromote_candidate_anon]:[2621140]
[start_pgpromote_candidate_file]:[545]
[start_pgpromote_tried]:[0]
[start_pgpromote_file]:[0]
[start_pgpromote_anon]:[0]
[start_pgmigrate_success]:[23600054]
[start_pgmigrate_fail]:[1350]
[start_pgmigrate_fail_dst_node_full]:[0]
[start_pgmigrate_fail_numa_isolate]:[0]
[start_pgmigrate_fail_nomem]:[1282]
[start_pgmigrate_fail_refcount]:[1021]
[start_success_nr]:[2571386]
[start_retry_nr]:[25927]
[start_retreated_page_nr]:[562]
[start_try_to_promote_nr]:[2571948]
[start_task_num]:[0]
[start_write_protect_break_num]:[73347]
[start_shadow_link_num]:[2571383]
[start_shadow_demote_num]:[5]
[start_batch_free_num]:[2483384]
[start_transactional_migration_success_num]:[2571385]
[start_transactional_migration_fail_num]:[1020]
[start_shadow_page_pair]:[14550]
[end_pgdemote_kswapd]:[16208972]
[end_pgdemote_direct]:[0]
[end_pgdemote_file]:[123191]
[end_pgdemote_anon]:[16085781]
[end_pgpromote_candidate]:[8270839]
[end_pgpromote_candidate_demoted]:[5299380]
[end_pgpromote_candidate_anon]:[8270128]
[end_pgpromote_candidate_file]:[711]
[end_pgpromote_tried]:[0]
[end_pgpromote_file]:[0]
[end_pgpromote_anon]:[0]
[end_pgmigrate_success]:[37422234]
[end_pgmigrate_fail]:[1846]
[end_pgmigrate_fail_dst_node_full]:[0]
[end_pgmigrate_fail_numa_isolate]:[0]
[end_pgmigrate_fail_nomem]:[1776]
[end_pgmigrate_fail_refcount]:[1337]
[end_success_nr]:[8167298]
[end_retry_nr]:[82694]
[end_retreated_page_nr]:[1407]
[end_try_to_promote_nr]:[8168705]
[end_task_num]:[0]
[end_write_protect_break_num]:[275858]
[end_shadow_link_num]:[8167295]
[end_shadow_demote_num]:[180067]
[end_batch_free_num]:[7453254]
[end_transactional_migration_success_num]:[8167300]
[end_transactional_migration_fail_num]:[1335]
[end_shadow_page_pair]:[257965]
[note]:[1]
[milliseconds]:[113453]
[total tick]:[294977325970]
[work type]:[0]
[Bandwidth(MB/s)]:[1377.222286]
---------------------------
-----------start-----------
[start_pgdemote_kswapd]:[16209414]
[start_pgdemote_direct]:[0]
[start_pgdemote_file]:[123191]
[start_pgdemote_anon]:[16086223]
[start_pgpromote_candidate]:[8270854]
[start_pgpromote_candidate_demoted]:[5299395]
[start_pgpromote_candidate_anon]:[8270140]
[start_pgpromote_candidate_file]:[714]
[start_pgpromote_tried]:[0]
[start_pgpromote_file]:[0]
[start_pgpromote_anon]:[0]
[start_pgmigrate_success]:[143802652]
[start_pgmigrate_fail]:[1847]
[start_pgmigrate_fail_dst_node_full]:[0]
[start_pgmigrate_fail_numa_isolate]:[0]
[start_pgmigrate_fail_nomem]:[1777]
[start_pgmigrate_fail_refcount]:[1337]
[start_success_nr]:[8167308]
[start_retry_nr]:[82694]
[start_retreated_page_nr]:[1407]
[start_try_to_promote_nr]:[8168715]
[start_task_num]:[0]
[start_write_protect_break_num]:[275859]
[start_shadow_link_num]:[8167304]
[start_shadow_demote_num]:[180067]
[start_batch_free_num]:[7453254]
[start_transactional_migration_success_num]:[8167309]
[start_transactional_migration_fail_num]:[1335]
[start_shadow_page_pair]:[257967]
[end_pgdemote_kswapd]:[24085307]
[end_pgdemote_direct]:[0]
[end_pgdemote_file]:[123498]
[end_pgdemote_anon]:[23961809]
[end_pgpromote_candidate]:[15435681]
[end_pgpromote_candidate_demoted]:[11852252]
[end_pgpromote_candidate_anon]:[15434885]
[end_pgpromote_candidate_file]:[796]
[end_pgpromote_tried]:[0]
[end_pgpromote_file]:[0]
[end_pgpromote_anon]:[0]
[end_pgmigrate_success]:[394089022]
[end_pgmigrate_fail]:[1952]
[end_pgmigrate_fail_dst_node_full]:[0]
[end_pgmigrate_fail_numa_isolate]:[0]
[end_pgmigrate_fail_nomem]:[1874]
[end_pgmigrate_fail_refcount]:[1805]
[end_success_nr]:[15246481]
[end_retry_nr]:[151377]
[end_retreated_page_nr]:[2165]
[end_try_to_promote_nr]:[15248646]
[end_task_num]:[0]
[end_write_protect_break_num]:[598574]
[end_shadow_link_num]:[15246475]
[end_shadow_demote_num]:[180067]
[end_batch_free_num]:[14217232]
[end_transactional_migration_success_num]:[15246480]
[end_transactional_migration_fail_num]:[1803]
[end_shadow_page_pair]:[250407]
[note]:[2]
[milliseconds]:[126573]
[total tick]:[329088746166]
[work type]:[0]
[Bandwidth(MB/s)]:[1234.465486]
---------------------------
-----------start-----------
[start_pgdemote_kswapd]:[24085364]
[start_pgdemote_direct]:[0]
[start_pgdemote_file]:[123498]
[start_pgdemote_anon]:[23961866]
[start_pgpromote_candidate]:[15435695]
[start_pgpromote_candidate_demoted]:[11852265]
[start_pgpromote_candidate_anon]:[15434893]
[start_pgpromote_candidate_file]:[802]
[start_pgpromote_tried]:[0]
[start_pgpromote_file]:[0]
[start_pgpromote_anon]:[0]
[start_pgmigrate_success]:[394089079]
[start_pgmigrate_fail]:[1952]
[start_pgmigrate_fail_dst_node_full]:[0]
[start_pgmigrate_fail_numa_isolate]:[0]
[start_pgmigrate_fail_nomem]:[1874]
[start_pgmigrate_fail_refcount]:[1805]
[start_success_nr]:[15246489]
[start_retry_nr]:[151378]
[start_retreated_page_nr]:[2165]
[start_try_to_promote_nr]:[15248654]
[start_task_num]:[0]
[start_write_protect_break_num]:[598574]
[start_shadow_link_num]:[15246483]
[start_shadow_demote_num]:[180067]
[start_batch_free_num]:[14217232]
[start_transactional_migration_success_num]:[15246489]
[start_transactional_migration_fail_num]:[1803]
[start_shadow_page_pair]:[250407]
[end_pgdemote_kswapd]:[31977926]
[end_pgdemote_direct]:[0]
[end_pgdemote_file]:[123498]
[end_pgdemote_anon]:[31854428]
[end_pgpromote_candidate]:[22950765]
[end_pgpromote_candidate_demoted]:[18223553]
[end_pgpromote_candidate_anon]:[22949962]
[end_pgpromote_candidate_file]:[803]
[end_pgpromote_tried]:[0]
[end_pgpromote_file]:[0]
[end_pgpromote_anon]:[0]
[end_pgmigrate_success]:[1551316232]
[end_pgmigrate_fail]:[2086]
[end_pgmigrate_fail_dst_node_full]:[0]
[end_pgmigrate_fail_numa_isolate]:[0]
[end_pgmigrate_fail_nomem]:[2008]
[end_pgmigrate_fail_refcount]:[1888]
[end_success_nr]:[22696523]
[end_retry_nr]:[217212]
[end_retreated_page_nr]:[2826]
[end_try_to_promote_nr]:[22699349]
[end_task_num]:[0]
[end_write_protect_break_num]:[883722]
[end_shadow_link_num]:[22696516]
[end_shadow_demote_num]:[180067]
[end_batch_free_num]:[21422808]
[end_transactional_migration_success_num]:[22696523]
[end_transactional_migration_fail_num]:[1886]
[end_shadow_page_pair]:[209479]
[note]:[3]
[milliseconds]:[134384]
[total tick]:[349397024610]
[work type]:[0]
[Bandwidth(MB/s)]:[1162.712823]
---------------------------
-----------start-----------
[start_pgdemote_kswapd]:[31978081]
[start_pgdemote_direct]:[0]
[start_pgdemote_file]:[123498]
[start_pgdemote_anon]:[31854583]
[start_pgpromote_candidate]:[22950774]
[start_pgpromote_candidate_demoted]:[18223559]
[start_pgpromote_candidate_anon]:[22949971]
[start_pgpromote_candidate_file]:[803]
[start_pgpromote_tried]:[0]
[start_pgpromote_file]:[0]
[start_pgpromote_anon]:[0]
[start_pgmigrate_success]:[1551316387]
[start_pgmigrate_fail]:[2086]
[start_pgmigrate_fail_dst_node_full]:[0]
[start_pgmigrate_fail_numa_isolate]:[0]
[start_pgmigrate_fail_nomem]:[2008]
[start_pgmigrate_fail_refcount]:[1888]
[start_success_nr]:[22696528]
[start_retry_nr]:[217212]
[start_retreated_page_nr]:[2826]
[start_try_to_promote_nr]:[22699354]
[start_task_num]:[0]
[start_write_protect_break_num]:[883723]
[start_shadow_link_num]:[22696521]
[start_shadow_demote_num]:[180067]
[start_batch_free_num]:[21422808]
[start_transactional_migration_success_num]:[22696528]
[start_transactional_migration_fail_num]:[1886]
[start_shadow_page_pair]:[209479]
[end_pgdemote_kswapd]:[40258978]
[end_pgdemote_direct]:[0]
[end_pgdemote_file]:[123499]
[end_pgdemote_anon]:[40135479]
[end_pgpromote_candidate]:[31024024]
[end_pgpromote_candidate_demoted]:[23765000]
[end_pgpromote_candidate_anon]:[31023221]
[end_pgpromote_candidate_file]:[803]
[end_pgpromote_tried]:[0]
[end_pgpromote_file]:[0]
[end_pgpromote_anon]:[0]
[end_pgmigrate_success]:[2207426942]
[end_pgmigrate_fail]:[2131]
[end_pgmigrate_fail_dst_node_full]:[0]
[end_pgmigrate_fail_numa_isolate]:[0]
[end_pgmigrate_fail_nomem]:[2053]
[end_pgmigrate_fail_refcount]:[1929]
[end_success_nr]:[30701560]
[end_retry_nr]:[301652]
[end_retreated_page_nr]:[3588]
[end_try_to_promote_nr]:[30705148]
[end_task_num]:[0]
[end_write_protect_break_num]:[1106561]
[end_shadow_link_num]:[30701552]
[end_shadow_demote_num]:[180067]
[end_batch_free_num]:[29401329]
[end_transactional_migration_success_num]:[30701559]
[end_transactional_migration_fail_num]:[1926]
[end_shadow_page_pair]:[12664]
[note]:[4]
[milliseconds]:[145263]
[total tick]:[377682633022]
[work type]:[0]
[Bandwidth(MB/s)]:[1075.635227]
---------------------------
