-----------start-----------
[start_pgdemote_kswapd]:[3943199]
[start_pgdemote_direct]:[0]
[start_pgdemote_file]:[16152]
[start_pgdemote_anon]:[3927047]
[start_pgpromote_candidate]:[61]
[start_pgpromote_candidate_demoted]:[39]
[start_pgpromote_candidate_anon]:[34]
[start_pgpromote_candidate_file]:[27]
[start_pgpromote_tried]:[0]
[start_pgpromote_file]:[0]
[start_pgpromote_anon]:[0]
[start_pgmigrate_success]:[3943199]
[start_pgmigrate_fail]:[11]
[start_pgmigrate_fail_dst_node_full]:[0]
[start_pgmigrate_fail_numa_isolate]:[0]
[start_pgmigrate_fail_nomem]:[0]
[start_pgmigrate_fail_refcount]:[40]
[start_success_nr]:[22]
[start_retry_nr]:[41]
[start_retreated_page_nr]:[4]
[start_try_to_promote_nr]:[26]
[start_task_num]:[0]
[start_write_protect_break_num]:[7]
[start_shadow_link_num]:[21]
[start_shadow_demote_num]:[0]
[start_batch_free_num]:[0]
[start_transactional_migration_success_num]:[23]
[start_transactional_migration_fail_num]:[40]
[start_shadow_page_pair]:[5]
[end_pgdemote_kswapd]:[12476887]
[end_pgdemote_direct]:[0]
[end_pgdemote_file]:[93077]
[end_pgdemote_anon]:[12383810]
[end_pgpromote_candidate]:[6805896]
[end_pgpromote_candidate_demoted]:[3373229]
[end_pgpromote_candidate_anon]:[6805720]
[end_pgpromote_candidate_file]:[176]
[end_pgpromote_tried]:[0]
[end_pgpromote_file]:[0]
[end_pgpromote_anon]:[0]
[end_pgmigrate_success]:[13919191]
[end_pgmigrate_fail]:[873049]
[end_pgmigrate_fail_dst_node_full]:[396800]
[end_pgmigrate_fail_numa_isolate]:[396800]
[end_pgmigrate_fail_nomem]:[464137]
[end_pgmigrate_fail_refcount]:[123558]
[end_success_nr]:[6397737]
[end_retry_nr]:[43791]
[end_retreated_page_nr]:[757]
[end_try_to_promote_nr]:[6398495]
[end_task_num]:[0]
[end_write_protect_break_num]:[310713]
[end_shadow_link_num]:[5946290]
[end_shadow_demote_num]:[740621]
[end_batch_free_num]:[4756952]
[end_transactional_migration_success_num]:[6397693]
[end_transactional_migration_fail_num]:[3095]
[end_shadow_page_pair]:[137903]
[note]:[0]
[milliseconds]:[105808]
[total tick]:[275095912084]
[work type]:[5]
[Bandwidth(MB/s)]:[1476.731438]
---------------------------
-----------start-----------
[start_pgdemote_kswapd]:[12662581]
[start_pgdemote_direct]:[0]
[start_pgdemote_file]:[93317]
[start_pgdemote_anon]:[12569264]
[start_pgpromote_candidate]:[6884094]
[start_pgpromote_candidate_demoted]:[3373752]
[start_pgpromote_candidate_anon]:[6883862]
[start_pgpromote_candidate_file]:[232]
[start_pgpromote_tried]:[0]
[start_pgpromote_file]:[0]
[start_pgpromote_anon]:[0]
[start_pgmigrate_success]:[14104885]
[start_pgmigrate_fail]:[893444]
[start_pgmigrate_fail_dst_node_full]:[396800]
[start_pgmigrate_fail_numa_isolate]:[396800]
[start_pgmigrate_fail_nomem]:[484532]
[start_pgmigrate_fail_refcount]:[123568]
[start_success_nr]:[6444432]
[start_retry_nr]:[43806]
[start_retreated_page_nr]:[758]
[start_try_to_promote_nr]:[6445191]
[start_task_num]:[0]
[start_write_protect_break_num]:[310715]
[start_shadow_link_num]:[5992979]
[start_shadow_demote_num]:[748942]
[start_batch_free_num]:[4933219]
[start_transactional_migration_success_num]:[6444387]
[start_transactional_migration_fail_num]:[3095]
[start_shadow_page_pair]:[0]
[end_pgdemote_kswapd]:[25461479]
[end_pgdemote_direct]:[0]
[end_pgdemote_file]:[93902]
[end_pgdemote_anon]:[25367577]
[end_pgpromote_candidate]:[20116097]
[end_pgpromote_candidate_demoted]:[15595429]
[end_pgpromote_candidate_anon]:[20115795]
[end_pgpromote_candidate_file]:[302]
[end_pgpromote_tried]:[0]
[end_pgpromote_file]:[0]
[end_pgpromote_anon]:[0]
[end_pgmigrate_success]:[26992359]
[end_pgmigrate_fail]:[1802981]
[end_pgmigrate_fail_dst_node_full]:[396800]
[end_pgmigrate_fail_numa_isolate]:[396800]
[end_pgmigrate_fail_nomem]:[1394069]
[end_pgmigrate_fail_refcount]:[127192]
[end_success_nr]:[19515633]
[end_retry_nr]:[191718]
[end_retreated_page_nr]:[2408]
[end_try_to_promote_nr]:[19518043]
[end_task_num]:[0]
[end_write_protect_break_num]:[498366]
[end_shadow_link_num]:[17027787]
[end_shadow_demote_num]:[1922410]
[end_batch_free_num]:[14243369]
[end_transactional_migration_success_num]:[19515580]
[end_transactional_migration_fail_num]:[6621]
[end_shadow_page_pair]:[360696]
[note]:[1]
[milliseconds]:[167058]
[total tick]:[434354245428]
[work type]:[5]
[Bandwidth(MB/s)]:[935.303906]
---------------------------
-----------start-----------
[start_pgdemote_kswapd]:[25900969]
[start_pgdemote_direct]:[0]
[start_pgdemote_file]:[93903]
[start_pgdemote_anon]:[25807066]
[start_pgpromote_candidate]:[20116112]
[start_pgpromote_candidate_demoted]:[15595444]
[start_pgpromote_candidate_anon]:[20115809]
[start_pgpromote_candidate_file]:[303]
[start_pgpromote_tried]:[0]
[start_pgpromote_file]:[0]
[start_pgpromote_anon]:[0]
[start_pgmigrate_success]:[27431849]
[start_pgmigrate_fail]:[1835191]
[start_pgmigrate_fail_dst_node_full]:[396800]
[start_pgmigrate_fail_numa_isolate]:[396800]
[start_pgmigrate_fail_nomem]:[1426279]
[start_pgmigrate_fail_refcount]:[127212]
[start_success_nr]:[19515646]
[start_retry_nr]:[191738]
[start_retreated_page_nr]:[2410]
[start_try_to_promote_nr]:[19518058]
[start_task_num]:[0]
[start_write_protect_break_num]:[498367]
[start_shadow_link_num]:[17027795]
[start_shadow_demote_num]:[1954882]
[start_batch_free_num]:[14571487]
[start_transactional_migration_success_num]:[19515591]
[start_transactional_migration_fail_num]:[6641]
[start_shadow_page_pair]:[0]
[end_pgdemote_kswapd]:[39404579]
[end_pgdemote_direct]:[0]
[end_pgdemote_file]:[93904]
[end_pgdemote_anon]:[39310675]
[end_pgpromote_candidate]:[33886949]
[end_pgpromote_candidate_demoted]:[29185547]
[end_pgpromote_candidate_anon]:[33886616]
[end_pgpromote_candidate_file]:[333]
[end_pgpromote_tried]:[0]
[end_pgpromote_file]:[0]
[end_pgpromote_anon]:[0]
[end_pgmigrate_success]:[40945699]
[end_pgmigrate_fail]:[2764050]
[end_pgmigrate_fail_dst_node_full]:[396800]
[end_pgmigrate_fail_numa_isolate]:[396800]
[end_pgmigrate_fail_nomem]:[2355138]
[end_pgmigrate_fail_refcount]:[130102]
[end_success_nr]:[33164824]
[end_retry_nr]:[368851]
[end_retreated_page_nr]:[4718]
[end_try_to_promote_nr]:[33169544]
[end_task_num]:[0]
[end_write_protect_break_num]:[696003]
[end_shadow_link_num]:[28473425]
[end_shadow_demote_num]:[3551913]
[end_batch_free_num]:[24057945]
[end_transactional_migration_success_num]:[33164765]
[end_transactional_migration_fail_num]:[9506]
[end_shadow_page_pair]:[160887]
[note]:[2]
[milliseconds]:[181861]
[total tick]:[472842204416]
[work type]:[5]
[Bandwidth(MB/s)]:[859.172665]
---------------------------
-----------start-----------
[start_pgdemote_kswapd]:[39565514]
[start_pgdemote_direct]:[0]
[start_pgdemote_file]:[93904]
[start_pgdemote_anon]:[39471610]
[start_pgpromote_candidate]:[33887046]
[start_pgpromote_candidate_demoted]:[29185642]
[start_pgpromote_candidate_anon]:[33886713]
[start_pgpromote_candidate_file]:[333]
[start_pgpromote_tried]:[0]
[start_pgpromote_file]:[0]
[start_pgpromote_anon]:[0]
[start_pgmigrate_success]:[41106634]
[start_pgmigrate_fail]:[2782872]
[start_pgmigrate_fail_dst_node_full]:[396800]
[start_pgmigrate_fail_numa_isolate]:[396800]
[start_pgmigrate_fail_nomem]:[2373960]
[start_pgmigrate_fail_refcount]:[130162]
[start_success_nr]:[33164910]
[start_retry_nr]:[368911]
[start_retreated_page_nr]:[4724]
[start_try_to_promote_nr]:[33169636]
[start_task_num]:[0]
[start_write_protect_break_num]:[696005]
[start_shadow_link_num]:[28473500]
[start_shadow_demote_num]:[3558069]
[start_batch_free_num]:[24212677]
[start_transactional_migration_success_num]:[33164851]
[start_transactional_migration_fail_num]:[9546]
[start_shadow_page_pair]:[61]
[end_pgdemote_kswapd]:[52272884]
[end_pgdemote_direct]:[0]
[end_pgdemote_file]:[93962]
[end_pgdemote_anon]:[52178922]
[end_pgpromote_candidate]:[47148268]
[end_pgpromote_candidate_demoted]:[42261368]
[end_pgpromote_candidate_anon]:[47147916]
[end_pgpromote_candidate_file]:[352]
[end_pgpromote_tried]:[0]
[end_pgpromote_file]:[0]
[end_pgpromote_anon]:[0]
[end_pgmigrate_success]:[53815028]
[end_pgmigrate_fail]:[3612635]
[end_pgmigrate_fail_dst_node_full]:[396800]
[end_pgmigrate_fail_numa_isolate]:[396800]
[end_pgmigrate_fail_nomem]:[3203723]
[end_pgmigrate_fail_refcount]:[132035]
[end_success_nr]:[46167529]
[end_retry_nr]:[508766]
[end_retreated_page_nr]:[6468]
[end_try_to_promote_nr]:[46174000]
[end_task_num]:[0]
[end_write_protect_break_num]:[942434]
[end_shadow_link_num]:[39450899]
[end_shadow_demote_num]:[5491256]
[end_batch_free_num]:[32693117]
[end_transactional_migration_success_num]:[46167468]
[end_transactional_migration_fail_num]:[11399]
[end_shadow_page_pair]:[312283]
[note]:[3]
[milliseconds]:[164951]
[total tick]:[428875274812]
[work type]:[5]
[Bandwidth(MB/s)]:[947.251002]
---------------------------
-----------start-----------
[start_pgdemote_kswapd]:[52585182]
[start_pgdemote_direct]:[0]
[start_pgdemote_file]:[93962]
[start_pgdemote_anon]:[52491220]
[start_pgpromote_candidate]:[47148282]
[start_pgpromote_candidate_demoted]:[42261380]
[start_pgpromote_candidate_anon]:[47147930]
[start_pgpromote_candidate_file]:[352]
[start_pgpromote_tried]:[0]
[start_pgpromote_file]:[0]
[start_pgpromote_anon]:[0]
[start_pgmigrate_success]:[54127326]
[start_pgmigrate_fail]:[3641046]
[start_pgmigrate_fail_dst_node_full]:[396800]
[start_pgmigrate_fail_numa_isolate]:[396800]
[start_pgmigrate_fail_nomem]:[3232134]
[start_pgmigrate_fail_refcount]:[132035]
[start_success_nr]:[46167539]
[start_retry_nr]:[508766]
[start_retreated_page_nr]:[6468]
[start_try_to_promote_nr]:[46174010]
[start_task_num]:[0]
[start_write_protect_break_num]:[942436]
[start_shadow_link_num]:[39450904]
[start_shadow_demote_num]:[5522766]
[start_batch_free_num]:[32973888]
[start_transactional_migration_success_num]:[46167478]
[start_transactional_migration_fail_num]:[11399]
[start_shadow_page_pair]:[0]
[end_pgdemote_kswapd]:[65263448]
[end_pgdemote_direct]:[89]
[end_pgdemote_file]:[93978]
[end_pgdemote_anon]:[65169559]
[end_pgpromote_candidate]:[60484700]
[end_pgpromote_candidate_demoted]:[55384254]
[end_pgpromote_candidate_anon]:[60484340]
[end_pgpromote_candidate_file]:[360]
[end_pgpromote_tried]:[0]
[end_pgpromote_file]:[0]
[end_pgpromote_anon]:[0]
[end_pgmigrate_success]:[66855738]
[end_pgmigrate_fail]:[4460580]
[end_pgmigrate_fail_dst_node_full]:[396800]
[end_pgmigrate_fail_numa_isolate]:[396800]
[end_pgmigrate_fail_nomem]:[4051668]
[end_pgmigrate_fail_refcount]:[134224]
[end_success_nr]:[59277816]
[end_retry_nr]:[643691]
[end_retreated_page_nr]:[8042]
[end_try_to_promote_nr]:[59285861]
[end_task_num]:[0]
[end_write_protect_break_num]:[1202859]
[end_shadow_link_num]:[50452552]
[end_shadow_demote_num]:[7430754]
[end_batch_free_num]:[41349516]
[end_transactional_migration_success_num]:[59277756]
[end_transactional_migration_fail_num]:[13580]
[end_shadow_page_pair]:[452960]
[note]:[4]
[milliseconds]:[165172]
[total tick]:[429450815300]
[work type]:[5]
[Bandwidth(MB/s)]:[945.983581]
---------------------------
