-----------start-----------
[start_pgdemote_kswapd]:[3493255]
[start_pgdemote_direct]:[0]
[start_pgdemote_file]:[8431]
[start_pgdemote_anon]:[3484824]
[start_pgpromote_candidate]:[30]
[start_pgpromote_candidate_demoted]:[29]
[start_pgpromote_candidate_anon]:[30]
[start_pgpromote_candidate_file]:[0]
[start_pgpromote_tried]:[0]
[start_pgpromote_file]:[0]
[start_pgpromote_anon]:[0]
[start_pgmigrate_success]:[3493255]
[start_pgmigrate_fail]:[8]
[start_pgmigrate_fail_dst_node_full]:[0]
[start_pgmigrate_fail_numa_isolate]:[0]
[start_pgmigrate_fail_nomem]:[0]
[start_pgmigrate_fail_refcount]:[20]
[start_success_nr]:[19]
[start_retry_nr]:[20]
[start_retreated_page_nr]:[2]
[start_try_to_promote_nr]:[21]
[start_task_num]:[0]
[start_write_protect_break_num]:[11]
[start_shadow_link_num]:[18]
[start_shadow_demote_num]:[0]
[start_batch_free_num]:[0]
[start_transactional_migration_success_num]:[19]
[start_transactional_migration_fail_num]:[20]
[start_shadow_page_pair]:[4]
[end_pgdemote_kswapd]:[12063917]
[end_pgdemote_direct]:[0]
[end_pgdemote_file]:[97974]
[end_pgdemote_anon]:[11965943]
[end_pgpromote_candidate]:[7677325]
[end_pgpromote_candidate_demoted]:[4077340]
[end_pgpromote_candidate_anon]:[7677270]
[end_pgpromote_candidate_file]:[55]
[end_pgpromote_tried]:[0]
[end_pgpromote_file]:[0]
[end_pgpromote_anon]:[0]
[end_pgmigrate_success]:[13169837]
[end_pgmigrate_fail]:[554588]
[end_pgmigrate_fail_dst_node_full]:[253440]
[end_pgmigrate_fail_numa_isolate]:[253440]
[end_pgmigrate_fail_nomem]:[301047]
[end_pgmigrate_fail_refcount]:[1691]
[end_success_nr]:[6623273]
[end_retry_nr]:[6528]
[end_retreated_page_nr]:[195]
[end_try_to_promote_nr]:[6623480]
[end_task_num]:[0]
[end_write_protect_break_num]:[5062]
[end_shadow_link_num]:[6002455]
[end_shadow_demote_num]:[0]
[end_batch_free_num]:[5993923]
[end_transactional_migration_success_num]:[6623238]
[end_transactional_migration_fail_num]:[1660]
[end_shadow_page_pair]:[3410]
[note]:[0]
[milliseconds]:[92549]
[total tick]:[240632667295]
[work type]:[5]
[Bandwidth(MB/s)]:[1688.294849]
---------------------------
-----------start-----------
[start_pgdemote_kswapd]:[12109867]
[start_pgdemote_direct]:[0]
[start_pgdemote_file]:[98364]
[start_pgdemote_anon]:[12011503]
[start_pgpromote_candidate]:[7755516]
[start_pgpromote_candidate_demoted]:[4077858]
[start_pgpromote_candidate_anon]:[7755419]
[start_pgpromote_candidate_file]:[97]
[start_pgpromote_tried]:[0]
[start_pgpromote_file]:[0]
[start_pgpromote_anon]:[0]
[start_pgmigrate_success]:[13215787]
[start_pgmigrate_fail]:[561259]
[start_pgmigrate_fail_dst_node_full]:[253440]
[start_pgmigrate_fail_numa_isolate]:[253440]
[start_pgmigrate_fail_nomem]:[307714]
[start_pgmigrate_fail_refcount]:[1761]
[start_success_nr]:[6665310]
[start_retry_nr]:[6598]
[start_retreated_page_nr]:[202]
[start_try_to_promote_nr]:[6665524]
[start_task_num]:[0]
[start_write_protect_break_num]:[5062]
[start_shadow_link_num]:[6044482]
[start_shadow_demote_num]:[0]
[start_batch_free_num]:[6039359]
[start_transactional_migration_success_num]:[6665272]
[start_transactional_migration_fail_num]:[1730]
[start_shadow_page_pair]:[0]
[end_pgdemote_kswapd]:[23242710]
[end_pgdemote_direct]:[0]
[end_pgdemote_file]:[99502]
[end_pgdemote_anon]:[23143208]
[end_pgpromote_candidate]:[19885161]
[end_pgpromote_candidate_demoted]:[14298125]
[end_pgpromote_candidate_anon]:[19884881]
[end_pgpromote_candidate_file]:[280]
[end_pgpromote_tried]:[0]
[end_pgpromote_file]:[0]
[end_pgpromote_anon]:[0]
[end_pgmigrate_success]:[24364502]
[end_pgmigrate_fail]:[1283108]
[end_pgmigrate_fail_dst_node_full]:[253440]
[end_pgmigrate_fail_numa_isolate]:[253440]
[end_pgmigrate_fail_nomem]:[1029549]
[end_pgmigrate_fail_refcount]:[4544]
[end_success_nr]:[18254108]
[end_retry_nr]:[80032]
[end_retreated_page_nr]:[1191]
[end_try_to_promote_nr]:[18255311]
[end_task_num]:[0]
[end_write_protect_break_num]:[255239]
[end_shadow_link_num]:[15806474]
[end_shadow_demote_num]:[1637090]
[end_batch_free_num]:[13436013]
[end_transactional_migration_success_num]:[18254060]
[end_transactional_migration_fail_num]:[4510]
[end_shadow_page_pair]:[472996]
[note]:[1]
[milliseconds]:[140810]
[total tick]:[366104300750]
[work type]:[5]
[Bandwidth(MB/s)]:[1109.651303]
---------------------------
-----------start-----------
[start_pgdemote_kswapd]:[23793804]
[start_pgdemote_direct]:[0]
[start_pgdemote_file]:[99518]
[start_pgdemote_anon]:[23694286]
[start_pgpromote_candidate]:[19885252]
[start_pgpromote_candidate_demoted]:[14298216]
[start_pgpromote_candidate_anon]:[19884962]
[start_pgpromote_candidate_file]:[290]
[start_pgpromote_tried]:[0]
[start_pgpromote_file]:[0]
[start_pgpromote_anon]:[0]
[start_pgmigrate_success]:[24915596]
[start_pgmigrate_fail]:[1324671]
[start_pgmigrate_fail_dst_node_full]:[253440]
[start_pgmigrate_fail_numa_isolate]:[253440]
[start_pgmigrate_fail_nomem]:[1071112]
[start_pgmigrate_fail_refcount]:[4604]
[start_success_nr]:[18254233]
[start_retry_nr]:[80092]
[start_retreated_page_nr]:[1197]
[start_try_to_promote_nr]:[18255442]
[start_task_num]:[0]
[start_write_protect_break_num]:[255247]
[start_shadow_link_num]:[15806552]
[start_shadow_demote_num]:[1701804]
[start_batch_free_num]:[13844362]
[start_transactional_migration_success_num]:[18254184]
[start_transactional_migration_fail_num]:[4550]
[start_shadow_page_pair]:[0]
[end_pgdemote_kswapd]:[36281042]
[end_pgdemote_direct]:[0]
[end_pgdemote_file]:[101242]
[end_pgdemote_anon]:[36179800]
[end_pgpromote_candidate]:[33265217]
[end_pgpromote_candidate_demoted]:[27149479]
[end_pgpromote_candidate_anon]:[33264775]
[end_pgpromote_candidate_file]:[442]
[end_pgpromote_tried]:[0]
[end_pgpromote_file]:[0]
[end_pgpromote_anon]:[0]
[end_pgmigrate_success]:[37402834]
[end_pgmigrate_fail]:[2039103]
[end_pgmigrate_fail_dst_node_full]:[253440]
[end_pgmigrate_fail_numa_isolate]:[253440]
[end_pgmigrate_fail_nomem]:[1785532]
[end_pgmigrate_fail_refcount]:[6491]
[end_success_nr]:[31173215]
[end_retry_nr]:[167133]
[end_retreated_page_nr]:[2226]
[end_try_to_promote_nr]:[31175453]
[end_task_num]:[0]
[end_write_protect_break_num]:[518534]
[end_shadow_link_num]:[26586723]
[end_shadow_demote_num]:[3476062]
[end_batch_free_num]:[22147525]
[end_transactional_migration_success_num]:[31173157]
[end_transactional_migration_fail_num]:[6414]
[end_shadow_page_pair]:[435915]
[note]:[2]
[milliseconds]:[159636]
[total tick]:[415050005220]
[work type]:[5]
[Bandwidth(MB/s)]:[978.789246]
---------------------------
-----------start-----------
[start_pgdemote_kswapd]:[36716890]
[start_pgdemote_direct]:[0]
[start_pgdemote_file]:[101406]
[start_pgdemote_anon]:[36615484]
[start_pgpromote_candidate]:[33265233]
[start_pgpromote_candidate_demoted]:[27149495]
[start_pgpromote_candidate_anon]:[33264787]
[start_pgpromote_candidate_file]:[446]
[start_pgpromote_tried]:[0]
[start_pgpromote_file]:[0]
[start_pgpromote_anon]:[0]
[start_pgmigrate_success]:[37838682]
[start_pgmigrate_fail]:[2078525]
[start_pgmigrate_fail_dst_node_full]:[253440]
[start_pgmigrate_fail_numa_isolate]:[253440]
[start_pgmigrate_fail_nomem]:[1824948]
[start_pgmigrate_fail_refcount]:[6501]
[start_success_nr]:[31173224]
[start_retry_nr]:[167134]
[start_retreated_page_nr]:[2226]
[start_try_to_promote_nr]:[31175462]
[start_task_num]:[0]
[start_write_protect_break_num]:[518534]
[start_shadow_link_num]:[26586726]
[start_shadow_demote_num]:[3512706]
[start_batch_free_num]:[22546796]
[start_transactional_migration_success_num]:[31173166]
[start_transactional_migration_fail_num]:[6414]
[start_shadow_page_pair]:[1]
[end_pgdemote_kswapd]:[48957103]
[end_pgdemote_direct]:[0]
[end_pgdemote_file]:[101617]
[end_pgdemote_anon]:[48855486]
[end_pgpromote_candidate]:[46299349]
[end_pgpromote_candidate_demoted]:[39898455]
[end_pgpromote_candidate_anon]:[46298858]
[end_pgpromote_candidate_file]:[491]
[end_pgpromote_tried]:[0]
[end_pgpromote_file]:[0]
[end_pgpromote_anon]:[0]
[end_pgmigrate_success]:[50079919]
[end_pgmigrate_fail]:[2783714]
[end_pgmigrate_fail_dst_node_full]:[253440]
[end_pgmigrate_fail_numa_isolate]:[253440]
[end_pgmigrate_fail_nomem]:[2530132]
[end_pgmigrate_fail_refcount]:[9307]
[end_success_nr]:[43974456]
[end_retry_nr]:[275116]
[end_retreated_page_nr]:[3475]
[end_try_to_promote_nr]:[43977943]
[end_task_num]:[0]
[end_write_protect_break_num]:[842648]
[end_shadow_link_num]:[37138920]
[end_shadow_demote_num]:[5959509]
[end_batch_free_num]:[29748586]
[end_transactional_migration_success_num]:[43974391]
[end_transactional_migration_fail_num]:[9153]
[end_shadow_page_pair]:[572840]
[note]:[3]
[milliseconds]:[157775]
[total tick]:[410214129106]
[work type]:[5]
[Bandwidth(MB/s)]:[990.334337]
---------------------------
-----------start-----------
[start_pgdemote_kswapd]:[49531358]
[start_pgdemote_direct]:[0]
[start_pgdemote_file]:[101618]
[start_pgdemote_anon]:[49429740]
[start_pgpromote_candidate]:[46299361]
[start_pgpromote_candidate_demoted]:[39898467]
[start_pgpromote_candidate_anon]:[46298870]
[start_pgpromote_candidate_file]:[491]
[start_pgpromote_tried]:[0]
[start_pgpromote_file]:[0]
[start_pgpromote_anon]:[0]
[start_pgmigrate_success]:[50657355]
[start_pgmigrate_fail]:[2833460]
[start_pgmigrate_fail_dst_node_full]:[253440]
[start_pgmigrate_fail_numa_isolate]:[253440]
[start_pgmigrate_fail_nomem]:[2579878]
[start_pgmigrate_fail_refcount]:[9307]
[start_success_nr]:[43974467]
[start_retry_nr]:[275116]
[start_retreated_page_nr]:[3475]
[start_try_to_promote_nr]:[43977954]
[start_task_num]:[0]
[start_write_protect_break_num]:[842648]
[start_shadow_link_num]:[37138928]
[start_shadow_demote_num]:[6041251]
[start_batch_free_num]:[30238902]
[start_transactional_migration_success_num]:[43974402]
[start_transactional_migration_fail_num]:[9153]
[start_shadow_page_pair]:[0]
[end_pgdemote_kswapd]:[61694729]
[end_pgdemote_direct]:[144]
[end_pgdemote_file]:[102251]
[end_pgdemote_anon]:[61592622]
[end_pgpromote_candidate]:[59247557]
[end_pgpromote_candidate_demoted]:[52291963]
[end_pgpromote_candidate_anon]:[59247045]
[end_pgpromote_candidate_file]:[512]
[end_pgpromote_tried]:[0]
[end_pgpromote_file]:[0]
[end_pgpromote_anon]:[0]
[end_pgmigrate_success]:[160199524]
[end_pgmigrate_fail]:[3507898]
[end_pgmigrate_fail_dst_node_full]:[253952]
[end_pgmigrate_fail_numa_isolate]:[253952]
[end_pgmigrate_fail_nomem]:[3253792]
[end_pgmigrate_fail_refcount]:[10679]
[end_success_nr]:[56559701]
[end_retry_nr]:[375559]
[end_retreated_page_nr]:[4619]
[end_try_to_promote_nr]:[56564335]
[end_task_num]:[0]
[end_write_protect_break_num]:[1160227]
[end_shadow_link_num]:[47450835]
[end_shadow_demote_num]:[8052176]
[end_batch_free_num]:[37770079]
[end_transactional_migration_success_num]:[56559636]
[end_transactional_migration_fail_num]:[10412]
[end_shadow_page_pair]:[439136]
[note]:[4]
[milliseconds]:[158317]
[total tick]:[411623919254]
[work type]:[5]
[Bandwidth(MB/s)]:[986.943916]
---------------------------
