-----------start-----------
[start_pgdemote_kswapd]:[3457971]
[start_pgdemote_direct]:[0]
[start_pgdemote_file]:[15311]
[start_pgdemote_anon]:[3442660]
[start_pgpromote_candidate]:[80]
[start_pgpromote_candidate_demoted]:[79]
[start_pgpromote_candidate_anon]:[80]
[start_pgpromote_candidate_file]:[0]
[start_pgpromote_tried]:[0]
[start_pgpromote_file]:[0]
[start_pgpromote_anon]:[0]
[start_pgmigrate_success]:[3457971]
[start_pgmigrate_fail]:[16]
[start_pgmigrate_fail_dst_node_full]:[0]
[start_pgmigrate_fail_numa_isolate]:[0]
[start_pgmigrate_fail_nomem]:[0]
[start_pgmigrate_fail_refcount]:[40]
[start_success_nr]:[66]
[start_retry_nr]:[40]
[start_retreated_page_nr]:[4]
[start_try_to_promote_nr]:[70]
[start_task_num]:[0]
[start_write_protect_break_num]:[4]
[start_shadow_link_num]:[65]
[start_shadow_demote_num]:[0]
[start_batch_free_num]:[0]
[start_transactional_migration_success_num]:[66]
[start_transactional_migration_fail_num]:[40]
[start_shadow_page_pair]:[49]
[end_pgdemote_kswapd]:[11425574]
[end_pgdemote_direct]:[0]
[end_pgdemote_file]:[80720]
[end_pgdemote_anon]:[11344854]
[end_pgpromote_candidate]:[7144240]
[end_pgpromote_candidate_demoted]:[3691893]
[end_pgpromote_candidate_anon]:[7144100]
[end_pgpromote_candidate_file]:[140]
[end_pgpromote_tried]:[0]
[end_pgpromote_file]:[0]
[end_pgpromote_anon]:[0]
[end_pgmigrate_success]:[12287782]
[end_pgmigrate_fail]:[630866]
[end_pgmigrate_fail_dst_node_full]:[154624]
[end_pgmigrate_fail_numa_isolate]:[154624]
[end_pgmigrate_fail_nomem]:[476134]
[end_pgmigrate_fail_refcount]:[2220]
[end_success_nr]:[6465994]
[end_retry_nr]:[28662]
[end_retreated_page_nr]:[468]
[end_try_to_promote_nr]:[6466464]
[end_task_num]:[0]
[end_write_protect_break_num]:[84308]
[end_shadow_link_num]:[5694606]
[end_shadow_demote_num]:[177518]
[end_batch_free_num]:[5249004]
[end_transactional_migration_success_num]:[6465951]
[end_transactional_migration_fail_num]:[2180]
[end_shadow_page_pair]:[183685]
[note]:[0]
[milliseconds]:[92633]
[total tick]:[240827207033]
[work type]:[5]
[Bandwidth(MB/s)]:[1686.763896]
---------------------------
-----------start-----------
[start_pgdemote_kswapd]:[11661922]
[start_pgdemote_direct]:[0]
[start_pgdemote_file]:[81575]
[start_pgdemote_anon]:[11580347]
[start_pgpromote_candidate]:[7222481]
[start_pgpromote_candidate_demoted]:[3692458]
[start_pgpromote_candidate_anon]:[7222258]
[start_pgpromote_candidate_file]:[223]
[start_pgpromote_tried]:[0]
[start_pgpromote_file]:[0]
[start_pgpromote_anon]:[0]
[start_pgmigrate_success]:[12524130]
[start_pgmigrate_fail]:[653636]
[start_pgmigrate_fail_dst_node_full]:[154624]
[start_pgmigrate_fail_numa_isolate]:[154624]
[start_pgmigrate_fail_nomem]:[498880]
[start_pgmigrate_fail_refcount]:[2220]
[start_success_nr]:[6518286]
[start_retry_nr]:[28662]
[start_retreated_page_nr]:[468]
[start_try_to_promote_nr]:[6518756]
[start_task_num]:[0]
[start_write_protect_break_num]:[84308]
[start_shadow_link_num]:[5746890]
[start_shadow_demote_num]:[188627]
[start_batch_free_num]:[5473851]
[start_transactional_migration_success_num]:[6518240]
[start_transactional_migration_fail_num]:[2180]
[start_shadow_page_pair]:[9]
[end_pgdemote_kswapd]:[23565339]
[end_pgdemote_direct]:[0]
[end_pgdemote_file]:[81947]
[end_pgdemote_anon]:[23483392]
[end_pgpromote_candidate]:[19857262]
[end_pgpromote_candidate_demoted]:[14644333]
[end_pgpromote_candidate_anon]:[19856835]
[end_pgpromote_candidate_file]:[427]
[end_pgpromote_tried]:[0]
[end_pgpromote_file]:[0]
[end_pgpromote_anon]:[0]
[end_pgmigrate_success]:[24444443]
[end_pgmigrate_fail]:[1438856]
[end_pgmigrate_fail_dst_node_full]:[154624]
[end_pgmigrate_fail_numa_isolate]:[154624]
[end_pgmigrate_fail_nomem]:[1284098]
[end_pgmigrate_fail_refcount]:[6102]
[end_success_nr]:[18813374]
[end_retry_nr]:[145497]
[end_retreated_page_nr]:[1909]
[end_try_to_promote_nr]:[18815286]
[end_task_num]:[0]
[end_write_protect_break_num]:[332025]
[end_shadow_link_num]:[16011319]
[end_shadow_demote_num]:[1753223]
[end_batch_free_num]:[13514037]
[end_transactional_migration_success_num]:[18813315]
[end_transactional_migration_fail_num]:[6037]
[end_shadow_page_pair]:[407689]
[note]:[1]
[milliseconds]:[153407]
[total tick]:[398864254912]
[work type]:[5]
[Bandwidth(MB/s)]:[1018.532401]
---------------------------
-----------start-----------
[start_pgdemote_kswapd]:[24051673]
[start_pgdemote_direct]:[0]
[start_pgdemote_file]:[81948]
[start_pgdemote_anon]:[23969725]
[start_pgpromote_candidate]:[19857290]
[start_pgpromote_candidate_demoted]:[14644361]
[start_pgpromote_candidate_anon]:[19856862]
[start_pgpromote_candidate_file]:[428]
[start_pgpromote_tried]:[0]
[start_pgpromote_file]:[0]
[start_pgpromote_anon]:[0]
[start_pgmigrate_success]:[24930777]
[start_pgmigrate_fail]:[1474548]
[start_pgmigrate_fail_dst_node_full]:[154624]
[start_pgmigrate_fail_numa_isolate]:[154624]
[start_pgmigrate_fail_nomem]:[1319790]
[start_pgmigrate_fail_refcount]:[6162]
[start_success_nr]:[18813393]
[start_retry_nr]:[145557]
[start_retreated_page_nr]:[1915]
[start_try_to_promote_nr]:[18815311]
[start_task_num]:[0]
[start_write_protect_break_num]:[332026]
[start_shadow_link_num]:[16011331]
[start_shadow_demote_num]:[1805734]
[start_batch_free_num]:[13869066]
[start_transactional_migration_success_num]:[18813332]
[start_transactional_migration_fail_num]:[6087]
[start_shadow_page_pair]:[2]
[end_pgdemote_kswapd]:[37029518]
[end_pgdemote_direct]:[0]
[end_pgdemote_file]:[82340]
[end_pgdemote_anon]:[36947178]
[end_pgpromote_candidate]:[33264683]
[end_pgpromote_candidate_demoted]:[27820712]
[end_pgpromote_candidate_anon]:[33264219]
[end_pgpromote_candidate_file]:[464]
[end_pgpromote_tried]:[0]
[end_pgpromote_file]:[0]
[end_pgpromote_anon]:[0]
[end_pgmigrate_success]:[37918862]
[end_pgmigrate_fail]:[2380775]
[end_pgmigrate_fail_dst_node_full]:[154624]
[end_pgmigrate_fail_numa_isolate]:[154624]
[end_pgmigrate_fail_nomem]:[2225997]
[end_pgmigrate_fail_refcount]:[10023]
[end_success_nr]:[32061517]
[end_retry_nr]:[291763]
[end_retreated_page_nr]:[3861]
[end_try_to_promote_nr]:[32065382]
[end_task_num]:[0]
[end_write_protect_break_num]:[520921]
[end_shadow_link_num]:[27203889]
[end_shadow_demote_num]:[3267630]
[end_batch_free_num]:[23127860]
[end_transactional_migration_success_num]:[32061448]
[end_transactional_migration_fail_num]:[9919]
[end_shadow_page_pair]:[282088]
[note]:[2]
[milliseconds]:[176733]
[total tick]:[459520680178]
[work type]:[5]
[Bandwidth(MB/s)]:[884.102007]
---------------------------
-----------start-----------
[start_pgdemote_kswapd]:[37312019]
[start_pgdemote_direct]:[0]
[start_pgdemote_file]:[82340]
[start_pgdemote_anon]:[37229679]
[start_pgpromote_candidate]:[33264716]
[start_pgpromote_candidate_demoted]:[27820744]
[start_pgpromote_candidate_anon]:[33264250]
[start_pgpromote_candidate_file]:[466]
[start_pgpromote_tried]:[0]
[start_pgpromote_file]:[0]
[start_pgpromote_anon]:[0]
[start_pgmigrate_success]:[38201363]
[start_pgmigrate_fail]:[2407288]
[start_pgmigrate_fail_dst_node_full]:[154624]
[start_pgmigrate_fail_numa_isolate]:[154624]
[start_pgmigrate_fail_nomem]:[2252510]
[start_pgmigrate_fail_refcount]:[10043]
[start_success_nr]:[32061841]
[start_retry_nr]:[291783]
[start_retreated_page_nr]:[3863]
[start_try_to_promote_nr]:[32065708]
[start_task_num]:[0]
[start_write_protect_break_num]:[520921]
[start_shadow_link_num]:[27204086]
[start_shadow_demote_num]:[3282471]
[start_batch_free_num]:[23395269]
[start_transactional_migration_success_num]:[32061770]
[start_transactional_migration_fail_num]:[9939]
[start_shadow_page_pair]:[5]
[end_pgdemote_kswapd]:[50300438]
[end_pgdemote_direct]:[0]
[end_pgdemote_file]:[82342]
[end_pgdemote_anon]:[50218096]
[end_pgpromote_candidate]:[46712943]
[end_pgpromote_candidate_demoted]:[41120729]
[end_pgpromote_candidate_anon]:[46712468]
[end_pgpromote_candidate_file]:[475]
[end_pgpromote_tried]:[0]
[end_pgpromote_file]:[0]
[end_pgpromote_anon]:[0]
[end_pgmigrate_success]:[51191830]
[end_pgmigrate_fail]:[3284766]
[end_pgmigrate_fail_dst_node_full]:[154624]
[end_pgmigrate_fail_numa_isolate]:[154624]
[end_pgmigrate_fail_nomem]:[3129988]
[end_pgmigrate_fail_refcount]:[12457]
[end_success_nr]:[45358965]
[end_retry_nr]:[442463]
[end_retreated_page_nr]:[5731]
[end_try_to_promote_nr]:[45364700]
[end_task_num]:[0]
[end_write_protect_break_num]:[749052]
[end_shadow_link_num]:[38449433]
[end_shadow_demote_num]:[5017558]
[end_batch_free_num]:[32356889]
[end_transactional_migration_success_num]:[45358889]
[end_transactional_migration_fail_num]:[12338]
[end_shadow_page_pair]:[318132]
[note]:[3]
[milliseconds]:[169384]
[total tick]:[440376682738]
[work type]:[5]
[Bandwidth(MB/s)]:[922.460209]
---------------------------
-----------start-----------
[start_pgdemote_kswapd]:[50618657]
[start_pgdemote_direct]:[0]
[start_pgdemote_file]:[82342]
[start_pgdemote_anon]:[50536315]
[start_pgpromote_candidate]:[46712960]
[start_pgpromote_candidate_demoted]:[41120744]
[start_pgpromote_candidate_anon]:[46712485]
[start_pgpromote_candidate_file]:[475]
[start_pgpromote_tried]:[0]
[start_pgpromote_file]:[0]
[start_pgpromote_anon]:[0]
[start_pgmigrate_success]:[51510049]
[start_pgmigrate_fail]:[3313934]
[start_pgmigrate_fail_dst_node_full]:[154624]
[start_pgmigrate_fail_numa_isolate]:[154624]
[start_pgmigrate_fail_nomem]:[3159156]
[start_pgmigrate_fail_refcount]:[12487]
[start_success_nr]:[45358982]
[start_retry_nr]:[442493]
[start_retreated_page_nr]:[5734]
[start_try_to_promote_nr]:[45364720]
[start_task_num]:[0]
[start_write_protect_break_num]:[749052]
[start_shadow_link_num]:[38449436]
[start_shadow_demote_num]:[5051401]
[start_batch_free_num]:[32641178]
[start_transactional_migration_success_num]:[45358904]
[start_transactional_migration_fail_num]:[12368]
[start_shadow_page_pair]:[1]
[end_pgdemote_kswapd]:[64207716]
[end_pgdemote_direct]:[0]
[end_pgdemote_file]:[82367]
[end_pgdemote_anon]:[64125349]
[end_pgpromote_candidate]:[60477476]
[end_pgpromote_candidate_demoted]:[54740495]
[end_pgpromote_candidate_anon]:[60476983]
[end_pgpromote_candidate_file]:[493]
[end_pgpromote_tried]:[0]
[end_pgpromote_file]:[0]
[end_pgpromote_anon]:[0]
[end_pgmigrate_success]:[65101183]
[end_pgmigrate_fail]:[4285417]
[end_pgmigrate_fail_dst_node_full]:[154624]
[end_pgmigrate_fail_numa_isolate]:[154624]
[end_pgmigrate_fail_nomem]:[4130639]
[end_pgmigrate_fail_refcount]:[14609]
[end_success_nr]:[59021986]
[end_retry_nr]:[603004]
[end_retreated_page_nr]:[7670]
[end_try_to_promote_nr]:[59029661]
[end_task_num]:[0]
[end_write_protect_break_num]:[927650]
[end_shadow_link_num]:[49939290]
[end_shadow_demote_num]:[6341726]
[end_batch_free_num]:[42566564]
[end_transactional_migration_success_num]:[59021906]
[end_transactional_migration_fail_num]:[14481]
[end_shadow_page_pair]:[93107]
[note]:[4]
[milliseconds]:[191409]
[total tick]:[497656355488]
[work type]:[5]
[Bandwidth(MB/s)]:[816.314802]
---------------------------
