-----------start-----------
[start_pgdemote_kswapd]:[3484383]
[start_pgdemote_direct]:[0]
[start_pgdemote_file]:[16154]
[start_pgdemote_anon]:[3468229]
[start_pgpromote_candidate]:[31]
[start_pgpromote_candidate_demoted]:[30]
[start_pgpromote_candidate_anon]:[31]
[start_pgpromote_candidate_file]:[0]
[start_pgpromote_tried]:[0]
[start_pgpromote_file]:[0]
[start_pgpromote_anon]:[0]
[start_pgmigrate_success]:[3484383]
[start_pgmigrate_fail]:[1]
[start_pgmigrate_fail_dst_node_full]:[0]
[start_pgmigrate_fail_numa_isolate]:[0]
[start_pgmigrate_fail_nomem]:[0]
[start_pgmigrate_fail_refcount]:[20]
[start_success_nr]:[19]
[start_retry_nr]:[21]
[start_retreated_page_nr]:[2]
[start_try_to_promote_nr]:[21]
[start_task_num]:[0]
[start_write_protect_break_num]:[9]
[start_shadow_link_num]:[18]
[start_shadow_demote_num]:[0]
[start_batch_free_num]:[0]
[start_transactional_migration_success_num]:[20]
[start_transactional_migration_fail_num]:[20]
[start_shadow_page_pair]:[4]
[end_pgdemote_kswapd]:[12564716]
[end_pgdemote_direct]:[0]
[end_pgdemote_file]:[105139]
[end_pgdemote_anon]:[12459577]
[end_pgpromote_candidate]:[7017407]
[end_pgpromote_candidate_demoted]:[4066616]
[end_pgpromote_candidate_anon]:[7016841]
[end_pgpromote_candidate_file]:[566]
[end_pgpromote_tried]:[0]
[end_pgpromote_file]:[0]
[end_pgpromote_anon]:[0]
[end_pgmigrate_success]:[14010070]
[end_pgmigrate_fail]:[1738981]
[end_pgmigrate_fail_dst_node_full]:[582144]
[end_pgmigrate_fail_numa_isolate]:[582144]
[end_pgmigrate_fail_nomem]:[1155945]
[end_pgmigrate_fail_refcount]:[4497]
[end_success_nr]:[6792124]
[end_retry_nr]:[61901]
[end_retreated_page_nr]:[895]
[end_try_to_promote_nr]:[6793019]
[end_task_num]:[0]
[end_write_protect_break_num]:[178052]
[end_shadow_link_num]:[6159901]
[end_shadow_demote_num]:[191218]
[end_batch_free_num]:[5790538]
[end_transactional_migration_success_num]:[6792036]
[end_transactional_migration_fail_num]:[4392]
[end_shadow_page_pair]:[0]
[note]:[0]
[milliseconds]:[117605]
[total tick]:[305775716713]
[work type]:[5]
[Bandwidth(MB/s)]:[1328.599974]
---------------------------
-----------start-----------
[start_pgdemote_kswapd]:[12625951]
[start_pgdemote_direct]:[0]
[start_pgdemote_file]:[105305]
[start_pgdemote_anon]:[12520646]
[start_pgpromote_candidate]:[7095704]
[start_pgpromote_candidate_demoted]:[4067236]
[start_pgpromote_candidate_anon]:[7095109]
[start_pgpromote_candidate_file]:[595]
[start_pgpromote_tried]:[0]
[start_pgpromote_file]:[0]
[start_pgpromote_anon]:[0]
[start_pgmigrate_success]:[14071305]
[start_pgmigrate_fail]:[1826894]
[start_pgmigrate_fail_dst_node_full]:[582144]
[start_pgmigrate_fail_numa_isolate]:[582144]
[start_pgmigrate_fail_nomem]:[1243849]
[start_pgmigrate_fail_refcount]:[4677]
[start_success_nr]:[6853655]
[start_retry_nr]:[62086]
[start_retreated_page_nr]:[913]
[start_try_to_promote_nr]:[6854568]
[start_task_num]:[0]
[start_write_protect_break_num]:[178068]
[start_shadow_link_num]:[6221403]
[start_shadow_demote_num]:[191218]
[start_batch_free_num]:[5851952]
[start_transactional_migration_success_num]:[6853555]
[start_transactional_migration_fail_num]:[4522]
[start_shadow_page_pair]:[67]
[end_pgdemote_kswapd]:[26013778]
[end_pgdemote_direct]:[0]
[end_pgdemote_file]:[106609]
[end_pgdemote_anon]:[25907169]
[end_pgpromote_candidate]:[20862642]
[end_pgpromote_candidate_demoted]:[16749290]
[end_pgpromote_candidate_anon]:[20861966]
[end_pgpromote_candidate_file]:[676]
[end_pgpromote_tried]:[0]
[end_pgpromote_file]:[0]
[end_pgpromote_anon]:[0]
[end_pgmigrate_success]:[27711548]
[end_pgmigrate_fail]:[2985238]
[end_pgmigrate_fail_dst_node_full]:[582144]
[end_pgmigrate_fail_numa_isolate]:[582144]
[end_pgmigrate_fail_nomem]:[2401334]
[end_pgmigrate_fail_refcount]:[6763]
[end_success_nr]:[20127063]
[end_retry_nr]:[179123]
[end_retreated_page_nr]:[2072]
[end_try_to_promote_nr]:[20129135]
[end_task_num]:[0]
[end_write_protect_break_num]:[267136]
[end_shadow_link_num]:[17321207]
[end_shadow_demote_num]:[712354]
[end_batch_free_num]:[16197708]
[end_transactional_migration_success_num]:[20126940]
[end_transactional_migration_fail_num]:[6557]
[end_shadow_page_pair]:[142488]
[note]:[1]
[milliseconds]:[174132]
[total tick]:[452742319662]
[work type]:[5]
[Bandwidth(MB/s)]:[897.307789]
---------------------------
-----------start-----------
[start_pgdemote_kswapd]:[26234809]
[start_pgdemote_direct]:[0]
[start_pgdemote_file]:[106961]
[start_pgdemote_anon]:[26127848]
[start_pgpromote_candidate]:[20862962]
[start_pgpromote_candidate_demoted]:[16749610]
[start_pgpromote_candidate_anon]:[20862220]
[start_pgpromote_candidate_file]:[742]
[start_pgpromote_tried]:[0]
[start_pgpromote_file]:[0]
[start_pgpromote_anon]:[0]
[start_pgmigrate_success]:[27932579]
[start_pgmigrate_fail]:[3100774]
[start_pgmigrate_fail_dst_node_full]:[582144]
[start_pgmigrate_fail_numa_isolate]:[582144]
[start_pgmigrate_fail_nomem]:[2516845]
[start_pgmigrate_fail_refcount]:[7254]
[start_success_nr]:[20127273]
[start_retry_nr]:[179556]
[start_retreated_page_nr]:[2115]
[start_try_to_promote_nr]:[20129388]
[start_task_num]:[0]
[start_write_protect_break_num]:[267137]
[start_shadow_link_num]:[17321308]
[start_shadow_demote_num]:[721131]
[start_batch_free_num]:[16331498]
[start_transactional_migration_success_num]:[20127143]
[start_transactional_migration_fail_num]:[6988]
[start_shadow_page_pair]:[18]
[end_pgdemote_kswapd]:[39864059]
[end_pgdemote_direct]:[0]
[end_pgdemote_file]:[107269]
[end_pgdemote_anon]:[39756790]
[end_pgpromote_candidate]:[34900768]
[end_pgpromote_candidate_demoted]:[30441346]
[end_pgpromote_candidate_anon]:[34899998]
[end_pgpromote_candidate_file]:[770]
[end_pgpromote_tried]:[0]
[end_pgpromote_file]:[0]
[end_pgpromote_anon]:[0]
[end_pgmigrate_success]:[41570533]
[end_pgmigrate_fail]:[4096526]
[end_pgmigrate_fail_dst_node_full]:[582144]
[end_pgmigrate_fail_numa_isolate]:[582144]
[end_pgmigrate_fail_nomem]:[3511861]
[end_pgmigrate_fail_refcount]:[9169]
[end_success_nr]:[33955269]
[end_retry_nr]:[330291]
[end_retreated_page_nr]:[3477]
[end_try_to_promote_nr]:[33958746]
[end_task_num]:[0]
[end_write_protect_break_num]:[420539]
[end_shadow_link_num]:[28945706]
[end_shadow_demote_num]:[1808562]
[end_batch_free_num]:[26501528]
[end_transactional_migration_success_num]:[33955127]
[end_transactional_migration_fail_num]:[8855]
[end_shadow_page_pair]:[211462]
[note]:[2]
[milliseconds]:[171533]
[total tick]:[445976122902]
[work type]:[5]
[Bandwidth(MB/s)]:[910.903441]
---------------------------
-----------start-----------
[start_pgdemote_kswapd]:[40077051]
[start_pgdemote_direct]:[0]
[start_pgdemote_file]:[107294]
[start_pgdemote_anon]:[39969757]
[start_pgpromote_candidate]:[34900882]
[start_pgpromote_candidate_demoted]:[30441457]
[start_pgpromote_candidate_anon]:[34900088]
[start_pgpromote_candidate_file]:[794]
[start_pgpromote_tried]:[0]
[start_pgpromote_file]:[0]
[start_pgpromote_anon]:[0]
[start_pgmigrate_success]:[41783525]
[start_pgmigrate_fail]:[4252734]
[start_pgmigrate_fail_dst_node_full]:[582144]
[start_pgmigrate_fail_numa_isolate]:[582144]
[start_pgmigrate_fail_nomem]:[3668064]
[start_pgmigrate_fail_refcount]:[9369]
[start_success_nr]:[33955340]
[start_retry_nr]:[330492]
[start_retreated_page_nr]:[3497]
[start_try_to_promote_nr]:[33958837]
[start_task_num]:[0]
[start_write_protect_break_num]:[420539]
[start_shadow_link_num]:[28945755]
[start_shadow_demote_num]:[1817045]
[start_batch_free_num]:[26704511]
[start_transactional_migration_success_num]:[33955191]
[start_transactional_migration_fail_num]:[9055]
[start_shadow_page_pair]:[38]
[end_pgdemote_kswapd]:[53523839]
[end_pgdemote_direct]:[31]
[end_pgdemote_file]:[107382]
[end_pgdemote_anon]:[53416488]
[end_pgpromote_candidate]:[48811047]
[end_pgpromote_candidate_demoted]:[44141888]
[end_pgpromote_candidate_anon]:[48810215]
[end_pgpromote_candidate_file]:[832]
[end_pgpromote_tried]:[0]
[end_pgpromote_file]:[0]
[end_pgpromote_anon]:[0]
[end_pgmigrate_success]:[55273807]
[end_pgmigrate_fail]:[5200045]
[end_pgmigrate_fail_dst_node_full]:[583168]
[end_pgmigrate_fail_numa_isolate]:[583168]
[end_pgmigrate_fail_nomem]:[4613720]
[end_pgmigrate_fail_refcount]:[11607]
[end_success_nr]:[47617497]
[end_retry_nr]:[478689]
[end_retreated_page_nr]:[5020]
[end_try_to_promote_nr]:[47622519]
[end_task_num]:[0]
[end_write_protect_break_num]:[616088]
[end_shadow_link_num]:[40380530]
[end_shadow_demote_num]:[3154149]
[end_batch_free_num]:[36371751]
[end_transactional_migration_success_num]:[47617335]
[end_transactional_migration_fail_num]:[11269]
[end_shadow_page_pair]:[231364]
[note]:[3]
[milliseconds]:[169315]
[total tick]:[440218002806]
[work type]:[5]
[Bandwidth(MB/s)]:[922.836134]
---------------------------
-----------start-----------
[start_pgdemote_kswapd]:[53755706]
[start_pgdemote_direct]:[31]
[start_pgdemote_file]:[107398]
[start_pgdemote_anon]:[53648339]
[start_pgpromote_candidate]:[48811235]
[start_pgpromote_candidate_demoted]:[44142076]
[start_pgpromote_candidate_anon]:[48810392]
[start_pgpromote_candidate_file]:[843]
[start_pgpromote_tried]:[0]
[start_pgpromote_file]:[0]
[start_pgpromote_anon]:[0]
[start_pgmigrate_success]:[55505674]
[start_pgmigrate_fail]:[5267984]
[start_pgmigrate_fail_dst_node_full]:[583168]
[start_pgmigrate_fail_numa_isolate]:[583168]
[start_pgmigrate_fail_nomem]:[4681650]
[start_pgmigrate_fail_refcount]:[11887]
[start_success_nr]:[47617639]
[start_retry_nr]:[479010]
[start_retreated_page_nr]:[5052]
[start_try_to_promote_nr]:[47622693]
[start_task_num]:[0]
[start_write_protect_break_num]:[616092]
[start_shadow_link_num]:[40380627]
[start_shadow_demote_num]:[3165694]
[start_batch_free_num]:[36591649]
[start_transactional_migration_success_num]:[47617474]
[start_transactional_migration_fail_num]:[11579]
[start_shadow_page_pair]:[6]
[end_pgdemote_kswapd]:[67060203]
[end_pgdemote_direct]:[74]
[end_pgdemote_file]:[110479]
[end_pgdemote_anon]:[66949798]
[end_pgpromote_candidate]:[62616710]
[end_pgpromote_candidate_demoted]:[57684082]
[end_pgpromote_candidate_anon]:[62615694]
[end_pgpromote_candidate_file]:[1016]
[end_pgpromote_tried]:[0]
[end_pgpromote_file]:[0]
[end_pgpromote_anon]:[0]
[end_pgmigrate_success]:[68830069]
[end_pgmigrate_fail]:[6179474]
[end_pgmigrate_fail_dst_node_full]:[583168]
[end_pgmigrate_fail_numa_isolate]:[583168]
[end_pgmigrate_fail_nomem]:[5592511]
[end_pgmigrate_fail_refcount]:[15129]
[end_success_nr]:[61135852]
[end_retry_nr]:[598342]
[end_retreated_page_nr]:[6421]
[end_try_to_promote_nr]:[61142275]
[end_task_num]:[0]
[end_write_protect_break_num]:[824131]
[end_shadow_link_num]:[51665264]
[end_shadow_demote_num]:[5686522]
[end_batch_free_num]:[44907603]
[end_transactional_migration_success_num]:[61135425]
[end_transactional_migration_fail_num]:[14750]
[end_shadow_page_pair]:[236326]
[note]:[4]
[milliseconds]:[168168]
[total tick]:[437237814136]
[work type]:[5]
[Bandwidth(MB/s)]:[929.130393]
---------------------------
