-----------start-----------
[start_pgdemote_kswapd]:[4105549]
[start_pgdemote_direct]:[0]
[start_pgdemote_file]:[16221]
[start_pgdemote_anon]:[4089328]
[start_pgpromote_candidate]:[100]
[start_pgpromote_candidate_demoted]:[99]
[start_pgpromote_candidate_anon]:[100]
[start_pgpromote_candidate_file]:[0]
[start_pgpromote_tried]:[0]
[start_pgpromote_file]:[0]
[start_pgpromote_anon]:[0]
[start_pgmigrate_success]:[4105549]
[start_pgmigrate_fail]:[38]
[start_pgmigrate_fail_dst_node_full]:[0]
[start_pgmigrate_fail_numa_isolate]:[0]
[start_pgmigrate_fail_nomem]:[0]
[start_pgmigrate_fail_refcount]:[300]
[start_success_nr]:[84]
[start_retry_nr]:[110]
[start_retreated_page_nr]:[11]
[start_try_to_promote_nr]:[95]
[start_task_num]:[0]
[start_write_protect_break_num]:[15]
[start_shadow_link_num]:[83]
[start_shadow_demote_num]:[0]
[start_batch_free_num]:[0]
[start_transactional_migration_success_num]:[84]
[start_transactional_migration_fail_num]:[110]
[start_shadow_page_pair]:[61]
[end_pgdemote_kswapd]:[12284326]
[end_pgdemote_direct]:[0]
[end_pgdemote_file]:[27894]
[end_pgdemote_anon]:[12256432]
[end_pgpromote_candidate]:[6601729]
[end_pgpromote_candidate_demoted]:[3465239]
[end_pgpromote_candidate_anon]:[6601407]
[end_pgpromote_candidate_file]:[322]
[end_pgpromote_tried]:[0]
[end_pgpromote_file]:[0]
[end_pgpromote_anon]:[0]
[end_pgmigrate_success]:[13710758]
[end_pgmigrate_fail]:[960739]
[end_pgmigrate_fail_dst_node_full]:[352768]
[end_pgmigrate_fail_numa_isolate]:[352768]
[end_pgmigrate_fail_nomem]:[607899]
[end_pgmigrate_fail_refcount]:[3330]
[end_success_nr]:[6233008]
[end_retry_nr]:[39484]
[end_retreated_page_nr]:[845]
[end_try_to_promote_nr]:[6233854]
[end_task_num]:[0]
[end_write_protect_break_num]:[352865]
[end_shadow_link_num]:[5638828]
[end_shadow_demote_num]:[714134]
[end_batch_free_num]:[4324090]
[end_transactional_migration_success_num]:[6232954]
[end_transactional_migration_fail_num]:[3051]
[end_shadow_page_pair]:[247615]
[note]:[0]
[milliseconds]:[110734]
[total tick]:[287917255574]
[work type]:[5]
[Bandwidth(MB/s)]:[1411.039067]
---------------------------
-----------start-----------
[start_pgdemote_kswapd]:[12586674]
[start_pgdemote_direct]:[0]
[start_pgdemote_file]:[28480]
[start_pgdemote_anon]:[12558194]
[start_pgpromote_candidate]:[6680050]
[start_pgpromote_candidate_demoted]:[3466396]
[start_pgpromote_candidate_anon]:[6679619]
[start_pgpromote_candidate_file]:[431]
[start_pgpromote_tried]:[0]
[start_pgpromote_file]:[0]
[start_pgpromote_anon]:[0]
[start_pgmigrate_success]:[14013106]
[start_pgmigrate_fail]:[986391]
[start_pgmigrate_fail_dst_node_full]:[352768]
[start_pgmigrate_fail_numa_isolate]:[352768]
[start_pgmigrate_fail_nomem]:[633532]
[start_pgmigrate_fail_refcount]:[3410]
[start_success_nr]:[6287526]
[start_retry_nr]:[39567]
[start_retreated_page_nr]:[853]
[start_try_to_promote_nr]:[6288380]
[start_task_num]:[0]
[start_write_protect_break_num]:[352866]
[start_shadow_link_num]:[5693322]
[start_shadow_demote_num]:[745172]
[start_batch_free_num]:[4595110]
[start_transactional_migration_success_num]:[6287471]
[start_transactional_migration_fail_num]:[3111]
[start_shadow_page_pair]:[46]
[end_pgdemote_kswapd]:[23610120]
[end_pgdemote_direct]:[0]
[end_pgdemote_file]:[38779]
[end_pgdemote_anon]:[23571341]
[end_pgpromote_candidate]:[19201918]
[end_pgpromote_candidate_demoted]:[14456890]
[end_pgpromote_candidate_anon]:[19201428]
[end_pgpromote_candidate_file]:[490]
[end_pgpromote_tried]:[0]
[end_pgpromote_file]:[0]
[end_pgpromote_anon]:[0]
[end_pgmigrate_success]:[25193224]
[end_pgmigrate_fail]:[1371571]
[end_pgmigrate_fail_dst_node_full]:[352768]
[end_pgmigrate_fail_numa_isolate]:[352768]
[end_pgmigrate_fail_nomem]:[1018139]
[end_pgmigrate_fail_refcount]:[8919]
[end_success_nr]:[17139303]
[end_retry_nr]:[61337]
[end_retreated_page_nr]:[1173]
[end_try_to_promote_nr]:[17140496]
[end_task_num]:[0]
[end_write_protect_break_num]:[381501]
[end_shadow_link_num]:[14850924]
[end_shadow_demote_num]:[837365]
[end_batch_free_num]:[13631091]
[end_transactional_migration_success_num]:[17139229]
[end_transactional_migration_fail_num]:[4548]
[end_shadow_page_pair]:[758]
[note]:[1]
[milliseconds]:[130825]
[total tick]:[340131379186]
[work type]:[5]
[Bandwidth(MB/s)]:[1194.343589]
---------------------------
-----------start-----------
[start_pgdemote_kswapd]:[23689368]
[start_pgdemote_direct]:[0]
[start_pgdemote_file]:[38986]
[start_pgdemote_anon]:[23650382]
[start_pgpromote_candidate]:[19202021]
[start_pgpromote_candidate_demoted]:[14456991]
[start_pgpromote_candidate_anon]:[19201527]
[start_pgpromote_candidate_file]:[494]
[start_pgpromote_tried]:[0]
[start_pgpromote_file]:[0]
[start_pgpromote_anon]:[0]
[start_pgmigrate_success]:[25272472]
[start_pgmigrate_fail]:[1451031]
[start_pgmigrate_fail_dst_node_full]:[352768]
[start_pgmigrate_fail_numa_isolate]:[352768]
[start_pgmigrate_fail_nomem]:[1097591]
[start_pgmigrate_fail_refcount]:[9029]
[start_success_nr]:[17139391]
[start_retry_nr]:[61367]
[start_retreated_page_nr]:[1176]
[start_try_to_promote_nr]:[17140587]
[start_task_num]:[0]
[start_write_protect_break_num]:[381501]
[start_shadow_link_num]:[14850999]
[start_shadow_demote_num]:[837365]
[start_batch_free_num]:[13631918]
[start_transactional_migration_success_num]:[17139316]
[start_transactional_migration_fail_num]:[4578]
[start_shadow_page_pair]:[1]
[end_pgdemote_kswapd]:[36444399]
[end_pgdemote_direct]:[0]
[end_pgdemote_file]:[41331]
[end_pgdemote_anon]:[36403068]
[end_pgpromote_candidate]:[32581746]
[end_pgpromote_candidate_demoted]:[26641368]
[end_pgpromote_candidate_anon]:[32580939]
[end_pgpromote_candidate_file]:[807]
[end_pgpromote_tried]:[0]
[end_pgpromote_file]:[0]
[end_pgpromote_anon]:[0]
[end_pgmigrate_success]:[38028527]
[end_pgmigrate_fail]:[2270687]
[end_pgmigrate_fail_dst_node_full]:[353280]
[end_pgmigrate_fail_numa_isolate]:[353280]
[end_pgmigrate_fail_nomem]:[1916698]
[end_pgmigrate_fail_refcount]:[12180]
[end_success_nr]:[30258178]
[end_retry_nr]:[180290]
[end_retreated_page_nr]:[2722]
[end_try_to_promote_nr]:[30260920]
[end_task_num]:[0]
[end_write_protect_break_num]:[656216]
[end_shadow_link_num]:[25793559]
[end_shadow_demote_num]:[2763640]
[end_batch_free_num]:[22001908]
[end_transactional_migration_success_num]:[30258082]
[end_transactional_migration_fail_num]:[7724]
[end_shadow_page_pair]:[367717]
[note]:[2]
[milliseconds]:[167154]
[total tick]:[434591537428]
[work type]:[5]
[Bandwidth(MB/s)]:[934.766742]
---------------------------
-----------start-----------
[start_pgdemote_kswapd]:[36812453]
[start_pgdemote_direct]:[0]
[start_pgdemote_file]:[41358]
[start_pgdemote_anon]:[36771095]
[start_pgpromote_candidate]:[32582198]
[start_pgpromote_candidate_demoted]:[26641814]
[start_pgpromote_candidate_anon]:[32581318]
[start_pgpromote_candidate_file]:[880]
[start_pgpromote_tried]:[0]
[start_pgpromote_file]:[0]
[start_pgpromote_anon]:[0]
[start_pgmigrate_success]:[38396581]
[start_pgmigrate_fail]:[2304813]
[start_pgmigrate_fail_dst_node_full]:[353280]
[start_pgmigrate_fail_numa_isolate]:[353280]
[start_pgmigrate_fail_nomem]:[1950822]
[start_pgmigrate_fail_refcount]:[12660]
[start_success_nr]:[30258513]
[start_retry_nr]:[180772]
[start_retreated_page_nr]:[2770]
[start_try_to_promote_nr]:[30261303]
[start_task_num]:[0]
[start_write_protect_break_num]:[656330]
[start_shadow_link_num]:[25793788]
[start_shadow_demote_num]:[2792911]
[start_batch_free_num]:[22340352]
[start_transactional_migration_success_num]:[30258416]
[start_transactional_migration_fail_num]:[8174]
[start_shadow_page_pair]:[87]
[end_pgdemote_kswapd]:[50016317]
[end_pgdemote_direct]:[45]
[end_pgdemote_file]:[41991]
[end_pgdemote_anon]:[49974371]
[end_pgpromote_candidate]:[46178795]
[end_pgpromote_candidate_demoted]:[40060541]
[end_pgpromote_candidate_anon]:[46177872]
[end_pgpromote_candidate_file]:[923]
[end_pgpromote_tried]:[0]
[end_pgpromote_file]:[0]
[end_pgpromote_anon]:[0]
[end_pgmigrate_success]:[51614769]
[end_pgmigrate_fail]:[3155278]
[end_pgmigrate_fail_dst_node_full]:[353280]
[end_pgmigrate_fail_numa_isolate]:[353280]
[end_pgmigrate_fail_nomem]:[2800666]
[end_pgmigrate_fail_refcount]:[21598]
[end_success_nr]:[43722797]
[end_retry_nr]:[333693]
[end_retreated_page_nr]:[4218]
[end_try_to_promote_nr]:[43727035]
[end_task_num]:[0]
[end_write_protect_break_num]:[907959]
[end_shadow_link_num]:[36961358]
[end_shadow_demote_num]:[4748184]
[end_batch_free_num]:[31018142]
[end_transactional_migration_success_num]:[43722692]
[end_transactional_migration_fail_num]:[11044]
[end_shadow_page_pair]:[274923]
[note]:[3]
[milliseconds]:[172255]
[total tick]:[447869902844]
[work type]:[5]
[Bandwidth(MB/s)]:[907.085426]
---------------------------
-----------start-----------
[start_pgdemote_kswapd]:[50292878]
[start_pgdemote_direct]:[45]
[start_pgdemote_file]:[41991]
[start_pgdemote_anon]:[50250932]
[start_pgpromote_candidate]:[46178813]
[start_pgpromote_candidate_demoted]:[40060558]
[start_pgpromote_candidate_anon]:[46177883]
[start_pgpromote_candidate_file]:[930]
[start_pgpromote_tried]:[0]
[start_pgpromote_file]:[0]
[start_pgpromote_anon]:[0]
[start_pgmigrate_success]:[51893422]
[start_pgmigrate_fail]:[3182428]
[start_pgmigrate_fail_dst_node_full]:[353280]
[start_pgmigrate_fail_numa_isolate]:[353280]
[start_pgmigrate_fail_nomem]:[2827816]
[start_pgmigrate_fail_refcount]:[21598]
[start_success_nr]:[43722806]
[start_retry_nr]:[333693]
[start_retreated_page_nr]:[4218]
[start_try_to_promote_nr]:[43727044]
[start_task_num]:[0]
[start_write_protect_break_num]:[907959]
[start_shadow_link_num]:[36961365]
[start_shadow_demote_num]:[4764481]
[start_batch_free_num]:[31276680]
[start_transactional_migration_success_num]:[43722701]
[start_transactional_migration_fail_num]:[11044]
[start_shadow_page_pair]:[1]
[end_pgdemote_kswapd]:[61999522]
[end_pgdemote_direct]:[45]
[end_pgdemote_file]:[46748]
[end_pgdemote_anon]:[61952819]
[end_pgpromote_candidate]:[59731373]
[end_pgpromote_candidate_demoted]:[52832483]
[end_pgpromote_candidate_anon]:[59730431]
[end_pgpromote_candidate_file]:[942]
[end_pgpromote_tried]:[0]
[end_pgpromote_file]:[0]
[end_pgpromote_anon]:[0]
[end_pgmigrate_success]:[63604674]
[end_pgmigrate_fail]:[3613281]
[end_pgmigrate_fail_dst_node_full]:[353280]
[end_pgmigrate_fail_numa_isolate]:[353280]
[end_pgmigrate_fail_nomem]:[3258668]
[end_pgmigrate_fail_refcount]:[22574]
[end_success_nr]:[55401732]
[end_retry_nr]:[380860]
[end_retreated_page_nr]:[4645]
[end_try_to_promote_nr]:[55406408]
[end_task_num]:[0]
[end_write_protect_break_num]:[962513]
[end_shadow_link_num]:[46644279]
[end_shadow_demote_num]:[5049320]
[end_batch_free_num]:[40618661]
[end_transactional_migration_success_num]:[55401624]
[end_transactional_migration_fail_num]:[12018]
[end_shadow_page_pair]:[844]
[note]:[4]
[milliseconds]:[143978]
[total tick]:[374340181436]
[work type]:[5]
[Bandwidth(MB/s)]:[1085.235244]
---------------------------
