-----------start-----------
[start_pgdemote_kswapd]:[3564051]
[start_pgdemote_direct]:[0]
[start_pgdemote_file]:[15366]
[start_pgdemote_anon]:[3548685]
[start_pgpromote_candidate]:[86]
[start_pgpromote_candidate_demoted]:[86]
[start_pgpromote_candidate_anon]:[86]
[start_pgpromote_candidate_file]:[0]
[start_pgpromote_tried]:[0]
[start_pgpromote_file]:[0]
[start_pgpromote_anon]:[0]
[start_pgmigrate_success]:[3564051]
[start_pgmigrate_fail]:[22]
[start_pgmigrate_fail_dst_node_full]:[0]
[start_pgmigrate_fail_numa_isolate]:[0]
[start_pgmigrate_fail_nomem]:[0]
[start_pgmigrate_fail_refcount]:[97]
[start_success_nr]:[72]
[start_retry_nr]:[97]
[start_retreated_page_nr]:[7]
[start_try_to_promote_nr]:[79]
[start_task_num]:[0]
[start_write_protect_break_num]:[10]
[start_shadow_link_num]:[71]
[start_shadow_demote_num]:[0]
[start_batch_free_num]:[0]
[start_transactional_migration_success_num]:[72]
[start_transactional_migration_fail_num]:[97]
[start_shadow_page_pair]:[61]
[end_pgdemote_kswapd]:[14172168]
[end_pgdemote_direct]:[0]
[end_pgdemote_file]:[30029]
[end_pgdemote_anon]:[14142139]
[end_pgpromote_candidate]:[8731346]
[end_pgpromote_candidate_demoted]:[5238564]
[end_pgpromote_candidate_anon]:[8731052]
[end_pgpromote_candidate_file]:[294]
[end_pgpromote_tried]:[0]
[end_pgpromote_file]:[0]
[end_pgpromote_anon]:[0]
[end_pgmigrate_success]:[15698340]
[end_pgmigrate_fail]:[949707]
[end_pgmigrate_fail_dst_node_full]:[259584]
[end_pgmigrate_fail_numa_isolate]:[259584]
[end_pgmigrate_fail_nomem]:[690022]
[end_pgmigrate_fail_refcount]:[4561]
[end_success_nr]:[8317383]
[end_retry_nr]:[55673]
[end_retreated_page_nr]:[871]
[end_try_to_promote_nr]:[8318254]
[end_task_num]:[0]
[end_write_protect_break_num]:[240812]
[end_shadow_link_num]:[7579713]
[end_shadow_demote_num]:[748252]
[end_batch_free_num]:[6586106]
[end_transactional_migration_success_num]:[8317346]
[end_transactional_migration_fail_num]:[4405]
[end_shadow_page_pair]:[4462]
[note]:[0]
[milliseconds]:[131890]
[total tick]:[342919644736]
[work type]:[5]
[Bandwidth(MB/s)]:[1184.699371]
---------------------------
-----------start-----------
[start_pgdemote_kswapd]:[14239487]
[start_pgdemote_direct]:[0]
[start_pgdemote_file]:[30506]
[start_pgdemote_anon]:[14208981]
[start_pgpromote_candidate]:[8809565]
[start_pgpromote_candidate_demoted]:[5239109]
[start_pgpromote_candidate_anon]:[8809213]
[start_pgpromote_candidate_file]:[352]
[start_pgpromote_tried]:[0]
[start_pgpromote_file]:[0]
[start_pgpromote_anon]:[0]
[start_pgmigrate_success]:[15765659]
[start_pgmigrate_fail]:[959869]
[start_pgmigrate_fail_dst_node_full]:[259584]
[start_pgmigrate_fail_numa_isolate]:[259584]
[start_pgmigrate_fail_nomem]:[700169]
[start_pgmigrate_fail_refcount]:[4631]
[start_success_nr]:[8379812]
[start_retry_nr]:[55745]
[start_retreated_page_nr]:[878]
[start_try_to_promote_nr]:[8380690]
[start_task_num]:[0]
[start_write_protect_break_num]:[240812]
[start_shadow_link_num]:[7642129]
[start_shadow_demote_num]:[748252]
[start_batch_free_num]:[6652978]
[start_transactional_migration_success_num]:[8379773]
[start_transactional_migration_fail_num]:[4475]
[start_shadow_page_pair]:[1]
[end_pgdemote_kswapd]:[27258752]
[end_pgdemote_direct]:[0]
[end_pgdemote_file]:[31164]
[end_pgdemote_anon]:[27227588]
[end_pgpromote_candidate]:[22163966]
[end_pgpromote_candidate_demoted]:[17913322]
[end_pgpromote_candidate_anon]:[22163471]
[end_pgpromote_candidate_file]:[495]
[end_pgpromote_tried]:[0]
[end_pgpromote_file]:[0]
[end_pgpromote_anon]:[0]
[end_pgmigrate_success]:[28785436]
[end_pgmigrate_fail]:[1973697]
[end_pgmigrate_fail_dst_node_full]:[259584]
[end_pgmigrate_fail_numa_isolate]:[259584]
[end_pgmigrate_fail_nomem]:[1713987]
[end_pgmigrate_fail_refcount]:[9624]
[end_success_nr]:[21614968]
[end_retry_nr]:[214289]
[end_retreated_page_nr]:[2420]
[end_try_to_promote_nr]:[21617389]
[end_task_num]:[0]
[end_write_protect_break_num]:[330316]
[end_shadow_link_num]:[18922461]
[end_shadow_demote_num]:[1349916]
[end_batch_free_num]:[17023705]
[end_transactional_migration_success_num]:[21614900]
[end_transactional_migration_fail_num]:[9423]
[end_shadow_page_pair]:[217998]
[note]:[1]
[milliseconds]:[169784]
[total tick]:[441444627592]
[work type]:[5]
[Bandwidth(MB/s)]:[920.286953]
---------------------------
-----------start-----------
[start_pgdemote_kswapd]:[27554960]
[start_pgdemote_direct]:[0]
[start_pgdemote_file]:[31264]
[start_pgdemote_anon]:[27523696]
[start_pgpromote_candidate]:[22164459]
[start_pgpromote_candidate_demoted]:[17913815]
[start_pgpromote_candidate_anon]:[22163943]
[start_pgpromote_candidate_file]:[516]
[start_pgpromote_tried]:[0]
[start_pgpromote_file]:[0]
[start_pgpromote_anon]:[0]
[start_pgmigrate_success]:[29081644]
[start_pgmigrate_fail]:[1993049]
[start_pgmigrate_fail_dst_node_full]:[259584]
[start_pgmigrate_fail_numa_isolate]:[259584]
[start_pgmigrate_fail_nomem]:[1733339]
[start_pgmigrate_fail_refcount]:[10074]
[start_success_nr]:[21615397]
[start_retry_nr]:[214741]
[start_retreated_page_nr]:[2461]
[start_try_to_promote_nr]:[21617859]
[start_task_num]:[0]
[start_write_protect_break_num]:[330372]
[start_shadow_link_num]:[18922730]
[start_shadow_demote_num]:[1385074]
[start_batch_free_num]:[17206547]
[start_transactional_migration_success_num]:[21615329]
[start_transactional_migration_fail_num]:[9853]
[start_shadow_page_pair]:[201]
[end_pgdemote_kswapd]:[39929943]
[end_pgdemote_direct]:[0]
[end_pgdemote_file]:[36851]
[end_pgdemote_anon]:[39893092]
[end_pgpromote_candidate]:[35589886]
[end_pgpromote_candidate_demoted]:[30792315]
[end_pgpromote_candidate_anon]:[35589202]
[end_pgpromote_candidate_file]:[684]
[end_pgpromote_tried]:[0]
[end_pgpromote_file]:[0]
[end_pgpromote_anon]:[0]
[end_pgmigrate_success]:[41456627]
[end_pgmigrate_fail]:[2695896]
[end_pgmigrate_fail_dst_node_full]:[259584]
[end_pgmigrate_fail_numa_isolate]:[259584]
[end_pgmigrate_fail_nomem]:[2436127]
[end_pgmigrate_fail_refcount]:[12166]
[end_success_nr]:[34290931]
[end_retry_nr]:[303908]
[end_retreated_page_nr]:[3504]
[end_try_to_promote_nr]:[34294438]
[end_task_num]:[0]
[end_write_protect_break_num]:[480557]
[end_shadow_link_num]:[29644060]
[end_shadow_demote_num]:[2470114]
[end_batch_free_num]:[26367210]
[end_transactional_migration_success_num]:[34290837]
[end_transactional_migration_fail_num]:[11930]
[end_shadow_page_pair]:[323240]
[note]:[2]
[milliseconds]:[161385]
[total tick]:[419603240786]
[work type]:[5]
[Bandwidth(MB/s)]:[968.181677]
---------------------------
-----------start-----------
[start_pgdemote_kswapd]:[40253224]
[start_pgdemote_direct]:[0]
[start_pgdemote_file]:[37254]
[start_pgdemote_anon]:[40215970]
[start_pgpromote_candidate]:[35589935]
[start_pgpromote_candidate_demoted]:[30792364]
[start_pgpromote_candidate_anon]:[35589222]
[start_pgpromote_candidate_file]:[713]
[start_pgpromote_tried]:[0]
[start_pgpromote_file]:[0]
[start_pgpromote_anon]:[0]
[start_pgmigrate_success]:[41779908]
[start_pgmigrate_fail]:[2726554]
[start_pgmigrate_fail_dst_node_full]:[259584]
[start_pgmigrate_fail_numa_isolate]:[259584]
[start_pgmigrate_fail_nomem]:[2466388]
[start_pgmigrate_fail_refcount]:[15957]
[start_success_nr]:[34290951]
[start_retry_nr]:[303910]
[start_retreated_page_nr]:[3504]
[start_try_to_promote_nr]:[34294458]
[start_task_num]:[0]
[start_write_protect_break_num]:[480558]
[start_shadow_link_num]:[29644076]
[start_shadow_demote_num]:[2493561]
[start_batch_free_num]:[26667007]
[start_transactional_migration_success_num]:[34290858]
[start_transactional_migration_fail_num]:[11930]
[start_shadow_page_pair]:[4]
[end_pgdemote_kswapd]:[53260055]
[end_pgdemote_direct]:[0]
[end_pgdemote_file]:[37278]
[end_pgdemote_anon]:[53222777]
[end_pgpromote_candidate]:[49182582]
[end_pgpromote_candidate_demoted]:[44053782]
[end_pgpromote_candidate_anon]:[49181785]
[end_pgpromote_candidate_file]:[797]
[end_pgpromote_tried]:[0]
[end_pgpromote_file]:[0]
[end_pgpromote_anon]:[0]
[end_pgmigrate_success]:[54788275]
[end_pgmigrate_fail]:[3577277]
[end_pgmigrate_fail_dst_node_full]:[259584]
[end_pgmigrate_fail_numa_isolate]:[259584]
[end_pgmigrate_fail_nomem]:[3317106]
[end_pgmigrate_fail_refcount]:[18736]
[end_success_nr]:[47719044]
[end_retry_nr]:[470635]
[end_retreated_page_nr]:[5097]
[end_try_to_promote_nr]:[47724145]
[end_task_num]:[0]
[end_write_protect_break_num]:[727126]
[end_shadow_link_num]:[40892532]
[end_shadow_demote_num]:[4355128]
[end_batch_free_num]:[35357901]
[end_transactional_migration_success_num]:[47718946]
[end_transactional_migration_fail_num]:[14627]
[end_shadow_page_pair]:[444788]
[note]:[3]
[milliseconds]:[172745]
[total tick]:[449120178606]
[work type]:[5]
[Bandwidth(MB/s)]:[904.512432]
---------------------------
-----------start-----------
[start_pgdemote_kswapd]:[53704825]
[start_pgdemote_direct]:[0]
[start_pgdemote_file]:[37278]
[start_pgdemote_anon]:[53667547]
[start_pgpromote_candidate]:[49182599]
[start_pgpromote_candidate_demoted]:[44053799]
[start_pgpromote_candidate_anon]:[49181802]
[start_pgpromote_candidate_file]:[797]
[start_pgpromote_tried]:[0]
[start_pgpromote_file]:[0]
[start_pgpromote_anon]:[0]
[start_pgmigrate_success]:[55233045]
[start_pgmigrate_fail]:[3618004]
[start_pgmigrate_fail_dst_node_full]:[259584]
[start_pgmigrate_fail_numa_isolate]:[259584]
[start_pgmigrate_fail_nomem]:[3357833]
[start_pgmigrate_fail_refcount]:[18736]
[start_success_nr]:[47719063]
[start_retry_nr]:[470635]
[start_retreated_page_nr]:[5097]
[start_try_to_promote_nr]:[47724164]
[start_task_num]:[0]
[start_write_protect_break_num]:[727127]
[start_shadow_link_num]:[40892545]
[start_shadow_demote_num]:[4392948]
[start_batch_free_num]:[35764879]
[start_transactional_migration_success_num]:[47718964]
[start_transactional_migration_fail_num]:[14627]
[start_shadow_page_pair]:[0]
[end_pgdemote_kswapd]:[67313673]
[end_pgdemote_direct]:[0]
[end_pgdemote_file]:[38411]
[end_pgdemote_anon]:[67275262]
[end_pgpromote_candidate]:[63002746]
[end_pgpromote_candidate_demoted]:[57665737]
[end_pgpromote_candidate_anon]:[63001905]
[end_pgpromote_candidate_file]:[841]
[end_pgpromote_tried]:[0]
[end_pgpromote_file]:[0]
[end_pgpromote_anon]:[0]
[end_pgmigrate_success]:[68850085]
[end_pgmigrate_fail]:[4561809]
[end_pgmigrate_fail_dst_node_full]:[259584]
[end_pgmigrate_fail_numa_isolate]:[259584]
[end_pgmigrate_fail_nomem]:[4301617]
[end_pgmigrate_fail_refcount]:[21357]
[end_success_nr]:[61293064]
[end_retry_nr]:[614819]
[end_retreated_page_nr]:[6964]
[end_try_to_promote_nr]:[61300036]
[end_task_num]:[0]
[end_write_protect_break_num]:[912427]
[end_shadow_link_num]:[52168086]
[end_shadow_demote_num]:[5778335]
[end_batch_free_num]:[45466618]
[end_transactional_migration_success_num]:[61292965]
[end_transactional_migration_fail_num]:[17150]
[end_shadow_page_pair]:[0]
[note]:[4]
[milliseconds]:[190783]
[total tick]:[496030393284]
[work type]:[5]
[Bandwidth(MB/s)]:[900.457001]
---------------------------
