-----------start-----------
[start_pgdemote_kswapd]:[3908331]
[start_pgdemote_direct]:[0]
[start_pgdemote_file]:[16598]
[start_pgdemote_anon]:[3891733]
[start_pgpromote_candidate]:[95]
[start_pgpromote_candidate_demoted]:[95]
[start_pgpromote_candidate_anon]:[93]
[start_pgpromote_candidate_file]:[2]
[start_pgpromote_tried]:[0]
[start_pgpromote_file]:[0]
[start_pgpromote_anon]:[0]
[start_pgmigrate_success]:[3908331]
[start_pgmigrate_fail]:[25]
[start_pgmigrate_fail_dst_node_full]:[0]
[start_pgmigrate_fail_numa_isolate]:[0]
[start_pgmigrate_fail_nomem]:[0]
[start_pgmigrate_fail_refcount]:[70]
[start_success_nr]:[77]
[start_retry_nr]:[71]
[start_retreated_page_nr]:[7]
[start_try_to_promote_nr]:[84]
[start_task_num]:[0]
[start_write_protect_break_num]:[12]
[start_shadow_link_num]:[76]
[start_shadow_demote_num]:[0]
[start_batch_free_num]:[0]
[start_transactional_migration_success_num]:[78]
[start_transactional_migration_fail_num]:[70]
[start_shadow_page_pair]:[60]
[end_pgdemote_kswapd]:[12189220]
[end_pgdemote_direct]:[0]
[end_pgdemote_file]:[34477]
[end_pgdemote_anon]:[12154743]
[end_pgpromote_candidate]:[6702944]
[end_pgpromote_candidate_demoted]:[3256269]
[end_pgpromote_candidate_anon]:[6702720]
[end_pgpromote_candidate_file]:[224]
[end_pgpromote_tried]:[0]
[end_pgpromote_file]:[0]
[end_pgpromote_anon]:[0]
[end_pgmigrate_success]:[13359140]
[end_pgmigrate_fail]:[1353817]
[end_pgmigrate_fail_dst_node_full]:[622080]
[end_pgmigrate_fail_numa_isolate]:[622080]
[end_pgmigrate_fail_nomem]:[731675]
[end_pgmigrate_fail_refcount]:[2545]
[end_success_nr]:[6468541]
[end_retry_nr]:[64365]
[end_retreated_page_nr]:[1106]
[end_try_to_promote_nr]:[6469648]
[end_task_num]:[0]
[end_write_protect_break_num]:[462763]
[end_shadow_link_num]:[5880415]
[end_shadow_demote_num]:[808221]
[end_batch_free_num]:[4477295]
[end_transactional_migration_success_num]:[6468516]
[end_transactional_migration_fail_num]:[2495]
[end_shadow_page_pair]:[132026]
[note]:[0]
[milliseconds]:[113350]
[total tick]:[294716135381]
[work type]:[5]
[Bandwidth(MB/s)]:[1378.473754]
---------------------------
-----------start-----------
[start_pgdemote_kswapd]:[12302429]
[start_pgdemote_direct]:[0]
[start_pgdemote_file]:[35043]
[start_pgdemote_anon]:[12267386]
[start_pgpromote_candidate]:[6781243]
[start_pgpromote_candidate_demoted]:[3257400]
[start_pgpromote_candidate_anon]:[6780977]
[start_pgpromote_candidate_file]:[266]
[start_pgpromote_tried]:[0]
[start_pgpromote_file]:[0]
[start_pgpromote_anon]:[0]
[start_pgmigrate_success]:[13472349]
[start_pgmigrate_fail]:[1363226]
[start_pgmigrate_fail_dst_node_full]:[622080]
[start_pgmigrate_fail_numa_isolate]:[622080]
[start_pgmigrate_fail_nomem]:[741083]
[start_pgmigrate_fail_refcount]:[2725]
[start_success_nr]:[6526924]
[start_retry_nr]:[64556]
[start_retreated_page_nr]:[1125]
[start_try_to_promote_nr]:[6528050]
[start_task_num]:[0]
[start_write_protect_break_num]:[462773]
[start_shadow_link_num]:[5938766]
[start_shadow_demote_num]:[821974]
[start_batch_free_num]:[4576505]
[start_transactional_migration_success_num]:[6526887]
[start_transactional_migration_fail_num]:[2675]
[start_shadow_page_pair]:[77397]
[end_pgdemote_kswapd]:[24732105]
[end_pgdemote_direct]:[0]
[end_pgdemote_file]:[35362]
[end_pgdemote_anon]:[24696743]
[end_pgpromote_candidate]:[19483187]
[end_pgpromote_candidate_demoted]:[15173683]
[end_pgpromote_candidate_anon]:[19482852]
[end_pgpromote_candidate_file]:[335]
[end_pgpromote_tried]:[0]
[end_pgpromote_file]:[0]
[end_pgpromote_anon]:[0]
[end_pgmigrate_success]:[26122185]
[end_pgmigrate_fail]:[2250723]
[end_pgmigrate_fail_dst_node_full]:[622080]
[end_pgmigrate_fail_numa_isolate]:[622080]
[end_pgmigrate_fail_nomem]:[1628580]
[end_pgmigrate_fail_refcount]:[7154]
[end_success_nr]:[19057571]
[end_retry_nr]:[194050]
[end_retreated_page_nr]:[2792]
[end_try_to_promote_nr]:[19060370]
[end_task_num]:[0]
[end_write_protect_break_num]:[656041]
[end_shadow_link_num]:[16607357]
[end_shadow_demote_num]:[2142582]
[end_batch_free_num]:[13407505]
[end_transactional_migration_success_num]:[19057499]
[end_transactional_migration_fail_num]:[7051]
[end_shadow_page_pair]:[400238]
[note]:[1]
[milliseconds]:[161835]
[total tick]:[420775401156]
[work type]:[5]
[Bandwidth(MB/s)]:[965.489542]
---------------------------
-----------start-----------
[start_pgdemote_kswapd]:[25210273]
[start_pgdemote_direct]:[0]
[start_pgdemote_file]:[35363]
[start_pgdemote_anon]:[25174910]
[start_pgpromote_candidate]:[19483849]
[start_pgpromote_candidate_demoted]:[15174345]
[start_pgpromote_candidate_anon]:[19483513]
[start_pgpromote_candidate_file]:[336]
[start_pgpromote_tried]:[0]
[start_pgpromote_file]:[0]
[start_pgpromote_anon]:[0]
[start_pgmigrate_success]:[26600353]
[start_pgmigrate_fail]:[2284424]
[start_pgmigrate_fail_dst_node_full]:[622080]
[start_pgmigrate_fail_numa_isolate]:[622080]
[start_pgmigrate_fail_nomem]:[1662281]
[start_pgmigrate_fail_refcount]:[7569]
[start_success_nr]:[19058183]
[start_retry_nr]:[194465]
[start_retreated_page_nr]:[2833]
[start_try_to_promote_nr]:[19061023]
[start_task_num]:[0]
[start_write_protect_break_num]:[656198]
[start_shadow_link_num]:[16607798]
[start_shadow_demote_num]:[2203689]
[start_batch_free_num]:[13746642]
[start_transactional_migration_success_num]:[19058108]
[start_transactional_migration_fail_num]:[7466]
[start_shadow_page_pair]:[274]
[end_pgdemote_kswapd]:[38015741]
[end_pgdemote_direct]:[0]
[end_pgdemote_file]:[35608]
[end_pgdemote_anon]:[37980133]
[end_pgpromote_candidate]:[32846134]
[end_pgpromote_candidate_demoted]:[28331687]
[end_pgpromote_candidate_anon]:[32845780]
[end_pgpromote_candidate_file]:[354]
[end_pgpromote_tried]:[0]
[end_pgpromote_file]:[0]
[end_pgpromote_anon]:[0]
[end_pgmigrate_success]:[39405821]
[end_pgmigrate_fail]:[3105878]
[end_pgmigrate_fail_dst_node_full]:[622080]
[end_pgmigrate_fail_numa_isolate]:[622080]
[end_pgmigrate_fail_nomem]:[2483735]
[end_pgmigrate_fail_refcount]:[11038]
[end_success_nr]:[32239571]
[end_retry_nr]:[339816]
[end_retreated_page_nr]:[4644]
[end_try_to_promote_nr]:[32244223]
[end_task_num]:[0]
[end_write_protect_break_num]:[938992]
[end_shadow_link_num]:[27725872]
[end_shadow_demote_num]:[4253854]
[end_batch_free_num]:[22134622]
[end_transactional_migration_success_num]:[32239469]
[end_transactional_migration_fail_num]:[10897]
[end_shadow_page_pair]:[392241]
[note]:[2]
[milliseconds]:[166963]
[total tick]:[434103753282]
[work type]:[5]
[Bandwidth(MB/s)]:[935.836083]
---------------------------
-----------start-----------
[start_pgdemote_kswapd]:[38409340]
[start_pgdemote_direct]:[0]
[start_pgdemote_file]:[35608]
[start_pgdemote_anon]:[38373732]
[start_pgpromote_candidate]:[32846167]
[start_pgpromote_candidate_demoted]:[28331717]
[start_pgpromote_candidate_anon]:[32845813]
[start_pgpromote_candidate_file]:[354]
[start_pgpromote_tried]:[0]
[start_pgpromote_file]:[0]
[start_pgpromote_anon]:[0]
[start_pgmigrate_success]:[39799420]
[start_pgmigrate_fail]:[3141137]
[start_pgmigrate_fail_dst_node_full]:[622080]
[start_pgmigrate_fail_numa_isolate]:[622080]
[start_pgmigrate_fail_nomem]:[2518994]
[start_pgmigrate_fail_refcount]:[11068]
[start_success_nr]:[32239598]
[start_retry_nr]:[339867]
[start_retreated_page_nr]:[4649]
[start_try_to_promote_nr]:[32244255]
[start_task_num]:[0]
[start_write_protect_break_num]:[938994]
[start_shadow_link_num]:[27725888]
[start_shadow_demote_num]:[4298377]
[start_batch_free_num]:[22482123]
[start_transactional_migration_success_num]:[32239494]
[start_transactional_migration_fail_num]:[10947]
[start_shadow_page_pair]:[8]
[end_pgdemote_kswapd]:[51805196]
[end_pgdemote_direct]:[0]
[end_pgdemote_file]:[35608]
[end_pgdemote_anon]:[51769588]
[end_pgpromote_candidate]:[46613179]
[end_pgpromote_candidate_demoted]:[41936492]
[end_pgpromote_candidate_anon]:[46612823]
[end_pgpromote_candidate_file]:[356]
[end_pgpromote_tried]:[0]
[end_pgpromote_file]:[0]
[end_pgpromote_anon]:[0]
[end_pgmigrate_success]:[53197836]
[end_pgmigrate_fail]:[4035380]
[end_pgmigrate_fail_dst_node_full]:[622080]
[end_pgmigrate_fail_numa_isolate]:[622080]
[end_pgmigrate_fail_nomem]:[3413237]
[end_pgmigrate_fail_refcount]:[14038]
[end_success_nr]:[45882797]
[end_retry_nr]:[485981]
[end_retreated_page_nr]:[6279]
[end_try_to_promote_nr]:[45889085]
[end_task_num]:[0]
[end_write_protect_break_num]:[1164711]
[end_shadow_link_num]:[39069951]
[end_shadow_demote_num]:[6007033]
[end_batch_free_num]:[31616539]
[end_transactional_migration_success_num]:[45882680]
[end_transactional_migration_fail_num]:[13858]
[end_shadow_page_pair]:[270635]
[note]:[3]
[milliseconds]:[179062]
[total tick]:[465552814304]
[work type]:[5]
[Bandwidth(MB/s)]:[872.602786]
---------------------------
-----------start-----------
[start_pgdemote_kswapd]:[52076218]
[start_pgdemote_direct]:[0]
[start_pgdemote_file]:[35608]
[start_pgdemote_anon]:[52040610]
[start_pgpromote_candidate]:[46613257]
[start_pgpromote_candidate_demoted]:[41936567]
[start_pgpromote_candidate_anon]:[46612901]
[start_pgpromote_candidate_file]:[356]
[start_pgpromote_tried]:[0]
[start_pgpromote_file]:[0]
[start_pgpromote_anon]:[0]
[start_pgmigrate_success]:[53468858]
[start_pgmigrate_fail]:[4060061]
[start_pgmigrate_fail_dst_node_full]:[622080]
[start_pgmigrate_fail_numa_isolate]:[622080]
[start_pgmigrate_fail_nomem]:[3437918]
[start_pgmigrate_fail_refcount]:[14228]
[start_success_nr]:[45882851]
[start_retry_nr]:[486171]
[start_retreated_page_nr]:[6298]
[start_try_to_promote_nr]:[45889158]
[start_task_num]:[0]
[start_write_protect_break_num]:[1164714]
[start_shadow_link_num]:[39069978]
[start_shadow_demote_num]:[6024582]
[start_batch_free_num]:[31869624]
[start_transactional_migration_success_num]:[45882729]
[start_transactional_migration_fail_num]:[14048]
[start_shadow_page_pair]:[19]
[end_pgdemote_kswapd]:[64616383]
[end_pgdemote_direct]:[0]
[end_pgdemote_file]:[41647]
[end_pgdemote_anon]:[64574736]
[end_pgpromote_candidate]:[60545212]
[end_pgpromote_candidate_demoted]:[55405549]
[end_pgpromote_candidate_anon]:[60544831]
[end_pgpromote_candidate_file]:[381]
[end_pgpromote_tried]:[0]
[end_pgpromote_file]:[0]
[end_pgpromote_anon]:[0]
[end_pgmigrate_success]:[66016703]
[end_pgmigrate_fail]:[4687704]
[end_pgmigrate_fail_dst_node_full]:[622080]
[end_pgmigrate_fail_numa_isolate]:[622080]
[end_pgmigrate_fail_nomem]:[4065561]
[end_pgmigrate_fail_refcount]:[15451]
[end_success_nr]:[58392359]
[end_retry_nr]:[587939]
[end_retreated_page_nr]:[7831]
[end_try_to_promote_nr]:[58400211]
[end_task_num]:[0]
[end_write_protect_break_num]:[1203466]
[end_shadow_link_num]:[49532080]
[end_shadow_demote_num]:[6275552]
[end_batch_free_num]:[42040517]
[end_transactional_migration_success_num]:[58392234]
[end_transactional_migration_fail_num]:[15271]
[end_shadow_page_pair]:[721]
[note]:[4]
[milliseconds]:[165688]
[total tick]:[430785425082]
[work type]:[5]
[Bandwidth(MB/s)]:[943.037516]
---------------------------
