-----------start-----------
[start_pgdemote_kswapd]:[3510294]
[start_pgdemote_direct]:[0]
[start_pgdemote_file]:[15656]
[start_pgdemote_anon]:[3494638]
[start_pgpromote_candidate]:[58]
[start_pgpromote_candidate_demoted]:[35]
[start_pgpromote_candidate_anon]:[31]
[start_pgpromote_candidate_file]:[27]
[start_pgpromote_tried]:[0]
[start_pgpromote_file]:[0]
[start_pgpromote_anon]:[0]
[start_pgmigrate_success]:[3510294]
[start_pgmigrate_fail]:[26]
[start_pgmigrate_fail_dst_node_full]:[0]
[start_pgmigrate_fail_numa_isolate]:[0]
[start_pgmigrate_fail_nomem]:[0]
[start_pgmigrate_fail_refcount]:[50]
[start_success_nr]:[22]
[start_retry_nr]:[11]
[start_retreated_page_nr]:[1]
[start_try_to_promote_nr]:[23]
[start_task_num]:[0]
[start_write_protect_break_num]:[0]
[start_shadow_link_num]:[21]
[start_shadow_demote_num]:[0]
[start_batch_free_num]:[0]
[start_transactional_migration_success_num]:[23]
[start_transactional_migration_fail_num]:[10]
[start_shadow_page_pair]:[4]
[end_pgdemote_kswapd]:[11242929]
[end_pgdemote_direct]:[0]
[end_pgdemote_file]:[90447]
[end_pgdemote_anon]:[11152482]
[end_pgpromote_candidate]:[5740512]
[end_pgpromote_candidate_demoted]:[3086020]
[end_pgpromote_candidate_anon]:[5740206]
[end_pgpromote_candidate_file]:[306]
[end_pgpromote_tried]:[0]
[end_pgpromote_file]:[0]
[end_pgpromote_anon]:[0]
[end_pgmigrate_success]:[12617649]
[end_pgmigrate_fail]:[1229446]
[end_pgmigrate_fail_dst_node_full]:[655360]
[end_pgmigrate_fail_numa_isolate]:[655360]
[end_pgmigrate_fail_nomem]:[573970]
[end_pgmigrate_fail_refcount]:[2690]
[end_success_nr]:[5583246]
[end_retry_nr]:[47800]
[end_retreated_page_nr]:[1025]
[end_try_to_promote_nr]:[5584273]
[end_task_num]:[0]
[end_write_protect_break_num]:[326443]
[end_shadow_link_num]:[5016254]
[end_shadow_demote_num]:[737756]
[end_batch_free_num]:[3880835]
[end_transactional_migration_success_num]:[5583206]
[end_transactional_migration_fail_num]:[2648]
[end_shadow_page_pair]:[71078]
[note]:[0]
[milliseconds]:[98959]
[total tick]:[257290364856]
[work type]:[5]
[Bandwidth(MB/s)]:[1578.936731]
---------------------------
-----------start-----------
[start_pgdemote_kswapd]:[11375366]
[start_pgdemote_direct]:[0]
[start_pgdemote_file]:[90702]
[start_pgdemote_anon]:[11284664]
[start_pgpromote_candidate]:[5818709]
[start_pgpromote_candidate_demoted]:[3086541]
[start_pgpromote_candidate_anon]:[5818371]
[start_pgpromote_candidate_file]:[338]
[start_pgpromote_tried]:[0]
[start_pgpromote_file]:[0]
[start_pgpromote_anon]:[0]
[start_pgmigrate_success]:[12750086]
[start_pgmigrate_fail]:[1242330]
[start_pgmigrate_fail_dst_node_full]:[655360]
[start_pgmigrate_fail_numa_isolate]:[655360]
[start_pgmigrate_fail_nomem]:[586853]
[start_pgmigrate_fail_refcount]:[2705]
[start_success_nr]:[5643951]
[start_retry_nr]:[47860]
[start_retreated_page_nr]:[1031]
[start_try_to_promote_nr]:[5644984]
[start_task_num]:[0]
[start_write_protect_break_num]:[326445]
[start_shadow_link_num]:[5076954]
[start_shadow_demote_num]:[740882]
[start_batch_free_num]:[4009464]
[start_transactional_migration_success_num]:[5643909]
[start_transactional_migration_fail_num]:[2698]
[start_shadow_page_pair]:[16]
[end_pgdemote_kswapd]:[24133343]
[end_pgdemote_direct]:[0]
[end_pgdemote_file]:[93226]
[end_pgdemote_anon]:[24040117]
[end_pgpromote_candidate]:[18754412]
[end_pgpromote_candidate_demoted]:[15033335]
[end_pgpromote_candidate_anon]:[18753905]
[end_pgpromote_candidate_file]:[507]
[end_pgpromote_tried]:[0]
[end_pgpromote_file]:[0]
[end_pgpromote_anon]:[0]
[end_pgmigrate_success]:[25861529]
[end_pgmigrate_fail]:[2329324]
[end_pgmigrate_fail_dst_node_full]:[655360]
[end_pgmigrate_fail_numa_isolate]:[655360]
[end_pgmigrate_fail_nomem]:[1673840]
[end_pgmigrate_fail_refcount]:[6368]
[end_success_nr]:[18375789]
[end_retry_nr]:[224046]
[end_retreated_page_nr]:[3604]
[end_try_to_promote_nr]:[18379395]
[end_task_num]:[0]
[end_write_protect_break_num]:[395718]
[end_shadow_link_num]:[16148959]
[end_shadow_demote_num]:[1084989]
[end_batch_free_num]:[14337725]
[end_transactional_migration_success_num]:[18375740]
[end_transactional_migration_fail_num]:[6294]
[end_shadow_page_pair]:[329592]
[note]:[1]
[milliseconds]:[186132]
[total tick]:[483939640504]
[work type]:[5]
[Bandwidth(MB/s)]:[839.458019]
---------------------------
-----------start-----------
[start_pgdemote_kswapd]:[24541250]
[start_pgdemote_direct]:[0]
[start_pgdemote_file]:[93542]
[start_pgdemote_anon]:[24447708]
[start_pgpromote_candidate]:[18754448]
[start_pgpromote_candidate_demoted]:[15033371]
[start_pgpromote_candidate_anon]:[18753919]
[start_pgpromote_candidate_file]:[529]
[start_pgpromote_tried]:[0]
[start_pgpromote_file]:[0]
[start_pgpromote_anon]:[0]
[start_pgmigrate_success]:[26269436]
[start_pgmigrate_fail]:[2359893]
[start_pgmigrate_fail_dst_node_full]:[655360]
[start_pgmigrate_fail_numa_isolate]:[655360]
[start_pgmigrate_fail_nomem]:[1704395]
[start_pgmigrate_fail_refcount]:[6378]
[start_success_nr]:[18375800]
[start_retry_nr]:[224056]
[start_retreated_page_nr]:[3605]
[start_try_to_promote_nr]:[18379407]
[start_task_num]:[0]
[start_write_protect_break_num]:[395718]
[start_shadow_link_num]:[16148968]
[start_shadow_demote_num]:[1117360]
[start_batch_free_num]:[14634950]
[start_transactional_migration_success_num]:[18375749]
[start_transactional_migration_fail_num]:[6304]
[start_shadow_page_pair]:[1]
[end_pgdemote_kswapd]:[36644154]
[end_pgdemote_direct]:[0]
[end_pgdemote_file]:[94388]
[end_pgdemote_anon]:[36549766]
[end_pgpromote_candidate]:[31723470]
[end_pgpromote_candidate_demoted]:[27448168]
[end_pgpromote_candidate_anon]:[31722897]
[end_pgpromote_candidate_file]:[573]
[end_pgpromote_tried]:[0]
[end_pgpromote_file]:[0]
[end_pgpromote_anon]:[0]
[end_pgmigrate_success]:[137351337]
[end_pgmigrate_fail]:[3115475]
[end_pgmigrate_fail_dst_node_full]:[656384]
[end_pgmigrate_fail_numa_isolate]:[656384]
[end_pgmigrate_fail_nomem]:[2458949]
[end_pgmigrate_fail_refcount]:[7947]
[end_success_nr]:[30976501]
[end_retry_nr]:[330051]
[end_retreated_page_nr]:[4756]
[end_try_to_promote_nr]:[30981264]
[end_task_num]:[0]
[end_write_protect_break_num]:[675622]
[end_shadow_link_num]:[26852307]
[end_shadow_demote_num]:[2981552]
[end_batch_free_num]:[22671910]
[end_transactional_migration_success_num]:[30976444]
[end_transactional_migration_fail_num]:[7838]
[end_shadow_page_pair]:[521109]
[note]:[2]
[milliseconds]:[162791]
[total tick]:[423257424652]
[work type]:[5]
[Bandwidth(MB/s)]:[959.819646]
---------------------------
-----------start-----------
[start_pgdemote_kswapd]:[37165333]
[start_pgdemote_direct]:[0]
[start_pgdemote_file]:[94396]
[start_pgdemote_anon]:[37070937]
[start_pgpromote_candidate]:[31723574]
[start_pgpromote_candidate_demoted]:[27448272]
[start_pgpromote_candidate_anon]:[31723001]
[start_pgpromote_candidate_file]:[573]
[start_pgpromote_tried]:[0]
[start_pgpromote_file]:[0]
[start_pgpromote_anon]:[0]
[start_pgmigrate_success]:[137872516]
[start_pgmigrate_fail]:[3159837]
[start_pgmigrate_fail_dst_node_full]:[656384]
[start_pgmigrate_fail_numa_isolate]:[656384]
[start_pgmigrate_fail_nomem]:[2503311]
[start_pgmigrate_fail_refcount]:[8117]
[start_success_nr]:[30976589]
[start_retry_nr]:[330221]
[start_retreated_page_nr]:[4773]
[start_try_to_promote_nr]:[30981369]
[start_task_num]:[0]
[start_write_protect_break_num]:[675633]
[start_shadow_link_num]:[26852390]
[start_shadow_demote_num]:[3052893]
[start_batch_free_num]:[23121683]
[start_transactional_migration_success_num]:[30976531]
[start_transactional_migration_fail_num]:[7988]
[start_shadow_page_pair]:[54]
[end_pgdemote_kswapd]:[50373087]
[end_pgdemote_direct]:[0]
[end_pgdemote_file]:[94600]
[end_pgdemote_anon]:[50278487]
[end_pgpromote_candidate]:[45352956]
[end_pgpromote_candidate_demoted]:[40838231]
[end_pgpromote_candidate_anon]:[45352369]
[end_pgpromote_candidate_file]:[587]
[end_pgpromote_tried]:[0]
[end_pgpromote_file]:[0]
[end_pgpromote_anon]:[0]
[end_pgmigrate_success]:[151081294]
[end_pgmigrate_fail]:[4012811]
[end_pgmigrate_fail_dst_node_full]:[656384]
[end_pgmigrate_fail_numa_isolate]:[656384]
[end_pgmigrate_fail_nomem]:[3356283]
[end_pgmigrate_fail_refcount]:[9876]
[end_success_nr]:[44496326]
[end_retry_nr]:[489946]
[end_retreated_page_nr]:[6388]
[end_try_to_promote_nr]:[44502721]
[end_task_num]:[0]
[end_write_protect_break_num]:[925421]
[end_shadow_link_num]:[38048206]
[end_shadow_demote_num]:[4956723]
[end_batch_free_num]:[31829727]
[end_transactional_migration_success_num]:[44496263]
[end_transactional_migration_fail_num]:[9736]
[end_shadow_page_pair]:[328642]
[note]:[3]
[milliseconds]:[173687]
[total tick]:[451582210328]
[work type]:[5]
[Bandwidth(MB/s)]:[899.606764]
---------------------------
-----------start-----------
[start_pgdemote_kswapd]:[50701879]
[start_pgdemote_direct]:[0]
[start_pgdemote_file]:[94600]
[start_pgdemote_anon]:[50607279]
[start_pgpromote_candidate]:[45352967]
[start_pgpromote_candidate_demoted]:[40838236]
[start_pgpromote_candidate_anon]:[45352380]
[start_pgpromote_candidate_file]:[587]
[start_pgpromote_tried]:[0]
[start_pgpromote_file]:[0]
[start_pgpromote_anon]:[0]
[start_pgmigrate_success]:[151410086]
[start_pgmigrate_fail]:[4042771]
[start_pgmigrate_fail_dst_node_full]:[656384]
[start_pgmigrate_fail_numa_isolate]:[656384]
[start_pgmigrate_fail_nomem]:[3386243]
[start_pgmigrate_fail_refcount]:[9876]
[start_success_nr]:[44496339]
[start_retry_nr]:[489946]
[start_retreated_page_nr]:[6388]
[start_try_to_promote_nr]:[44502734]
[start_task_num]:[0]
[start_write_protect_break_num]:[925421]
[start_shadow_link_num]:[38048214]
[start_shadow_demote_num]:[4984172]
[start_batch_free_num]:[32130921]
[start_transactional_migration_success_num]:[44496276]
[start_transactional_migration_fail_num]:[9736]
[start_shadow_page_pair]:[0]
[end_pgdemote_kswapd]:[64177070]
[end_pgdemote_direct]:[40]
[end_pgdemote_file]:[94914]
[end_pgdemote_anon]:[64082196]
[end_pgpromote_candidate]:[59107973]
[end_pgpromote_candidate_demoted]:[54502020]
[end_pgpromote_candidate_anon]:[59107362]
[end_pgpromote_candidate_file]:[611]
[end_pgpromote_tried]:[0]
[end_pgpromote_file]:[0]
[end_pgpromote_anon]:[0]
[end_pgmigrate_success]:[164915569]
[end_pgmigrate_fail]:[4978834]
[end_pgmigrate_fail_dst_node_full]:[656384]
[end_pgmigrate_fail_numa_isolate]:[656384]
[end_pgmigrate_fail_nomem]:[4322296]
[end_pgmigrate_fail_refcount]:[12322]
[end_success_nr]:[58177945]
[end_retry_nr]:[657319]
[end_retreated_page_nr]:[8092]
[end_try_to_promote_nr]:[58186045]
[end_task_num]:[0]
[end_write_protect_break_num]:[1117778]
[end_shadow_link_num]:[49493194]
[end_shadow_demote_num]:[6443688]
[end_batch_free_num]:[41689879]
[end_transactional_migration_success_num]:[58177879]
[end_transactional_migration_fail_num]:[12161]
[end_shadow_page_pair]:[229137]
[note]:[4]
[milliseconds]:[180018]
[total tick]:[468044713332]
[work type]:[5]
[Bandwidth(MB/s)]:[867.968759]
---------------------------
