-----------start-----------
[start_pgdemote_kswapd]:[2842297]
[start_pgdemote_direct]:[0]
[start_pgdemote_file]:[147422]
[start_pgdemote_anon]:[2694875]
[start_pgpromote_candidate]:[61]
[start_pgpromote_candidate_demoted]:[61]
[start_pgpromote_candidate_anon]:[57]
[start_pgpromote_candidate_file]:[4]
[start_pgpromote_tried]:[0]
[start_pgpromote_file]:[0]
[start_pgpromote_anon]:[0]
[start_pgmigrate_success]:[2842297]
[start_pgmigrate_fail]:[37]
[start_pgmigrate_fail_dst_node_full]:[0]
[start_pgmigrate_fail_numa_isolate]:[0]
[start_pgmigrate_fail_nomem]:[0]
[start_pgmigrate_fail_refcount]:[30]
[start_success_nr]:[51]
[start_retry_nr]:[30]
[start_retreated_page_nr]:[3]
[start_try_to_promote_nr]:[54]
[start_task_num]:[0]
[start_write_protect_break_num]:[16]
[start_shadow_link_num]:[51]
[start_shadow_demote_num]:[0]
[start_batch_free_num]:[0]
[start_transactional_migration_success_num]:[51]
[start_transactional_migration_fail_num]:[30]
[start_shadow_page_pair]:[17]
[end_pgdemote_kswapd]:[6662545]
[end_pgdemote_direct]:[0]
[end_pgdemote_file]:[151868]
[end_pgdemote_anon]:[6510677]
[end_pgpromote_candidate]:[7218]
[end_pgpromote_candidate_demoted]:[7218]
[end_pgpromote_candidate_anon]:[7122]
[end_pgpromote_candidate_file]:[96]
[end_pgpromote_tried]:[0]
[end_pgpromote_file]:[0]
[end_pgpromote_anon]:[0]
[end_pgmigrate_success]:[9659281]
[end_pgmigrate_fail]:[37]
[end_pgmigrate_fail_dst_node_full]:[0]
[end_pgmigrate_fail_numa_isolate]:[0]
[end_pgmigrate_fail_nomem]:[0]
[end_pgmigrate_fail_refcount]:[245]
[end_success_nr]:[1240]
[end_retry_nr]:[245]
[end_retreated_page_nr]:[24]
[end_try_to_promote_nr]:[1264]
[end_task_num]:[0]
[end_write_protect_break_num]:[322]
[end_shadow_link_num]:[1240]
[end_shadow_demote_num]:[0]
[end_batch_free_num]:[0]
[end_transactional_migration_success_num]:[1240]
[end_transactional_migration_fail_num]:[245]
[end_shadow_page_pair]:[866]
[note]:[0]
[milliseconds]:[22418]
[total tick]:[58285131040]
[work type]:[0]
[Bandwidth(MB/s)]:[5227.384245]
---------------------------
-----------start-----------
[start_pgdemote_kswapd]:[6662545]
[start_pgdemote_direct]:[0]
[start_pgdemote_file]:[151868]
[start_pgdemote_anon]:[6510677]
[start_pgpromote_candidate]:[7257]
[start_pgpromote_candidate_demoted]:[7257]
[start_pgpromote_candidate_anon]:[7122]
[start_pgpromote_candidate_file]:[135]
[start_pgpromote_tried]:[0]
[start_pgpromote_file]:[0]
[start_pgpromote_anon]:[0]
[start_pgmigrate_success]:[9659281]
[start_pgmigrate_fail]:[37]
[start_pgmigrate_fail_dst_node_full]:[0]
[start_pgmigrate_fail_numa_isolate]:[0]
[start_pgmigrate_fail_nomem]:[0]
[start_pgmigrate_fail_refcount]:[265]
[start_success_nr]:[1242]
[start_retry_nr]:[265]
[start_retreated_page_nr]:[26]
[start_try_to_promote_nr]:[1268]
[start_task_num]:[0]
[start_write_protect_break_num]:[323]
[start_shadow_link_num]:[1242]
[start_shadow_demote_num]:[0]
[start_batch_free_num]:[0]
[start_transactional_migration_success_num]:[1242]
[start_transactional_migration_fail_num]:[265]
[start_shadow_page_pair]:[867]
[end_pgdemote_kswapd]:[9742620]
[end_pgdemote_direct]:[0]
[end_pgdemote_file]:[166583]
[end_pgdemote_anon]:[9576037]
[end_pgpromote_candidate]:[1455247]
[end_pgpromote_candidate_demoted]:[91338]
[end_pgpromote_candidate_anon]:[1455081]
[end_pgpromote_candidate_file]:[166]
[end_pgpromote_tried]:[0]
[end_pgpromote_file]:[0]
[end_pgpromote_anon]:[0]
[end_pgmigrate_success]:[15431517]
[end_pgmigrate_fail]:[664]
[end_pgmigrate_fail_dst_node_full]:[0]
[end_pgmigrate_fail_numa_isolate]:[0]
[end_pgmigrate_fail_nomem]:[623]
[end_pgmigrate_fail_refcount]:[567]
[end_success_nr]:[1445501]
[end_retry_nr]:[11139]
[end_retreated_page_nr]:[360]
[end_try_to_promote_nr]:[1445861]
[end_task_num]:[0]
[end_write_protect_break_num]:[185020]
[end_shadow_link_num]:[1445501]
[end_shadow_demote_num]:[0]
[end_batch_free_num]:[1202797]
[end_transactional_migration_success_num]:[1445501]
[end_transactional_migration_fail_num]:[537]
[end_shadow_page_pair]:[57539]
[note]:[1]
[milliseconds]:[47396]
[total tick]:[123231436868]
[work type]:[0]
[Bandwidth(MB/s)]:[2472.518778]
---------------------------
-----------start-----------
[start_pgdemote_kswapd]:[9743132]
[start_pgdemote_direct]:[0]
[start_pgdemote_file]:[166583]
[start_pgdemote_anon]:[9576549]
[start_pgpromote_candidate]:[1455280]
[start_pgpromote_candidate_demoted]:[91371]
[start_pgpromote_candidate_anon]:[1455114]
[start_pgpromote_candidate_file]:[166]
[start_pgpromote_tried]:[0]
[start_pgpromote_file]:[0]
[start_pgpromote_anon]:[0]
[start_pgmigrate_success]:[15432029]
[start_pgmigrate_fail]:[664]
[start_pgmigrate_fail_dst_node_full]:[0]
[start_pgmigrate_fail_numa_isolate]:[0]
[start_pgmigrate_fail_nomem]:[623]
[start_pgmigrate_fail_refcount]:[647]
[start_success_nr]:[1445526]
[start_retry_nr]:[11219]
[start_retreated_page_nr]:[368]
[start_try_to_promote_nr]:[1445894]
[start_task_num]:[0]
[start_write_protect_break_num]:[185029]
[start_shadow_link_num]:[1445525]
[start_shadow_demote_num]:[0]
[start_batch_free_num]:[1202797]
[start_transactional_migration_success_num]:[1445525]
[start_transactional_migration_fail_num]:[597]
[start_shadow_page_pair]:[57547]
[end_pgdemote_kswapd]:[11554429]
[end_pgdemote_direct]:[0]
[end_pgdemote_file]:[170935]
[end_pgdemote_anon]:[11383494]
[end_pgpromote_candidate]:[3238015]
[end_pgpromote_candidate_demoted]:[1442191]
[end_pgpromote_candidate_anon]:[3237832]
[end_pgpromote_candidate_file]:[183]
[end_pgpromote_tried]:[0]
[end_pgpromote_file]:[0]
[end_pgpromote_anon]:[0]
[end_pgmigrate_success]:[46385492]
[end_pgmigrate_fail]:[697]
[end_pgmigrate_fail_dst_node_full]:[0]
[end_pgmigrate_fail_numa_isolate]:[0]
[end_pgmigrate_fail_nomem]:[629]
[end_pgmigrate_fail_refcount]:[2238]
[end_success_nr]:[3227353]
[end_retry_nr]:[19912]
[end_retreated_page_nr]:[670]
[end_try_to_promote_nr]:[3228023]
[end_task_num]:[0]
[end_write_protect_break_num]:[431404]
[end_shadow_link_num]:[3227352]
[end_shadow_demote_num]:[10]
[end_batch_free_num]:[2766418]
[end_transactional_migration_success_num]:[3227354]
[end_transactional_migration_fail_num]:[2188]
[end_shadow_page_pair]:[29271]
[note]:[2]
[milliseconds]:[49767]
[total tick]:[129393092206]
[work type]:[0]
[Bandwidth(MB/s)]:[2354.723009]
---------------------------
-----------start-----------
[start_pgdemote_kswapd]:[11554429]
[start_pgdemote_direct]:[0]
[start_pgdemote_file]:[170935]
[start_pgdemote_anon]:[11383494]
[start_pgpromote_candidate]:[3238042]
[start_pgpromote_candidate_demoted]:[1442216]
[start_pgpromote_candidate_anon]:[3237858]
[start_pgpromote_candidate_file]:[184]
[start_pgpromote_tried]:[0]
[start_pgpromote_file]:[0]
[start_pgpromote_anon]:[0]
[start_pgmigrate_success]:[46385492]
[start_pgmigrate_fail]:[697]
[start_pgmigrate_fail_dst_node_full]:[0]
[start_pgmigrate_fail_numa_isolate]:[0]
[start_pgmigrate_fail_nomem]:[629]
[start_pgmigrate_fail_refcount]:[2298]
[start_success_nr]:[3227373]
[start_retry_nr]:[19972]
[start_retreated_page_nr]:[676]
[start_try_to_promote_nr]:[3228049]
[start_task_num]:[0]
[start_write_protect_break_num]:[431410]
[start_shadow_link_num]:[3227372]
[start_shadow_demote_num]:[10]
[start_batch_free_num]:[2766418]
[start_transactional_migration_success_num]:[3227374]
[start_transactional_migration_fail_num]:[2238]
[start_shadow_page_pair]:[29279]
[end_pgdemote_kswapd]:[13426938]
[end_pgdemote_direct]:[0]
[end_pgdemote_file]:[171266]
[end_pgdemote_anon]:[13255672]
[end_pgpromote_candidate]:[5082351]
[end_pgpromote_candidate_demoted]:[3157422]
[end_pgpromote_candidate_anon]:[5082163]
[end_pgpromote_candidate_file]:[188]
[end_pgpromote_tried]:[0]
[end_pgpromote_file]:[0]
[end_pgpromote_anon]:[0]
[end_pgmigrate_success]:[48313969]
[end_pgmigrate_fail]:[697]
[end_pgmigrate_fail_dst_node_full]:[0]
[end_pgmigrate_fail_numa_isolate]:[0]
[end_pgmigrate_fail_nomem]:[629]
[end_pgmigrate_fail_refcount]:[2528]
[end_success_nr]:[5071232]
[end_retry_nr]:[28376]
[end_retreated_page_nr]:[833]
[end_try_to_promote_nr]:[5072065]
[end_task_num]:[0]
[end_write_protect_break_num]:[664511]
[end_shadow_link_num]:[5071231]
[end_shadow_demote_num]:[10]
[end_batch_free_num]:[4350960]
[end_transactional_migration_success_num]:[5071233]
[end_transactional_migration_fail_num]:[2468]
[end_shadow_page_pair]:[55444]
[note]:[3]
[milliseconds]:[54012]
[total tick]:[140427823050]
[work type]:[0]
[Bandwidth(MB/s)]:[2169.656743]
---------------------------
-----------start-----------
[start_pgdemote_kswapd]:[13426985]
[start_pgdemote_direct]:[0]
[start_pgdemote_file]:[171266]
[start_pgdemote_anon]:[13255719]
[start_pgpromote_candidate]:[5082379]
[start_pgpromote_candidate_demoted]:[3157438]
[start_pgpromote_candidate_anon]:[5082182]
[start_pgpromote_candidate_file]:[197]
[start_pgpromote_tried]:[0]
[start_pgpromote_file]:[0]
[start_pgpromote_anon]:[0]
[start_pgmigrate_success]:[48314016]
[start_pgmigrate_fail]:[697]
[start_pgmigrate_fail_dst_node_full]:[0]
[start_pgmigrate_fail_numa_isolate]:[0]
[start_pgmigrate_fail_nomem]:[629]
[start_pgmigrate_fail_refcount]:[2548]
[start_success_nr]:[5071251]
[start_retry_nr]:[28396]
[start_retreated_page_nr]:[835]
[start_try_to_promote_nr]:[5072086]
[start_task_num]:[0]
[start_write_protect_break_num]:[664516]
[start_shadow_link_num]:[5071250]
[start_shadow_demote_num]:[10]
[start_batch_free_num]:[4350960]
[start_transactional_migration_success_num]:[5071252]
[start_transactional_migration_fail_num]:[2488]
[start_shadow_page_pair]:[55455]
[end_pgdemote_kswapd]:[15295467]
[end_pgdemote_direct]:[0]
[end_pgdemote_file]:[171407]
[end_pgdemote_anon]:[15124060]
[end_pgpromote_candidate]:[6912583]
[end_pgpromote_candidate_demoted]:[4911105]
[end_pgpromote_candidate_anon]:[6912385]
[end_pgpromote_candidate_file]:[198]
[end_pgpromote_tried]:[0]
[end_pgpromote_file]:[0]
[end_pgpromote_anon]:[0]
[end_pgmigrate_success]:[75673761]
[end_pgmigrate_fail]:[698]
[end_pgmigrate_fail_dst_node_full]:[0]
[end_pgmigrate_fail_numa_isolate]:[0]
[end_pgmigrate_fail_nomem]:[630]
[end_pgmigrate_fail_refcount]:[3097]
[end_success_nr]:[6900717]
[end_retry_nr]:[37651]
[end_retreated_page_nr]:[1050]
[end_try_to_promote_nr]:[6901767]
[end_task_num]:[0]
[end_write_protect_break_num]:[895303]
[end_shadow_link_num]:[6900716]
[end_shadow_demote_num]:[10]
[end_batch_free_num]:[5931468]
[end_transactional_migration_success_num]:[6900718]
[end_transactional_migration_fail_num]:[3037]
[end_shadow_page_pair]:[73572]
[note]:[4]
[milliseconds]:[49710]
[total tick]:[129243140542]
[work type]:[0]
[Bandwidth(MB/s)]:[2357.423054]
---------------------------
