-----------start-----------
[start_pgdemote_kswapd]:[2505825]
[start_pgdemote_direct]:[0]
[start_pgdemote_file]:[147609]
[start_pgdemote_anon]:[2358216]
[start_pgpromote_candidate]:[54]
[start_pgpromote_candidate_demoted]:[54]
[start_pgpromote_candidate_anon]:[54]
[start_pgpromote_candidate_file]:[0]
[start_pgpromote_tried]:[0]
[start_pgpromote_file]:[0]
[start_pgpromote_anon]:[0]
[start_pgmigrate_success]:[2505825]
[start_pgmigrate_fail]:[35]
[start_pgmigrate_fail_dst_node_full]:[0]
[start_pgmigrate_fail_numa_isolate]:[0]
[start_pgmigrate_fail_nomem]:[0]
[start_pgmigrate_fail_refcount]:[60]
[start_success_nr]:[39]
[start_retry_nr]:[61]
[start_retreated_page_nr]:[6]
[start_try_to_promote_nr]:[45]
[start_task_num]:[0]
[start_write_protect_break_num]:[18]
[start_shadow_link_num]:[39]
[start_shadow_demote_num]:[0]
[start_batch_free_num]:[0]
[start_transactional_migration_success_num]:[40]
[start_transactional_migration_fail_num]:[60]
[start_shadow_page_pair]:[13]
[end_pgdemote_kswapd]:[5380162]
[end_pgdemote_direct]:[0]
[end_pgdemote_file]:[151767]
[end_pgdemote_anon]:[5228395]
[end_pgpromote_candidate]:[4993]
[end_pgpromote_candidate_demoted]:[4993]
[end_pgpromote_candidate_anon]:[4934]
[end_pgpromote_candidate_file]:[59]
[end_pgpromote_tried]:[0]
[end_pgpromote_file]:[0]
[end_pgpromote_anon]:[0]
[end_pgmigrate_success]:[7469634]
[end_pgmigrate_fail]:[35]
[end_pgmigrate_fail_dst_node_full]:[0]
[end_pgmigrate_fail_numa_isolate]:[0]
[end_pgmigrate_fail_nomem]:[0]
[end_pgmigrate_fail_refcount]:[170]
[end_success_nr]:[833]
[end_retry_nr]:[171]
[end_retreated_page_nr]:[17]
[end_try_to_promote_nr]:[850]
[end_task_num]:[0]
[end_write_protect_break_num]:[52]
[end_shadow_link_num]:[833]
[end_shadow_demote_num]:[0]
[end_batch_free_num]:[0]
[end_transactional_migration_success_num]:[834]
[end_transactional_migration_fail_num]:[170]
[end_shadow_page_pair]:[746]
[note]:[0]
[milliseconds]:[16110]
[total tick]:[41860000302]
[work type]:[0]
[Bandwidth(MB/s)]:[7274.208566]
---------------------------
-----------start-----------
[start_pgdemote_kswapd]:[5380162]
[start_pgdemote_direct]:[0]
[start_pgdemote_file]:[151767]
[start_pgdemote_anon]:[5228395]
[start_pgpromote_candidate]:[5007]
[start_pgpromote_candidate_demoted]:[5007]
[start_pgpromote_candidate_anon]:[4934]
[start_pgpromote_candidate_file]:[73]
[start_pgpromote_tried]:[0]
[start_pgpromote_file]:[0]
[start_pgpromote_anon]:[0]
[start_pgmigrate_success]:[7469634]
[start_pgmigrate_fail]:[35]
[start_pgmigrate_fail_dst_node_full]:[0]
[start_pgmigrate_fail_numa_isolate]:[0]
[start_pgmigrate_fail_nomem]:[0]
[start_pgmigrate_fail_refcount]:[180]
[start_success_nr]:[835]
[start_retry_nr]:[181]
[start_retreated_page_nr]:[18]
[start_try_to_promote_nr]:[853]
[start_task_num]:[0]
[start_write_protect_break_num]:[54]
[start_shadow_link_num]:[835]
[start_shadow_demote_num]:[0]
[start_batch_free_num]:[0]
[start_transactional_migration_success_num]:[836]
[start_transactional_migration_fail_num]:[180]
[start_shadow_page_pair]:[746]
[end_pgdemote_kswapd]:[6096073]
[end_pgdemote_direct]:[0]
[end_pgdemote_file]:[153932]
[end_pgdemote_anon]:[5942141]
[end_pgpromote_candidate]:[75331]
[end_pgpromote_candidate_demoted]:[75331]
[end_pgpromote_candidate_anon]:[75257]
[end_pgpromote_candidate_file]:[74]
[end_pgpromote_tried]:[0]
[end_pgpromote_file]:[0]
[end_pgpromote_anon]:[0]
[end_pgmigrate_success]:[8911899]
[end_pgmigrate_fail]:[35]
[end_pgmigrate_fail_dst_node_full]:[0]
[end_pgmigrate_fail_numa_isolate]:[0]
[end_pgmigrate_fail_nomem]:[0]
[end_pgmigrate_fail_refcount]:[200]
[end_success_nr]:[69910]
[end_retry_nr]:[414]
[end_retreated_page_nr]:[23]
[end_try_to_promote_nr]:[69933]
[end_task_num]:[0]
[end_write_protect_break_num]:[68836]
[end_shadow_link_num]:[69910]
[end_shadow_demote_num]:[0]
[end_batch_free_num]:[0]
[end_transactional_migration_success_num]:[69911]
[end_transactional_migration_fail_num]:[200]
[end_shadow_page_pair]:[972]
[note]:[1]
[milliseconds]:[16083]
[total tick]:[41807131090]
[work type]:[0]
[Bandwidth(MB/s)]:[7286.420444]
---------------------------
-----------start-----------
[start_pgdemote_kswapd]:[6096073]
[start_pgdemote_direct]:[0]
[start_pgdemote_file]:[153932]
[start_pgdemote_anon]:[5942141]
[start_pgpromote_candidate]:[75331]
[start_pgpromote_candidate_demoted]:[75331]
[start_pgpromote_candidate_anon]:[75257]
[start_pgpromote_candidate_file]:[74]
[start_pgpromote_tried]:[0]
[start_pgpromote_file]:[0]
[start_pgpromote_anon]:[0]
[start_pgmigrate_success]:[8911899]
[start_pgmigrate_fail]:[35]
[start_pgmigrate_fail_dst_node_full]:[0]
[start_pgmigrate_fail_numa_isolate]:[0]
[start_pgmigrate_fail_nomem]:[0]
[start_pgmigrate_fail_refcount]:[200]
[start_success_nr]:[69910]
[start_retry_nr]:[414]
[start_retreated_page_nr]:[23]
[start_try_to_promote_nr]:[69933]
[start_task_num]:[0]
[start_write_protect_break_num]:[68836]
[start_shadow_link_num]:[69910]
[start_shadow_demote_num]:[0]
[start_batch_free_num]:[0]
[start_transactional_migration_success_num]:[69911]
[start_transactional_migration_fail_num]:[200]
[start_shadow_page_pair]:[240]
[end_pgdemote_kswapd]:[8018850]
[end_pgdemote_direct]:[0]
[end_pgdemote_file]:[172143]
[end_pgdemote_anon]:[7846707]
[end_pgpromote_candidate]:[586104]
[end_pgpromote_candidate_demoted]:[138504]
[end_pgpromote_candidate_anon]:[585871]
[end_pgpromote_candidate_file]:[233]
[end_pgpromote_tried]:[0]
[end_pgpromote_file]:[0]
[end_pgpromote_anon]:[0]
[end_pgmigrate_success]:[16589013]
[end_pgmigrate_fail]:[239]
[end_pgmigrate_fail_dst_node_full]:[0]
[end_pgmigrate_fail_numa_isolate]:[0]
[end_pgmigrate_fail_nomem]:[174]
[end_pgmigrate_fail_refcount]:[1510]
[end_success_nr]:[577702]
[end_retry_nr]:[3226]
[end_retreated_page_nr]:[163]
[end_try_to_promote_nr]:[577866]
[end_task_num]:[0]
[end_write_protect_break_num]:[217277]
[end_shadow_link_num]:[577702]
[end_shadow_demote_num]:[435]
[end_batch_free_num]:[350981]
[end_transactional_migration_success_num]:[577703]
[end_transactional_migration_fail_num]:[1510]
[end_shadow_page_pair]:[8106]
[note]:[2]
[milliseconds]:[23195]
[total tick]:[60314178098]
[work type]:[0]
[Bandwidth(MB/s)]:[5052.274197]
---------------------------
-----------start-----------
[start_pgdemote_kswapd]:[8018850]
[start_pgdemote_direct]:[0]
[start_pgdemote_file]:[172143]
[start_pgdemote_anon]:[7846707]
[start_pgpromote_candidate]:[586133]
[start_pgpromote_candidate_demoted]:[138533]
[start_pgpromote_candidate_anon]:[585887]
[start_pgpromote_candidate_file]:[246]
[start_pgpromote_tried]:[0]
[start_pgpromote_file]:[0]
[start_pgpromote_anon]:[0]
[start_pgmigrate_success]:[16589013]
[start_pgmigrate_fail]:[239]
[start_pgmigrate_fail_dst_node_full]:[0]
[start_pgmigrate_fail_numa_isolate]:[0]
[start_pgmigrate_fail_nomem]:[174]
[start_pgmigrate_fail_refcount]:[1510]
[start_success_nr]:[577715]
[start_retry_nr]:[3226]
[start_retreated_page_nr]:[163]
[start_try_to_promote_nr]:[577879]
[start_task_num]:[0]
[start_write_protect_break_num]:[217280]
[start_shadow_link_num]:[577714]
[start_shadow_demote_num]:[435]
[start_batch_free_num]:[350981]
[start_transactional_migration_success_num]:[577715]
[start_transactional_migration_fail_num]:[1510]
[start_shadow_page_pair]:[8109]
[end_pgdemote_kswapd]:[8379726]
[end_pgdemote_direct]:[0]
[end_pgdemote_file]:[172144]
[end_pgdemote_anon]:[8207582]
[end_pgpromote_candidate]:[1081069]
[end_pgpromote_candidate_demoted]:[324767]
[end_pgpromote_candidate_anon]:[1080786]
[end_pgpromote_candidate_file]:[283]
[end_pgpromote_tried]:[0]
[end_pgpromote_file]:[0]
[end_pgpromote_anon]:[0]
[end_pgmigrate_success]:[17546869]
[end_pgmigrate_fail]:[262]
[end_pgmigrate_fail_dst_node_full]:[0]
[end_pgmigrate_fail_numa_isolate]:[0]
[end_pgmigrate_fail_nomem]:[194]
[end_pgmigrate_fail_refcount]:[2055]
[end_success_nr]:[1072190]
[end_retry_nr]:[5107]
[end_retreated_page_nr]:[242]
[end_try_to_promote_nr]:[1072433]
[end_task_num]:[0]
[end_write_protect_break_num]:[390328]
[end_shadow_link_num]:[1072189]
[end_shadow_demote_num]:[435]
[end_batch_free_num]:[583796]
[end_transactional_migration_success_num]:[1072190]
[end_transactional_migration_fail_num]:[2055]
[end_shadow_page_pair]:[96664]
[note]:[3]
[milliseconds]:[21358]
[total tick]:[55541895474]
[work type]:[0]
[Bandwidth(MB/s)]:[5486.819927]
---------------------------
-----------start-----------
[start_pgdemote_kswapd]:[8379726]
[start_pgdemote_direct]:[0]
[start_pgdemote_file]:[172144]
[start_pgdemote_anon]:[8207582]
[start_pgpromote_candidate]:[1081083]
[start_pgpromote_candidate_demoted]:[324779]
[start_pgpromote_candidate_anon]:[1080800]
[start_pgpromote_candidate_file]:[283]
[start_pgpromote_tried]:[0]
[start_pgpromote_file]:[0]
[start_pgpromote_anon]:[0]
[start_pgmigrate_success]:[17546869]
[start_pgmigrate_fail]:[263]
[start_pgmigrate_fail_dst_node_full]:[0]
[start_pgmigrate_fail_numa_isolate]:[0]
[start_pgmigrate_fail_nomem]:[194]
[start_pgmigrate_fail_refcount]:[2085]
[start_success_nr]:[1072205]
[start_retry_nr]:[5137]
[start_retreated_page_nr]:[245]
[start_try_to_promote_nr]:[1072451]
[start_task_num]:[0]
[start_write_protect_break_num]:[390331]
[start_shadow_link_num]:[1072204]
[start_shadow_demote_num]:[435]
[start_batch_free_num]:[583796]
[start_transactional_migration_success_num]:[1072205]
[start_transactional_migration_fail_num]:[2085]
[start_shadow_page_pair]:[96671]
[end_pgdemote_kswapd]:[8379727]
[end_pgdemote_direct]:[0]
[end_pgdemote_file]:[172145]
[end_pgdemote_anon]:[8207582]
[end_pgpromote_candidate]:[1104334]
[end_pgpromote_candidate_demoted]:[330954]
[end_pgpromote_candidate_anon]:[1104051]
[end_pgpromote_candidate_file]:[283]
[end_pgpromote_tried]:[0]
[end_pgpromote_file]:[0]
[end_pgpromote_anon]:[0]
[end_pgmigrate_success]:[17562230]
[end_pgmigrate_fail]:[263]
[end_pgmigrate_fail_dst_node_full]:[0]
[end_pgmigrate_fail_numa_isolate]:[0]
[end_pgmigrate_fail_nomem]:[194]
[end_pgmigrate_fail_refcount]:[2155]
[end_success_nr]:[1095416]
[end_retry_nr]:[5221]
[end_retreated_page_nr]:[252]
[end_try_to_promote_nr]:[1095669]
[end_task_num]:[0]
[end_write_protect_break_num]:[489160]
[end_shadow_link_num]:[1095415]
[end_shadow_demote_num]:[435]
[end_batch_free_num]:[583796]
[end_transactional_migration_success_num]:[1095416]
[end_transactional_migration_fail_num]:[2155]
[end_shadow_page_pair]:[21012]
[note]:[4]
[milliseconds]:[14385]
[total tick]:[37403506918]
[work type]:[0]
[Bandwidth(MB/s)]:[8146.506778]
---------------------------
