-----------start-----------
[start_pgdemote_kswapd]:[2396572]
[start_pgdemote_direct]:[0]
[start_pgdemote_file]:[145587]
[start_pgdemote_anon]:[2250985]
[start_pgpromote_candidate]:[105]
[start_pgpromote_candidate_demoted]:[105]
[start_pgpromote_candidate_anon]:[96]
[start_pgpromote_candidate_file]:[9]
[start_pgpromote_tried]:[0]
[start_pgpromote_file]:[0]
[start_pgpromote_anon]:[0]
[start_pgmigrate_success]:[2396572]
[start_pgmigrate_fail]:[28]
[start_pgmigrate_fail_dst_node_full]:[0]
[start_pgmigrate_fail_numa_isolate]:[0]
[start_pgmigrate_fail_nomem]:[0]
[start_pgmigrate_fail_refcount]:[120]
[start_success_nr]:[76]
[start_retry_nr]:[121]
[start_retreated_page_nr]:[12]
[start_try_to_promote_nr]:[88]
[start_task_num]:[0]
[start_write_protect_break_num]:[18]
[start_shadow_link_num]:[72]
[start_shadow_demote_num]:[0]
[start_batch_free_num]:[0]
[start_transactional_migration_success_num]:[73]
[start_transactional_migration_fail_num]:[120]
[start_shadow_page_pair]:[32]
[end_pgdemote_kswapd]:[5332693]
[end_pgdemote_direct]:[0]
[end_pgdemote_file]:[157577]
[end_pgdemote_anon]:[5175116]
[end_pgpromote_candidate]:[5457]
[end_pgpromote_candidate_demoted]:[5457]
[end_pgpromote_candidate_anon]:[5383]
[end_pgpromote_candidate_file]:[74]
[end_pgpromote_tried]:[0]
[end_pgpromote_file]:[0]
[end_pgpromote_anon]:[0]
[end_pgmigrate_success]:[7550165]
[end_pgmigrate_fail]:[32]
[end_pgmigrate_fail_dst_node_full]:[0]
[end_pgmigrate_fail_numa_isolate]:[0]
[end_pgmigrate_fail_nomem]:[0]
[end_pgmigrate_fail_refcount]:[300]
[end_success_nr]:[1015]
[end_retry_nr]:[301]
[end_retreated_page_nr]:[30]
[end_try_to_promote_nr]:[1045]
[end_task_num]:[0]
[end_write_protect_break_num]:[89]
[end_shadow_link_num]:[1007]
[end_shadow_demote_num]:[0]
[end_batch_free_num]:[0]
[end_transactional_migration_success_num]:[1008]
[end_transactional_migration_fail_num]:[250]
[end_shadow_page_pair]:[873]
[note]:[0]
[milliseconds]:[17156]
[total tick]:[44616579732]
[work type]:[0]
[Bandwidth(MB/s)]:[6830.700630]
---------------------------
-----------start-----------
[start_pgdemote_kswapd]:[5333717]
[start_pgdemote_direct]:[0]
[start_pgdemote_file]:[157577]
[start_pgdemote_anon]:[5176140]
[start_pgpromote_candidate]:[5481]
[start_pgpromote_candidate_demoted]:[5481]
[start_pgpromote_candidate_anon]:[5390]
[start_pgpromote_candidate_file]:[91]
[start_pgpromote_tried]:[0]
[start_pgpromote_file]:[0]
[start_pgpromote_anon]:[0]
[start_pgmigrate_success]:[7551189]
[start_pgmigrate_fail]:[32]
[start_pgmigrate_fail_dst_node_full]:[0]
[start_pgmigrate_fail_numa_isolate]:[0]
[start_pgmigrate_fail_nomem]:[0]
[start_pgmigrate_fail_refcount]:[350]
[start_success_nr]:[1023]
[start_retry_nr]:[351]
[start_retreated_page_nr]:[35]
[start_try_to_promote_nr]:[1058]
[start_task_num]:[0]
[start_write_protect_break_num]:[91]
[start_shadow_link_num]:[1015]
[start_shadow_demote_num]:[0]
[start_batch_free_num]:[0]
[start_transactional_migration_success_num]:[1016]
[start_transactional_migration_fail_num]:[300]
[start_shadow_page_pair]:[874]
[end_pgdemote_kswapd]:[6276990]
[end_pgdemote_direct]:[0]
[end_pgdemote_file]:[160620]
[end_pgdemote_anon]:[6116370]
[end_pgpromote_candidate]:[108301]
[end_pgpromote_candidate_demoted]:[103225]
[end_pgpromote_candidate_anon]:[108210]
[end_pgpromote_candidate_file]:[91]
[end_pgpromote_tried]:[0]
[end_pgpromote_file]:[0]
[end_pgpromote_anon]:[0]
[end_pgmigrate_success]:[9311323]
[end_pgmigrate_fail]:[33]
[end_pgmigrate_fail_dst_node_full]:[0]
[end_pgmigrate_fail_numa_isolate]:[0]
[end_pgmigrate_fail_nomem]:[1]
[end_pgmigrate_fail_refcount]:[370]
[end_success_nr]:[102314]
[end_retry_nr]:[574]
[end_retreated_page_nr]:[43]
[end_try_to_promote_nr]:[102357]
[end_task_num]:[0]
[end_write_protect_break_num]:[96364]
[end_shadow_link_num]:[102306]
[end_shadow_demote_num]:[0]
[end_batch_free_num]:[10]
[end_transactional_migration_success_num]:[102307]
[end_transactional_migration_fail_num]:[320]
[end_shadow_page_pair]:[5802]
[note]:[1]
[milliseconds]:[16823]
[total tick]:[43743798118]
[work type]:[0]
[Bandwidth(MB/s)]:[6965.909766]
---------------------------
-----------start-----------
[start_pgdemote_kswapd]:[6406530]
[start_pgdemote_direct]:[0]
[start_pgdemote_file]:[160624]
[start_pgdemote_anon]:[6245906]
[start_pgpromote_candidate]:[108302]
[start_pgpromote_candidate_demoted]:[103226]
[start_pgpromote_candidate_anon]:[108211]
[start_pgpromote_candidate_file]:[91]
[start_pgpromote_tried]:[0]
[start_pgpromote_file]:[0]
[start_pgpromote_anon]:[0]
[start_pgmigrate_success]:[9440863]
[start_pgmigrate_fail]:[33]
[start_pgmigrate_fail_dst_node_full]:[0]
[start_pgmigrate_fail_numa_isolate]:[0]
[start_pgmigrate_fail_nomem]:[1]
[start_pgmigrate_fail_refcount]:[370]
[start_success_nr]:[102318]
[start_retry_nr]:[574]
[start_retreated_page_nr]:[43]
[start_try_to_promote_nr]:[102361]
[start_task_num]:[0]
[start_write_protect_break_num]:[96368]
[start_shadow_link_num]:[102310]
[start_shadow_demote_num]:[0]
[start_batch_free_num]:[10]
[start_transactional_migration_success_num]:[102311]
[start_transactional_migration_fail_num]:[320]
[start_shadow_page_pair]:[5073]
[end_pgdemote_kswapd]:[8521480]
[end_pgdemote_direct]:[0]
[end_pgdemote_file]:[168274]
[end_pgdemote_anon]:[8353206]
[end_pgpromote_candidate]:[933822]
[end_pgpromote_candidate_demoted]:[207014]
[end_pgpromote_candidate_anon]:[933560]
[end_pgpromote_candidate_file]:[262]
[end_pgpromote_tried]:[0]
[end_pgpromote_file]:[0]
[end_pgpromote_anon]:[0]
[end_pgmigrate_success]:[16423041]
[end_pgmigrate_fail]:[132]
[end_pgmigrate_fail_dst_node_full]:[0]
[end_pgmigrate_fail_numa_isolate]:[0]
[end_pgmigrate_fail_nomem]:[68]
[end_pgmigrate_fail_refcount]:[1904]
[end_success_nr]:[924821]
[end_retry_nr]:[4875]
[end_retreated_page_nr]:[242]
[end_try_to_promote_nr]:[925064]
[end_task_num]:[0]
[end_write_protect_break_num]:[333610]
[end_shadow_link_num]:[924812]
[end_shadow_demote_num]:[24]
[end_batch_free_num]:[491668]
[end_transactional_migration_success_num]:[924814]
[end_transactional_migration_fail_num]:[1814]
[end_shadow_page_pair]:[98550]
[note]:[2]
[milliseconds]:[37553]
[total tick]:[97642976968]
[work type]:[0]
[Bandwidth(MB/s)]:[3120.589567]
---------------------------
-----------start-----------
[start_pgdemote_kswapd]:[8521694]
[start_pgdemote_direct]:[0]
[start_pgdemote_file]:[168274]
[start_pgdemote_anon]:[8353420]
[start_pgpromote_candidate]:[933858]
[start_pgpromote_candidate_demoted]:[207048]
[start_pgpromote_candidate_anon]:[933587]
[start_pgpromote_candidate_file]:[271]
[start_pgpromote_tried]:[0]
[start_pgpromote_file]:[0]
[start_pgpromote_anon]:[0]
[start_pgmigrate_success]:[16423255]
[start_pgmigrate_fail]:[132]
[start_pgmigrate_fail_dst_node_full]:[0]
[start_pgmigrate_fail_numa_isolate]:[0]
[start_pgmigrate_fail_nomem]:[68]
[start_pgmigrate_fail_refcount]:[1924]
[start_success_nr]:[924846]
[start_retry_nr]:[4895]
[start_retreated_page_nr]:[244]
[start_try_to_promote_nr]:[925091]
[start_task_num]:[0]
[start_write_protect_break_num]:[333614]
[start_shadow_link_num]:[924836]
[start_shadow_demote_num]:[24]
[start_batch_free_num]:[491668]
[start_transactional_migration_success_num]:[924838]
[start_transactional_migration_fail_num]:[1834]
[start_shadow_page_pair]:[98558]
[end_pgdemote_kswapd]:[9876802]
[end_pgdemote_direct]:[0]
[end_pgdemote_file]:[168330]
[end_pgdemote_anon]:[9708472]
[end_pgpromote_candidate]:[2044168]
[end_pgpromote_candidate_demoted]:[1116705]
[end_pgpromote_candidate_anon]:[2043895]
[end_pgpromote_candidate_file]:[273]
[end_pgpromote_tried]:[0]
[end_pgpromote_file]:[0]
[end_pgpromote_anon]:[0]
[end_pgmigrate_success]:[24544982]
[end_pgmigrate_fail]:[289]
[end_pgmigrate_fail_dst_node_full]:[0]
[end_pgmigrate_fail_numa_isolate]:[0]
[end_pgmigrate_fail_nomem]:[224]
[end_pgmigrate_fail_refcount]:[2163]
[end_success_nr]:[2034568]
[end_retry_nr]:[9275]
[end_retreated_page_nr]:[344]
[end_try_to_promote_nr]:[2034913]
[end_task_num]:[0]
[end_write_protect_break_num]:[538901]
[end_shadow_link_num]:[2034558]
[end_shadow_demote_num]:[24]
[end_batch_free_num]:[1403042]
[end_transactional_migration_success_num]:[2034561]
[end_transactional_migration_fail_num]:[2073]
[end_shadow_page_pair]:[91547]
[note]:[3]
[milliseconds]:[42566]
[total tick]:[110672761070]
[work type]:[0]
[Bandwidth(MB/s)]:[2753.077574]
---------------------------
-----------start-----------
[start_pgdemote_kswapd]:[9877436]
[start_pgdemote_direct]:[0]
[start_pgdemote_file]:[168330]
[start_pgdemote_anon]:[9709106]
[start_pgpromote_candidate]:[2044191]
[start_pgpromote_candidate_demoted]:[1116727]
[start_pgpromote_candidate_anon]:[2043918]
[start_pgpromote_candidate_file]:[273]
[start_pgpromote_tried]:[0]
[start_pgpromote_file]:[0]
[start_pgpromote_anon]:[0]
[start_pgmigrate_success]:[24545616]
[start_pgmigrate_fail]:[289]
[start_pgmigrate_fail_dst_node_full]:[0]
[start_pgmigrate_fail_numa_isolate]:[0]
[start_pgmigrate_fail_nomem]:[224]
[start_pgmigrate_fail_refcount]:[2193]
[start_success_nr]:[2034587]
[start_retry_nr]:[9306]
[start_retreated_page_nr]:[347]
[start_try_to_promote_nr]:[2034935]
[start_task_num]:[0]
[start_write_protect_break_num]:[538906]
[start_shadow_link_num]:[2034577]
[start_shadow_demote_num]:[24]
[start_batch_free_num]:[1403042]
[start_transactional_migration_success_num]:[2034581]
[start_transactional_migration_fail_num]:[2093]
[start_shadow_page_pair]:[91552]
[end_pgdemote_kswapd]:[11691654]
[end_pgdemote_direct]:[0]
[end_pgdemote_file]:[168540]
[end_pgdemote_anon]:[11523114]
[end_pgpromote_candidate]:[3545922]
[end_pgpromote_candidate_demoted]:[2556332]
[end_pgpromote_candidate_anon]:[3545560]
[end_pgpromote_candidate_file]:[362]
[end_pgpromote_tried]:[0]
[end_pgpromote_file]:[0]
[end_pgpromote_anon]:[0]
[end_pgmigrate_success]:[27122235]
[end_pgmigrate_fail]:[303]
[end_pgmigrate_fail_dst_node_full]:[0]
[end_pgmigrate_fail_numa_isolate]:[0]
[end_pgmigrate_fail_nomem]:[238]
[end_pgmigrate_fail_refcount]:[3304]
[end_success_nr]:[3534879]
[end_retry_nr]:[17732]
[end_retreated_page_nr]:[614]
[end_try_to_promote_nr]:[3535494]
[end_task_num]:[0]
[end_write_protect_break_num]:[755126]
[end_shadow_link_num]:[3534869]
[end_shadow_demote_num]:[24]
[end_batch_free_num]:[2666631]
[end_transactional_migration_success_num]:[3534873]
[end_transactional_migration_fail_num]:[3204]
[end_shadow_page_pair]:[111948]
[note]:[4]
[milliseconds]:[42694]
[total tick]:[111005447946]
[work type]:[0]
[Bandwidth(MB/s)]:[2744.823629]
---------------------------
